JUnit version 4.13.2
..............................................................................................................E.......................................................................................................................................
Time: 17.001
There was 1 failure:
1) test056(org.flywaydb.core.api.configuration.ClassicConfiguration_ESTest)
java.lang.AssertionError: Expecting exception: RuntimeException
	at org.junit.Assert.fail(Assert.java:89)
	at org.flywaydb.core.api.configuration.ClassicConfiguration_ESTest.test056(ClassicConfiguration_ESTest.java:731)

FAILURES!!!
Tests run: 245,  Failures: 1

