-------------------------------------------------------------------------------
Test set: oshi.hardware.platform.unix.freebsd.FreeBsdSensors_ESTest
-------------------------------------------------------------------------------
Tests run: 3, Failures: 0, Errors: 0, Skipped: 0, Time elapsed: 0.056 s -- in oshi.hardware.platform.unix.freebsd.FreeBsdSensors_ESTest
oshi.hardware.platform.unix.freebsd.FreeBsdSensors_ESTest.test2 -- Time elapsed: 0.016 s
oshi.hardware.platform.unix.freebsd.FreeBsdSensors_ESTest.test1 -- Time elapsed: 0.003 s
oshi.hardware.platform.unix.freebsd.FreeBsdSensors_ESTest.test0 -- Time elapsed: 0.003 s
