* EvoSuite 1.2.0
* Going to generate test cases for class: com.google.auto.service.processor.AutoServiceProcessor
* Starting Client-0
* Connecting to master process on port 14693
* Analyzing classpath: 
  - /home/wtwhite/code/craw-redhat-oss/wget/crawl/repo1.maven.org/maven2/com/google/auto/service/auto-service/1.0.1/auto-service-1.0.1.jar
  - t/dependency/asm-9.1.jar
  - t/dependency/auto-common-1.2.jar
  - t/dependency/auto-service-annotations-1.0.1.jar
  - t/dependency/auto-value-1.7.4.jar
  - t/dependency/auto-value-annotations-1.8.1.jar
  - t/dependency/checker-qual-3.12.0.jar
  - t/dependency/compile-testing-0.19.jar
  - t/dependency/error_prone_annotations-2.7.1.jar
  - t/dependency/failureaccess-1.0.1.jar
  - t/dependency/guava-31.0.1-jre.jar
  - t/dependency/hamcrest-core-1.3.jar
  - t/dependency/j2objc-annotations-1.3.jar
  - t/dependency/jsr305-3.0.2.jar
  - t/dependency/junit-4.13.2.jar
  - t/dependency/listenablefuture-9999.0-empty-to-avoid-conflict-with-guava.jar
  - t/dependency/tools-1.8.0_382.jar
  - t/dependency/truth-1.1.3.jar
* Finished analyzing classpath
* Generating tests for class com.google.auto.service.processor.AutoServiceProcessor
* Test criteria:
  - Line Coverage
  - Branch Coverage
  - Exception
  - Mutation testing (weak)
  - Method-Output Coverage
  - Top-Level Method Coverage
  - No-Exception Top-Level Method Coverage
  - Context Branch Coverage
* Total number of test goals for DYNAMOSA: 349
* Using seed 1731034078053
* Starting evolution
[Progress:>                             0%] [Cov:>                                  0%]* Initial Number of Goals in DynaMOSA = 105 / 349
[MASTER] 15:48:00.518 [logback-1] WARN  TestCluster - Failed to check cache for com.google.common.collect.ImmutableSortedSet<javax.lang.model.element.TypeElement> : Type points to itself
[MASTER] 15:48:00.877 [logback-1] WARN  TestCluster - Failed to check cache for com.google.common.collect.ImmutableSet<E> : Type points to itself
[MASTER] 15:48:00.880 [logback-1] WARN  TestCluster - Failed to check cache for java.lang.Comparable<T> : Type points to itself
[MASTER] 15:48:01.214 [logback-1] WARN  TestCluster - Failed to check cache for java.util.Collection<com.google.auto.common.SimpleAnnotationMirror> : Type points to itself
[MASTER] 15:48:02.243 [logback-1] WARN  TestCluster - Failed to check cache for java.util.Comparator<T> : Type points to itself
[Progress:>                             3%] [Cov:==============>                    41%][MASTER] 15:48:02.648 [logback-1] WARN  TestCluster - Failed to check cache for java.util.Set<javax.lang.model.element.TypeElement> : Type points to itself
[MASTER] 15:48:03.267 [logback-1] WARN  TestCluster - Failed to check cache for java.lang.Iterable<javax.lang.model.element.TypeElement> : Type points to itself
[MASTER] 15:48:03.630 [logback-1] WARN  TestCluster - Failed to check cache for java.util.Set<javax.lang.model.element.Element> : Type points to itself
[MASTER] 15:48:03.994 [logback-1] WARN  TestCluster - Failed to check cache for java.util.SortedSet<javax.lang.model.element.TypeElement> : Type points to itself
[Progress:=>                            5%] [Cov:===============>                   43%][Progress:=>                            6%] [Cov:===============>                   43%][MASTER] 15:48:05.477 [logback-1] WARN  TestCluster - Failed to check cache for java.util.Collection<javax.lang.model.element.TypeElement> : Type points to itself
[Progress:==>                           8%] [Cov:===============>                   44%][MASTER] 15:48:05.955 [logback-1] WARN  TestCluster - Failed to check cache for java.lang.Iterable<javax.annotation.processing.Completion> : Type points to itself
[Progress:===>                          10%] [Cov:===============>                   44%][MASTER] 15:48:06.475 [logback-1] WARN  TestCluster - Failed to check cache for com.google.common.collect.ImmutableSortedSet<javax.lang.model.element.AnnotationMirror> : Type points to itself
[MASTER] 15:48:06.495 [logback-1] WARN  TestCluster - Failed to check cache for java.util.Collection<javax.lang.model.element.AnnotationMirror> : Type points to itself
[MASTER] 15:48:06.532 [logback-1] WARN  TestChromosome - Functional mock problem: org.evosuite.ga.ConstructionFailedException: Max recursion depth reached
[Progress:===>                          10%] [Cov:===============>                   44%][Progress:===>                          11%] [Cov:===============>                   44%][MASTER] 15:48:07.984 [logback-1] WARN  TestCluster - Failed to check cache for com.google.common.collect.ImmutableSet<java.lang.Object> : Type points to itself
[Progress:===>                          13%] [Cov:===============>                   44%][MASTER] 15:48:08.571 [logback-1] WARN  TestCluster - Failed to check cache for java.lang.Iterable<javax.lang.model.element.AnnotationMirror> : Type points to itself
[MASTER] 15:48:08.988 [logback-1] WARN  TestCluster - Failed to check cache for com.google.common.collect.ImmutableSet<javax.lang.model.element.AnnotationMirror> : Type points to itself
[Progress:===>                          13%] [Cov:===============>                   44%][Progress:====>                         15%] [Cov:===============>                   44%][Progress:====>                         16%] [Cov:===============>                   44%][Progress:====>                         16%] [Cov:===============>                   44%][MASTER] 15:48:11.993 [logback-1] WARN  TestChromosome - Functional mock problem: org.evosuite.ga.ConstructionFailedException: Type points to itself
[Progress:=====>                        18%] [Cov:===============>                   44%][Progress:=======>                      25%] [Cov:===============>                   44%][Progress:=======>                      25%] [Cov:===============>                   44%][MASTER] 15:48:16.140 [logback-1] WARN  TestCluster - Failed to check cache for java.util.Iterator<E> : Type points to itself
[MASTER] 15:48:18.513 [logback-1] WARN  TestCluster - Failed to check cache for com.google.common.collect.ImmutableSet<javax.lang.model.element.TypeElement> : Type points to itself
[Progress:=========>                    30%] [Cov:===============>                   44%][Progress:=========>                    30%] [Cov:===============>                   44%][Progress:=========>                    31%] [Cov:===============>                   44%][Progress:=========>                    31%] [Cov:===============>                   44%][Progress:=========>                    33%] [Cov:===============>                   44%][Progress:==========>                   35%] [Cov:===============>                   44%][MASTER] 15:48:22.186 [logback-1] WARN  TestCluster - Failed to check cache for java.util.function.Predicate<java.lang.Object> : Type points to itself
[MASTER] 15:48:22.215 [logback-1] WARN  TestCluster - Failed to check cache for java.util.Enumeration<E> : Type points to itself
[Progress:==========>                   36%] [Cov:===============>                   44%][MASTER] 15:48:22.463 [logback-1] WARN  TestCluster - Failed to check cache for com.google.common.collect.DiscreteDomain<C> : Type points to itself
[Progress:==========>                   36%] [Cov:===============>                   44%][Progress:===========>                  38%] [Cov:===============>                   44%][Progress:===========>                  38%] [Cov:===============>                   44%][Progress:============>                 40%] [Cov:===============>                   44%][Progress:============>                 40%] [Cov:===============>                   44%][Progress:============>                 41%] [Cov:===============>                   44%][Progress:============>                 43%] [Cov:===============>                   44%][Progress:============>                 43%] [Cov:===============>                   44%][Progress:=============>                45%] [Cov:===============>                   44%][Progress:=============>                45%] [Cov:===============>                   44%][Progress:=============>                46%] [Cov:===============>                   44%][Progress:=============>                46%] [Cov:===============>                   44%][Progress:==============>               48%] [Cov:===============>                   44%][Progress:==============>               48%] [Cov:===============>                   44%][Progress:===============>              50%] [Cov:===============>                   44%][Progress:===============>              50%] [Cov:===============>                   44%][Progress:===============>              51%] [Cov:===============>                   44%][Progress:===============>              51%] [Cov:===============>                   44%][Progress:===============>              53%] [Cov:===============>                   44%][Progress:===============>              53%] [Cov:===============>                   44%][Progress:================>             55%] [Cov:===============>                   44%][Progress:================>             55%] [Cov:===============>                   44%][Progress:================>             56%] [Cov:===============>                   44%][Progress:================>             56%] [Cov:===============>                   44%][Progress:=================>            58%] [Cov:===============>                   44%][Progress:=================>            58%] [Cov:===============>                   44%][Progress:==================>           60%] [Cov:===============>                   44%][Progress:==================>           60%] [Cov:===============>                   44%][Progress:==================>           60%] [Cov:===============>                   44%][Progress:==================>           61%] [Cov:===============>                   44%][Progress:==================>           63%] [Cov:===============>                   44%][Progress:==================>           63%] [Cov:===============>                   44%][Progress:===================>          65%] [Cov:===============>                   45%][Progress:===================>          65%] [Cov:===============>                   45%][Progress:===================>          65%] [Cov:===============>                   45%][Progress:===================>          66%] [Cov:===============>                   45%][Progress:===================>          66%] [Cov:===============>                   45%][Progress:====================>         68%] [Cov:===============>                   45%][Progress:====================>         68%] [Cov:===============>                   45%][Progress:=====================>        70%] [Cov:===============>                   45%][Progress:=====================>        70%] [Cov:===============>                   45%][MASTER] 15:48:43.308 [logback-1] WARN  TestCluster - Failed to check cache for java.util.Collection<java.lang.Object> : Type points to itself
[Progress:=====================>        71%] [Cov:===============>                   45%][Progress:=====================>        71%] [Cov:===============>                   45%][MASTER] 15:48:45.223 [logback-1] WARN  TestCluster - Failed to check cache for java.util.Collection<javax.lang.model.element.AnnotationValue> : Type points to itself
[Progress:=====================>        73%] [Cov:===============>                   45%][Progress:======================>       75%] [Cov:===============>                   45%][Progress:======================>       76%] [Cov:===============>                   45%][Progress:======================>       76%] [Cov:===============>                   45%][Progress:=======================>      78%] [Cov:===============>                   45%][Progress:=======================>      78%] [Cov:===============>                   45%][Progress:=======================>      78%] [Cov:===============>                   45%][Progress:========================>     80%] [Cov:===============>                   45%][Progress:========================>     80%] [Cov:===============>                   45%][Progress:========================>     81%] [Cov:===============>                   45%][Progress:========================>     81%] [Cov:===============>                   45%][Progress:========================>     83%] [Cov:===============>                   45%][Progress:=========================>    85%] [Cov:===============>                   45%][Progress:=========================>    85%] [Cov:===============>                   45%][Progress:=========================>    85%] [Cov:===============>                   45%][Progress:=========================>    86%] [Cov:===============>                   45%][Progress:=========================>    86%] [Cov:===============>                   45%][Progress:==========================>   88%] [Cov:===============>                   45%][Progress:==========================>   88%] [Cov:===============>                   45%][MASTER] 15:48:54.711 [logback-1] WARN  TestCluster - Failed to check cache for java.util.Collection<com.google.common.collect.ImmutableSet<java.lang.String>> : Type points to itself
[Progress:===========================>  90%] [Cov:===============>                   45%][Progress:===========================>  90%] [Cov:===============>                   45%][Progress:===========================>  91%] [Cov:===============>                   45%][MASTER] 15:48:56.011 [logback-1] WARN  TestCluster - Failed to check cache for com.google.common.collect.ImmutableSortedSet<com.google.common.collect.ImmutableSet<java.util.Locale$FilteringMode>> : Type points to itself
[Progress:===========================>  91%] [Cov:===============>                   45%][Progress:===========================>  93%] [Cov:===============>                   45%][Progress:===========================>  93%] [Cov:===============>                   45%][Progress:============================> 95%] [Cov:===============>                   45%][MASTER] 15:48:57.611 [logback-1] WARN  TestCluster - Failed to check cache for java.util.function.Predicate<javax.lang.model.element.TypeElement> : Type points to itself
[Progress:============================> 95%] [Cov:===============>                   45%][Progress:============================> 96%] [Cov:===============>                   45%][Progress:============================> 96%] [Cov:===============>                   45%][Progress:=============================>98%] [Cov:===============>                   45%][Progress:==============================100%] [Cov:===============>                   45%][Progress:==============================100%] [Cov:===============>                   45%][Progress:==============================100%] [Cov:===============>                   45%]
* Search finished after 61s and 97 generations, 68073 statements, best individual has fitness: 258.0
* Minimizing test suite
* Going to analyze the coverage criteria
* Coverage analysis for criterion LINE
* Coverage of criterion LINE: 29%
* Total number of goals: 112
* Number of covered goals: 32
* Coverage analysis for criterion BRANCH
* Coverage of criterion BRANCH: 24%
* Total number of goals: 63
* Number of covered goals: 15
* Coverage analysis for criterion EXCEPTION
* Coverage of criterion EXCEPTION: 100%
* Total number of goals: 1
* Number of covered goals: 1
* Coverage analysis for criterion WEAKMUTATION
* Coverage of criterion WEAKMUTATION: 20%
* Total number of goals: 89
* Number of covered goals: 18
* Coverage analysis for criterion OUTPUT
* Coverage of criterion OUTPUT: 17%
* Total number of goals: 12
* Number of covered goals: 2
* Coverage analysis for criterion METHOD
* Coverage of criterion METHOD: 100%
* Total number of goals: 5
* Number of covered goals: 5
* Coverage analysis for criterion METHODNOEXCEPTION
* Coverage of criterion METHODNOEXCEPTION: 100%
* Total number of goals: 5
* Number of covered goals: 5
* Coverage analysis for criterion CBRANCH
* Coverage of criterion CBRANCH: 24%
* Total number of goals: 63
* Number of covered goals: 15
* Generated 4 tests with total length 62
* Resulting test suite's coverage: 45% (average coverage for all fitness functions)
* Generating assertions
* Resulting test suite's mutation score: 1%
* Compiling and checking tests
* Writing tests to file
* Writing JUnit test case 'AutoServiceProcessor_ESTest' to evosuite-tests
* Done!

* Computation finished
