# JRE version: OpenJDK Runtime Environment (8.0_382-b05) (build 1.8.0_382-8u382-ga-1~22.04.1-b05)
# Java VM: OpenJDK 64-Bit Server VM (25.382-b05 mixed mode linux-amd64 compressed oops)
Heap:
 PSYoungGen      total 316928K, used 21105K [0x00000006c0c00000, 0x00000006d6480000, 0x00000007c0000000)
  eden space 288256K, 3% used [0x00000006c0c00000,0x00000006c16709e8,0x00000006d2580000)
  from space 28672K, 36% used [0x00000006d4880000,0x00000006d52abae8,0x00000006d6480000)
  to   space 32256K, 0% used [0x00000006d2580000,0x00000006d2580000,0x00000006d4500000)
 ParOldGen       total 299008K, used 9023K [0x00000004c2400000, 0x00000004d4800000, 0x00000006c0c00000)
  object space 299008K, 3% used [0x00000004c2400000,0x00000004c2ccfe68,0x00000004d4800000)
 Metaspace       used 28667K, capacity 29140K, committed 29440K, reserved 1075200K
  class space    used 3419K, capacity 3565K, committed 3584K, reserved 1048576K
GC Heap History (10 events):
Event: 1.382 GC heap before
{Heap before GC invocations=1 (full 0):
 PSYoungGen      total 228864K, used 196608K [0x00000006c0c00000, 0x00000006d0b00000, 0x00000007c0000000)
  eden space 196608K, 100% used [0x00000006c0c00000,0x00000006ccc00000,0x00000006ccc00000)
  from space 32256K, 0% used [0x00000006ceb80000,0x00000006ceb80000,0x00000006d0b00000)
  to   space 32256K, 0% used [0x00000006ccc00000,0x00000006ccc00000,0x00000006ceb80000)
 ParOldGen       total 523264K, used 0K [0x00000004c2400000, 0x00000004e2300000, 0x00000006c0c00000)
  object space 523264K, 0% used [0x00000004c2400000,0x00000004c2400000,0x00000004e2300000)
 Metaspace       used 18137K, capacity 18526K, committed 18816K, reserved 1067008K
  class space    used 1966K, capacity 2085K, committed 2176K, reserved 1048576K
Event: 1.391 GC heap after
Heap after GC invocations=1 (full 0):
 PSYoungGen      total 228864K, used 12008K [0x00000006c0c00000, 0x00000006d0b00000, 0x00000007c0000000)
  eden space 196608K, 0% used [0x00000006c0c00000,0x00000006c0c00000,0x00000006ccc00000)
  from space 32256K, 37% used [0x00000006ccc00000,0x00000006cd7ba3f8,0x00000006ceb80000)
  to   space 32256K, 0% used [0x00000006ceb80000,0x00000006ceb80000,0x00000006d0b00000)
 ParOldGen       total 523264K, used 24K [0x00000004c2400000, 0x00000004e2300000, 0x00000006c0c00000)
  object space 523264K, 0% used [0x00000004c2400000,0x00000004c2406000,0x00000004e2300000)
 Metaspace       used 18137K, capacity 18526K, committed 18816K, reserved 1067008K
  class space    used 1966K, capacity 2085K, committed 2176K, reserved 1048576K
}
Event: 1.585 GC heap before
{Heap before GC invocations=2 (full 0):
 PSYoungGen      total 228864K, used 74676K [0x00000006c0c00000, 0x00000006d0b00000, 0x00000007c0000000)
  eden space 196608K, 31% used [0x00000006c0c00000,0x00000006c4932fd8,0x00000006ccc00000)
  from space 32256K, 37% used [0x00000006ccc00000,0x00000006cd7ba3f8,0x00000006ceb80000)
  to   space 32256K, 0% used [0x00000006ceb80000,0x00000006ceb80000,0x00000006d0b00000)
 ParOldGen       total 523264K, used 24K [0x00000004c2400000, 0x00000004e2300000, 0x00000006c0c00000)
  object space 523264K, 0% used [0x00000004c2400000,0x00000004c2406000,0x00000004e2300000)
 Metaspace       used 20793K, capacity 21168K, committed 21248K, reserved 1069056K
  class space    used 2430K, capacity 2537K, committed 2560K, reserved 1048576K
Event: 1.592 GC heap after
Heap after GC invocations=2 (full 0):
 PSYoungGen      total 228864K, used 9265K [0x00000006c0c00000, 0x00000006dcb00000, 0x00000007c0000000)
  eden space 196608K, 0% used [0x00000006c0c00000,0x00000006c0c00000,0x00000006ccc00000)
  from space 32256K, 28% used [0x00000006ceb80000,0x00000006cf48c7d8,0x00000006d0b00000)
  to   space 32256K, 0% used [0x00000006ccc00000,0x00000006ccc00000,0x00000006ceb80000)
 ParOldGen       total 523264K, used 32K [0x00000004c2400000, 0x00000004e2300000, 0x00000006c0c00000)
  object space 523264K, 0% used [0x00000004c2400000,0x00000004c2408000,0x00000004e2300000)
 Metaspace       used 20793K, capacity 21168K, committed 21248K, reserved 1069056K
  class space    used 2430K, capacity 2537K, committed 2560K, reserved 1048576K
}
Event: 1.592 GC heap before
{Heap before GC invocations=3 (full 1):
 PSYoungGen      total 228864K, used 9265K [0x00000006c0c00000, 0x00000006dcb00000, 0x00000007c0000000)
  eden space 196608K, 0% used [0x00000006c0c00000,0x00000006c0c00000,0x00000006ccc00000)
  from space 32256K, 28% used [0x00000006ceb80000,0x00000006cf48c7d8,0x00000006d0b00000)
  to   space 32256K, 0% used [0x00000006ccc00000,0x00000006ccc00000,0x00000006ceb80000)
 ParOldGen       total 523264K, used 32K [0x00000004c2400000, 0x00000004e2300000, 0x00000006c0c00000)
  object space 523264K, 0% used [0x00000004c2400000,0x00000004c2408000,0x00000004e2300000)
 Metaspace       used 20793K, capacity 21168K, committed 21248K, reserved 1069056K
  class space    used 2430K, capacity 2537K, committed 2560K, reserved 1048576K
Event: 1.623 GC heap after
Heap after GC invocations=3 (full 1):
 PSYoungGen      total 228864K, used 0K [0x00000006c0c00000, 0x00000006dcb00000, 0x00000007c0000000)
  eden space 196608K, 0% used [0x00000006c0c00000,0x00000006c0c00000,0x00000006ccc00000)
  from space 32256K, 0% used [0x00000006ceb80000,0x00000006ceb80000,0x00000006d0b00000)
  to   space 32256K, 0% used [0x00000006ccc00000,0x00000006ccc00000,0x00000006ceb80000)
 ParOldGen       total 299008K, used 9015K [0x00000004c2400000, 0x00000004d4800000, 0x00000006c0c00000)
  object space 299008K, 3% used [0x00000004c2400000,0x00000004c2ccde68,0x00000004d4800000)
 Metaspace       used 20793K, capacity 21168K, committed 21248K, reserved 1069056K
  class space    used 2430K, capacity 2537K, committed 2560K, reserved 1048576K
}
Event: 2.345 GC heap before
{Heap before GC invocations=4 (full 1):
 PSYoungGen      total 228864K, used 196608K [0x00000006c0c00000, 0x00000006dcb00000, 0x00000007c0000000)
  eden space 196608K, 100% used [0x00000006c0c00000,0x00000006ccc00000,0x00000006ccc00000)
  from space 32256K, 0% used [0x00000006ceb80000,0x00000006ceb80000,0x00000006d0b00000)
  to   space 32256K, 0% used [0x00000006ccc00000,0x00000006ccc00000,0x00000006ceb80000)
 ParOldGen       total 299008K, used 9015K [0x00000004c2400000, 0x00000004d4800000, 0x00000006c0c00000)
  object space 299008K, 3% used [0x00000004c2400000,0x00000004c2ccde68,0x00000004d4800000)
 Metaspace       used 26401K, capacity 26836K, committed 27136K, reserved 1073152K
  class space    used 3210K, capacity 3309K, committed 3328K, reserved 1048576K
Event: 2.354 GC heap after
Heap after GC invocations=4 (full 1):
 PSYoungGen      total 228864K, used 11787K [0x00000006c0c00000, 0x00000006d6800000, 0x00000007c0000000)
  eden space 196608K, 0% used [0x00000006c0c00000,0x00000006c0c00000,0x00000006ccc00000)
  from space 32256K, 36% used [0x00000006ccc00000,0x00000006cd782c00,0x00000006ceb80000)
  to   space 32256K, 0% used [0x00000006d4880000,0x00000006d4880000,0x00000006d6800000)
 ParOldGen       total 299008K, used 9015K [0x00000004c2400000, 0x00000004d4800000, 0x00000006c0c00000)
  object space 299008K, 3% used [0x00000004c2400000,0x00000004c2ccde68,0x00000004d4800000)
 Metaspace       used 26401K, capacity 26836K, committed 27136K, reserved 1073152K
  class space    used 3210K, capacity 3309K, committed 3328K, reserved 1048576K
}
Event: 2.840 GC heap before
{Heap before GC invocations=5 (full 1):
 PSYoungGen      total 228864K, used 208395K [0x00000006c0c00000, 0x00000006d6800000, 0x00000007c0000000)
  eden space 196608K, 100% used [0x00000006c0c00000,0x00000006ccc00000,0x00000006ccc00000)
  from space 32256K, 36% used [0x00000006ccc00000,0x00000006cd782c00,0x00000006ceb80000)
  to   space 32256K, 0% used [0x00000006d4880000,0x00000006d4880000,0x00000006d6800000)
 ParOldGen       total 299008K, used 9015K [0x00000004c2400000, 0x00000004d4800000, 0x00000006c0c00000)
  object space 299008K, 3% used [0x00000004c2400000,0x00000004c2ccde68,0x00000004d4800000)
 Metaspace       used 28664K, capacity 29140K, committed 29440K, reserved 1075200K
  class space    used 3419K, capacity 3565K, committed 3584K, reserved 1048576K
Event: 2.846 GC heap after
Heap after GC invocations=5 (full 1):
 PSYoungGen      total 316928K, used 10414K [0x00000006c0c00000, 0x00000006d6480000, 0x00000007c0000000)
  eden space 288256K, 0% used [0x00000006c0c00000,0x00000006c0c00000,0x00000006d2580000)
  from space 28672K, 36% used [0x00000006d4880000,0x00000006d52abae8,0x00000006d6480000)
  to   space 32256K, 0% used [0x00000006d2580000,0x00000006d2580000,0x00000006d4500000)
 ParOldGen       total 299008K, used 9023K [0x00000004c2400000, 0x00000004d4800000, 0x00000006c0c00000)
  object space 299008K, 3% used [0x00000004c2400000,0x00000004c2ccfe68,0x00000004d4800000)
 Metaspace       used 28664K, capacity 29140K, committed 29440K, reserved 1075200K
  class space    used 3419K, capacity 3565K, committed 3584K, reserved 1048576K
}

