# JRE version: OpenJDK Runtime Environment (8.0_382-b05) (build 1.8.0_382-8u382-ga-1~22.04.1-b05)
# Java VM: OpenJDK 64-Bit Server VM (25.382-b05 mixed mode linux-amd64 compressed oops)
Heap:
 PSYoungGen      total 334848K, used 21329K [0x00000006c0c00000, 0x00000006d7680000, 0x00000007c0000000)
  eden space 302592K, 3% used [0x00000006c0c00000,0x00000006c16d2668,0x00000006d3380000)
  from space 32256K, 31% used [0x00000006d5300000,0x00000006d5d020c8,0x00000006d7280000)
  to   space 32256K, 0% used [0x00000006d3380000,0x00000006d3380000,0x00000006d5300000)
 ParOldGen       total 287232K, used 9059K [0x00000004c2400000, 0x00000004d3c80000, 0x00000006c0c00000)
  object space 287232K, 3% used [0x00000004c2400000,0x00000004c2cd8f20,0x00000004d3c80000)
 Metaspace       used 28635K, capacity 29044K, committed 29184K, reserved 1075200K
  class space    used 3415K, capacity 3533K, committed 3584K, reserved 1048576K
GC Heap History (10 events):
Event: 1.484 GC heap before
{Heap before GC invocations=1 (full 0):
 PSYoungGen      total 228864K, used 196608K [0x00000006c0c00000, 0x00000006d0b00000, 0x00000007c0000000)
  eden space 196608K, 100% used [0x00000006c0c00000,0x00000006ccc00000,0x00000006ccc00000)
  from space 32256K, 0% used [0x00000006ceb80000,0x00000006ceb80000,0x00000006d0b00000)
  to   space 32256K, 0% used [0x00000006ccc00000,0x00000006ccc00000,0x00000006ceb80000)
 ParOldGen       total 523264K, used 0K [0x00000004c2400000, 0x00000004e2300000, 0x00000006c0c00000)
  object space 523264K, 0% used [0x00000004c2400000,0x00000004c2400000,0x00000004e2300000)
 Metaspace       used 18139K, capacity 18590K, committed 18816K, reserved 1067008K
  class space    used 1963K, capacity 2085K, committed 2176K, reserved 1048576K
Event: 1.492 GC heap after
Heap after GC invocations=1 (full 0):
 PSYoungGen      total 228864K, used 11998K [0x00000006c0c00000, 0x00000006d0b00000, 0x00000007c0000000)
  eden space 196608K, 0% used [0x00000006c0c00000,0x00000006c0c00000,0x00000006ccc00000)
  from space 32256K, 37% used [0x00000006ccc00000,0x00000006cd7b7ae8,0x00000006ceb80000)
  to   space 32256K, 0% used [0x00000006ceb80000,0x00000006ceb80000,0x00000006d0b00000)
 ParOldGen       total 523264K, used 24K [0x00000004c2400000, 0x00000004e2300000, 0x00000006c0c00000)
  object space 523264K, 0% used [0x00000004c2400000,0x00000004c2406000,0x00000004e2300000)
 Metaspace       used 18139K, capacity 18590K, committed 18816K, reserved 1067008K
  class space    used 1963K, capacity 2085K, committed 2176K, reserved 1048576K
}
Event: 1.688 GC heap before
{Heap before GC invocations=2 (full 0):
 PSYoungGen      total 228864K, used 70224K [0x00000006c0c00000, 0x00000006d0b00000, 0x00000007c0000000)
  eden space 196608K, 29% used [0x00000006c0c00000,0x00000006c44dc8e8,0x00000006ccc00000)
  from space 32256K, 37% used [0x00000006ccc00000,0x00000006cd7b7ae8,0x00000006ceb80000)
  to   space 32256K, 0% used [0x00000006ceb80000,0x00000006ceb80000,0x00000006d0b00000)
 ParOldGen       total 523264K, used 24K [0x00000004c2400000, 0x00000004e2300000, 0x00000006c0c00000)
  object space 523264K, 0% used [0x00000004c2400000,0x00000004c2406000,0x00000004e2300000)
 Metaspace       used 20791K, capacity 21168K, committed 21248K, reserved 1069056K
  class space    used 2422K, capacity 2537K, committed 2560K, reserved 1048576K
Event: 1.695 GC heap after
Heap after GC invocations=2 (full 0):
 PSYoungGen      total 228864K, used 9215K [0x00000006c0c00000, 0x00000006dcb00000, 0x00000007c0000000)
  eden space 196608K, 0% used [0x00000006c0c00000,0x00000006c0c00000,0x00000006ccc00000)
  from space 32256K, 28% used [0x00000006ceb80000,0x00000006cf47fec8,0x00000006d0b00000)
  to   space 32256K, 0% used [0x00000006ccc00000,0x00000006ccc00000,0x00000006ceb80000)
 ParOldGen       total 523264K, used 32K [0x00000004c2400000, 0x00000004e2300000, 0x00000006c0c00000)
  object space 523264K, 0% used [0x00000004c2400000,0x00000004c2408000,0x00000004e2300000)
 Metaspace       used 20791K, capacity 21168K, committed 21248K, reserved 1069056K
  class space    used 2422K, capacity 2537K, committed 2560K, reserved 1048576K
}
Event: 1.695 GC heap before
{Heap before GC invocations=3 (full 1):
 PSYoungGen      total 228864K, used 9215K [0x00000006c0c00000, 0x00000006dcb00000, 0x00000007c0000000)
  eden space 196608K, 0% used [0x00000006c0c00000,0x00000006c0c00000,0x00000006ccc00000)
  from space 32256K, 28% used [0x00000006ceb80000,0x00000006cf47fec8,0x00000006d0b00000)
  to   space 32256K, 0% used [0x00000006ccc00000,0x00000006ccc00000,0x00000006ceb80000)
 ParOldGen       total 523264K, used 32K [0x00000004c2400000, 0x00000004e2300000, 0x00000006c0c00000)
  object space 523264K, 0% used [0x00000004c2400000,0x00000004c2408000,0x00000004e2300000)
 Metaspace       used 20791K, capacity 21168K, committed 21248K, reserved 1069056K
  class space    used 2422K, capacity 2537K, committed 2560K, reserved 1048576K
Event: 1.719 GC heap after
Heap after GC invocations=3 (full 1):
 PSYoungGen      total 228864K, used 0K [0x00000006c0c00000, 0x00000006dcb00000, 0x00000007c0000000)
  eden space 196608K, 0% used [0x00000006c0c00000,0x00000006c0c00000,0x00000006ccc00000)
  from space 32256K, 0% used [0x00000006ceb80000,0x00000006ceb80000,0x00000006d0b00000)
  to   space 32256K, 0% used [0x00000006ccc00000,0x00000006ccc00000,0x00000006ceb80000)
 ParOldGen       total 287232K, used 9043K [0x00000004c2400000, 0x00000004d3c80000, 0x00000006c0c00000)
  object space 287232K, 3% used [0x00000004c2400000,0x00000004c2cd4f20,0x00000004d3c80000)
 Metaspace       used 20791K, capacity 21168K, committed 21248K, reserved 1069056K
  class space    used 2422K, capacity 2537K, committed 2560K, reserved 1048576K
}
Event: 2.358 GC heap before
{Heap before GC invocations=4 (full 1):
 PSYoungGen      total 228864K, used 196608K [0x00000006c0c00000, 0x00000006dcb00000, 0x00000007c0000000)
  eden space 196608K, 100% used [0x00000006c0c00000,0x00000006ccc00000,0x00000006ccc00000)
  from space 32256K, 0% used [0x00000006ceb80000,0x00000006ceb80000,0x00000006d0b00000)
  to   space 32256K, 0% used [0x00000006ccc00000,0x00000006ccc00000,0x00000006ceb80000)
 ParOldGen       total 287232K, used 9043K [0x00000004c2400000, 0x00000004d3c80000, 0x00000006c0c00000)
  object space 287232K, 3% used [0x00000004c2400000,0x00000004c2cd4f20,0x00000004d3c80000)
 Metaspace       used 26433K, capacity 26836K, committed 27136K, reserved 1073152K
  class space    used 3211K, capacity 3309K, committed 3328K, reserved 1048576K
Event: 2.364 GC heap after
Heap after GC invocations=4 (full 1):
 PSYoungGen      total 228864K, used 11840K [0x00000006c0c00000, 0x00000006d7280000, 0x00000007c0000000)
  eden space 196608K, 0% used [0x00000006c0c00000,0x00000006c0c00000,0x00000006ccc00000)
  from space 32256K, 36% used [0x00000006ccc00000,0x00000006cd790368,0x00000006ceb80000)
  to   space 32256K, 0% used [0x00000006d5300000,0x00000006d5300000,0x00000006d7280000)
 ParOldGen       total 287232K, used 9051K [0x00000004c2400000, 0x00000004d3c80000, 0x00000006c0c00000)
  object space 287232K, 3% used [0x00000004c2400000,0x00000004c2cd6f20,0x00000004d3c80000)
 Metaspace       used 26433K, capacity 26836K, committed 27136K, reserved 1073152K
  class space    used 3211K, capacity 3309K, committed 3328K, reserved 1048576K
}
Event: 2.824 GC heap before
{Heap before GC invocations=5 (full 1):
 PSYoungGen      total 228864K, used 208448K [0x00000006c0c00000, 0x00000006d7280000, 0x00000007c0000000)
  eden space 196608K, 100% used [0x00000006c0c00000,0x00000006ccc00000,0x00000006ccc00000)
  from space 32256K, 36% used [0x00000006ccc00000,0x00000006cd790368,0x00000006ceb80000)
  to   space 32256K, 0% used [0x00000006d5300000,0x00000006d5300000,0x00000006d7280000)
 ParOldGen       total 287232K, used 9051K [0x00000004c2400000, 0x00000004d3c80000, 0x00000006c0c00000)
  object space 287232K, 3% used [0x00000004c2400000,0x00000004c2cd6f20,0x00000004d3c80000)
 Metaspace       used 28632K, capacity 29044K, committed 29184K, reserved 1075200K
  class space    used 3415K, capacity 3533K, committed 3584K, reserved 1048576K
Event: 2.834 GC heap after
Heap after GC invocations=5 (full 1):
 PSYoungGen      total 334848K, used 10248K [0x00000006c0c00000, 0x00000006d7680000, 0x00000007c0000000)
  eden space 302592K, 0% used [0x00000006c0c00000,0x00000006c0c00000,0x00000006d3380000)
  from space 32256K, 31% used [0x00000006d5300000,0x00000006d5d020c8,0x00000006d7280000)
  to   space 32256K, 0% used [0x00000006d3380000,0x00000006d3380000,0x00000006d5300000)
 ParOldGen       total 287232K, used 9059K [0x00000004c2400000, 0x00000004d3c80000, 0x00000006c0c00000)
  object space 287232K, 3% used [0x00000004c2400000,0x00000004c2cd8f20,0x00000004d3c80000)
 Metaspace       used 28632K, capacity 29044K, committed 29184K, reserved 1075200K
  class space    used 3415K, capacity 3533K, committed 3584K, reserved 1048576K
}

