# JRE version: OpenJDK Runtime Environment (8.0_382-b05) (build 1.8.0_382-8u382-ga-1~22.04.1-b05)
# Java VM: OpenJDK 64-Bit Server VM (25.382-b05 mixed mode linux-amd64 compressed oops)
Heap:
 PSYoungGen      total 355328K, used 23524K [0x00000006c0c00000, 0x00000006d8d80000, 0x00000007c0000000)
  eden space 330240K, 3% used [0x00000006c0c00000,0x00000006c18e4b28,0x00000006d4e80000)
  from space 25088K, 41% used [0x00000006d7500000,0x00000006d7f14780,0x00000006d8d80000)
  to   space 32256K, 0% used [0x00000006d4e80000,0x00000006d4e80000,0x00000006d6e00000)
 ParOldGen       total 249344K, used 7719K [0x00000004c2400000, 0x00000004d1780000, 0x00000006c0c00000)
  object space 249344K, 3% used [0x00000004c2400000,0x00000004c2b89ca8,0x00000004d1780000)
 Metaspace       used 29048K, capacity 29436K, committed 29824K, reserved 1075200K
  class space    used 3494K, capacity 3601K, committed 3712K, reserved 1048576K
GC Heap History (10 events):
Event: 2.739 GC heap before
{Heap before GC invocations=1 (full 0):
 PSYoungGen      total 228864K, used 196608K [0x00000006c0c00000, 0x00000006d0b00000, 0x00000007c0000000)
  eden space 196608K, 100% used [0x00000006c0c00000,0x00000006ccc00000,0x00000006ccc00000)
  from space 32256K, 0% used [0x00000006ceb80000,0x00000006ceb80000,0x00000006d0b00000)
  to   space 32256K, 0% used [0x00000006ccc00000,0x00000006ccc00000,0x00000006ceb80000)
 ParOldGen       total 523264K, used 0K [0x00000004c2400000, 0x00000004e2300000, 0x00000006c0c00000)
  object space 523264K, 0% used [0x00000004c2400000,0x00000004c2400000,0x00000004e2300000)
 Metaspace       used 19506K, capacity 19916K, committed 20224K, reserved 1067008K
  class space    used 2144K, capacity 2251K, committed 2304K, reserved 1048576K
Event: 2.761 GC heap after
Heap after GC invocations=1 (full 0):
 PSYoungGen      total 228864K, used 14262K [0x00000006c0c00000, 0x00000006d0b00000, 0x00000007c0000000)
  eden space 196608K, 0% used [0x00000006c0c00000,0x00000006c0c00000,0x00000006ccc00000)
  from space 32256K, 44% used [0x00000006ccc00000,0x00000006cd9edb40,0x00000006ceb80000)
  to   space 32256K, 0% used [0x00000006ceb80000,0x00000006ceb80000,0x00000006d0b00000)
 ParOldGen       total 523264K, used 24K [0x00000004c2400000, 0x00000004e2300000, 0x00000006c0c00000)
  object space 523264K, 0% used [0x00000004c2400000,0x00000004c2406000,0x00000004e2300000)
 Metaspace       used 19506K, capacity 19916K, committed 20224K, reserved 1067008K
  class space    used 2144K, capacity 2251K, committed 2304K, reserved 1048576K
}
Event: 2.925 GC heap before
{Heap before GC invocations=2 (full 0):
 PSYoungGen      total 228864K, used 44538K [0x00000006c0c00000, 0x00000006d0b00000, 0x00000007c0000000)
  eden space 196608K, 15% used [0x00000006c0c00000,0x00000006c2990fd0,0x00000006ccc00000)
  from space 32256K, 44% used [0x00000006ccc00000,0x00000006cd9edb40,0x00000006ceb80000)
  to   space 32256K, 0% used [0x00000006ceb80000,0x00000006ceb80000,0x00000006d0b00000)
 ParOldGen       total 523264K, used 24K [0x00000004c2400000, 0x00000004e2300000, 0x00000006c0c00000)
  object space 523264K, 0% used [0x00000004c2400000,0x00000004c2406000,0x00000004e2300000)
 Metaspace       used 20650K, capacity 21068K, committed 21248K, reserved 1069056K
  class space    used 2334K, capacity 2443K, committed 2560K, reserved 1048576K
Event: 2.943 GC heap after
Heap after GC invocations=2 (full 0):
 PSYoungGen      total 228864K, used 7873K [0x00000006c0c00000, 0x00000006dcb00000, 0x00000007c0000000)
  eden space 196608K, 0% used [0x00000006c0c00000,0x00000006c0c00000,0x00000006ccc00000)
  from space 32256K, 24% used [0x00000006ceb80000,0x00000006cf330538,0x00000006d0b00000)
  to   space 32256K, 0% used [0x00000006ccc00000,0x00000006ccc00000,0x00000006ceb80000)
 ParOldGen       total 523264K, used 32K [0x00000004c2400000, 0x00000004e2300000, 0x00000006c0c00000)
  object space 523264K, 0% used [0x00000004c2400000,0x00000004c2408000,0x00000004e2300000)
 Metaspace       used 20650K, capacity 21068K, committed 21248K, reserved 1069056K
  class space    used 2334K, capacity 2443K, committed 2560K, reserved 1048576K
}
Event: 2.943 GC heap before
{Heap before GC invocations=3 (full 1):
 PSYoungGen      total 228864K, used 7873K [0x00000006c0c00000, 0x00000006dcb00000, 0x00000007c0000000)
  eden space 196608K, 0% used [0x00000006c0c00000,0x00000006c0c00000,0x00000006ccc00000)
  from space 32256K, 24% used [0x00000006ceb80000,0x00000006cf330538,0x00000006d0b00000)
  to   space 32256K, 0% used [0x00000006ccc00000,0x00000006ccc00000,0x00000006ceb80000)
 ParOldGen       total 523264K, used 32K [0x00000004c2400000, 0x00000004e2300000, 0x00000006c0c00000)
  object space 523264K, 0% used [0x00000004c2400000,0x00000004c2408000,0x00000004e2300000)
 Metaspace       used 20650K, capacity 21068K, committed 21248K, reserved 1069056K
  class space    used 2334K, capacity 2443K, committed 2560K, reserved 1048576K
Event: 2.987 GC heap after
Heap after GC invocations=3 (full 1):
 PSYoungGen      total 228864K, used 0K [0x00000006c0c00000, 0x00000006dcb00000, 0x00000007c0000000)
  eden space 196608K, 0% used [0x00000006c0c00000,0x00000006c0c00000,0x00000006ccc00000)
  from space 32256K, 0% used [0x00000006ceb80000,0x00000006ceb80000,0x00000006d0b00000)
  to   space 32256K, 0% used [0x00000006ccc00000,0x00000006ccc00000,0x00000006ceb80000)
 ParOldGen       total 249344K, used 7703K [0x00000004c2400000, 0x00000004d1780000, 0x00000006c0c00000)
  object space 249344K, 3% used [0x00000004c2400000,0x00000004c2b85ca8,0x00000004d1780000)
 Metaspace       used 20650K, capacity 21068K, committed 21248K, reserved 1069056K
  class space    used 2334K, capacity 2443K, committed 2560K, reserved 1048576K
}
Event: 4.651 GC heap before
{Heap before GC invocations=4 (full 1):
 PSYoungGen      total 228864K, used 196608K [0x00000006c0c00000, 0x00000006dcb00000, 0x00000007c0000000)
  eden space 196608K, 100% used [0x00000006c0c00000,0x00000006ccc00000,0x00000006ccc00000)
  from space 32256K, 0% used [0x00000006ceb80000,0x00000006ceb80000,0x00000006d0b00000)
  to   space 32256K, 0% used [0x00000006ccc00000,0x00000006ccc00000,0x00000006ceb80000)
 ParOldGen       total 249344K, used 7703K [0x00000004c2400000, 0x00000004d1780000, 0x00000006c0c00000)
  object space 249344K, 3% used [0x00000004c2400000,0x00000004c2b85ca8,0x00000004d1780000)
 Metaspace       used 26923K, capacity 27324K, committed 27520K, reserved 1073152K
  class space    used 3294K, capacity 3409K, committed 3456K, reserved 1048576K
Event: 4.665 GC heap after
Heap after GC invocations=4 (full 1):
 PSYoungGen      total 228864K, used 13075K [0x00000006c0c00000, 0x00000006d9480000, 0x00000007c0000000)
  eden space 196608K, 0% used [0x00000006c0c00000,0x00000006c0c00000,0x00000006ccc00000)
  from space 32256K, 40% used [0x00000006ccc00000,0x00000006cd8c4ec0,0x00000006ceb80000)
  to   space 32256K, 0% used [0x00000006d7500000,0x00000006d7500000,0x00000006d9480000)
 ParOldGen       total 249344K, used 7711K [0x00000004c2400000, 0x00000004d1780000, 0x00000006c0c00000)
  object space 249344K, 3% used [0x00000004c2400000,0x00000004c2b87ca8,0x00000004d1780000)
 Metaspace       used 26923K, capacity 27324K, committed 27520K, reserved 1073152K
  class space    used 3294K, capacity 3409K, committed 3456K, reserved 1048576K
}
Event: 5.768 GC heap before
{Heap before GC invocations=5 (full 1):
 PSYoungGen      total 228864K, used 209683K [0x00000006c0c00000, 0x00000006d9480000, 0x00000007c0000000)
  eden space 196608K, 100% used [0x00000006c0c00000,0x00000006ccc00000,0x00000006ccc00000)
  from space 32256K, 40% used [0x00000006ccc00000,0x00000006cd8c4ec0,0x00000006ceb80000)
  to   space 32256K, 0% used [0x00000006d7500000,0x00000006d7500000,0x00000006d9480000)
 ParOldGen       total 249344K, used 7711K [0x00000004c2400000, 0x00000004d1780000, 0x00000006c0c00000)
  object space 249344K, 3% used [0x00000004c2400000,0x00000004c2b87ca8,0x00000004d1780000)
 Metaspace       used 29047K, capacity 29436K, committed 29824K, reserved 1075200K
  class space    used 3494K, capacity 3601K, committed 3712K, reserved 1048576K
Event: 5.783 GC heap after
Heap after GC invocations=5 (full 1):
 PSYoungGen      total 355328K, used 10321K [0x00000006c0c00000, 0x00000006d8d80000, 0x00000007c0000000)
  eden space 330240K, 0% used [0x00000006c0c00000,0x00000006c0c00000,0x00000006d4e80000)
  from space 25088K, 41% used [0x00000006d7500000,0x00000006d7f14780,0x00000006d8d80000)
  to   space 32256K, 0% used [0x00000006d4e80000,0x00000006d4e80000,0x00000006d6e00000)
 ParOldGen       total 249344K, used 7719K [0x00000004c2400000, 0x00000004d1780000, 0x00000006c0c00000)
  object space 249344K, 3% used [0x00000004c2400000,0x00000004c2b89ca8,0x00000004d1780000)
 Metaspace       used 29047K, capacity 29436K, committed 29824K, reserved 1075200K
  class space    used 3494K, capacity 3601K, committed 3712K, reserved 1048576K
}

