* EvoSuite 1.2.0
* Going to generate test cases for class: com.fasterxml.jackson.databind.introspect.AnnotatedCreatorCollector
* Starting Client-0
* Connecting to master process on port 12645
* Analyzing classpath: 
  - /home/wtwhite/code/craw-redhat-oss/wget/crawl/repo1.maven.org/maven2/com/fasterxml/jackson/core/jackson-databind/2.13.4.1/jackson-databind-2.13.4.1.jar
  - t/dependency/byte-buddy-1.9.3.jar
  - t/dependency/byte-buddy-agent-1.9.3.jar
  - t/dependency/hamcrest-core-1.3.jar
  - t/dependency/jackson-annotations-2.13.4.jar
  - t/dependency/jackson-core-2.13.4.jar
  - t/dependency/javassist-3.24.0-GA.jar
  - t/dependency/jsr-275-0.9.1.jar
  - t/dependency/junit-4.13.1.jar
  - t/dependency/mockito-core-2.23.0.jar
  - t/dependency/objenesis-3.0.1.jar
  - t/dependency/powermock-api-mockito2-2.0.0.jar
  - t/dependency/powermock-api-support-2.0.0.jar
  - t/dependency/powermock-core-2.0.0.jar
  - t/dependency/powermock-module-junit4-2.0.0.jar
  - t/dependency/powermock-module-junit4-common-2.0.0.jar
  - t/dependency/powermock-reflect-2.0.0.jar
* Error while initializing target class: org/mockito/internal/creation/bytebuddy/MockMethodAdvice
* Computation finished
[MASTER] 02:09:58.921 [logback-2] ERROR TestSuiteGenerator - Problem for com.fasterxml.jackson.databind.introspect.AnnotatedCreatorCollector. Full stack:
java.lang.NoClassDefFoundError: org/mockito/internal/creation/bytebuddy/MockMethodAdvice
	at java.lang.Class.getDeclaringClass0(Native Method)
	at java.lang.Class.getDeclaringClass(Class.java:1235)
	at java.lang.Class.getEnclosingClass(Class.java:1277)
	at java.lang.Class.getSimpleBinaryName(Class.java:1443)
	at java.lang.Class.getSimpleName(Class.java:1309)
	at java.lang.Class.isAnonymousClass(Class.java:1411)
	at org.evosuite.setup.TestUsageChecker.canUse(TestUsageChecker.java:152)
	at org.evosuite.setup.ConcreteClassAnalyzer.tryReflection(ConcreteClassAnalyzer.java:253)
	at org.evosuite.setup.ConcreteClassAnalyzer.handleAbstractClassOrInterface(ConcreteClassAnalyzer.java:205)
	at org.evosuite.setup.ConcreteClassAnalyzer.computeConcreteClasses(ConcreteClassAnalyzer.java:108)
	at org.evosuite.setup.ConcreteClassAnalyzer.lambda$getConcreteClasses$0(ConcreteClassAnalyzer.java:89)
	at java.util.HashMap.computeIfAbsent(HashMap.java:1128)
	at org.evosuite.setup.ConcreteClassAnalyzer.getConcreteClasses(ConcreteClassAnalyzer.java:89)
	at org.evosuite.setup.TestClusterGenerator.addDependency(TestClusterGenerator.java:829)
	at org.evosuite.setup.TestClusterGenerator.addDependencies(TestClusterGenerator.java:740)
	at org.evosuite.setup.TestClusterGenerator.initializeTargetMethods(TestClusterGenerator.java:497)
	at org.evosuite.setup.TestClusterGenerator.generateCluster(TestClusterGenerator.java:119)
	at org.evosuite.setup.DependencyAnalysis.analyze(DependencyAnalysis.java:120)
	at org.evosuite.setup.DependencyAnalysis.analyzeClass(DependencyAnalysis.java:136)
	at org.evosuite.TestSuiteGenerator.initializeTargetClass(TestSuiteGenerator.java:114)
	at org.evosuite.TestSuiteGenerator.generateTestSuite(TestSuiteGenerator.java:135)
	at org.evosuite.rmi.service.ClientNodeImpl.lambda$startNewSearch$0(ClientNodeImpl.java:140)
	at java.util.concurrent.Executors$RunnableAdapter.call(Executors.java:511)
	at java.util.concurrent.FutureTask.run(FutureTask.java:266)
	at java.util.concurrent.ThreadPoolExecutor.runWorker(ThreadPoolExecutor.java:1149)
	at java.util.concurrent.ThreadPoolExecutor$Worker.run(ThreadPoolExecutor.java:624)
	at java.lang.Thread.run(Thread.java:750)
Caused by: java.lang.ClassNotFoundException: org/mockito/internal/creation/bytebuddy/MockMethodDispatcher
	at org.evosuite.instrumentation.InstrumentingClassLoader.instrumentClass(InstrumentingClassLoader.java:158)
	at org.evosuite.instrumentation.InstrumentingClassLoader.loadClass(InstrumentingClassLoader.java:126)
	... 27 common frames omitted
Caused by: java.lang.NoClassDefFoundError: org/mockito/internal/creation/bytebuddy/MockMethodDispatcher
	at java.lang.ClassLoader.defineClass1(Native Method)
	at java.lang.ClassLoader.defineClass(ClassLoader.java:756)
	at java.lang.ClassLoader.defineClass(ClassLoader.java:635)
	at org.evosuite.instrumentation.InstrumentingClassLoader.instrumentClass(InstrumentingClassLoader.java:151)
	... 28 common frames omitted
Caused by: java.lang.ClassNotFoundException: Class 'org/mockito/internal/creation/bytebuddy/MockMethodDispatcher.class' should be in target project, but could not be found!
	at org.evosuite.instrumentation.InstrumentingClassLoader.instrumentClass(InstrumentingClassLoader.java:158)
	at org.evosuite.instrumentation.InstrumentingClassLoader.loadClass(InstrumentingClassLoader.java:126)
	... 32 common frames omitted
Caused by: java.lang.ClassNotFoundException: Class 'org/mockito/internal/creation/bytebuddy/MockMethodDispatcher.class' should be in target project, but could not be found!
	at org.evosuite.instrumentation.InstrumentingClassLoader.instrumentClass(InstrumentingClassLoader.java:145)
	... 33 common frames omitted
[MASTER] 02:09:59.053 [main] ERROR SearchStatistics - No statistics has been saved because EvoSuite failed to generate any test case
[MASTER] 02:09:59.157 [main] ERROR TestGeneration - failed to write statistics data
