<?xml version="1.0" encoding="UTF-8"?>
<testsuite xmlns:xsi="http://www.w3.org/2001/XMLSchema-instance" xsi:noNamespaceSchemaLocation="https://maven.apache.org/surefire/maven-surefire-plugin/xsd/surefire-test-report-3.0.xsd" version="3.0" name="org.apache.commons.io.monitor.FileAlterationObserver_ESTest" time="0.835" tests="32" errors="0" skipped="0" failures="2">
  <properties>
[...]
</properties>
  <testcase name="test10" classname="org.apache.commons.io.monitor.FileAlterationObserver_ESTest" time="0.11"/>
  <testcase name="test31" classname="org.apache.commons.io.monitor.FileAlterationObserver_ESTest" time="0.009"/>
  <testcase name="test12" classname="org.apache.commons.io.monitor.FileAlterationObserver_ESTest" time="0.008"/>
  <testcase name="test11" classname="org.apache.commons.io.monitor.FileAlterationObserver_ESTest" time="0.006"/>
  <testcase name="test14" classname="org.apache.commons.io.monitor.FileAlterationObserver_ESTest" time="0.009"/>
  <testcase name="test13" classname="org.apache.commons.io.monitor.FileAlterationObserver_ESTest" time="0.009"/>
  <testcase name="test16" classname="org.apache.commons.io.monitor.FileAlterationObserver_ESTest" time="0.202"/>
  <testcase name="test15" classname="org.apache.commons.io.monitor.FileAlterationObserver_ESTest" time="0.002"/>
  <testcase name="test18" classname="org.apache.commons.io.monitor.FileAlterationObserver_ESTest" time="0.001"/>
  <testcase name="test17" classname="org.apache.commons.io.monitor.FileAlterationObserver_ESTest" time="0.003">
    <failure message="expected:&lt;...AttributeProvider&apos;, [NameFileFilter(com.google.common.jimfs.DosAttributeProvider)], listeners=0]&gt; but was:&lt;...AttributeProvider&apos;, [org.apache.commons.io.filefilter.NameFileFilter@0000000001], listeners=0]&gt;" type="org.junit.ComparisonFailure"><![CDATA[org.junit.ComparisonFailure: expected:<...AttributeProvider', [NameFileFilter(com.google.common.jimfs.DosAttributeProvider)], listeners=0]> but was:<...AttributeProvider', [org.apache.commons.io.filefilter.NameFileFilter@0000000001], listeners=0]>
	at org.junit.Assert.assertEquals(Assert.java:117)
	at org.junit.Assert.assertEquals(Assert.java:146)
	at org.apache.commons.io.monitor.FileAlterationObserver_ESTest.test17(FileAlterationObserver_ESTest.java:293)
	at sun.reflect.NativeMethodAccessorImpl.invoke0(Native Method)
	at sun.reflect.NativeMethodAccessorImpl.invoke(NativeMethodAccessorImpl.java:62)
	at sun.reflect.DelegatingMethodAccessorImpl.invoke(DelegatingMethodAccessorImpl.java:43)
	at java.lang.reflect.Method.invoke(Method.java:498)
	at org.junit.runners.model.FrameworkMethod$1.runReflectiveCall(FrameworkMethod.java:59)
	at org.junit.internal.runners.model.ReflectiveCallable.run(ReflectiveCallable.java:12)
	at org.junit.runners.model.FrameworkMethod.invokeExplosively(FrameworkMethod.java:56)
	at org.junit.internal.runners.statements.InvokeMethod.evaluate(InvokeMethod.java:17)
	at org.junit.internal.runners.statements.FailOnTimeout$CallableStatement.call(FailOnTimeout.java:299)
	at org.junit.internal.runners.statements.FailOnTimeout$CallableStatement.call(FailOnTimeout.java:293)
	at java.util.concurrent.FutureTask.run(FutureTask.java:266)
	at java.lang.Thread.run(Thread.java:750)
]]></failure>
  </testcase>
  <testcase name="test19" classname="org.apache.commons.io.monitor.FileAlterationObserver_ESTest" time="0.003"/>
  <testcase name="test30" classname="org.apache.commons.io.monitor.FileAlterationObserver_ESTest" time="0.004"/>
  <testcase name="test21" classname="org.apache.commons.io.monitor.FileAlterationObserver_ESTest" time="0.002"/>
  <testcase name="test20" classname="org.apache.commons.io.monitor.FileAlterationObserver_ESTest" time="0.002"/>
  <testcase name="test01" classname="org.apache.commons.io.monitor.FileAlterationObserver_ESTest" time="0.003"/>
  <testcase name="test23" classname="org.apache.commons.io.monitor.FileAlterationObserver_ESTest" time="0.015"/>
  <testcase name="test00" classname="org.apache.commons.io.monitor.FileAlterationObserver_ESTest" time="0.004"/>
  <testcase name="test22" classname="org.apache.commons.io.monitor.FileAlterationObserver_ESTest" time="0.008"/>
  <testcase name="test03" classname="org.apache.commons.io.monitor.FileAlterationObserver_ESTest" time="0.004"/>
  <testcase name="test25" classname="org.apache.commons.io.monitor.FileAlterationObserver_ESTest" time="0.005"/>
  <testcase name="test02" classname="org.apache.commons.io.monitor.FileAlterationObserver_ESTest" time="0.004"/>
  <testcase name="test24" classname="org.apache.commons.io.monitor.FileAlterationObserver_ESTest" time="0.014"/>
  <testcase name="test05" classname="org.apache.commons.io.monitor.FileAlterationObserver_ESTest" time="0.295"/>
  <testcase name="test27" classname="org.apache.commons.io.monitor.FileAlterationObserver_ESTest" time="0.002"/>
  <testcase name="test04" classname="org.apache.commons.io.monitor.FileAlterationObserver_ESTest" time="0.004">
    <failure message="Expecting exception: StackOverflowError" type="java.lang.AssertionError"><![CDATA[java.lang.AssertionError: Expecting exception: StackOverflowError
	at org.junit.Assert.fail(Assert.java:89)
	at org.apache.commons.io.monitor.FileAlterationObserver_ESTest.test04(FileAlterationObserver_ESTest.java:99)
	at sun.reflect.NativeMethodAccessorImpl.invoke0(Native Method)
	at sun.reflect.NativeMethodAccessorImpl.invoke(NativeMethodAccessorImpl.java:62)
	at sun.reflect.DelegatingMethodAccessorImpl.invoke(DelegatingMethodAccessorImpl.java:43)
	at java.lang.reflect.Method.invoke(Method.java:498)
	at org.junit.runners.model.FrameworkMethod$1.runReflectiveCall(FrameworkMethod.java:59)
	at org.junit.internal.runners.model.ReflectiveCallable.run(ReflectiveCallable.java:12)
	at org.junit.runners.model.FrameworkMethod.invokeExplosively(FrameworkMethod.java:56)
	at org.junit.internal.runners.statements.InvokeMethod.evaluate(InvokeMethod.java:17)
	at org.junit.internal.runners.statements.RunBefores.evaluate(RunBefores.java:26)
	at org.junit.internal.runners.statements.RunAfters.evaluate(RunAfters.java:27)
	at org.evosuite.runtime.vnet.NonFunctionalRequirementRule$1.evaluate(NonFunctionalRequirementRule.java:41)
	at org.junit.runners.ParentRunner$3.evaluate(ParentRunner.java:306)
	at org.junit.runners.BlockJUnit4ClassRunner$1.evaluate(BlockJUnit4ClassRunner.java:100)
	at org.junit.runners.ParentRunner.runLeaf(ParentRunner.java:366)
	at org.junit.runners.BlockJUnit4ClassRunner.runChild(BlockJUnit4ClassRunner.java:103)
	at org.junit.runners.BlockJUnit4ClassRunner.runChild(BlockJUnit4ClassRunner.java:63)
	at org.junit.runners.ParentRunner$4.run(ParentRunner.java:331)
	at org.junit.runners.ParentRunner$1.schedule(ParentRunner.java:79)
	at org.junit.runners.ParentRunner.runChildren(ParentRunner.java:329)
	at org.junit.runners.ParentRunner.access$100(ParentRunner.java:66)
	at org.junit.runners.ParentRunner$2.evaluate(ParentRunner.java:293)
	at org.junit.internal.runners.statements.RunBefores.evaluate(RunBefores.java:26)
	at org.junit.internal.runners.statements.RunAfters.evaluate(RunAfters.java:27)
	at org.junit.runners.ParentRunner$3.evaluate(ParentRunner.java:306)
	at org.junit.runners.ParentRunner.run(ParentRunner.java:413)
	at org.apache.maven.surefire.junit4.JUnit4Provider.execute(JUnit4Provider.java:316)
	at org.apache.maven.surefire.junit4.JUnit4Provider.executeWithRerun(JUnit4Provider.java:240)
	at org.apache.maven.surefire.junit4.JUnit4Provider.executeTestSet(JUnit4Provider.java:214)
	at org.apache.maven.surefire.junit4.JUnit4Provider.invoke(JUnit4Provider.java:155)
	at org.apache.maven.surefire.booter.ForkedBooter.runSuitesInProcess(ForkedBooter.java:385)
	at org.apache.maven.surefire.booter.ForkedBooter.execute(ForkedBooter.java:162)
	at org.apache.maven.surefire.booter.ForkedBooter.run(ForkedBooter.java:507)
	at org.apache.maven.surefire.booter.ForkedBooter.main(ForkedBooter.java:495)
]]></failure>
  </testcase>
  <testcase name="test26" classname="org.apache.commons.io.monitor.FileAlterationObserver_ESTest" time="0.003"/>
  <testcase name="test07" classname="org.apache.commons.io.monitor.FileAlterationObserver_ESTest" time="0.003"/>
  <testcase name="test29" classname="org.apache.commons.io.monitor.FileAlterationObserver_ESTest" time="0.002"/>
  <testcase name="test06" classname="org.apache.commons.io.monitor.FileAlterationObserver_ESTest" time="0.002"/>
  <testcase name="test28" classname="org.apache.commons.io.monitor.FileAlterationObserver_ESTest" time="0.002"/>
  <testcase name="test09" classname="org.apache.commons.io.monitor.FileAlterationObserver_ESTest" time="0.002"/>
  <testcase name="test08" classname="org.apache.commons.io.monitor.FileAlterationObserver_ESTest" time="0.002"/>
</testsuite>