* EvoSuite 1.2.0
* Going to generate test cases for class: com.google.common.collect.testing.DerivedCollectionGenerators
* Starting Client-0
* Connecting to master process on port 18750
* Analyzing classpath: 
  - /home/wtwhite/code/craw-redhat-oss/wget/crawl/repo1.maven.org/maven2/com/google/guava/guava-testlib/32.1.2-jre/guava-testlib-32.1.2-jre.jar
  - t/dependency/asm-9.1.jar
  - t/dependency/auto-value-annotations-1.8.1.jar
  - t/dependency/checker-qual-3.33.0.jar
  - t/dependency/error_prone_annotations-2.18.0.jar
  - t/dependency/failureaccess-1.0.1.jar
  - t/dependency/guava-32.1.2-jre.jar
  - t/dependency/hamcrest-core-1.3.jar
  - t/dependency/j2objc-annotations-2.8.jar
  - t/dependency/jsr305-3.0.2.jar
  - t/dependency/junit-4.13.2.jar
  - t/dependency/listenablefuture-9999.0-empty-to-avoid-conflict-with-guava.jar
  - t/dependency/truth-1.1.3.jar
* Finished analyzing classpath
* Generating tests for class com.google.common.collect.testing.DerivedCollectionGenerators
* Test criteria:
  - Line Coverage
  - Branch Coverage
  - Exception
  - Mutation testing (weak)
  - Method-Output Coverage
  - Top-Level Method Coverage
  - No-Exception Top-Level Method Coverage
  - Context Branch Coverage
* Total number of test goals for DYNAMOSA: 709
* Using seed 1729690485004
* Starting evolution
[Progress:>                             0%] [Cov:>                                  0%]* Initial Number of Goals in DynaMOSA = 319 / 709
[MASTER] 02:34:48.782 [logback-1] WARN  TestCluster - Failed to check cache for com.google.common.collect.testing.OneSizeTestContainerGenerator<T, E> : Type points to itself
[MASTER] 02:34:49.106 [logback-1] WARN  TestCluster - Failed to check cache for com.google.common.collect.testing.TestSortedMapGenerator<K, V> : Type points to itself
[Progress:>                             3%] [Cov:====>                              12%][MASTER] 02:34:50.067 [logback-1] WARN  TestCluster - Failed to check cache for com.google.common.collect.testing.TestContainerGenerator<T, E> : Type points to itself
[MASTER] 02:34:50.920 [logback-1] WARN  TestCluster - Failed to check cache for com.google.common.collect.testing.SampleElements<E> : Type points to itself
[Progress:=>                            5%] [Cov:====>                              12%][MASTER] 02:34:51.468 [logback-1] WARN  TestCluster - Failed to check cache for java.util.TreeSet<E> : Type points to itself
[MASTER] 02:34:51.468 [logback-1] WARN  TestCluster - Failed to check cache for java.util.HashMap<K, V> : Type points to itself
[MASTER] 02:34:51.654 [logback-1] WARN  TestChromosome - Functional mock problem: org.evosuite.ga.ConstructionFailedException: Failed to add constructor for java.util.TreeMap due to org.evosuite.ga.ConstructionFailedException: Error: VariableReference: Statement 1, type java.util.HashMap<java.util.TreeSet<java.util.Locale$Category>, java.util.Locale$Category> is not assignable to java.util.Map<? extends java.util.TreeSet<java.lang.Integer>, ? extends java.util.Locale$Category>
[Progress:==>                           8%] [Cov:====>                              12%][Progress:==>                           8%] [Cov:====>                              13%][Progress:===>                          10%] [Cov:=======>                           20%][Progress:===>                          10%] [Cov:====>                              13%][Progress:===>                          11%] [Cov:====>                              13%][Progress:===>                          11%] [Cov:====>                              13%][Progress:====>                         15%] [Cov:====>                              14%][Progress:====>                         15%] [Cov:====>                              14%][Progress:====>                         16%] [Cov:====>                              14%][Progress:====>                         16%] [Cov:====>                              14%][MASTER] 02:34:58.039 [logback-1] WARN  TestCluster - Failed to check cache for java.util.Comparator<T> : Type points to itself
[Progress:=====>                        18%] [Cov:====>                              14%][Progress:=====>                        18%] [Cov:====>                              14%][MASTER] 02:34:59.508 [logback-1] WARN  TestChromosome - Functional mock problem: org.evosuite.ga.ConstructionFailedException: Failed to add constructor for java.util.AbstractMap$SimpleEntry due to org.evosuite.ga.ConstructionFailedException: Error: VariableReference: Statement 4, type java.util.AbstractMap<java.util.Locale$Category, java.lang.Integer>.SimpleEntry<java.util.HashMap<java.util.Locale$Category, java.lang.Integer>, java.lang.Integer> is not assignable to java.util.Map.Entry<? extends java.util.HashMap<java.lang.Integer, java.lang.Integer>, ? extends java.lang.Integer>
[Progress:======>                       20%] [Cov:====>                              14%][MASTER] 02:35:00.175 [logback-1] WARN  TestChromosome - Functional mock problem: org.evosuite.ga.ConstructionFailedException: Failed to add constructor for java.util.AbstractMap$SimpleEntry due to org.evosuite.ga.ConstructionFailedException: Error: VariableReference: Statement 3, type java.util.AbstractMap<java.util.TreeSet<java.util.Locale$Category>, java.util.Locale$Category>.SimpleEntry<java.util.HashMap<java.lang.Integer, java.util.Locale$Category>, java.lang.Integer> is not assignable to java.util.Map.Entry<? extends java.util.HashMap<java.lang.Integer, java.lang.Integer>, ? extends java.lang.Integer>
[MASTER] 02:35:00.216 [logback-1] WARN  TestChromosome - Functional mock problem: org.evosuite.ga.ConstructionFailedException: Failed to add constructor for java.util.AbstractMap$SimpleImmutableEntry due to org.evosuite.ga.ConstructionFailedException: Error: VariableReference: Statement 3, type java.util.AbstractMap<java.util.TreeSet<java.lang.Integer>, java.util.Locale$Category>.SimpleEntry<java.util.HashMap<java.util.Locale$Category, java.lang.Integer>, java.lang.Integer> is not assignable to java.util.Map.Entry<? extends java.util.HashMap<java.lang.Integer, java.lang.Integer>, ? extends java.lang.Integer>
[MASTER] 02:35:00.483 [logback-1] WARN  TestChromosome - Functional mock problem: org.evosuite.ga.ConstructionFailedException: Failed to add constructor for java.util.AbstractMap$SimpleEntry due to org.evosuite.ga.ConstructionFailedException: Error: VariableReference: Statement 2, type java.util.AbstractMap<java.util.Locale$Category, java.util.Locale$Category>.SimpleImmutableEntry<java.util.HashMap<java.lang.Integer, java.lang.Integer>, java.util.HashMap<java.util.Locale$Category, java.util.Locale$Category>> is not assignable to java.util.Map.Entry<? extends java.util.HashMap<java.lang.Integer, java.lang.Integer>, ? extends java.util.HashMap<java.lang.Integer, java.lang.Integer>>
[MASTER] 02:35:00.664 [logback-1] WARN  TestChromosome - Functional mock problem: org.evosuite.ga.ConstructionFailedException: Failed to add constructor for java.util.AbstractMap$SimpleImmutableEntry due to org.evosuite.ga.ConstructionFailedException: Error: VariableReference: Statement 1, type java.util.AbstractMap<java.util.TreeSet<java.lang.Integer>, java.lang.Integer>.SimpleImmutableEntry<java.util.HashMap<java.lang.Integer, java.util.Locale$Category>, java.util.HashMap<java.lang.Integer, java.util.Locale$Category>> is not assignable to java.util.Map.Entry<? extends java.util.HashMap<java.lang.Integer, java.lang.Integer>, ? extends java.util.HashMap<java.lang.Integer, java.lang.Integer>>
[MASTER] 02:35:00.697 [logback-1] WARN  TestChromosome - Functional mock problem: org.evosuite.ga.ConstructionFailedException: Failed to add constructor for java.util.AbstractMap$SimpleEntry due to org.evosuite.ga.ConstructionFailedException: Failed to add constructor for java.util.AbstractMap$SimpleImmutableEntry due to org.evosuite.ga.ConstructionFailedException: Error: VariableReference: Statement 3, type java.util.AbstractMap<java.util.TreeSet<java.lang.Integer>, java.lang.Integer>.SimpleEntry<java.util.HashMap<java.lang.Integer, java.util.Locale$Category>, java.lang.Integer> is not assignable to java.util.Map.Entry<? extends java.util.HashMap<java.util.Locale$Category, java.util.Locale$Category>, ? extends java.lang.Integer>
[MASTER] 02:35:00.749 [logback-1] WARN  TestChromosome - Functional mock problem: org.evosuite.ga.ConstructionFailedException: Failed to add constructor for java.util.AbstractMap$SimpleImmutableEntry due to org.evosuite.ga.ConstructionFailedException: Failed to add constructor for java.util.AbstractMap$SimpleEntry due to org.evosuite.ga.ConstructionFailedException: Error: VariableReference: Statement 3, type java.util.AbstractMap<java.lang.Integer, java.lang.Integer>.SimpleImmutableEntry<java.util.HashMap<java.lang.Integer, java.util.Locale$Category>, java.lang.Integer> is not assignable to java.util.Map.Entry<? extends java.util.HashMap<java.util.Locale$Category, java.lang.Integer>, ? extends java.lang.Integer>
[Progress:======>                       21%] [Cov:====>                              14%][MASTER] 02:35:01.129 [logback-1] WARN  TestChromosome - Functional mock problem: org.evosuite.ga.ConstructionFailedException: Failed to add constructor for java.util.AbstractMap$SimpleImmutableEntry due to org.evosuite.ga.ConstructionFailedException: Error: VariableReference: Statement 0, type java.util.Map<java.util.HashMap<java.util.Locale$Category, java.lang.Integer>, java.lang.Integer>.Entry<java.util.HashMap<java.lang.Integer, java.util.Locale$Category>, java.util.HashMap<java.lang.Integer, java.lang.Integer>> is not assignable to java.util.Map.Entry<? extends java.util.HashMap<java.lang.Integer, java.lang.Integer>, ? extends java.util.HashMap<java.lang.Integer, java.lang.Integer>>
[MASTER] 02:35:01.565 [logback-1] WARN  TestChromosome - Functional mock problem: org.evosuite.ga.ConstructionFailedException: Failed to add constructor for java.util.AbstractMap$SimpleImmutableEntry due to org.evosuite.ga.ConstructionFailedException: Failed to add constructor for java.util.AbstractMap$SimpleEntry due to org.evosuite.ga.ConstructionFailedException: Error: VariableReference: Statement 3, type java.util.AbstractMap<java.util.TreeSet<java.lang.Integer>, java.util.Locale$Category>.SimpleImmutableEntry<java.util.HashMap<java.util.Locale$Category, java.lang.Integer>, java.util.HashMap<java.lang.Integer, java.lang.Integer>> is not assignable to java.util.Map.Entry<? extends java.util.HashMap<java.lang.Integer, java.lang.Integer>, ? extends java.util.HashMap<java.lang.Integer, java.util.Locale$Category>>
[MASTER] 02:35:01.597 [logback-1] WARN  TestChromosome - Functional mock problem: org.evosuite.ga.ConstructionFailedException: Failed to add constructor for java.util.AbstractMap$SimpleEntry due to org.evosuite.ga.ConstructionFailedException: Failed to add constructor for java.util.AbstractMap$SimpleImmutableEntry due to org.evosuite.ga.ConstructionFailedException: Error: VariableReference: Statement 1, type java.util.AbstractMap<java.lang.Integer, java.util.HashMap<java.lang.Integer, java.util.Locale$Category>>.SimpleImmutableEntry<java.util.HashMap<java.lang.Integer, java.util.Locale$Category>, java.util.HashMap<java.lang.Integer, java.util.Locale$Category>> is not assignable to java.util.Map.Entry<? extends java.util.HashMap<java.lang.Integer, java.lang.Integer>, ? extends java.util.HashMap<java.lang.Integer, java.lang.Integer>>
[MASTER] 02:35:01.699 [logback-1] WARN  TestChromosome - Functional mock problem: org.evosuite.ga.ConstructionFailedException: Failed to add constructor for java.util.AbstractMap$SimpleEntry due to org.evosuite.ga.ConstructionFailedException: Failed to add constructor for java.util.AbstractMap$SimpleImmutableEntry due to org.evosuite.ga.ConstructionFailedException: Error: VariableReference: Statement 2, type java.util.AbstractMap<java.util.Locale$Category, java.lang.Integer>.SimpleEntry<java.util.HashMap<java.lang.Integer, java.lang.Integer>, java.util.HashMap<java.util.Locale$Category, java.lang.Integer>> is not assignable to java.util.Map.Entry<? extends java.util.HashMap<java.util.Locale$Category, java.util.Locale$Category>, ? extends java.util.HashMap<java.lang.Integer, java.lang.Integer>>
[Progress:======>                       23%] [Cov:====>                              14%][Progress:=======>                      25%] [Cov:=====>                             15%][MASTER] 02:35:03.410 [logback-1] WARN  TestChromosome - Functional mock problem: org.evosuite.ga.ConstructionFailedException: Failed to add constructor for java.util.AbstractMap$SimpleImmutableEntry due to org.evosuite.ga.ConstructionFailedException: Failed to add constructor for java.util.AbstractMap$SimpleEntry due to org.evosuite.ga.ConstructionFailedException: Error: VariableReference: Statement 1, type java.util.AbstractMap<java.lang.Integer, java.util.TreeSet<java.util.Locale$Category>>.SimpleEntry<java.util.HashMap<java.lang.Integer, java.lang.Integer>, java.util.HashMap<java.lang.Integer, java.lang.Integer>> is not assignable to java.util.Map.Entry<? extends java.util.HashMap<java.util.Locale$Category, java.util.Locale$Category>, ? extends java.util.HashMap<java.lang.Integer, java.lang.Integer>>
[Progress:========>                     28%] [Cov:=====>                             15%][MASTER] 02:35:05.061 [logback-1] WARN  TestChromosome - Functional mock problem: org.evosuite.ga.ConstructionFailedException: Failed to add constructor for java.util.AbstractMap$SimpleEntry due to org.evosuite.ga.ConstructionFailedException: Error: VariableReference: Statement 3, type java.util.AbstractMap<java.util.Locale$Category, java.util.Locale$Category>.SimpleEntry<java.util.TreeSet<java.util.Locale$Category>, java.util.Locale$Category> is not assignable to java.util.Map.Entry<? extends java.util.TreeSet<java.lang.Integer>, ? extends java.util.Locale$Category>
[Progress:========>                     28%] [Cov:=====>                             15%][Progress:=========>                    30%] [Cov:=====>                             15%][Progress:=========>                    31%] [Cov:=====>                             15%][Progress:=========>                    33%] [Cov:=====>                             15%][Progress:=========>                    33%] [Cov:=====>                             15%][MASTER] 02:35:08.778 [logback-1] WARN  TestChromosome - Functional mock problem: org.evosuite.ga.ConstructionFailedException: Failed to add constructor for java.util.TreeMap due to org.evosuite.ga.ConstructionFailedException: Error: VariableReference: Statement 1, type java.util.TreeMap<java.util.TreeSet<java.util.Locale$Category>, java.util.Locale$Category> is not assignable to java.util.Map<? extends java.util.TreeSet<java.lang.Integer>, ? extends java.util.Locale$Category>
[Progress:==========>                   35%] [Cov:=====>                             15%][Progress:==========>                   36%] [Cov:=====>                             15%][MASTER] 02:35:09.548 [logback-1] WARN  TestChromosome - Functional mock problem: org.evosuite.ga.ConstructionFailedException: Failed to add constructor for java.util.AbstractMap$SimpleImmutableEntry due to org.evosuite.ga.ConstructionFailedException: Error: VariableReference: Statement 25, type java.util.Map<java.util.Locale$Category, java.util.Locale$Category>.Entry<java.util.HashMap<java.lang.Integer, java.lang.Integer>, java.lang.Integer> is not assignable to java.util.Map.Entry<? extends java.util.HashMap<java.util.Locale$Category, java.lang.Integer>, ? extends java.lang.Integer>
[Progress:==========>                   36%] [Cov:=====>                             15%][Progress:===========>                  38%] [Cov:=====>                             15%][MASTER] 02:35:11.619 [logback-1] WARN  TestChromosome - Functional mock problem: org.evosuite.ga.ConstructionFailedException: Failed to add constructor for java.util.AbstractMap$SimpleImmutableEntry due to org.evosuite.ga.ConstructionFailedException: Error: VariableReference: Statement 2, type java.util.AbstractMap<java.lang.Integer, java.util.Locale$Category>.SimpleEntry<java.util.Locale$Category, java.util.TreeSet<java.lang.Integer>> is not assignable to java.util.Map.Entry<? extends java.util.Locale$Category, ? extends java.util.TreeSet<java.util.Locale$Category>>
[Progress:============>                 40%] [Cov:=====>                             15%][Progress:============>                 41%] [Cov:=====>                             15%][Progress:=============>                45%] [Cov:=====>                             15%][MASTER] 02:35:14.609 [logback-1] WARN  TestChromosome - Functional mock problem: org.evosuite.ga.ConstructionFailedException: Failed to add constructor for java.util.TreeMap due to org.evosuite.ga.ConstructionFailedException: Failed to add constructor for java.util.TreeMap due to org.evosuite.ga.ConstructionFailedException: Failed to add constructor for com.google.common.collect.testing.NavigableMapTestSuiteBuilder$DescendingTestMapGenerator due to org.evosuite.ga.ConstructionFailedException: Failed to add constructor for com.google.common.collect.testing.DerivedCollectionGenerators$SortedMapSubmapTestMapGenerator due to org.evosuite.ga.ConstructionFailedException: Failed to add constructor for com.google.common.collect.testing.NavigableMapTestSuiteBuilder$NavigableMapSubmapTestMapGenerator due to org.evosuite.ga.ConstructionFailedException: Max recursion depth reached
[MASTER] 02:35:15.089 [logback-1] WARN  TestChromosome - Functional mock problem: org.evosuite.ga.ConstructionFailedException: Failed to add constructor for java.util.AbstractMap$SimpleImmutableEntry due to org.evosuite.ga.ConstructionFailedException: Failed to add constructor for java.util.AbstractMap$SimpleEntry due to org.evosuite.ga.ConstructionFailedException: Error: VariableReference: Statement 8, type java.util.AbstractMap<java.util.Locale$Category, java.lang.Integer>.SimpleEntry<java.util.HashMap<java.util.Locale$Category, java.lang.Integer>, java.lang.Integer> is not assignable to java.util.Map.Entry<? extends java.util.HashMap<java.lang.Integer, java.lang.Integer>, ? extends java.lang.Integer>
[Progress:=============>                45%] [Cov:=====>                             15%][Progress:=============>                46%] [Cov:=====>                             15%][Progress:==============>               48%] [Cov:=====>                             15%][Progress:===============>              50%] [Cov:=====>                             15%][Progress:===============>              51%] [Cov:=====>                             15%][Progress:===============>              53%] [Cov:=====>                             15%][Progress:===============>              53%] [Cov:=====>                             15%][MASTER] 02:35:20.765 [logback-1] WARN  TestChromosome - Functional mock problem: org.evosuite.ga.ConstructionFailedException: Failed to add constructor for java.util.AbstractMap$SimpleEntry due to org.evosuite.ga.ConstructionFailedException: Failed to add constructor for java.util.AbstractMap$SimpleImmutableEntry due to org.evosuite.ga.ConstructionFailedException: Error: VariableReference: Statement 8, type java.util.AbstractMap<java.util.Locale$Category, java.lang.Integer>.SimpleEntry<java.util.HashMap<java.util.Locale$Category, java.util.Locale$Category>, java.lang.Integer> is not assignable to java.util.Map.Entry<? extends java.util.HashMap<java.util.Locale$Category, java.lang.Integer>, ? extends java.lang.Integer>
[Progress:================>             55%] [Cov:=====>                             15%][Progress:================>             56%] [Cov:=====>                             15%][Progress:================>             56%] [Cov:=====>                             15%][Progress:=================>            58%] [Cov:=====>                             15%][Progress:=================>            58%] [Cov:=====>                             15%][Progress:==================>           60%] [Cov:=====>                             15%][Progress:==================>           60%] [Cov:=====>                             15%][MASTER] 02:35:24.386 [logback-1] WARN  TestChromosome - Functional mock problem: org.evosuite.ga.ConstructionFailedException: Failed to add constructor for java.util.TreeMap due to org.evosuite.ga.ConstructionFailedException: Error: VariableReference: Statement 1, type java.util.Comparator<java.util.TreeSet<java.util.Locale$Category>> is not assignable to java.util.Comparator<? super java.util.TreeSet<java.lang.Integer>>
[Progress:==================>           61%] [Cov:=====>                             15%][Progress:==================>           61%] [Cov:=====>                             15%][Progress:==================>           63%] [Cov:=====>                             15%][Progress:==================>           63%] [Cov:=====>                             15%][Progress:===================>          65%] [Cov:=====>                             15%][Progress:===================>          66%] [Cov:=====>                             15%][Progress:====================>         68%] [Cov:=====>                             15%][Progress:=====================>        70%] [Cov:=====>                             15%][Progress:=====================>        71%] [Cov:=====>                             15%][Progress:=====================>        73%] [Cov:=====>                             15%][Progress:======================>       75%] [Cov:=====>                             15%][Progress:======================>       76%] [Cov:=====>                             15%][MASTER] 02:35:34.459 [logback-1] WARN  TestChromosome - Functional mock problem: org.evosuite.ga.ConstructionFailedException: Failed to add constructor for java.util.AbstractMap$SimpleImmutableEntry due to org.evosuite.ga.ConstructionFailedException: Error: VariableReference: Statement 3, type java.util.AbstractMap<java.lang.Integer, java.util.TreeSet<java.lang.Integer>>.SimpleImmutableEntry<java.util.TreeSet<java.util.Locale$Category>, java.util.Locale$Category> is not assignable to java.util.Map.Entry<? extends java.util.TreeSet<java.lang.Integer>, ? extends java.util.Locale$Category>
[Progress:=======================>      78%] [Cov:=====>                             15%][Progress:=======================>      78%] [Cov:=====>                             15%][Progress:========================>     80%] [Cov:=====>                             15%][Progress:========================>     80%] [Cov:=====>                             15%][Progress:========================>     81%] [Cov:=====>                             15%][Progress:========================>     83%] [Cov:=====>                             15%][Progress:=========================>    85%] [Cov:=====>                             15%][MASTER] 02:35:39.270 [logback-1] WARN  TestChromosome - Functional mock problem: org.evosuite.ga.ConstructionFailedException: Failed to add constructor for java.util.AbstractMap$SimpleImmutableEntry due to org.evosuite.ga.ConstructionFailedException: Error: VariableReference: Statement 8, type java.util.AbstractMap<java.util.TreeSet<java.util.Locale$Category>, java.util.Locale$Category>.SimpleEntry<java.util.HashMap<java.lang.Integer, java.util.Locale$Category>, java.lang.Integer> is not assignable to java.util.Map.Entry<? extends java.util.HashMap<java.util.Locale$Category, java.lang.Integer>, ? extends java.lang.Integer>
[Progress:=========================>    86%] [Cov:=====>                             15%][MASTER] 02:35:40.147 [logback-1] WARN  TestChromosome - Functional mock problem: org.evosuite.ga.ConstructionFailedException: Failed to add constructor for java.util.TreeMap due to org.evosuite.ga.ConstructionFailedException: Error: VariableReference: Statement 13, type java.util.NavigableMap<java.lang.Integer, java.util.TreeSet<java.util.Locale$Category>> is not assignable to java.util.SortedMap<java.lang.Integer, ? extends java.util.TreeSet<java.lang.Integer>>
[Progress:=========================>    86%] [Cov:=====>                             15%][MASTER] 02:35:40.753 [logback-1] WARN  TestChromosome - Functional mock problem: org.evosuite.ga.ConstructionFailedException: Failed to add constructor for java.util.TreeMap due to org.evosuite.ga.ConstructionFailedException: Error: VariableReference: Statement 1, type java.util.TreeMap<java.lang.Integer, java.util.TreeSet<java.util.Locale$Category>> is not assignable to java.util.Map<? extends java.lang.Integer, ? extends java.util.TreeSet<java.lang.Integer>>
[Progress:==========================>   88%] [Cov:=====>                             15%][MASTER] 02:35:41.335 [logback-1] WARN  TestChromosome - Functional mock problem: org.evosuite.ga.ConstructionFailedException: Failed to add constructor for com.google.common.collect.testing.NavigableMapTestSuiteBuilder$DescendingTestMapGenerator due to org.evosuite.ga.ConstructionFailedException: Failed to add constructor for com.google.common.collect.testing.DerivedCollectionGenerators$SortedMapSubmapTestMapGenerator due to org.evosuite.ga.ConstructionFailedException: Failed to add constructor for com.google.common.collect.testing.NavigableMapTestSuiteBuilder$NavigableMapSubmapTestMapGenerator due to org.evosuite.ga.ConstructionFailedException: Have no generator for com.google.common.collect.testing.NavigableMapTestSuiteBuilder<java.util.Locale$Category, java.lang.Integer>.DescendingTestMapGenerator<java.lang.Integer, java.util.Locale$Category> canUseFunctionalMocks=false, canBeMocked: false
[Progress:===========================>  90%] [Cov:=====>                             15%][Progress:===========================>  90%] [Cov:=====>                             15%][MASTER] 02:35:42.112 [logback-1] WARN  TestChromosome - Functional mock problem: org.evosuite.ga.ConstructionFailedException: Failed to add constructor for java.util.TreeMap due to org.evosuite.ga.ConstructionFailedException: Error: VariableReference: Statement 1, type java.util.HashMap<java.lang.Integer, java.util.TreeSet<java.util.Locale$Category>> is not assignable to java.util.Map<? extends java.lang.Integer, ? extends java.util.TreeSet<java.lang.Integer>>
[MASTER] 02:35:42.298 [logback-1] WARN  TestChromosome - Functional mock problem: org.evosuite.ga.ConstructionFailedException: Failed to add constructor for java.util.AbstractMap$SimpleImmutableEntry due to org.evosuite.ga.ConstructionFailedException: Error: VariableReference: Statement 2, type java.util.AbstractMap<java.util.TreeSet<java.util.Locale$Category>, java.util.Locale$Category>.SimpleImmutableEntry<java.util.Locale$Category, java.util.TreeSet<java.lang.Integer>> is not assignable to java.util.Map.Entry<? extends java.util.Locale$Category, ? extends java.util.TreeSet<java.util.Locale$Category>>
[Progress:===========================>  91%] [Cov:=====>                             15%][MASTER] 02:35:43.445 [logback-1] WARN  TestChromosome - Functional mock problem: org.evosuite.ga.ConstructionFailedException: Failed to add constructor for com.google.common.collect.testing.DerivedCollectionGenerators$SortedMapSubmapTestMapGenerator due to org.evosuite.ga.ConstructionFailedException: Failed to add constructor for com.google.common.collect.testing.NavigableMapTestSuiteBuilder$NavigableMapSubmapTestMapGenerator due to org.evosuite.ga.ConstructionFailedException: Failed to add constructor for com.google.common.collect.testing.NavigableMapTestSuiteBuilder$DescendingTestMapGenerator due to org.evosuite.ga.ConstructionFailedException: Have no generator for com.google.common.collect.testing.NavigableMapTestSuiteBuilder<java.util.Locale$Category, java.lang.Integer>.DescendingTestMapGenerator<java.lang.Integer, java.util.Locale$Category> canUseFunctionalMocks=false, canBeMocked: false
[Progress:===========================>  93%] [Cov:=====>                             15%][Progress:===========================>  93%] [Cov:=====>                             15%][MASTER] 02:35:45.315 [logback-1] WARN  TestChromosome - Functional mock problem: org.evosuite.ga.ConstructionFailedException: Failed to add constructor for java.util.AbstractMap$SimpleImmutableEntry due to org.evosuite.ga.ConstructionFailedException: Error: VariableReference: Statement 1, type java.util.Map<java.util.Locale$Category, java.lang.Integer>.Entry<java.util.TreeSet<java.util.Locale$Category>, java.util.Locale$Category> is not assignable to java.util.Map.Entry<? extends java.util.TreeSet<java.lang.Integer>, ? extends java.util.Locale$Category>
[Progress:============================> 96%] [Cov:=====>                             15%][Progress:============================> 96%] [Cov:=====>                             15%][Progress:============================> 96%] [Cov:=====>                             15%][Progress:=============================>98%] [Cov:=====>                             15%][Progress:==============================100%] [Cov:=====>                             15%]
* Search finished after 61s and 76 generations, 10988 statements, best individual has fitness: 589.0
* Minimizing test suite
* Going to analyze the coverage criteria
* Coverage analysis for criterion LINE
* Coverage of criterion LINE: 28%
* Total number of goals: 181
* Number of covered goals: 51
* Coverage analysis for criterion BRANCH
* Coverage of criterion BRANCH: 15%
* Total number of goals: 103
* Number of covered goals: 15
* Coverage analysis for criterion EXCEPTION
* Coverage of criterion EXCEPTION: 100%
* Total number of goals: 1
* Number of covered goals: 1
* Coverage analysis for criterion WEAKMUTATION
* Coverage of criterion WEAKMUTATION: 19%
* Total number of goals: 210
* Number of covered goals: 39
* Coverage analysis for criterion OUTPUT
* Coverage of criterion OUTPUT: 0%
* Total number of goals: 2
* Number of covered goals: 0
* Coverage analysis for criterion METHOD
* Coverage of criterion METHOD: 22%
* Total number of goals: 55
* Number of covered goals: 12
* Coverage analysis for criterion METHODNOEXCEPTION
* Coverage of criterion METHODNOEXCEPTION: 11%
* Total number of goals: 55
* Number of covered goals: 6
* Coverage analysis for criterion CBRANCH
* Coverage of criterion CBRANCH: 15%
* Total number of goals: 103
* Number of covered goals: 15
* Generated 13 tests with total length 46
* Resulting test suite's coverage: 16% (average coverage for all fitness functions)
* Generating assertions
* Resulting test suite's mutation score: 1%
* Compiling and checking tests
[MASTER] 02:35:52.976 [logback-1] WARN  JUnitAnalyzer - Found unstable test named test0 -> class java.lang.AssertionError: Exception was not thrown in com.google.common.collect.testing.DerivedCollectionGenerators$SortedMapSubmapTestMapGenerator but in com.google.common.collect.testing.NavigableMapTestSuiteBuilder$DescendingTestMapGenerator.create(NavigableMapTestSuiteBuilder.java:149): java.lang.NullPointerException
[MASTER] 02:35:52.977 [logback-1] WARN  JUnitAnalyzer - Failing test:
 TestSortedMapGenerator<TreeSet<Integer>, Locale.Category> testSortedMapGenerator0 = (TestSortedMapGenerator<TreeSet<Integer>, Locale.Category>) mock(TestSortedMapGenerator.class, new ViolatedAssumptionAnswer());
doReturn((SampleElements) null).when(testSortedMapGenerator0).samples();
doReturn((SortedMap) null).when(testSortedMapGenerator0).create(any(java.lang.Object[].class));
NavigableMapTestSuiteBuilder.DescendingTestMapGenerator<TreeSet<Integer>, Locale.Category> navigableMapTestSuiteBuilder_DescendingTestMapGenerator0 = new NavigableMapTestSuiteBuilder.DescendingTestMapGenerator<TreeSet<Integer>, Locale.Category>(testSortedMapGenerator0);
DerivedCollectionGenerators.Bound derivedCollectionGenerators_Bound0 = DerivedCollectionGenerators.Bound.EXCLUSIVE;
DerivedCollectionGenerators.Bound derivedCollectionGenerators_Bound1 = DerivedCollectionGenerators.Bound.INCLUSIVE;
DerivedCollectionGenerators.SortedMapSubmapTestMapGenerator<TreeSet<Integer>, Locale.Category> derivedCollectionGenerators_SortedMapSubmapTestMapGenerator0 = new DerivedCollectionGenerators.SortedMapSubmapTestMapGenerator<TreeSet<Integer>, Locale.Category>(navigableMapTestSuiteBuilder_DescendingTestMapGenerator0, derivedCollectionGenerators_Bound0, derivedCollectionGenerators_Bound1);

[MASTER] 02:35:53.230 [logback-1] WARN  JUnitAnalyzer - Found unstable test named test12 -> class java.lang.AssertionError: Exception was not thrown in com.google.common.collect.testing.DerivedCollectionGenerators$SortedMapSubmapTestMapGenerator but in com.google.common.collect.testing.NavigableMapTestSuiteBuilder$DescendingTestMapGenerator.create(NavigableMapTestSuiteBuilder.java:149): java.lang.NullPointerException
[MASTER] 02:35:53.231 [logback-1] WARN  JUnitAnalyzer - Failing test:
 TestSortedMapGenerator<TreeSet<Integer>, Locale.Category> testSortedMapGenerator0 = (TestSortedMapGenerator<TreeSet<Integer>, Locale.Category>) mock(TestSortedMapGenerator.class, new ViolatedAssumptionAnswer());
doReturn((SampleElements) null).when(testSortedMapGenerator0).samples();
doReturn((SortedMap) null).when(testSortedMapGenerator0).create(any(java.lang.Object[].class));
NavigableMapTestSuiteBuilder.DescendingTestMapGenerator<TreeSet<Integer>, Locale.Category> navigableMapTestSuiteBuilder_DescendingTestMapGenerator0 = new NavigableMapTestSuiteBuilder.DescendingTestMapGenerator<TreeSet<Integer>, Locale.Category>(testSortedMapGenerator0);
DerivedCollectionGenerators.Bound derivedCollectionGenerators_Bound0 = DerivedCollectionGenerators.Bound.EXCLUSIVE;
DerivedCollectionGenerators.Bound derivedCollectionGenerators_Bound1 = DerivedCollectionGenerators.Bound.INCLUSIVE;
DerivedCollectionGenerators.SortedMapSubmapTestMapGenerator<TreeSet<Integer>, Locale.Category> derivedCollectionGenerators_SortedMapSubmapTestMapGenerator0 = new DerivedCollectionGenerators.SortedMapSubmapTestMapGenerator<TreeSet<Integer>, Locale.Category>(navigableMapTestSuiteBuilder_DescendingTestMapGenerator0, derivedCollectionGenerators_Bound0, derivedCollectionGenerators_Bound1);

[MASTER] 02:35:53.416 [logback-1] WARN  JUnitAnalyzer - Found unstable test named test00 -> class java.lang.AssertionError: Exception was not thrown in com.google.common.collect.testing.DerivedCollectionGenerators$SortedMapSubmapTestMapGenerator but in com.google.common.collect.testing.NavigableMapTestSuiteBuilder$DescendingTestMapGenerator.create(NavigableMapTestSuiteBuilder.java:149): java.lang.NullPointerException
[MASTER] 02:35:53.416 [logback-1] WARN  JUnitAnalyzer - Failing test:
 TestSortedMapGenerator<TreeSet<Integer>, Locale.Category> testSortedMapGenerator0 = (TestSortedMapGenerator<TreeSet<Integer>, Locale.Category>) mock(TestSortedMapGenerator.class, new ViolatedAssumptionAnswer());
doReturn((SampleElements) null).when(testSortedMapGenerator0).samples();
doReturn((SortedMap) null).when(testSortedMapGenerator0).create(any(java.lang.Object[].class));
NavigableMapTestSuiteBuilder.DescendingTestMapGenerator<TreeSet<Integer>, Locale.Category> navigableMapTestSuiteBuilder_DescendingTestMapGenerator0 = new NavigableMapTestSuiteBuilder.DescendingTestMapGenerator<TreeSet<Integer>, Locale.Category>(testSortedMapGenerator0);
DerivedCollectionGenerators.Bound derivedCollectionGenerators_Bound0 = DerivedCollectionGenerators.Bound.EXCLUSIVE;
DerivedCollectionGenerators.Bound derivedCollectionGenerators_Bound1 = DerivedCollectionGenerators.Bound.INCLUSIVE;
DerivedCollectionGenerators.SortedMapSubmapTestMapGenerator<TreeSet<Integer>, Locale.Category> derivedCollectionGenerators_SortedMapSubmapTestMapGenerator0 = new DerivedCollectionGenerators.SortedMapSubmapTestMapGenerator<TreeSet<Integer>, Locale.Category>(navigableMapTestSuiteBuilder_DescendingTestMapGenerator0, derivedCollectionGenerators_Bound0, derivedCollectionGenerators_Bound1);

* Writing tests to file
* Writing JUnit test case 'DerivedCollectionGenerators_ESTest' to evosuite-tests
* Done!

* Computation finished
