* EvoSuite 1.2.0
* Going to generate test cases for class: com.google.common.collect.testing.SpliteratorTester
* Starting Client-0
* Connecting to master process on port 6328
* Analyzing classpath: 
  - /home/wtwhite/code/craw-redhat-oss/wget/crawl/repo1.maven.org/maven2/com/google/guava/guava-testlib/32.1.2-jre/guava-testlib-32.1.2-jre.jar
  - t/dependency/asm-9.1.jar
  - t/dependency/auto-value-annotations-1.8.1.jar
  - t/dependency/checker-qual-3.33.0.jar
  - t/dependency/error_prone_annotations-2.18.0.jar
  - t/dependency/failureaccess-1.0.1.jar
  - t/dependency/guava-32.1.2-jre.jar
  - t/dependency/hamcrest-core-1.3.jar
  - t/dependency/j2objc-annotations-2.8.jar
  - t/dependency/jsr305-3.0.2.jar
  - t/dependency/junit-4.13.2.jar
  - t/dependency/listenablefuture-9999.0-empty-to-avoid-conflict-with-guava.jar
  - t/dependency/truth-1.1.3.jar
* Finished analyzing classpath
* Generating tests for class com.google.common.collect.testing.SpliteratorTester
* Test criteria:
  - Line Coverage
  - Branch Coverage
  - Exception
  - Mutation testing (weak)
  - Method-Output Coverage
  - Top-Level Method Coverage
  - No-Exception Top-Level Method Coverage
  - Context Branch Coverage
[Progress:>                             0%] [Cov:>                                  0%]* Total number of test goals for DYNAMOSA: 410
* Using seed 1729690703639
* Starting evolution
* Initial Number of Goals in DynaMOSA = 159 / 410
[MASTER] 02:38:26.372 [logback-1] WARN  TestCluster - Failed to check cache for com.google.common.collect.testing.SpliteratorTester<E>.SpliteratorDecompositionStrategy : Type points to itself
[MASTER] 02:38:26.373 [logback-1] WARN  TestCluster - Failed to check cache for com.google.common.collect.ImmutableSet<E> : Type points to itself
[MASTER] 02:38:26.374 [logback-1] WARN  TestCluster - Failed to check cache for java.lang.Comparable<T> : Type points to itself
[MASTER] 02:38:27.690 [logback-1] WARN  TestCluster - Failed to check cache for java.util.Comparator<T> : Type points to itself
[Progress:>                             3%] [Cov:========>                          23%][MASTER] 02:38:28.624 [logback-1] WARN  TestCluster - Failed to check cache for java.util.Spliterator<T> : Type points to itself
[MASTER] 02:38:29.187 [logback-1] WARN  TestChromosome - Functional mock problem: org.evosuite.ga.ConstructionFailedException: Error: VariableReference: Statement 8, type com.google.common.collect.testing.SpliteratorTester<E>.SpliteratorDecompositionStrategy is not assignable to com.google.common.collect.testing.SpliteratorTester<java.lang.Object>.SpliteratorDecompositionStrategy
[MASTER] 02:38:29.581 [logback-1] WARN  TestCluster - Failed to check cache for com.google.common.collect.DiscreteDomain<C> : Type points to itself
[Progress:=>                            5%] [Cov:==================>                52%][MASTER] 02:38:30.073 [logback-1] WARN  TestCluster - Failed to check cache for com.google.common.collect.ImmutableSet<java.lang.Object> : Type points to itself
[MASTER] 02:38:30.300 [logback-1] WARN  TestChromosome - Functional mock problem: org.evosuite.ga.ConstructionFailedException: Max recursion depth reached
[Progress:=>                            6%] [Cov:==================>                54%][Progress:===>                          10%] [Cov:====================>              58%][MASTER] 02:38:33.422 [logback-1] WARN  TestChromosome - Functional mock problem: org.evosuite.ga.ConstructionFailedException: Error: VariableReference: Statement 6, type com.google.common.collect.testing.SpliteratorTester<E>.SpliteratorDecompositionStrategy is not assignable to com.google.common.collect.testing.SpliteratorTester<java.lang.Object>.SpliteratorDecompositionStrategy
[Progress:===>                          11%] [Cov:=====================>             62%][Progress:===>                          13%] [Cov:======================>            64%][Progress:===>                          13%] [Cov:======================>            65%][Progress:====>                         15%] [Cov:======================>            64%][Progress:====>                         15%] [Cov:======================>            65%][Progress:======>                       20%] [Cov:======================>            65%][Progress:======>                       21%] [Cov:======================>            65%][Progress:======>                       23%] [Cov:======================>            65%][Progress:======>                       23%] [Cov:======================>            65%][Progress:=======>                      25%] [Cov:======================>            65%][Progress:=======>                      26%] [Cov:======================>            65%][Progress:=======>                      26%] [Cov:======================>            65%][Progress:=======>                      26%] [Cov:======================>            65%][MASTER] 02:38:42.735 [logback-1] WARN  TestChromosome - Functional mock problem: org.evosuite.ga.ConstructionFailedException: Error: VariableReference: Statement 28, type com.google.common.collect.testing.SpliteratorTester<E>.SpliteratorDecompositionStrategy is not assignable to com.google.common.collect.testing.SpliteratorTester<java.lang.Object>.SpliteratorDecompositionStrategy
[Progress:========>                     28%] [Cov:======================>            65%][Progress:========>                     28%] [Cov:======================>            65%][MASTER] 02:38:44.104 [logback-1] WARN  TestChromosome - Functional mock problem: org.evosuite.ga.ConstructionFailedException: Error: VariableReference: Statement 31, type com.google.common.collect.testing.SpliteratorTester<E>.SpliteratorDecompositionStrategy is not assignable to com.google.common.collect.testing.SpliteratorTester<java.lang.Object>.SpliteratorDecompositionStrategy
[Progress:=========>                    30%] [Cov:======================>            65%][Progress:=========>                    30%] [Cov:======================>            65%][Progress:=========>                    31%] [Cov:======================>            65%][Progress:=========>                    31%] [Cov:======================>            65%][Progress:=========>                    33%] [Cov:======================>            65%][Progress:=========>                    33%] [Cov:======================>            65%][Progress:=========>                    33%] [Cov:======================>            65%][Progress:==========>                   35%] [Cov:======================>            65%][Progress:==========>                   35%] [Cov:======================>            65%][Progress:==========>                   35%] [Cov:======================>            65%][Progress:==========>                   36%] [Cov:======================>            65%][Progress:==========>                   36%] [Cov:======================>            65%][Progress:==========>                   36%] [Cov:======================>            65%][Progress:==========>                   36%] [Cov:======================>            65%][Progress:===========>                  38%] [Cov:======================>            65%][Progress:===========>                  38%] [Cov:======================>            65%][Progress:===========>                  38%] [Cov:=======================>           66%][Progress:===========>                  38%] [Cov:======================>            65%][Progress:============>                 40%] [Cov:======================>            65%][MASTER] 02:38:50.616 [logback-1] WARN  TestChromosome - Functional mock problem: org.evosuite.ga.ConstructionFailedException: Error: VariableReference: Statement 30, type com.google.common.collect.testing.SpliteratorTester<E>.SpliteratorDecompositionStrategy is not assignable to com.google.common.collect.testing.SpliteratorTester<java.lang.Object>.SpliteratorDecompositionStrategy
[Progress:============>                 40%] [Cov:======================>            65%][Progress:============>                 41%] [Cov:======================>            65%][Progress:============>                 41%] [Cov:======================>            65%][Progress:============>                 41%] [Cov:=======================>           66%][Progress:============>                 41%] [Cov:======================>            65%][Progress:=============>                45%] [Cov:======================>            65%][Progress:=============>                45%] [Cov:======================>            65%][Progress:=============>                46%] [Cov:======================>            65%][Progress:=============>                46%] [Cov:======================>            65%][Progress:=============>                46%] [Cov:=======================>           66%][Progress:==============>               48%] [Cov:======================>            65%][Progress:===============>              53%] [Cov:======================>            65%][Progress:===============>              53%] [Cov:======================>            65%][Progress:================>             55%] [Cov:======================>            65%][Progress:================>             55%] [Cov:======================>            65%][Progress:================>             55%] [Cov:======================>            65%][Progress:================>             56%] [Cov:=======================>           66%][Progress:==================>           60%] [Cov:=======================>           68%][Progress:==================>           60%] [Cov:=======================>           68%][Progress:==================>           61%] [Cov:=======================>           68%][Progress:==================>           61%] [Cov:=======================>           68%][Progress:==================>           63%] [Cov:=======================>           68%][Progress:===================>          65%] [Cov:=======================>           68%][Progress:===================>          66%] [Cov:=======================>           68%][Progress:====================>         68%] [Cov:=======================>           68%][Progress:====================>         68%] [Cov:=======================>           68%][Progress:====================>         68%] [Cov:=======================>           68%][Progress:=====================>        70%] [Cov:=======================>           68%][Progress:=====================>        70%] [Cov:========================>          69%][Progress:=====================>        70%] [Cov:========================>          69%][Progress:=====================>        70%] [Cov:========================>          69%][Progress:=====================>        70%] [Cov:========================>          69%][Progress:=====================>        71%] [Cov:========================>          69%][Progress:=====================>        71%] [Cov:========================>          69%][Progress:=====================>        71%] [Cov:========================>          69%][Progress:=====================>        71%] [Cov:========================>          69%][Progress:=====================>        73%] [Cov:========================>          69%][Progress:======================>       75%] [Cov:========================>          69%][Progress:======================>       75%] [Cov:========================>          69%][Progress:======================>       76%] [Cov:========================>          69%][Progress:======================>       76%] [Cov:========================>          69%][Progress:======================>       76%] [Cov:========================>          69%][Progress:======================>       76%] [Cov:========================>          69%][Progress:=======================>      78%] [Cov:========================>          69%][Progress:========================>     83%] [Cov:========================>          69%][Progress:========================>     83%] [Cov:========================>          69%][Progress:========================>     83%] [Cov:========================>          69%][Progress:========================>     83%] [Cov:========================>          69%][Progress:=========================>    85%] [Cov:========================>          69%][Progress:==========================>   88%] [Cov:========================>          69%][Progress:==========================>   88%] [Cov:========================>          69%][Progress:===========================>  93%] [Cov:========================>          69%][Progress:===========================>  93%] [Cov:========================>          69%][Progress:===========================>  93%] [Cov:========================>          69%][Progress:===========================>  93%] [Cov:========================>          69%][Progress:============================> 95%] [Cov:=======================>           68%][Progress:============================> 95%] [Cov:=======================>           68%][Progress:============================> 95%] [Cov:=======================>           68%][Progress:==============================100%] [Cov:=======================>           68%][Progress:==============================100%] [Cov:=======================>           68%]
* Search finished after 62s and 97 generations, 53121 statements, best individual has fitness: 59.0
* Minimizing test suite
* Going to analyze the coverage criteria
* Coverage analysis for criterion LINE
* Coverage of criterion LINE: 96%
* Total number of goals: 101
* Number of covered goals: 97
* Coverage analysis for criterion BRANCH
* Coverage of criterion BRANCH: 87%
* Total number of goals: 63
* Number of covered goals: 55
* Coverage analysis for criterion EXCEPTION
* Coverage of criterion EXCEPTION: 100%
* Total number of goals: 10
* Number of covered goals: 10
* Coverage analysis for criterion WEAKMUTATION
* Coverage of criterion WEAKMUTATION: 95%
* Total number of goals: 141
* Number of covered goals: 134
* Coverage analysis for criterion OUTPUT
* Coverage of criterion OUTPUT: 50%
* Total number of goals: 12
* Number of covered goals: 6
* Coverage analysis for criterion METHOD
* Coverage of criterion METHOD: 40%
* Total number of goals: 15
* Number of covered goals: 6
* Coverage analysis for criterion METHODNOEXCEPTION
* Coverage of criterion METHODNOEXCEPTION: 40%
* Total number of goals: 15
* Number of covered goals: 6
* Coverage analysis for criterion CBRANCH
* Coverage of criterion CBRANCH: 87%
* Total number of goals: 63
* Number of covered goals: 55
* Generated 16 tests with total length 99
* Resulting test suite's coverage: 69% (average coverage for all fitness functions)
* Generating assertions
* Resulting test suite's mutation score: 30%
* Compiling and checking tests
* Writing tests to file
* Writing JUnit test case 'SpliteratorTester_ESTest' to evosuite-tests
* Done!

* Computation finished
