* EvoSuite 1.2.0
* Going to generate test cases for class: com.google.inject.servlet.ManagedFilterPipeline
* Starting Client-0
* Connecting to master process on port 10008
* Analyzing classpath: 
  - /home/wtwhite/code/craw-redhat-oss/wget/crawl/repo1.maven.org/maven2/com/google/inject/extensions/guice-servlet/6.0.0/guice-servlet-6.0.0.jar
  - t/dependency/aopalliance-1.0.jar
  - t/dependency/asm-9.5.jar
  - t/dependency/byte-buddy-1.12.4.jar
  - t/dependency/byte-buddy-agent-1.12.4.jar
  - t/dependency/checker-qual-3.12.0.jar
  - t/dependency/error_prone_annotations-2.18.0.jar
  - t/dependency/failureaccess-1.0.1.jar
  - t/dependency/guava-31.0.1-jre.jar
  - t/dependency/guava-testlib-31.0.1-jre.jar
  - t/dependency/guice-6.0.0.jar
  - t/dependency/guice-6.0.0-tests.jar
  - t/dependency/hamcrest-core-1.3.jar
  - t/dependency/j2objc-annotations-1.3.jar
  - t/dependency/jakarta.inject-api-2.0.1.jar
  - t/dependency/javax.inject-1.jar
  - t/dependency/jsr305-3.0.1.jar
  - t/dependency/junit-4.13.2.jar
  - t/dependency/listenablefuture-9999.0-empty-to-avoid-conflict-with-guava.jar
  - t/dependency/mockito-core-4.2.0.jar
  - t/dependency/objenesis-3.2.jar
  - t/dependency/servlet-api-2.5.jar
* Finished analyzing classpath
* Generating tests for class com.google.inject.servlet.ManagedFilterPipeline
* Test criteria:
  - Line Coverage
  - Branch Coverage
  - Exception
  - Mutation testing (weak)
  - Method-Output Coverage
  - Top-Level Method Coverage
  - No-Exception Top-Level Method Coverage
  - Context Branch Coverage
* Total number of test goals for DYNAMOSA: 100
* Using seed 1729707202455
* Starting evolution
[Progress:>                             0%] [Cov:>                                  0%]* Initial Number of Goals in DynaMOSA = 48 / 100
[MASTER] 07:13:26.992 [logback-1] WARN  TestCluster - Failed to check cache for com.google.inject.TypeLiteral<T> : Type points to itself
[Progress:>                             1%] [Cov:====================>              58%][MASTER] 07:13:27.167 [logback-1] WARN  TestCluster - Failed to check cache for java.util.Comparator<T> : Type points to itself
[MASTER] 07:13:27.324 [logback-1] WARN  TestChromosome - Functional mock problem: org.evosuite.ga.ConstructionFailedException: Failed to add constructor for java.util.ArrayList due to org.evosuite.ga.ConstructionFailedException: Error: VariableReference: Statement 0, type java.util.PriorityQueue<com.google.inject.Binding<java.lang.Object>> is not assignable to java.util.Collection<? extends com.google.inject.Binding<com.google.inject.servlet.FilterDefinition>>
[MASTER] 07:13:27.661 [logback-1] WARN  TestChromosome - Functional mock problem: org.evosuite.ga.ConstructionFailedException: Failed to add constructor for java.util.ArrayList due to org.evosuite.ga.ConstructionFailedException: Error: VariableReference: Statement 1, type java.util.ArrayDeque<com.google.inject.Binding<com.google.inject.servlet.FilterDefinition>> is not assignable to java.util.Collection<? extends com.google.inject.Binding<com.google.inject.servlet.GuiceFilter>>
[MASTER] 07:13:27.726 [logback-1] WARN  TestChromosome - Functional mock problem: org.evosuite.ga.ConstructionFailedException: Failed to add constructor for java.util.ArrayList due to org.evosuite.ga.ConstructionFailedException: Error: VariableReference: Statement 1, type java.util.Stack<com.google.inject.Binding<com.google.inject.servlet.FilterDefinition>> is not assignable to java.util.Collection<? extends com.google.inject.Binding<com.google.inject.Binding<com.google.inject.servlet.FilterDefinition>>>
[Progress:>                             3%] [Cov:====================>              58%][MASTER] 07:13:27.826 [logback-1] WARN  TestChromosome - Functional mock problem: org.evosuite.ga.ConstructionFailedException: Failed to add constructor for java.util.ArrayList due to org.evosuite.ga.ConstructionFailedException: Error: VariableReference: Statement 0, type java.util.Collection<com.google.inject.Binding<com.google.inject.servlet.FilterDefinition>> is not assignable to java.util.Collection<? extends com.google.inject.Binding<java.lang.Object>>
[MASTER] 07:13:28.096 [logback-1] WARN  TestChromosome - Functional mock problem: org.evosuite.ga.ConstructionFailedException: Failed to add constructor for java.util.LinkedList due to org.evosuite.ga.ConstructionFailedException: Error: VariableReference: Statement 0, type java.util.ArrayDeque<com.google.inject.Binding<javax.servlet.Filter>> is not assignable to java.util.Collection<? extends com.google.inject.Binding<java.lang.Object>>
[Progress:>                             3%] [Cov:====================>              58%][MASTER] 07:13:28.254 [logback-1] WARN  TestChromosome - Functional mock problem: org.evosuite.ga.ConstructionFailedException: Failed to add constructor for java.util.Vector due to org.evosuite.ga.ConstructionFailedException: Error: VariableReference: Statement 0, type java.util.ArrayDeque<com.google.inject.Binding<java.lang.Object>> is not assignable to java.util.Collection<? extends com.google.inject.Binding<com.google.inject.Binding<com.google.inject.servlet.FilterDefinition>>>
[MASTER] 07:13:28.448 [logback-1] WARN  TestChromosome - Functional mock problem: org.evosuite.ga.ConstructionFailedException: Failed to add constructor for java.util.ArrayList due to org.evosuite.ga.ConstructionFailedException: Error: VariableReference: Statement 0, type java.util.LinkedList<com.google.inject.Binding<com.google.inject.servlet.FilterDefinition>> is not assignable to java.util.Collection<? extends com.google.inject.Binding<java.lang.Object>>
[Progress:>                             3%] [Cov:====================>              58%][MASTER] 07:13:28.775 [logback-1] WARN  TestChromosome - Functional mock problem: org.evosuite.ga.ConstructionFailedException: Failed to add constructor for com.google.inject.servlet.FilterDefinition due to org.evosuite.ga.ConstructionFailedException: Have no generator for interface com.google.inject.servlet.UriPatternMatcher canUseFunctionalMocks=true, canBeMocked: false
[MASTER] 07:13:28.786 [logback-1] WARN  TestChromosome - Functional mock problem: org.evosuite.ga.ConstructionFailedException: Have no generator for class com.google.inject.servlet.FilterDefinition canUseFunctionalMocks=false, canBeMocked: false
[Progress:=>                            5%] [Cov:=====================>             61%][Progress:=>                            5%] [Cov:=====================>             61%][Progress:=>                            5%] [Cov:=====================>             61%][Progress:=>                            5%] [Cov:=====================>             61%][MASTER] 07:13:29.662 [logback-1] WARN  TestChromosome - Functional mock problem: org.evosuite.ga.ConstructionFailedException: Failed to add constructor for java.util.ArrayList due to org.evosuite.ga.ConstructionFailedException: Error: VariableReference: Statement 0, type java.util.LinkedList<com.google.inject.Binding<java.lang.annotation.Annotation>> is not assignable to java.util.Collection<? extends com.google.inject.Binding<java.lang.Object>>
[Progress:=>                            6%] [Cov:======================>            63%][MASTER] 07:13:29.814 [logback-1] WARN  TestChromosome - Functional mock problem: org.evosuite.ga.ConstructionFailedException: Failed to add constructor for java.util.ArrayList due to org.evosuite.ga.ConstructionFailedException: Error: VariableReference: Statement 2, type java.util.Collection<com.google.inject.Binding<java.lang.annotation.Annotation>> is not assignable to java.util.Collection<? extends com.google.inject.Binding<java.lang.Object>>
[Progress:=>                            6%] [Cov:======================>            63%][MASTER] 07:13:29.996 [logback-1] WARN  TestChromosome - Functional mock problem: org.evosuite.ga.ConstructionFailedException: Failed to add constructor for java.util.LinkedList due to org.evosuite.ga.ConstructionFailedException: Error: VariableReference: Statement 1, type java.util.Collection<com.google.inject.Binding<java.lang.annotation.Annotation>> is not assignable to java.util.Collection<? extends com.google.inject.Binding<java.lang.Object>>
[MASTER] 07:13:30.075 [logback-1] WARN  TestChromosome - Functional mock problem: org.evosuite.ga.ConstructionFailedException: Failed to add constructor for java.util.Vector due to org.evosuite.ga.ConstructionFailedException: Error: VariableReference: Statement 1, type java.util.ArrayDeque<com.google.inject.Binding<java.lang.Object>> is not assignable to java.util.Collection<? extends com.google.inject.Binding<com.google.inject.servlet.FilterDefinition>>
[Progress:=>                            6%] [Cov:======================>            63%][MASTER] 07:13:30.121 [logback-1] WARN  TestChromosome - Functional mock problem: org.evosuite.ga.ConstructionFailedException: Failed to add constructor for java.util.ArrayList due to org.evosuite.ga.ConstructionFailedException: Error: VariableReference: Statement 4, type java.util.ArrayList<com.google.inject.Binding<com.google.inject.servlet.FilterDefinition>> is not assignable to java.util.Collection<? extends com.google.inject.Binding<com.google.inject.Binding<java.lang.Object>>>
[MASTER] 07:13:30.141 [logback-1] WARN  TestChromosome - Functional mock problem: org.evosuite.ga.ConstructionFailedException: Failed to add constructor for java.util.Vector due to org.evosuite.ga.ConstructionFailedException: Error: VariableReference: Statement 0, type java.util.HashSet<com.google.inject.Binding<com.google.inject.servlet.FilterDefinition>> is not assignable to java.util.Collection<? extends com.google.inject.Binding<java.lang.Object>>
[Progress:=>                            6%] [Cov:======================>            63%][MASTER] 07:13:30.347 [logback-1] WARN  TestChromosome - Functional mock problem: org.evosuite.ga.ConstructionFailedException: Failed to add constructor for java.util.Vector due to org.evosuite.ga.ConstructionFailedException: Error: VariableReference: Statement 0, type java.util.PriorityQueue<com.google.inject.Binding<java.lang.annotation.Annotation>> is not assignable to java.util.Collection<? extends com.google.inject.Binding<com.google.inject.servlet.FilterDefinition>>
[MASTER] 07:13:30.378 [logback-1] WARN  TestChromosome - Functional mock problem: org.evosuite.ga.ConstructionFailedException: Failed to add constructor for java.util.Vector due to org.evosuite.ga.ConstructionFailedException: Error: VariableReference: Statement 1, type java.util.LinkedList<com.google.inject.Binding<java.lang.annotation.Annotation>> is not assignable to java.util.Collection<? extends com.google.inject.Binding<java.lang.Object>>
[Progress:=>                            6%] [Cov:======================>            63%][Progress:==>                           8%] [Cov:=====================>             61%][MASTER] 07:13:30.646 [logback-1] WARN  TestChromosome - Functional mock problem: org.evosuite.ga.ConstructionFailedException: Failed to add constructor for java.util.ArrayList due to org.evosuite.ga.ConstructionFailedException: Error: VariableReference: Statement 1, type java.util.LinkedList<com.google.inject.Binding<com.google.inject.servlet.FilterDefinition>> is not assignable to java.util.Collection<? extends com.google.inject.Binding<org.evosuite.runtime.mock.java.io.MockFile>>
[Progress:==>                           8%] [Cov:=====================>             61%][MASTER] 07:13:30.967 [logback-1] WARN  TestChromosome - Functional mock problem: org.evosuite.ga.ConstructionFailedException: Failed to add constructor for java.util.ArrayList due to org.evosuite.ga.ConstructionFailedException: Error: VariableReference: Statement 7, type java.util.LinkedList<com.google.inject.Binding<java.lang.annotation.Annotation>> is not assignable to java.util.Collection<? extends com.google.inject.Binding<com.google.inject.Binding<java.lang.Object>>>
[Progress:==>                           8%] [Cov:=====================>             61%][MASTER] 07:13:31.151 [logback-1] WARN  TestChromosome - Functional mock problem: org.evosuite.ga.ConstructionFailedException: Failed to add constructor for java.util.Vector due to org.evosuite.ga.ConstructionFailedException: Error: VariableReference: Statement 1, type java.util.Vector<com.google.inject.Binding<java.lang.Object>> is not assignable to java.util.Collection<? extends com.google.inject.Binding<com.google.inject.servlet.FilterDefinition>>
[Progress:==>                           8%] [Cov:=====================>             61%][MASTER] 07:13:31.456 [logback-1] WARN  TestChromosome - Functional mock problem: org.evosuite.ga.ConstructionFailedException: Failed to add constructor for java.util.ArrayList due to org.evosuite.ga.ConstructionFailedException: Error: VariableReference: Statement 0, type java.util.ArrayDeque<com.google.inject.Binding<java.lang.Object>> is not assignable to java.util.Collection<? extends com.google.inject.Binding<com.google.inject.Binding<com.google.inject.servlet.FilterDefinition>>>
[MASTER] 07:13:31.485 [logback-1] WARN  TestChromosome - Functional mock problem: org.evosuite.ga.ConstructionFailedException: Failed to add constructor for java.util.ArrayList due to org.evosuite.ga.ConstructionFailedException: Error: VariableReference: Statement 0, type java.util.Stack<com.google.inject.Binding<com.google.inject.servlet.FilterDefinition>> is not assignable to java.util.Collection<? extends com.google.inject.Binding<java.lang.Object>>
[Progress:==>                           8%] [Cov:=====================>             61%][MASTER] 07:13:31.655 [logback-1] WARN  TestChromosome - Functional mock problem: org.evosuite.ga.ConstructionFailedException: Failed to add constructor for java.util.ArrayList due to org.evosuite.ga.ConstructionFailedException: Error: VariableReference: Statement 0, type java.util.Vector<com.google.inject.Binding<java.lang.Object>> is not assignable to java.util.Collection<? extends com.google.inject.Binding<java.lang.annotation.Annotation>>
[Progress:===>                          10%] [Cov:=====================>             61%][MASTER] 07:13:31.824 [logback-1] WARN  TestChromosome - Functional mock problem: org.evosuite.ga.ConstructionFailedException: Failed to add constructor for java.util.LinkedList due to org.evosuite.ga.ConstructionFailedException: Error: VariableReference: Statement 1, type java.util.LinkedHashSet<com.google.inject.Binding<com.google.inject.servlet.FilterDefinition>> is not assignable to java.util.Collection<? extends com.google.inject.Binding<java.lang.Object>>
[Progress:===>                          10%] [Cov:=====================>             61%][MASTER] 07:13:31.995 [logback-1] WARN  TestChromosome - Functional mock problem: org.evosuite.ga.ConstructionFailedException: Failed to add constructor for java.util.Vector due to org.evosuite.ga.ConstructionFailedException: Error: VariableReference: Statement 1, type java.util.PriorityQueue<com.google.inject.Binding<java.lang.Object>> is not assignable to java.util.Collection<? extends com.google.inject.Binding<com.google.inject.servlet.FilterDefinition>>
[Progress:===>                          10%] [Cov:=====================>             61%][Progress:===>                          10%] [Cov:=====================>             61%][MASTER] 07:13:32.300 [logback-1] WARN  TestChromosome - Functional mock problem: org.evosuite.ga.ConstructionFailedException: Failed to add constructor for java.util.LinkedList due to org.evosuite.ga.ConstructionFailedException: Error: VariableReference: Statement 1, type java.util.PriorityQueue<com.google.inject.Binding<java.lang.Object>> is not assignable to java.util.Collection<? extends com.google.inject.Binding<com.google.inject.servlet.FilterDefinition>>
[MASTER] 07:13:32.381 [logback-1] WARN  TestChromosome - Functional mock problem: org.evosuite.ga.ConstructionFailedException: Failed to add constructor for java.util.LinkedList due to org.evosuite.ga.ConstructionFailedException: Error: VariableReference: Statement 1, type java.util.Vector<com.google.inject.Binding<javax.servlet.Filter>> is not assignable to java.util.Collection<? extends com.google.inject.Binding<java.lang.Object>>
[Progress:===>                          10%] [Cov:=====================>             60%][MASTER] 07:13:32.417 [logback-1] WARN  TestChromosome - Functional mock problem: org.evosuite.ga.ConstructionFailedException: Failed to add constructor for java.util.LinkedList due to org.evosuite.ga.ConstructionFailedException: Error: VariableReference: Statement 4, type java.util.PriorityQueue<com.google.inject.Binding<java.lang.Object>> is not assignable to java.util.Collection<? extends com.google.inject.Binding<com.google.inject.Binding<com.google.inject.servlet.FilterDefinition>>>
[MASTER] 07:13:32.423 [logback-1] WARN  TestChromosome - Functional mock problem: org.evosuite.ga.ConstructionFailedException: Failed to add constructor for java.util.ArrayList due to org.evosuite.ga.ConstructionFailedException: Error: VariableReference: Statement 1, type java.util.PriorityQueue<com.google.inject.Binding<com.google.inject.servlet.FilterDefinition>> is not assignable to java.util.Collection<? extends com.google.inject.Binding<javax.servlet.Filter>>
[MASTER] 07:13:32.483 [logback-1] WARN  TestChromosome - Functional mock problem: org.evosuite.ga.ConstructionFailedException: Failed to add constructor for java.util.Vector due to org.evosuite.ga.ConstructionFailedException: Error: VariableReference: Statement 1, type java.util.Collection<com.google.inject.Binding<java.lang.annotation.Annotation>> is not assignable to java.util.Collection<? extends com.google.inject.Binding<com.google.inject.servlet.FilterDefinition>>
[MASTER] 07:13:32.563 [logback-1] WARN  TestChromosome - Functional mock problem: org.evosuite.ga.ConstructionFailedException: Failed to add constructor for java.util.ArrayList due to org.evosuite.ga.ConstructionFailedException: Error: VariableReference: Statement 2, type java.util.HashSet<com.google.inject.Binding<com.google.inject.servlet.FilterDefinition>> is not assignable to java.util.Collection<? extends com.google.inject.Binding<java.lang.Object>>
[Progress:===>                          10%] [Cov:=====================>             60%][MASTER] 07:13:32.616 [logback-1] WARN  TestChromosome - Functional mock problem: org.evosuite.ga.ConstructionFailedException: Failed to add constructor for java.util.ArrayList due to org.evosuite.ga.ConstructionFailedException: Error: VariableReference: Statement 1, type java.util.Collection<com.google.inject.Binding<java.lang.Object>> is not assignable to java.util.Collection<? extends com.google.inject.Binding<com.google.inject.servlet.GuiceFilter>>
[Progress:===>                          11%] [Cov:=====================>             60%][MASTER] 07:13:32.722 [logback-1] WARN  TestChromosome - Functional mock problem: org.evosuite.ga.ConstructionFailedException: Failed to add constructor for java.util.Vector due to org.evosuite.ga.ConstructionFailedException: Error: VariableReference: Statement 1, type java.util.HashSet<com.google.inject.Binding<java.lang.Object>> is not assignable to java.util.Collection<? extends com.google.inject.Binding<java.lang.annotation.Annotation>>
[Progress:===>                          11%] [Cov:=====================>             61%][MASTER] 07:13:32.886 [logback-1] WARN  TestChromosome - Functional mock problem: org.evosuite.ga.ConstructionFailedException: Failed to add constructor for java.util.LinkedList due to org.evosuite.ga.ConstructionFailedException: Error: VariableReference: Statement 0, type java.util.Stack<com.google.inject.Binding<java.lang.Object>> is not assignable to java.util.Collection<? extends com.google.inject.Binding<com.google.inject.servlet.FilterDefinition>>
[MASTER] 07:13:32.908 [logback-1] WARN  TestChromosome - Functional mock problem: org.evosuite.ga.ConstructionFailedException: Failed to add constructor for java.util.LinkedList due to org.evosuite.ga.ConstructionFailedException: Error: VariableReference: Statement 2, type java.util.HashSet<com.google.inject.Binding<java.lang.Object>> is not assignable to java.util.Collection<? extends com.google.inject.Binding<javax.servlet.Filter>>
[Progress:===>                          11%] [Cov:=====================>             61%][MASTER] 07:13:32.947 [logback-1] WARN  TestChromosome - Functional mock problem: org.evosuite.ga.ConstructionFailedException: Failed to add constructor for java.util.LinkedList due to org.evosuite.ga.ConstructionFailedException: Error: VariableReference: Statement 1, type java.util.LinkedList<com.google.inject.Binding<com.google.inject.servlet.GuiceFilter>> is not assignable to java.util.Collection<? extends com.google.inject.Binding<com.google.inject.servlet.FilterDefinition>>
[MASTER] 07:13:33.196 [logback-1] WARN  TestChromosome - Functional mock problem: org.evosuite.ga.ConstructionFailedException: Failed to add constructor for java.util.Vector due to org.evosuite.ga.ConstructionFailedException: Error: VariableReference: Statement 0, type java.util.Vector<com.google.inject.Binding<com.google.inject.servlet.FilterDefinition>> is not assignable to java.util.Collection<? extends com.google.inject.Binding<com.google.inject.Binding<com.google.inject.servlet.FilterDefinition>>>
[MASTER] 07:13:33.206 [logback-1] WARN  TestChromosome - Functional mock problem: org.evosuite.ga.ConstructionFailedException: Failed to add constructor for java.util.ArrayList due to org.evosuite.ga.ConstructionFailedException: Error: VariableReference: Statement 1, type java.util.HashSet<com.google.inject.Binding<com.google.inject.servlet.FilterDefinition>> is not assignable to java.util.Collection<? extends com.google.inject.Binding<java.lang.Object>>
[Progress:===>                          13%] [Cov:=====================>             61%][MASTER] 07:13:33.729 [logback-1] WARN  TestChromosome - Functional mock problem: org.evosuite.ga.ConstructionFailedException: Failed to add constructor for java.util.Vector due to org.evosuite.ga.ConstructionFailedException: Error: VariableReference: Statement 1, type java.util.Vector<com.google.inject.Binding<com.google.inject.servlet.FilterDefinition>> is not assignable to java.util.Collection<? extends com.google.inject.Binding<java.lang.annotation.Annotation>>
[MASTER] 07:13:33.827 [logback-1] WARN  TestChromosome - Functional mock problem: org.evosuite.ga.ConstructionFailedException: Failed to add constructor for java.util.LinkedList due to org.evosuite.ga.ConstructionFailedException: Error: VariableReference: Statement 5, type java.util.Stack<com.google.inject.Binding<com.google.inject.servlet.GuiceFilter>> is not assignable to java.util.Collection<? extends com.google.inject.Binding<com.google.inject.servlet.FilterDefinition>>
[MASTER] 07:13:33.836 [logback-1] WARN  TestChromosome - Functional mock problem: org.evosuite.ga.ConstructionFailedException: Failed to add constructor for java.util.LinkedList due to org.evosuite.ga.ConstructionFailedException: Error: VariableReference: Statement 0, type java.util.ArrayDeque<com.google.inject.Binding<java.lang.annotation.Annotation>> is not assignable to java.util.Collection<? extends com.google.inject.Binding<java.lang.Object>>
[Progress:===>                          13%] [Cov:=====================>             61%][MASTER] 07:13:34.010 [logback-1] WARN  TestChromosome - Functional mock problem: org.evosuite.ga.ConstructionFailedException: Have no generator for class com.google.inject.servlet.FilterDefinition canUseFunctionalMocks=true, canBeMocked: false
[Progress:===>                          13%] [Cov:=====================>             61%][Progress:===>                          13%] [Cov:=====================>             60%][Progress:====>                         16%] [Cov:=====================>             60%][Progress:====>                         16%] [Cov:=====================>             60%][MASTER] 07:13:35.932 [logback-1] WARN  TestChromosome - Functional mock problem: org.evosuite.ga.ConstructionFailedException: Failed to add constructor for java.util.ArrayList due to org.evosuite.ga.ConstructionFailedException: Error: VariableReference: Statement 0, type java.util.ArrayList<com.google.inject.Binding<com.google.inject.servlet.FilterDefinition>> is not assignable to java.util.Collection<? extends com.google.inject.Binding<com.google.inject.Binding<java.lang.annotation.Annotation>>>
[Progress:====>                         16%] [Cov:=====================>             61%][MASTER] 07:13:36.056 [logback-1] WARN  TestChromosome - Functional mock problem: org.evosuite.ga.ConstructionFailedException: Failed to add constructor for java.util.Vector due to org.evosuite.ga.ConstructionFailedException: Error: VariableReference: Statement 0, type java.util.Vector<com.google.inject.Binding<com.google.inject.servlet.FilterDefinition>> is not assignable to java.util.Collection<? extends com.google.inject.Binding<java.lang.Object>>
[MASTER] 07:13:36.182 [logback-1] WARN  TestChromosome - Functional mock problem: org.evosuite.ga.ConstructionFailedException: Failed to add constructor for java.util.Vector due to org.evosuite.ga.ConstructionFailedException: Error: VariableReference: Statement 0, type java.util.ArrayList<com.google.inject.Binding<java.lang.Object>> is not assignable to java.util.Collection<? extends com.google.inject.Binding<com.google.inject.servlet.GuiceFilter>>
[Progress:====>                         16%] [Cov:=====================>             61%][Progress:====>                         16%] [Cov:=====================>             60%][MASTER] 07:13:36.422 [logback-1] WARN  TestChromosome - Functional mock problem: org.evosuite.ga.ConstructionFailedException: Failed to add constructor for java.util.LinkedList due to org.evosuite.ga.ConstructionFailedException: Error: VariableReference: Statement 0, type java.util.HashSet<com.google.inject.Binding<com.google.inject.servlet.FilterDefinition>> is not assignable to java.util.Collection<? extends com.google.inject.Binding<java.lang.annotation.Annotation>>
[Progress:=====>                        18%] [Cov:=========================>         73%][MASTER] 07:13:36.624 [logback-1] WARN  TestChromosome - Functional mock problem: org.evosuite.ga.ConstructionFailedException: Failed to add constructor for java.util.ArrayList due to org.evosuite.ga.ConstructionFailedException: Error: VariableReference: Statement 1, type java.util.PriorityQueue<com.google.inject.Binding<java.lang.Object>> is not assignable to java.util.Collection<? extends com.google.inject.Binding<com.google.inject.Binding<java.lang.Object>>>
[MASTER] 07:13:36.630 [logback-1] WARN  TestChromosome - Functional mock problem: org.evosuite.ga.ConstructionFailedException: Failed to add constructor for java.util.ArrayList due to org.evosuite.ga.ConstructionFailedException: Error: VariableReference: Statement 1, type java.util.HashSet<com.google.inject.Binding<java.lang.annotation.Annotation>> is not assignable to java.util.Collection<? extends com.google.inject.Binding<java.lang.Object>>
[Progress:=====>                        18%] [Cov:==========================>        76%][MASTER] 07:13:36.950 [logback-1] WARN  TestChromosome - Functional mock problem: org.evosuite.ga.ConstructionFailedException: Failed to add constructor for java.util.ArrayList due to org.evosuite.ga.ConstructionFailedException: Error: VariableReference: Statement 1, type java.util.Vector<com.google.inject.Binding<java.lang.Object>> is not assignable to java.util.Collection<? extends com.google.inject.Binding<com.google.inject.Binding<java.lang.Object>>>
[Progress:=====>                        18%] [Cov:==========================>        75%][Progress:=====>                        18%] [Cov:==========================>        75%][Progress:=====>                        18%] [Cov:==========================>        75%][Progress:=====>                        18%] [Cov:==========================>        75%][MASTER] 07:13:37.479 [logback-1] WARN  TestChromosome - Functional mock problem: org.evosuite.ga.ConstructionFailedException: Failed to add constructor for java.util.ArrayList due to org.evosuite.ga.ConstructionFailedException: Error: VariableReference: Statement 0, type java.util.ArrayDeque<com.google.inject.Binding<java.lang.Object>> is not assignable to java.util.Collection<? extends com.google.inject.Binding<com.google.inject.servlet.FilterDefinition>>
[Progress:=====>                        18%] [Cov:==========================>        75%][Progress:======>                       20%] [Cov:==========================>        75%][MASTER] 07:13:37.740 [logback-1] WARN  TestChromosome - Functional mock problem: org.evosuite.ga.ConstructionFailedException: Failed to add constructor for java.util.LinkedList due to org.evosuite.ga.ConstructionFailedException: Error: VariableReference: Statement 1, type java.util.TreeSet<com.google.inject.Binding<java.lang.annotation.Annotation>> is not assignable to java.util.Collection<? extends com.google.inject.Binding<java.lang.Object>>
[Progress:======>                       20%] [Cov:==========================>        76%][Progress:======>                       20%] [Cov:==========================>        75%][Progress:======>                       20%] [Cov:==========================>        75%][Progress:======>                       20%] [Cov:==========================>        75%][MASTER] 07:13:39.122 [logback-1] WARN  TestChromosome - Functional mock problem: org.evosuite.ga.ConstructionFailedException: Failed to add constructor for java.util.Vector due to org.evosuite.ga.ConstructionFailedException: Error: VariableReference: Statement 0, type java.util.LinkedHashSet<com.google.inject.Binding<com.google.inject.servlet.FilterDefinition>> is not assignable to java.util.Collection<? extends com.google.inject.Binding<java.lang.Object>>
[MASTER] 07:13:39.167 [logback-1] WARN  TestChromosome - Functional mock problem: org.evosuite.ga.ConstructionFailedException: Failed to add constructor for java.util.Vector due to org.evosuite.ga.ConstructionFailedException: Error: VariableReference: Statement 0, type java.util.ArrayList<com.google.inject.Binding<java.lang.Object>> is not assignable to java.util.Collection<? extends com.google.inject.Binding<com.google.inject.servlet.FilterDefinition>>
[Progress:======>                       21%] [Cov:==========================>        75%][Progress:======>                       21%] [Cov:==========================>        75%][MASTER] 07:13:39.338 [logback-1] WARN  TestChromosome - Functional mock problem: org.evosuite.ga.ConstructionFailedException: Failed to add constructor for java.util.ArrayList due to org.evosuite.ga.ConstructionFailedException: Error: VariableReference: Statement 1, type java.util.HashSet<com.google.inject.Binding<java.lang.Object>> is not assignable to java.util.Collection<? extends com.google.inject.Binding<java.lang.annotation.Annotation>>
[Progress:======>                       21%] [Cov:==========================>        75%][MASTER] 07:13:39.386 [logback-1] WARN  TestChromosome - Functional mock problem: org.evosuite.ga.ConstructionFailedException: Failed to add constructor for java.util.Vector due to org.evosuite.ga.ConstructionFailedException: Error: VariableReference: Statement 3, type java.util.TreeSet<com.google.inject.Binding<java.lang.Object>> is not assignable to java.util.Collection<? extends com.google.inject.Binding<com.google.inject.servlet.FilterDefinition>>
[MASTER] 07:13:39.391 [logback-1] WARN  TestChromosome - Functional mock problem: org.evosuite.ga.ConstructionFailedException: Failed to add constructor for java.util.LinkedList due to org.evosuite.ga.ConstructionFailedException: Failed to add constructor for java.util.ArrayDeque due to org.evosuite.ga.ConstructionFailedException: Error: VariableReference: Statement 2, type java.util.LinkedList<com.google.inject.Binding<java.lang.Object>> is not assignable to java.util.Collection<? extends com.google.inject.Binding<java.lang.annotation.Annotation>>
[MASTER] 07:13:39.489 [logback-1] WARN  TestChromosome - Functional mock problem: org.evosuite.ga.ConstructionFailedException: Failed to add constructor for java.util.LinkedList due to org.evosuite.ga.ConstructionFailedException: Error: VariableReference: Statement 5, type java.util.ArrayDeque<com.google.inject.Binding<java.lang.Object>> is not assignable to java.util.Collection<? extends com.google.inject.Binding<com.google.inject.servlet.FilterDefinition>>
[Progress:======>                       21%] [Cov:==========================>        75%][Progress:======>                       23%] [Cov:==========================>        75%][Progress:======>                       23%] [Cov:==========================>        75%][MASTER] 07:13:39.761 [logback-1] WARN  TestChromosome - Functional mock problem: org.evosuite.ga.ConstructionFailedException: Failed to add constructor for java.util.LinkedList due to org.evosuite.ga.ConstructionFailedException: Error: VariableReference: Statement 4, type java.util.TreeSet<com.google.inject.Binding<java.lang.Object>> is not assignable to java.util.Collection<? extends com.google.inject.Binding<com.google.inject.servlet.FilterDefinition>>
[Progress:======>                       23%] [Cov:==========================>        75%][Progress:======>                       23%] [Cov:==========================>        75%][MASTER] 07:13:39.993 [logback-1] WARN  TestChromosome - Functional mock problem: org.evosuite.ga.ConstructionFailedException: Failed to add constructor for java.util.LinkedList due to org.evosuite.ga.ConstructionFailedException: Error: VariableReference: Statement 1, type java.util.PriorityQueue<com.google.inject.Binding<java.lang.Object>> is not assignable to java.util.Collection<? extends com.google.inject.Binding<com.google.inject.Binding<java.lang.Object>>>
[Progress:======>                       23%] [Cov:==========================>        75%][MASTER] 07:13:40.209 [logback-1] WARN  TestChromosome - Functional mock problem: org.evosuite.ga.ConstructionFailedException: Failed to add constructor for java.util.LinkedList due to org.evosuite.ga.ConstructionFailedException: Error: VariableReference: Statement 1, type java.util.TreeSet<com.google.inject.Binding<java.lang.Object>> is not assignable to java.util.Collection<? extends com.google.inject.Binding<com.google.inject.servlet.FilterDefinition>>
[MASTER] 07:13:40.250 [logback-1] WARN  TestChromosome - Functional mock problem: org.evosuite.ga.ConstructionFailedException: Failed to add constructor for java.util.Vector due to org.evosuite.ga.ConstructionFailedException: Error: VariableReference: Statement 1, type java.util.ArrayDeque<com.google.inject.Binding<java.lang.Object>> is not assignable to java.util.Collection<? extends com.google.inject.Binding<com.google.inject.Binding<com.google.inject.servlet.FilterDefinition>>>
[Progress:======>                       23%] [Cov:==========================>        75%][MASTER] 07:13:40.367 [logback-1] WARN  TestChromosome - Functional mock problem: org.evosuite.ga.ConstructionFailedException: Failed to add constructor for java.util.Vector due to org.evosuite.ga.ConstructionFailedException: Error: VariableReference: Statement 1, type java.util.LinkedHashSet<com.google.inject.Binding<java.lang.Object>> is not assignable to java.util.Collection<? extends com.google.inject.Binding<com.google.inject.Binding<java.lang.annotation.Annotation>>>
[Progress:======>                       23%] [Cov:==========================>        75%][MASTER] 07:13:40.482 [logback-1] WARN  TestChromosome - Functional mock problem: org.evosuite.ga.ConstructionFailedException: Failed to add constructor for java.util.Vector due to org.evosuite.ga.ConstructionFailedException: Error: VariableReference: Statement 0, type java.util.LinkedList<com.google.inject.Binding<com.google.inject.servlet.FilterDefinition>> is not assignable to java.util.Collection<? extends com.google.inject.Binding<java.lang.Object>>
[Progress:======>                       23%] [Cov:==========================>        75%][MASTER] 07:13:40.666 [logback-1] WARN  TestChromosome - Functional mock problem: org.evosuite.ga.ConstructionFailedException: Failed to add constructor for java.util.ArrayList due to org.evosuite.ga.ConstructionFailedException: Error: VariableReference: Statement 1, type java.util.Collection<com.google.inject.Binding<com.google.inject.servlet.FilterDefinition>> is not assignable to java.util.Collection<? extends com.google.inject.Binding<java.lang.Object>>
[Progress:=======>                      25%] [Cov:==========================>        75%][MASTER] 07:13:40.768 [logback-1] WARN  TestChromosome - Functional mock problem: org.evosuite.ga.ConstructionFailedException: Failed to add constructor for java.util.ArrayList due to org.evosuite.ga.ConstructionFailedException: Error: VariableReference: Statement 0, type java.util.ArrayDeque<com.google.inject.Binding<java.lang.Object>> is not assignable to java.util.Collection<? extends com.google.inject.Binding<com.google.inject.servlet.GuiceFilter>>
[Progress:=======>                      25%] [Cov:==========================>        75%][MASTER] 07:13:40.914 [logback-1] WARN  TestChromosome - Functional mock problem: org.evosuite.ga.ConstructionFailedException: Failed to add constructor for java.util.LinkedList due to org.evosuite.ga.ConstructionFailedException: Error: VariableReference: Statement 1, type java.util.Vector<com.google.inject.Binding<java.lang.Object>> is not assignable to java.util.Collection<? extends com.google.inject.Binding<com.google.inject.servlet.FilterDefinition>>
[Progress:=======>                      25%] [Cov:==========================>        75%][MASTER] 07:13:40.956 [logback-1] WARN  TestChromosome - Functional mock problem: org.evosuite.ga.ConstructionFailedException: Failed to add constructor for java.util.Vector due to org.evosuite.ga.ConstructionFailedException: Error: VariableReference: Statement 1, type java.util.PriorityQueue<com.google.inject.Binding<java.lang.annotation.Annotation>> is not assignable to java.util.Collection<? extends com.google.inject.Binding<java.lang.Object>>
[Progress:=======>                      25%] [Cov:==========================>        75%][Progress:=======>                      25%] [Cov:==========================>        75%][Progress:=======>                      25%] [Cov:==========================>        75%][MASTER] 07:13:41.181 [logback-1] WARN  TestChromosome - Functional mock problem: org.evosuite.ga.ConstructionFailedException: Failed to add constructor for java.util.Vector due to org.evosuite.ga.ConstructionFailedException: Error: VariableReference: Statement 0, type java.util.Collection<com.google.inject.Binding<java.lang.annotation.Annotation>> is not assignable to java.util.Collection<? extends com.google.inject.Binding<com.google.inject.servlet.FilterDefinition>>
[MASTER] 07:13:41.244 [logback-1] WARN  TestChromosome - Functional mock problem: org.evosuite.ga.ConstructionFailedException: Failed to add constructor for java.util.Vector due to org.evosuite.ga.ConstructionFailedException: Error: VariableReference: Statement 3, type java.util.HashSet<com.google.inject.Binding<java.lang.Object>> is not assignable to java.util.Collection<? extends com.google.inject.Binding<java.lang.annotation.Annotation>>
[Progress:=======>                      25%] [Cov:==========================>        75%][MASTER] 07:13:41.320 [logback-1] WARN  TestChromosome - Functional mock problem: org.evosuite.ga.ConstructionFailedException: Failed to add constructor for java.util.ArrayList due to org.evosuite.ga.ConstructionFailedException: Error: VariableReference: Statement 1, type java.util.LinkedList<com.google.inject.Binding<java.lang.Object>> is not assignable to java.util.Collection<? extends com.google.inject.Binding<com.google.inject.servlet.FilterDefinition>>
[Progress:=======>                      25%] [Cov:==========================>        75%][MASTER] 07:13:41.490 [logback-1] WARN  TestChromosome - Functional mock problem: org.evosuite.ga.ConstructionFailedException: Failed to add constructor for java.util.LinkedList due to org.evosuite.ga.ConstructionFailedException: Error: VariableReference: Statement 4, type java.util.TreeSet<com.google.inject.Binding<com.google.inject.servlet.FilterDefinition>> is not assignable to java.util.Collection<? extends com.google.inject.Binding<javax.servlet.Filter>>
[Progress:=======>                      25%] [Cov:==========================>        75%][Progress:=======>                      26%] [Cov:==========================>        75%][MASTER] 07:13:41.697 [logback-1] WARN  TestChromosome - Functional mock problem: org.evosuite.ga.ConstructionFailedException: Failed to add constructor for java.util.LinkedList due to org.evosuite.ga.ConstructionFailedException: Error: VariableReference: Statement 0, type java.util.PriorityQueue<com.google.inject.Binding<java.lang.Object>> is not assignable to java.util.Collection<? extends com.google.inject.Binding<com.google.inject.Binding<java.lang.Object>>>
[MASTER] 07:13:41.816 [logback-1] WARN  TestChromosome - Functional mock problem: org.evosuite.ga.ConstructionFailedException: Failed to add constructor for java.util.Vector due to org.evosuite.ga.ConstructionFailedException: Error: VariableReference: Statement 0, type java.util.HashSet<com.google.inject.Binding<java.lang.Object>> is not assignable to java.util.Collection<? extends com.google.inject.Binding<com.google.inject.servlet.FilterDefinition>>
[Progress:=======>                      26%] [Cov:==========================>        75%][Progress:=======>                      26%] [Cov:==========================>        75%][Progress:=======>                      26%] [Cov:==========================>        75%][Progress:=======>                      26%] [Cov:==========================>        75%][MASTER] 07:13:42.318 [logback-1] WARN  TestChromosome - Functional mock problem: org.evosuite.ga.ConstructionFailedException: Failed to add constructor for java.util.ArrayList due to org.evosuite.ga.ConstructionFailedException: Error: VariableReference: Statement 1, type java.util.ArrayDeque<com.google.inject.Binding<java.lang.Object>> is not assignable to java.util.Collection<? extends com.google.inject.Binding<com.google.inject.servlet.FilterDefinition>>
[Progress:=======>                      26%] [Cov:==========================>        75%][Progress:=======>                      26%] [Cov:==========================>        75%][Progress:=======>                      26%] [Cov:==========================>        75%][Progress:========>                     28%] [Cov:==========================>        75%][Progress:========>                     28%] [Cov:==========================>        75%][MASTER] 07:13:42.704 [logback-1] WARN  TestChromosome - Functional mock problem: org.evosuite.ga.ConstructionFailedException: Failed to add constructor for java.util.ArrayList due to org.evosuite.ga.ConstructionFailedException: Error: VariableReference: Statement 0, type java.util.HashSet<com.google.inject.Binding<java.lang.Object>> is not assignable to java.util.Collection<? extends com.google.inject.Binding<com.google.inject.servlet.FilterDefinition>>
[Progress:========>                     28%] [Cov:==========================>        75%][Progress:========>                     28%] [Cov:==========================>        75%][Progress:=========>                    30%] [Cov:==========================>        75%][Progress:=========>                    30%] [Cov:==========================>        75%][Progress:=========>                    30%] [Cov:==========================>        75%][Progress:=========>                    30%] [Cov:==========================>        75%][MASTER] 07:13:44.204 [logback-1] WARN  TestChromosome - Functional mock problem: org.evosuite.ga.ConstructionFailedException: Failed to add constructor for java.util.Vector due to org.evosuite.ga.ConstructionFailedException: Error: VariableReference: Statement 0, type java.util.Collection<com.google.inject.Binding<com.google.inject.servlet.FilterDefinition>> is not assignable to java.util.Collection<? extends com.google.inject.Binding<java.lang.Object>>
[Progress:=========>                    30%] [Cov:==========================>        75%][MASTER] 07:13:44.285 [logback-1] WARN  TestChromosome - Functional mock problem: org.evosuite.ga.ConstructionFailedException: Failed to add constructor for java.util.ArrayList due to org.evosuite.ga.ConstructionFailedException: Error: VariableReference: Statement 1, type java.util.PriorityQueue<com.google.inject.Binding<java.lang.Object>> is not assignable to java.util.Collection<? extends com.google.inject.Binding<com.google.inject.servlet.FilterDefinition>>
[Progress:=========>                    30%] [Cov:==========================>        75%][Progress:=========>                    30%] [Cov:==========================>        75%][Progress:=========>                    30%] [Cov:==========================>        75%][MASTER] 07:13:44.526 [logback-1] WARN  TestChromosome - Functional mock problem: org.evosuite.ga.ConstructionFailedException: Failed to add constructor for java.util.Vector due to org.evosuite.ga.ConstructionFailedException: Error: VariableReference: Statement 1, type java.util.PriorityQueue<com.google.inject.Binding<javax.servlet.Filter>> is not assignable to java.util.Collection<? extends com.google.inject.Binding<java.lang.Object>>
[Progress:=========>                    30%] [Cov:==========================>        75%][Progress:=========>                    31%] [Cov:==========================>        75%][Progress:=========>                    31%] [Cov:==========================>        75%][MASTER] 07:13:44.743 [logback-1] WARN  TestChromosome - Functional mock problem: org.evosuite.ga.ConstructionFailedException: Failed to add constructor for java.util.ArrayList due to org.evosuite.ga.ConstructionFailedException: Error: VariableReference: Statement 1, type java.util.Collection<com.google.inject.Binding<java.lang.Object>> is not assignable to java.util.Collection<? extends com.google.inject.Binding<java.lang.annotation.Annotation>>
[Progress:=========>                    31%] [Cov:==========================>        75%][Progress:=========>                    31%] [Cov:==========================>        75%][Progress:=========>                    31%] [Cov:==========================>        75%][Progress:=========>                    31%] [Cov:==========================>        75%][Progress:=========>                    31%] [Cov:==========================>        75%][MASTER] 07:13:45.120 [logback-1] WARN  TestChromosome - Functional mock problem: org.evosuite.ga.ConstructionFailedException: Failed to add constructor for java.util.LinkedList due to org.evosuite.ga.ConstructionFailedException: Error: VariableReference: Statement 1, type java.util.LinkedList<com.google.inject.Binding<javax.servlet.Filter>> is not assignable to java.util.Collection<? extends com.google.inject.Binding<com.google.inject.servlet.FilterDefinition>>
[Progress:=========>                    31%] [Cov:==========================>        75%][MASTER] 07:13:45.199 [logback-1] WARN  TestChromosome - Functional mock problem: org.evosuite.ga.ConstructionFailedException: Failed to add constructor for java.util.LinkedList due to org.evosuite.ga.ConstructionFailedException: Error: VariableReference: Statement 4, type java.util.PriorityQueue<com.google.inject.Binding<java.lang.Object>> is not assignable to java.util.Collection<? extends com.google.inject.Binding<com.google.inject.servlet.FilterDefinition>>
[Progress:=========>                    31%] [Cov:==========================>        75%][Progress:=========>                    31%] [Cov:==========================>        75%][Progress:=========>                    31%] [Cov:==========================>        75%][Progress:=========>                    31%] [Cov:==========================>        75%][Progress:=========>                    31%] [Cov:==========================>        75%][Progress:=========>                    33%] [Cov:==========================>        76%][MASTER] 07:13:45.655 [logback-1] WARN  TestChromosome - Functional mock problem: org.evosuite.ga.ConstructionFailedException: Failed to add constructor for java.util.ArrayList due to org.evosuite.ga.ConstructionFailedException: Error: VariableReference: Statement 0, type java.util.PriorityQueue<com.google.inject.Binding<java.lang.annotation.Annotation>> is not assignable to java.util.Collection<? extends com.google.inject.Binding<java.lang.Object>>
[Progress:=========>                    33%] [Cov:==========================>        75%][MASTER] 07:13:45.730 [logback-1] WARN  TestChromosome - Functional mock problem: org.evosuite.ga.ConstructionFailedException: Failed to add constructor for java.util.ArrayList due to org.evosuite.ga.ConstructionFailedException: Error: VariableReference: Statement 0, type java.util.Stack<com.google.inject.Binding<com.google.inject.servlet.GuiceFilter>> is not assignable to java.util.Collection<? extends com.google.inject.Binding<java.lang.Object>>
[MASTER] 07:13:45.742 [logback-1] WARN  TestChromosome - Functional mock problem: org.evosuite.ga.ConstructionFailedException: Failed to add constructor for java.util.LinkedList due to org.evosuite.ga.ConstructionFailedException: Error: VariableReference: Statement 0, type java.util.ArrayDeque<com.google.inject.Binding<com.google.inject.servlet.FilterDefinition>> is not assignable to java.util.Collection<? extends com.google.inject.Binding<com.google.inject.servlet.GuiceFilter>>
[Progress:=========>                    33%] [Cov:==========================>        75%][Progress:=========>                    33%] [Cov:==========================>        75%][MASTER] 07:13:45.936 [logback-1] WARN  TestChromosome - Functional mock problem: org.evosuite.ga.ConstructionFailedException: Failed to add constructor for java.util.ArrayList due to org.evosuite.ga.ConstructionFailedException: Error: VariableReference: Statement 1, type java.util.Stack<com.google.inject.Binding<com.google.inject.servlet.FilterDefinition>> is not assignable to java.util.Collection<? extends com.google.inject.Binding<com.google.inject.Binding<java.lang.Object>>>
[Progress:=========>                    33%] [Cov:==========================>        75%][MASTER] 07:13:46.044 [logback-1] WARN  TestChromosome - Functional mock problem: org.evosuite.ga.ConstructionFailedException: Failed to add constructor for java.util.Vector due to org.evosuite.ga.ConstructionFailedException: Error: VariableReference: Statement 1, type java.util.ArrayList<com.google.inject.Binding<java.lang.Object>> is not assignable to java.util.Collection<? extends com.google.inject.Binding<com.google.inject.servlet.FilterDefinition>>
[Progress:=========>                    33%] [Cov:==========================>        75%][Progress:=========>                    33%] [Cov:==========================>        75%][Progress:=========>                    33%] [Cov:==========================>        75%][Progress:=========>                    33%] [Cov:==========================>        75%][Progress:=========>                    33%] [Cov:==========================>        75%][MASTER] 07:13:46.479 [logback-1] WARN  TestChromosome - Functional mock problem: org.evosuite.ga.ConstructionFailedException: Failed to add constructor for java.util.ArrayList due to org.evosuite.ga.ConstructionFailedException: Error: VariableReference: Statement 0, type java.util.Collection<com.google.inject.Binding<java.lang.Object>> is not assignable to java.util.Collection<? extends com.google.inject.Binding<com.google.inject.servlet.FilterDefinition>>
[Progress:=========>                    33%] [Cov:==========================>        75%][MASTER] 07:13:46.581 [logback-1] WARN  TestChromosome - Functional mock problem: org.evosuite.ga.ConstructionFailedException: Failed to add constructor for java.util.Vector due to org.evosuite.ga.ConstructionFailedException: Error: VariableReference: Statement 0, type java.util.Collection<com.google.inject.Binding<com.google.inject.servlet.FilterDefinition>> is not assignable to java.util.Collection<? extends com.google.inject.Binding<java.lang.annotation.Annotation>>
[MASTER] 07:13:46.604 [logback-1] WARN  TestChromosome - Functional mock problem: org.evosuite.ga.ConstructionFailedException: Failed to add constructor for java.util.Vector due to org.evosuite.ga.ConstructionFailedException: Error: VariableReference: Statement 5, type java.util.PriorityQueue<com.google.inject.Binding<java.lang.Object>> is not assignable to java.util.Collection<? extends com.google.inject.Binding<com.google.inject.Binding<com.google.inject.servlet.GuiceFilter>>>
[Progress:==========>                   35%] [Cov:==========================>        75%][MASTER] 07:13:46.705 [logback-1] WARN  TestChromosome - Functional mock problem: org.evosuite.ga.ConstructionFailedException: Failed to add constructor for java.util.LinkedList due to org.evosuite.ga.ConstructionFailedException: Error: VariableReference: Statement 17, type java.util.PriorityQueue<com.google.inject.Binding<com.google.inject.servlet.FilterDefinition>> is not assignable to java.util.Collection<? extends com.google.inject.Binding<com.google.inject.Binding<java.lang.Object>>>
[Progress:==========>                   35%] [Cov:==========================>        75%][Progress:==========>                   35%] [Cov:==========================>        75%][Progress:==========>                   36%] [Cov:==========================>        75%][MASTER] 07:13:47.978 [logback-1] WARN  TestChromosome - Functional mock problem: org.evosuite.ga.ConstructionFailedException: Failed to add constructor for java.util.Vector due to org.evosuite.ga.ConstructionFailedException: Error: VariableReference: Statement 1, type java.util.PriorityQueue<com.google.inject.Binding<java.lang.Object>> is not assignable to java.util.Collection<? extends com.google.inject.Binding<com.google.inject.Binding<java.lang.Object>>>
[Progress:==========>                   36%] [Cov:==========================>        75%][Progress:==========>                   36%] [Cov:==========================>        75%][Progress:==========>                   36%] [Cov:==========================>        75%][Progress:===========>                  38%] [Cov:==========================>        75%][Progress:===========>                  38%] [Cov:==========================>        75%][MASTER] 07:13:49.362 [logback-1] WARN  TestChromosome - Functional mock problem: org.evosuite.ga.ConstructionFailedException: Failed to add constructor for java.util.Vector due to org.evosuite.ga.ConstructionFailedException: Error: VariableReference: Statement 4, type java.util.Stack<com.google.inject.Binding<java.lang.Object>> is not assignable to java.util.Collection<? extends com.google.inject.Binding<java.lang.annotation.Annotation>>
[Progress:===========>                  38%] [Cov:==========================>        75%][Progress:===========>                  38%] [Cov:==========================>        75%][Progress:===========>                  38%] [Cov:==========================>        75%][MASTER] 07:13:49.545 [logback-1] WARN  TestChromosome - Functional mock problem: org.evosuite.ga.ConstructionFailedException: Failed to add constructor for java.util.ArrayList due to org.evosuite.ga.ConstructionFailedException: Error: VariableReference: Statement 0, type java.util.Vector<com.google.inject.Binding<java.lang.annotation.Annotation>> is not assignable to java.util.Collection<? extends com.google.inject.Binding<com.google.inject.Binding<com.google.inject.servlet.FilterDefinition>>>
[Progress:===========>                  38%] [Cov:==========================>        75%][Progress:============>                 40%] [Cov:==========================>        75%][MASTER] 07:13:49.664 [logback-1] WARN  TestChromosome - Functional mock problem: org.evosuite.ga.ConstructionFailedException: Failed to add constructor for java.util.LinkedList due to org.evosuite.ga.ConstructionFailedException: Error: VariableReference: Statement 1, type java.util.HashSet<com.google.inject.Binding<java.lang.Object>> is not assignable to java.util.Collection<? extends com.google.inject.Binding<com.google.inject.servlet.FilterDefinition>>
[Progress:============>                 40%] [Cov:==========================>        75%][Progress:============>                 40%] [Cov:==========================>        75%][MASTER] 07:13:49.776 [logback-1] WARN  TestChromosome - Functional mock problem: org.evosuite.ga.ConstructionFailedException: Failed to add constructor for java.util.LinkedList due to org.evosuite.ga.ConstructionFailedException: Error: VariableReference: Statement 0, type java.util.Collection<com.google.inject.Binding<java.lang.annotation.Annotation>> is not assignable to java.util.Collection<? extends com.google.inject.Binding<com.google.inject.servlet.FilterDefinition>>
[MASTER] 07:13:49.791 [logback-1] WARN  TestChromosome - Functional mock problem: org.evosuite.ga.ConstructionFailedException: Failed to add constructor for java.util.Vector due to org.evosuite.ga.ConstructionFailedException: Error: VariableReference: Statement 0, type java.util.Stack<com.google.inject.Binding<java.lang.Object>> is not assignable to java.util.Collection<? extends com.google.inject.Binding<com.google.inject.servlet.FilterDefinition>>
[Progress:============>                 40%] [Cov:==========================>        75%][MASTER] 07:13:49.985 [logback-1] WARN  TestChromosome - Functional mock problem: org.evosuite.ga.ConstructionFailedException: Failed to add constructor for java.util.LinkedList due to org.evosuite.ga.ConstructionFailedException: Error: VariableReference: Statement 1, type java.util.LinkedHashSet<com.google.inject.Binding<com.google.inject.servlet.FilterDefinition>> is not assignable to java.util.Collection<? extends com.google.inject.Binding<com.google.inject.servlet.GuiceFilter>>
[MASTER] 07:13:50.014 [logback-1] WARN  TestChromosome - Functional mock problem: org.evosuite.ga.ConstructionFailedException: Failed to add constructor for java.util.Vector due to org.evosuite.ga.ConstructionFailedException: Error: VariableReference: Statement 0, type java.util.TreeSet<com.google.inject.Binding<java.lang.annotation.Annotation>> is not assignable to java.util.Collection<? extends com.google.inject.Binding<java.lang.Object>>
[Progress:============>                 40%] [Cov:==========================>        75%][MASTER] 07:13:50.128 [logback-1] WARN  TestChromosome - Functional mock problem: org.evosuite.ga.ConstructionFailedException: Failed to add constructor for java.util.ArrayList due to org.evosuite.ga.ConstructionFailedException: Error: VariableReference: Statement 0, type java.util.LinkedList<com.google.inject.Binding<com.google.inject.servlet.FilterDefinition>> is not assignable to java.util.Collection<? extends com.google.inject.Binding<java.lang.annotation.Annotation>>
[Progress:============>                 40%] [Cov:==========================>        75%][MASTER] 07:13:50.161 [logback-1] WARN  TestChromosome - Functional mock problem: org.evosuite.ga.ConstructionFailedException: Failed to add constructor for java.util.LinkedList due to org.evosuite.ga.ConstructionFailedException: Error: VariableReference: Statement 0, type java.util.ArrayDeque<com.google.inject.Binding<java.lang.Object>> is not assignable to java.util.Collection<? extends com.google.inject.Binding<com.google.inject.servlet.FilterDefinition>>
[Progress:============>                 40%] [Cov:==========================>        75%][MASTER] 07:13:50.235 [logback-1] WARN  TestChromosome - Functional mock problem: org.evosuite.ga.ConstructionFailedException: Failed to add constructor for java.util.ArrayList due to org.evosuite.ga.ConstructionFailedException: Error: VariableReference: Statement 0, type java.util.HashSet<com.google.inject.Binding<java.lang.Object>> is not assignable to java.util.Collection<? extends com.google.inject.Binding<java.lang.annotation.Annotation>>
[Progress:============>                 40%] [Cov:==========================>        75%][MASTER] 07:13:50.351 [logback-1] WARN  TestChromosome - Functional mock problem: org.evosuite.ga.ConstructionFailedException: Failed to add constructor for java.util.ArrayList due to org.evosuite.ga.ConstructionFailedException: Error: VariableReference: Statement 0, type java.util.Vector<com.google.inject.Binding<java.lang.Object>> is not assignable to java.util.Collection<? extends com.google.inject.Binding<com.google.inject.servlet.FilterDefinition>>
[Progress:============>                 40%] [Cov:==========================>        75%][MASTER] 07:13:50.447 [logback-1] WARN  TestChromosome - Functional mock problem: org.evosuite.ga.ConstructionFailedException: Failed to add constructor for java.util.LinkedList due to org.evosuite.ga.ConstructionFailedException: Error: VariableReference: Statement 0, type java.util.HashSet<com.google.inject.Binding<com.google.inject.servlet.FilterDefinition>> is not assignable to java.util.Collection<? extends com.google.inject.Binding<java.lang.Object>>
[MASTER] 07:13:50.473 [logback-1] WARN  TestChromosome - Functional mock problem: org.evosuite.ga.ConstructionFailedException: Failed to add constructor for java.util.ArrayList due to org.evosuite.ga.ConstructionFailedException: Error: VariableReference: Statement 0, type java.util.LinkedHashSet<com.google.inject.Binding<com.google.inject.servlet.FilterDefinition>> is not assignable to java.util.Collection<? extends com.google.inject.Binding<java.lang.Object>>
[Progress:============>                 40%] [Cov:==========================>        75%][Progress:============>                 41%] [Cov:==========================>        75%][Progress:============>                 41%] [Cov:==========================>        75%][Progress:============>                 41%] [Cov:==========================>        75%][MASTER] 07:13:50.877 [logback-1] WARN  TestChromosome - Functional mock problem: org.evosuite.ga.ConstructionFailedException: Failed to add constructor for java.util.Vector due to org.evosuite.ga.ConstructionFailedException: Error: VariableReference: Statement 2, type java.util.LinkedList<com.google.inject.Binding<java.lang.annotation.Annotation>> is not assignable to java.util.Collection<? extends com.google.inject.Binding<com.google.inject.servlet.FilterDefinition>>
[Progress:============>                 41%] [Cov:==========================>        75%][MASTER] 07:13:51.059 [logback-1] WARN  TestChromosome - Functional mock problem: org.evosuite.ga.ConstructionFailedException: Failed to add constructor for java.util.LinkedList due to org.evosuite.ga.ConstructionFailedException: Error: VariableReference: Statement 1, type java.util.Vector<com.google.inject.Binding<java.lang.Object>> is not assignable to java.util.Collection<? extends com.google.inject.Binding<java.lang.annotation.Annotation>>
[Progress:============>                 41%] [Cov:==========================>        75%][Progress:============>                 41%] [Cov:==========================>        75%][MASTER] 07:13:51.178 [logback-1] WARN  TestChromosome - Functional mock problem: org.evosuite.ga.ConstructionFailedException: Failed to add constructor for java.util.LinkedList due to org.evosuite.ga.ConstructionFailedException: Failed to add constructor for java.util.LinkedList due to org.evosuite.ga.ConstructionFailedException: Error: VariableReference: Statement 3, type java.util.List<com.google.inject.Binding<com.google.inject.servlet.FilterDefinition>> is not assignable to java.util.Collection<? extends com.google.inject.Binding<java.lang.Object>>
[Progress:============>                 41%] [Cov:==========================>        75%][MASTER] 07:13:51.238 [logback-1] WARN  TestChromosome - Functional mock problem: org.evosuite.ga.ConstructionFailedException: Failed to add constructor for java.util.LinkedList due to org.evosuite.ga.ConstructionFailedException: Error: VariableReference: Statement 0, type java.util.HashSet<com.google.inject.Binding<java.lang.Object>> is not assignable to java.util.Collection<? extends com.google.inject.Binding<java.lang.annotation.Annotation>>
[MASTER] 07:13:51.253 [logback-1] WARN  TestChromosome - Functional mock problem: org.evosuite.ga.ConstructionFailedException: Failed to add constructor for java.util.ArrayList due to org.evosuite.ga.ConstructionFailedException: Error: VariableReference: Statement 3, type java.util.PriorityQueue<com.google.inject.Binding<java.lang.Object>> is not assignable to java.util.Collection<? extends com.google.inject.Binding<com.google.inject.servlet.FilterDefinition>>
[Progress:============>                 41%] [Cov:==========================>        75%][Progress:============>                 41%] [Cov:==========================>        75%][Progress:============>                 41%] [Cov:==========================>        75%][MASTER] 07:13:51.502 [logback-1] WARN  TestChromosome - Functional mock problem: org.evosuite.ga.ConstructionFailedException: Failed to add constructor for java.util.Vector due to org.evosuite.ga.ConstructionFailedException: Error: VariableReference: Statement 0, type java.util.HashSet<com.google.inject.Binding<com.google.inject.servlet.FilterDefinition>> is not assignable to java.util.Collection<? extends com.google.inject.Binding<com.google.inject.Binding<com.google.inject.servlet.FilterDefinition>>>
[Progress:============>                 41%] [Cov:==========================>        75%][MASTER] 07:13:51.572 [logback-1] WARN  TestChromosome - Functional mock problem: org.evosuite.ga.ConstructionFailedException: Failed to add constructor for java.util.Vector due to org.evosuite.ga.ConstructionFailedException: Error: VariableReference: Statement 0, type java.util.ArrayList<com.google.inject.Binding<java.lang.annotation.Annotation>> is not assignable to java.util.Collection<? extends com.google.inject.Binding<com.google.inject.Binding<java.lang.Object>>>
[Progress:============>                 41%] [Cov:==========================>        75%][Progress:============>                 43%] [Cov:==========================>        75%][MASTER] 07:13:51.662 [logback-1] WARN  TestChromosome - Functional mock problem: org.evosuite.ga.ConstructionFailedException: Failed to add constructor for java.util.LinkedList due to org.evosuite.ga.ConstructionFailedException: Error: VariableReference: Statement 3, type java.util.ArrayList<com.google.inject.Binding<java.lang.Object>> is not assignable to java.util.Collection<? extends com.google.inject.Binding<com.google.inject.Binding<javax.servlet.Filter>>>
[MASTER] 07:13:51.691 [logback-1] WARN  TestChromosome - Functional mock problem: org.evosuite.ga.ConstructionFailedException: Failed to add constructor for java.util.ArrayList due to org.evosuite.ga.ConstructionFailedException: Error: VariableReference: Statement 0, type java.util.Stack<com.google.inject.Binding<com.google.inject.servlet.FilterDefinition>> is not assignable to java.util.Collection<? extends com.google.inject.Binding<java.lang.annotation.Annotation>>
[Progress:============>                 43%] [Cov:==========================>        75%][Progress:============>                 43%] [Cov:==========================>        75%][Progress:============>                 43%] [Cov:==========================>        75%][MASTER] 07:13:52.810 [logback-1] WARN  TestChromosome - Functional mock problem: org.evosuite.ga.ConstructionFailedException: Failed to add constructor for java.util.Vector due to org.evosuite.ga.ConstructionFailedException: Error: VariableReference: Statement 1, type java.util.ArrayList<com.google.inject.Binding<javax.servlet.Filter>> is not assignable to java.util.Collection<? extends com.google.inject.Binding<com.google.inject.servlet.FilterDefinition>>
[MASTER] 07:13:52.818 [logback-1] WARN  TestChromosome - Functional mock problem: org.evosuite.ga.ConstructionFailedException: Failed to add constructor for java.util.ArrayList due to org.evosuite.ga.ConstructionFailedException: Error: VariableReference: Statement 7, type java.util.LinkedList<com.google.inject.Binding<com.google.inject.servlet.FilterDefinition>> is not assignable to java.util.Collection<? extends com.google.inject.Binding<java.lang.annotation.Annotation>>
[MASTER] 07:13:52.838 [logback-1] WARN  TestChromosome - Functional mock problem: org.evosuite.ga.ConstructionFailedException: Failed to add constructor for java.util.ArrayList due to org.evosuite.ga.ConstructionFailedException: Error: VariableReference: Statement 0, type java.util.Stack<com.google.inject.Binding<java.lang.Object>> is not assignable to java.util.Collection<? extends com.google.inject.Binding<com.google.inject.servlet.GuiceFilter>>
[MASTER] 07:13:52.850 [logback-1] WARN  TestChromosome - Functional mock problem: org.evosuite.ga.ConstructionFailedException: Failed to add constructor for java.util.Vector due to org.evosuite.ga.ConstructionFailedException: Error: VariableReference: Statement 5, type java.util.LinkedHashSet<com.google.inject.Binding<java.lang.Object>> is not assignable to java.util.Collection<? extends com.google.inject.Binding<com.google.inject.servlet.GuiceFilter>>
[Progress:=============>                45%] [Cov:==========================>        75%][MASTER] 07:13:52.889 [logback-1] WARN  TestChromosome - Functional mock problem: org.evosuite.ga.ConstructionFailedException: Failed to add constructor for java.util.ArrayList due to org.evosuite.ga.ConstructionFailedException: Error: VariableReference: Statement 0, type java.util.ArrayList<com.google.inject.Binding<java.lang.Object>> is not assignable to java.util.Collection<? extends com.google.inject.Binding<com.google.inject.servlet.FilterDefinition>>
[Progress:=============>                45%] [Cov:==========================>        75%][Progress:=============>                45%] [Cov:==========================>        75%][MASTER] 07:13:53.070 [logback-1] WARN  TestChromosome - Functional mock problem: org.evosuite.ga.ConstructionFailedException: Failed to add constructor for java.util.LinkedList due to org.evosuite.ga.ConstructionFailedException: Error: VariableReference: Statement 1, type java.util.Stack<com.google.inject.Binding<java.lang.Object>> is not assignable to java.util.Collection<? extends com.google.inject.Binding<com.google.inject.servlet.FilterDefinition>>
[Progress:=============>                45%] [Cov:==========================>        75%][MASTER] 07:13:53.096 [logback-1] WARN  TestChromosome - Functional mock problem: org.evosuite.ga.ConstructionFailedException: Failed to add constructor for java.util.Vector due to org.evosuite.ga.ConstructionFailedException: Error: VariableReference: Statement 0, type java.util.Stack<com.google.inject.Binding<java.lang.Object>> is not assignable to java.util.Collection<? extends com.google.inject.Binding<com.google.inject.servlet.GuiceFilter>>
[Progress:=============>                45%] [Cov:==========================>        75%][Progress:=============>                45%] [Cov:==========================>        75%][Progress:=============>                45%] [Cov:==========================>        75%][Progress:=============>                46%] [Cov:==========================>        75%][Progress:=============>                46%] [Cov:==========================>        75%][MASTER] 07:13:53.825 [logback-1] WARN  TestChromosome - Functional mock problem: org.evosuite.ga.ConstructionFailedException: Failed to add constructor for java.util.Vector due to org.evosuite.ga.ConstructionFailedException: Error: VariableReference: Statement 0, type java.util.LinkedList<com.google.inject.Binding<java.lang.Object>> is not assignable to java.util.Collection<? extends com.google.inject.Binding<com.google.inject.servlet.FilterDefinition>>
[MASTER] 07:13:53.860 [logback-1] WARN  TestChromosome - Functional mock problem: org.evosuite.ga.ConstructionFailedException: Failed to add constructor for java.util.ArrayList due to org.evosuite.ga.ConstructionFailedException: Error: VariableReference: Statement 4, type java.util.Collection<com.google.inject.Binding<java.lang.Object>> is not assignable to java.util.Collection<? extends com.google.inject.Binding<com.google.inject.Binding<java.lang.annotation.Annotation>>>
[Progress:=============>                46%] [Cov:==========================>        75%][MASTER] 07:13:53.893 [logback-1] WARN  TestChromosome - Functional mock problem: org.evosuite.ga.ConstructionFailedException: Failed to add constructor for java.util.LinkedList due to org.evosuite.ga.ConstructionFailedException: Error: VariableReference: Statement 0, type java.util.HashSet<com.google.inject.Binding<java.lang.Object>> is not assignable to java.util.Collection<? extends com.google.inject.Binding<com.google.inject.servlet.FilterDefinition>>
[MASTER] 07:13:53.914 [logback-1] WARN  TestChromosome - Functional mock problem: org.evosuite.ga.ConstructionFailedException: Failed to add constructor for java.util.ArrayList due to org.evosuite.ga.ConstructionFailedException: Error: VariableReference: Statement 0, type java.util.HashSet<com.google.inject.Binding<java.lang.Object>> is not assignable to java.util.Collection<? extends com.google.inject.Binding<javax.servlet.Filter>>
[Progress:=============>                46%] [Cov:==========================>        75%][Progress:=============>                46%] [Cov:==========================>        75%][MASTER] 07:13:54.049 [logback-1] WARN  TestChromosome - Functional mock problem: org.evosuite.ga.ConstructionFailedException: Failed to add constructor for java.util.LinkedList due to org.evosuite.ga.ConstructionFailedException: Error: VariableReference: Statement 1, type java.util.ArrayDeque<com.google.inject.Binding<com.google.inject.servlet.FilterDefinition>> is not assignable to java.util.Collection<? extends com.google.inject.Binding<java.lang.Object>>
[Progress:=============>                46%] [Cov:==========================>        75%][Progress:=============>                46%] [Cov:==========================>        75%][MASTER] 07:13:54.227 [logback-1] WARN  TestChromosome - Functional mock problem: org.evosuite.ga.ConstructionFailedException: Failed to add constructor for java.util.Vector due to org.evosuite.ga.ConstructionFailedException: Error: VariableReference: Statement 0, type java.util.Collection<com.google.inject.Binding<com.google.inject.servlet.GuiceFilter>> is not assignable to java.util.Collection<? extends com.google.inject.Binding<com.google.inject.Binding<java.lang.Object>>>
[MASTER] 07:13:54.229 [logback-1] WARN  TestChromosome - Functional mock problem: org.evosuite.ga.ConstructionFailedException: Failed to add constructor for java.util.ArrayList due to org.evosuite.ga.ConstructionFailedException: Error: VariableReference: Statement 1, type java.util.LinkedList<com.google.inject.Binding<java.lang.Object>> is not assignable to java.util.Collection<? extends com.google.inject.Binding<com.google.inject.servlet.GuiceFilter>>
[Progress:=============>                46%] [Cov:==========================>        75%][MASTER] 07:13:54.306 [logback-1] WARN  TestChromosome - Functional mock problem: org.evosuite.ga.ConstructionFailedException: Failed to add constructor for java.util.Vector due to org.evosuite.ga.ConstructionFailedException: Error: VariableReference: Statement 5, type java.util.ArrayDeque<com.google.inject.Binding<com.google.inject.servlet.FilterDefinition>> is not assignable to java.util.Collection<? extends com.google.inject.Binding<java.lang.Object>>
[Progress:=============>                46%] [Cov:==========================>        75%][Progress:=============>                46%] [Cov:==========================>        75%][MASTER] 07:13:55.111 [logback-1] WARN  TestChromosome - Functional mock problem: org.evosuite.ga.ConstructionFailedException: Failed to add constructor for java.util.LinkedList due to org.evosuite.ga.ConstructionFailedException: Error: VariableReference: Statement 1, type java.util.Collection<com.google.inject.Binding<com.google.inject.servlet.FilterDefinition>> is not assignable to java.util.Collection<? extends com.google.inject.Binding<java.lang.Object>>
[MASTER] 07:13:55.149 [logback-1] WARN  TestChromosome - Functional mock problem: org.evosuite.ga.ConstructionFailedException: Failed to add constructor for java.util.ArrayList due to org.evosuite.ga.ConstructionFailedException: Error: VariableReference: Statement 1, type java.util.Collection<com.google.inject.Binding<java.lang.Object>> is not assignable to java.util.Collection<? extends com.google.inject.Binding<com.google.inject.Binding<java.lang.Object>>>
[Progress:==============>               48%] [Cov:==========================>        75%][Progress:==============>               48%] [Cov:==========================>        75%][MASTER] 07:13:55.300 [logback-1] WARN  TestChromosome - Functional mock problem: org.evosuite.ga.ConstructionFailedException: Failed to add constructor for java.util.LinkedList due to org.evosuite.ga.ConstructionFailedException: Error: VariableReference: Statement 1, type java.util.HashSet<com.google.inject.Binding<com.google.inject.servlet.FilterDefinition>> is not assignable to java.util.Collection<? extends com.google.inject.Binding<java.lang.Object>>
[Progress:==============>               48%] [Cov:==========================>        75%][Progress:==============>               48%] [Cov:==========================>        75%][Progress:==============>               48%] [Cov:==========================>        75%][MASTER] 07:13:55.421 [logback-1] WARN  TestChromosome - Functional mock problem: org.evosuite.ga.ConstructionFailedException: Failed to add constructor for java.util.Vector due to org.evosuite.ga.ConstructionFailedException: Error: VariableReference: Statement 1, type java.util.LinkedHashSet<com.google.inject.Binding<com.google.inject.servlet.FilterDefinition>> is not assignable to java.util.Collection<? extends com.google.inject.Binding<java.lang.annotation.Annotation>>
[MASTER] 07:13:55.441 [logback-1] WARN  TestChromosome - Functional mock problem: org.evosuite.ga.ConstructionFailedException: Failed to add constructor for java.util.ArrayList due to org.evosuite.ga.ConstructionFailedException: Failed to add constructor for java.util.PriorityQueue due to org.evosuite.ga.ConstructionFailedException: Error: VariableReference: Statement 0, type java.util.ArrayList<com.google.inject.Binding<java.lang.annotation.Annotation>> is not assignable to java.util.Collection<? extends com.google.inject.Binding<com.google.inject.servlet.FilterDefinition>>
[Progress:==============>               48%] [Cov:==========================>        75%][Progress:==============>               48%] [Cov:==========================>        75%][Progress:===============>              50%] [Cov:==========================>        75%][Progress:===============>              50%] [Cov:==========================>        75%][MASTER] 07:13:55.685 [logback-1] WARN  TestChromosome - Functional mock problem: org.evosuite.ga.ConstructionFailedException: Failed to add constructor for java.util.Vector due to org.evosuite.ga.ConstructionFailedException: Error: VariableReference: Statement 1, type java.util.LinkedHashSet<com.google.inject.Binding<java.lang.Object>> is not assignable to java.util.Collection<? extends com.google.inject.Binding<com.google.inject.servlet.FilterDefinition>>
[Progress:===============>              50%] [Cov:==========================>        75%][Progress:===============>              50%] [Cov:==========================>        75%][MASTER] 07:13:55.835 [logback-1] WARN  TestChromosome - Functional mock problem: org.evosuite.ga.ConstructionFailedException: Failed to add constructor for java.util.LinkedList due to org.evosuite.ga.ConstructionFailedException: Error: VariableReference: Statement 1, type java.util.Collection<com.google.inject.Binding<com.google.inject.servlet.FilterDefinition>> is not assignable to java.util.Collection<? extends com.google.inject.Binding<java.lang.annotation.Annotation>>
[Progress:===============>              50%] [Cov:==========================>        75%][Progress:===============>              50%] [Cov:==========================>        75%][MASTER] 07:13:55.943 [logback-1] WARN  TestChromosome - Functional mock problem: org.evosuite.ga.ConstructionFailedException: Failed to add constructor for java.util.LinkedList due to org.evosuite.ga.ConstructionFailedException: Error: VariableReference: Statement 0, type java.util.LinkedList<com.google.inject.Binding<com.google.inject.servlet.FilterDefinition>> is not assignable to java.util.Collection<? extends com.google.inject.Binding<java.lang.Object>>
[Progress:===============>              50%] [Cov:==========================>        75%][MASTER] 07:13:56.015 [logback-1] WARN  TestChromosome - Functional mock problem: org.evosuite.ga.ConstructionFailedException: Failed to add constructor for java.util.Vector due to org.evosuite.ga.ConstructionFailedException: Error: VariableReference: Statement 0, type java.util.ArrayList<com.google.inject.Binding<com.google.inject.servlet.FilterDefinition>> is not assignable to java.util.Collection<? extends com.google.inject.Binding<java.lang.Object>>
[Progress:===============>              50%] [Cov:==========================>        75%][MASTER] 07:13:56.065 [logback-1] WARN  TestChromosome - Functional mock problem: org.evosuite.ga.ConstructionFailedException: Failed to add constructor for java.util.Vector due to org.evosuite.ga.ConstructionFailedException: Error: VariableReference: Statement 1, type java.util.TreeSet<com.google.inject.Binding<java.lang.Object>> is not assignable to java.util.Collection<? extends com.google.inject.Binding<com.google.inject.Binding<java.lang.Object>>>
[MASTER] 07:13:56.068 [logback-1] WARN  TestChromosome - Functional mock problem: org.evosuite.ga.ConstructionFailedException: Failed to add constructor for java.util.Vector due to org.evosuite.ga.ConstructionFailedException: Error: VariableReference: Statement 1, type java.util.LinkedHashSet<com.google.inject.Binding<java.lang.Object>> is not assignable to java.util.Collection<? extends com.google.inject.Binding<com.google.inject.Binding<com.google.inject.servlet.FilterDefinition>>>
[Progress:===============>              50%] [Cov:==========================>        75%][Progress:===============>              50%] [Cov:==========================>        75%][Progress:===============>              50%] [Cov:==========================>        75%][Progress:===============>              50%] [Cov:==========================>        75%][Progress:===============>              50%] [Cov:==========================>        75%][Progress:===============>              50%] [Cov:==========================>        75%][Progress:===============>              50%] [Cov:==========================>        75%][Progress:===============>              51%] [Cov:==========================>        75%][Progress:===============>              51%] [Cov:==========================>        75%][Progress:===============>              51%] [Cov:==========================>        75%][Progress:===============>              51%] [Cov:==========================>        75%][Progress:===============>              51%] [Cov:==========================>        75%][Progress:===============>              51%] [Cov:==========================>        75%][Progress:===============>              53%] [Cov:==========================>        75%][Progress:===============>              53%] [Cov:==========================>        75%][MASTER] 07:13:57.856 [logback-1] WARN  TestChromosome - Functional mock problem: org.evosuite.ga.ConstructionFailedException: Failed to add constructor for java.util.ArrayList due to org.evosuite.ga.ConstructionFailedException: Error: VariableReference: Statement 1, type java.util.ArrayDeque<com.google.inject.Binding<com.google.inject.servlet.FilterDefinition>> is not assignable to java.util.Collection<? extends com.google.inject.Binding<java.lang.Object>>
[MASTER] 07:13:57.891 [logback-1] WARN  TestChromosome - Functional mock problem: org.evosuite.ga.ConstructionFailedException: Failed to add constructor for java.util.LinkedList due to org.evosuite.ga.ConstructionFailedException: Error: VariableReference: Statement 0, type java.util.Collection<com.google.inject.Binding<java.lang.annotation.Annotation>> is not assignable to java.util.Collection<? extends com.google.inject.Binding<java.lang.Object>>
[Progress:===============>              53%] [Cov:==========================>        75%][MASTER] 07:13:57.964 [logback-1] WARN  TestChromosome - Functional mock problem: org.evosuite.ga.ConstructionFailedException: Failed to add constructor for java.util.LinkedList due to org.evosuite.ga.ConstructionFailedException: Error: VariableReference: Statement 7, type java.util.ArrayList<com.google.inject.Binding<com.google.inject.servlet.FilterDefinition>> is not assignable to java.util.Collection<? extends com.google.inject.Binding<java.lang.annotation.Annotation>>
[Progress:===============>              53%] [Cov:==========================>        75%][Progress:===============>              53%] [Cov:==========================>        75%][MASTER] 07:13:58.082 [logback-1] WARN  TestChromosome - Functional mock problem: org.evosuite.ga.ConstructionFailedException: Failed to add constructor for java.util.LinkedList due to org.evosuite.ga.ConstructionFailedException: Error: VariableReference: Statement 0, type java.util.LinkedHashSet<com.google.inject.Binding<com.google.inject.servlet.FilterDefinition>> is not assignable to java.util.Collection<? extends com.google.inject.Binding<java.lang.Object>>
[Progress:===============>              53%] [Cov:==========================>        75%][Progress:===============>              53%] [Cov:==========================>        75%][Progress:===============>              53%] [Cov:==========================>        75%][Progress:===============>              53%] [Cov:==========================>        75%][MASTER] 07:13:58.302 [logback-1] WARN  TestChromosome - Functional mock problem: org.evosuite.ga.ConstructionFailedException: Failed to add constructor for java.util.Vector due to org.evosuite.ga.ConstructionFailedException: Error: VariableReference: Statement 2, type java.util.ArrayList<com.google.inject.Binding<java.lang.Object>> is not assignable to java.util.Collection<? extends com.google.inject.Binding<com.google.inject.Binding<java.lang.annotation.Annotation>>>
[Progress:===============>              53%] [Cov:==========================>        75%][MASTER] 07:13:58.363 [logback-1] WARN  TestChromosome - Functional mock problem: org.evosuite.ga.ConstructionFailedException: Failed to add constructor for java.util.LinkedList due to org.evosuite.ga.ConstructionFailedException: Error: VariableReference: Statement 1, type java.util.Stack<com.google.inject.Binding<com.google.inject.servlet.FilterDefinition>> is not assignable to java.util.Collection<? extends com.google.inject.Binding<java.lang.Object>>
[Progress:===============>              53%] [Cov:==========================>        75%][MASTER] 07:13:58.412 [logback-1] WARN  TestChromosome - Functional mock problem: org.evosuite.ga.ConstructionFailedException: Failed to add constructor for java.util.ArrayList due to org.evosuite.ga.ConstructionFailedException: Error: VariableReference: Statement 4, type java.util.HashSet<com.google.inject.Binding<com.google.inject.servlet.FilterDefinition>> is not assignable to java.util.Collection<? extends com.google.inject.Binding<java.lang.Object>>
[Progress:===============>              53%] [Cov:==========================>        75%][MASTER] 07:13:58.492 [logback-1] WARN  TestChromosome - Functional mock problem: org.evosuite.ga.ConstructionFailedException: Failed to add constructor for java.util.LinkedList due to org.evosuite.ga.ConstructionFailedException: Error: VariableReference: Statement 1, type java.util.ArrayDeque<com.google.inject.Binding<java.lang.Object>> is not assignable to java.util.Collection<? extends com.google.inject.Binding<com.google.inject.Binding<com.google.inject.servlet.FilterDefinition>>>
[MASTER] 07:13:58.506 [logback-1] WARN  TestChromosome - Functional mock problem: org.evosuite.ga.ConstructionFailedException: Failed to add constructor for java.util.Vector due to org.evosuite.ga.ConstructionFailedException: Error: VariableReference: Statement 3, type java.util.Vector<com.google.inject.Binding<java.lang.Object>> is not assignable to java.util.Collection<? extends com.google.inject.Binding<com.google.inject.servlet.GuiceFilter>>
[Progress:===============>              53%] [Cov:==========================>        75%][MASTER] 07:13:58.594 [logback-1] WARN  TestChromosome - Functional mock problem: org.evosuite.ga.ConstructionFailedException: Failed to add constructor for java.util.Vector due to org.evosuite.ga.ConstructionFailedException: Failed to add constructor for java.util.ArrayDeque due to org.evosuite.ga.ConstructionFailedException: Error: VariableReference: Statement 0, type java.util.ArrayList<com.google.inject.Binding<java.lang.annotation.Annotation>> is not assignable to java.util.Collection<? extends com.google.inject.Binding<java.lang.Object>>
[Progress:================>             55%] [Cov:==========================>        75%][Progress:================>             55%] [Cov:==========================>        75%][Progress:================>             55%] [Cov:==========================>        75%][MASTER] 07:13:58.780 [logback-1] WARN  TestChromosome - Functional mock problem: org.evosuite.ga.ConstructionFailedException: Failed to add constructor for java.util.ArrayList due to org.evosuite.ga.ConstructionFailedException: Error: VariableReference: Statement 0, type java.util.Stack<com.google.inject.Binding<java.lang.Object>> is not assignable to java.util.Collection<? extends com.google.inject.Binding<com.google.inject.Binding<com.google.inject.servlet.GuiceFilter>>>
[MASTER] 07:13:58.781 [logback-1] WARN  TestChromosome - Functional mock problem: org.evosuite.ga.ConstructionFailedException: Failed to add constructor for java.util.LinkedList due to org.evosuite.ga.ConstructionFailedException: Failed to add constructor for java.util.ArrayDeque due to org.evosuite.ga.ConstructionFailedException: Error: VariableReference: Statement 0, type java.util.LinkedList<com.google.inject.Binding<com.google.inject.servlet.GuiceFilter>> is not assignable to java.util.Collection<? extends com.google.inject.Binding<java.lang.Object>>
[MASTER] 07:13:58.791 [logback-1] WARN  TestChromosome - Functional mock problem: org.evosuite.ga.ConstructionFailedException: Failed to add constructor for java.util.ArrayList due to org.evosuite.ga.ConstructionFailedException: Error: VariableReference: Statement 0, type java.util.ArrayList<com.google.inject.Binding<java.lang.annotation.Annotation>> is not assignable to java.util.Collection<? extends com.google.inject.Binding<com.google.inject.servlet.FilterDefinition>>
[Progress:================>             55%] [Cov:==========================>        75%][Progress:================>             55%] [Cov:==========================>        75%][MASTER] 07:13:58.911 [logback-1] WARN  TestChromosome - Functional mock problem: org.evosuite.ga.ConstructionFailedException: Failed to add constructor for java.util.ArrayList due to org.evosuite.ga.ConstructionFailedException: Error: VariableReference: Statement 2, type java.util.ArrayList<com.google.inject.Binding<java.lang.annotation.Annotation>> is not assignable to java.util.Collection<? extends com.google.inject.Binding<com.google.inject.Binding<com.google.inject.servlet.FilterDefinition>>>
[Progress:================>             55%] [Cov:==========================>        75%][Progress:================>             55%] [Cov:==========================>        75%][Progress:================>             55%] [Cov:==========================>        75%][Progress:================>             55%] [Cov:==========================>        75%][Progress:================>             55%] [Cov:==========================>        75%][MASTER] 07:13:59.207 [logback-1] WARN  TestChromosome - Functional mock problem: org.evosuite.ga.ConstructionFailedException: Failed to add constructor for java.util.LinkedList due to org.evosuite.ga.ConstructionFailedException: Error: VariableReference: Statement 0, type java.util.ArrayDeque<com.google.inject.Binding<com.google.inject.servlet.FilterDefinition>> is not assignable to java.util.Collection<? extends com.google.inject.Binding<com.google.inject.Binding<com.google.inject.servlet.FilterDefinition>>>
[MASTER] 07:13:59.212 [logback-1] WARN  TestChromosome - Functional mock problem: org.evosuite.ga.ConstructionFailedException: Failed to add constructor for java.util.ArrayList due to org.evosuite.ga.ConstructionFailedException: Error: VariableReference: Statement 0, type java.util.TreeSet<com.google.inject.Binding<java.lang.Object>> is not assignable to java.util.Collection<? extends com.google.inject.Binding<javax.servlet.Filter>>
[Progress:================>             55%] [Cov:==========================>        75%][MASTER] 07:13:59.279 [logback-1] WARN  TestChromosome - Functional mock problem: org.evosuite.ga.ConstructionFailedException: Failed to add constructor for java.util.LinkedList due to org.evosuite.ga.ConstructionFailedException: Error: VariableReference: Statement 7, type java.util.HashSet<com.google.inject.Binding<java.lang.Object>> is not assignable to java.util.Collection<? extends com.google.inject.Binding<com.google.inject.Binding<com.google.inject.servlet.FilterDefinition>>>
[Progress:================>             55%] [Cov:==========================>        75%][MASTER] 07:13:59.352 [logback-1] WARN  TestChromosome - Functional mock problem: org.evosuite.ga.ConstructionFailedException: Failed to add constructor for java.util.Vector due to org.evosuite.ga.ConstructionFailedException: Failed to add constructor for java.util.ArrayDeque due to org.evosuite.ga.ConstructionFailedException: Error: VariableReference: Statement 1, type java.util.Vector<com.google.inject.Binding<java.lang.Object>> is not assignable to java.util.Collection<? extends com.google.inject.Binding<com.google.inject.servlet.FilterDefinition>>
[Progress:================>             55%] [Cov:==========================>        75%][MASTER] 07:13:59.406 [logback-1] WARN  TestChromosome - Functional mock problem: org.evosuite.ga.ConstructionFailedException: Failed to add constructor for java.util.Vector due to org.evosuite.ga.ConstructionFailedException: Error: VariableReference: Statement 1, type java.util.Collection<com.google.inject.Binding<java.lang.Object>> is not assignable to java.util.Collection<? extends com.google.inject.Binding<com.google.inject.servlet.FilterDefinition>>
[Progress:================>             55%] [Cov:==========================>        75%][MASTER] 07:13:59.480 [logback-1] WARN  TestChromosome - Functional mock problem: org.evosuite.ga.ConstructionFailedException: Failed to add constructor for java.util.LinkedList due to org.evosuite.ga.ConstructionFailedException: Error: VariableReference: Statement 0, type java.util.ArrayList<com.google.inject.Binding<java.lang.Object>> is not assignable to java.util.Collection<? extends com.google.inject.Binding<com.google.inject.servlet.FilterDefinition>>
[Progress:================>             55%] [Cov:==========================>        75%][Progress:================>             55%] [Cov:==========================>        75%][Progress:================>             56%] [Cov:==========================>        75%][Progress:================>             56%] [Cov:==========================>        75%][MASTER] 07:13:59.679 [logback-1] WARN  TestChromosome - Functional mock problem: org.evosuite.ga.ConstructionFailedException: Failed to add constructor for java.util.ArrayList due to org.evosuite.ga.ConstructionFailedException: Error: VariableReference: Statement 1, type java.util.Stack<com.google.inject.Binding<java.lang.Object>> is not assignable to java.util.Collection<? extends com.google.inject.Binding<com.google.inject.servlet.FilterDefinition>>
[Progress:================>             56%] [Cov:==========================>        75%][Progress:================>             56%] [Cov:==========================>        75%][MASTER] 07:13:59.829 [logback-1] WARN  TestChromosome - Functional mock problem: org.evosuite.ga.ConstructionFailedException: Failed to add constructor for java.util.ArrayList due to org.evosuite.ga.ConstructionFailedException: Error: VariableReference: Statement 0, type java.util.ArrayDeque<com.google.inject.Binding<java.lang.Object>> is not assignable to java.util.Collection<? extends com.google.inject.Binding<java.lang.annotation.Annotation>>
[Progress:================>             56%] [Cov:==========================>        75%][Progress:================>             56%] [Cov:==========================>        75%][MASTER] 07:13:59.964 [logback-1] WARN  TestChromosome - Functional mock problem: org.evosuite.ga.ConstructionFailedException: Failed to add constructor for java.util.ArrayList due to org.evosuite.ga.ConstructionFailedException: Error: VariableReference: Statement 0, type java.util.LinkedList<com.google.inject.Binding<java.lang.annotation.Annotation>> is not assignable to java.util.Collection<? extends com.google.inject.Binding<com.google.inject.Binding<java.lang.Object>>>
[MASTER] 07:13:59.981 [logback-1] WARN  TestChromosome - Functional mock problem: org.evosuite.ga.ConstructionFailedException: Failed to add constructor for java.util.Vector due to org.evosuite.ga.ConstructionFailedException: Error: VariableReference: Statement 1, type java.util.HashSet<com.google.inject.Binding<java.lang.Object>> is not assignable to java.util.Collection<? extends com.google.inject.Binding<com.google.inject.servlet.FilterDefinition>>
[Progress:================>             56%] [Cov:==========================>        75%][Progress:================>             56%] [Cov:==========================>        75%][MASTER] 07:14:00.068 [logback-1] WARN  TestChromosome - Functional mock problem: org.evosuite.ga.ConstructionFailedException: Failed to add constructor for java.util.Vector due to org.evosuite.ga.ConstructionFailedException: Error: VariableReference: Statement 1, type java.util.Collection<com.google.inject.Binding<javax.servlet.Filter>> is not assignable to java.util.Collection<? extends com.google.inject.Binding<com.google.inject.servlet.FilterDefinition>>
[Progress:================>             56%] [Cov:==========================>        75%][Progress:================>             56%] [Cov:==========================>        75%][Progress:================>             56%] [Cov:==========================>        75%][MASTER] 07:14:00.277 [logback-1] WARN  TestChromosome - Functional mock problem: org.evosuite.ga.ConstructionFailedException: Failed to add constructor for java.util.LinkedList due to org.evosuite.ga.ConstructionFailedException: Failed to add constructor for java.util.PriorityQueue due to org.evosuite.ga.ConstructionFailedException: Error: VariableReference: Statement 1, type java.util.Stack<com.google.inject.Binding<com.google.inject.servlet.FilterDefinition>> is not assignable to java.util.Collection<? extends com.google.inject.Binding<com.google.inject.servlet.GuiceFilter>>
[Progress:================>             56%] [Cov:==========================>        75%][Progress:================>             56%] [Cov:==========================>        75%][MASTER] 07:14:00.399 [logback-1] WARN  TestChromosome - Functional mock problem: org.evosuite.ga.ConstructionFailedException: Failed to add constructor for java.util.LinkedList due to org.evosuite.ga.ConstructionFailedException: Error: VariableReference: Statement 1, type java.util.PriorityQueue<com.google.inject.Binding<com.google.inject.servlet.FilterDefinition>> is not assignable to java.util.Collection<? extends com.google.inject.Binding<java.lang.Object>>
[MASTER] 07:14:00.452 [logback-1] WARN  TestChromosome - Functional mock problem: org.evosuite.ga.ConstructionFailedException: Failed to add constructor for java.util.LinkedList due to org.evosuite.ga.ConstructionFailedException: Error: VariableReference: Statement 0, type java.util.Stack<com.google.inject.Binding<com.google.inject.servlet.FilterDefinition>> is not assignable to java.util.Collection<? extends com.google.inject.Binding<java.lang.Object>>
[Progress:================>             56%] [Cov:==========================>        75%][MASTER] 07:14:00.518 [logback-1] WARN  TestChromosome - Functional mock problem: org.evosuite.ga.ConstructionFailedException: Failed to add constructor for java.util.LinkedList due to org.evosuite.ga.ConstructionFailedException: Error: VariableReference: Statement 0, type java.util.HashSet<com.google.inject.Binding<java.lang.annotation.Annotation>> is not assignable to java.util.Collection<? extends com.google.inject.Binding<com.google.inject.servlet.FilterDefinition>>
[MASTER] 07:14:00.521 [logback-1] WARN  TestChromosome - Functional mock problem: org.evosuite.ga.ConstructionFailedException: Failed to add constructor for java.util.LinkedList due to org.evosuite.ga.ConstructionFailedException: Error: VariableReference: Statement 5, type java.util.Stack<com.google.inject.Binding<java.lang.annotation.Annotation>> is not assignable to java.util.Collection<? extends com.google.inject.Binding<com.google.inject.servlet.FilterDefinition>>
[Progress:================>             56%] [Cov:==========================>        75%][Progress:=================>            58%] [Cov:==========================>        75%][Progress:=================>            58%] [Cov:==========================>        75%][Progress:=================>            58%] [Cov:==========================>        75%][MASTER] 07:14:00.802 [logback-1] WARN  TestChromosome - Functional mock problem: org.evosuite.ga.ConstructionFailedException: Failed to add constructor for java.util.Vector due to org.evosuite.ga.ConstructionFailedException: Error: VariableReference: Statement 1, type java.util.Vector<com.google.inject.Binding<java.lang.annotation.Annotation>> is not assignable to java.util.Collection<? extends com.google.inject.Binding<java.lang.Object>>
[Progress:=================>            58%] [Cov:==========================>        75%][MASTER] 07:14:00.907 [logback-1] WARN  TestChromosome - Functional mock problem: org.evosuite.ga.ConstructionFailedException: Failed to add constructor for java.util.Vector due to org.evosuite.ga.ConstructionFailedException: Error: VariableReference: Statement 0, type java.util.PriorityQueue<com.google.inject.Binding<java.lang.Object>> is not assignable to java.util.Collection<? extends com.google.inject.Binding<com.google.inject.servlet.FilterDefinition>>
[Progress:=================>            58%] [Cov:==========================>        75%][Progress:=================>            58%] [Cov:==========================>        75%][MASTER] 07:14:01.566 [logback-1] WARN  TestChromosome - Functional mock problem: org.evosuite.ga.ConstructionFailedException: Failed to add constructor for java.util.Vector due to org.evosuite.ga.ConstructionFailedException: Error: VariableReference: Statement 1, type java.util.LinkedList<com.google.inject.Binding<com.google.inject.servlet.FilterDefinition>> is not assignable to java.util.Collection<? extends com.google.inject.Binding<com.google.inject.Binding<com.google.inject.servlet.FilterDefinition>>>
[MASTER] 07:14:01.580 [logback-1] WARN  TestChromosome - Functional mock problem: org.evosuite.ga.ConstructionFailedException: Failed to add constructor for java.util.Vector due to org.evosuite.ga.ConstructionFailedException: Error: VariableReference: Statement 0, type java.util.Vector<com.google.inject.Binding<com.google.inject.servlet.FilterDefinition>> is not assignable to java.util.Collection<? extends com.google.inject.Binding<java.lang.annotation.Annotation>>
[MASTER] 07:14:01.585 [logback-1] WARN  TestChromosome - Functional mock problem: org.evosuite.ga.ConstructionFailedException: Failed to add constructor for java.util.ArrayList due to org.evosuite.ga.ConstructionFailedException: Error: VariableReference: Statement 1, type java.util.PriorityQueue<com.google.inject.Binding<java.lang.Object>> is not assignable to java.util.Collection<? extends com.google.inject.Binding<java.lang.annotation.Annotation>>
[Progress:=================>            58%] [Cov:==========================>        75%][MASTER] 07:14:01.606 [logback-1] WARN  TestChromosome - Functional mock problem: org.evosuite.ga.ConstructionFailedException: Failed to add constructor for java.util.LinkedList due to org.evosuite.ga.ConstructionFailedException: Error: VariableReference: Statement 0, type java.util.Vector<com.google.inject.Binding<java.lang.Object>> is not assignable to java.util.Collection<? extends com.google.inject.Binding<com.google.inject.servlet.GuiceFilter>>
[Progress:==================>           60%] [Cov:==========================>        75%][Progress:==================>           60%] [Cov:==========================>        75%][Progress:==================>           60%] [Cov:==========================>        75%][Progress:==================>           60%] [Cov:==========================>        75%][MASTER] 07:14:01.897 [logback-1] WARN  TestChromosome - Functional mock problem: org.evosuite.ga.ConstructionFailedException: Failed to add constructor for java.util.LinkedList due to org.evosuite.ga.ConstructionFailedException: Error: VariableReference: Statement 0, type java.util.HashSet<com.google.inject.Binding<java.lang.Object>> is not assignable to java.util.Collection<? extends com.google.inject.Binding<com.google.inject.Binding<java.lang.annotation.Annotation>>>
[Progress:==================>           60%] [Cov:==========================>        75%][MASTER] 07:14:01.935 [logback-1] WARN  TestChromosome - Functional mock problem: org.evosuite.ga.ConstructionFailedException: Failed to add constructor for java.util.Vector due to org.evosuite.ga.ConstructionFailedException: Error: VariableReference: Statement 1, type java.util.TreeSet<com.google.inject.Binding<com.google.inject.servlet.FilterDefinition>> is not assignable to java.util.Collection<? extends com.google.inject.Binding<java.lang.Object>>
[Progress:==================>           60%] [Cov:==========================>        75%][Progress:==================>           60%] [Cov:==========================>        75%][MASTER] 07:14:02.101 [logback-1] WARN  TestChromosome - Functional mock problem: org.evosuite.ga.ConstructionFailedException: Failed to add constructor for java.util.Vector due to org.evosuite.ga.ConstructionFailedException: Error: VariableReference: Statement 1, type java.util.Vector<com.google.inject.Binding<com.google.inject.servlet.FilterDefinition>> is not assignable to java.util.Collection<? extends com.google.inject.Binding<java.lang.Object>>
[Progress:==================>           60%] [Cov:==========================>        75%][Progress:==================>           60%] [Cov:==========================>        75%][Progress:==================>           60%] [Cov:==========================>        75%][Progress:==================>           60%] [Cov:==========================>        75%][MASTER] 07:14:02.345 [logback-1] WARN  TestChromosome - Functional mock problem: org.evosuite.ga.ConstructionFailedException: Failed to add constructor for java.util.Vector due to org.evosuite.ga.ConstructionFailedException: Error: VariableReference: Statement 1, type java.util.TreeSet<com.google.inject.Binding<java.lang.Object>> is not assignable to java.util.Collection<? extends com.google.inject.Binding<java.lang.annotation.Annotation>>
[Progress:==================>           60%] [Cov:==========================>        75%][MASTER] 07:14:02.437 [logback-1] WARN  TestChromosome - Functional mock problem: org.evosuite.ga.ConstructionFailedException: Failed to add constructor for java.util.ArrayList due to org.evosuite.ga.ConstructionFailedException: Failed to add constructor for java.util.HashSet due to org.evosuite.ga.ConstructionFailedException: Error: VariableReference: Statement 0, type java.util.HashSet<com.google.inject.Binding<java.lang.Object>> is not assignable to java.util.Collection<? extends com.google.inject.Binding<com.google.inject.servlet.FilterDefinition>>
[Progress:==================>           60%] [Cov:==========================>        75%][MASTER] 07:14:02.481 [logback-1] WARN  TestChromosome - Functional mock problem: org.evosuite.ga.ConstructionFailedException: Failed to add constructor for java.util.LinkedList due to org.evosuite.ga.ConstructionFailedException: Error: VariableReference: Statement 1, type java.util.LinkedHashSet<com.google.inject.Binding<com.google.inject.servlet.FilterDefinition>> is not assignable to java.util.Collection<? extends com.google.inject.Binding<com.google.inject.Binding<java.lang.Object>>>
[Progress:==================>           60%] [Cov:==========================>        75%][MASTER] 07:14:02.543 [logback-1] WARN  TestChromosome - Functional mock problem: org.evosuite.ga.ConstructionFailedException: Failed to add constructor for java.util.ArrayList due to org.evosuite.ga.ConstructionFailedException: Error: VariableReference: Statement 0, type java.util.Collection<com.google.inject.Binding<com.google.inject.servlet.GuiceFilter>> is not assignable to java.util.Collection<? extends com.google.inject.Binding<java.lang.Object>>
[Progress:==================>           60%] [Cov:==========================>        75%][Progress:==================>           61%] [Cov:==========================>        75%][MASTER] 07:14:02.654 [logback-1] WARN  TestChromosome - Functional mock problem: org.evosuite.ga.ConstructionFailedException: Failed to add constructor for java.util.ArrayList due to org.evosuite.ga.ConstructionFailedException: Failed to add constructor for java.util.Vector due to org.evosuite.ga.ConstructionFailedException: Error: VariableReference: Statement 1, type java.util.ArrayList<com.google.inject.Binding<com.google.inject.servlet.FilterDefinition>> is not assignable to java.util.Collection<? extends com.google.inject.Binding<java.lang.Object>>
[Progress:==================>           61%] [Cov:==========================>        75%][Progress:==================>           61%] [Cov:==========================>        75%][MASTER] 07:14:02.804 [logback-1] WARN  TestChromosome - Functional mock problem: org.evosuite.ga.ConstructionFailedException: Failed to add constructor for java.util.LinkedList due to org.evosuite.ga.ConstructionFailedException: Error: VariableReference: Statement 0, type java.util.LinkedList<com.google.inject.Binding<java.lang.Object>> is not assignable to java.util.Collection<? extends com.google.inject.Binding<java.lang.annotation.Annotation>>
[Progress:==================>           61%] [Cov:==========================>        75%][Progress:==================>           61%] [Cov:==========================>        75%][MASTER] 07:14:02.950 [logback-1] WARN  TestChromosome - Functional mock problem: org.evosuite.ga.ConstructionFailedException: Failed to add constructor for java.util.ArrayList due to org.evosuite.ga.ConstructionFailedException: Error: VariableReference: Statement 0, type java.util.ArrayList<com.google.inject.Binding<java.lang.Object>> is not assignable to java.util.Collection<? extends com.google.inject.Binding<java.lang.annotation.Annotation>>
[MASTER] 07:14:02.955 [logback-1] WARN  TestChromosome - Functional mock problem: org.evosuite.ga.ConstructionFailedException: Failed to add constructor for java.util.LinkedList due to org.evosuite.ga.ConstructionFailedException: Error: VariableReference: Statement 1, type java.util.PriorityQueue<com.google.inject.Binding<com.google.inject.servlet.FilterDefinition>> is not assignable to java.util.Collection<? extends com.google.inject.Binding<com.google.inject.Binding<java.lang.Object>>>
[Progress:==================>           61%] [Cov:==========================>        75%][Progress:==================>           61%] [Cov:==========================>        75%][MASTER] 07:14:03.044 [logback-1] WARN  TestChromosome - Functional mock problem: org.evosuite.ga.ConstructionFailedException: Failed to add constructor for java.util.Vector due to org.evosuite.ga.ConstructionFailedException: Error: VariableReference: Statement 3, type java.util.HashSet<com.google.inject.Binding<java.lang.Object>> is not assignable to java.util.Collection<? extends com.google.inject.Binding<com.google.inject.servlet.FilterDefinition>>
[Progress:==================>           61%] [Cov:==========================>        75%][Progress:==================>           61%] [Cov:==========================>        75%][Progress:==================>           61%] [Cov:==========================>        75%][Progress:==================>           61%] [Cov:==========================>        75%][Progress:==================>           61%] [Cov:==========================>        75%][MASTER] 07:14:03.336 [logback-1] WARN  TestChromosome - Functional mock problem: org.evosuite.ga.ConstructionFailedException: Failed to add constructor for java.util.LinkedList due to org.evosuite.ga.ConstructionFailedException: Error: VariableReference: Statement 3, type java.util.TreeSet<com.google.inject.Binding<java.lang.Object>> is not assignable to java.util.Collection<? extends com.google.inject.Binding<com.google.inject.servlet.FilterDefinition>>
[Progress:==================>           61%] [Cov:==========================>        75%][Progress:==================>           61%] [Cov:==========================>        75%][MASTER] 07:14:03.478 [logback-1] WARN  TestChromosome - Functional mock problem: org.evosuite.ga.ConstructionFailedException: Failed to add constructor for java.util.LinkedList due to org.evosuite.ga.ConstructionFailedException: Error: VariableReference: Statement 0, type java.util.TreeSet<com.google.inject.Binding<com.google.inject.servlet.GuiceFilter>> is not assignable to java.util.Collection<? extends com.google.inject.Binding<java.lang.Object>>
[Progress:==================>           61%] [Cov:==========================>        75%][Progress:==================>           61%] [Cov:==========================>        75%][Progress:==================>           63%] [Cov:==========================>        75%][Progress:==================>           63%] [Cov:==========================>        75%][Progress:==================>           63%] [Cov:==========================>        75%][Progress:==================>           63%] [Cov:==========================>        75%][MASTER] 07:14:03.857 [logback-1] WARN  TestChromosome - Functional mock problem: org.evosuite.ga.ConstructionFailedException: Failed to add constructor for java.util.Vector due to org.evosuite.ga.ConstructionFailedException: Error: VariableReference: Statement 0, type java.util.ArrayDeque<com.google.inject.Binding<java.lang.Object>> is not assignable to java.util.Collection<? extends com.google.inject.Binding<com.google.inject.servlet.FilterDefinition>>
[Progress:==================>           63%] [Cov:==========================>        75%][MASTER] 07:14:03.896 [logback-1] WARN  TestChromosome - Functional mock problem: org.evosuite.ga.ConstructionFailedException: Failed to add constructor for java.util.LinkedList due to org.evosuite.ga.ConstructionFailedException: Error: VariableReference: Statement 7, type java.util.Vector<com.google.inject.Binding<java.lang.Object>> is not assignable to java.util.Collection<? extends com.google.inject.Binding<java.lang.annotation.Annotation>>
[Progress:==================>           63%] [Cov:==========================>        75%][MASTER] 07:14:03.962 [logback-1] WARN  TestChromosome - Functional mock problem: org.evosuite.ga.ConstructionFailedException: Failed to add constructor for java.util.ArrayList due to org.evosuite.ga.ConstructionFailedException: Error: VariableReference: Statement 0, type java.util.Stack<com.google.inject.Binding<com.google.inject.servlet.FilterDefinition>> is not assignable to java.util.Collection<? extends com.google.inject.Binding<com.google.inject.Binding<com.google.inject.servlet.FilterDefinition>>>
[MASTER] 07:14:03.997 [logback-1] WARN  TestChromosome - Functional mock problem: org.evosuite.ga.ConstructionFailedException: Failed to add constructor for java.util.Vector due to org.evosuite.ga.ConstructionFailedException: Error: VariableReference: Statement 2, type java.util.HashSet<com.google.inject.Binding<com.google.inject.servlet.GuiceFilter>> is not assignable to java.util.Collection<? extends com.google.inject.Binding<java.lang.Object>>
[Progress:==================>           63%] [Cov:==========================>        75%][MASTER] 07:14:04.032 [logback-1] WARN  TestChromosome - Functional mock problem: org.evosuite.ga.ConstructionFailedException: Failed to add constructor for java.util.ArrayList due to org.evosuite.ga.ConstructionFailedException: Error: VariableReference: Statement 1, type java.util.Stack<com.google.inject.Binding<javax.servlet.Filter>> is not assignable to java.util.Collection<? extends com.google.inject.Binding<com.google.inject.servlet.FilterDefinition>>
[MASTER] 07:14:04.076 [logback-1] WARN  TestChromosome - Functional mock problem: org.evosuite.ga.ConstructionFailedException: Failed to add constructor for java.util.LinkedList due to org.evosuite.ga.ConstructionFailedException: Error: VariableReference: Statement 1, type java.util.HashSet<com.google.inject.Binding<com.google.inject.servlet.GuiceFilter>> is not assignable to java.util.Collection<? extends com.google.inject.Binding<java.lang.Object>>
[Progress:==================>           63%] [Cov:==========================>        75%][Progress:==================>           63%] [Cov:==========================>        75%][MASTER] 07:14:04.192 [logback-1] WARN  TestChromosome - Functional mock problem: org.evosuite.ga.ConstructionFailedException: Failed to add constructor for java.util.LinkedList due to org.evosuite.ga.ConstructionFailedException: Error: VariableReference: Statement 0, type java.util.ArrayDeque<com.google.inject.Binding<com.google.inject.servlet.FilterDefinition>> is not assignable to java.util.Collection<? extends com.google.inject.Binding<com.google.inject.Binding<com.google.inject.servlet.GuiceFilter>>>
[Progress:==================>           63%] [Cov:==========================>        75%][Progress:==================>           63%] [Cov:==========================>        75%][Progress:==================>           63%] [Cov:==========================>        75%][MASTER] 07:14:04.374 [logback-1] WARN  TestChromosome - Functional mock problem: org.evosuite.ga.ConstructionFailedException: Failed to add constructor for java.util.LinkedList due to org.evosuite.ga.ConstructionFailedException: Error: VariableReference: Statement 5, type java.util.Stack<com.google.inject.Binding<java.lang.Object>> is not assignable to java.util.Collection<? extends com.google.inject.Binding<com.google.inject.Binding<com.google.inject.servlet.FilterDefinition>>>
[Progress:==================>           63%] [Cov:==========================>        75%][Progress:==================>           63%] [Cov:==========================>        75%][MASTER] 07:14:04.598 [logback-1] WARN  TestChromosome - Functional mock problem: org.evosuite.ga.ConstructionFailedException: Failed to add constructor for java.util.ArrayList due to org.evosuite.ga.ConstructionFailedException: Error: VariableReference: Statement 0, type java.util.LinkedList<com.google.inject.Binding<com.google.inject.servlet.GuiceFilter>> is not assignable to java.util.Collection<? extends com.google.inject.Binding<java.lang.Object>>
[Progress:===================>          65%] [Cov:==========================>        75%][Progress:===================>          65%] [Cov:==========================>        75%][Progress:===================>          65%] [Cov:==========================>        75%][MASTER] 07:14:05.264 [logback-1] WARN  TestChromosome - Functional mock problem: org.evosuite.ga.ConstructionFailedException: Failed to add constructor for java.util.ArrayList due to org.evosuite.ga.ConstructionFailedException: Error: VariableReference: Statement 0, type java.util.TreeSet<com.google.inject.Binding<java.lang.Object>> is not assignable to java.util.Collection<? extends com.google.inject.Binding<java.lang.annotation.Annotation>>
[Progress:===================>          65%] [Cov:==========================>        75%][Progress:===================>          65%] [Cov:==========================>        75%][MASTER] 07:14:05.400 [logback-1] WARN  TestChromosome - Functional mock problem: org.evosuite.ga.ConstructionFailedException: Failed to add constructor for java.util.ArrayList due to org.evosuite.ga.ConstructionFailedException: Error: VariableReference: Statement 0, type java.util.Collection<com.google.inject.Binding<java.lang.annotation.Annotation>> is not assignable to java.util.Collection<? extends com.google.inject.Binding<com.google.inject.servlet.FilterDefinition>>
[MASTER] 07:14:05.433 [logback-1] WARN  TestChromosome - Functional mock problem: org.evosuite.ga.ConstructionFailedException: Failed to add constructor for java.util.ArrayList due to org.evosuite.ga.ConstructionFailedException: Error: VariableReference: Statement 5, type java.util.ArrayList<com.google.inject.Binding<com.google.inject.servlet.FilterDefinition>> is not assignable to java.util.Collection<? extends com.google.inject.Binding<java.lang.annotation.Annotation>>
[Progress:===================>          65%] [Cov:==========================>        75%][Progress:===================>          65%] [Cov:==========================>        75%][MASTER] 07:14:05.570 [logback-1] WARN  TestChromosome - Functional mock problem: org.evosuite.ga.ConstructionFailedException: Failed to add constructor for java.util.ArrayList due to org.evosuite.ga.ConstructionFailedException: Error: VariableReference: Statement 0, type java.util.Vector<com.google.inject.Binding<com.google.inject.servlet.FilterDefinition>> is not assignable to java.util.Collection<? extends com.google.inject.Binding<java.lang.Object>>
[MASTER] 07:14:05.574 [logback-1] WARN  TestChromosome - Functional mock problem: org.evosuite.ga.ConstructionFailedException: Failed to add constructor for java.util.Vector due to org.evosuite.ga.ConstructionFailedException: Error: VariableReference: Statement 1, type java.util.Vector<com.google.inject.Binding<com.google.inject.servlet.FilterDefinition>> is not assignable to java.util.Collection<? extends com.google.inject.Binding<com.google.inject.Binding<java.lang.annotation.Annotation>>>
[Progress:===================>          66%] [Cov:==========================>        75%][Progress:===================>          66%] [Cov:==========================>        75%][Progress:===================>          66%] [Cov:==========================>        75%][Progress:===================>          66%] [Cov:==========================>        75%][Progress:===================>          66%] [Cov:==========================>        75%][Progress:===================>          66%] [Cov:==========================>        75%][MASTER] 07:14:05.917 [logback-1] WARN  TestChromosome - Functional mock problem: org.evosuite.ga.ConstructionFailedException: Failed to add constructor for java.util.ArrayList due to org.evosuite.ga.ConstructionFailedException: Error: VariableReference: Statement 1, type java.util.TreeSet<com.google.inject.Binding<java.lang.Object>> is not assignable to java.util.Collection<? extends com.google.inject.Binding<com.google.inject.servlet.FilterDefinition>>
[Progress:===================>          66%] [Cov:==========================>        75%][Progress:===================>          66%] [Cov:==========================>        75%][MASTER] 07:14:06.060 [logback-1] WARN  TestChromosome - Functional mock problem: org.evosuite.ga.ConstructionFailedException: Failed to add constructor for java.util.Vector due to org.evosuite.ga.ConstructionFailedException: Error: VariableReference: Statement 1, type java.util.ArrayDeque<com.google.inject.Binding<com.google.inject.servlet.FilterDefinition>> is not assignable to java.util.Collection<? extends com.google.inject.Binding<java.lang.Object>>
[Progress:===================>          66%] [Cov:==========================>        75%][Progress:===================>          66%] [Cov:==========================>        75%][MASTER] 07:14:06.193 [logback-1] WARN  TestChromosome - Functional mock problem: org.evosuite.ga.ConstructionFailedException: Failed to add constructor for java.util.ArrayList due to org.evosuite.ga.ConstructionFailedException: Error: VariableReference: Statement 2, type java.util.ArrayDeque<com.google.inject.Binding<com.google.inject.servlet.FilterDefinition>> is not assignable to java.util.Collection<? extends com.google.inject.Binding<com.google.inject.Binding<com.google.inject.servlet.FilterDefinition>>>
[MASTER] 07:14:06.194 [logback-1] WARN  TestChromosome - Functional mock problem: org.evosuite.ga.ConstructionFailedException: Failed to add constructor for java.util.ArrayList due to org.evosuite.ga.ConstructionFailedException: Error: VariableReference: Statement 2, type java.util.PriorityQueue<com.google.inject.Binding<java.lang.Object>> is not assignable to java.util.Collection<? extends com.google.inject.Binding<com.google.inject.servlet.FilterDefinition>>
[Progress:===================>          66%] [Cov:==========================>        75%][Progress:===================>          66%] [Cov:==========================>        75%][Progress:===================>          66%] [Cov:==========================>        75%][Progress:===================>          66%] [Cov:==========================>        75%][Progress:===================>          66%] [Cov:==========================>        75%][Progress:===================>          66%] [Cov:==========================>        75%][Progress:====================>         68%] [Cov:==========================>        75%][Progress:====================>         68%] [Cov:==========================>        75%][Progress:====================>         68%] [Cov:==========================>        75%][MASTER] 07:14:06.817 [logback-1] WARN  TestChromosome - Functional mock problem: org.evosuite.ga.ConstructionFailedException: Failed to add constructor for java.util.LinkedList due to org.evosuite.ga.ConstructionFailedException: Error: VariableReference: Statement 0, type java.util.Collection<com.google.inject.Binding<java.lang.Object>> is not assignable to java.util.Collection<? extends com.google.inject.Binding<java.lang.annotation.Annotation>>
[Progress:====================>         68%] [Cov:==========================>        75%][MASTER] 07:14:06.863 [logback-1] WARN  TestChromosome - Functional mock problem: org.evosuite.ga.ConstructionFailedException: Failed to add constructor for java.util.ArrayList due to org.evosuite.ga.ConstructionFailedException: Error: VariableReference: Statement 5, type java.util.HashSet<com.google.inject.Binding<java.lang.Object>> is not assignable to java.util.Collection<? extends com.google.inject.Binding<com.google.inject.Binding<com.google.inject.servlet.FilterDefinition>>>
[MASTER] 07:14:06.902 [logback-1] WARN  TestChromosome - Functional mock problem: org.evosuite.ga.ConstructionFailedException: Failed to add constructor for java.util.ArrayList due to org.evosuite.ga.ConstructionFailedException: Error: VariableReference: Statement 1, type java.util.Collection<com.google.inject.Binding<java.lang.Object>> is not assignable to java.util.Collection<? extends com.google.inject.Binding<com.google.inject.servlet.FilterDefinition>>
[Progress:====================>         68%] [Cov:==========================>        75%][MASTER] 07:14:06.945 [logback-1] WARN  TestChromosome - Functional mock problem: org.evosuite.ga.ConstructionFailedException: Failed to add constructor for java.util.ArrayList due to org.evosuite.ga.ConstructionFailedException: Error: VariableReference: Statement 4, type java.util.Collection<com.google.inject.Binding<java.lang.Object>> is not assignable to java.util.Collection<? extends com.google.inject.Binding<java.lang.annotation.Annotation>>
[Progress:====================>         68%] [Cov:==========================>        75%][Progress:====================>         68%] [Cov:==========================>        75%][Progress:====================>         68%] [Cov:==========================>        75%][MASTER] 07:14:07.161 [logback-1] WARN  TestChromosome - Functional mock problem: org.evosuite.ga.ConstructionFailedException: Failed to add constructor for java.util.Vector due to org.evosuite.ga.ConstructionFailedException: Error: VariableReference: Statement 0, type java.util.PriorityQueue<com.google.inject.Binding<com.google.inject.servlet.FilterDefinition>> is not assignable to java.util.Collection<? extends com.google.inject.Binding<java.lang.Object>>
[Progress:====================>         68%] [Cov:==========================>        75%][MASTER] 07:14:07.215 [logback-1] WARN  TestChromosome - Functional mock problem: org.evosuite.ga.ConstructionFailedException: Failed to add constructor for java.util.LinkedList due to org.evosuite.ga.ConstructionFailedException: Error: VariableReference: Statement 0, type java.util.TreeSet<com.google.inject.Binding<java.lang.Object>> is not assignable to java.util.Collection<? extends com.google.inject.Binding<com.google.inject.servlet.FilterDefinition>>
[Progress:====================>         68%] [Cov:==========================>        75%][MASTER] 07:14:07.310 [logback-1] WARN  TestChromosome - Functional mock problem: org.evosuite.ga.ConstructionFailedException: Failed to add constructor for java.util.ArrayList due to org.evosuite.ga.ConstructionFailedException: Error: VariableReference: Statement 1, type java.util.Collection<com.google.inject.Binding<javax.servlet.Filter>> is not assignable to java.util.Collection<? extends com.google.inject.Binding<com.google.inject.servlet.FilterDefinition>>
[Progress:====================>         68%] [Cov:==========================>        75%][Progress:====================>         68%] [Cov:==========================>        75%][Progress:====================>         68%] [Cov:==========================>        75%][MASTER] 07:14:07.517 [logback-1] WARN  TestChromosome - Functional mock problem: org.evosuite.ga.ConstructionFailedException: Failed to add constructor for java.util.LinkedList due to org.evosuite.ga.ConstructionFailedException: Error: VariableReference: Statement 0, type java.util.LinkedHashSet<com.google.inject.Binding<java.lang.Object>> is not assignable to java.util.Collection<? extends com.google.inject.Binding<com.google.inject.servlet.FilterDefinition>>
[Progress:====================>         68%] [Cov:==========================>        77%][MASTER] 07:14:07.609 [logback-1] WARN  TestChromosome - Functional mock problem: org.evosuite.ga.ConstructionFailedException: Failed to add constructor for java.util.ArrayList due to org.evosuite.ga.ConstructionFailedException: Error: VariableReference: Statement 1, type java.util.PriorityQueue<com.google.inject.Binding<java.lang.Object>> is not assignable to java.util.Collection<? extends com.google.inject.Binding<com.google.inject.servlet.GuiceFilter>>
[Progress:=====================>        70%] [Cov:==========================>        77%][MASTER] 07:14:07.664 [logback-1] WARN  TestChromosome - Functional mock problem: org.evosuite.ga.ConstructionFailedException: Failed to add constructor for java.util.LinkedList due to org.evosuite.ga.ConstructionFailedException: Error: VariableReference: Statement 1, type java.util.LinkedList<com.google.inject.Binding<java.lang.Object>> is not assignable to java.util.Collection<? extends com.google.inject.Binding<com.google.inject.servlet.FilterDefinition>>
[Progress:=====================>        70%] [Cov:============================>      80%][Progress:=====================>        70%] [Cov:============================>      80%][Progress:=====================>        70%] [Cov:============================>      80%][MASTER] 07:14:08.656 [logback-1] WARN  TestChromosome - Functional mock problem: org.evosuite.ga.ConstructionFailedException: Failed to add constructor for java.util.Vector due to org.evosuite.ga.ConstructionFailedException: Failed to add constructor for java.util.HashSet due to org.evosuite.ga.ConstructionFailedException: Error: VariableReference: Statement 0, type java.util.ArrayList<com.google.inject.Binding<java.lang.annotation.Annotation>> is not assignable to java.util.Collection<? extends com.google.inject.Binding<com.google.inject.servlet.FilterDefinition>>
[MASTER] 07:14:08.661 [logback-1] WARN  TestChromosome - Functional mock problem: org.evosuite.ga.ConstructionFailedException: Failed to add constructor for java.util.Vector due to org.evosuite.ga.ConstructionFailedException: Error: VariableReference: Statement 1, type java.util.PriorityQueue<com.google.inject.Binding<java.lang.Object>> is not assignable to java.util.Collection<? extends com.google.inject.Binding<java.lang.annotation.Annotation>>
[Progress:=====================>        71%] [Cov:============================>      80%][Progress:=====================>        71%] [Cov:============================>      80%][Progress:=====================>        71%] [Cov:============================>      80%][Progress:=====================>        71%] [Cov:============================>      80%][MASTER] 07:14:08.840 [logback-1] WARN  TestChromosome - Functional mock problem: org.evosuite.ga.ConstructionFailedException: Failed to add constructor for java.util.LinkedList due to org.evosuite.ga.ConstructionFailedException: Error: VariableReference: Statement 1, type java.util.ArrayDeque<com.google.inject.Binding<java.lang.Object>> is not assignable to java.util.Collection<? extends com.google.inject.Binding<com.google.inject.servlet.GuiceFilter>>
[MASTER] 07:14:08.866 [logback-1] WARN  TestChromosome - Functional mock problem: org.evosuite.ga.ConstructionFailedException: Failed to add constructor for java.util.Vector due to org.evosuite.ga.ConstructionFailedException: Error: VariableReference: Statement 1, type java.util.Vector<com.google.inject.Binding<java.lang.Object>> is not assignable to java.util.Collection<? extends com.google.inject.Binding<java.lang.annotation.Annotation>>
[MASTER] 07:14:08.888 [logback-1] WARN  TestChromosome - Functional mock problem: org.evosuite.ga.ConstructionFailedException: Failed to add constructor for java.util.Vector due to org.evosuite.ga.ConstructionFailedException: Error: VariableReference: Statement 0, type java.util.LinkedList<com.google.inject.Binding<com.google.inject.servlet.GuiceFilter>> is not assignable to java.util.Collection<? extends com.google.inject.Binding<com.google.inject.servlet.FilterDefinition>>
[Progress:=====================>        71%] [Cov:============================>      80%][MASTER] 07:14:08.926 [logback-1] WARN  TestChromosome - Functional mock problem: org.evosuite.ga.ConstructionFailedException: Failed to add constructor for java.util.ArrayList due to org.evosuite.ga.ConstructionFailedException: Error: VariableReference: Statement 1, type java.util.LinkedHashSet<com.google.inject.Binding<com.google.inject.servlet.FilterDefinition>> is not assignable to java.util.Collection<? extends com.google.inject.Binding<java.lang.annotation.Annotation>>
[Progress:=====================>        71%] [Cov:============================>      80%][Progress:=====================>        71%] [Cov:============================>      80%][Progress:=====================>        71%] [Cov:============================>      80%][Progress:=====================>        71%] [Cov:============================>      80%][Progress:=====================>        71%] [Cov:============================>      80%][Progress:=====================>        71%] [Cov:============================>      80%][Progress:=====================>        71%] [Cov:============================>      80%][Progress:=====================>        71%] [Cov:============================>      80%][Progress:=====================>        71%] [Cov:============================>      80%][Progress:=====================>        71%] [Cov:============================>      80%][MASTER] 07:14:09.471 [logback-1] WARN  TestChromosome - Functional mock problem: org.evosuite.ga.ConstructionFailedException: Failed to add constructor for java.util.Vector due to org.evosuite.ga.ConstructionFailedException: Error: VariableReference: Statement 0, type java.util.Collection<com.google.inject.Binding<java.lang.Object>> is not assignable to java.util.Collection<? extends com.google.inject.Binding<com.google.inject.servlet.FilterDefinition>>
[Progress:=====================>        71%] [Cov:============================>      80%][Progress:=====================>        71%] [Cov:============================>      80%][Progress:=====================>        73%] [Cov:============================>      80%][Progress:=====================>        73%] [Cov:============================>      80%][Progress:=====================>        73%] [Cov:============================>      81%][Progress:=====================>        73%] [Cov:============================>      81%][Progress:=====================>        73%] [Cov:============================>      81%][Progress:=====================>        73%] [Cov:============================>      81%][Progress:=====================>        73%] [Cov:============================>      80%][Progress:=====================>        73%] [Cov:============================>      80%][Progress:=====================>        73%] [Cov:============================>      80%][Progress:=====================>        73%] [Cov:============================>      80%][Progress:=====================>        73%] [Cov:============================>      80%][Progress:=====================>        73%] [Cov:============================>      80%][MASTER] 07:14:10.335 [logback-1] WARN  TestChromosome - Functional mock problem: org.evosuite.ga.ConstructionFailedException: Failed to add constructor for java.util.LinkedList due to org.evosuite.ga.ConstructionFailedException: Error: VariableReference: Statement 2, type java.util.LinkedList<com.google.inject.Binding<java.lang.Object>> is not assignable to java.util.Collection<? extends com.google.inject.Binding<com.google.inject.Binding<java.lang.Object>>>
[Progress:=====================>        73%] [Cov:============================>      80%][Progress:=====================>        73%] [Cov:============================>      80%][MASTER] 07:14:10.442 [logback-1] WARN  TestChromosome - Functional mock problem: org.evosuite.ga.ConstructionFailedException: Failed to add constructor for java.util.ArrayList due to org.evosuite.ga.ConstructionFailedException: Error: VariableReference: Statement 0, type java.util.TreeSet<com.google.inject.Binding<com.google.inject.servlet.FilterDefinition>> is not assignable to java.util.Collection<? extends com.google.inject.Binding<java.lang.annotation.Annotation>>
[Progress:=====================>        73%] [Cov:============================>      80%][Progress:=====================>        73%] [Cov:============================>      80%][MASTER] 07:14:10.541 [logback-1] WARN  TestChromosome - Functional mock problem: org.evosuite.ga.ConstructionFailedException: Failed to add constructor for java.util.ArrayList due to org.evosuite.ga.ConstructionFailedException: Error: VariableReference: Statement 1, type java.util.Vector<com.google.inject.Binding<java.lang.Object>> is not assignable to java.util.Collection<? extends com.google.inject.Binding<javax.servlet.Filter>>
[Progress:======================>       75%] [Cov:============================>      80%][Progress:======================>       75%] [Cov:============================>      80%][Progress:======================>       75%] [Cov:============================>      80%][MASTER] 07:14:10.761 [logback-1] WARN  TestChromosome - Functional mock problem: org.evosuite.ga.ConstructionFailedException: Failed to add constructor for java.util.Vector due to org.evosuite.ga.ConstructionFailedException: Error: VariableReference: Statement 0, type java.util.Stack<com.google.inject.Binding<java.lang.Object>> is not assignable to java.util.Collection<? extends com.google.inject.Binding<com.google.inject.Binding<com.google.inject.servlet.FilterDefinition>>>
[MASTER] 07:14:10.776 [logback-1] WARN  TestChromosome - Functional mock problem: org.evosuite.ga.ConstructionFailedException: Failed to add constructor for java.util.Vector due to org.evosuite.ga.ConstructionFailedException: Error: VariableReference: Statement 5, type java.util.LinkedList<com.google.inject.Binding<com.google.inject.servlet.FilterDefinition>> is not assignable to java.util.Collection<? extends com.google.inject.Binding<com.google.inject.Binding<java.lang.Object>>>
[Progress:======================>       75%] [Cov:============================>      80%][Progress:======================>       75%] [Cov:============================>      80%][Progress:======================>       75%] [Cov:============================>      80%][MASTER] 07:14:10.969 [logback-1] WARN  TestChromosome - Functional mock problem: org.evosuite.ga.ConstructionFailedException: Failed to add constructor for java.util.ArrayList due to org.evosuite.ga.ConstructionFailedException: Error: VariableReference: Statement 0, type java.util.Collection<com.google.inject.Binding<java.lang.Object>> is not assignable to java.util.Collection<? extends com.google.inject.Binding<java.lang.annotation.Annotation>>
[Progress:======================>       75%] [Cov:============================>      80%][MASTER] 07:14:11.064 [logback-1] WARN  TestChromosome - Functional mock problem: org.evosuite.ga.ConstructionFailedException: Failed to add constructor for java.util.ArrayList due to org.evosuite.ga.ConstructionFailedException: Error: VariableReference: Statement 0, type java.util.TreeSet<com.google.inject.Binding<com.google.inject.servlet.FilterDefinition>> is not assignable to java.util.Collection<? extends com.google.inject.Binding<com.google.inject.Binding<com.google.inject.servlet.FilterDefinition>>>
[Progress:======================>       75%] [Cov:============================>      80%][Progress:======================>       75%] [Cov:============================>      80%][Progress:======================>       75%] [Cov:============================>      80%][Progress:======================>       75%] [Cov:============================>      80%][Progress:======================>       75%] [Cov:============================>      80%][Progress:======================>       75%] [Cov:============================>      80%][Progress:======================>       75%] [Cov:============================>      80%][Progress:======================>       75%] [Cov:============================>      80%][MASTER] 07:14:11.477 [logback-1] WARN  TestChromosome - Functional mock problem: org.evosuite.ga.ConstructionFailedException: Failed to add constructor for java.util.Vector due to org.evosuite.ga.ConstructionFailedException: Error: VariableReference: Statement 4, type java.util.ArrayDeque<com.google.inject.Binding<com.google.inject.servlet.FilterDefinition>> is not assignable to java.util.Collection<? extends com.google.inject.Binding<java.lang.annotation.Annotation>>
[Progress:======================>       75%] [Cov:============================>      80%][Progress:======================>       75%] [Cov:============================>      80%][MASTER] 07:14:11.616 [logback-1] WARN  TestChromosome - Functional mock problem: org.evosuite.ga.ConstructionFailedException: Failed to add constructor for java.util.LinkedList due to org.evosuite.ga.ConstructionFailedException: Error: VariableReference: Statement 4, type java.util.Stack<com.google.inject.Binding<com.google.inject.servlet.FilterDefinition>> is not assignable to java.util.Collection<? extends com.google.inject.Binding<com.google.inject.Binding<com.google.inject.servlet.FilterDefinition>>>
[Progress:======================>       76%] [Cov:============================>      80%][Progress:======================>       76%] [Cov:============================>      80%][Progress:======================>       76%] [Cov:============================>      80%][Progress:======================>       76%] [Cov:============================>      80%][MASTER] 07:14:11.842 [logback-1] WARN  TestChromosome - Functional mock problem: org.evosuite.ga.ConstructionFailedException: Failed to add constructor for java.util.ArrayList due to org.evosuite.ga.ConstructionFailedException: Error: VariableReference: Statement 0, type java.util.HashSet<com.google.inject.Binding<com.google.inject.servlet.FilterDefinition>> is not assignable to java.util.Collection<? extends com.google.inject.Binding<java.lang.annotation.Annotation>>
[Progress:======================>       76%] [Cov:============================>      80%][Progress:======================>       76%] [Cov:============================>      80%][Progress:======================>       76%] [Cov:============================>      80%][Progress:======================>       76%] [Cov:============================>      80%][Progress:======================>       76%] [Cov:============================>      80%][Progress:======================>       76%] [Cov:============================>      80%][Progress:======================>       76%] [Cov:============================>      80%][Progress:======================>       76%] [Cov:============================>      80%][Progress:======================>       76%] [Cov:============================>      80%][Progress:======================>       76%] [Cov:============================>      80%][MASTER] 07:14:12.590 [logback-1] WARN  TestChromosome - Functional mock problem: org.evosuite.ga.ConstructionFailedException: Failed to add constructor for java.util.ArrayList due to org.evosuite.ga.ConstructionFailedException: Error: VariableReference: Statement 1, type java.util.PriorityQueue<com.google.inject.Binding<javax.servlet.Filter>> is not assignable to java.util.Collection<? extends com.google.inject.Binding<com.google.inject.servlet.FilterDefinition>>
[Progress:=======================>      78%] [Cov:============================>      80%][Progress:=======================>      78%] [Cov:============================>      80%][Progress:=======================>      78%] [Cov:============================>      80%][Progress:=======================>      78%] [Cov:============================>      80%][Progress:=======================>      78%] [Cov:============================>      80%][Progress:=======================>      78%] [Cov:============================>      80%][Progress:=======================>      78%] [Cov:============================>      80%][Progress:=======================>      78%] [Cov:============================>      80%][Progress:=======================>      78%] [Cov:============================>      80%][Progress:=======================>      78%] [Cov:============================>      80%][Progress:=======================>      78%] [Cov:============================>      80%][MASTER] 07:14:13.248 [logback-1] WARN  TestChromosome - Functional mock problem: org.evosuite.ga.ConstructionFailedException: Failed to add constructor for java.util.ArrayList due to org.evosuite.ga.ConstructionFailedException: Error: VariableReference: Statement 5, type java.util.Stack<com.google.inject.Binding<java.lang.Object>> is not assignable to java.util.Collection<? extends com.google.inject.Binding<com.google.inject.servlet.FilterDefinition>>
[MASTER] 07:14:13.258 [logback-1] WARN  TestChromosome - Functional mock problem: org.evosuite.ga.ConstructionFailedException: Failed to add constructor for java.util.LinkedList due to org.evosuite.ga.ConstructionFailedException: Error: VariableReference: Statement 0, type java.util.Collection<com.google.inject.Binding<java.lang.Object>> is not assignable to java.util.Collection<? extends com.google.inject.Binding<com.google.inject.servlet.FilterDefinition>>
[MASTER] 07:14:13.289 [logback-1] WARN  TestChromosome - Functional mock problem: org.evosuite.ga.ConstructionFailedException: Failed to add constructor for java.util.LinkedList due to org.evosuite.ga.ConstructionFailedException: Error: VariableReference: Statement 0, type java.util.HashSet<com.google.inject.Binding<java.lang.annotation.Annotation>> is not assignable to java.util.Collection<? extends com.google.inject.Binding<java.lang.Object>>
[Progress:=======================>      78%] [Cov:============================>      80%][MASTER] 07:14:13.323 [logback-1] WARN  TestChromosome - Functional mock problem: org.evosuite.ga.ConstructionFailedException: Failed to add constructor for java.util.LinkedList due to org.evosuite.ga.ConstructionFailedException: Error: VariableReference: Statement 5, type java.util.LinkedList<com.google.inject.Binding<com.google.inject.servlet.FilterDefinition>> is not assignable to java.util.Collection<? extends com.google.inject.Binding<java.lang.annotation.Annotation>>
[Progress:=======================>      78%] [Cov:============================>      80%][Progress:=======================>      78%] [Cov:============================>      80%][MASTER] 07:14:13.416 [logback-1] WARN  TestChromosome - Functional mock problem: org.evosuite.ga.ConstructionFailedException: Failed to add constructor for java.util.Vector due to org.evosuite.ga.ConstructionFailedException: Error: VariableReference: Statement 1, type java.util.Stack<com.google.inject.Binding<java.lang.Object>> is not assignable to java.util.Collection<? extends com.google.inject.Binding<com.google.inject.servlet.GuiceFilter>>
[Progress:=======================>      78%] [Cov:============================>      80%][Progress:=======================>      78%] [Cov:============================>      80%][Progress:=======================>      78%] [Cov:============================>      80%][Progress:========================>     80%] [Cov:============================>      80%][MASTER] 07:14:13.670 [logback-1] WARN  TestChromosome - Functional mock problem: org.evosuite.ga.ConstructionFailedException: Failed to add constructor for java.util.ArrayList due to org.evosuite.ga.ConstructionFailedException: Error: VariableReference: Statement 0, type java.util.TreeSet<com.google.inject.Binding<java.lang.annotation.Annotation>> is not assignable to java.util.Collection<? extends com.google.inject.Binding<java.lang.Object>>
[Progress:========================>     80%] [Cov:============================>      80%][Progress:========================>     80%] [Cov:============================>      80%][Progress:========================>     80%] [Cov:============================>      80%][MASTER] 07:14:13.882 [logback-1] WARN  TestChromosome - Functional mock problem: org.evosuite.ga.ConstructionFailedException: Failed to add constructor for java.util.LinkedList due to org.evosuite.ga.ConstructionFailedException: Error: VariableReference: Statement 2, type java.util.Collection<com.google.inject.Binding<javax.servlet.Filter>> is not assignable to java.util.Collection<? extends com.google.inject.Binding<java.lang.Object>>
[Progress:========================>     80%] [Cov:============================>      80%][Progress:========================>     80%] [Cov:============================>      80%][Progress:========================>     80%] [Cov:============================>      81%][Progress:========================>     80%] [Cov:============================>      80%][MASTER] 07:14:14.117 [logback-1] WARN  TestChromosome - Functional mock problem: org.evosuite.ga.ConstructionFailedException: Failed to add constructor for java.util.ArrayList due to org.evosuite.ga.ConstructionFailedException: Error: VariableReference: Statement 1, type java.util.ArrayList<com.google.inject.Binding<com.google.inject.servlet.GuiceFilter>> is not assignable to java.util.Collection<? extends com.google.inject.Binding<com.google.inject.servlet.FilterDefinition>>
[Progress:========================>     80%] [Cov:============================>      80%][Progress:========================>     80%] [Cov:============================>      80%][MASTER] 07:14:14.306 [logback-1] WARN  TestChromosome - Functional mock problem: org.evosuite.ga.ConstructionFailedException: Failed to add constructor for java.util.LinkedList due to org.evosuite.ga.ConstructionFailedException: Failed to add constructor for java.util.Vector due to org.evosuite.ga.ConstructionFailedException: Error: VariableReference: Statement 0, type java.util.Stack<com.google.inject.Binding<java.lang.Object>> is not assignable to java.util.Collection<? extends com.google.inject.Binding<java.lang.annotation.Annotation>>
[MASTER] 07:14:14.332 [logback-1] WARN  TestChromosome - Functional mock problem: org.evosuite.ga.ConstructionFailedException: Failed to add constructor for java.util.LinkedList due to org.evosuite.ga.ConstructionFailedException: Error: VariableReference: Statement 2, type java.util.Vector<com.google.inject.Binding<java.lang.Object>> is not assignable to java.util.Collection<? extends com.google.inject.Binding<com.google.inject.servlet.FilterDefinition>>
[Progress:========================>     80%] [Cov:============================>      80%][MASTER] 07:14:14.360 [logback-1] WARN  TestChromosome - Functional mock problem: org.evosuite.ga.ConstructionFailedException: Failed to add constructor for java.util.LinkedList due to org.evosuite.ga.ConstructionFailedException: Error: VariableReference: Statement 1, type java.util.TreeSet<com.google.inject.Binding<javax.servlet.Filter>> is not assignable to java.util.Collection<? extends com.google.inject.Binding<java.lang.Object>>
[Progress:========================>     80%] [Cov:============================>      80%][MASTER] 07:14:14.442 [logback-1] WARN  TestChromosome - Functional mock problem: org.evosuite.ga.ConstructionFailedException: Failed to add constructor for java.util.LinkedList due to org.evosuite.ga.ConstructionFailedException: Error: VariableReference: Statement 1, type java.util.TreeSet<com.google.inject.Binding<java.lang.Object>> is not assignable to java.util.Collection<? extends com.google.inject.Binding<java.lang.annotation.Annotation>>
[Progress:========================>     80%] [Cov:============================>      80%][Progress:========================>     80%] [Cov:============================>      80%][MASTER] 07:14:14.564 [logback-1] WARN  TestChromosome - Functional mock problem: org.evosuite.ga.ConstructionFailedException: Failed to add constructor for java.util.LinkedList due to org.evosuite.ga.ConstructionFailedException: Error: VariableReference: Statement 5, type java.util.Vector<com.google.inject.Binding<java.lang.annotation.Annotation>> is not assignable to java.util.Collection<? extends com.google.inject.Binding<com.google.inject.servlet.FilterDefinition>>
[Progress:========================>     80%] [Cov:============================>      80%][Progress:========================>     81%] [Cov:============================>      80%][Progress:========================>     81%] [Cov:============================>      80%][Progress:========================>     81%] [Cov:============================>      80%][Progress:========================>     81%] [Cov:============================>      80%][Progress:========================>     81%] [Cov:============================>      80%][MASTER] 07:14:14.866 [logback-1] WARN  TestChromosome - Functional mock problem: org.evosuite.ga.ConstructionFailedException: Failed to add constructor for java.util.ArrayList due to org.evosuite.ga.ConstructionFailedException: Error: VariableReference: Statement 5, type java.util.HashSet<com.google.inject.Binding<java.lang.Object>> is not assignable to java.util.Collection<? extends com.google.inject.Binding<java.lang.annotation.Annotation>>
[Progress:========================>     81%] [Cov:============================>      80%][Progress:========================>     81%] [Cov:============================>      80%][Progress:========================>     81%] [Cov:============================>      80%][MASTER] 07:14:15.034 [logback-1] WARN  TestChromosome - Functional mock problem: org.evosuite.ga.ConstructionFailedException: Failed to add constructor for java.util.Vector due to org.evosuite.ga.ConstructionFailedException: Error: VariableReference: Statement 2, type java.util.ArrayDeque<com.google.inject.Binding<com.google.inject.servlet.FilterDefinition>> is not assignable to java.util.Collection<? extends com.google.inject.Binding<java.lang.Object>>
[Progress:========================>     81%] [Cov:============================>      80%][Progress:========================>     81%] [Cov:============================>      80%][MASTER] 07:14:15.153 [logback-1] WARN  TestChromosome - Functional mock problem: org.evosuite.ga.ConstructionFailedException: Failed to add constructor for java.util.Vector due to org.evosuite.ga.ConstructionFailedException: Error: VariableReference: Statement 1, type java.util.ArrayDeque<com.google.inject.Binding<java.lang.annotation.Annotation>> is not assignable to java.util.Collection<? extends com.google.inject.Binding<com.google.inject.servlet.FilterDefinition>>
[MASTER] 07:14:15.182 [logback-1] WARN  TestChromosome - Functional mock problem: org.evosuite.ga.ConstructionFailedException: Failed to add constructor for java.util.ArrayList due to org.evosuite.ga.ConstructionFailedException: Error: VariableReference: Statement 0, type java.util.Stack<com.google.inject.Binding<com.google.inject.servlet.FilterDefinition>> is not assignable to java.util.Collection<? extends com.google.inject.Binding<com.google.inject.servlet.GuiceFilter>>
[Progress:========================>     81%] [Cov:============================>      80%][Progress:========================>     81%] [Cov:============================>      80%][MASTER] 07:14:15.313 [logback-1] WARN  TestChromosome - Functional mock problem: org.evosuite.ga.ConstructionFailedException: Failed to add constructor for java.util.ArrayList due to org.evosuite.ga.ConstructionFailedException: Error: VariableReference: Statement 0, type java.util.PriorityQueue<com.google.inject.Binding<com.google.inject.servlet.FilterDefinition>> is not assignable to java.util.Collection<? extends com.google.inject.Binding<java.lang.annotation.Annotation>>
[Progress:========================>     81%] [Cov:============================>      80%][Progress:========================>     81%] [Cov:============================>      80%][Progress:========================>     81%] [Cov:============================>      80%][Progress:========================>     81%] [Cov:============================>      80%][MASTER] 07:14:15.549 [logback-1] WARN  TestChromosome - Functional mock problem: org.evosuite.ga.ConstructionFailedException: Failed to add constructor for java.util.ArrayList due to org.evosuite.ga.ConstructionFailedException: Error: VariableReference: Statement 2, type java.util.PriorityQueue<com.google.inject.Binding<com.google.inject.servlet.FilterDefinition>> is not assignable to java.util.Collection<? extends com.google.inject.Binding<java.lang.Object>>
[Progress:========================>     81%] [Cov:============================>      80%][Progress:========================>     83%] [Cov:============================>      80%][Progress:========================>     83%] [Cov:============================>      80%][Progress:========================>     83%] [Cov:============================>      80%][MASTER] 07:14:15.739 [logback-1] WARN  TestChromosome - Functional mock problem: org.evosuite.ga.ConstructionFailedException: Failed to add constructor for java.util.ArrayList due to org.evosuite.ga.ConstructionFailedException: Error: VariableReference: Statement 5, type java.util.LinkedHashSet<com.google.inject.Binding<java.lang.annotation.Annotation>> is not assignable to java.util.Collection<? extends com.google.inject.Binding<java.lang.Object>>
[MASTER] 07:14:15.764 [logback-1] WARN  TestChromosome - Functional mock problem: org.evosuite.ga.ConstructionFailedException: Failed to add constructor for java.util.Vector due to org.evosuite.ga.ConstructionFailedException: Error: VariableReference: Statement 0, type java.util.TreeSet<com.google.inject.Binding<com.google.inject.servlet.GuiceFilter>> is not assignable to java.util.Collection<? extends com.google.inject.Binding<java.lang.Object>>
[Progress:========================>     83%] [Cov:============================>      80%][Progress:========================>     83%] [Cov:============================>      80%][Progress:========================>     83%] [Cov:============================>      80%][Progress:========================>     83%] [Cov:============================>      80%][Progress:========================>     83%] [Cov:============================>      80%][Progress:========================>     83%] [Cov:============================>      80%][MASTER] 07:14:16.079 [logback-1] WARN  TestChromosome - Functional mock problem: org.evosuite.ga.ConstructionFailedException: Failed to add constructor for java.util.LinkedList due to org.evosuite.ga.ConstructionFailedException: Error: VariableReference: Statement 0, type java.util.ArrayList<com.google.inject.Binding<java.lang.Object>> is not assignable to java.util.Collection<? extends com.google.inject.Binding<com.google.inject.Binding<com.google.inject.servlet.FilterDefinition>>>
[Progress:========================>     83%] [Cov:============================>      80%][Progress:========================>     83%] [Cov:============================>      80%][Progress:========================>     83%] [Cov:============================>      80%][Progress:========================>     83%] [Cov:============================>      80%][Progress:========================>     83%] [Cov:============================>      80%][Progress:========================>     83%] [Cov:============================>      80%][Progress:=========================>    85%] [Cov:============================>      80%][MASTER] 07:14:16.641 [logback-1] WARN  TestChromosome - Functional mock problem: org.evosuite.ga.ConstructionFailedException: Failed to add constructor for java.util.ArrayList due to org.evosuite.ga.ConstructionFailedException: Error: VariableReference: Statement 0, type java.util.ArrayDeque<com.google.inject.Binding<com.google.inject.servlet.GuiceFilter>> is not assignable to java.util.Collection<? extends com.google.inject.Binding<com.google.inject.servlet.FilterDefinition>>
[MASTER] 07:14:16.650 [logback-1] WARN  TestChromosome - Functional mock problem: org.evosuite.ga.ConstructionFailedException: Failed to add constructor for java.util.Vector due to org.evosuite.ga.ConstructionFailedException: Error: VariableReference: Statement 5, type java.util.TreeSet<com.google.inject.Binding<javax.servlet.Filter>> is not assignable to java.util.Collection<? extends com.google.inject.Binding<com.google.inject.Binding<com.google.inject.servlet.FilterDefinition>>>
[Progress:=========================>    85%] [Cov:============================>      80%][Progress:=========================>    85%] [Cov:============================>      80%][Progress:=========================>    85%] [Cov:============================>      80%][Progress:=========================>    85%] [Cov:============================>      80%][MASTER] 07:14:17.019 [logback-1] WARN  TestChromosome - Functional mock problem: org.evosuite.ga.ConstructionFailedException: Failed to add constructor for java.util.LinkedList due to org.evosuite.ga.ConstructionFailedException: Error: VariableReference: Statement 1, type java.util.Collection<com.google.inject.Binding<java.lang.Object>> is not assignable to java.util.Collection<? extends com.google.inject.Binding<com.google.inject.servlet.GuiceFilter>>
[Progress:=========================>    85%] [Cov:============================>      80%][MASTER] 07:14:17.264 [logback-1] WARN  TestChromosome - Functional mock problem: org.evosuite.ga.ConstructionFailedException: Failed to add constructor for java.util.Vector due to org.evosuite.ga.ConstructionFailedException: Error: VariableReference: Statement 1, type java.util.ArrayDeque<com.google.inject.Binding<java.lang.Object>> is not assignable to java.util.Collection<? extends com.google.inject.Binding<java.lang.annotation.Annotation>>
[Progress:=========================>    85%] [Cov:============================>      80%][Progress:=========================>    85%] [Cov:============================>      80%][Progress:=========================>    85%] [Cov:============================>      80%][MASTER] 07:14:17.457 [logback-1] WARN  TestChromosome - Functional mock problem: org.evosuite.ga.ConstructionFailedException: Failed to add constructor for java.util.LinkedList due to org.evosuite.ga.ConstructionFailedException: Error: VariableReference: Statement 1, type java.util.LinkedHashSet<com.google.inject.Binding<java.lang.Object>> is not assignable to java.util.Collection<? extends com.google.inject.Binding<java.lang.annotation.Annotation>>
[MASTER] 07:14:17.459 [logback-1] WARN  TestChromosome - Functional mock problem: org.evosuite.ga.ConstructionFailedException: Failed to add constructor for java.util.Vector due to org.evosuite.ga.ConstructionFailedException: Error: VariableReference: Statement 1, type java.util.Vector<com.google.inject.Binding<java.lang.annotation.Annotation>> is not assignable to java.util.Collection<? extends com.google.inject.Binding<com.google.inject.servlet.FilterDefinition>>
[MASTER] 07:14:17.467 [logback-1] WARN  TestChromosome - Functional mock problem: org.evosuite.ga.ConstructionFailedException: Failed to add constructor for java.util.LinkedList due to org.evosuite.ga.ConstructionFailedException: Error: VariableReference: Statement 0, type java.util.LinkedList<com.google.inject.Binding<com.google.inject.servlet.FilterDefinition>> is not assignable to java.util.Collection<? extends com.google.inject.Binding<com.google.inject.Binding<java.lang.Object>>>
[MASTER] 07:14:17.468 [logback-1] WARN  TestChromosome - Functional mock problem: org.evosuite.ga.ConstructionFailedException: Failed to add constructor for java.util.ArrayList due to org.evosuite.ga.ConstructionFailedException: Error: VariableReference: Statement 2, type java.util.LinkedHashSet<com.google.inject.Binding<java.lang.annotation.Annotation>> is not assignable to java.util.Collection<? extends com.google.inject.Binding<java.lang.Object>>
[Progress:=========================>    85%] [Cov:============================>      80%][Progress:=========================>    85%] [Cov:============================>      80%][Progress:=========================>    86%] [Cov:============================>      80%][Progress:=========================>    86%] [Cov:============================>      80%][MASTER] 07:14:17.697 [logback-1] WARN  TestChromosome - Functional mock problem: org.evosuite.ga.ConstructionFailedException: Failed to add constructor for java.util.LinkedList due to org.evosuite.ga.ConstructionFailedException: Error: VariableReference: Statement 1, type java.util.Stack<com.google.inject.Binding<java.lang.annotation.Annotation>> is not assignable to java.util.Collection<? extends com.google.inject.Binding<java.lang.Object>>
[MASTER] 07:14:17.729 [logback-1] WARN  TestChromosome - Functional mock problem: org.evosuite.ga.ConstructionFailedException: Failed to add constructor for java.util.LinkedList due to org.evosuite.ga.ConstructionFailedException: Error: VariableReference: Statement 2, type java.util.LinkedList<com.google.inject.Binding<java.lang.Object>> is not assignable to java.util.Collection<? extends com.google.inject.Binding<com.google.inject.servlet.GuiceFilter>>
[Progress:=========================>    86%] [Cov:============================>      80%][MASTER] 07:14:17.768 [logback-1] WARN  TestChromosome - Functional mock problem: org.evosuite.ga.ConstructionFailedException: Failed to add constructor for java.util.LinkedList due to org.evosuite.ga.ConstructionFailedException: Failed to add constructor for java.util.ArrayList due to org.evosuite.ga.ConstructionFailedException: Error: VariableReference: Statement 2, type java.util.LinkedHashSet<com.google.inject.Binding<com.google.inject.servlet.FilterDefinition>> is not assignable to java.util.Collection<? extends com.google.inject.Binding<java.lang.Object>>
[Progress:=========================>    86%] [Cov:============================>      80%][Progress:=========================>    86%] [Cov:============================>      80%][Progress:=========================>    86%] [Cov:============================>      80%][Progress:=========================>    86%] [Cov:============================>      80%][Progress:=========================>    86%] [Cov:============================>      80%][Progress:=========================>    86%] [Cov:============================>      80%][Progress:=========================>    86%] [Cov:============================>      80%][Progress:=========================>    86%] [Cov:============================>      80%][Progress:=========================>    86%] [Cov:============================>      80%][MASTER] 07:14:18.306 [logback-1] WARN  TestChromosome - Functional mock problem: org.evosuite.ga.ConstructionFailedException: Failed to add constructor for java.util.ArrayList due to org.evosuite.ga.ConstructionFailedException: Error: VariableReference: Statement 0, type java.util.Vector<com.google.inject.Binding<java.lang.Object>> is not assignable to java.util.Collection<? extends com.google.inject.Binding<javax.servlet.Filter>>
[MASTER] 07:14:18.311 [logback-1] WARN  TestChromosome - Functional mock problem: org.evosuite.ga.ConstructionFailedException: Failed to add constructor for java.util.ArrayList due to org.evosuite.ga.ConstructionFailedException: Error: VariableReference: Statement 2, type java.util.Collection<com.google.inject.Binding<java.lang.Object>> is not assignable to java.util.Collection<? extends com.google.inject.Binding<javax.servlet.Filter>>
[Progress:=========================>    86%] [Cov:============================>      80%][Progress:=========================>    86%] [Cov:============================>      80%][MASTER] 07:14:18.410 [logback-1] WARN  TestChromosome - Functional mock problem: org.evosuite.ga.ConstructionFailedException: Failed to add constructor for java.util.Vector due to org.evosuite.ga.ConstructionFailedException: Failed to add constructor for java.util.LinkedList due to org.evosuite.ga.ConstructionFailedException: Error: VariableReference: Statement 0, type java.util.TreeSet<com.google.inject.Binding<com.google.inject.servlet.FilterDefinition>> is not assignable to java.util.Collection<? extends com.google.inject.Binding<java.lang.annotation.Annotation>>
[Progress:=========================>    86%] [Cov:============================>      80%][MASTER] 07:14:18.464 [logback-1] WARN  TestChromosome - Functional mock problem: org.evosuite.ga.ConstructionFailedException: Failed to add constructor for java.util.Vector due to org.evosuite.ga.ConstructionFailedException: Failed to add constructor for java.util.ArrayDeque due to org.evosuite.ga.ConstructionFailedException: Error: VariableReference: Statement 0, type java.util.Vector<com.google.inject.Binding<java.lang.Object>> is not assignable to java.util.Collection<? extends com.google.inject.Binding<java.lang.annotation.Annotation>>
[Progress:=========================>    86%] [Cov:============================>      80%][MASTER] 07:14:18.550 [logback-1] WARN  TestChromosome - Functional mock problem: org.evosuite.ga.ConstructionFailedException: Failed to add constructor for java.util.LinkedList due to org.evosuite.ga.ConstructionFailedException: Error: VariableReference: Statement 1, type java.util.Stack<com.google.inject.Binding<java.lang.Object>> is not assignable to java.util.Collection<? extends com.google.inject.Binding<com.google.inject.servlet.GuiceFilter>>
[Progress:=========================>    86%] [Cov:============================>      80%][Progress:==========================>   88%] [Cov:============================>      80%][MASTER] 07:14:18.673 [logback-1] WARN  TestChromosome - Functional mock problem: org.evosuite.ga.ConstructionFailedException: Failed to add constructor for java.util.Vector due to org.evosuite.ga.ConstructionFailedException: Error: VariableReference: Statement 2, type java.util.ArrayDeque<com.google.inject.Binding<com.google.inject.servlet.FilterDefinition>> is not assignable to java.util.Collection<? extends com.google.inject.Binding<java.lang.annotation.Annotation>>
[Progress:==========================>   88%] [Cov:============================>      80%][Progress:==========================>   88%] [Cov:============================>      80%][Progress:==========================>   88%] [Cov:============================>      80%][Progress:==========================>   88%] [Cov:============================>      80%][MASTER] 07:14:18.939 [logback-1] WARN  TestChromosome - Functional mock problem: org.evosuite.ga.ConstructionFailedException: Failed to add constructor for java.util.ArrayList due to org.evosuite.ga.ConstructionFailedException: Error: VariableReference: Statement 1, type java.util.Collection<com.google.inject.Binding<com.google.inject.servlet.FilterDefinition>> is not assignable to java.util.Collection<? extends com.google.inject.Binding<java.lang.annotation.Annotation>>
[Progress:==========================>   88%] [Cov:============================>      80%][Progress:==========================>   88%] [Cov:============================>      80%][Progress:==========================>   88%] [Cov:============================>      80%][MASTER] 07:14:19.076 [logback-1] WARN  TestChromosome - Functional mock problem: org.evosuite.ga.ConstructionFailedException: Failed to add constructor for java.util.Vector due to org.evosuite.ga.ConstructionFailedException: Error: VariableReference: Statement 1, type java.util.TreeSet<com.google.inject.Binding<java.lang.Object>> is not assignable to java.util.Collection<? extends com.google.inject.Binding<com.google.inject.servlet.GuiceFilter>>
[MASTER] 07:14:19.096 [logback-1] WARN  TestChromosome - Functional mock problem: org.evosuite.ga.ConstructionFailedException: Failed to add constructor for java.util.Vector due to org.evosuite.ga.ConstructionFailedException: Error: VariableReference: Statement 0, type java.util.LinkedHashSet<com.google.inject.Binding<com.google.inject.servlet.GuiceFilter>> is not assignable to java.util.Collection<? extends com.google.inject.Binding<java.lang.Object>>
[MASTER] 07:14:19.117 [logback-1] WARN  TestChromosome - Functional mock problem: org.evosuite.ga.ConstructionFailedException: Failed to add constructor for java.util.Vector due to org.evosuite.ga.ConstructionFailedException: Error: VariableReference: Statement 0, type java.util.Vector<com.google.inject.Binding<java.lang.annotation.Annotation>> is not assignable to java.util.Collection<? extends com.google.inject.Binding<java.lang.Object>>
[Progress:==========================>   88%] [Cov:============================>      80%][MASTER] 07:14:19.162 [logback-1] WARN  TestChromosome - Functional mock problem: org.evosuite.ga.ConstructionFailedException: Failed to add constructor for java.util.Vector due to org.evosuite.ga.ConstructionFailedException: Error: VariableReference: Statement 1, type java.util.ArrayList<com.google.inject.Binding<com.google.inject.servlet.FilterDefinition>> is not assignable to java.util.Collection<? extends com.google.inject.Binding<java.lang.Object>>
[MASTER] 07:14:19.180 [logback-1] WARN  TestChromosome - Functional mock problem: org.evosuite.ga.ConstructionFailedException: Failed to add constructor for java.util.LinkedList due to org.evosuite.ga.ConstructionFailedException: Error: VariableReference: Statement 1, type java.util.ArrayDeque<com.google.inject.Binding<java.lang.annotation.Annotation>> is not assignable to java.util.Collection<? extends com.google.inject.Binding<java.lang.Object>>
[Progress:==========================>   88%] [Cov:============================>      80%][Progress:==========================>   88%] [Cov:============================>      80%][Progress:==========================>   88%] [Cov:============================>      80%][Progress:==========================>   88%] [Cov:============================>      80%][Progress:==========================>   88%] [Cov:============================>      80%][MASTER] 07:14:19.487 [logback-1] WARN  TestChromosome - Functional mock problem: org.evosuite.ga.ConstructionFailedException: Failed to add constructor for java.util.LinkedList due to org.evosuite.ga.ConstructionFailedException: Error: VariableReference: Statement 0, type java.util.ArrayDeque<com.google.inject.Binding<java.lang.Object>> is not assignable to java.util.Collection<? extends com.google.inject.Binding<com.google.inject.Binding<java.lang.Object>>>
[Progress:==========================>   88%] [Cov:============================>      80%][MASTER] 07:14:19.530 [logback-1] WARN  TestChromosome - Functional mock problem: org.evosuite.ga.ConstructionFailedException: Failed to add constructor for java.util.Vector due to org.evosuite.ga.ConstructionFailedException: Error: VariableReference: Statement 0, type java.util.Collection<com.google.inject.Binding<java.lang.Object>> is not assignable to java.util.Collection<? extends com.google.inject.Binding<java.lang.annotation.Annotation>>
[Progress:==========================>   88%] [Cov:============================>      80%][Progress:==========================>   88%] [Cov:============================>      80%][MASTER] 07:14:19.603 [logback-1] WARN  TestChromosome - Functional mock problem: org.evosuite.ga.ConstructionFailedException: Failed to add constructor for java.util.LinkedList due to org.evosuite.ga.ConstructionFailedException: Error: VariableReference: Statement 1, type java.util.Collection<com.google.inject.Binding<java.lang.Object>> is not assignable to java.util.Collection<? extends com.google.inject.Binding<com.google.inject.servlet.FilterDefinition>>
[Progress:===========================>  90%] [Cov:============================>      80%][Progress:===========================>  90%] [Cov:============================>      80%][Progress:===========================>  90%] [Cov:============================>      80%][Progress:===========================>  90%] [Cov:============================>      80%][Progress:===========================>  90%] [Cov:============================>      80%][Progress:===========================>  90%] [Cov:============================>      80%][MASTER] 07:14:20.086 [logback-1] WARN  TestChromosome - Functional mock problem: org.evosuite.ga.ConstructionFailedException: Failed to add constructor for java.util.ArrayList due to org.evosuite.ga.ConstructionFailedException: Error: VariableReference: Statement 2, type java.util.LinkedList<com.google.inject.Binding<com.google.inject.servlet.FilterDefinition>> is not assignable to java.util.Collection<? extends com.google.inject.Binding<java.lang.Object>>
[Progress:===========================>  90%] [Cov:============================>      80%][Progress:===========================>  90%] [Cov:============================>      80%][Progress:===========================>  90%] [Cov:============================>      80%][Progress:===========================>  90%] [Cov:============================>      80%][Progress:===========================>  90%] [Cov:============================>      80%][Progress:===========================>  90%] [Cov:============================>      80%][Progress:===========================>  90%] [Cov:============================>      80%][Progress:===========================>  90%] [Cov:============================>      80%][Progress:===========================>  91%] [Cov:============================>      80%][MASTER] 07:14:20.686 [logback-1] WARN  TestChromosome - Functional mock problem: org.evosuite.ga.ConstructionFailedException: Failed to add constructor for java.util.LinkedList due to org.evosuite.ga.ConstructionFailedException: Error: VariableReference: Statement 1, type java.util.LinkedList<com.google.inject.Binding<java.lang.Object>> is not assignable to java.util.Collection<? extends com.google.inject.Binding<javax.servlet.Filter>>
[Progress:===========================>  91%] [Cov:============================>      80%][MASTER] 07:14:20.729 [logback-1] WARN  TestChromosome - Functional mock problem: org.evosuite.ga.ConstructionFailedException: Failed to add constructor for java.util.Vector due to org.evosuite.ga.ConstructionFailedException: Error: VariableReference: Statement 0, type java.util.ArrayDeque<com.google.inject.Binding<java.lang.Object>> is not assignable to java.util.Collection<? extends com.google.inject.Binding<java.lang.annotation.Annotation>>
[Progress:===========================>  91%] [Cov:============================>      80%][MASTER] 07:14:20.889 [logback-1] WARN  TestChromosome - Functional mock problem: org.evosuite.ga.ConstructionFailedException: Failed to add constructor for java.util.Vector due to org.evosuite.ga.ConstructionFailedException: Error: VariableReference: Statement 2, type java.util.TreeSet<com.google.inject.Binding<java.lang.annotation.Annotation>> is not assignable to java.util.Collection<? extends com.google.inject.Binding<java.lang.Object>>
[Progress:===========================>  91%] [Cov:============================>      80%][MASTER] 07:14:20.908 [logback-1] WARN  TestChromosome - Functional mock problem: org.evosuite.ga.ConstructionFailedException: Failed to add constructor for java.util.ArrayList due to org.evosuite.ga.ConstructionFailedException: Error: VariableReference: Statement 4, type java.util.ArrayList<com.google.inject.Binding<java.lang.Object>> is not assignable to java.util.Collection<? extends com.google.inject.Binding<com.google.inject.servlet.FilterDefinition>>
[Progress:===========================>  91%] [Cov:============================>      80%][Progress:===========================>  93%] [Cov:============================>      80%][Progress:===========================>  93%] [Cov:============================>      80%][Progress:===========================>  93%] [Cov:============================>      80%][MASTER] 07:14:22.479 [logback-1] WARN  TestChromosome - Functional mock problem: org.evosuite.ga.ConstructionFailedException: Failed to add constructor for java.util.ArrayList due to org.evosuite.ga.ConstructionFailedException: Error: VariableReference: Statement 0, type java.util.LinkedHashSet<com.google.inject.Binding<java.lang.Object>> is not assignable to java.util.Collection<? extends com.google.inject.Binding<com.google.inject.servlet.FilterDefinition>>
[MASTER] 07:14:22.491 [logback-1] WARN  TestChromosome - Functional mock problem: org.evosuite.ga.ConstructionFailedException: Failed to add constructor for java.util.LinkedList due to org.evosuite.ga.ConstructionFailedException: Error: VariableReference: Statement 1, type java.util.LinkedList<com.google.inject.Binding<com.google.inject.servlet.GuiceFilter>> is not assignable to java.util.Collection<? extends com.google.inject.Binding<java.lang.Object>>
[Progress:===========================>  93%] [Cov:============================>      80%][Progress:============================> 95%] [Cov:============================>      80%][MASTER] 07:14:22.628 [logback-1] WARN  TestChromosome - Functional mock problem: org.evosuite.ga.ConstructionFailedException: Failed to add constructor for java.util.LinkedList due to org.evosuite.ga.ConstructionFailedException: Error: VariableReference: Statement 6, type java.util.Stack<com.google.inject.Binding<java.lang.Object>> is not assignable to java.util.Collection<? extends com.google.inject.Binding<javax.servlet.Filter>>
[Progress:============================> 95%] [Cov:============================>      80%][Progress:============================> 95%] [Cov:============================>      80%][MASTER] 07:14:22.744 [logback-1] WARN  TestChromosome - Functional mock problem: org.evosuite.ga.ConstructionFailedException: Failed to add constructor for java.util.Vector due to org.evosuite.ga.ConstructionFailedException: Error: VariableReference: Statement 1, type java.util.PriorityQueue<com.google.inject.Binding<java.lang.Object>> is not assignable to java.util.Collection<? extends com.google.inject.Binding<com.google.inject.Binding<com.google.inject.servlet.GuiceFilter>>>
[Progress:============================> 95%] [Cov:============================>      80%][MASTER] 07:14:22.855 [logback-1] WARN  TestChromosome - Functional mock problem: org.evosuite.ga.ConstructionFailedException: Failed to add constructor for java.util.LinkedList due to org.evosuite.ga.ConstructionFailedException: Error: VariableReference: Statement 0, type java.util.LinkedList<com.google.inject.Binding<javax.servlet.Filter>> is not assignable to java.util.Collection<? extends com.google.inject.Binding<java.lang.Object>>
[Progress:============================> 95%] [Cov:============================>      80%][Progress:============================> 95%] [Cov:============================>      80%][Progress:============================> 95%] [Cov:============================>      80%][MASTER] 07:14:22.996 [logback-1] WARN  TestChromosome - Functional mock problem: org.evosuite.ga.ConstructionFailedException: Failed to add constructor for java.util.LinkedList due to org.evosuite.ga.ConstructionFailedException: Error: VariableReference: Statement 1, type java.util.PriorityQueue<com.google.inject.Binding<java.lang.annotation.Annotation>> is not assignable to java.util.Collection<? extends com.google.inject.Binding<java.lang.Object>>
[Progress:============================> 95%] [Cov:============================>      80%][Progress:============================> 96%] [Cov:============================>      80%][Progress:============================> 96%] [Cov:============================>      80%][Progress:============================> 96%] [Cov:============================>      80%][MASTER] 07:14:24.048 [logback-1] WARN  TestChromosome - Functional mock problem: org.evosuite.ga.ConstructionFailedException: Failed to add constructor for java.util.Vector due to org.evosuite.ga.ConstructionFailedException: Failed to add constructor for java.util.TreeSet due to org.evosuite.ga.ConstructionFailedException: Error: VariableReference: Statement 0, type java.util.HashSet<com.google.inject.Binding<java.lang.Object>> is not assignable to java.util.Collection<? extends com.google.inject.Binding<com.google.inject.servlet.FilterDefinition>>
[Progress:============================> 96%] [Cov:============================>      80%][Progress:============================> 96%] [Cov:============================>      80%][MASTER] 07:14:24.170 [logback-1] WARN  TestChromosome - Functional mock problem: org.evosuite.ga.ConstructionFailedException: Failed to add constructor for java.util.LinkedList due to org.evosuite.ga.ConstructionFailedException: Error: VariableReference: Statement 4, type java.util.NavigableSet<com.google.inject.Binding<javax.servlet.Filter>> is not assignable to java.util.Collection<? extends com.google.inject.Binding<java.lang.Object>>
[Progress:============================> 96%] [Cov:============================>      80%][Progress:============================> 96%] [Cov:============================>      80%][Progress:============================> 96%] [Cov:============================>      80%][MASTER] 07:14:24.331 [logback-1] WARN  TestChromosome - Functional mock problem: org.evosuite.ga.ConstructionFailedException: Failed to add constructor for java.util.ArrayList due to org.evosuite.ga.ConstructionFailedException: Error: VariableReference: Statement 6, type java.util.ArrayDeque<com.google.inject.Binding<com.google.inject.servlet.FilterDefinition>> is not assignable to java.util.Collection<? extends com.google.inject.Binding<com.google.inject.Binding<java.lang.annotation.Annotation>>>
[Progress:============================> 96%] [Cov:============================>      80%][Progress:============================> 96%] [Cov:============================>      81%][MASTER] 07:14:24.492 [logback-1] WARN  TestChromosome - Functional mock problem: org.evosuite.ga.ConstructionFailedException: Failed to add constructor for java.util.LinkedList due to org.evosuite.ga.ConstructionFailedException: Error: VariableReference: Statement 1, type java.util.HashSet<com.google.inject.Binding<java.lang.Object>> is not assignable to java.util.Collection<? extends com.google.inject.Binding<java.lang.annotation.Annotation>>
[Progress:============================> 96%] [Cov:============================>      80%][MASTER] 07:14:24.579 [logback-1] WARN  TestChromosome - Functional mock problem: org.evosuite.ga.ConstructionFailedException: Failed to add constructor for java.util.LinkedList due to org.evosuite.ga.ConstructionFailedException: Error: VariableReference: Statement 2, type java.util.LinkedHashSet<com.google.inject.Binding<java.lang.Object>> is not assignable to java.util.Collection<? extends com.google.inject.Binding<java.lang.annotation.Annotation>>
[Progress:=============================>98%] [Cov:============================>      80%][Progress:=============================>98%] [Cov:============================>      80%][MASTER] 07:14:24.717 [logback-1] WARN  TestChromosome - Functional mock problem: org.evosuite.ga.ConstructionFailedException: Failed to add constructor for java.util.ArrayList due to org.evosuite.ga.ConstructionFailedException: Error: VariableReference: Statement 3, type java.util.HashSet<com.google.inject.Binding<com.google.inject.servlet.FilterDefinition>> is not assignable to java.util.Collection<? extends com.google.inject.Binding<java.lang.Object>>
[Progress:=============================>98%] [Cov:============================>      80%][Progress:=============================>98%] [Cov:============================>      80%][MASTER] 07:14:24.810 [logback-1] WARN  TestChromosome - Functional mock problem: org.evosuite.ga.ConstructionFailedException: Failed to add constructor for java.util.Vector due to org.evosuite.ga.ConstructionFailedException: Failed to add constructor for java.util.LinkedList due to org.evosuite.ga.ConstructionFailedException: Error: VariableReference: Statement 1, type java.util.Collection<com.google.inject.Binding<java.lang.annotation.Annotation>> is not assignable to java.util.Collection<? extends com.google.inject.Binding<com.google.inject.servlet.FilterDefinition>>
[Progress:=============================>98%] [Cov:============================>      80%][Progress:=============================>98%] [Cov:============================>      80%][MASTER] 07:14:24.974 [logback-1] WARN  TestChromosome - Functional mock problem: org.evosuite.ga.ConstructionFailedException: Failed to add constructor for java.util.ArrayList due to org.evosuite.ga.ConstructionFailedException: Error: VariableReference: Statement 0, type java.util.Collection<com.google.inject.Binding<com.google.inject.servlet.FilterDefinition>> is not assignable to java.util.Collection<? extends com.google.inject.Binding<com.google.inject.Binding<java.lang.Object>>>
[Progress:=============================>98%] [Cov:============================>      80%][Progress:=============================>98%] [Cov:============================>      80%][Progress:=============================>98%] [Cov:============================>      80%][Progress:=============================>98%] [Cov:============================>      80%][Progress:=============================>98%] [Cov:============================>      80%][Progress:=============================>98%] [Cov:============================>      80%][MASTER] 07:14:25.366 [logback-1] WARN  TestChromosome - Functional mock problem: org.evosuite.ga.ConstructionFailedException: Failed to add constructor for java.util.Vector due to org.evosuite.ga.ConstructionFailedException: Error: VariableReference: Statement 0, type java.util.Vector<com.google.inject.Binding<java.lang.Object>> is not assignable to java.util.Collection<? extends com.google.inject.Binding<com.google.inject.servlet.FilterDefinition>>
[Progress:=============================>98%] [Cov:============================>      80%][MASTER] 07:14:25.451 [logback-1] WARN  TestChromosome - Functional mock problem: org.evosuite.ga.ConstructionFailedException: Failed to add constructor for java.util.ArrayList due to org.evosuite.ga.ConstructionFailedException: Error: VariableReference: Statement 0, type java.util.PriorityQueue<com.google.inject.Binding<com.google.inject.servlet.FilterDefinition>> is not assignable to java.util.Collection<? extends com.google.inject.Binding<java.lang.Object>>
[Progress:=============================>98%] [Cov:============================>      80%][Progress:=============================>98%] [Cov:============================>      80%][MASTER] 07:14:25.572 [logback-1] WARN  TestChromosome - Functional mock problem: org.evosuite.ga.ConstructionFailedException: Failed to add constructor for java.util.LinkedList due to org.evosuite.ga.ConstructionFailedException: Error: VariableReference: Statement 1, type java.util.LinkedHashSet<com.google.inject.Binding<com.google.inject.servlet.FilterDefinition>> is not assignable to java.util.Collection<? extends com.google.inject.Binding<javax.servlet.Filter>>
[Progress:==============================100%] [Cov:============================>      80%][MASTER] 07:14:25.651 [logback-1] WARN  TestChromosome - Functional mock problem: org.evosuite.ga.ConstructionFailedException: Failed to add constructor for java.util.ArrayList due to org.evosuite.ga.ConstructionFailedException: Error: VariableReference: Statement 6, type java.util.Stack<com.google.inject.Binding<java.lang.annotation.Annotation>> is not assignable to java.util.Collection<? extends com.google.inject.Binding<com.google.inject.Binding<java.lang.annotation.Annotation>>>
[Progress:==============================100%] [Cov:============================>      80%][Progress:==============================100%] [Cov:============================>      80%][Progress:==============================100%] [Cov:============================>      80%][Progress:==============================100%] [Cov:============================>      80%][Progress:==============================100%] [Cov:============================>      80%][MASTER] 07:14:25.937 [logback-1] WARN  TestChromosome - Functional mock problem: org.evosuite.ga.ConstructionFailedException: Failed to add constructor for java.util.ArrayList due to org.evosuite.ga.ConstructionFailedException: Error: VariableReference: Statement 1, type java.util.LinkedList<com.google.inject.Binding<com.google.inject.servlet.FilterDefinition>> is not assignable to java.util.Collection<? extends com.google.inject.Binding<java.lang.Object>>
[Progress:==============================100%] [Cov:============================>      80%][Progress:==============================100%] [Cov:============================>      80%][Progress:==============================100%] [Cov:============================>      80%][Progress:==============================100%] [Cov:============================>      80%][Progress:==============================100%] [Cov:============================>      80%][Progress:==============================100%] [Cov:============================>      80%][Progress:==============================100%] [Cov:============================>      80%][MASTER] 07:14:26.434 [logback-1] WARN  TestChromosome - Functional mock problem: org.evosuite.ga.ConstructionFailedException: Failed to add constructor for java.util.LinkedList due to org.evosuite.ga.ConstructionFailedException: Error: VariableReference: Statement 0, type java.util.TreeSet<com.google.inject.Binding<com.google.inject.servlet.FilterDefinition>> is not assignable to java.util.Collection<? extends com.google.inject.Binding<java.lang.Object>>
[Progress:==============================100%] [Cov:============================>      80%][Progress:==============================100%] [Cov:============================>      80%][Progress:==============================100%] [Cov:============================>      80%][Progress:==============================100%] [Cov:============================>      80%]
* Search finished after 61s and 581 generations, 244290 statements, best individual has fitness: 29.0
* Minimizing test suite
* Going to analyze the coverage criteria
* Coverage analysis for criterion LINE
* Coverage of criterion LINE: 89%
* Total number of goals: 35
* Number of covered goals: 31
* Coverage analysis for criterion BRANCH
* Coverage of criterion BRANCH: 75%
* Total number of goals: 16
* Number of covered goals: 12
* Coverage analysis for criterion EXCEPTION
* Coverage of criterion EXCEPTION: 100%
* Total number of goals: 6
* Number of covered goals: 6
* Coverage analysis for criterion WEAKMUTATION
* Coverage of criterion WEAKMUTATION: 56%
* Total number of goals: 25
* Number of covered goals: 14
* Coverage analysis for criterion OUTPUT
* Coverage of criterion OUTPUT: 100% (no goals)
* Coverage analysis for criterion METHOD
* Coverage of criterion METHOD: 100%
* Total number of goals: 4
* Number of covered goals: 4
* Coverage analysis for criterion METHODNOEXCEPTION
* Coverage of criterion METHODNOEXCEPTION: 100%
* Total number of goals: 4
* Number of covered goals: 4
* Coverage analysis for criterion CBRANCH
* Coverage of criterion CBRANCH: 75%
* Total number of goals: 16
* Number of covered goals: 12
* Generated 8 tests with total length 87
* Resulting test suite's coverage: 81% (average coverage for all fitness functions)
* Generating assertions
* Resulting test suite's mutation score: 12%
* Compiling and checking tests
* Writing tests to file
* Writing JUnit test case 'ManagedFilterPipeline_ESTest' to evosuite-tests
* Done!

* Computation finished
