* EvoSuite 1.2.0
* Going to generate test cases for class: com.google.inject.servlet.ManagedServletPipeline
* Starting Client-0
* Connecting to master process on port 16574
* Analyzing classpath: 
  - /home/wtwhite/code/craw-redhat-oss/wget/crawl/repo1.maven.org/maven2/com/google/inject/extensions/guice-servlet/6.0.0/guice-servlet-6.0.0.jar
  - t/dependency/aopalliance-1.0.jar
  - t/dependency/asm-9.5.jar
  - t/dependency/byte-buddy-1.12.4.jar
  - t/dependency/byte-buddy-agent-1.12.4.jar
  - t/dependency/checker-qual-3.12.0.jar
  - t/dependency/error_prone_annotations-2.18.0.jar
  - t/dependency/failureaccess-1.0.1.jar
  - t/dependency/guava-31.0.1-jre.jar
  - t/dependency/guava-testlib-31.0.1-jre.jar
  - t/dependency/guice-6.0.0.jar
  - t/dependency/guice-6.0.0-tests.jar
  - t/dependency/hamcrest-core-1.3.jar
  - t/dependency/j2objc-annotations-1.3.jar
  - t/dependency/jakarta.inject-api-2.0.1.jar
  - t/dependency/javax.inject-1.jar
  - t/dependency/jsr305-3.0.1.jar
  - t/dependency/junit-4.13.2.jar
  - t/dependency/listenablefuture-9999.0-empty-to-avoid-conflict-with-guava.jar
  - t/dependency/mockito-core-4.2.0.jar
  - t/dependency/objenesis-3.2.jar
  - t/dependency/servlet-api-2.5.jar
* Finished analyzing classpath
* Generating tests for class com.google.inject.servlet.ManagedServletPipeline
* Test criteria:
  - Line Coverage
  - Branch Coverage
  - Exception
  - Mutation testing (weak)
  - Method-Output Coverage
  - Top-Level Method Coverage
  - No-Exception Top-Level Method Coverage
  - Context Branch Coverage
[Progress:>                             0%] [Cov:>                                  0%]* Total number of test goals for DYNAMOSA: 265
* Using seed 1729707273648
* Starting evolution
* Initial Number of Goals in DynaMOSA = 111 / 265
[Progress:>                             0%] [Cov:===============>                   43%][Progress:>                             1%] [Cov:===============>                   44%][Progress:>                             3%] [Cov:================>                  46%][MASTER] 07:14:38.940 [logback-1] WARN  TestChromosome - Functional mock problem: org.evosuite.ga.ConstructionFailedException: Failed to add constructor for java.util.LinkedList due to org.evosuite.ga.ConstructionFailedException: Error: VariableReference: Statement 0, type java.util.Collection<com.google.inject.Binding<com.google.inject.servlet.ServletDefinition>> is not assignable to java.util.Collection<? extends com.google.inject.Binding<java.lang.Object>>
[Progress:>                             3%] [Cov:================>                  48%][MASTER] 07:14:39.107 [logback-1] WARN  TestChromosome - Functional mock problem: org.evosuite.ga.ConstructionFailedException: Failed to add constructor for java.util.ArrayList due to org.evosuite.ga.ConstructionFailedException: Error: VariableReference: Statement 0, type java.util.Stack<com.google.inject.Binding<com.google.inject.servlet.ServletDefinition>> is not assignable to java.util.Collection<? extends com.google.inject.Binding<com.google.inject.Binding<java.lang.Object>>>
[MASTER] 07:14:39.205 [logback-1] WARN  TestChromosome - Functional mock problem: org.evosuite.ga.ConstructionFailedException: Failed to add constructor for java.util.Vector due to org.evosuite.ga.ConstructionFailedException: Error: VariableReference: Statement 0, type java.util.TreeSet<com.google.inject.Binding<com.google.inject.servlet.ServletDefinition>> is not assignable to java.util.Collection<? extends com.google.inject.Binding<java.lang.Object>>
[Progress:>                             3%] [Cov:================>                  48%][MASTER] 07:14:39.340 [logback-1] WARN  TestChromosome - Functional mock problem: org.evosuite.ga.ConstructionFailedException: Failed to add constructor for com.google.inject.servlet.ServletDefinition due to org.evosuite.ga.ConstructionFailedException: Have no generator for interface com.google.inject.servlet.UriPatternMatcher canUseFunctionalMocks=true, canBeMocked: false
[Progress:=>                            5%] [Cov:=================>                 50%][MASTER] 07:14:39.778 [logback-1] WARN  TestChromosome - Functional mock problem: org.evosuite.ga.ConstructionFailedException: Failed to add constructor for java.util.ArrayList due to org.evosuite.ga.ConstructionFailedException: Error: VariableReference: Statement 0, type java.util.Collection<com.google.inject.Binding<java.lang.Object>> is not assignable to java.util.Collection<? extends com.google.inject.Binding<java.lang.annotation.Annotation>>
[MASTER] 07:14:39.789 [logback-1] WARN  TestChromosome - Functional mock problem: org.evosuite.ga.ConstructionFailedException: Failed to add constructor for java.util.ArrayList due to org.evosuite.ga.ConstructionFailedException: Error: VariableReference: Statement 0, type java.util.LinkedList<com.google.inject.Binding<com.google.inject.servlet.ServletDefinition>> is not assignable to java.util.Collection<? extends com.google.inject.Binding<com.google.inject.Binding<java.lang.annotation.Annotation>>>
[Progress:=>                            5%] [Cov:=================>                 50%][MASTER] 07:14:40.268 [logback-1] WARN  TestChromosome - Functional mock problem: org.evosuite.ga.ConstructionFailedException: Failed to add constructor for java.util.Vector due to org.evosuite.ga.ConstructionFailedException: Error: VariableReference: Statement 0, type java.util.PriorityQueue<com.google.inject.Binding<java.lang.Object>> is not assignable to java.util.Collection<? extends com.google.inject.Binding<com.google.inject.servlet.ServletDefinition>>
[Progress:=>                            5%] [Cov:=================>                 50%][Progress:=>                            6%] [Cov:=================>                 49%][Progress:=>                            6%] [Cov:=================>                 49%][MASTER] 07:14:40.836 [logback-1] WARN  TestChromosome - Functional mock problem: org.evosuite.ga.ConstructionFailedException: Have no generator for class com.google.inject.servlet.ServletDefinition canUseFunctionalMocks=false, canBeMocked: false
[MASTER] 07:14:40.856 [logback-1] WARN  TestChromosome - Functional mock problem: org.evosuite.ga.ConstructionFailedException: Failed to add constructor for java.util.LinkedList due to org.evosuite.ga.ConstructionFailedException: Error: VariableReference: Statement 0, type java.util.LinkedList<com.google.inject.Binding<com.google.inject.servlet.ServletDefinition>> is not assignable to java.util.Collection<? extends com.google.inject.Binding<com.google.inject.Binding<com.google.inject.servlet.ServletDefinition>>>
[MASTER] 07:14:40.896 [logback-1] WARN  TestChromosome - Functional mock problem: org.evosuite.ga.ConstructionFailedException: Failed to add constructor for java.util.Vector due to org.evosuite.ga.ConstructionFailedException: Error: VariableReference: Statement 0, type java.util.Stack<com.google.inject.Binding<com.google.inject.servlet.ServletDefinition>> is not assignable to java.util.Collection<? extends com.google.inject.Binding<java.lang.Object>>
[Progress:=>                            6%] [Cov:=================>                 49%][MASTER] 07:14:41.049 [logback-1] WARN  TestChromosome - Functional mock problem: org.evosuite.ga.ConstructionFailedException: Failed to add constructor for java.util.ArrayList due to org.evosuite.ga.ConstructionFailedException: Error: VariableReference: Statement 1, type java.util.PriorityQueue<com.google.inject.Binding<javax.servlet.http.HttpServlet>> is not assignable to java.util.Collection<? extends com.google.inject.Binding<com.google.inject.servlet.ServletDefinition>>
[Progress:=>                            6%] [Cov:=================>                 50%][MASTER] 07:14:41.279 [logback-1] WARN  TestCluster - Failed to check cache for java.util.Comparator<T> : Type points to itself
[Progress:=>                            6%] [Cov:=================>                 49%][Progress:==>                           8%] [Cov:=================>                 49%][Progress:==>                           8%] [Cov:=================>                 49%][MASTER] 07:14:41.916 [logback-1] WARN  TestChromosome - Functional mock problem: org.evosuite.ga.ConstructionFailedException: Failed to add constructor for java.util.Vector due to org.evosuite.ga.ConstructionFailedException: Failed to add constructor for java.util.HashSet due to org.evosuite.ga.ConstructionFailedException: Error: VariableReference: Statement 0, type java.util.LinkedHashSet<com.google.inject.Binding<java.lang.Object>> is not assignable to java.util.Collection<? extends com.google.inject.Binding<javax.servlet.http.HttpServlet>>
[Progress:==>                           8%] [Cov:=================>                 50%][MASTER] 07:14:42.050 [logback-1] WARN  TestChromosome - Functional mock problem: org.evosuite.ga.ConstructionFailedException: Failed to add constructor for java.util.ArrayList due to org.evosuite.ga.ConstructionFailedException: Error: VariableReference: Statement 0, type java.util.HashSet<com.google.inject.Binding<java.lang.Object>> is not assignable to java.util.Collection<? extends com.google.inject.Binding<com.google.inject.servlet.ServletDefinition>>
[Progress:==>                           8%] [Cov:=================>                 50%][Progress:==>                           8%] [Cov:=================>                 50%][Progress:===>                          10%] [Cov:==================>                52%][Progress:===>                          10%] [Cov:=================>                 51%][Progress:===>                          10%] [Cov:=================>                 51%][MASTER] 07:14:42.791 [logback-1] WARN  TestChromosome - Functional mock problem: org.evosuite.ga.ConstructionFailedException: Failed to add constructor for java.util.ArrayList due to org.evosuite.ga.ConstructionFailedException: Error: VariableReference: Statement 0, type java.util.Stack<com.google.inject.Binding<java.lang.Object>> is not assignable to java.util.Collection<? extends com.google.inject.Binding<com.google.inject.Binding<java.lang.Object>>>
[MASTER] 07:14:42.838 [logback-1] WARN  TestChromosome - Functional mock problem: org.evosuite.ga.ConstructionFailedException: Failed to add constructor for java.util.Vector due to org.evosuite.ga.ConstructionFailedException: Error: VariableReference: Statement 0, type java.util.Stack<com.google.inject.Binding<java.lang.Object>> is not assignable to java.util.Collection<? extends com.google.inject.Binding<com.google.inject.servlet.ServletDefinition>>
[MASTER] 07:14:42.892 [logback-1] WARN  TestChromosome - Functional mock problem: org.evosuite.ga.ConstructionFailedException: Failed to add constructor for java.util.ArrayList due to org.evosuite.ga.ConstructionFailedException: Error: VariableReference: Statement 0, type java.util.PriorityQueue<com.google.inject.Binding<java.lang.annotation.Annotation>> is not assignable to java.util.Collection<? extends com.google.inject.Binding<com.google.inject.servlet.ServletDefinition>>
[Progress:===>                          10%] [Cov:=================>                 51%][Progress:===>                          10%] [Cov:=================>                 51%][MASTER] 07:14:43.129 [logback-1] WARN  TestChromosome - Functional mock problem: org.evosuite.ga.ConstructionFailedException: Failed to add constructor for java.util.ArrayList due to org.evosuite.ga.ConstructionFailedException: Error: VariableReference: Statement 0, type java.util.ArrayList<com.google.inject.Binding<java.lang.Object>> is not assignable to java.util.Collection<? extends com.google.inject.Binding<java.lang.annotation.Annotation>>
[Progress:===>                          10%] [Cov:=================>                 51%][MASTER] 07:14:43.349 [logback-1] WARN  TestChromosome - Functional mock problem: org.evosuite.ga.ConstructionFailedException: Failed to add constructor for java.util.LinkedList due to org.evosuite.ga.ConstructionFailedException: Error: VariableReference: Statement 0, type java.util.HashSet<com.google.inject.Binding<java.lang.annotation.Annotation>> is not assignable to java.util.Collection<? extends com.google.inject.Binding<com.google.inject.Binding<java.lang.annotation.Annotation>>>
[Progress:===>                          10%] [Cov:===================>               57%][MASTER] 07:14:43.619 [logback-1] WARN  TestChromosome - Functional mock problem: org.evosuite.ga.ConstructionFailedException: Failed to add constructor for java.util.LinkedList due to org.evosuite.ga.ConstructionFailedException: Error: VariableReference: Statement 0, type java.util.LinkedHashSet<com.google.inject.Binding<com.google.inject.servlet.ServletDefinition>> is not assignable to java.util.Collection<? extends com.google.inject.Binding<java.lang.annotation.Annotation>>
[Progress:===>                          11%] [Cov:=====================>             60%][Progress:===>                          11%] [Cov:=====================>             60%][Progress:===>                          11%] [Cov:=====================>             60%][Progress:===>                          11%] [Cov:=====================>             60%][Progress:===>                          11%] [Cov:=====================>             60%][MASTER] 07:14:44.460 [logback-1] WARN  TestChromosome - Functional mock problem: org.evosuite.ga.ConstructionFailedException: Failed to add constructor for java.util.Vector due to org.evosuite.ga.ConstructionFailedException: Failed to add constructor for java.util.LinkedList due to org.evosuite.ga.ConstructionFailedException: Error: VariableReference: Statement 0, type java.util.HashSet<com.google.inject.Binding<com.google.inject.servlet.ServletDefinition>> is not assignable to java.util.Collection<? extends com.google.inject.Binding<java.util.Locale$Category>>
[Progress:===>                          13%] [Cov:=====================>             60%][Progress:===>                          13%] [Cov:=====================>             60%][Progress:===>                          13%] [Cov:=====================>             60%][MASTER] 07:14:44.883 [logback-1] WARN  TestChromosome - Functional mock problem: org.evosuite.ga.ConstructionFailedException: Have no generator for class javax.servlet.http.HttpServletRequestWrapper canUseFunctionalMocks=false, canBeMocked: true
[Progress:===>                          13%] [Cov:=====================>             60%][Progress:===>                          13%] [Cov:=====================>             60%][Progress:====>                         15%] [Cov:=====================>             61%][Progress:====>                         15%] [Cov:=====================>             61%][Progress:====>                         15%] [Cov:=====================>             60%][Progress:====>                         15%] [Cov:=====================>             60%][MASTER] 07:14:46.208 [logback-1] WARN  TestChromosome - Functional mock problem: org.evosuite.ga.ConstructionFailedException: Failed to add constructor for java.util.Vector due to org.evosuite.ga.ConstructionFailedException: Error: VariableReference: Statement 0, type java.util.HashSet<com.google.inject.Binding<java.lang.Object>> is not assignable to java.util.Collection<? extends com.google.inject.Binding<com.google.inject.servlet.ServletDefinition>>
[Progress:====>                         15%] [Cov:=====================>             60%][Progress:====>                         16%] [Cov:=====================>             60%][Progress:====>                         16%] [Cov:=====================>             60%][Progress:====>                         16%] [Cov:=====================>             60%][Progress:====>                         16%] [Cov:=====================>             60%][MASTER] 07:14:47.075 [logback-1] WARN  TestChromosome - Functional mock problem: org.evosuite.ga.ConstructionFailedException: Failed to add constructor for java.util.LinkedList due to org.evosuite.ga.ConstructionFailedException: Error: VariableReference: Statement 1, type java.util.ArrayList<com.google.inject.Binding<java.lang.Object>> is not assignable to java.util.Collection<? extends com.google.inject.Binding<com.google.inject.servlet.ServletDefinition>>
[MASTER] 07:14:47.114 [logback-1] WARN  TestChromosome - Functional mock problem: org.evosuite.ga.ConstructionFailedException: Failed to add constructor for java.util.LinkedList due to org.evosuite.ga.ConstructionFailedException: Error: VariableReference: Statement 1, type java.util.Vector<com.google.inject.Binding<com.google.inject.servlet.ServletDefinition>> is not assignable to java.util.Collection<? extends com.google.inject.Binding<java.lang.Object>>
[Progress:====>                         16%] [Cov:=====================>             60%][Progress:=====>                        18%] [Cov:=====================>             60%][Progress:=====>                        18%] [Cov:=====================>             60%][MASTER] 07:14:47.791 [logback-1] WARN  TestChromosome - Functional mock problem: org.evosuite.ga.ConstructionFailedException: Failed to add constructor for java.util.Vector due to org.evosuite.ga.ConstructionFailedException: Error: VariableReference: Statement 0, type java.util.ArrayList<com.google.inject.Binding<java.lang.Object>> is not assignable to java.util.Collection<? extends com.google.inject.Binding<com.google.inject.servlet.ServletDefinition>>
[Progress:=====>                        18%] [Cov:=====================>             61%][Progress:=====>                        18%] [Cov:=====================>             61%][Progress:=====>                        18%] [Cov:=====================>             61%][Progress:=====>                        18%] [Cov:=====================>             61%][Progress:=====>                        18%] [Cov:=====================>             61%][Progress:=====>                        18%] [Cov:=====================>             60%][Progress:======>                       20%] [Cov:=====================>             60%][Progress:======>                       20%] [Cov:=====================>             60%][MASTER] 07:14:48.708 [logback-1] WARN  TestChromosome - Functional mock problem: org.evosuite.ga.ConstructionFailedException: Failed to add constructor for java.util.LinkedList due to org.evosuite.ga.ConstructionFailedException: Error: VariableReference: Statement 0, type java.util.Vector<com.google.inject.Binding<java.lang.Object>> is not assignable to java.util.Collection<? extends com.google.inject.Binding<com.google.inject.Binding<java.lang.Object>>>
[MASTER] 07:14:48.727 [logback-1] WARN  TestChromosome - Functional mock problem: org.evosuite.ga.ConstructionFailedException: Failed to add constructor for java.util.ArrayList due to org.evosuite.ga.ConstructionFailedException: Error: VariableReference: Statement 0, type java.util.Collection<com.google.inject.Binding<java.lang.Object>> is not assignable to java.util.Collection<? extends com.google.inject.Binding<com.google.inject.servlet.ServletDefinition>>
[Progress:======>                       20%] [Cov:=====================>             60%][Progress:======>                       20%] [Cov:=====================>             60%][MASTER] 07:14:48.931 [logback-1] WARN  TestChromosome - Functional mock problem: org.evosuite.ga.ConstructionFailedException: Failed to add constructor for java.util.ArrayList due to org.evosuite.ga.ConstructionFailedException: Error: VariableReference: Statement 0, type java.util.TreeSet<com.google.inject.Binding<com.google.inject.servlet.ServletDefinition>> is not assignable to java.util.Collection<? extends com.google.inject.Binding<java.lang.Object>>
[Progress:======>                       20%] [Cov:=====================>             60%][Progress:======>                       20%] [Cov:=====================>             61%][MASTER] 07:14:49.299 [logback-1] WARN  TestChromosome - Functional mock problem: org.evosuite.ga.ConstructionFailedException: Failed to add constructor for java.util.Vector due to org.evosuite.ga.ConstructionFailedException: Error: VariableReference: Statement 0, type java.util.Collection<com.google.inject.Binding<com.google.inject.servlet.ServletDefinition>> is not assignable to java.util.Collection<? extends com.google.inject.Binding<java.lang.Object>>
[Progress:======>                       20%] [Cov:=====================>             60%][MASTER] 07:14:49.486 [logback-1] WARN  TestChromosome - Functional mock problem: org.evosuite.ga.ConstructionFailedException: Failed to add constructor for java.util.ArrayList due to org.evosuite.ga.ConstructionFailedException: Error: VariableReference: Statement 0, type java.util.LinkedList<com.google.inject.Binding<javax.servlet.http.HttpServlet>> is not assignable to java.util.Collection<? extends com.google.inject.Binding<java.lang.Object>>
[Progress:======>                       21%] [Cov:=====================>             60%][Progress:======>                       21%] [Cov:=====================>             60%][Progress:======>                       21%] [Cov:=====================>             61%][Progress:======>                       21%] [Cov:=====================>             60%][MASTER] 07:14:49.801 [logback-1] WARN  TestChromosome - Functional mock problem: org.evosuite.ga.ConstructionFailedException: Failed to add constructor for java.util.Vector due to org.evosuite.ga.ConstructionFailedException: Error: VariableReference: Statement 0, type java.util.LinkedList<com.google.inject.Binding<java.lang.Object>> is not assignable to java.util.Collection<? extends com.google.inject.Binding<java.lang.annotation.Annotation>>
[Progress:======>                       21%] [Cov:=====================>             60%][Progress:======>                       21%] [Cov:=====================>             60%][Progress:======>                       21%] [Cov:=====================>             60%][MASTER] 07:14:50.069 [logback-1] WARN  TestChromosome - Functional mock problem: org.evosuite.ga.ConstructionFailedException: Failed to add constructor for java.util.LinkedList due to org.evosuite.ga.ConstructionFailedException: Error: VariableReference: Statement 0, type java.util.Stack<com.google.inject.Binding<java.lang.Object>> is not assignable to java.util.Collection<? extends com.google.inject.Binding<com.google.inject.Binding<java.lang.Object>>>
[Progress:======>                       21%] [Cov:=====================>             60%][MASTER] 07:14:50.206 [logback-1] WARN  TestChromosome - Functional mock problem: org.evosuite.ga.ConstructionFailedException: Failed to add constructor for java.util.LinkedList due to org.evosuite.ga.ConstructionFailedException: Error: VariableReference: Statement 0, type java.util.Vector<com.google.inject.Binding<com.google.inject.servlet.ServletDefinition>> is not assignable to java.util.Collection<? extends com.google.inject.Binding<java.lang.Object>>
[Progress:======>                       21%] [Cov:=====================>             60%][Progress:======>                       21%] [Cov:=====================>             60%][Progress:======>                       21%] [Cov:=====================>             60%][Progress:======>                       21%] [Cov:=====================>             60%][Progress:======>                       23%] [Cov:=====================>             60%][Progress:======>                       23%] [Cov:=====================>             60%][Progress:======>                       23%] [Cov:=====================>             60%][MASTER] 07:14:50.788 [logback-1] WARN  TestChromosome - Functional mock problem: org.evosuite.ga.ConstructionFailedException: Failed to add constructor for java.util.ArrayList due to org.evosuite.ga.ConstructionFailedException: Error: VariableReference: Statement 0, type java.util.ArrayList<com.google.inject.Binding<java.util.Locale$Category>> is not assignable to java.util.Collection<? extends com.google.inject.Binding<com.google.inject.servlet.ServletDefinition>>
[Progress:======>                       23%] [Cov:=====================>             60%][Progress:======>                       23%] [Cov:=====================>             60%][Progress:======>                       23%] [Cov:=====================>             60%][Progress:======>                       23%] [Cov:=====================>             60%][MASTER] 07:14:51.177 [logback-1] WARN  TestChromosome - Functional mock problem: org.evosuite.ga.ConstructionFailedException: Failed to add constructor for java.util.LinkedList due to org.evosuite.ga.ConstructionFailedException: Error: VariableReference: Statement 0, type java.util.PriorityQueue<com.google.inject.Binding<java.lang.Object>> is not assignable to java.util.Collection<? extends com.google.inject.Binding<java.lang.annotation.Annotation>>
[Progress:======>                       23%] [Cov:=====================>             60%][MASTER] 07:14:51.302 [logback-1] WARN  TestChromosome - Functional mock problem: org.evosuite.ga.ConstructionFailedException: Failed to add constructor for java.util.ArrayList due to org.evosuite.ga.ConstructionFailedException: Error: VariableReference: Statement 0, type java.util.ArrayList<com.google.inject.Binding<com.google.inject.servlet.ServletDefinition>> is not assignable to java.util.Collection<? extends com.google.inject.Binding<java.lang.Object>>
[MASTER] 07:14:51.313 [logback-1] WARN  TestChromosome - Functional mock problem: org.evosuite.ga.ConstructionFailedException: Failed to add constructor for java.util.Vector due to org.evosuite.ga.ConstructionFailedException: Error: VariableReference: Statement 0, type java.util.HashSet<com.google.inject.Binding<java.lang.annotation.Annotation>> is not assignable to java.util.Collection<? extends com.google.inject.Binding<com.google.inject.servlet.ServletDefinition>>
[Progress:======>                       23%] [Cov:=====================>             60%][Progress:======>                       23%] [Cov:=====================>             60%][Progress:=======>                      25%] [Cov:=====================>             60%][MASTER] 07:14:51.658 [logback-1] WARN  TestChromosome - Functional mock problem: org.evosuite.ga.ConstructionFailedException: Failed to add constructor for java.util.ArrayList due to org.evosuite.ga.ConstructionFailedException: Error: VariableReference: Statement 0, type java.util.ArrayList<com.google.inject.Binding<java.lang.annotation.Annotation>> is not assignable to java.util.Collection<? extends com.google.inject.Binding<java.lang.Object>>
[Progress:=======>                      25%] [Cov:=====================>             60%][Progress:=======>                      25%] [Cov:=====================>             60%][MASTER] 07:14:52.107 [logback-1] WARN  TestChromosome - Functional mock problem: org.evosuite.ga.ConstructionFailedException: Failed to add constructor for java.util.LinkedList due to org.evosuite.ga.ConstructionFailedException: Error: VariableReference: Statement 0, type java.util.ArrayList<com.google.inject.Binding<javax.servlet.http.HttpServlet>> is not assignable to java.util.Collection<? extends com.google.inject.Binding<java.lang.Object>>
[Progress:=======>                      25%] [Cov:=====================>             60%][Progress:=======>                      25%] [Cov:=====================>             60%][Progress:=======>                      25%] [Cov:=====================>             60%][Progress:=======>                      25%] [Cov:=====================>             60%][MASTER] 07:14:52.414 [logback-1] WARN  TestChromosome - Functional mock problem: org.evosuite.ga.ConstructionFailedException: Failed to add constructor for java.util.Vector due to org.evosuite.ga.ConstructionFailedException: Error: VariableReference: Statement 1, type java.util.LinkedHashSet<com.google.inject.Binding<java.lang.Object>> is not assignable to java.util.Collection<? extends com.google.inject.Binding<com.google.inject.servlet.ServletDefinition>>
[Progress:=======>                      26%] [Cov:=====================>             60%][Progress:=======>                      26%] [Cov:=====================>             60%][Progress:=======>                      26%] [Cov:=====================>             60%][Progress:=======>                      26%] [Cov:=====================>             60%][MASTER] 07:14:53.164 [logback-1] WARN  TestChromosome - Functional mock problem: org.evosuite.ga.ConstructionFailedException: Failed to add constructor for java.util.LinkedList due to org.evosuite.ga.ConstructionFailedException: Error: VariableReference: Statement 0, type java.util.Stack<com.google.inject.Binding<java.lang.Object>> is not assignable to java.util.Collection<? extends com.google.inject.Binding<com.google.inject.servlet.ServletDefinition>>
[Progress:=======>                      26%] [Cov:=====================>             60%][Progress:=======>                      26%] [Cov:=====================>             60%][Progress:=======>                      26%] [Cov:=====================>             60%][Progress:=======>                      26%] [Cov:=====================>             60%][Progress:========>                     28%] [Cov:=====================>             60%][Progress:========>                     28%] [Cov:=====================>             60%][Progress:========>                     28%] [Cov:=====================>             60%][Progress:========>                     28%] [Cov:=====================>             60%][MASTER] 07:14:54.011 [logback-1] WARN  TestChromosome - Functional mock problem: org.evosuite.ga.ConstructionFailedException: Failed to add constructor for java.util.ArrayList due to org.evosuite.ga.ConstructionFailedException: Error: VariableReference: Statement 0, type java.util.LinkedList<com.google.inject.Binding<java.lang.Object>> is not assignable to java.util.Collection<? extends com.google.inject.Binding<com.google.inject.servlet.ServletDefinition>>
[MASTER] 07:14:54.019 [logback-1] WARN  TestChromosome - Functional mock problem: org.evosuite.ga.ConstructionFailedException: Failed to add constructor for java.util.LinkedList due to org.evosuite.ga.ConstructionFailedException: Error: VariableReference: Statement 0, type java.util.TreeSet<com.google.inject.Binding<java.lang.Object>> is not assignable to java.util.Collection<? extends com.google.inject.Binding<com.google.inject.Binding<com.google.inject.servlet.ServletDefinition>>>
[Progress:========>                     28%] [Cov:=====================>             60%][Progress:========>                     28%] [Cov:=====================>             60%][Progress:========>                     28%] [Cov:=====================>             60%][MASTER] 07:14:54.307 [logback-1] WARN  TestChromosome - Functional mock problem: org.evosuite.ga.ConstructionFailedException: Failed to add constructor for java.util.LinkedList due to org.evosuite.ga.ConstructionFailedException: Error: VariableReference: Statement 0, type java.util.ArrayList<com.google.inject.Binding<java.lang.Object>> is not assignable to java.util.Collection<? extends com.google.inject.Binding<com.google.inject.servlet.ServletDefinition>>
[Progress:========>                     28%] [Cov:=====================>             60%][MASTER] 07:14:54.335 [logback-1] WARN  TestChromosome - Functional mock problem: org.evosuite.ga.ConstructionFailedException: Failed to add constructor for java.util.Vector due to org.evosuite.ga.ConstructionFailedException: Error: VariableReference: Statement 0, type java.util.Collection<com.google.inject.Binding<java.lang.Object>> is not assignable to java.util.Collection<? extends com.google.inject.Binding<com.google.inject.servlet.ServletDefinition>>
[Progress:========>                     28%] [Cov:=====================>             60%][Progress:========>                     28%] [Cov:=====================>             60%][Progress:=========>                    30%] [Cov:=====================>             60%][Progress:=========>                    30%] [Cov:=====================>             60%][MASTER] 07:14:54.667 [logback-1] WARN  TestChromosome - Functional mock problem: org.evosuite.ga.ConstructionFailedException: Failed to add constructor for java.util.LinkedList due to org.evosuite.ga.ConstructionFailedException: Error: VariableReference: Statement 0, type java.util.ArrayList<com.google.inject.Binding<java.lang.Object>> is not assignable to java.util.Collection<? extends com.google.inject.Binding<javax.servlet.http.HttpServlet>>
[Progress:=========>                    30%] [Cov:=====================>             60%][MASTER] 07:14:54.699 [logback-1] WARN  TestChromosome - Functional mock problem: org.evosuite.ga.ConstructionFailedException: Failed to add constructor for java.util.LinkedList due to org.evosuite.ga.ConstructionFailedException: Error: VariableReference: Statement 0, type java.util.LinkedList<com.google.inject.Binding<java.lang.Object>> is not assignable to java.util.Collection<? extends com.google.inject.Binding<com.google.inject.Binding<java.lang.Object>>>
[Progress:=========>                    30%] [Cov:=====================>             60%][Progress:=========>                    30%] [Cov:=====================>             60%][Progress:=========>                    30%] [Cov:======================>            64%][Progress:=========>                    30%] [Cov:======================>            64%][Progress:=========>                    30%] [Cov:======================>            64%][Progress:=========>                    30%] [Cov:======================>            64%][MASTER] 07:14:55.223 [logback-1] WARN  TestChromosome - Functional mock problem: org.evosuite.ga.ConstructionFailedException: Failed to add constructor for java.util.LinkedList due to org.evosuite.ga.ConstructionFailedException: Error: VariableReference: Statement 0, type java.util.Collection<com.google.inject.Binding<java.lang.Object>> is not assignable to java.util.Collection<? extends com.google.inject.Binding<com.google.inject.servlet.ServletDefinition>>
[Progress:=========>                    30%] [Cov:======================>            64%][Progress:=========>                    30%] [Cov:======================>            64%][MASTER] 07:14:55.405 [logback-1] WARN  TestChromosome - Functional mock problem: org.evosuite.ga.ConstructionFailedException: Failed to add constructor for java.util.Vector due to org.evosuite.ga.ConstructionFailedException: Error: VariableReference: Statement 0, type java.util.PriorityQueue<com.google.inject.Binding<com.google.inject.servlet.ServletDefinition>> is not assignable to java.util.Collection<? extends com.google.inject.Binding<java.lang.Object>>
[Progress:=========>                    30%] [Cov:======================>            64%][MASTER] 07:14:55.482 [logback-1] WARN  TestChromosome - Functional mock problem: org.evosuite.ga.ConstructionFailedException: Failed to add constructor for java.util.ArrayList due to org.evosuite.ga.ConstructionFailedException: Error: VariableReference: Statement 0, type java.util.Collection<com.google.inject.Binding<com.google.inject.servlet.ServletDefinition>> is not assignable to java.util.Collection<? extends com.google.inject.Binding<java.lang.Object>>
[Progress:=========>                    31%] [Cov:======================>            64%][MASTER] 07:14:55.613 [logback-1] WARN  TestChromosome - Functional mock problem: org.evosuite.ga.ConstructionFailedException: Have no generator for class com.google.inject.servlet.ManagedServletPipeline canUseFunctionalMocks=false, canBeMocked: false
[Progress:=========>                    31%] [Cov:======================>            64%][Progress:=========>                    31%] [Cov:======================>            64%][Progress:=========>                    31%] [Cov:======================>            64%][MASTER] 07:14:55.918 [logback-1] WARN  TestChromosome - Functional mock problem: org.evosuite.ga.ConstructionFailedException: Failed to add constructor for java.util.LinkedList due to org.evosuite.ga.ConstructionFailedException: Error: VariableReference: Statement 2, type java.util.ArrayDeque<com.google.inject.Binding<java.lang.Object>> is not assignable to java.util.Collection<? extends com.google.inject.Binding<javax.servlet.http.HttpServlet>>
[Progress:=========>                    31%] [Cov:======================>            64%][MASTER] 07:14:56.031 [logback-1] WARN  TestChromosome - Functional mock problem: org.evosuite.ga.ConstructionFailedException: Failed to add constructor for java.util.ArrayList due to org.evosuite.ga.ConstructionFailedException: Failed to add constructor for java.util.LinkedList due to org.evosuite.ga.ConstructionFailedException: Error: VariableReference: Statement 0, type java.util.Collection<com.google.inject.Binding<javax.servlet.http.HttpServlet>> is not assignable to java.util.Collection<? extends com.google.inject.Binding<java.lang.Object>>
[MASTER] 07:14:56.035 [logback-1] WARN  TestChromosome - Functional mock problem: org.evosuite.ga.ConstructionFailedException: Failed to add constructor for java.util.ArrayList due to org.evosuite.ga.ConstructionFailedException: Error: VariableReference: Statement 2, type java.util.ArrayDeque<com.google.inject.Binding<com.google.inject.servlet.ServletDefinition>> is not assignable to java.util.Collection<? extends com.google.inject.Binding<com.google.inject.Binding<java.lang.Object>>>
[MASTER] 07:14:56.072 [logback-1] WARN  TestChromosome - Functional mock problem: org.evosuite.ga.ConstructionFailedException: Failed to add constructor for java.util.Vector due to org.evosuite.ga.ConstructionFailedException: Error: VariableReference: Statement 2, type java.util.Stack<com.google.inject.Binding<javax.servlet.http.HttpServlet>> is not assignable to java.util.Collection<? extends com.google.inject.Binding<com.google.inject.servlet.ServletDefinition>>
[Progress:=========>                    31%] [Cov:======================>            64%][MASTER] 07:14:56.119 [logback-1] WARN  TestChromosome - Functional mock problem: org.evosuite.ga.ConstructionFailedException: Failed to add constructor for java.util.LinkedList due to org.evosuite.ga.ConstructionFailedException: Error: VariableReference: Statement 0, type java.util.LinkedList<com.google.inject.Binding<java.lang.Object>> is not assignable to java.util.Collection<? extends com.google.inject.Binding<com.google.inject.servlet.ServletDefinition>>
[Progress:=========>                    31%] [Cov:======================>            64%][MASTER] 07:14:56.232 [logback-1] WARN  TestChromosome - Functional mock problem: org.evosuite.ga.ConstructionFailedException: Failed to add constructor for java.util.LinkedList due to org.evosuite.ga.ConstructionFailedException: Error: VariableReference: Statement 0, type java.util.Vector<com.google.inject.Binding<com.google.inject.servlet.ServletDefinition>> is not assignable to java.util.Collection<? extends com.google.inject.Binding<java.lang.annotation.Annotation>>
[Progress:=========>                    31%] [Cov:======================>            64%][MASTER] 07:14:56.824 [logback-1] WARN  TestChromosome - Functional mock problem: org.evosuite.ga.ConstructionFailedException: Failed to add constructor for java.util.ArrayList due to org.evosuite.ga.ConstructionFailedException: Error: VariableReference: Statement 2, type java.util.Collection<com.google.inject.Binding<java.lang.Object>> is not assignable to java.util.Collection<? extends com.google.inject.Binding<com.google.inject.servlet.ServletDefinition>>
[MASTER] 07:14:56.838 [logback-1] WARN  TestChromosome - Functional mock problem: org.evosuite.ga.ConstructionFailedException: Failed to add constructor for java.util.ArrayList due to org.evosuite.ga.ConstructionFailedException: Error: VariableReference: Statement 0, type java.util.Stack<com.google.inject.Binding<com.google.inject.servlet.ServletDefinition>> is not assignable to java.util.Collection<? extends com.google.inject.Binding<java.lang.Object>>
[Progress:=========>                    33%] [Cov:======================>            64%][MASTER] 07:14:56.896 [logback-1] WARN  TestChromosome - Functional mock problem: org.evosuite.ga.ConstructionFailedException: Failed to add constructor for java.util.LinkedList due to org.evosuite.ga.ConstructionFailedException: Error: VariableReference: Statement 2, type java.util.Vector<com.google.inject.Binding<java.lang.Object>> is not assignable to java.util.Collection<? extends com.google.inject.Binding<java.lang.annotation.Annotation>>
[Progress:=========>                    33%] [Cov:======================>            64%][Progress:=========>                    33%] [Cov:======================>            64%][MASTER] 07:14:57.057 [logback-1] WARN  TestChromosome - Functional mock problem: org.evosuite.ga.ConstructionFailedException: Failed to add constructor for java.util.ArrayList due to org.evosuite.ga.ConstructionFailedException: Error: VariableReference: Statement 0, type java.util.Vector<com.google.inject.Binding<com.google.inject.servlet.ServletDefinition>> is not assignable to java.util.Collection<? extends com.google.inject.Binding<java.lang.Object>>
[Progress:=========>                    33%] [Cov:======================>            64%][Progress:=========>                    33%] [Cov:======================>            64%][MASTER] 07:14:57.220 [logback-1] WARN  TestChromosome - Functional mock problem: org.evosuite.ga.ConstructionFailedException: Failed to add constructor for java.util.Vector due to org.evosuite.ga.ConstructionFailedException: Error: VariableReference: Statement 0, type java.util.ArrayList<com.google.inject.Binding<java.lang.Object>> is not assignable to java.util.Collection<? extends com.google.inject.Binding<javax.servlet.http.HttpServlet>>
[Progress:=========>                    33%] [Cov:=======================>           67%][Progress:=========>                    33%] [Cov:=======================>           67%][Progress:=========>                    33%] [Cov:=======================>           67%][Progress:==========>                   35%] [Cov:=======================>           67%][Progress:==========>                   35%] [Cov:=======================>           67%][Progress:==========>                   35%] [Cov:=======================>           67%][Progress:==========>                   35%] [Cov:=======================>           67%][MASTER] 07:14:57.791 [logback-1] WARN  TestChromosome - Functional mock problem: org.evosuite.ga.ConstructionFailedException: Failed to add constructor for java.util.Vector due to org.evosuite.ga.ConstructionFailedException: Error: VariableReference: Statement 0, type java.util.ArrayList<com.google.inject.Binding<java.lang.Object>> is not assignable to java.util.Collection<? extends com.google.inject.Binding<com.google.inject.Binding<java.lang.Object>>>
[Progress:==========>                   35%] [Cov:=======================>           67%][Progress:==========>                   35%] [Cov:=======================>           67%][MASTER] 07:14:57.926 [logback-1] WARN  TestChromosome - Functional mock problem: org.evosuite.ga.ConstructionFailedException: Failed to add constructor for java.util.ArrayList due to org.evosuite.ga.ConstructionFailedException: Error: VariableReference: Statement 0, type java.util.ArrayList<com.google.inject.Binding<com.google.inject.servlet.ServletDefinition>> is not assignable to java.util.Collection<? extends com.google.inject.Binding<javax.servlet.http.HttpServlet>>
[Progress:==========>                   35%] [Cov:=======================>           67%][Progress:==========>                   35%] [Cov:=======================>           67%][Progress:==========>                   35%] [Cov:=======================>           67%][Progress:==========>                   35%] [Cov:=======================>           67%][Progress:==========>                   35%] [Cov:=======================>           67%][MASTER] 07:14:58.400 [logback-1] WARN  TestChromosome - Functional mock problem: org.evosuite.ga.ConstructionFailedException: Failed to add constructor for java.util.ArrayList due to org.evosuite.ga.ConstructionFailedException: Error: VariableReference: Statement 0, type java.util.TreeSet<com.google.inject.Binding<java.lang.Object>> is not assignable to java.util.Collection<? extends com.google.inject.Binding<com.google.inject.servlet.ServletDefinition>>
[Progress:==========>                   35%] [Cov:=======================>           67%][MASTER] 07:14:58.413 [logback-1] WARN  TestChromosome - Functional mock problem: org.evosuite.ga.ConstructionFailedException: Failed to add constructor for java.util.Vector due to org.evosuite.ga.ConstructionFailedException: Error: VariableReference: Statement 0, type java.util.PriorityQueue<com.google.inject.Binding<java.lang.Object>> is not assignable to java.util.Collection<? extends com.google.inject.Binding<java.lang.annotation.Annotation>>
[Progress:==========>                   35%] [Cov:=======================>           67%][Progress:==========>                   36%] [Cov:=======================>           67%][Progress:==========>                   36%] [Cov:=======================>           67%][Progress:==========>                   36%] [Cov:=======================>           67%][Progress:==========>                   36%] [Cov:=======================>           67%][Progress:==========>                   36%] [Cov:=======================>           67%][Progress:==========>                   36%] [Cov:=======================>           67%][Progress:==========>                   36%] [Cov:=======================>           67%][MASTER] 07:14:59.091 [logback-1] WARN  TestChromosome - Functional mock problem: org.evosuite.ga.ConstructionFailedException: Failed to add constructor for java.util.LinkedList due to org.evosuite.ga.ConstructionFailedException: Error: VariableReference: Statement 0, type java.util.HashSet<com.google.inject.Binding<java.lang.Object>> is not assignable to java.util.Collection<? extends com.google.inject.Binding<com.google.inject.servlet.ServletDefinition>>
[Progress:==========>                   36%] [Cov:=======================>           67%][MASTER] 07:14:59.171 [logback-1] WARN  TestChromosome - Functional mock problem: org.evosuite.ga.ConstructionFailedException: Failed to add constructor for java.util.Vector due to org.evosuite.ga.ConstructionFailedException: Error: VariableReference: Statement 0, type java.util.TreeSet<com.google.inject.Binding<java.lang.annotation.Annotation>> is not assignable to java.util.Collection<? extends com.google.inject.Binding<java.lang.Object>>
[Progress:==========>                   36%] [Cov:=======================>           67%][Progress:==========>                   36%] [Cov:=======================>           67%][Progress:==========>                   36%] [Cov:=======================>           67%][Progress:==========>                   36%] [Cov:=======================>           67%][MASTER] 07:14:59.533 [logback-1] WARN  TestChromosome - Functional mock problem: org.evosuite.ga.ConstructionFailedException: Failed to add constructor for java.util.Vector due to org.evosuite.ga.ConstructionFailedException: Failed to add constructor for java.util.PriorityQueue due to org.evosuite.ga.ConstructionFailedException: Error: VariableReference: Statement 0, type java.util.ArrayList<com.google.inject.Binding<com.google.inject.servlet.ServletDefinition>> is not assignable to java.util.Collection<? extends com.google.inject.Binding<java.lang.Object>>
[Progress:===========>                  38%] [Cov:=======================>           67%][Progress:===========>                  38%] [Cov:=======================>           67%][MASTER] 07:14:59.700 [logback-1] WARN  TestChromosome - Functional mock problem: org.evosuite.ga.ConstructionFailedException: Failed to add constructor for java.util.LinkedList due to org.evosuite.ga.ConstructionFailedException: Error: VariableReference: Statement 0, type java.util.Vector<com.google.inject.Binding<java.lang.Object>> is not assignable to java.util.Collection<? extends com.google.inject.Binding<java.lang.annotation.Annotation>>
[Progress:===========>                  38%] [Cov:=======================>           67%][Progress:===========>                  38%] [Cov:=======================>           67%][MASTER] 07:14:59.857 [logback-1] WARN  TestChromosome - Functional mock problem: org.evosuite.ga.ConstructionFailedException: Failed to add constructor for java.util.ArrayList due to org.evosuite.ga.ConstructionFailedException: Error: VariableReference: Statement 0, type java.util.ArrayDeque<com.google.inject.Binding<java.lang.Object>> is not assignable to java.util.Collection<? extends com.google.inject.Binding<com.google.inject.servlet.ServletDefinition>>
[Progress:===========>                  38%] [Cov:=======================>           67%][MASTER] 07:14:59.919 [logback-1] WARN  TestChromosome - Functional mock problem: org.evosuite.ga.ConstructionFailedException: Failed to add constructor for java.util.ArrayList due to org.evosuite.ga.ConstructionFailedException: Error: VariableReference: Statement 0, type java.util.PriorityQueue<com.google.inject.Binding<com.google.inject.servlet.ServletDefinition>> is not assignable to java.util.Collection<? extends com.google.inject.Binding<java.lang.Object>>
[MASTER] 07:14:59.931 [logback-1] WARN  TestChromosome - Functional mock problem: org.evosuite.ga.ConstructionFailedException: Failed to add constructor for java.util.ArrayList due to org.evosuite.ga.ConstructionFailedException: Error: VariableReference: Statement 0, type java.util.ArrayList<com.google.inject.Binding<com.google.inject.servlet.ServletDefinition>> is not assignable to java.util.Collection<? extends com.google.inject.Binding<com.google.inject.Binding<java.lang.annotation.Annotation>>>
[Progress:===========>                  38%] [Cov:=======================>           67%][Progress:===========>                  38%] [Cov:=======================>           67%][Progress:===========>                  38%] [Cov:=======================>           67%][MASTER] 07:15:00.268 [logback-1] WARN  TestChromosome - Functional mock problem: org.evosuite.ga.ConstructionFailedException: Failed to add constructor for java.util.ArrayList due to org.evosuite.ga.ConstructionFailedException: Error: VariableReference: Statement 0, type java.util.ArrayDeque<com.google.inject.Binding<java.lang.Object>> is not assignable to java.util.Collection<? extends com.google.inject.Binding<com.google.inject.Binding<com.google.inject.servlet.ServletDefinition>>>
[Progress:============>                 40%] [Cov:=======================>           67%][MASTER] 07:15:00.759 [logback-1] WARN  TestChromosome - Functional mock problem: org.evosuite.ga.ConstructionFailedException: Failed to add constructor for java.util.Vector due to org.evosuite.ga.ConstructionFailedException: Error: VariableReference: Statement 0, type java.util.LinkedList<com.google.inject.Binding<java.lang.Object>> is not assignable to java.util.Collection<? extends com.google.inject.Binding<com.google.inject.servlet.ServletDefinition>>
[Progress:============>                 40%] [Cov:=======================>           67%][Progress:============>                 40%] [Cov:=======================>           67%][MASTER] 07:15:00.960 [logback-1] WARN  TestChromosome - Functional mock problem: org.evosuite.ga.ConstructionFailedException: Failed to add constructor for java.util.LinkedList due to org.evosuite.ga.ConstructionFailedException: Error: VariableReference: Statement 0, type java.util.Stack<com.google.inject.Binding<javax.servlet.http.HttpServlet>> is not assignable to java.util.Collection<? extends com.google.inject.Binding<java.lang.Object>>
[MASTER] 07:15:01.039 [logback-1] WARN  TestChromosome - Functional mock problem: org.evosuite.ga.ConstructionFailedException: Failed to add constructor for java.util.LinkedList due to org.evosuite.ga.ConstructionFailedException: Error: VariableReference: Statement 0, type java.util.LinkedHashSet<com.google.inject.Binding<java.lang.Object>> is not assignable to java.util.Collection<? extends com.google.inject.Binding<javax.servlet.http.HttpServlet>>
[Progress:============>                 40%] [Cov:=======================>           67%][Progress:============>                 40%] [Cov:=======================>           67%][MASTER] 07:15:01.112 [logback-1] WARN  TestChromosome - Functional mock problem: org.evosuite.ga.ConstructionFailedException: Failed to add constructor for java.util.LinkedList due to org.evosuite.ga.ConstructionFailedException: Error: VariableReference: Statement 0, type java.util.HashSet<com.google.inject.Binding<java.lang.annotation.Annotation>> is not assignable to java.util.Collection<? extends com.google.inject.Binding<com.google.inject.servlet.ServletDefinition>>
[Progress:============>                 40%] [Cov:=======================>           67%][MASTER] 07:15:01.246 [logback-1] WARN  TestChromosome - Functional mock problem: org.evosuite.ga.ConstructionFailedException: Failed to add constructor for java.util.ArrayList due to org.evosuite.ga.ConstructionFailedException: Error: VariableReference: Statement 0, type java.util.PriorityQueue<com.google.inject.Binding<java.lang.Object>> is not assignable to java.util.Collection<? extends com.google.inject.Binding<java.lang.annotation.Annotation>>
[Progress:============>                 40%] [Cov:=======================>           67%][Progress:============>                 40%] [Cov:=======================>           67%][Progress:============>                 40%] [Cov:=======================>           67%][Progress:============>                 40%] [Cov:=======================>           67%][Progress:============>                 41%] [Cov:=======================>           67%][Progress:============>                 41%] [Cov:=======================>           67%][Progress:============>                 41%] [Cov:=======================>           67%][Progress:============>                 41%] [Cov:=======================>           67%][MASTER] 07:15:01.821 [logback-1] WARN  TestChromosome - Functional mock problem: org.evosuite.ga.ConstructionFailedException: Failed to add constructor for java.util.ArrayList due to org.evosuite.ga.ConstructionFailedException: Error: VariableReference: Statement 0, type java.util.LinkedHashSet<com.google.inject.Binding<java.lang.Object>> is not assignable to java.util.Collection<? extends com.google.inject.Binding<com.google.inject.servlet.ServletDefinition>>
[Progress:============>                 41%] [Cov:=======================>           67%][Progress:============>                 41%] [Cov:=======================>           67%][MASTER] 07:15:01.964 [logback-1] WARN  TestChromosome - Functional mock problem: org.evosuite.ga.ConstructionFailedException: Failed to add constructor for java.util.Vector due to org.evosuite.ga.ConstructionFailedException: Error: VariableReference: Statement 0, type java.util.LinkedHashSet<com.google.inject.Binding<com.google.inject.servlet.ServletDefinition>> is not assignable to java.util.Collection<? extends com.google.inject.Binding<com.google.inject.Binding<java.lang.Object>>>
[Progress:============>                 41%] [Cov:=======================>           67%][Progress:============>                 41%] [Cov:=======================>           67%][Progress:============>                 41%] [Cov:=======================>           67%][Progress:============>                 41%] [Cov:=======================>           67%][MASTER] 07:15:02.248 [logback-1] WARN  TestChromosome - Functional mock problem: org.evosuite.ga.ConstructionFailedException: Failed to add constructor for java.util.LinkedList due to org.evosuite.ga.ConstructionFailedException: Error: VariableReference: Statement 0, type java.util.TreeSet<com.google.inject.Binding<com.google.inject.servlet.ServletDefinition>> is not assignable to java.util.Collection<? extends com.google.inject.Binding<javax.servlet.http.HttpServlet>>
[Progress:============>                 41%] [Cov:=======================>           67%][Progress:============>                 41%] [Cov:=======================>           67%][Progress:============>                 41%] [Cov:=======================>           67%][Progress:============>                 41%] [Cov:=======================>           67%][Progress:============>                 43%] [Cov:=======================>           67%][Progress:============>                 43%] [Cov:=======================>           67%][Progress:============>                 43%] [Cov:=======================>           67%][Progress:============>                 43%] [Cov:=======================>           67%][Progress:============>                 43%] [Cov:=======================>           67%][MASTER] 07:15:02.828 [logback-1] WARN  TestChromosome - Functional mock problem: org.evosuite.ga.ConstructionFailedException: Failed to add constructor for java.util.LinkedList due to org.evosuite.ga.ConstructionFailedException: Error: VariableReference: Statement 0, type java.util.HashSet<com.google.inject.Binding<com.google.inject.servlet.ServletDefinition>> is not assignable to java.util.Collection<? extends com.google.inject.Binding<java.lang.Object>>
[Progress:============>                 43%] [Cov:=======================>           67%][Progress:============>                 43%] [Cov:=======================>           67%][MASTER] 07:15:02.963 [logback-1] WARN  TestChromosome - Functional mock problem: org.evosuite.ga.ConstructionFailedException: Failed to add constructor for java.util.LinkedList due to org.evosuite.ga.ConstructionFailedException: Error: VariableReference: Statement 0, type java.util.Vector<com.google.inject.Binding<java.lang.Object>> is not assignable to java.util.Collection<? extends com.google.inject.Binding<com.google.inject.servlet.ServletDefinition>>
[Progress:============>                 43%] [Cov:=======================>           67%][Progress:============>                 43%] [Cov:=======================>           67%][MASTER] 07:15:03.127 [logback-1] WARN  TestChromosome - Functional mock problem: org.evosuite.ga.ConstructionFailedException: Failed to add constructor for java.util.LinkedList due to org.evosuite.ga.ConstructionFailedException: Error: VariableReference: Statement 0, type java.util.Collection<com.google.inject.Binding<com.google.inject.servlet.ServletDefinition>> is not assignable to java.util.Collection<? extends com.google.inject.Binding<java.lang.annotation.Annotation>>
[Progress:============>                 43%] [Cov:=======================>           67%][MASTER] 07:15:03.188 [logback-1] WARN  TestChromosome - Functional mock problem: org.evosuite.ga.ConstructionFailedException: Failed to add constructor for java.util.ArrayList due to org.evosuite.ga.ConstructionFailedException: Error: VariableReference: Statement 0, type java.util.Collection<com.google.inject.Binding<com.google.inject.servlet.ServletDefinition>> is not assignable to java.util.Collection<? extends com.google.inject.Binding<java.lang.annotation.Annotation>>
[Progress:============>                 43%] [Cov:=======================>           67%][Progress:============>                 43%] [Cov:=======================>           67%][Progress:============>                 43%] [Cov:=======================>           67%][Progress:============>                 43%] [Cov:=======================>           67%][Progress:=============>                45%] [Cov:=======================>           67%][Progress:=============>                45%] [Cov:=======================>           67%][MASTER] 07:15:03.603 [logback-1] WARN  TestChromosome - Functional mock problem: org.evosuite.ga.ConstructionFailedException: Failed to add constructor for java.util.ArrayList due to org.evosuite.ga.ConstructionFailedException: Error: VariableReference: Statement 0, type java.util.Stack<com.google.inject.Binding<java.lang.Object>> is not assignable to java.util.Collection<? extends com.google.inject.Binding<java.lang.annotation.Annotation>>
[Progress:=============>                45%] [Cov:=======================>           67%][Progress:=============>                45%] [Cov:=======================>           67%][Progress:=============>                45%] [Cov:=======================>           67%][Progress:=============>                45%] [Cov:=======================>           67%][MASTER] 07:15:04.004 [logback-1] WARN  TestChromosome - Functional mock problem: org.evosuite.ga.ConstructionFailedException: Failed to add constructor for java.util.Vector due to org.evosuite.ga.ConstructionFailedException: Error: VariableReference: Statement 1, type java.util.PriorityQueue<com.google.inject.Binding<java.lang.Object>> is not assignable to java.util.Collection<? extends com.google.inject.Binding<java.lang.annotation.Annotation>>
[Progress:=============>                45%] [Cov:=======================>           67%][Progress:=============>                46%] [Cov:=======================>           67%][Progress:=============>                46%] [Cov:=======================>           67%][Progress:=============>                46%] [Cov:=======================>           67%][Progress:=============>                46%] [Cov:=======================>           67%][Progress:=============>                46%] [Cov:=======================>           67%][Progress:==============>               48%] [Cov:=======================>           67%][MASTER] 07:15:05.582 [logback-1] WARN  TestChromosome - Functional mock problem: org.evosuite.ga.ConstructionFailedException: Failed to add constructor for java.util.ArrayList due to org.evosuite.ga.ConstructionFailedException: Error: VariableReference: Statement 0, type java.util.ArrayDeque<com.google.inject.Binding<javax.servlet.http.HttpServlet>> is not assignable to java.util.Collection<? extends com.google.inject.Binding<java.lang.Object>>
[Progress:==============>               48%] [Cov:=======================>           67%][Progress:==============>               48%] [Cov:=======================>           67%][Progress:==============>               48%] [Cov:=======================>           67%][Progress:==============>               48%] [Cov:=======================>           67%][Progress:==============>               48%] [Cov:=======================>           67%][Progress:==============>               48%] [Cov:=======================>           67%][Progress:==============>               48%] [Cov:=======================>           67%][Progress:==============>               48%] [Cov:=======================>           67%][MASTER] 07:15:06.239 [logback-1] WARN  TestChromosome - Functional mock problem: org.evosuite.ga.ConstructionFailedException: Failed to add constructor for java.util.Vector due to org.evosuite.ga.ConstructionFailedException: Error: VariableReference: Statement 0, type java.util.Collection<com.google.inject.Binding<com.google.common.collect.BoundType>> is not assignable to java.util.Collection<? extends com.google.inject.Binding<com.google.inject.servlet.ServletDefinition>>
[Progress:==============>               48%] [Cov:=======================>           67%][Progress:==============>               48%] [Cov:=======================>           67%][MASTER] 07:15:06.419 [logback-1] WARN  TestChromosome - Functional mock problem: org.evosuite.ga.ConstructionFailedException: Failed to add constructor for java.util.ArrayList due to org.evosuite.ga.ConstructionFailedException: Error: VariableReference: Statement 0, type java.util.LinkedHashSet<com.google.inject.Binding<com.google.inject.servlet.ServletDefinition>> is not assignable to java.util.Collection<? extends com.google.inject.Binding<java.lang.Object>>
[Progress:==============>               48%] [Cov:=======================>           67%][Progress:==============>               48%] [Cov:=======================>           67%][Progress:===============>              50%] [Cov:=======================>           67%][Progress:===============>              50%] [Cov:=======================>           67%][Progress:===============>              50%] [Cov:=======================>           67%][Progress:===============>              50%] [Cov:=======================>           67%][Progress:===============>              50%] [Cov:=======================>           67%][Progress:===============>              50%] [Cov:=======================>           67%][Progress:===============>              50%] [Cov:=======================>           67%][Progress:===============>              50%] [Cov:=======================>           67%][MASTER] 07:15:07.043 [logback-1] WARN  TestChromosome - Functional mock problem: org.evosuite.ga.ConstructionFailedException: Failed to add constructor for java.util.LinkedList due to org.evosuite.ga.ConstructionFailedException: Error: VariableReference: Statement 0, type java.util.LinkedHashSet<com.google.inject.Binding<java.lang.Object>> is not assignable to java.util.Collection<? extends com.google.inject.Binding<java.lang.annotation.Annotation>>
[Progress:===============>              50%] [Cov:=======================>           67%][Progress:===============>              50%] [Cov:=======================>           67%][Progress:===============>              50%] [Cov:=======================>           67%][Progress:===============>              50%] [Cov:=======================>           67%][Progress:===============>              50%] [Cov:=======================>           67%][MASTER] 07:15:07.320 [logback-1] WARN  TestChromosome - Functional mock problem: org.evosuite.ga.ConstructionFailedException: Failed to add constructor for java.util.LinkedList due to org.evosuite.ga.ConstructionFailedException: Error: VariableReference: Statement 1, type java.util.TreeSet<com.google.inject.Binding<java.lang.Object>> is not assignable to java.util.Collection<? extends com.google.inject.Binding<java.lang.annotation.Annotation>>
[Progress:===============>              50%] [Cov:=======================>           67%][Progress:===============>              50%] [Cov:=======================>           67%][MASTER] 07:15:07.445 [logback-1] WARN  TestChromosome - Functional mock problem: org.evosuite.ga.ConstructionFailedException: Failed to add constructor for java.util.LinkedList due to org.evosuite.ga.ConstructionFailedException: Error: VariableReference: Statement 0, type java.util.TreeSet<com.google.inject.Binding<java.lang.Object>> is not assignable to java.util.Collection<? extends com.google.inject.Binding<java.lang.annotation.Annotation>>
[MASTER] 07:15:07.475 [logback-1] WARN  TestChromosome - Functional mock problem: org.evosuite.ga.ConstructionFailedException: Failed to add constructor for java.util.LinkedList due to org.evosuite.ga.ConstructionFailedException: Error: VariableReference: Statement 0, type java.util.ArrayDeque<com.google.inject.Binding<java.lang.Object>> is not assignable to java.util.Collection<? extends com.google.inject.Binding<com.google.inject.servlet.ServletDefinition>>
[Progress:===============>              50%] [Cov:=======================>           67%][MASTER] 07:15:07.535 [logback-1] WARN  TestChromosome - Functional mock problem: org.evosuite.ga.ConstructionFailedException: Failed to add constructor for java.util.Vector due to org.evosuite.ga.ConstructionFailedException: Error: VariableReference: Statement 0, type java.util.Stack<com.google.inject.Binding<java.lang.Object>> is not assignable to java.util.Collection<? extends com.google.inject.Binding<com.google.inject.Binding<com.google.inject.servlet.ServletDefinition>>>
[Progress:===============>              51%] [Cov:=======================>           67%][Progress:===============>              51%] [Cov:=======================>           67%][Progress:===============>              51%] [Cov:=======================>           67%][Progress:===============>              51%] [Cov:=======================>           67%][Progress:===============>              51%] [Cov:=======================>           67%][Progress:===============>              51%] [Cov:=======================>           67%][Progress:===============>              51%] [Cov:=======================>           67%][Progress:===============>              51%] [Cov:=======================>           67%][Progress:===============>              51%] [Cov:=======================>           67%][Progress:===============>              51%] [Cov:=======================>           67%][MASTER] 07:15:08.146 [logback-1] WARN  TestChromosome - Functional mock problem: org.evosuite.ga.ConstructionFailedException: Failed to add constructor for java.util.ArrayList due to org.evosuite.ga.ConstructionFailedException: Error: VariableReference: Statement 0, type java.util.Stack<com.google.inject.Binding<java.lang.Object>> is not assignable to java.util.Collection<? extends com.google.inject.Binding<com.google.inject.Binding<javax.servlet.http.HttpServlet>>>
[Progress:===============>              51%] [Cov:=======================>           67%][Progress:===============>              51%] [Cov:=======================>           67%][Progress:===============>              51%] [Cov:=======================>           67%][Progress:===============>              51%] [Cov:=======================>           67%][Progress:===============>              51%] [Cov:=======================>           67%][Progress:===============>              53%] [Cov:=======================>           67%][Progress:===============>              53%] [Cov:=======================>           67%][Progress:===============>              53%] [Cov:=======================>           67%][Progress:===============>              53%] [Cov:=======================>           67%][Progress:===============>              53%] [Cov:=======================>           67%][Progress:===============>              53%] [Cov:=======================>           67%][Progress:===============>              53%] [Cov:=======================>           67%][Progress:===============>              53%] [Cov:=======================>           67%][Progress:===============>              53%] [Cov:=======================>           67%][Progress:===============>              53%] [Cov:=======================>           67%][Progress:===============>              53%] [Cov:=======================>           67%][Progress:===============>              53%] [Cov:=======================>           67%][Progress:===============>              53%] [Cov:=======================>           67%][MASTER] 07:15:09.423 [logback-1] WARN  TestChromosome - Functional mock problem: org.evosuite.ga.ConstructionFailedException: Failed to add constructor for java.util.Vector due to org.evosuite.ga.ConstructionFailedException: Error: VariableReference: Statement 0, type java.util.Collection<com.google.inject.Binding<com.google.inject.servlet.ServletDefinition>> is not assignable to java.util.Collection<? extends com.google.inject.Binding<javax.servlet.http.HttpServlet>>
[Progress:===============>              53%] [Cov:=======================>           67%][Progress:================>             55%] [Cov:=======================>           67%][Progress:================>             55%] [Cov:=======================>           67%][MASTER] 07:15:09.595 [logback-1] WARN  TestChromosome - Functional mock problem: org.evosuite.ga.ConstructionFailedException: Failed to add constructor for java.util.LinkedList due to org.evosuite.ga.ConstructionFailedException: Error: VariableReference: Statement 0, type java.util.ArrayList<com.google.inject.Binding<com.google.inject.servlet.ServletDefinition>> is not assignable to java.util.Collection<? extends com.google.inject.Binding<java.lang.Object>>
[Progress:================>             55%] [Cov:=======================>           67%][Progress:================>             55%] [Cov:=======================>           67%][Progress:================>             55%] [Cov:=======================>           67%][Progress:================>             55%] [Cov:=======================>           67%][Progress:================>             55%] [Cov:=======================>           67%][MASTER] 07:15:10.012 [logback-1] WARN  TestChromosome - Functional mock problem: org.evosuite.ga.ConstructionFailedException: Failed to add constructor for java.util.ArrayList due to org.evosuite.ga.ConstructionFailedException: Error: VariableReference: Statement 0, type java.util.PriorityQueue<com.google.inject.Binding<com.google.inject.servlet.ServletDefinition>> is not assignable to java.util.Collection<? extends com.google.inject.Binding<com.google.inject.Binding<javax.servlet.http.HttpServlet>>>
[Progress:================>             55%] [Cov:=======================>           67%][Progress:================>             55%] [Cov:=======================>           67%][MASTER] 07:15:10.173 [logback-1] WARN  TestChromosome - Functional mock problem: org.evosuite.ga.ConstructionFailedException: Failed to add constructor for java.util.Vector due to org.evosuite.ga.ConstructionFailedException: Error: VariableReference: Statement 0, type java.util.LinkedHashSet<com.google.inject.Binding<java.lang.Object>> is not assignable to java.util.Collection<? extends com.google.inject.Binding<java.lang.annotation.Annotation>>
[Progress:================>             55%] [Cov:=======================>           67%][MASTER] 07:15:10.252 [logback-1] WARN  TestChromosome - Functional mock problem: org.evosuite.ga.ConstructionFailedException: Failed to add constructor for java.util.ArrayList due to org.evosuite.ga.ConstructionFailedException: Error: VariableReference: Statement 0, type java.util.HashSet<com.google.inject.Binding<java.lang.annotation.Annotation>> is not assignable to java.util.Collection<? extends com.google.inject.Binding<java.lang.Object>>
[Progress:================>             55%] [Cov:=======================>           67%][Progress:================>             55%] [Cov:=======================>           67%][Progress:================>             55%] [Cov:=======================>           67%][Progress:================>             56%] [Cov:=======================>           67%][Progress:================>             56%] [Cov:=======================>           67%][MASTER] 07:15:10.655 [logback-1] WARN  TestChromosome - Functional mock problem: org.evosuite.ga.ConstructionFailedException: Failed to add constructor for java.util.Vector due to org.evosuite.ga.ConstructionFailedException: Error: VariableReference: Statement 0, type java.util.Vector<com.google.inject.Binding<com.google.inject.servlet.ServletDefinition>> is not assignable to java.util.Collection<? extends com.google.inject.Binding<java.lang.Object>>
[Progress:================>             56%] [Cov:=======================>           67%][Progress:================>             56%] [Cov:=======================>           67%][Progress:================>             56%] [Cov:=======================>           67%][Progress:================>             56%] [Cov:=======================>           67%][Progress:================>             56%] [Cov:=======================>           67%][MASTER] 07:15:10.959 [logback-1] WARN  TestChromosome - Functional mock problem: org.evosuite.ga.ConstructionFailedException: Failed to add constructor for java.util.ArrayList due to org.evosuite.ga.ConstructionFailedException: Error: VariableReference: Statement 0, type java.util.Vector<com.google.inject.Binding<java.lang.Object>> is not assignable to java.util.Collection<? extends com.google.inject.Binding<com.google.inject.servlet.ServletDefinition>>
[Progress:================>             56%] [Cov:=======================>           67%][Progress:================>             56%] [Cov:=======================>           67%][Progress:================>             56%] [Cov:=======================>           67%][Progress:================>             56%] [Cov:=======================>           67%][Progress:================>             56%] [Cov:=======================>           67%][MASTER] 07:15:11.335 [logback-1] WARN  TestChromosome - Functional mock problem: org.evosuite.ga.ConstructionFailedException: Failed to add constructor for java.util.ArrayList due to org.evosuite.ga.ConstructionFailedException: Error: VariableReference: Statement 0, type java.util.Vector<com.google.inject.Binding<com.google.inject.servlet.ServletDefinition>> is not assignable to java.util.Collection<? extends com.google.inject.Binding<java.lang.annotation.Annotation>>
[MASTER] 07:15:11.337 [logback-1] WARN  TestChromosome - Functional mock problem: org.evosuite.ga.ConstructionFailedException: Failed to add constructor for java.util.ArrayList due to org.evosuite.ga.ConstructionFailedException: Error: VariableReference: Statement 0, type java.util.Stack<com.google.inject.Binding<java.lang.Object>> is not assignable to java.util.Collection<? extends com.google.inject.Binding<com.google.inject.Binding<com.google.inject.servlet.ServletDefinition>>>
[MASTER] 07:15:11.372 [logback-1] WARN  TestChromosome - Functional mock problem: org.evosuite.ga.ConstructionFailedException: Failed to add constructor for java.util.Vector due to org.evosuite.ga.ConstructionFailedException: Error: VariableReference: Statement 1, type java.util.ArrayDeque<com.google.inject.Binding<com.google.inject.servlet.ServletDefinition>> is not assignable to java.util.Collection<? extends com.google.inject.Binding<com.google.inject.Binding<com.google.inject.servlet.ServletDefinition>>>
[Progress:================>             56%] [Cov:=======================>           67%][Progress:================>             56%] [Cov:=======================>           67%][Progress:=================>            58%] [Cov:=======================>           67%][Progress:=================>            58%] [Cov:=======================>           67%][Progress:=================>            58%] [Cov:=======================>           67%][Progress:=================>            58%] [Cov:=======================>           67%][Progress:=================>            58%] [Cov:=======================>           67%][Progress:=================>            58%] [Cov:=======================>           67%][Progress:=================>            58%] [Cov:=======================>           67%][MASTER] 07:15:12.056 [logback-1] WARN  TestChromosome - Functional mock problem: org.evosuite.ga.ConstructionFailedException: Failed to add constructor for java.util.LinkedList due to org.evosuite.ga.ConstructionFailedException: Error: VariableReference: Statement 0, type java.util.LinkedHashSet<com.google.inject.Binding<java.lang.annotation.Annotation>> is not assignable to java.util.Collection<? extends com.google.inject.Binding<java.lang.Object>>
[Progress:=================>            58%] [Cov:=======================>           67%][MASTER] 07:15:12.145 [logback-1] WARN  TestChromosome - Functional mock problem: org.evosuite.ga.ConstructionFailedException: Failed to add constructor for java.util.Vector due to org.evosuite.ga.ConstructionFailedException: Error: VariableReference: Statement 0, type java.util.Stack<com.google.inject.Binding<com.google.inject.servlet.ServletDefinition>> is not assignable to java.util.Collection<? extends com.google.inject.Binding<java.lang.annotation.Annotation>>
[Progress:=================>            58%] [Cov:=======================>           67%][Progress:=================>            58%] [Cov:=======================>           67%][MASTER] 07:15:12.265 [logback-1] WARN  TestChromosome - Functional mock problem: org.evosuite.ga.ConstructionFailedException: Failed to add constructor for java.util.ArrayList due to org.evosuite.ga.ConstructionFailedException: Error: VariableReference: Statement 0, type java.util.Collection<com.google.inject.Binding<java.lang.annotation.Annotation>> is not assignable to java.util.Collection<? extends com.google.inject.Binding<com.google.inject.servlet.ServletDefinition>>
[Progress:=================>            58%] [Cov:=======================>           67%][Progress:=================>            58%] [Cov:=======================>           67%][Progress:=================>            58%] [Cov:=======================>           67%][Progress:=================>            58%] [Cov:=======================>           67%][Progress:==================>           60%] [Cov:=======================>           67%][MASTER] 07:15:12.556 [logback-1] WARN  TestChromosome - Functional mock problem: org.evosuite.ga.ConstructionFailedException: Failed to add constructor for java.util.Vector due to org.evosuite.ga.ConstructionFailedException: Error: VariableReference: Statement 0, type java.util.TreeSet<com.google.inject.Binding<java.lang.Object>> is not assignable to java.util.Collection<? extends com.google.inject.Binding<javax.servlet.http.HttpServlet>>
[Progress:==================>           60%] [Cov:=======================>           67%][Progress:==================>           60%] [Cov:=======================>           67%][Progress:==================>           60%] [Cov:=======================>           67%][Progress:==================>           60%] [Cov:=======================>           67%][Progress:==================>           60%] [Cov:=======================>           67%][Progress:==================>           60%] [Cov:=======================>           67%][Progress:==================>           60%] [Cov:=======================>           67%][Progress:==================>           60%] [Cov:=======================>           67%][MASTER] 07:15:13.130 [logback-1] WARN  TestChromosome - Functional mock problem: org.evosuite.ga.ConstructionFailedException: Failed to add constructor for java.util.Vector due to org.evosuite.ga.ConstructionFailedException: Error: VariableReference: Statement 0, type java.util.LinkedList<com.google.inject.Binding<com.google.inject.servlet.ServletDefinition>> is not assignable to java.util.Collection<? extends com.google.inject.Binding<com.google.inject.Binding<javax.servlet.http.HttpServlet>>>
[Progress:==================>           60%] [Cov:=======================>           67%][MASTER] 07:15:13.216 [logback-1] WARN  TestChromosome - Functional mock problem: org.evosuite.ga.ConstructionFailedException: Failed to add constructor for java.util.ArrayList due to org.evosuite.ga.ConstructionFailedException: Error: VariableReference: Statement 0, type java.util.LinkedHashSet<com.google.inject.Binding<java.lang.Object>> is not assignable to java.util.Collection<? extends com.google.inject.Binding<javax.servlet.http.HttpServlet>>
[Progress:==================>           60%] [Cov:=======================>           67%][MASTER] 07:15:13.267 [logback-1] WARN  TestChromosome - Functional mock problem: org.evosuite.ga.ConstructionFailedException: Failed to add constructor for java.util.ArrayList due to org.evosuite.ga.ConstructionFailedException: Error: VariableReference: Statement 0, type java.util.LinkedHashSet<com.google.inject.Binding<com.google.inject.servlet.ServletDefinition>> is not assignable to java.util.Collection<? extends com.google.inject.Binding<javax.servlet.http.HttpServlet>>
[Progress:==================>           60%] [Cov:=======================>           67%][Progress:==================>           60%] [Cov:=======================>           67%][Progress:==================>           60%] [Cov:=======================>           67%][MASTER] 07:15:13.458 [logback-1] WARN  TestChromosome - Functional mock problem: org.evosuite.ga.ConstructionFailedException: Failed to add constructor for java.util.LinkedList due to org.evosuite.ga.ConstructionFailedException: Error: VariableReference: Statement 0, type java.util.PriorityQueue<com.google.inject.Binding<com.google.inject.servlet.ServletDefinition>> is not assignable to java.util.Collection<? extends com.google.inject.Binding<java.lang.Object>>
[Progress:==================>           61%] [Cov:=======================>           67%][Progress:==================>           61%] [Cov:=======================>           67%][Progress:==================>           61%] [Cov:=======================>           67%][MASTER] 07:15:13.671 [logback-1] WARN  TestChromosome - Functional mock problem: org.evosuite.ga.ConstructionFailedException: Failed to add constructor for java.util.LinkedList due to org.evosuite.ga.ConstructionFailedException: Error: VariableReference: Statement 0, type java.util.HashSet<com.google.inject.Binding<javax.servlet.http.HttpServlet>> is not assignable to java.util.Collection<? extends com.google.inject.Binding<com.google.inject.Binding<javax.servlet.http.HttpServlet>>>
[Progress:==================>           61%] [Cov:=======================>           67%][Progress:==================>           61%] [Cov:=======================>           67%][Progress:==================>           61%] [Cov:=======================>           67%][Progress:==================>           61%] [Cov:=======================>           67%][Progress:==================>           61%] [Cov:=======================>           67%][MASTER] 07:15:14.024 [logback-1] WARN  TestChromosome - Functional mock problem: org.evosuite.ga.ConstructionFailedException: Failed to add constructor for java.util.Vector due to org.evosuite.ga.ConstructionFailedException: Error: VariableReference: Statement 1, type java.util.PriorityQueue<com.google.inject.Binding<com.google.inject.servlet.ServletDefinition>> is not assignable to java.util.Collection<? extends com.google.inject.Binding<java.lang.Object>>
[Progress:==================>           61%] [Cov:=======================>           67%][Progress:==================>           61%] [Cov:=======================>           67%][Progress:==================>           61%] [Cov:=======================>           67%][Progress:==================>           61%] [Cov:=======================>           67%][Progress:==================>           61%] [Cov:=======================>           67%][Progress:==================>           61%] [Cov:=======================>           67%][Progress:==================>           61%] [Cov:=======================>           67%][Progress:==================>           63%] [Cov:=======================>           67%][Progress:==================>           63%] [Cov:=======================>           67%][MASTER] 07:15:14.720 [logback-1] WARN  TestChromosome - Functional mock problem: org.evosuite.ga.ConstructionFailedException: Failed to add constructor for java.util.LinkedList due to org.evosuite.ga.ConstructionFailedException: Error: VariableReference: Statement 0, type java.util.LinkedHashSet<com.google.inject.Binding<java.lang.Object>> is not assignable to java.util.Collection<? extends com.google.inject.Binding<com.google.inject.servlet.ServletDefinition>>
[Progress:==================>           63%] [Cov:=======================>           67%][Progress:==================>           63%] [Cov:=======================>           67%][Progress:==================>           63%] [Cov:=======================>           67%][Progress:==================>           63%] [Cov:=======================>           67%][Progress:==================>           63%] [Cov:=======================>           67%][Progress:==================>           63%] [Cov:=======================>           67%][Progress:==================>           63%] [Cov:=======================>           67%][Progress:==================>           63%] [Cov:=======================>           67%][Progress:==================>           63%] [Cov:=======================>           67%][Progress:==================>           63%] [Cov:=======================>           67%][Progress:==================>           63%] [Cov:=======================>           67%][Progress:==================>           63%] [Cov:=======================>           67%][Progress:==================>           63%] [Cov:=======================>           67%][Progress:===================>          65%] [Cov:=======================>           67%][Progress:===================>          65%] [Cov:=======================>           67%][Progress:===================>          65%] [Cov:=======================>           67%][Progress:===================>          65%] [Cov:=======================>           67%][Progress:===================>          65%] [Cov:=======================>           67%][Progress:===================>          65%] [Cov:=======================>           67%][Progress:===================>          65%] [Cov:=======================>           67%][Progress:===================>          65%] [Cov:=======================>           67%][Progress:===================>          65%] [Cov:=======================>           67%][Progress:===================>          65%] [Cov:=======================>           67%][Progress:===================>          65%] [Cov:=======================>           67%][MASTER] 07:15:16.220 [logback-1] WARN  TestChromosome - Functional mock problem: org.evosuite.ga.ConstructionFailedException: Failed to add constructor for java.util.LinkedList due to org.evosuite.ga.ConstructionFailedException: Error: VariableReference: Statement 0, type java.util.TreeSet<com.google.inject.Binding<com.google.inject.servlet.ServletDefinition>> is not assignable to java.util.Collection<? extends com.google.inject.Binding<java.lang.Object>>
[Progress:===================>          65%] [Cov:=======================>           67%][MASTER] 07:15:16.260 [logback-1] WARN  TestChromosome - Functional mock problem: org.evosuite.ga.ConstructionFailedException: Failed to add constructor for java.util.ArrayList due to org.evosuite.ga.ConstructionFailedException: Error: VariableReference: Statement 0, type java.util.Vector<com.google.inject.Binding<java.lang.Object>> is not assignable to java.util.Collection<? extends com.google.inject.Binding<java.lang.annotation.Annotation>>
[Progress:===================>          65%] [Cov:=======================>           67%][Progress:===================>          65%] [Cov:=======================>           67%][MASTER] 07:15:16.414 [logback-1] WARN  TestChromosome - Functional mock problem: org.evosuite.ga.ConstructionFailedException: Failed to add constructor for java.util.Vector due to org.evosuite.ga.ConstructionFailedException: Error: VariableReference: Statement 0, type java.util.Collection<com.google.inject.Binding<java.lang.Object>> is not assignable to java.util.Collection<? extends com.google.inject.Binding<java.lang.annotation.Annotation>>
[Progress:===================>          65%] [Cov:=======================>           67%][Progress:===================>          65%] [Cov:=======================>           67%][Progress:===================>          66%] [Cov:=======================>           67%][Progress:===================>          66%] [Cov:=======================>           67%][Progress:===================>          66%] [Cov:=======================>           67%][MASTER] 07:15:16.743 [logback-1] WARN  TestChromosome - Functional mock problem: org.evosuite.ga.ConstructionFailedException: Failed to add constructor for java.util.ArrayList due to org.evosuite.ga.ConstructionFailedException: Error: VariableReference: Statement 0, type java.util.ArrayDeque<com.google.inject.Binding<com.google.inject.servlet.ServletDefinition>> is not assignable to java.util.Collection<? extends com.google.inject.Binding<java.lang.Object>>
[Progress:===================>          66%] [Cov:=======================>           67%][MASTER] 07:15:16.799 [logback-1] WARN  TestChromosome - Functional mock problem: org.evosuite.ga.ConstructionFailedException: Failed to add constructor for java.util.ArrayList due to org.evosuite.ga.ConstructionFailedException: Error: VariableReference: Statement 0, type java.util.LinkedList<com.google.inject.Binding<com.google.inject.servlet.ServletDefinition>> is not assignable to java.util.Collection<? extends com.google.inject.Binding<java.lang.Object>>
[Progress:===================>          66%] [Cov:=======================>           67%][Progress:===================>          66%] [Cov:=======================>           67%][Progress:===================>          66%] [Cov:=======================>           67%][MASTER] 07:15:17.039 [logback-1] WARN  TestChromosome - Functional mock problem: org.evosuite.ga.ConstructionFailedException: Failed to add constructor for java.util.LinkedList due to org.evosuite.ga.ConstructionFailedException: Error: VariableReference: Statement 0, type java.util.LinkedList<com.google.inject.Binding<java.lang.Object>> is not assignable to java.util.Collection<? extends com.google.inject.Binding<java.lang.annotation.Annotation>>
[MASTER] 07:15:17.040 [logback-1] WARN  TestChromosome - Functional mock problem: org.evosuite.ga.ConstructionFailedException: Failed to add constructor for java.util.ArrayList due to org.evosuite.ga.ConstructionFailedException: Error: VariableReference: Statement 0, type java.util.LinkedHashSet<com.google.inject.Binding<java.lang.Object>> is not assignable to java.util.Collection<? extends com.google.inject.Binding<com.google.inject.Binding<java.lang.Object>>>
[Progress:===================>          66%] [Cov:=======================>           67%][Progress:===================>          66%] [Cov:=======================>           67%][Progress:===================>          66%] [Cov:=======================>           67%][Progress:===================>          66%] [Cov:=======================>           67%][Progress:===================>          66%] [Cov:=======================>           67%][MASTER] 07:15:17.365 [logback-1] WARN  TestChromosome - Functional mock problem: org.evosuite.ga.ConstructionFailedException: Failed to add constructor for java.util.ArrayList due to org.evosuite.ga.ConstructionFailedException: Failed to add constructor for java.util.LinkedHashSet due to org.evosuite.ga.ConstructionFailedException: Error: VariableReference: Statement 0, type java.util.ArrayList<com.google.inject.Binding<com.google.inject.servlet.ServletDefinition>> is not assignable to java.util.Collection<? extends com.google.inject.Binding<java.lang.Object>>
[Progress:===================>          66%] [Cov:=======================>           67%][Progress:===================>          66%] [Cov:=======================>           67%][Progress:====================>         68%] [Cov:=======================>           67%][Progress:====================>         68%] [Cov:=======================>           67%][Progress:====================>         68%] [Cov:=======================>           67%][Progress:====================>         68%] [Cov:=======================>           67%][Progress:====================>         68%] [Cov:=======================>           67%][Progress:====================>         68%] [Cov:=======================>           67%][MASTER] 07:15:17.936 [logback-1] WARN  TestChromosome - Functional mock problem: org.evosuite.ga.ConstructionFailedException: Failed to add constructor for java.util.ArrayList due to org.evosuite.ga.ConstructionFailedException: Error: VariableReference: Statement 0, type java.util.LinkedHashSet<com.google.inject.Binding<java.lang.annotation.Annotation>> is not assignable to java.util.Collection<? extends com.google.inject.Binding<java.lang.Object>>
[Progress:====================>         68%] [Cov:=======================>           67%][MASTER] 07:15:17.957 [logback-1] WARN  TestChromosome - Functional mock problem: org.evosuite.ga.ConstructionFailedException: Failed to add constructor for java.util.Vector due to org.evosuite.ga.ConstructionFailedException: Error: VariableReference: Statement 0, type java.util.HashSet<com.google.inject.Binding<com.google.inject.servlet.ServletDefinition>> is not assignable to java.util.Collection<? extends com.google.inject.Binding<com.google.inject.Binding<java.lang.annotation.Annotation>>>
[Progress:====================>         68%] [Cov:=======================>           67%][Progress:====================>         68%] [Cov:=======================>           67%][MASTER] 07:15:18.082 [logback-1] WARN  TestChromosome - Functional mock problem: org.evosuite.ga.ConstructionFailedException: Failed to add constructor for java.util.Vector due to org.evosuite.ga.ConstructionFailedException: Failed to add constructor for java.util.LinkedHashSet due to org.evosuite.ga.ConstructionFailedException: Error: VariableReference: Statement 0, type java.util.Stack<com.google.inject.Binding<java.lang.annotation.Annotation>> is not assignable to java.util.Collection<? extends com.google.inject.Binding<java.lang.Object>>
[Progress:====================>         68%] [Cov:=======================>           67%][Progress:====================>         68%] [Cov:=======================>           67%][Progress:====================>         68%] [Cov:=======================>           67%][Progress:====================>         68%] [Cov:=======================>           67%][Progress:====================>         68%] [Cov:=======================>           67%][Progress:=====================>        70%] [Cov:=======================>           67%][Progress:=====================>        70%] [Cov:=======================>           67%][MASTER] 07:15:18.601 [logback-1] WARN  TestChromosome - Functional mock problem: org.evosuite.ga.ConstructionFailedException: Failed to add constructor for java.util.ArrayList due to org.evosuite.ga.ConstructionFailedException: Error: VariableReference: Statement 0, type java.util.Stack<com.google.inject.Binding<com.google.inject.servlet.ServletDefinition>> is not assignable to java.util.Collection<? extends com.google.inject.Binding<com.google.inject.Binding<com.google.inject.servlet.ServletDefinition>>>
[Progress:=====================>        70%] [Cov:=======================>           67%][Progress:=====================>        70%] [Cov:=======================>           67%][Progress:=====================>        70%] [Cov:=======================>           67%][Progress:=====================>        70%] [Cov:=======================>           67%][Progress:=====================>        70%] [Cov:=======================>           67%][Progress:=====================>        70%] [Cov:=======================>           67%][Progress:=====================>        70%] [Cov:=======================>           67%][Progress:=====================>        70%] [Cov:=======================>           67%][Progress:=====================>        70%] [Cov:=======================>           67%][MASTER] 07:15:19.356 [logback-1] WARN  TestChromosome - Functional mock problem: org.evosuite.ga.ConstructionFailedException: Failed to add constructor for java.util.ArrayList due to org.evosuite.ga.ConstructionFailedException: Error: VariableReference: Statement 0, type java.util.ArrayList<com.google.inject.Binding<com.google.inject.servlet.ServletDefinition>> is not assignable to java.util.Collection<? extends com.google.inject.Binding<com.google.inject.Binding<com.google.inject.servlet.ServletDefinition>>>
[Progress:=====================>        70%] [Cov:=======================>           67%][Progress:=====================>        70%] [Cov:=======================>           67%][Progress:=====================>        71%] [Cov:=======================>           67%][Progress:=====================>        71%] [Cov:=======================>           67%][Progress:=====================>        71%] [Cov:=======================>           67%][MASTER] 07:15:19.787 [logback-1] WARN  TestChromosome - Functional mock problem: org.evosuite.ga.ConstructionFailedException: Failed to add constructor for java.util.Vector due to org.evosuite.ga.ConstructionFailedException: Error: VariableReference: Statement 0, type java.util.Vector<com.google.inject.Binding<java.lang.annotation.Annotation>> is not assignable to java.util.Collection<? extends com.google.inject.Binding<java.lang.Object>>
[Progress:=====================>        71%] [Cov:=======================>           67%][Progress:=====================>        71%] [Cov:=======================>           67%][Progress:=====================>        71%] [Cov:=======================>           67%][Progress:=====================>        71%] [Cov:=======================>           67%][Progress:=====================>        71%] [Cov:=======================>           67%][MASTER] 07:15:20.138 [logback-1] WARN  TestChromosome - Functional mock problem: org.evosuite.ga.ConstructionFailedException: Failed to add constructor for java.util.Vector due to org.evosuite.ga.ConstructionFailedException: Error: VariableReference: Statement 0, type java.util.HashSet<com.google.inject.Binding<java.lang.annotation.Annotation>> is not assignable to java.util.Collection<? extends com.google.inject.Binding<java.lang.Object>>
[Progress:=====================>        71%] [Cov:=======================>           67%][Progress:=====================>        71%] [Cov:=======================>           67%][Progress:=====================>        71%] [Cov:=======================>           67%][Progress:=====================>        71%] [Cov:=======================>           67%][Progress:=====================>        71%] [Cov:=======================>           67%][Progress:=====================>        73%] [Cov:=======================>           67%][Progress:=====================>        73%] [Cov:=======================>           67%][Progress:=====================>        73%] [Cov:=======================>           67%][Progress:=====================>        73%] [Cov:=======================>           67%][Progress:=====================>        73%] [Cov:=======================>           67%][MASTER] 07:15:20.851 [logback-1] WARN  TestChromosome - Functional mock problem: org.evosuite.ga.ConstructionFailedException: Failed to add constructor for java.util.Vector due to org.evosuite.ga.ConstructionFailedException: Error: VariableReference: Statement 0, type java.util.LinkedHashSet<com.google.inject.Binding<java.lang.Object>> is not assignable to java.util.Collection<? extends com.google.inject.Binding<com.google.inject.Binding<java.lang.Object>>>
[Progress:=====================>        73%] [Cov:=======================>           67%][MASTER] 07:15:20.903 [logback-1] WARN  TestChromosome - Functional mock problem: org.evosuite.ga.ConstructionFailedException: Failed to add constructor for java.util.Vector due to org.evosuite.ga.ConstructionFailedException: Failed to add constructor for java.util.ArrayDeque due to org.evosuite.ga.ConstructionFailedException: Error: VariableReference: Statement 0, type java.util.LinkedHashSet<com.google.inject.Binding<com.google.inject.servlet.ServletDefinition>> is not assignable to java.util.Collection<? extends com.google.inject.Binding<java.lang.annotation.Annotation>>
[MASTER] 07:15:20.937 [logback-1] WARN  TestChromosome - Functional mock problem: org.evosuite.ga.ConstructionFailedException: Failed to add constructor for java.util.Vector due to org.evosuite.ga.ConstructionFailedException: Failed to add constructor for java.util.PriorityQueue due to org.evosuite.ga.ConstructionFailedException: Error: VariableReference: Statement 0, type java.util.Collection<com.google.inject.Binding<com.google.inject.servlet.ServletDefinition>> is not assignable to java.util.Collection<? extends com.google.inject.Binding<java.lang.annotation.Annotation>>
[Progress:=====================>        73%] [Cov:=======================>           67%][Progress:=====================>        73%] [Cov:=======================>           67%][Progress:=====================>        73%] [Cov:=======================>           67%][MASTER] 07:15:21.171 [logback-1] WARN  TestChromosome - Functional mock problem: org.evosuite.ga.ConstructionFailedException: Failed to add constructor for java.util.Vector due to org.evosuite.ga.ConstructionFailedException: Error: VariableReference: Statement 0, type java.util.LinkedHashSet<com.google.inject.Binding<java.lang.annotation.Annotation>> is not assignable to java.util.Collection<? extends com.google.inject.Binding<com.google.inject.Binding<java.lang.Object>>>
[Progress:=====================>        73%] [Cov:=======================>           67%][Progress:=====================>        73%] [Cov:=======================>           67%][Progress:=====================>        73%] [Cov:=======================>           67%][Progress:======================>       75%] [Cov:=======================>           67%][Progress:======================>       75%] [Cov:=======================>           67%][Progress:======================>       75%] [Cov:=======================>           67%][Progress:======================>       75%] [Cov:=======================>           67%][Progress:======================>       75%] [Cov:=======================>           67%][MASTER] 07:15:21.878 [logback-1] WARN  TestChromosome - Functional mock problem: org.evosuite.ga.ConstructionFailedException: Failed to add constructor for java.util.ArrayList due to org.evosuite.ga.ConstructionFailedException: Error: VariableReference: Statement 0, type java.util.Stack<com.google.inject.Binding<java.lang.Object>> is not assignable to java.util.Collection<? extends com.google.inject.Binding<com.google.inject.servlet.ServletDefinition>>
[Progress:======================>       75%] [Cov:=======================>           67%][Progress:======================>       75%] [Cov:=======================>           67%][Progress:======================>       75%] [Cov:=======================>           67%][MASTER] 07:15:22.055 [logback-1] WARN  TestChromosome - Functional mock problem: org.evosuite.ga.ConstructionFailedException: Failed to add constructor for java.util.ArrayList due to org.evosuite.ga.ConstructionFailedException: Error: VariableReference: Statement 0, type java.util.HashSet<com.google.inject.Binding<java.lang.Object>> is not assignable to java.util.Collection<? extends com.google.inject.Binding<com.google.inject.Binding<java.lang.Object>>>
[Progress:======================>       75%] [Cov:=======================>           67%][Progress:======================>       75%] [Cov:=======================>           67%][Progress:======================>       75%] [Cov:=======================>           67%][Progress:======================>       75%] [Cov:=======================>           67%][Progress:======================>       75%] [Cov:=======================>           67%][Progress:======================>       75%] [Cov:=======================>           67%][Progress:======================>       76%] [Cov:=======================>           67%][MASTER] 07:15:22.516 [logback-1] WARN  TestChromosome - Functional mock problem: org.evosuite.ga.ConstructionFailedException: Failed to add constructor for java.util.LinkedList due to org.evosuite.ga.ConstructionFailedException: Error: VariableReference: Statement 1, type java.util.PriorityQueue<com.google.inject.Binding<java.lang.annotation.Annotation>> is not assignable to java.util.Collection<? extends com.google.inject.Binding<java.lang.Object>>
[Progress:======================>       76%] [Cov:=======================>           67%][Progress:======================>       76%] [Cov:=======================>           67%][MASTER] 07:15:22.645 [logback-1] WARN  TestChromosome - Functional mock problem: org.evosuite.ga.ConstructionFailedException: Failed to add constructor for java.util.Vector due to org.evosuite.ga.ConstructionFailedException: Error: VariableReference: Statement 0, type java.util.Vector<com.google.inject.Binding<java.lang.Object>> is not assignable to java.util.Collection<? extends com.google.inject.Binding<java.lang.annotation.Annotation>>
[Progress:======================>       76%] [Cov:=======================>           67%][Progress:======================>       76%] [Cov:=======================>           67%][MASTER] 07:15:22.768 [logback-1] WARN  TestChromosome - Functional mock problem: org.evosuite.ga.ConstructionFailedException: Failed to add constructor for java.util.ArrayList due to org.evosuite.ga.ConstructionFailedException: Failed to add constructor for java.util.HashSet due to org.evosuite.ga.ConstructionFailedException: Error: VariableReference: Statement 0, type java.util.PriorityQueue<com.google.inject.Binding<com.google.inject.servlet.ServletDefinition>> is not assignable to java.util.Collection<? extends com.google.inject.Binding<java.lang.Object>>
[Progress:======================>       76%] [Cov:=======================>           67%][Progress:======================>       76%] [Cov:=======================>           67%][MASTER] 07:15:22.898 [logback-1] WARN  TestChromosome - Functional mock problem: org.evosuite.ga.ConstructionFailedException: Failed to add constructor for java.util.ArrayList due to org.evosuite.ga.ConstructionFailedException: Error: VariableReference: Statement 0, type java.util.PriorityQueue<com.google.inject.Binding<com.google.inject.servlet.ServletDefinition>> is not assignable to java.util.Collection<? extends com.google.inject.Binding<java.lang.annotation.Annotation>>
[Progress:======================>       76%] [Cov:=======================>           67%][Progress:======================>       76%] [Cov:=======================>           67%][MASTER] 07:15:23.001 [logback-1] WARN  TestChromosome - Functional mock problem: org.evosuite.ga.ConstructionFailedException: Failed to add constructor for java.util.ArrayList due to org.evosuite.ga.ConstructionFailedException: Error: VariableReference: Statement 0, type java.util.ArrayList<com.google.inject.Binding<com.google.inject.servlet.ServletDefinition>> is not assignable to java.util.Collection<? extends com.google.inject.Binding<java.lang.annotation.Annotation>>
[Progress:======================>       76%] [Cov:=======================>           67%][Progress:======================>       76%] [Cov:=======================>           67%][Progress:======================>       76%] [Cov:=======================>           67%][Progress:======================>       76%] [Cov:=======================>           67%][Progress:======================>       76%] [Cov:=======================>           67%][Progress:======================>       76%] [Cov:=======================>           67%][Progress:======================>       76%] [Cov:=======================>           67%][Progress:======================>       76%] [Cov:=======================>           67%][Progress:======================>       76%] [Cov:=======================>           67%][MASTER] 07:15:23.495 [logback-1] WARN  TestChromosome - Functional mock problem: org.evosuite.ga.ConstructionFailedException: Failed to add constructor for java.util.Vector due to org.evosuite.ga.ConstructionFailedException: Error: VariableReference: Statement 0, type java.util.HashSet<com.google.inject.Binding<com.google.inject.servlet.ServletDefinition>> is not assignable to java.util.Collection<? extends com.google.inject.Binding<java.lang.annotation.Annotation>>
[Progress:=======================>      78%] [Cov:=======================>           67%][Progress:=======================>      78%] [Cov:=======================>           67%][Progress:=======================>      78%] [Cov:=======================>           67%][Progress:=======================>      78%] [Cov:=======================>           67%][MASTER] 07:15:23.688 [logback-1] WARN  TestChromosome - Functional mock problem: org.evosuite.ga.ConstructionFailedException: Failed to add constructor for java.util.Vector due to org.evosuite.ga.ConstructionFailedException: Error: VariableReference: Statement 0, type java.util.Vector<com.google.inject.Binding<com.google.inject.servlet.ServletDefinition>> is not assignable to java.util.Collection<? extends com.google.inject.Binding<javax.servlet.http.HttpServlet>>
[Progress:=======================>      78%] [Cov:=======================>           67%][Progress:=======================>      78%] [Cov:=======================>           67%][Progress:=======================>      78%] [Cov:=======================>           67%][MASTER] 07:15:23.961 [logback-1] WARN  TestChromosome - Functional mock problem: org.evosuite.ga.ConstructionFailedException: Failed to add constructor for java.util.LinkedList due to org.evosuite.ga.ConstructionFailedException: Error: VariableReference: Statement 17, type java.util.Collection<com.google.inject.Binding<java.lang.annotation.Annotation>> is not assignable to java.util.Collection<? extends com.google.inject.Binding<java.lang.Object>>
[Progress:=======================>      78%] [Cov:=======================>           67%][Progress:=======================>      78%] [Cov:=======================>           67%][Progress:=======================>      78%] [Cov:=======================>           67%][Progress:=======================>      78%] [Cov:=======================>           67%][MASTER] 07:15:24.140 [logback-1] WARN  TestChromosome - Functional mock problem: org.evosuite.ga.ConstructionFailedException: Failed to add constructor for java.util.LinkedList due to org.evosuite.ga.ConstructionFailedException: Error: VariableReference: Statement 0, type java.util.ArrayDeque<com.google.inject.Binding<com.google.inject.servlet.ServletDefinition>> is not assignable to java.util.Collection<? extends com.google.inject.Binding<javax.servlet.http.HttpServlet>>
[MASTER] 07:15:24.172 [logback-1] WARN  TestChromosome - Functional mock problem: org.evosuite.ga.ConstructionFailedException: Failed to add constructor for java.util.LinkedList due to org.evosuite.ga.ConstructionFailedException: Error: VariableReference: Statement 0, type java.util.PriorityQueue<com.google.inject.Binding<javax.servlet.http.HttpServlet>> is not assignable to java.util.Collection<? extends com.google.inject.Binding<java.lang.Object>>
[Progress:=======================>      78%] [Cov:=======================>           67%][Progress:=======================>      78%] [Cov:=======================>           67%][Progress:=======================>      78%] [Cov:=======================>           67%][Progress:=======================>      78%] [Cov:=======================>           67%][MASTER] 07:15:24.397 [logback-1] WARN  TestChromosome - Functional mock problem: org.evosuite.ga.ConstructionFailedException: Failed to add constructor for java.util.LinkedList due to org.evosuite.ga.ConstructionFailedException: Error: VariableReference: Statement 0, type java.util.ArrayList<com.google.inject.Binding<com.google.inject.servlet.ServletDefinition>> is not assignable to java.util.Collection<? extends com.google.inject.Binding<java.lang.annotation.Annotation>>
[Progress:=======================>      78%] [Cov:=======================>           67%][Progress:=======================>      78%] [Cov:=======================>           67%][MASTER] 07:15:24.512 [logback-1] WARN  TestChromosome - Functional mock problem: org.evosuite.ga.ConstructionFailedException: Failed to add constructor for java.util.LinkedList due to org.evosuite.ga.ConstructionFailedException: Failed to add constructor for java.util.LinkedHashSet due to org.evosuite.ga.ConstructionFailedException: Error: VariableReference: Statement 0, type java.util.Stack<com.google.inject.Binding<java.lang.Object>> is not assignable to java.util.Collection<? extends com.google.inject.Binding<java.lang.annotation.Annotation>>
[Progress:========================>     80%] [Cov:=======================>           67%][Progress:========================>     80%] [Cov:=======================>           67%][Progress:========================>     80%] [Cov:=======================>           67%][Progress:========================>     81%] [Cov:=======================>           67%][Progress:========================>     81%] [Cov:=======================>           67%][MASTER] 07:15:25.965 [logback-1] WARN  TestChromosome - Functional mock problem: org.evosuite.ga.ConstructionFailedException: Failed to add constructor for java.util.Vector due to org.evosuite.ga.ConstructionFailedException: Error: VariableReference: Statement 0, type java.util.ArrayDeque<com.google.inject.Binding<javax.servlet.http.HttpServlet>> is not assignable to java.util.Collection<? extends com.google.inject.Binding<com.google.inject.Binding<com.google.inject.servlet.ServletDefinition>>>
[Progress:========================>     81%] [Cov:=======================>           67%][Progress:========================>     81%] [Cov:=======================>           67%][MASTER] 07:15:26.084 [logback-1] WARN  TestChromosome - Functional mock problem: org.evosuite.ga.ConstructionFailedException: Failed to add constructor for java.util.ArrayList due to org.evosuite.ga.ConstructionFailedException: Error: VariableReference: Statement 0, type java.util.TreeSet<com.google.inject.Binding<java.lang.Object>> is not assignable to java.util.Collection<? extends com.google.inject.Binding<javax.servlet.http.HttpServlet>>
[Progress:========================>     81%] [Cov:=======================>           67%][Progress:========================>     81%] [Cov:=======================>           67%][Progress:========================>     81%] [Cov:=======================>           67%][Progress:========================>     81%] [Cov:=======================>           67%][Progress:========================>     81%] [Cov:=======================>           67%][Progress:========================>     81%] [Cov:=======================>           67%][MASTER] 07:15:26.435 [logback-1] WARN  TestChromosome - Functional mock problem: org.evosuite.ga.ConstructionFailedException: Failed to add constructor for java.util.LinkedList due to org.evosuite.ga.ConstructionFailedException: Error: VariableReference: Statement 0, type java.util.Vector<com.google.inject.Binding<javax.servlet.http.HttpServlet>> is not assignable to java.util.Collection<? extends com.google.inject.Binding<java.lang.Object>>
[Progress:========================>     81%] [Cov:=======================>           67%][Progress:========================>     81%] [Cov:=======================>           67%][Progress:========================>     83%] [Cov:=======================>           67%][Progress:========================>     83%] [Cov:=======================>           67%][Progress:========================>     83%] [Cov:=======================>           67%][Progress:========================>     83%] [Cov:=======================>           67%][Progress:========================>     83%] [Cov:=======================>           67%][Progress:========================>     83%] [Cov:=======================>           67%][Progress:========================>     83%] [Cov:=======================>           67%][Progress:========================>     83%] [Cov:=======================>           67%][Progress:========================>     83%] [Cov:=======================>           67%][Progress:========================>     83%] [Cov:=======================>           67%][Progress:========================>     83%] [Cov:=======================>           67%][Progress:========================>     83%] [Cov:=======================>           67%][Progress:========================>     83%] [Cov:=======================>           67%][Progress:========================>     83%] [Cov:=======================>           67%][Progress:========================>     83%] [Cov:=======================>           67%][Progress:========================>     83%] [Cov:=======================>           67%][MASTER] 07:15:27.483 [logback-1] WARN  TestChromosome - Functional mock problem: org.evosuite.ga.ConstructionFailedException: Failed to add constructor for java.util.Vector due to org.evosuite.ga.ConstructionFailedException: Error: VariableReference: Statement 0, type java.util.LinkedList<com.google.inject.Binding<java.lang.annotation.Annotation>> is not assignable to java.util.Collection<? extends com.google.inject.Binding<java.lang.Object>>
[Progress:=========================>    85%] [Cov:=======================>           67%][Progress:=========================>    85%] [Cov:=======================>           67%][MASTER] 07:15:27.579 [logback-1] WARN  TestChromosome - Functional mock problem: org.evosuite.ga.ConstructionFailedException: Failed to add constructor for java.util.Vector due to org.evosuite.ga.ConstructionFailedException: Error: VariableReference: Statement 0, type java.util.LinkedHashSet<com.google.inject.Binding<java.lang.Object>> is not assignable to java.util.Collection<? extends com.google.inject.Binding<com.google.inject.servlet.ServletDefinition>>
[Progress:=========================>    85%] [Cov:=======================>           67%][Progress:=========================>    85%] [Cov:=======================>           67%][Progress:=========================>    85%] [Cov:=======================>           67%][Progress:=========================>    85%] [Cov:=======================>           67%][Progress:=========================>    85%] [Cov:=======================>           67%][MASTER] 07:15:27.866 [logback-1] WARN  TestChromosome - Functional mock problem: org.evosuite.ga.ConstructionFailedException: Failed to add constructor for java.util.ArrayList due to org.evosuite.ga.ConstructionFailedException: Error: VariableReference: Statement 1, type java.util.LinkedHashSet<com.google.inject.Binding<java.lang.Object>> is not assignable to java.util.Collection<? extends com.google.inject.Binding<com.google.inject.servlet.ServletDefinition>>
[Progress:=========================>    85%] [Cov:=======================>           67%][Progress:=========================>    85%] [Cov:=======================>           67%][Progress:=========================>    85%] [Cov:=======================>           67%][Progress:=========================>    85%] [Cov:=======================>           67%][Progress:=========================>    85%] [Cov:=======================>           67%][Progress:=========================>    85%] [Cov:=======================>           67%][Progress:=========================>    85%] [Cov:=======================>           67%][Progress:=========================>    85%] [Cov:=======================>           67%][Progress:=========================>    85%] [Cov:=======================>           67%][Progress:=========================>    85%] [Cov:=======================>           67%][MASTER] 07:15:28.449 [logback-1] WARN  TestChromosome - Functional mock problem: org.evosuite.ga.ConstructionFailedException: Failed to add constructor for java.util.LinkedList due to org.evosuite.ga.ConstructionFailedException: Error: VariableReference: Statement 9, type java.util.PriorityQueue<com.google.inject.Binding<java.lang.annotation.Annotation>> is not assignable to java.util.Collection<? extends com.google.inject.Binding<com.google.inject.servlet.ServletDefinition>>
[MASTER] 07:15:28.461 [logback-1] WARN  TestChromosome - Functional mock problem: org.evosuite.ga.ConstructionFailedException: Failed to add constructor for java.util.ArrayList due to org.evosuite.ga.ConstructionFailedException: Error: VariableReference: Statement 0, type java.util.HashSet<com.google.inject.Binding<java.lang.annotation.Annotation>> is not assignable to java.util.Collection<? extends com.google.inject.Binding<com.google.inject.Binding<com.google.inject.servlet.ServletDefinition>>>
[Progress:=========================>    85%] [Cov:=======================>           68%][Progress:=========================>    86%] [Cov:=======================>           68%][Progress:=========================>    86%] [Cov:=======================>           68%][Progress:=========================>    86%] [Cov:=======================>           68%][Progress:=========================>    86%] [Cov:=======================>           68%][Progress:=========================>    86%] [Cov:=======================>           68%][Progress:=========================>    86%] [Cov:=======================>           68%][Progress:=========================>    86%] [Cov:=======================>           68%][Progress:=========================>    86%] [Cov:=======================>           68%][Progress:=========================>    86%] [Cov:=======================>           68%][Progress:=========================>    86%] [Cov:=======================>           68%][Progress:=========================>    86%] [Cov:========================>          69%][Progress:=========================>    86%] [Cov:========================>          69%][Progress:=========================>    86%] [Cov:========================>          69%][Progress:=========================>    86%] [Cov:========================>          69%][MASTER] 07:15:29.452 [logback-1] WARN  TestChromosome - Functional mock problem: org.evosuite.ga.ConstructionFailedException: Failed to add constructor for java.util.ArrayList due to org.evosuite.ga.ConstructionFailedException: Error: VariableReference: Statement 1, type java.util.ArrayList<com.google.inject.Binding<com.google.inject.servlet.ServletDefinition>> is not assignable to java.util.Collection<? extends com.google.inject.Binding<java.lang.Object>>
[Progress:=========================>    86%] [Cov:========================>          69%][Progress:==========================>   88%] [Cov:========================>          69%][Progress:==========================>   88%] [Cov:========================>          69%][Progress:==========================>   88%] [Cov:========================>          69%][Progress:==========================>   88%] [Cov:========================>          69%][Progress:==========================>   88%] [Cov:========================>          69%][Progress:==========================>   88%] [Cov:========================>          69%][MASTER] 07:15:29.883 [logback-1] WARN  TestChromosome - Functional mock problem: org.evosuite.ga.ConstructionFailedException: Failed to add constructor for java.util.ArrayList due to org.evosuite.ga.ConstructionFailedException: Error: VariableReference: Statement 0, type java.util.TreeSet<com.google.inject.Binding<java.lang.Object>> is not assignable to java.util.Collection<? extends com.google.inject.Binding<com.google.inject.Binding<com.google.inject.servlet.ServletDefinition>>>
[Progress:==========================>   88%] [Cov:========================>          69%][Progress:==========================>   88%] [Cov:========================>          69%][Progress:==========================>   88%] [Cov:========================>          69%][Progress:==========================>   88%] [Cov:========================>          69%][MASTER] 07:15:30.118 [logback-1] WARN  TestChromosome - Functional mock problem: org.evosuite.ga.ConstructionFailedException: Failed to add constructor for java.util.ArrayList due to org.evosuite.ga.ConstructionFailedException: Failed to add constructor for java.util.PriorityQueue due to org.evosuite.ga.ConstructionFailedException: Error: VariableReference: Statement 0, type java.util.PriorityQueue<com.google.inject.Binding<java.lang.Object>> is not assignable to java.util.PriorityQueue<? extends com.google.inject.Binding<com.google.inject.servlet.ServletDefinition>>
[Progress:==========================>   88%] [Cov:========================>          69%][Progress:==========================>   88%] [Cov:========================>          69%][MASTER] 07:15:30.303 [logback-1] WARN  TestChromosome - Functional mock problem: org.evosuite.ga.ConstructionFailedException: Failed to add constructor for java.util.Vector due to org.evosuite.ga.ConstructionFailedException: Error: VariableReference: Statement 0, type java.util.ArrayList<com.google.inject.Binding<com.google.inject.servlet.ServletDefinition>> is not assignable to java.util.Collection<? extends com.google.inject.Binding<javax.servlet.http.HttpServlet>>
[Progress:==========================>   88%] [Cov:========================>          69%][Progress:==========================>   88%] [Cov:========================>          69%][MASTER] 07:15:30.425 [logback-1] WARN  TestChromosome - Functional mock problem: org.evosuite.ga.ConstructionFailedException: Failed to add constructor for java.util.Vector due to org.evosuite.ga.ConstructionFailedException: Error: VariableReference: Statement 1, type java.util.ArrayDeque<com.google.inject.Binding<java.lang.Object>> is not assignable to java.util.Collection<? extends com.google.inject.Binding<java.lang.annotation.Annotation>>
[Progress:==========================>   88%] [Cov:========================>          69%][Progress:===========================>  90%] [Cov:========================>          69%][Progress:===========================>  90%] [Cov:========================>          69%][Progress:===========================>  90%] [Cov:========================>          69%][Progress:===========================>  90%] [Cov:========================>          69%][Progress:===========================>  90%] [Cov:========================>          69%][Progress:===========================>  90%] [Cov:========================>          69%][Progress:===========================>  90%] [Cov:========================>          69%][Progress:===========================>  90%] [Cov:========================>          69%][MASTER] 07:15:30.957 [logback-1] WARN  TestChromosome - Functional mock problem: org.evosuite.ga.ConstructionFailedException: Failed to add constructor for java.util.Vector due to org.evosuite.ga.ConstructionFailedException: Error: VariableReference: Statement 0, type java.util.LinkedList<com.google.inject.Binding<java.lang.Object>> is not assignable to java.util.Collection<? extends com.google.inject.Binding<com.google.inject.Binding<com.google.inject.servlet.ServletDefinition>>>
[Progress:===========================>  90%] [Cov:========================>          69%][Progress:===========================>  90%] [Cov:========================>          69%][Progress:===========================>  90%] [Cov:========================>          69%][Progress:===========================>  90%] [Cov:========================>          69%][Progress:===========================>  90%] [Cov:========================>          69%][Progress:===========================>  90%] [Cov:========================>          69%][Progress:===========================>  90%] [Cov:========================>          69%][Progress:===========================>  90%] [Cov:========================>          69%][Progress:===========================>  91%] [Cov:========================>          69%][Progress:===========================>  91%] [Cov:========================>          69%][MASTER] 07:15:31.608 [logback-1] WARN  TestChromosome - Functional mock problem: org.evosuite.ga.ConstructionFailedException: Failed to add constructor for java.util.ArrayList due to org.evosuite.ga.ConstructionFailedException: Error: VariableReference: Statement 2, type java.util.PriorityQueue<com.google.inject.Binding<java.lang.annotation.Annotation>> is not assignable to java.util.Collection<? extends com.google.inject.Binding<java.lang.Object>>
[Progress:===========================>  91%] [Cov:========================>          69%][Progress:===========================>  91%] [Cov:========================>          69%][Progress:===========================>  91%] [Cov:========================>          69%][Progress:===========================>  91%] [Cov:========================>          69%][MASTER] 07:15:32.002 [logback-1] WARN  TestChromosome - Functional mock problem: org.evosuite.ga.ConstructionFailedException: Failed to add constructor for java.util.Vector due to org.evosuite.ga.ConstructionFailedException: Error: VariableReference: Statement 0, type java.util.LinkedList<com.google.inject.Binding<com.google.inject.servlet.ServletDefinition>> is not assignable to java.util.Collection<? extends com.google.inject.Binding<java.lang.Object>>
[Progress:===========================>  91%] [Cov:========================>          69%][Progress:===========================>  93%] [Cov:========================>          69%][Progress:===========================>  93%] [Cov:========================>          69%][MASTER] 07:15:32.818 [logback-1] WARN  TestChromosome - Functional mock problem: org.evosuite.ga.ConstructionFailedException: Failed to add constructor for java.util.LinkedList due to org.evosuite.ga.ConstructionFailedException: Error: VariableReference: Statement 1, type java.util.ArrayDeque<com.google.inject.Binding<javax.servlet.http.HttpServlet>> is not assignable to java.util.Collection<? extends com.google.inject.Binding<java.lang.Object>>
[Progress:===========================>  93%] [Cov:========================>          69%][Progress:===========================>  93%] [Cov:========================>          69%][Progress:===========================>  93%] [Cov:========================>          69%][Progress:===========================>  93%] [Cov:========================>          69%][Progress:===========================>  93%] [Cov:========================>          69%][Progress:===========================>  93%] [Cov:========================>          69%][Progress:===========================>  93%] [Cov:========================>          69%][Progress:===========================>  93%] [Cov:========================>          69%][Progress:===========================>  93%] [Cov:========================>          69%][Progress:===========================>  93%] [Cov:========================>          69%][Progress:===========================>  93%] [Cov:========================>          69%][MASTER] 07:15:33.456 [logback-1] WARN  TestChromosome - Functional mock problem: org.evosuite.ga.ConstructionFailedException: Failed to add constructor for java.util.ArrayList due to org.evosuite.ga.ConstructionFailedException: Error: VariableReference: Statement 0, type java.util.ArrayList<com.google.inject.Binding<com.google.inject.servlet.ServletDefinition>> is not assignable to java.util.Collection<? extends com.google.inject.Binding<com.google.inject.Binding<java.lang.Object>>>
[Progress:============================> 95%] [Cov:========================>          69%][Progress:============================> 95%] [Cov:========================>          69%][Progress:============================> 95%] [Cov:========================>          69%][Progress:============================> 95%] [Cov:========================>          69%][MASTER] 07:15:33.712 [logback-1] WARN  TestChromosome - Functional mock problem: org.evosuite.ga.ConstructionFailedException: Failed to add constructor for java.util.Vector due to org.evosuite.ga.ConstructionFailedException: Error: VariableReference: Statement 0, type java.util.ArrayDeque<com.google.inject.Binding<java.lang.Object>> is not assignable to java.util.Collection<? extends com.google.inject.Binding<com.google.inject.Binding<java.lang.Object>>>
[MASTER] 07:15:33.750 [logback-1] WARN  TestChromosome - Functional mock problem: org.evosuite.ga.ConstructionFailedException: Failed to add constructor for java.util.ArrayList due to org.evosuite.ga.ConstructionFailedException: Error: VariableReference: Statement 0, type java.util.PriorityQueue<com.google.inject.Binding<java.lang.Object>> is not assignable to java.util.Collection<? extends com.google.inject.Binding<com.google.inject.servlet.ServletDefinition>>
[Progress:============================> 95%] [Cov:========================>          69%][MASTER] 07:15:33.792 [logback-1] WARN  TestChromosome - Functional mock problem: org.evosuite.ga.ConstructionFailedException: Failed to add constructor for java.util.LinkedList due to org.evosuite.ga.ConstructionFailedException: Error: VariableReference: Statement 0, type java.util.ArrayList<com.google.inject.Binding<java.lang.Object>> is not assignable to java.util.Collection<? extends com.google.inject.Binding<com.google.inject.Binding<com.google.inject.servlet.ServletDefinition>>>
[Progress:============================> 95%] [Cov:========================>          69%][MASTER] 07:15:33.875 [logback-1] WARN  TestChromosome - Functional mock problem: org.evosuite.ga.ConstructionFailedException: Failed to add constructor for java.util.Vector due to org.evosuite.ga.ConstructionFailedException: Error: VariableReference: Statement 0, type java.util.ArrayDeque<com.google.inject.Binding<java.lang.Object>> is not assignable to java.util.Collection<? extends com.google.inject.Binding<com.google.inject.servlet.ServletDefinition>>
[Progress:============================> 95%] [Cov:========================>          69%][Progress:============================> 95%] [Cov:========================>          69%][Progress:============================> 95%] [Cov:========================>          69%][Progress:============================> 95%] [Cov:========================>          69%][Progress:============================> 95%] [Cov:========================>          69%][Progress:============================> 95%] [Cov:========================>          69%][Progress:============================> 95%] [Cov:========================>          69%][Progress:============================> 95%] [Cov:========================>          69%][Progress:============================> 95%] [Cov:========================>          69%][Progress:============================> 95%] [Cov:========================>          69%][Progress:============================> 95%] [Cov:========================>          69%][Progress:============================> 96%] [Cov:========================>          69%][Progress:============================> 96%] [Cov:========================>          69%][Progress:============================> 96%] [Cov:========================>          69%][Progress:============================> 96%] [Cov:========================>          69%][Progress:============================> 96%] [Cov:========================>          69%][Progress:============================> 96%] [Cov:========================>          69%][Progress:============================> 96%] [Cov:========================>          69%][Progress:============================> 96%] [Cov:========================>          69%][Progress:============================> 96%] [Cov:========================>          70%][MASTER] 07:15:35.125 [logback-1] WARN  TestChromosome - Functional mock problem: org.evosuite.ga.ConstructionFailedException: Failed to add constructor for java.util.Vector due to org.evosuite.ga.ConstructionFailedException: Error: VariableReference: Statement 1, type java.util.HashSet<com.google.inject.Binding<java.lang.Object>> is not assignable to java.util.Collection<? extends com.google.inject.Binding<javax.servlet.http.HttpServlet>>
[Progress:============================> 96%] [Cov:========================>          70%][Progress:============================> 96%] [Cov:========================>          70%][Progress:============================> 96%] [Cov:========================>          70%][MASTER] 07:15:35.308 [logback-1] WARN  TestChromosome - Functional mock problem: org.evosuite.ga.ConstructionFailedException: Failed to add constructor for java.util.LinkedList due to org.evosuite.ga.ConstructionFailedException: Error: VariableReference: Statement 0, type java.util.LinkedHashSet<com.google.inject.Binding<java.lang.Object>> is not assignable to java.util.Collection<? extends com.google.inject.Binding<com.google.inject.Binding<java.lang.Object>>>
[Progress:============================> 96%] [Cov:========================>          70%][Progress:============================> 96%] [Cov:========================>          70%][Progress:============================> 96%] [Cov:========================>          70%][Progress:=============================>98%] [Cov:========================>          70%][Progress:=============================>98%] [Cov:========================>          70%][Progress:=============================>98%] [Cov:========================>          70%][MASTER] 07:15:35.735 [logback-1] WARN  TestChromosome - Functional mock problem: org.evosuite.ga.ConstructionFailedException: Failed to add constructor for java.util.LinkedList due to org.evosuite.ga.ConstructionFailedException: Error: VariableReference: Statement 1, type java.util.ArrayDeque<com.google.inject.Binding<com.google.inject.servlet.ServletDefinition>> is not assignable to java.util.Collection<? extends com.google.inject.Binding<javax.servlet.http.HttpServlet>>
[Progress:=============================>98%] [Cov:========================>          70%][MASTER] 07:15:35.778 [logback-1] WARN  TestChromosome - Functional mock problem: org.evosuite.ga.ConstructionFailedException: Failed to add constructor for java.util.ArrayList due to org.evosuite.ga.ConstructionFailedException: Error: VariableReference: Statement 2, type java.util.HashSet<com.google.inject.Binding<com.google.inject.servlet.ServletDefinition>> is not assignable to java.util.Collection<? extends com.google.inject.Binding<java.lang.Object>>
[Progress:=============================>98%] [Cov:========================>          70%][Progress:=============================>98%] [Cov:========================>          70%][Progress:=============================>98%] [Cov:========================>          70%][Progress:=============================>98%] [Cov:========================>          70%][Progress:=============================>98%] [Cov:========================>          70%][Progress:=============================>98%] [Cov:========================>          70%][Progress:=============================>98%] [Cov:========================>          70%][Progress:=============================>98%] [Cov:========================>          70%][Progress:=============================>98%] [Cov:========================>          70%][Progress:=============================>98%] [Cov:========================>          70%][Progress:=============================>98%] [Cov:========================>          70%][Progress:==============================100%] [Cov:========================>          70%][Progress:==============================100%] [Cov:========================>          70%][Progress:==============================100%] [Cov:========================>          70%][Progress:==============================100%] [Cov:========================>          70%][Progress:==============================100%] [Cov:========================>          70%][Progress:==============================100%] [Cov:========================>          70%][Progress:==============================100%] [Cov:========================>          70%][Progress:==============================100%] [Cov:========================>          70%][Progress:==============================100%] [Cov:========================>          70%][Progress:==============================100%] [Cov:========================>          70%][Progress:==============================100%] [Cov:========================>          70%][Progress:==============================100%] [Cov:========================>          70%][Progress:==============================100%] [Cov:========================>          70%][Progress:==============================100%] [Cov:========================>          70%][Progress:==============================100%] [Cov:========================>          70%]
* Search finished after 61s and 668 generations, 368600 statements, best individual has fitness: 73.0
* Minimizing test suite
* Going to analyze the coverage criteria
* Coverage analysis for criterion LINE
* Coverage of criterion LINE: 71%
* Total number of goals: 59
* Number of covered goals: 42
* Coverage analysis for criterion BRANCH
* Coverage of criterion BRANCH: 73%
* Total number of goals: 37
* Number of covered goals: 27
* Coverage analysis for criterion EXCEPTION
* Coverage of criterion EXCEPTION: 100%
* Total number of goals: 8
* Number of covered goals: 8
* Coverage analysis for criterion WEAKMUTATION
* Coverage of criterion WEAKMUTATION: 80%
* Total number of goals: 106
* Number of covered goals: 85
* Coverage analysis for criterion OUTPUT
* Coverage of criterion OUTPUT: 62%
* Total number of goals: 8
* Number of covered goals: 5
* Coverage analysis for criterion METHOD
* Coverage of criterion METHOD: 78%
* Total number of goals: 9
* Number of covered goals: 7
* Coverage analysis for criterion METHODNOEXCEPTION
* Coverage of criterion METHODNOEXCEPTION: 78%
* Total number of goals: 9
* Number of covered goals: 7
* Coverage analysis for criterion CBRANCH
* Coverage of criterion CBRANCH: 70%
* Total number of goals: 37
* Number of covered goals: 26
* Generated 20 tests with total length 129
* Resulting test suite's coverage: 71% (average coverage for all fitness functions)
* Generating assertions
* Resulting test suite's mutation score: 60%
* Compiling and checking tests
* Writing tests to file
* Writing JUnit test case 'ManagedServletPipeline_ESTest' to evosuite-tests
* Done!

* Computation finished
