* EvoSuite 1.2.0
* Going to generate test cases for class: io.restassured.authentication.PreemptiveOAuth2HeaderScheme
* Starting Client-0
* Connecting to master process on port 18309
* Analyzing classpath: 
  - /home/wtwhite/code/craw-redhat-oss/wget/crawl/repo1.maven.org/maven2/io/rest-assured/rest-assured/5.2.1/rest-assured-5.2.1.jar
  - t/dependency/assertj-core-3.16.1.jar
  - t/dependency/commons-codec-1.11.jar
  - t/dependency/commons-io-2.8.0.jar
  - t/dependency/commons-lang3-3.11.jar
  - t/dependency/commons-logging-1.2.jar
  - t/dependency/groovy-4.0.1.jar
  - t/dependency/groovy-json-4.0.1.jar
  - t/dependency/groovy-xml-4.0.1.jar
  - t/dependency/gson-2.9.0.jar
  - t/dependency/hamcrest-2.1.jar
  - t/dependency/httpclient-4.5.13.jar
  - t/dependency/httpcore-4.4.13.jar
  - t/dependency/httpmime-4.5.13.jar
  - t/dependency/istack-commons-runtime-4.0.1.jar
  - t/dependency/jackson-annotations-2.13.2.jar
  - t/dependency/jackson-core-2.13.2.jar
  - t/dependency/jackson-core-asl-1.9.11.jar
  - t/dependency/jackson-databind-2.13.2.jar
  - t/dependency/jackson-mapper-asl-1.9.11.jar
  - t/dependency/jakarta.activation-2.0.1.jar
  - t/dependency/jakarta.json-1.1.6-module.jar
  - t/dependency/jakarta.json-api-1.1.6.jar
  - t/dependency/jakarta.json.bind-api-1.0.2.jar
  - t/dependency/jakarta.xml.bind-api-3.0.1.jar
  - t/dependency/javax.activation-api-1.2.0.jar
  - t/dependency/jaxb-api-2.3.1.jar
  - t/dependency/jaxb-core-3.0.2.jar
  - t/dependency/jaxb-runtime-3.0.2.jar
  - t/dependency/johnzon-core-1.1.11.jar
  - t/dependency/johnzon-mapper-1.1.11.jar
  - t/dependency/json-path-5.2.1.jar
  - t/dependency/json-simple-1.1.1.jar
  - t/dependency/junit-4.13.1.jar
  - t/dependency/mockito-core-1.10.19.jar
  - t/dependency/objenesis-2.1.jar
  - t/dependency/rest-assured-common-5.2.1.jar
  - t/dependency/scribejava-apis-2.5.3.jar
  - t/dependency/scribejava-core-2.5.3.jar
  - t/dependency/tagsoup-1.2.1.jar
  - t/dependency/txw2-3.0.2.jar
  - t/dependency/xml-path-5.2.1.jar
  - t/dependency/yasson-1.0.6.jar
* Finished analyzing classpath
* Generating tests for class io.restassured.authentication.PreemptiveOAuth2HeaderScheme
* Test criteria:
  - Line Coverage
  - Branch Coverage
  - Exception
  - Mutation testing (weak)
  - Method-Output Coverage
  - Top-Level Method Coverage
  - No-Exception Top-Level Method Coverage
  - Context Branch Coverage
[Progress:>                             0%] [Cov:>                                  0%]* Total number of test goals for DYNAMOSA: 61
* Using seed 1731037846432
* Starting evolution
* Initial Number of Goals in DynaMOSA = 21 / 61
[Progress:>                             1%] [Cov:=========================>         73%][Progress:>                             1%] [Cov:=========================>         73%][MASTER] 16:50:52.276 [logback-1] WARN  TestChromosome - Functional mock problem: org.evosuite.ga.ConstructionFailedException: Failed to add constructor for groovyjarjarasm.asm.commons.AnalyzerAdapter due to org.evosuite.ga.ConstructionFailedException: Failed to add constructor for org.codehaus.groovy.classgen.AsmClassGenerator due to org.evosuite.ga.ConstructionFailedException: Failed to add constructor for org.codehaus.groovy.classgen.GeneratorContext due to org.evosuite.ga.ConstructionFailedException: Failed to add constructor for org.codehaus.groovy.ast.CompileUnit due to org.evosuite.ga.ConstructionFailedException: Max recursion depth reached
[Progress:>                             3%] [Cov:=========================>         73%][Progress:>                             3%] [Cov:=========================>         73%][MASTER] 16:50:52.911 [logback-1] WARN  TestChromosome - Functional mock problem: org.evosuite.ga.ConstructionFailedException: Failed to add constructor for groovyjarjarasm.asm.commons.AnalyzerAdapter due to org.evosuite.ga.ConstructionFailedException: Failed to add constructor for org.codehaus.groovy.classgen.AsmClassGenerator due to org.evosuite.ga.ConstructionFailedException: Failed to add constructor for org.codehaus.groovy.control.SourceUnit due to org.evosuite.ga.ConstructionFailedException: Failed to add constructor for groovy.lang.GroovyClassLoader due to org.evosuite.ga.ConstructionFailedException: Max recursion depth reached
[MASTER] 16:50:53.039 [logback-1] WARN  TestChromosome - Functional mock problem: org.evosuite.ga.ConstructionFailedException: Failed to add constructor for groovyjarjarasm.asm.commons.AnalyzerAdapter due to org.evosuite.ga.ConstructionFailedException: Error: VariableReference: Statement 5, type groovyjarjarasm.asm.MethodVisitor is not assignable to class groovyjarjarasm.asm.MethodVisitor
[Progress:>                             3%] [Cov:=========================>         73%][MASTER] 16:50:53.194 [logback-1] WARN  TestChromosome - Functional mock problem: org.evosuite.ga.ConstructionFailedException: Failed to add constructor for groovyjarjarasm.asm.commons.AnalyzerAdapter due to org.evosuite.ga.ConstructionFailedException: Failed to add constructor for groovyjarjarasm.asm.commons.LocalVariablesSorter due to org.evosuite.ga.ConstructionFailedException: Failed to add constructor for groovyjarjarasm.asm.commons.CodeSizeEvaluator due to org.evosuite.ga.ConstructionFailedException: Failed to add constructor for groovyjarjarasm.asm.commons.GeneratorAdapter due to org.evosuite.ga.ConstructionFailedException: Failed to add constructor for groovyjarjarasm.asm.util.TraceMethodVisitor due to org.evosuite.ga.ConstructionFailedException: Max recursion depth reached
[Progress:>                             3%] [Cov:=========================>         73%][Progress:=>                            5%] [Cov:=========================>         73%][MASTER] 16:50:53.437 [logback-1] WARN  TestChromosome - Functional mock problem: org.evosuite.ga.ConstructionFailedException: Failed to add constructor for groovyjarjarasm.asm.commons.AnalyzerAdapter due to org.evosuite.ga.ConstructionFailedException: Failed to add constructor for groovyjarjarasm.asm.commons.LocalVariablesSorter due to org.evosuite.ga.ConstructionFailedException: Failed to add constructor for groovyjarjarasm.asm.commons.CodeSizeEvaluator due to org.evosuite.ga.ConstructionFailedException: Failed to add constructor for groovyjarjarasm.asm.commons.MethodRemapper due to org.evosuite.ga.ConstructionFailedException: Failed to add constructor for groovyjarjarasm.asm.commons.GeneratorAdapter due to org.evosuite.ga.ConstructionFailedException: Max recursion depth reached
[MASTER] 16:50:53.537 [logback-1] WARN  TestChromosome - Functional mock problem: org.evosuite.ga.ConstructionFailedException: Failed to add constructor for groovyjarjarasm.asm.commons.AnalyzerAdapter due to org.evosuite.ga.ConstructionFailedException: Failed to add constructor for groovyjarjarasm.asm.commons.CodeSizeEvaluator due to org.evosuite.ga.ConstructionFailedException: Failed to add constructor for groovyjarjarasm.asm.commons.TryCatchBlockSorter due to org.evosuite.ga.ConstructionFailedException: Failed to add constructor for groovyjarjarasm.asm.commons.GeneratorAdapter due to org.evosuite.ga.ConstructionFailedException: Failed to add constructor for groovyjarjarasm.asm.commons.Method due to org.evosuite.ga.ConstructionFailedException: Max recursion depth reached
[MASTER] 16:50:53.563 [logback-1] WARN  TestChromosome - Functional mock problem: org.evosuite.ga.ConstructionFailedException: Have no generator for class groovyjarjarasm.asm.commons.AnalyzerAdapter canUseFunctionalMocks=false, canBeMocked: true
[MASTER] 16:50:53.596 [logback-1] WARN  TestChromosome - Functional mock problem: org.evosuite.ga.ConstructionFailedException: Failed to add constructor for groovyjarjarasm.asm.commons.AnalyzerAdapter due to org.evosuite.ga.ConstructionFailedException: Error: VariableReference: Statement 6, type groovyjarjarasm.asm.MethodVisitor is not assignable to class groovyjarjarasm.asm.MethodVisitor
[Progress:=>                            5%] [Cov:=========================>         73%][MASTER] 16:50:53.682 [logback-1] WARN  TestChromosome - Functional mock problem: org.evosuite.ga.ConstructionFailedException: Failed to add constructor for groovyjarjarasm.asm.commons.AnalyzerAdapter due to org.evosuite.ga.ConstructionFailedException: Failed to add constructor for groovyjarjarasm.asm.commons.LocalVariablesSorter due to org.evosuite.ga.ConstructionFailedException: Failed to add constructor for groovyjarjarasm.asm.commons.CodeSizeEvaluator due to org.evosuite.ga.ConstructionFailedException: Failed to add constructor for groovyjarjarasm.asm.commons.GeneratorAdapter due to org.evosuite.ga.ConstructionFailedException: Failed to add constructor for groovyjarjarasm.asm.commons.GeneratorAdapter due to org.evosuite.ga.ConstructionFailedException: Max recursion depth reached
[Progress:=>                            5%] [Cov:=========================>         73%][MASTER] 16:50:53.932 [logback-1] WARN  TestChromosome - Functional mock problem: org.evosuite.ga.ConstructionFailedException: Failed to add constructor for groovyjarjarasm.asm.commons.AnalyzerAdapter due to org.evosuite.ga.ConstructionFailedException: Failed to add constructor for groovyjarjarasm.asm.commons.InstructionAdapter due to org.evosuite.ga.ConstructionFailedException: Failed to add constructor for groovyjarjarasm.asm.commons.GeneratorAdapter due to org.evosuite.ga.ConstructionFailedException: Have no generator for java.lang.reflect.Constructor<java.lang.Object> canUseFunctionalMocks=true, canBeMocked: false
[Progress:=>                            5%] [Cov:=========================>         73%][MASTER] 16:50:53.991 [logback-1] WARN  TestChromosome - Functional mock problem: org.evosuite.ga.ConstructionFailedException: Failed to add constructor for groovyjarjarasm.asm.commons.AnalyzerAdapter due to org.evosuite.ga.ConstructionFailedException: Failed to add constructor for groovyjarjarasm.asm.commons.TryCatchBlockSorter due to org.evosuite.ga.ConstructionFailedException: Failed to add constructor for groovyjarjarasm.asm.commons.JSRInlinerAdapter due to org.evosuite.ga.ConstructionFailedException: Failed to add constructor for groovyjarjarasm.asm.commons.InstructionAdapter due to org.evosuite.ga.ConstructionFailedException: Failed to add constructor for groovyjarjarasm.asm.commons.MethodRemapper due to org.evosuite.ga.ConstructionFailedException: Max recursion depth reached
[MASTER] 16:50:54.036 [logback-1] WARN  TestChromosome - Functional mock problem: org.evosuite.ga.ConstructionFailedException: Failed to add constructor for groovyjarjarasm.asm.commons.AnalyzerAdapter due to org.evosuite.ga.ConstructionFailedException: Failed to add constructor for groovyjarjarasm.asm.commons.TryCatchBlockSorter due to org.evosuite.ga.ConstructionFailedException: Failed to add constructor for groovyjarjarasm.asm.commons.GeneratorAdapter due to org.evosuite.ga.ConstructionFailedException: Have no generator for class java.lang.reflect.Method canUseFunctionalMocks=true, canBeMocked: false
[Progress:=>                            5%] [Cov:=========================>         73%][Progress:=>                            5%] [Cov:=========================>         73%][Progress:=>                            6%] [Cov:=========================>         73%][MASTER] 16:50:54.548 [logback-1] WARN  TestChromosome - Functional mock problem: org.evosuite.ga.ConstructionFailedException: Failed to add constructor for groovyjarjarasm.asm.commons.AnalyzerAdapter due to org.evosuite.ga.ConstructionFailedException: Failed to add constructor for groovyjarjarasm.asm.util.TraceMethodVisitor due to org.evosuite.ga.ConstructionFailedException: Failed to add constructor for groovyjarjarasm.asm.commons.GeneratorAdapter due to org.evosuite.ga.ConstructionFailedException: Failed to add constructor for groovyjarjarasm.asm.commons.JSRInlinerAdapter due to org.evosuite.ga.ConstructionFailedException: Failed to add constructor for groovyjarjarasm.asm.commons.CodeSizeEvaluator due to org.evosuite.ga.ConstructionFailedException: Max recursion depth reached
[Progress:=>                            6%] [Cov:=========================>         73%][Progress:=>                            6%] [Cov:=========================>         73%][Progress:=>                            6%] [Cov:=========================>         73%][MASTER] 16:50:55.245 [logback-1] WARN  TestChromosome - Functional mock problem: org.evosuite.ga.ConstructionFailedException: Failed to add constructor for groovyjarjarasm.asm.commons.AnalyzerAdapter due to org.evosuite.ga.ConstructionFailedException: Failed to add constructor for groovyjarjarasm.asm.commons.TryCatchBlockSorter due to org.evosuite.ga.ConstructionFailedException: Failed to add constructor for groovyjarjarasm.asm.commons.LocalVariablesSorter due to org.evosuite.ga.ConstructionFailedException: Failed to add constructor for groovyjarjarasm.asm.commons.CodeSizeEvaluator due to org.evosuite.ga.ConstructionFailedException: Failed to add constructor for groovyjarjarasm.asm.util.TraceMethodVisitor due to org.evosuite.ga.ConstructionFailedException: Max recursion depth reached
[Progress:=>                            6%] [Cov:=========================>         73%][Progress:==>                           8%] [Cov:=========================>         73%][MASTER] 16:50:55.554 [logback-1] WARN  TestChromosome - Functional mock problem: org.evosuite.ga.ConstructionFailedException: Failed to add constructor for groovyjarjarasm.asm.commons.AnalyzerAdapter due to org.evosuite.ga.ConstructionFailedException: Error: VariableReference: Statement 10, type groovyjarjarasm.asm.MethodVisitor is not assignable to class groovyjarjarasm.asm.MethodVisitor
[Progress:==>                           8%] [Cov:=========================>         73%][MASTER] 16:50:55.737 [logback-1] WARN  TestChromosome - Functional mock problem: org.evosuite.ga.ConstructionFailedException: Failed to add constructor for groovyjarjarasm.asm.commons.AnalyzerAdapter due to org.evosuite.ga.ConstructionFailedException: Failed to add constructor for groovyjarjarasm.asm.commons.GeneratorAdapter due to org.evosuite.ga.ConstructionFailedException: Failed to add constructor for groovyjarjarasm.asm.commons.InstructionAdapter due to org.evosuite.ga.ConstructionFailedException: Failed to add constructor for groovyjarjarasm.asm.commons.GeneratorAdapter due to org.evosuite.ga.ConstructionFailedException: Failed to add constructor for groovyjarjarasm.asm.commons.Method due to org.evosuite.ga.ConstructionFailedException: Max recursion depth reached
[Progress:==>                           8%] [Cov:=========================>         73%][Progress:==>                           8%] [Cov:=========================>         73%][Progress:==>                           8%] [Cov:=========================>         73%][Progress:==>                           8%] [Cov:=========================>         73%][MASTER] 16:50:56.258 [logback-1] WARN  TestChromosome - Functional mock problem: org.evosuite.ga.ConstructionFailedException: Failed to add constructor for groovyjarjarasm.asm.commons.AnalyzerAdapter due to org.evosuite.ga.ConstructionFailedException: Failed to add constructor for groovyjarjarasm.asm.commons.CodeSizeEvaluator due to org.evosuite.ga.ConstructionFailedException: Failed to add constructor for groovyjarjarasm.asm.commons.TryCatchBlockSorter due to org.evosuite.ga.ConstructionFailedException: Failed to add constructor for groovyjarjarasm.asm.commons.GeneratorAdapter due to org.evosuite.ga.ConstructionFailedException: Have no generator for class java.lang.reflect.Method canUseFunctionalMocks=true, canBeMocked: false
[Progress:==>                           8%] [Cov:=========================>         73%][MASTER] 16:50:56.314 [logback-1] WARN  TestChromosome - Functional mock problem: org.evosuite.ga.ConstructionFailedException: Failed to add constructor for groovyjarjarasm.asm.commons.AnalyzerAdapter due to org.evosuite.ga.ConstructionFailedException: Failed to add constructor for groovyjarjarasm.asm.commons.CodeSizeEvaluator due to org.evosuite.ga.ConstructionFailedException: Failed to add constructor for groovyjarjarasm.asm.util.TraceMethodVisitor due to org.evosuite.ga.ConstructionFailedException: Failed to add constructor for groovyjarjarasm.asm.commons.GeneratorAdapter due to org.evosuite.ga.ConstructionFailedException: Have no generator for class java.lang.reflect.Method canUseFunctionalMocks=true, canBeMocked: false
[MASTER] 16:50:56.335 [logback-1] WARN  TestChromosome - Functional mock problem: org.evosuite.ga.ConstructionFailedException: Failed to add constructor for groovyjarjarasm.asm.commons.AnalyzerAdapter due to org.evosuite.ga.ConstructionFailedException: Failed to add constructor for groovyjarjarasm.asm.commons.GeneratorAdapter due to org.evosuite.ga.ConstructionFailedException: Have no generator for class java.lang.reflect.Method canUseFunctionalMocks=true, canBeMocked: false
[Progress:==>                           8%] [Cov:=========================>         73%][Progress:===>                          10%] [Cov:=========================>         73%][Progress:===>                          10%] [Cov:=========================>         73%][Progress:===>                          10%] [Cov:=========================>         73%][MASTER] 16:50:56.845 [logback-1] WARN  TestChromosome - Functional mock problem: org.evosuite.ga.ConstructionFailedException: Failed to add constructor for groovyjarjarasm.asm.commons.AnalyzerAdapter due to org.evosuite.ga.ConstructionFailedException: Error: VariableReference: Statement 4, type groovyjarjarasm.asm.MethodVisitor is not assignable to class groovyjarjarasm.asm.MethodVisitor
[Progress:===>                          10%] [Cov:=========================>         73%][Progress:===>                          10%] [Cov:=========================>         73%][MASTER] 16:50:57.027 [logback-1] WARN  TestChromosome - Functional mock problem: org.evosuite.ga.ConstructionFailedException: Failed to add constructor for groovyjarjarasm.asm.commons.AnalyzerAdapter due to org.evosuite.ga.ConstructionFailedException: Failed to add constructor for groovyjarjarasm.asm.util.TraceMethodVisitor due to org.evosuite.ga.ConstructionFailedException: Failed to add constructor for groovyjarjarasm.asm.commons.GeneratorAdapter due to org.evosuite.ga.ConstructionFailedException: Have no generator for java.lang.reflect.Constructor<org.codehaus.groovy.runtime.callsite.CallSiteArray> canUseFunctionalMocks=true, canBeMocked: false
[MASTER] 16:50:57.045 [logback-1] WARN  TestChromosome - Functional mock problem: org.evosuite.ga.ConstructionFailedException: Failed to add constructor for groovyjarjarasm.asm.commons.AnalyzerAdapter due to org.evosuite.ga.ConstructionFailedException: Failed to add constructor for groovyjarjarasm.asm.commons.GeneratorAdapter due to org.evosuite.ga.ConstructionFailedException: Have no generator for java.lang.reflect.Constructor<java.lang.Object> canUseFunctionalMocks=true, canBeMocked: false
[MASTER] 16:50:57.061 [logback-1] WARN  TestChromosome - Functional mock problem: org.evosuite.ga.ConstructionFailedException: Failed to add constructor for groovyjarjarasm.asm.commons.AnalyzerAdapter due to org.evosuite.ga.ConstructionFailedException: Failed to add constructor for groovyjarjarasm.asm.commons.JSRInlinerAdapter due to org.evosuite.ga.ConstructionFailedException: Failed to add constructor for groovyjarjarasm.asm.commons.InstructionAdapter due to org.evosuite.ga.ConstructionFailedException: Failed to add constructor for groovyjarjarasm.asm.commons.CodeSizeEvaluator due to org.evosuite.ga.ConstructionFailedException: Failed to add constructor for groovyjarjarasm.asm.util.TraceMethodVisitor due to org.evosuite.ga.ConstructionFailedException: Max recursion depth reached
[Progress:===>                          10%] [Cov:=========================>         73%][Progress:===>                          10%] [Cov:=========================>         73%][Progress:===>                          10%] [Cov:=========================>         73%][MASTER] 16:50:57.361 [logback-1] WARN  TestChromosome - Functional mock problem: org.evosuite.ga.ConstructionFailedException: Failed to add constructor for groovyjarjarasm.asm.commons.AnalyzerAdapter due to org.evosuite.ga.ConstructionFailedException: Failed to add constructor for groovyjarjarasm.asm.commons.GeneratorAdapter due to org.evosuite.ga.ConstructionFailedException: Failed to add constructor for groovyjarjarasm.asm.commons.GeneratorAdapter due to org.evosuite.ga.ConstructionFailedException: Have no generator for java.lang.reflect.Constructor<java.lang.Object> canUseFunctionalMocks=true, canBeMocked: false
[Progress:===>                          10%] [Cov:=========================>         73%][MASTER] 16:50:57.414 [logback-1] WARN  TestChromosome - Functional mock problem: org.evosuite.ga.ConstructionFailedException: Failed to add constructor for groovyjarjarasm.asm.commons.AnalyzerAdapter due to org.evosuite.ga.ConstructionFailedException: Failed to add constructor for groovyjarjarasm.asm.commons.MethodRemapper due to org.evosuite.ga.ConstructionFailedException: Failed to add constructor for groovyjarjarasm.asm.commons.LocalVariablesSorter due to org.evosuite.ga.ConstructionFailedException: Failed to add constructor for groovyjarjarasm.asm.commons.GeneratorAdapter due to org.evosuite.ga.ConstructionFailedException: Failed to add constructor for groovyjarjarasm.asm.commons.GeneratorAdapter due to org.evosuite.ga.ConstructionFailedException: Max recursion depth reached
[MASTER] 16:50:57.424 [logback-1] WARN  TestChromosome - Functional mock problem: org.evosuite.ga.ConstructionFailedException: Failed to add constructor for groovyjarjarasm.asm.commons.AnalyzerAdapter due to org.evosuite.ga.ConstructionFailedException: Failed to add constructor for groovyjarjarasm.asm.commons.TryCatchBlockSorter due to org.evosuite.ga.ConstructionFailedException: Failed to add constructor for groovyjarjarasm.asm.commons.JSRInlinerAdapter due to org.evosuite.ga.ConstructionFailedException: Failed to add constructor for groovyjarjarasm.asm.commons.GeneratorAdapter due to org.evosuite.ga.ConstructionFailedException: Failed to add constructor for groovyjarjarasm.asm.util.TraceMethodVisitor due to org.evosuite.ga.ConstructionFailedException: Max recursion depth reached
[MASTER] 16:50:57.448 [logback-1] WARN  TestChromosome - Functional mock problem: org.evosuite.ga.ConstructionFailedException: Failed to add constructor for groovyjarjarasm.asm.commons.AnalyzerAdapter due to org.evosuite.ga.ConstructionFailedException: Failed to add constructor for groovyjarjarasm.asm.commons.CodeSizeEvaluator due to org.evosuite.ga.ConstructionFailedException: Failed to add constructor for groovyjarjarasm.asm.commons.GeneratorAdapter due to org.evosuite.ga.ConstructionFailedException: Failed to add constructor for groovyjarjarasm.asm.commons.GeneratorAdapter due to org.evosuite.ga.ConstructionFailedException: Failed to add constructor for groovyjarjarasm.asm.ClassWriter due to org.evosuite.ga.ConstructionFailedException: Max recursion depth reached
[Progress:===>                          11%] [Cov:=========================>         73%][Progress:===>                          11%] [Cov:=========================>         73%][Progress:===>                          11%] [Cov:=========================>         73%][MASTER] 16:50:57.755 [logback-1] WARN  TestChromosome - Functional mock problem: org.evosuite.ga.ConstructionFailedException: Failed to add constructor for groovyjarjarasm.asm.commons.AnalyzerAdapter due to org.evosuite.ga.ConstructionFailedException: Failed to add constructor for org.codehaus.groovy.classgen.AsmClassGenerator due to org.evosuite.ga.ConstructionFailedException: Failed to add constructor for org.codehaus.groovy.control.SourceUnit due to org.evosuite.ga.ConstructionFailedException: Failed to add constructor for org.codehaus.groovy.control.CompilerConfiguration due to org.evosuite.ga.ConstructionFailedException: Max recursion depth reached
[Progress:===>                          11%] [Cov:=========================>         73%][Progress:===>                          11%] [Cov:=========================>         73%][Progress:===>                          11%] [Cov:=========================>         73%][Progress:===>                          11%] [Cov:=========================>         73%][Progress:===>                          11%] [Cov:=========================>         73%][Progress:===>                          11%] [Cov:=========================>         73%][MASTER] 16:50:58.238 [logback-1] WARN  TestChromosome - Functional mock problem: org.evosuite.ga.ConstructionFailedException: Failed to add constructor for groovyjarjarasm.asm.commons.AnalyzerAdapter due to org.evosuite.ga.ConstructionFailedException: Failed to add constructor for groovyjarjarasm.asm.commons.GeneratorAdapter due to org.evosuite.ga.ConstructionFailedException: Failed to add constructor for groovyjarjarasm.asm.ClassWriter due to org.evosuite.ga.ConstructionFailedException: Failed to add constructor for groovyjarjarasm.asm.ClassReader due to org.evosuite.ga.ConstructionFailedException: Failed to add constructor for java.io.SequenceInputStream due to org.evosuite.ga.ConstructionFailedException: Max recursion depth reached
[Progress:===>                          11%] [Cov:=========================>         73%][Progress:===>                          11%] [Cov:=========================>         73%][Progress:===>                          13%] [Cov:=========================>         73%][Progress:===>                          13%] [Cov:=========================>         73%][MASTER] 16:50:58.695 [logback-1] WARN  TestCluster - Failed to check cache for java.util.Enumeration<E> : Type points to itself
[Progress:===>                          13%] [Cov:=========================>         73%][Progress:===>                          13%] [Cov:=========================>         73%][MASTER] 16:50:58.961 [logback-1] WARN  TestChromosome - Functional mock problem: org.evosuite.ga.ConstructionFailedException: Failed to add constructor for groovyjarjarasm.asm.commons.AnalyzerAdapter due to org.evosuite.ga.ConstructionFailedException: Failed to add constructor for groovyjarjarasm.asm.commons.JSRInlinerAdapter due to org.evosuite.ga.ConstructionFailedException: Failed to add constructor for groovyjarjarasm.asm.commons.MethodRemapper due to org.evosuite.ga.ConstructionFailedException: Failed to add constructor for groovyjarjarasm.asm.util.TraceMethodVisitor due to org.evosuite.ga.ConstructionFailedException: Failed to add constructor for groovyjarjarasm.asm.commons.GeneratorAdapter due to org.evosuite.ga.ConstructionFailedException: Max recursion depth reached
[Progress:===>                          13%] [Cov:=========================>         73%][Progress:===>                          13%] [Cov:=========================>         73%][Progress:===>                          13%] [Cov:=========================>         73%][Progress:===>                          13%] [Cov:=========================>         73%][Progress:===>                          13%] [Cov:=========================>         73%][Progress:====>                         15%] [Cov:=========================>         73%][Progress:====>                         15%] [Cov:=========================>         73%][MASTER] 16:50:59.536 [logback-1] WARN  TestCluster - Failed to check cache for java.util.function.Function<T, R> : Type points to itself
[Progress:====>                         15%] [Cov:=========================>         73%][Progress:====>                         15%] [Cov:=========================>         73%][MASTER] 16:50:59.726 [logback-1] WARN  TestChromosome - Functional mock problem: org.evosuite.ga.ConstructionFailedException: Failed to add constructor for groovyjarjarasm.asm.commons.AnalyzerAdapter due to org.evosuite.ga.ConstructionFailedException: Failed to add constructor for groovyjarjarasm.asm.commons.TryCatchBlockSorter due to org.evosuite.ga.ConstructionFailedException: Failed to add constructor for groovyjarjarasm.asm.commons.GeneratorAdapter due to org.evosuite.ga.ConstructionFailedException: Have no generator for java.lang.reflect.Constructor<java.lang.Object> canUseFunctionalMocks=true, canBeMocked: false
[Progress:====>                         15%] [Cov:=========================>         73%][Progress:====>                         15%] [Cov:=========================>         73%][Progress:====>                         15%] [Cov:=========================>         73%][Progress:====>                         15%] [Cov:=========================>         73%][Progress:====>                         15%] [Cov:=========================>         73%][Progress:====>                         15%] [Cov:=========================>         73%][Progress:====>                         15%] [Cov:=========================>         73%][MASTER] 16:51:00.468 [logback-1] WARN  TestChromosome - Functional mock problem: org.evosuite.ga.ConstructionFailedException: Failed to add constructor for java.util.HashMap due to org.evosuite.ga.ConstructionFailedException: Failed to add constructor for groovyjarjarasm.asm.commons.AnalyzerAdapter due to org.evosuite.ga.ConstructionFailedException: Failed to add constructor for groovyjarjarasm.asm.commons.LocalVariablesSorter due to org.evosuite.ga.ConstructionFailedException: Failed to add constructor for groovyjarjarasm.asm.commons.JSRInlinerAdapter due to org.evosuite.ga.ConstructionFailedException: Failed to add constructor for groovyjarjarasm.asm.commons.GeneratorAdapter due to org.evosuite.ga.ConstructionFailedException: Max recursion depth reached
[Progress:====>                         16%] [Cov:=========================>         73%][Progress:====>                         16%] [Cov:=========================>         73%][Progress:====>                         16%] [Cov:=========================>         73%][Progress:====>                         16%] [Cov:=========================>         73%][Progress:====>                         16%] [Cov:=========================>         73%][Progress:====>                         16%] [Cov:=========================>         73%][Progress:====>                         16%] [Cov:=========================>         73%][Progress:====>                         16%] [Cov:=========================>         73%][MASTER] 16:51:01.197 [logback-1] WARN  TestChromosome - Functional mock problem: org.evosuite.ga.ConstructionFailedException: Failed to add constructor for groovyjarjarasm.asm.commons.AnalyzerAdapter due to org.evosuite.ga.ConstructionFailedException: Failed to add constructor for groovyjarjarasm.asm.commons.GeneratorAdapter due to org.evosuite.ga.ConstructionFailedException: Have no generator for java.lang.reflect.Constructor<java.io.SequenceInputStream> canUseFunctionalMocks=true, canBeMocked: false
[Progress:====>                         16%] [Cov:=========================>         73%][Progress:====>                         16%] [Cov:=========================>         73%][Progress:=====>                        18%] [Cov:=========================>         73%][Progress:=====>                        18%] [Cov:=========================>         73%][MASTER] 16:51:01.628 [logback-1] WARN  TestChromosome - Functional mock problem: org.evosuite.ga.ConstructionFailedException: Failed to add constructor for groovyjarjarasm.asm.commons.AnalyzerAdapter due to org.evosuite.ga.ConstructionFailedException: Failed to add constructor for groovyjarjarasm.asm.commons.MethodRemapper due to org.evosuite.ga.ConstructionFailedException: Failed to add constructor for groovyjarjarasm.asm.util.TraceMethodVisitor due to org.evosuite.ga.ConstructionFailedException: Failed to add constructor for groovyjarjarasm.asm.commons.TryCatchBlockSorter due to org.evosuite.ga.ConstructionFailedException: Failed to add constructor for groovyjarjarasm.asm.commons.InstructionAdapter due to org.evosuite.ga.ConstructionFailedException: Max recursion depth reached
[Progress:=====>                        18%] [Cov:=========================>         73%][Progress:=====>                        18%] [Cov:=========================>         73%][Progress:=====>                        18%] [Cov:=========================>         73%][Progress:=====>                        18%] [Cov:=========================>         73%][Progress:=====>                        18%] [Cov:=========================>         73%][Progress:=====>                        18%] [Cov:=========================>         73%][Progress:=====>                        18%] [Cov:=========================>         73%][Progress:=====>                        18%] [Cov:=========================>         73%][Progress:=====>                        18%] [Cov:=========================>         73%][Progress:=====>                        18%] [Cov:=========================>         73%][Progress:======>                       20%] [Cov:=========================>         73%][Progress:======>                       20%] [Cov:=========================>         73%][Progress:======>                       20%] [Cov:=========================>         73%][Progress:======>                       20%] [Cov:=========================>         73%][Progress:======>                       20%] [Cov:=========================>         73%][Progress:======>                       20%] [Cov:=========================>         73%][Progress:======>                       20%] [Cov:=========================>         73%][Progress:======>                       20%] [Cov:=========================>         73%][Progress:======>                       20%] [Cov:=========================>         73%][Progress:======>                       20%] [Cov:=========================>         73%][Progress:======>                       20%] [Cov:=========================>         73%][Progress:======>                       20%] [Cov:=========================>         73%][Progress:======>                       20%] [Cov:=========================>         73%][MASTER] 16:51:03.125 [logback-1] WARN  TestChromosome - Functional mock problem: org.evosuite.ga.ConstructionFailedException: Failed to add constructor for groovyjarjarasm.asm.commons.AnalyzerAdapter due to org.evosuite.ga.ConstructionFailedException: Failed to add constructor for groovyjarjarasm.asm.commons.GeneratorAdapter due to org.evosuite.ga.ConstructionFailedException: Failed to add constructor for groovyjarjarasm.asm.commons.GeneratorAdapter due to org.evosuite.ga.ConstructionFailedException: Have no generator for class java.lang.reflect.Method canUseFunctionalMocks=true, canBeMocked: false
[Progress:======>                       20%] [Cov:=========================>         73%][Progress:======>                       20%] [Cov:=========================>         73%][Progress:======>                       20%] [Cov:=========================>         73%][Progress:======>                       20%] [Cov:=========================>         73%][Progress:======>                       20%] [Cov:=========================>         73%][Progress:======>                       21%] [Cov:=========================>         73%][Progress:======>                       21%] [Cov:=========================>         73%][Progress:======>                       21%] [Cov:=========================>         73%][Progress:======>                       21%] [Cov:=========================>         73%][Progress:======>                       21%] [Cov:=========================>         73%][Progress:======>                       21%] [Cov:=========================>         73%][Progress:======>                       21%] [Cov:=========================>         73%][MASTER] 16:51:03.902 [logback-1] WARN  TestChromosome - Functional mock problem: org.evosuite.ga.ConstructionFailedException: Failed to add constructor for groovyjarjarasm.asm.commons.AnalyzerAdapter due to org.evosuite.ga.ConstructionFailedException: Failed to add constructor for groovyjarjarasm.asm.commons.GeneratorAdapter due to org.evosuite.ga.ConstructionFailedException: Failed to add constructor for groovyjarjarasm.asm.commons.JSRInlinerAdapter due to org.evosuite.ga.ConstructionFailedException: Failed to add constructor for groovyjarjarasm.asm.commons.CodeSizeEvaluator due to org.evosuite.ga.ConstructionFailedException: Failed to add constructor for groovyjarjarasm.asm.commons.LocalVariablesSorter due to org.evosuite.ga.ConstructionFailedException: Max recursion depth reached
[Progress:======>                       21%] [Cov:=========================>         73%][Progress:======>                       21%] [Cov:=========================>         73%][Progress:======>                       21%] [Cov:=========================>         73%][Progress:======>                       21%] [Cov:=========================>         73%][Progress:======>                       21%] [Cov:=========================>         73%][Progress:======>                       21%] [Cov:=========================>         73%][Progress:======>                       23%] [Cov:=========================>         73%][Progress:======>                       23%] [Cov:=========================>         73%][Progress:======>                       23%] [Cov:=========================>         73%][Progress:======>                       23%] [Cov:=========================>         73%][Progress:======>                       23%] [Cov:=========================>         73%][Progress:======>                       23%] [Cov:=========================>         73%][Progress:======>                       23%] [Cov:=========================>         73%][Progress:======>                       23%] [Cov:=========================>         73%][Progress:======>                       23%] [Cov:=========================>         73%][Progress:======>                       23%] [Cov:=========================>         73%][Progress:======>                       23%] [Cov:=========================>         73%][Progress:======>                       23%] [Cov:=========================>         73%][Progress:=======>                      25%] [Cov:=========================>         73%][Progress:=======>                      25%] [Cov:=========================>         73%][Progress:=======>                      25%] [Cov:=========================>         73%][Progress:=======>                      25%] [Cov:=========================>         73%][Progress:=======>                      25%] [Cov:=========================>         73%][Progress:=======>                      25%] [Cov:=========================>         73%][Progress:=======>                      25%] [Cov:=========================>         73%][Progress:=======>                      25%] [Cov:=========================>         73%][Progress:=======>                      25%] [Cov:=========================>         73%][Progress:=======>                      25%] [Cov:=========================>         73%][Progress:=======>                      25%] [Cov:=========================>         73%][Progress:=======>                      25%] [Cov:=========================>         73%][Progress:=======>                      25%] [Cov:=========================>         73%][MASTER] 16:51:06.278 [logback-1] WARN  TestChromosome - Functional mock problem: org.evosuite.ga.ConstructionFailedException: Failed to add constructor for groovyjarjarasm.asm.commons.AnalyzerAdapter due to org.evosuite.ga.ConstructionFailedException: Failed to add constructor for org.codehaus.groovy.classgen.AsmClassGenerator due to org.evosuite.ga.ConstructionFailedException: Failed to add constructor for org.codehaus.groovy.control.SourceUnit due to org.evosuite.ga.ConstructionFailedException: Max recursion depth reached
[Progress:=======>                      25%] [Cov:=========================>         73%][Progress:=======>                      25%] [Cov:=========================>         73%][Progress:=======>                      26%] [Cov:=========================>         73%][Progress:=======>                      26%] [Cov:=========================>         73%][Progress:=======>                      26%] [Cov:=========================>         73%][Progress:=======>                      26%] [Cov:=========================>         73%][Progress:=======>                      26%] [Cov:=========================>         73%][Progress:=======>                      26%] [Cov:=========================>         73%][Progress:=======>                      26%] [Cov:=========================>         73%][Progress:=======>                      26%] [Cov:=========================>         73%][Progress:=======>                      26%] [Cov:=========================>         73%][Progress:=======>                      26%] [Cov:=========================>         73%][Progress:=======>                      26%] [Cov:=========================>         73%][Progress:=======>                      26%] [Cov:=========================>         73%][Progress:=======>                      26%] [Cov:=========================>         73%][MASTER] 16:51:07.373 [logback-1] WARN  TestChromosome - Functional mock problem: org.evosuite.ga.ConstructionFailedException: Failed to add constructor for groovyjarjarasm.asm.commons.AnalyzerAdapter due to org.evosuite.ga.ConstructionFailedException: Error: VariableReference: Statement 12, type groovyjarjarasm.asm.MethodVisitor is not assignable to class groovyjarjarasm.asm.MethodVisitor
[Progress:=======>                      26%] [Cov:=========================>         73%][Progress:========>                     28%] [Cov:=========================>         73%][MASTER] 16:51:07.483 [logback-1] WARN  TestChromosome - Functional mock problem: org.evosuite.ga.ConstructionFailedException: Failed to add constructor for groovyjarjarasm.asm.commons.AnalyzerAdapter due to org.evosuite.ga.ConstructionFailedException: Failed to add constructor for groovyjarjarasm.asm.commons.CodeSizeEvaluator due to org.evosuite.ga.ConstructionFailedException: Failed to add constructor for groovyjarjarasm.asm.commons.GeneratorAdapter due to org.evosuite.ga.ConstructionFailedException: Failed to add constructor for groovyjarjarasm.asm.commons.JSRInlinerAdapter due to org.evosuite.ga.ConstructionFailedException: Failed to add constructor for groovyjarjarasm.asm.commons.LocalVariablesSorter due to org.evosuite.ga.ConstructionFailedException: Max recursion depth reached
[Progress:========>                     28%] [Cov:=========================>         73%][Progress:========>                     28%] [Cov:=========================>         73%][MASTER] 16:51:07.619 [logback-1] WARN  TestChromosome - Functional mock problem: org.evosuite.ga.ConstructionFailedException: Failed to add constructor for groovyjarjarasm.asm.commons.AnalyzerAdapter due to org.evosuite.ga.ConstructionFailedException: Failed to add constructor for groovyjarjarasm.asm.commons.InstructionAdapter due to org.evosuite.ga.ConstructionFailedException: Failed to add constructor for groovyjarjarasm.asm.commons.JSRInlinerAdapter due to org.evosuite.ga.ConstructionFailedException: Failed to add constructor for groovyjarjarasm.asm.commons.GeneratorAdapter due to org.evosuite.ga.ConstructionFailedException: Have no generator for class java.lang.reflect.Method canUseFunctionalMocks=true, canBeMocked: false
[Progress:========>                     28%] [Cov:=========================>         73%][Progress:========>                     28%] [Cov:=========================>         73%][Progress:========>                     28%] [Cov:=========================>         73%][Progress:========>                     28%] [Cov:=========================>         73%][Progress:========>                     28%] [Cov:=========================>         73%][Progress:========>                     28%] [Cov:=========================>         73%][MASTER] 16:51:07.922 [logback-1] WARN  TestChromosome - Functional mock problem: org.evosuite.ga.ConstructionFailedException: Failed to add constructor for groovyjarjarasm.asm.commons.AnalyzerAdapter due to org.evosuite.ga.ConstructionFailedException: Failed to add constructor for groovyjarjarasm.asm.commons.GeneratorAdapter due to org.evosuite.ga.ConstructionFailedException: Have no generator for java.lang.reflect.Constructor<org.codehaus.groovy.runtime.callsite.CallSiteArray> canUseFunctionalMocks=true, canBeMocked: false
[Progress:========>                     28%] [Cov:=========================>         73%][Progress:========>                     28%] [Cov:=========================>         73%][Progress:========>                     28%] [Cov:=========================>         73%][Progress:========>                     28%] [Cov:=========================>         73%][Progress:========>                     28%] [Cov:=========================>         73%][Progress:========>                     28%] [Cov:=========================>         73%][Progress:========>                     28%] [Cov:=========================>         73%][Progress:========>                     28%] [Cov:=========================>         73%][Progress:========>                     28%] [Cov:=========================>         73%][Progress:=========>                    30%] [Cov:=========================>         73%][Progress:=========>                    30%] [Cov:=========================>         73%][Progress:=========>                    30%] [Cov:=========================>         73%][Progress:=========>                    30%] [Cov:=========================>         73%][Progress:=========>                    30%] [Cov:=========================>         73%][Progress:=========>                    30%] [Cov:=========================>         73%][Progress:=========>                    30%] [Cov:=========================>         73%][Progress:=========>                    30%] [Cov:=========================>         73%][Progress:=========>                    30%] [Cov:=========================>         73%][Progress:=========>                    30%] [Cov:=========================>         73%][Progress:=========>                    30%] [Cov:=========================>         73%][Progress:=========>                    30%] [Cov:=========================>         73%][Progress:=========>                    30%] [Cov:=========================>         73%][Progress:=========>                    30%] [Cov:=========================>         73%][Progress:=========>                    30%] [Cov:=========================>         73%][Progress:=========>                    30%] [Cov:=========================>         73%][Progress:=========>                    30%] [Cov:=========================>         73%][Progress:=========>                    30%] [Cov:=========================>         73%][Progress:=========>                    31%] [Cov:=========================>         73%][Progress:=========>                    31%] [Cov:=========================>         73%][Progress:=========>                    31%] [Cov:=========================>         73%][Progress:=========>                    31%] [Cov:=========================>         73%][Progress:=========>                    31%] [Cov:=========================>         73%][Progress:=========>                    31%] [Cov:=========================>         73%][Progress:=========>                    31%] [Cov:=========================>         73%][MASTER] 16:51:09.742 [logback-1] WARN  TestChromosome - Functional mock problem: org.evosuite.ga.ConstructionFailedException: Failed to add constructor for groovyjarjarasm.asm.commons.AnalyzerAdapter due to org.evosuite.ga.ConstructionFailedException: Failed to add constructor for groovyjarjarasm.asm.commons.JSRInlinerAdapter due to org.evosuite.ga.ConstructionFailedException: Failed to add constructor for groovyjarjarasm.asm.commons.InstructionAdapter due to org.evosuite.ga.ConstructionFailedException: Failed to add constructor for groovyjarjarasm.asm.commons.GeneratorAdapter due to org.evosuite.ga.ConstructionFailedException: Have no generator for java.lang.reflect.Constructor<org.codehaus.groovy.runtime.callsite.CallSiteArray> canUseFunctionalMocks=true, canBeMocked: false
[Progress:=========>                    31%] [Cov:=========================>         73%][Progress:=========>                    31%] [Cov:=========================>         73%][Progress:=========>                    31%] [Cov:=========================>         73%][Progress:=========>                    31%] [Cov:=========================>         73%][Progress:=========>                    31%] [Cov:=========================>         73%][Progress:=========>                    31%] [Cov:=========================>         73%][Progress:=========>                    31%] [Cov:=========================>         73%][Progress:=========>                    31%] [Cov:=========================>         73%][Progress:=========>                    31%] [Cov:=========================>         73%][Progress:=========>                    31%] [Cov:=========================>         73%][Progress:=========>                    31%] [Cov:=========================>         73%][Progress:=========>                    31%] [Cov:=========================>         73%][Progress:=========>                    33%] [Cov:=========================>         73%][Progress:=========>                    33%] [Cov:=========================>         73%][Progress:=========>                    33%] [Cov:=========================>         73%][Progress:=========>                    33%] [Cov:=========================>         73%][Progress:=========>                    33%] [Cov:=========================>         73%][Progress:=========>                    33%] [Cov:=========================>         73%][MASTER] 16:51:10.671 [logback-1] WARN  TestChromosome - Functional mock problem: org.evosuite.ga.ConstructionFailedException: Failed to add constructor for groovyjarjarasm.asm.commons.AnalyzerAdapter due to org.evosuite.ga.ConstructionFailedException: Failed to add constructor for groovyjarjarasm.asm.commons.InstructionAdapter due to org.evosuite.ga.ConstructionFailedException: Failed to add constructor for groovyjarjarasm.asm.commons.MethodRemapper due to org.evosuite.ga.ConstructionFailedException: Failed to add constructor for groovyjarjarasm.asm.commons.JSRInlinerAdapter due to org.evosuite.ga.ConstructionFailedException: Failed to add constructor for groovyjarjarasm.asm.commons.GeneratorAdapter due to org.evosuite.ga.ConstructionFailedException: Max recursion depth reached
[Progress:=========>                    33%] [Cov:=========================>         73%][Progress:=========>                    33%] [Cov:=========================>         73%][Progress:=========>                    33%] [Cov:=========================>         73%][MASTER] 16:51:10.811 [logback-1] WARN  TestChromosome - Functional mock problem: org.evosuite.ga.ConstructionFailedException: Failed to add constructor for groovyjarjarasm.asm.commons.AnalyzerAdapter due to org.evosuite.ga.ConstructionFailedException: Failed to add constructor for groovyjarjarasm.asm.commons.LocalVariablesSorter due to org.evosuite.ga.ConstructionFailedException: Failed to add constructor for groovyjarjarasm.asm.commons.JSRInlinerAdapter due to org.evosuite.ga.ConstructionFailedException: Failed to add constructor for groovyjarjarasm.asm.commons.CodeSizeEvaluator due to org.evosuite.ga.ConstructionFailedException: Failed to add constructor for groovyjarjarasm.asm.commons.TryCatchBlockSorter due to org.evosuite.ga.ConstructionFailedException: Max recursion depth reached
[Progress:=========>                    33%] [Cov:=========================>         73%][MASTER] 16:51:10.864 [logback-1] WARN  TestChromosome - Functional mock problem: org.evosuite.ga.ConstructionFailedException: Failed to add constructor for groovyjarjarasm.asm.commons.AnalyzerAdapter due to org.evosuite.ga.ConstructionFailedException: Failed to add constructor for groovyjarjarasm.asm.commons.InstructionAdapter due to org.evosuite.ga.ConstructionFailedException: Failed to add constructor for groovyjarjarasm.asm.commons.JSRInlinerAdapter due to org.evosuite.ga.ConstructionFailedException: Failed to add constructor for groovyjarjarasm.asm.commons.TryCatchBlockSorter due to org.evosuite.ga.ConstructionFailedException: Failed to add constructor for groovyjarjarasm.asm.commons.MethodRemapper due to org.evosuite.ga.ConstructionFailedException: Max recursion depth reached
[Progress:=========>                    33%] [Cov:=========================>         73%][Progress:=========>                    33%] [Cov:=========================>         73%][Progress:=========>                    33%] [Cov:=========================>         73%][Progress:=========>                    33%] [Cov:=========================>         73%][Progress:=========>                    33%] [Cov:=========================>         73%][Progress:=========>                    33%] [Cov:=========================>         73%][Progress:=========>                    33%] [Cov:=========================>         73%][Progress:=========>                    33%] [Cov:=========================>         73%][Progress:=========>                    33%] [Cov:=========================>         73%][Progress:=========>                    33%] [Cov:=========================>         73%][Progress:=========>                    33%] [Cov:=========================>         73%][Progress:==========>                   35%] [Cov:=========================>         73%][Progress:==========>                   35%] [Cov:=========================>         73%][Progress:==========>                   36%] [Cov:=========================>         73%][Progress:==========>                   36%] [Cov:=========================>         73%][Progress:==========>                   36%] [Cov:=========================>         73%][Progress:==========>                   36%] [Cov:=========================>         73%][Progress:==========>                   36%] [Cov:=========================>         73%][Progress:==========>                   36%] [Cov:=========================>         73%][Progress:==========>                   36%] [Cov:=========================>         73%][Progress:==========>                   36%] [Cov:=========================>         73%][Progress:==========>                   36%] [Cov:=========================>         73%][Progress:==========>                   36%] [Cov:=========================>         73%][MASTER] 16:51:12.968 [logback-1] WARN  TestChromosome - Functional mock problem: org.evosuite.ga.ConstructionFailedException: Failed to add constructor for groovyjarjarasm.asm.commons.AnalyzerAdapter due to org.evosuite.ga.ConstructionFailedException: Failed to add constructor for groovyjarjarasm.asm.util.TraceMethodVisitor due to org.evosuite.ga.ConstructionFailedException: Failed to add constructor for groovyjarjarasm.asm.commons.GeneratorAdapter due to org.evosuite.ga.ConstructionFailedException: Have no generator for java.lang.reflect.Constructor<java.lang.Object> canUseFunctionalMocks=true, canBeMocked: false
[Progress:==========>                   36%] [Cov:=========================>         73%][Progress:==========>                   36%] [Cov:=========================>         73%][Progress:==========>                   36%] [Cov:=========================>         73%][MASTER] 16:51:13.191 [logback-1] WARN  TestChromosome - Functional mock problem: org.evosuite.ga.ConstructionFailedException: Failed to add constructor for groovyjarjarasm.asm.commons.AnalyzerAdapter due to org.evosuite.ga.ConstructionFailedException: Failed to add constructor for groovyjarjarasm.asm.commons.MethodRemapper due to org.evosuite.ga.ConstructionFailedException: Failed to add constructor for groovyjarjarasm.asm.commons.JSRInlinerAdapter due to org.evosuite.ga.ConstructionFailedException: Failed to add constructor for groovyjarjarasm.asm.commons.GeneratorAdapter due to org.evosuite.ga.ConstructionFailedException: Failed to add constructor for groovyjarjarasm.asm.ClassWriter due to org.evosuite.ga.ConstructionFailedException: Max recursion depth reached
[Progress:==========>                   36%] [Cov:=========================>         73%][Progress:==========>                   36%] [Cov:=========================>         73%][Progress:==========>                   36%] [Cov:=========================>         73%][Progress:===========>                  38%] [Cov:=========================>         73%][Progress:===========>                  38%] [Cov:=========================>         73%][Progress:===========>                  38%] [Cov:=========================>         73%][Progress:===========>                  38%] [Cov:=========================>         73%][Progress:===========>                  38%] [Cov:=========================>         73%][Progress:===========>                  38%] [Cov:=========================>         73%][Progress:===========>                  38%] [Cov:=========================>         73%][Progress:============>                 40%] [Cov:=========================>         73%][Progress:============>                 40%] [Cov:=========================>         73%][MASTER] 16:51:14.537 [logback-1] WARN  TestChromosome - Functional mock problem: org.evosuite.ga.ConstructionFailedException: Failed to add constructor for groovyjarjarasm.asm.commons.AnalyzerAdapter due to org.evosuite.ga.ConstructionFailedException: Failed to add constructor for groovyjarjarasm.asm.commons.CodeSizeEvaluator due to org.evosuite.ga.ConstructionFailedException: Failed to add constructor for groovyjarjarasm.asm.commons.GeneratorAdapter due to org.evosuite.ga.ConstructionFailedException: Have no generator for java.lang.reflect.Constructor<java.lang.Object> canUseFunctionalMocks=true, canBeMocked: false
[Progress:============>                 40%] [Cov:=========================>         73%][Progress:============>                 40%] [Cov:=========================>         73%][Progress:============>                 40%] [Cov:=========================>         73%][Progress:============>                 40%] [Cov:=========================>         73%][Progress:============>                 40%] [Cov:=========================>         73%][Progress:============>                 40%] [Cov:=========================>         73%][Progress:============>                 40%] [Cov:=========================>         73%][Progress:============>                 40%] [Cov:=========================>         73%][MASTER] 16:51:14.898 [logback-1] WARN  TestChromosome - Functional mock problem: org.evosuite.ga.ConstructionFailedException: Failed to add constructor for groovyjarjarasm.asm.commons.AnalyzerAdapter due to org.evosuite.ga.ConstructionFailedException: Failed to add constructor for org.codehaus.groovy.classgen.AsmClassGenerator due to org.evosuite.ga.ConstructionFailedException: Error: VariableReference: Statement 14, type groovyjarjarasm.asm.ClassWriter is not assignable to class groovyjarjarasm.asm.ClassVisitor
[Progress:============>                 40%] [Cov:=========================>         73%][Progress:============>                 40%] [Cov:=========================>         73%][Progress:============>                 40%] [Cov:=========================>         73%][Progress:============>                 40%] [Cov:=========================>         73%][Progress:============>                 40%] [Cov:=========================>         73%][Progress:============>                 40%] [Cov:=========================>         73%][Progress:============>                 40%] [Cov:=========================>         73%][Progress:============>                 40%] [Cov:=========================>         73%][Progress:============>                 40%] [Cov:=========================>         73%][Progress:============>                 40%] [Cov:=========================>         73%][Progress:============>                 40%] [Cov:=========================>         73%][Progress:============>                 41%] [Cov:=========================>         73%][Progress:============>                 41%] [Cov:=========================>         73%][Progress:============>                 41%] [Cov:=========================>         73%][Progress:============>                 41%] [Cov:=========================>         73%][Progress:============>                 41%] [Cov:=========================>         73%][Progress:============>                 41%] [Cov:=========================>         73%][Progress:============>                 41%] [Cov:=========================>         73%][Progress:============>                 41%] [Cov:=========================>         73%][Progress:============>                 41%] [Cov:=========================>         73%][Progress:============>                 41%] [Cov:=========================>         73%][Progress:============>                 41%] [Cov:=========================>         73%][Progress:============>                 41%] [Cov:=========================>         73%][Progress:============>                 41%] [Cov:=========================>         73%][Progress:============>                 41%] [Cov:=========================>         73%][MASTER] 16:51:16.023 [logback-1] WARN  TestChromosome - Functional mock problem: org.evosuite.ga.ConstructionFailedException: Failed to add constructor for groovyjarjarasm.asm.commons.AnalyzerAdapter due to org.evosuite.ga.ConstructionFailedException: Failed to add constructor for groovyjarjarasm.asm.util.TraceMethodVisitor due to org.evosuite.ga.ConstructionFailedException: Failed to add constructor for groovyjarjarasm.asm.commons.CodeSizeEvaluator due to org.evosuite.ga.ConstructionFailedException: Failed to add constructor for groovyjarjarasm.asm.commons.GeneratorAdapter due to org.evosuite.ga.ConstructionFailedException: Have no generator for java.lang.reflect.Constructor<java.lang.Object> canUseFunctionalMocks=true, canBeMocked: false
[Progress:============>                 41%] [Cov:=========================>         73%][Progress:============>                 41%] [Cov:=========================>         73%][Progress:============>                 41%] [Cov:=========================>         73%][Progress:============>                 41%] [Cov:=========================>         73%][Progress:============>                 41%] [Cov:=========================>         73%][Progress:============>                 41%] [Cov:=========================>         73%][Progress:============>                 41%] [Cov:=========================>         73%][Progress:============>                 41%] [Cov:=========================>         73%][Progress:============>                 43%] [Cov:=========================>         73%][Progress:============>                 43%] [Cov:=========================>         73%][Progress:============>                 43%] [Cov:=========================>         73%][Progress:============>                 43%] [Cov:=========================>         73%][Progress:============>                 43%] [Cov:=========================>         73%][Progress:============>                 43%] [Cov:=========================>         73%][Progress:============>                 43%] [Cov:=========================>         73%][Progress:============>                 43%] [Cov:=========================>         73%][Progress:============>                 43%] [Cov:=========================>         73%][Progress:============>                 43%] [Cov:=========================>         73%][Progress:============>                 43%] [Cov:=========================>         73%][Progress:============>                 43%] [Cov:=========================>         73%][Progress:============>                 43%] [Cov:=========================>         73%][Progress:============>                 43%] [Cov:=========================>         73%][Progress:============>                 43%] [Cov:=========================>         73%][Progress:============>                 43%] [Cov:=========================>         73%][Progress:============>                 43%] [Cov:=========================>         73%][Progress:============>                 43%] [Cov:=========================>         73%][Progress:============>                 43%] [Cov:=========================>         73%][Progress:============>                 43%] [Cov:=========================>         73%][Progress:============>                 43%] [Cov:=========================>         73%][Progress:============>                 43%] [Cov:=========================>         73%][Progress:============>                 43%] [Cov:=========================>         73%][Progress:=============>                45%] [Cov:=========================>         73%][Progress:=============>                45%] [Cov:=========================>         73%][Progress:=============>                45%] [Cov:=========================>         73%][Progress:=============>                45%] [Cov:=========================>         73%][Progress:=============>                45%] [Cov:=========================>         73%][Progress:=============>                45%] [Cov:=========================>         73%][Progress:=============>                45%] [Cov:=========================>         73%][Progress:=============>                45%] [Cov:=========================>         73%][MASTER] 16:51:17.714 [logback-1] WARN  TestChromosome - Functional mock problem: org.evosuite.ga.ConstructionFailedException: Failed to add constructor for groovyjarjarasm.asm.commons.AnalyzerAdapter due to org.evosuite.ga.ConstructionFailedException: Failed to add constructor for groovyjarjarasm.asm.util.TraceMethodVisitor due to org.evosuite.ga.ConstructionFailedException: Failed to add constructor for groovyjarjarasm.asm.commons.GeneratorAdapter due to org.evosuite.ga.ConstructionFailedException: Have no generator for class java.lang.reflect.Method canUseFunctionalMocks=true, canBeMocked: false
[Progress:=============>                45%] [Cov:=========================>         73%][Progress:=============>                46%] [Cov:=========================>         73%][Progress:=============>                46%] [Cov:=========================>         73%][Progress:=============>                46%] [Cov:=========================>         73%][Progress:=============>                46%] [Cov:=========================>         73%][Progress:=============>                46%] [Cov:=========================>         73%][Progress:=============>                46%] [Cov:=========================>         73%][MASTER] 16:51:18.651 [logback-1] WARN  TestChromosome - Functional mock problem: org.evosuite.ga.ConstructionFailedException: Failed to add constructor for groovyjarjarasm.asm.commons.AnalyzerAdapter due to org.evosuite.ga.ConstructionFailedException: Failed to add constructor for groovyjarjarasm.asm.commons.TryCatchBlockSorter due to org.evosuite.ga.ConstructionFailedException: Failed to add constructor for groovyjarjarasm.asm.util.TraceMethodVisitor due to org.evosuite.ga.ConstructionFailedException: Failed to add constructor for groovyjarjarasm.asm.commons.JSRInlinerAdapter due to org.evosuite.ga.ConstructionFailedException: Failed to add constructor for groovyjarjarasm.asm.commons.CodeSizeEvaluator due to org.evosuite.ga.ConstructionFailedException: Max recursion depth reached
[Progress:=============>                46%] [Cov:=========================>         73%][Progress:=============>                46%] [Cov:=========================>         73%][Progress:=============>                46%] [Cov:=========================>         73%][Progress:=============>                46%] [Cov:=========================>         73%][Progress:=============>                46%] [Cov:=========================>         73%][Progress:=============>                46%] [Cov:=========================>         73%][Progress:=============>                46%] [Cov:=========================>         73%][Progress:==============>               48%] [Cov:=========================>         73%][MASTER] 16:51:19.734 [logback-1] WARN  TestChromosome - Functional mock problem: org.evosuite.ga.ConstructionFailedException: Failed to add constructor for groovyjarjarasm.asm.commons.AnalyzerAdapter due to org.evosuite.ga.ConstructionFailedException: Failed to add constructor for groovyjarjarasm.asm.util.TraceMethodVisitor due to org.evosuite.ga.ConstructionFailedException: Failed to add constructor for groovyjarjarasm.asm.commons.GeneratorAdapter due to org.evosuite.ga.ConstructionFailedException: Failed to add constructor for groovyjarjarasm.asm.commons.Method due to org.evosuite.ga.ConstructionFailedException: Have no generator for class java.lang.reflect.Method canUseFunctionalMocks=true, canBeMocked: false
[Progress:==============>               48%] [Cov:=========================>         73%][Progress:==============>               48%] [Cov:=========================>         73%][Progress:==============>               48%] [Cov:=========================>         73%][Progress:==============>               48%] [Cov:=========================>         73%][Progress:==============>               48%] [Cov:=========================>         73%][Progress:==============>               48%] [Cov:=========================>         73%][Progress:==============>               48%] [Cov:=========================>         73%][Progress:==============>               48%] [Cov:=========================>         73%][Progress:==============>               48%] [Cov:=========================>         73%][Progress:==============>               48%] [Cov:=========================>         73%][Progress:==============>               48%] [Cov:=========================>         73%][Progress:==============>               48%] [Cov:=========================>         73%][Progress:==============>               48%] [Cov:=========================>         73%][Progress:==============>               48%] [Cov:=========================>         73%][Progress:==============>               48%] [Cov:=========================>         73%][Progress:==============>               48%] [Cov:=========================>         73%][Progress:==============>               48%] [Cov:=========================>         73%][Progress:===============>              50%] [Cov:=========================>         73%][MASTER] 16:51:20.431 [logback-1] WARN  TestChromosome - Functional mock problem: org.evosuite.ga.ConstructionFailedException: Failed to add constructor for groovyjarjarasm.asm.commons.AnalyzerAdapter due to org.evosuite.ga.ConstructionFailedException: Failed to add constructor for groovyjarjarasm.asm.commons.GeneratorAdapter due to org.evosuite.ga.ConstructionFailedException: Failed to add constructor for groovyjarjarasm.asm.commons.JSRInlinerAdapter due to org.evosuite.ga.ConstructionFailedException: Failed to add constructor for groovyjarjarasm.asm.util.TraceMethodVisitor due to org.evosuite.ga.ConstructionFailedException: Failed to add constructor for groovyjarjarasm.asm.commons.InstructionAdapter due to org.evosuite.ga.ConstructionFailedException: Max recursion depth reached
[Progress:===============>              50%] [Cov:=========================>         73%][Progress:===============>              50%] [Cov:=========================>         73%][Progress:===============>              50%] [Cov:=========================>         73%][Progress:===============>              50%] [Cov:=========================>         73%][Progress:===============>              50%] [Cov:=========================>         73%][Progress:===============>              50%] [Cov:=========================>         73%][Progress:===============>              50%] [Cov:=========================>         73%][Progress:===============>              50%] [Cov:=========================>         73%][Progress:===============>              50%] [Cov:=========================>         73%][MASTER] 16:51:20.779 [logback-1] WARN  TestChromosome - Functional mock problem: org.evosuite.ga.ConstructionFailedException: Failed to add constructor for groovyjarjarasm.asm.commons.AnalyzerAdapter due to org.evosuite.ga.ConstructionFailedException: Failed to add constructor for groovyjarjarasm.asm.util.TraceMethodVisitor due to org.evosuite.ga.ConstructionFailedException: Failed to add constructor for groovyjarjarasm.asm.commons.LocalVariablesSorter due to org.evosuite.ga.ConstructionFailedException: Failed to add constructor for groovyjarjarasm.asm.commons.CodeSizeEvaluator due to org.evosuite.ga.ConstructionFailedException: Failed to add constructor for groovyjarjarasm.asm.commons.InstructionAdapter due to org.evosuite.ga.ConstructionFailedException: Max recursion depth reached
[Progress:===============>              50%] [Cov:=========================>         73%][Progress:===============>              50%] [Cov:=========================>         73%][Progress:===============>              50%] [Cov:=========================>         73%][Progress:===============>              50%] [Cov:=========================>         73%][MASTER] 16:51:20.909 [logback-1] WARN  TestChromosome - Functional mock problem: org.evosuite.ga.ConstructionFailedException: Failed to add constructor for groovyjarjarasm.asm.commons.AnalyzerAdapter due to org.evosuite.ga.ConstructionFailedException: Failed to add constructor for org.codehaus.groovy.classgen.AsmClassGenerator due to org.evosuite.ga.ConstructionFailedException: Error: VariableReference: Statement 7, type groovyjarjarasm.asm.ClassWriter is not assignable to class groovyjarjarasm.asm.ClassVisitor
[Progress:===============>              50%] [Cov:=========================>         73%][Progress:===============>              50%] [Cov:=========================>         73%][Progress:===============>              50%] [Cov:=========================>         73%][Progress:===============>              50%] [Cov:=========================>         73%][Progress:===============>              50%] [Cov:=========================>         73%][Progress:===============>              50%] [Cov:=========================>         73%][Progress:===============>              50%] [Cov:=========================>         73%][Progress:===============>              50%] [Cov:=========================>         73%][Progress:===============>              50%] [Cov:=========================>         73%][Progress:===============>              50%] [Cov:=========================>         73%][Progress:===============>              50%] [Cov:=========================>         73%][Progress:===============>              50%] [Cov:=========================>         73%][Progress:===============>              50%] [Cov:=========================>         73%][Progress:===============>              51%] [Cov:=========================>         73%][Progress:===============>              51%] [Cov:=========================>         73%][Progress:===============>              51%] [Cov:=========================>         73%][Progress:===============>              51%] [Cov:=========================>         73%][Progress:===============>              51%] [Cov:=========================>         73%][Progress:===============>              51%] [Cov:=========================>         73%][Progress:===============>              51%] [Cov:=========================>         73%][Progress:===============>              51%] [Cov:=========================>         73%][Progress:===============>              51%] [Cov:=========================>         73%][Progress:===============>              51%] [Cov:=========================>         73%][Progress:===============>              51%] [Cov:=========================>         73%][Progress:===============>              51%] [Cov:=========================>         73%][Progress:===============>              51%] [Cov:=========================>         73%][Progress:===============>              51%] [Cov:=========================>         73%][Progress:===============>              51%] [Cov:=========================>         73%][Progress:===============>              51%] [Cov:=========================>         73%][Progress:===============>              51%] [Cov:=========================>         73%][Progress:===============>              51%] [Cov:=========================>         73%][Progress:===============>              51%] [Cov:=========================>         73%][Progress:===============>              51%] [Cov:=========================>         73%][Progress:===============>              51%] [Cov:=========================>         73%][Progress:===============>              51%] [Cov:=========================>         73%][Progress:===============>              51%] [Cov:=========================>         73%][Progress:===============>              51%] [Cov:=========================>         73%][Progress:===============>              51%] [Cov:=========================>         73%][Progress:===============>              51%] [Cov:=========================>         73%][Progress:===============>              53%] [Cov:=========================>         73%][Progress:===============>              53%] [Cov:=========================>         73%][Progress:===============>              53%] [Cov:=========================>         73%][Progress:===============>              53%] [Cov:=========================>         73%][Progress:===============>              53%] [Cov:=========================>         73%][Progress:===============>              53%] [Cov:=========================>         73%][Progress:===============>              53%] [Cov:=========================>         73%][Progress:===============>              53%] [Cov:=========================>         73%][Progress:===============>              53%] [Cov:=========================>         73%][Progress:===============>              53%] [Cov:=========================>         73%][MASTER] 16:51:22.871 [logback-1] WARN  TestChromosome - Functional mock problem: org.evosuite.ga.ConstructionFailedException: Failed to add constructor for groovyjarjarasm.asm.commons.AnalyzerAdapter due to org.evosuite.ga.ConstructionFailedException: Failed to add constructor for groovyjarjarasm.asm.commons.GeneratorAdapter due to org.evosuite.ga.ConstructionFailedException: Failed to add constructor for groovyjarjarasm.asm.commons.CodeSizeEvaluator due to org.evosuite.ga.ConstructionFailedException: Failed to add constructor for groovyjarjarasm.asm.commons.LocalVariablesSorter due to org.evosuite.ga.ConstructionFailedException: Failed to add constructor for groovyjarjarasm.asm.commons.TryCatchBlockSorter due to org.evosuite.ga.ConstructionFailedException: Max recursion depth reached
[Progress:===============>              53%] [Cov:=========================>         73%][Progress:===============>              53%] [Cov:=========================>         73%][Progress:===============>              53%] [Cov:=========================>         73%][Progress:===============>              53%] [Cov:=========================>         73%][Progress:===============>              53%] [Cov:=========================>         73%][Progress:===============>              53%] [Cov:=========================>         73%][Progress:===============>              53%] [Cov:=========================>         73%][Progress:===============>              53%] [Cov:=========================>         73%][Progress:===============>              53%] [Cov:=========================>         73%][Progress:===============>              53%] [Cov:=========================>         73%][Progress:===============>              53%] [Cov:=========================>         73%][Progress:===============>              53%] [Cov:=========================>         73%][Progress:===============>              53%] [Cov:=========================>         73%][Progress:===============>              53%] [Cov:=========================>         73%][Progress:================>             55%] [Cov:=========================>         73%][Progress:================>             55%] [Cov:=========================>         73%][Progress:================>             55%] [Cov:=========================>         73%][Progress:================>             55%] [Cov:=========================>         73%][Progress:================>             55%] [Cov:=========================>         73%][Progress:================>             55%] [Cov:=========================>         73%][Progress:================>             55%] [Cov:=========================>         73%][Progress:================>             55%] [Cov:=========================>         73%][Progress:================>             55%] [Cov:=========================>         73%][Progress:================>             55%] [Cov:=========================>         73%][Progress:================>             55%] [Cov:=========================>         73%][Progress:================>             55%] [Cov:=========================>         73%][Progress:================>             55%] [Cov:=========================>         73%][Progress:================>             55%] [Cov:=========================>         73%][Progress:================>             55%] [Cov:=========================>         73%][Progress:================>             55%] [Cov:=========================>         73%][Progress:================>             55%] [Cov:=========================>         73%][Progress:================>             55%] [Cov:=========================>         73%][Progress:================>             55%] [Cov:=========================>         73%][Progress:================>             55%] [Cov:=========================>         73%][Progress:================>             55%] [Cov:=========================>         73%][Progress:================>             55%] [Cov:=========================>         73%][Progress:================>             55%] [Cov:=========================>         73%][MASTER] 16:51:24.330 [logback-1] WARN  TestChromosome - Functional mock problem: org.evosuite.ga.ConstructionFailedException: Failed to add constructor for groovyjarjarasm.asm.commons.AnalyzerAdapter due to org.evosuite.ga.ConstructionFailedException: Failed to add constructor for groovyjarjarasm.asm.commons.MethodRemapper due to org.evosuite.ga.ConstructionFailedException: Failed to add constructor for groovyjarjarasm.asm.commons.LocalVariablesSorter due to org.evosuite.ga.ConstructionFailedException: Failed to add constructor for groovyjarjarasm.asm.util.TraceMethodVisitor due to org.evosuite.ga.ConstructionFailedException: Failed to add constructor for groovyjarjarasm.asm.commons.TryCatchBlockSorter due to org.evosuite.ga.ConstructionFailedException: Max recursion depth reached
[Progress:================>             55%] [Cov:=========================>         73%][Progress:================>             55%] [Cov:=========================>         73%][Progress:================>             56%] [Cov:=========================>         73%][Progress:================>             56%] [Cov:=========================>         73%][Progress:================>             56%] [Cov:=========================>         73%][Progress:================>             56%] [Cov:=========================>         73%][Progress:================>             56%] [Cov:==========================>        75%][Progress:================>             56%] [Cov:==========================>        75%][MASTER] 16:51:24.617 [logback-1] WARN  TestChromosome - Functional mock problem: org.evosuite.ga.ConstructionFailedException: Failed to add constructor for groovyjarjarasm.asm.commons.AnalyzerAdapter due to org.evosuite.ga.ConstructionFailedException: Failed to add constructor for groovyjarjarasm.asm.commons.TryCatchBlockSorter due to org.evosuite.ga.ConstructionFailedException: Failed to add constructor for groovyjarjarasm.asm.commons.LocalVariablesSorter due to org.evosuite.ga.ConstructionFailedException: Failed to add constructor for groovyjarjarasm.asm.util.TraceMethodVisitor due to org.evosuite.ga.ConstructionFailedException: Failed to add constructor for groovyjarjarasm.asm.commons.InstructionAdapter due to org.evosuite.ga.ConstructionFailedException: Max recursion depth reached
[Progress:================>             56%] [Cov:==========================>        75%][Progress:================>             56%] [Cov:==========================>        75%][Progress:================>             56%] [Cov:==========================>        75%][Progress:================>             56%] [Cov:==========================>        75%][Progress:================>             56%] [Cov:==========================>        75%][Progress:================>             56%] [Cov:==========================>        75%][Progress:================>             56%] [Cov:==========================>        75%][Progress:================>             56%] [Cov:==========================>        75%][Progress:================>             56%] [Cov:==========================>        75%][Progress:================>             56%] [Cov:==========================>        75%][Progress:================>             56%] [Cov:==========================>        75%][Progress:================>             56%] [Cov:==========================>        75%][Progress:================>             56%] [Cov:=========================>         73%][Progress:================>             56%] [Cov:==========================>        75%][Progress:================>             56%] [Cov:==========================>        75%][Progress:================>             56%] [Cov:==========================>        75%][Progress:=================>            58%] [Cov:==========================>        75%][Progress:=================>            58%] [Cov:==========================>        75%][Progress:=================>            58%] [Cov:==========================>        75%][Progress:=================>            58%] [Cov:==========================>        75%][Progress:=================>            58%] [Cov:==========================>        75%][Progress:=================>            58%] [Cov:==========================>        75%][Progress:=================>            58%] [Cov:==========================>        75%][Progress:=================>            58%] [Cov:==========================>        75%][Progress:=================>            58%] [Cov:==========================>        75%][Progress:=================>            58%] [Cov:==========================>        75%][Progress:=================>            58%] [Cov:==========================>        75%][Progress:=================>            58%] [Cov:==========================>        75%][Progress:=================>            58%] [Cov:==========================>        75%][Progress:=================>            58%] [Cov:==========================>        75%][Progress:=================>            58%] [Cov:==========================>        75%][MASTER] 16:51:26.052 [logback-1] WARN  TestChromosome - Functional mock problem: org.evosuite.ga.ConstructionFailedException: Failed to add constructor for groovyjarjarasm.asm.commons.AnalyzerAdapter due to org.evosuite.ga.ConstructionFailedException: Failed to add constructor for groovyjarjarasm.asm.util.TraceMethodVisitor due to org.evosuite.ga.ConstructionFailedException: Failed to add constructor for groovyjarjarasm.asm.commons.GeneratorAdapter due to org.evosuite.ga.ConstructionFailedException: Failed to add constructor for groovyjarjarasm.asm.commons.LocalVariablesSorter due to org.evosuite.ga.ConstructionFailedException: Failed to add constructor for groovyjarjarasm.asm.util.TraceMethodVisitor due to org.evosuite.ga.ConstructionFailedException: Max recursion depth reached
[Progress:=================>            58%] [Cov:==========================>        75%][Progress:=================>            58%] [Cov:==========================>        75%][Progress:=================>            58%] [Cov:==========================>        75%][Progress:=================>            58%] [Cov:==========================>        75%][Progress:=================>            58%] [Cov:==========================>        75%][Progress:=================>            58%] [Cov:==========================>        75%][Progress:==================>           60%] [Cov:==========================>        75%][MASTER] 16:51:26.490 [logback-1] WARN  TestChromosome - Functional mock problem: org.evosuite.ga.ConstructionFailedException: Failed to add constructor for groovyjarjarasm.asm.commons.AnalyzerAdapter due to org.evosuite.ga.ConstructionFailedException: Failed to add constructor for groovyjarjarasm.asm.commons.MethodRemapper due to org.evosuite.ga.ConstructionFailedException: Failed to add constructor for groovyjarjarasm.asm.commons.JSRInlinerAdapter due to org.evosuite.ga.ConstructionFailedException: Failed to add constructor for groovyjarjarasm.asm.commons.LocalVariablesSorter due to org.evosuite.ga.ConstructionFailedException: Failed to add constructor for groovyjarjarasm.asm.commons.InstructionAdapter due to org.evosuite.ga.ConstructionFailedException: Max recursion depth reached
[Progress:==================>           60%] [Cov:==========================>        75%][Progress:==================>           60%] [Cov:==========================>        75%][MASTER] 16:51:26.643 [logback-1] WARN  TestChromosome - Functional mock problem: org.evosuite.ga.ConstructionFailedException: Failed to add constructor for groovyjarjarasm.asm.commons.AnalyzerAdapter due to org.evosuite.ga.ConstructionFailedException: Error: VariableReference: Statement 29, type groovyjarjarasm.asm.MethodVisitor is not assignable to class groovyjarjarasm.asm.MethodVisitor
[Progress:==================>           60%] [Cov:==========================>        75%][Progress:==================>           60%] [Cov:==========================>        75%][Progress:==================>           60%] [Cov:==========================>        75%][Progress:==================>           60%] [Cov:==========================>        75%][Progress:==================>           60%] [Cov:==========================>        75%][Progress:==================>           60%] [Cov:==========================>        75%][Progress:==================>           60%] [Cov:==========================>        75%][Progress:==================>           60%] [Cov:==========================>        75%][Progress:==================>           60%] [Cov:==========================>        75%][Progress:==================>           60%] [Cov:==========================>        75%][Progress:==================>           60%] [Cov:==========================>        75%][Progress:==================>           60%] [Cov:==========================>        75%][Progress:==================>           60%] [Cov:==========================>        75%][Progress:==================>           60%] [Cov:==========================>        75%][Progress:==================>           60%] [Cov:==========================>        75%][Progress:==================>           60%] [Cov:==========================>        75%][Progress:==================>           60%] [Cov:==========================>        75%][Progress:==================>           60%] [Cov:==========================>        75%][Progress:==================>           61%] [Cov:==========================>        75%][Progress:==================>           61%] [Cov:==========================>        75%][Progress:==================>           61%] [Cov:==========================>        75%][Progress:==================>           61%] [Cov:==========================>        75%][Progress:==================>           61%] [Cov:==========================>        75%][Progress:==================>           61%] [Cov:==========================>        75%][Progress:==================>           61%] [Cov:==========================>        75%][Progress:==================>           61%] [Cov:==========================>        75%][Progress:==================>           61%] [Cov:==========================>        75%][Progress:==================>           61%] [Cov:==========================>        75%][Progress:==================>           61%] [Cov:==========================>        75%][Progress:==================>           61%] [Cov:==========================>        75%][Progress:==================>           61%] [Cov:==========================>        75%][Progress:==================>           61%] [Cov:==========================>        75%][Progress:==================>           61%] [Cov:==========================>        75%][Progress:==================>           61%] [Cov:==========================>        75%][Progress:==================>           61%] [Cov:==========================>        75%][Progress:==================>           61%] [Cov:==========================>        75%][Progress:==================>           61%] [Cov:==========================>        75%][Progress:==================>           61%] [Cov:==========================>        75%][Progress:==================>           61%] [Cov:==========================>        75%][Progress:==================>           61%] [Cov:==========================>        75%][Progress:==================>           61%] [Cov:==========================>        75%][Progress:==================>           61%] [Cov:==========================>        75%][Progress:==================>           61%] [Cov:==========================>        75%][Progress:==================>           61%] [Cov:==========================>        75%][Progress:==================>           63%] [Cov:==========================>        75%][Progress:==================>           63%] [Cov:==========================>        75%][Progress:==================>           63%] [Cov:==========================>        75%][Progress:==================>           63%] [Cov:==========================>        75%][Progress:==================>           63%] [Cov:==========================>        75%][Progress:==================>           63%] [Cov:==========================>        75%][Progress:==================>           63%] [Cov:==========================>        75%][MASTER] 16:51:28.701 [logback-1] WARN  TestChromosome - Functional mock problem: org.evosuite.ga.ConstructionFailedException: Failed to add constructor for groovyjarjarasm.asm.commons.AnalyzerAdapter due to org.evosuite.ga.ConstructionFailedException: Failed to add constructor for org.codehaus.groovy.classgen.AsmClassGenerator due to org.evosuite.ga.ConstructionFailedException: Error: VariableReference: Statement 8, type groovyjarjarasm.asm.ClassWriter is not assignable to class groovyjarjarasm.asm.ClassVisitor
[Progress:==================>           63%] [Cov:==========================>        75%][Progress:==================>           63%] [Cov:==========================>        75%][Progress:==================>           63%] [Cov:==========================>        75%][Progress:==================>           63%] [Cov:==========================>        75%][Progress:==================>           63%] [Cov:==========================>        75%][Progress:==================>           63%] [Cov:==========================>        75%][Progress:==================>           63%] [Cov:==========================>        75%][Progress:==================>           63%] [Cov:==========================>        75%][Progress:==================>           63%] [Cov:==========================>        75%][Progress:==================>           63%] [Cov:==========================>        75%][Progress:==================>           63%] [Cov:==========================>        75%][Progress:==================>           63%] [Cov:==========================>        75%][Progress:==================>           63%] [Cov:==========================>        75%][MASTER] 16:51:29.180 [logback-1] WARN  TestChromosome - Functional mock problem: org.evosuite.ga.ConstructionFailedException: Failed to add constructor for groovyjarjarasm.asm.commons.AnalyzerAdapter due to org.evosuite.ga.ConstructionFailedException: Failed to add constructor for groovyjarjarasm.asm.commons.MethodRemapper due to org.evosuite.ga.ConstructionFailedException: Failed to add constructor for groovyjarjarasm.asm.util.TraceMethodVisitor due to org.evosuite.ga.ConstructionFailedException: Failed to add constructor for groovyjarjarasm.asm.commons.JSRInlinerAdapter due to org.evosuite.ga.ConstructionFailedException: Failed to add constructor for groovyjarjarasm.asm.commons.GeneratorAdapter due to org.evosuite.ga.ConstructionFailedException: Max recursion depth reached
[Progress:==================>           63%] [Cov:==========================>        75%][MASTER] 16:51:29.248 [logback-1] WARN  TestChromosome - Functional mock problem: org.evosuite.ga.ConstructionFailedException: Failed to add constructor for groovyjarjarasm.asm.commons.AnalyzerAdapter due to org.evosuite.ga.ConstructionFailedException: Failed to add constructor for groovyjarjarasm.asm.commons.LocalVariablesSorter due to org.evosuite.ga.ConstructionFailedException: Failed to add constructor for groovyjarjarasm.asm.util.TraceMethodVisitor due to org.evosuite.ga.ConstructionFailedException: Failed to add constructor for groovyjarjarasm.asm.commons.GeneratorAdapter due to org.evosuite.ga.ConstructionFailedException: Have no generator for class java.lang.reflect.Method canUseFunctionalMocks=true, canBeMocked: false
[Progress:==================>           63%] [Cov:==========================>        75%][Progress:==================>           63%] [Cov:==========================>        75%][MASTER] 16:51:29.311 [logback-1] WARN  TestChromosome - Functional mock problem: org.evosuite.ga.ConstructionFailedException: Failed to add constructor for groovyjarjarasm.asm.commons.AnalyzerAdapter due to org.evosuite.ga.ConstructionFailedException: Failed to add constructor for groovyjarjarasm.asm.commons.GeneratorAdapter due to org.evosuite.ga.ConstructionFailedException: Failed to add constructor for groovyjarjarasm.asm.util.TraceMethodVisitor due to org.evosuite.ga.ConstructionFailedException: Failed to add constructor for groovyjarjarasm.asm.commons.CodeSizeEvaluator due to org.evosuite.ga.ConstructionFailedException: Failed to add constructor for groovyjarjarasm.asm.commons.MethodRemapper due to org.evosuite.ga.ConstructionFailedException: Max recursion depth reached
[Progress:==================>           63%] [Cov:==========================>        75%][Progress:===================>          65%] [Cov:==========================>        75%][Progress:===================>          65%] [Cov:==========================>        75%][Progress:===================>          65%] [Cov:==========================>        75%][Progress:===================>          65%] [Cov:==========================>        75%][Progress:===================>          65%] [Cov:==========================>        75%][Progress:===================>          65%] [Cov:==========================>        75%][Progress:===================>          65%] [Cov:==========================>        75%][Progress:===================>          65%] [Cov:==========================>        75%][Progress:===================>          65%] [Cov:==========================>        75%][Progress:===================>          65%] [Cov:==========================>        75%][Progress:===================>          65%] [Cov:==========================>        75%][Progress:===================>          65%] [Cov:==========================>        75%][MASTER] 16:51:29.877 [logback-1] WARN  TestChromosome - Functional mock problem: org.evosuite.ga.ConstructionFailedException: Failed to add constructor for groovyjarjarasm.asm.commons.AnalyzerAdapter due to org.evosuite.ga.ConstructionFailedException: Error: VariableReference: Statement 20, type groovyjarjarasm.asm.MethodVisitor is not assignable to class groovyjarjarasm.asm.MethodVisitor
[Progress:===================>          65%] [Cov:==========================>        75%][Progress:===================>          65%] [Cov:==========================>        75%][Progress:===================>          65%] [Cov:==========================>        75%][Progress:===================>          65%] [Cov:==========================>        75%][Progress:===================>          65%] [Cov:==========================>        75%][Progress:===================>          65%] [Cov:==========================>        75%][Progress:===================>          65%] [Cov:==========================>        75%][Progress:===================>          65%] [Cov:==========================>        75%][Progress:===================>          65%] [Cov:==========================>        75%][Progress:===================>          65%] [Cov:==========================>        75%][Progress:===================>          65%] [Cov:==========================>        75%][Progress:===================>          65%] [Cov:==========================>        75%][Progress:===================>          65%] [Cov:==========================>        75%][Progress:===================>          65%] [Cov:==========================>        75%][Progress:===================>          66%] [Cov:==========================>        75%][Progress:===================>          66%] [Cov:==========================>        75%][Progress:===================>          66%] [Cov:==========================>        75%][Progress:===================>          66%] [Cov:==========================>        75%][Progress:===================>          66%] [Cov:==========================>        75%][Progress:===================>          66%] [Cov:==========================>        75%][Progress:===================>          66%] [Cov:==========================>        75%][Progress:===================>          66%] [Cov:==========================>        75%][Progress:===================>          66%] [Cov:==========================>        75%][Progress:===================>          66%] [Cov:==========================>        75%][Progress:===================>          66%] [Cov:==========================>        75%][Progress:===================>          66%] [Cov:==========================>        75%][Progress:===================>          66%] [Cov:==========================>        75%][Progress:===================>          66%] [Cov:==========================>        75%][Progress:===================>          66%] [Cov:==========================>        75%][Progress:===================>          66%] [Cov:==========================>        75%][Progress:===================>          66%] [Cov:==========================>        75%][Progress:===================>          66%] [Cov:==========================>        75%][Progress:===================>          66%] [Cov:==========================>        75%][Progress:===================>          66%] [Cov:==========================>        75%][Progress:===================>          66%] [Cov:==========================>        75%][Progress:===================>          66%] [Cov:==========================>        75%][Progress:===================>          66%] [Cov:==========================>        75%][Progress:===================>          66%] [Cov:==========================>        75%][Progress:===================>          66%] [Cov:==========================>        75%][Progress:===================>          66%] [Cov:==========================>        75%][Progress:===================>          66%] [Cov:==========================>        75%][Progress:====================>         68%] [Cov:==========================>        75%][Progress:====================>         68%] [Cov:==========================>        75%][Progress:====================>         68%] [Cov:==========================>        75%][Progress:====================>         68%] [Cov:==========================>        75%][Progress:====================>         68%] [Cov:==========================>        75%][Progress:====================>         68%] [Cov:==========================>        75%][Progress:====================>         68%] [Cov:==========================>        75%][Progress:====================>         68%] [Cov:==========================>        75%][Progress:====================>         68%] [Cov:==========================>        75%][Progress:====================>         68%] [Cov:==========================>        75%][Progress:====================>         68%] [Cov:==========================>        75%][MASTER] 16:51:31.794 [logback-1] WARN  TestChromosome - Functional mock problem: org.evosuite.ga.ConstructionFailedException: Failed to add constructor for groovyjarjarasm.asm.commons.AnalyzerAdapter due to org.evosuite.ga.ConstructionFailedException: Failed to add constructor for groovyjarjarasm.asm.commons.TryCatchBlockSorter due to org.evosuite.ga.ConstructionFailedException: Failed to add constructor for groovyjarjarasm.asm.commons.LocalVariablesSorter due to org.evosuite.ga.ConstructionFailedException: Failed to add constructor for groovyjarjarasm.asm.commons.GeneratorAdapter due to org.evosuite.ga.ConstructionFailedException: Failed to add constructor for groovyjarjarasm.asm.ClassWriter due to org.evosuite.ga.ConstructionFailedException: Max recursion depth reached
[Progress:====================>         68%] [Cov:==========================>        75%][Progress:====================>         68%] [Cov:==========================>        75%][Progress:====================>         68%] [Cov:==========================>        75%][Progress:====================>         68%] [Cov:==========================>        75%][Progress:====================>         68%] [Cov:==========================>        75%][Progress:====================>         68%] [Cov:==========================>        75%][Progress:====================>         68%] [Cov:==========================>        75%][Progress:====================>         68%] [Cov:==========================>        75%][Progress:====================>         68%] [Cov:==========================>        75%][Progress:====================>         68%] [Cov:==========================>        75%][Progress:====================>         68%] [Cov:==========================>        75%][Progress:====================>         68%] [Cov:==========================>        75%][Progress:====================>         68%] [Cov:==========================>        75%][MASTER] 16:51:32.316 [logback-1] WARN  TestChromosome - Functional mock problem: org.evosuite.ga.ConstructionFailedException: Failed to add constructor for groovyjarjarasm.asm.commons.AnalyzerAdapter due to org.evosuite.ga.ConstructionFailedException: Failed to add constructor for groovyjarjarasm.asm.commons.GeneratorAdapter due to org.evosuite.ga.ConstructionFailedException: Failed to add constructor for groovyjarjarasm.asm.commons.GeneratorAdapter due to org.evosuite.ga.ConstructionFailedException: Failed to add constructor for groovyjarjarasm.asm.ClassWriter due to org.evosuite.ga.ConstructionFailedException: Failed to add constructor for groovyjarjarasm.asm.ClassReader due to org.evosuite.ga.ConstructionFailedException: Max recursion depth reached
[Progress:====================>         68%] [Cov:==========================>        75%][Progress:====================>         68%] [Cov:==========================>        75%][Progress:====================>         68%] [Cov:==========================>        75%][Progress:=====================>        70%] [Cov:==========================>        75%][Progress:=====================>        70%] [Cov:==========================>        75%][Progress:=====================>        70%] [Cov:==========================>        75%][Progress:=====================>        70%] [Cov:==========================>        75%][Progress:=====================>        70%] [Cov:==========================>        75%][Progress:=====================>        70%] [Cov:==========================>        75%][Progress:=====================>        70%] [Cov:==========================>        75%][Progress:=====================>        70%] [Cov:==========================>        75%][Progress:=====================>        70%] [Cov:==========================>        75%][Progress:=====================>        70%] [Cov:==========================>        75%][Progress:=====================>        70%] [Cov:==========================>        75%][Progress:=====================>        70%] [Cov:==========================>        75%][Progress:=====================>        70%] [Cov:==========================>        75%][Progress:=====================>        70%] [Cov:==========================>        75%][Progress:=====================>        70%] [Cov:==========================>        75%][MASTER] 16:51:33.138 [logback-1] WARN  TestChromosome - Functional mock problem: org.evosuite.ga.ConstructionFailedException: Failed to add constructor for groovyjarjarasm.asm.commons.AnalyzerAdapter due to org.evosuite.ga.ConstructionFailedException: Failed to add constructor for groovyjarjarasm.asm.commons.GeneratorAdapter due to org.evosuite.ga.ConstructionFailedException: Failed to add constructor for groovyjarjarasm.asm.commons.GeneratorAdapter due to org.evosuite.ga.ConstructionFailedException: Have no generator for java.lang.reflect.Constructor<org.codehaus.groovy.runtime.callsite.CallSiteArray> canUseFunctionalMocks=true, canBeMocked: false
[Progress:=====================>        70%] [Cov:==========================>        75%][Progress:=====================>        70%] [Cov:==========================>        75%][Progress:=====================>        70%] [Cov:==========================>        75%][Progress:=====================>        70%] [Cov:==========================>        75%][MASTER] 16:51:33.339 [logback-1] WARN  TestChromosome - Functional mock problem: org.evosuite.ga.ConstructionFailedException: Failed to add constructor for groovyjarjarasm.asm.commons.AnalyzerAdapter due to org.evosuite.ga.ConstructionFailedException: Failed to add constructor for org.codehaus.groovy.classgen.AsmClassGenerator due to org.evosuite.ga.ConstructionFailedException: Failed to add constructor for org.codehaus.groovy.control.SourceUnit due to org.evosuite.ga.ConstructionFailedException: Failed to add constructor for org.evosuite.runtime.mock.java.io.MockFile due to org.evosuite.ga.ConstructionFailedException: Max recursion depth reached
[Progress:=====================>        70%] [Cov:==========================>        75%][Progress:=====================>        71%] [Cov:==========================>        75%][Progress:=====================>        71%] [Cov:==========================>        75%][Progress:=====================>        71%] [Cov:==========================>        75%][Progress:=====================>        71%] [Cov:==========================>        75%][Progress:=====================>        71%] [Cov:==========================>        75%][Progress:=====================>        71%] [Cov:==========================>        75%][Progress:=====================>        71%] [Cov:==========================>        75%][Progress:=====================>        71%] [Cov:==========================>        75%][Progress:=====================>        71%] [Cov:==========================>        75%][Progress:=====================>        71%] [Cov:==========================>        75%][Progress:=====================>        71%] [Cov:==========================>        75%][Progress:=====================>        71%] [Cov:==========================>        75%][Progress:=====================>        71%] [Cov:==========================>        75%][Progress:=====================>        71%] [Cov:==========================>        75%][Progress:=====================>        71%] [Cov:==========================>        75%][Progress:=====================>        71%] [Cov:==========================>        75%][Progress:=====================>        71%] [Cov:==========================>        75%][Progress:=====================>        71%] [Cov:==========================>        75%][Progress:=====================>        71%] [Cov:==========================>        75%][Progress:=====================>        71%] [Cov:==========================>        75%][MASTER] 16:51:34.182 [logback-1] WARN  TestChromosome - Functional mock problem: org.evosuite.ga.ConstructionFailedException: Failed to add constructor for groovyjarjarasm.asm.commons.AnalyzerAdapter due to org.evosuite.ga.ConstructionFailedException: Failed to add constructor for groovyjarjarasm.asm.commons.TryCatchBlockSorter due to org.evosuite.ga.ConstructionFailedException: Failed to add constructor for groovyjarjarasm.asm.commons.LocalVariablesSorter due to org.evosuite.ga.ConstructionFailedException: Failed to add constructor for groovyjarjarasm.asm.commons.GeneratorAdapter due to org.evosuite.ga.ConstructionFailedException: Failed to add constructor for groovyjarjarasm.asm.commons.Method due to org.evosuite.ga.ConstructionFailedException: Max recursion depth reached
[Progress:=====================>        71%] [Cov:==========================>        75%][Progress:=====================>        71%] [Cov:==========================>        75%][Progress:=====================>        71%] [Cov:==========================>        75%][Progress:=====================>        71%] [Cov:==========================>        75%][Progress:=====================>        71%] [Cov:==========================>        75%][Progress:=====================>        73%] [Cov:==========================>        75%][Progress:=====================>        73%] [Cov:==========================>        75%][Progress:=====================>        73%] [Cov:==========================>        75%][Progress:=====================>        73%] [Cov:==========================>        75%][Progress:=====================>        73%] [Cov:==========================>        75%][Progress:=====================>        73%] [Cov:==========================>        75%][Progress:=====================>        73%] [Cov:==========================>        75%][Progress:=====================>        73%] [Cov:==========================>        75%][Progress:=====================>        73%] [Cov:==========================>        75%][Progress:=====================>        73%] [Cov:==========================>        75%][Progress:=====================>        73%] [Cov:==========================>        75%][Progress:=====================>        73%] [Cov:==========================>        75%][Progress:=====================>        73%] [Cov:==========================>        75%][Progress:=====================>        73%] [Cov:==========================>        75%][Progress:=====================>        73%] [Cov:==========================>        75%][Progress:=====================>        73%] [Cov:==========================>        75%][Progress:=====================>        73%] [Cov:==========================>        75%][Progress:=====================>        73%] [Cov:==========================>        75%][Progress:======================>       75%] [Cov:==========================>        75%][Progress:======================>       75%] [Cov:==========================>        75%][Progress:======================>       75%] [Cov:==========================>        75%][Progress:======================>       75%] [Cov:==========================>        75%][Progress:======================>       75%] [Cov:==========================>        75%][Progress:======================>       75%] [Cov:==========================>        75%][Progress:======================>       75%] [Cov:==========================>        75%][Progress:======================>       75%] [Cov:==========================>        75%][Progress:======================>       75%] [Cov:==========================>        75%][Progress:======================>       75%] [Cov:==========================>        75%][Progress:======================>       75%] [Cov:==========================>        75%][MASTER] 16:51:36.361 [logback-1] WARN  TestChromosome - Functional mock problem: org.evosuite.ga.ConstructionFailedException: Failed to add constructor for groovyjarjarasm.asm.commons.AnalyzerAdapter due to org.evosuite.ga.ConstructionFailedException: Failed to add constructor for groovyjarjarasm.asm.commons.GeneratorAdapter due to org.evosuite.ga.ConstructionFailedException: Failed to add constructor for groovyjarjarasm.asm.commons.LocalVariablesSorter due to org.evosuite.ga.ConstructionFailedException: Failed to add constructor for groovyjarjarasm.asm.commons.GeneratorAdapter due to org.evosuite.ga.ConstructionFailedException: Have no generator for class java.lang.reflect.Method canUseFunctionalMocks=true, canBeMocked: false
[Progress:======================>       75%] [Cov:==========================>        75%][Progress:======================>       76%] [Cov:==========================>        75%][Progress:======================>       76%] [Cov:==========================>        75%][Progress:======================>       76%] [Cov:==========================>        75%][MASTER] 16:51:36.512 [logback-1] WARN  TestChromosome - Functional mock problem: org.evosuite.ga.ConstructionFailedException: Failed to add constructor for groovyjarjarasm.asm.commons.AnalyzerAdapter due to org.evosuite.ga.ConstructionFailedException: Failed to add constructor for org.codehaus.groovy.classgen.AsmClassGenerator due to org.evosuite.ga.ConstructionFailedException: Failed to add constructor for org.codehaus.groovy.control.SourceUnit due to org.evosuite.ga.ConstructionFailedException: Failed to add constructor for org.codehaus.groovy.control.io.FileReaderSource due to org.evosuite.ga.ConstructionFailedException: Max recursion depth reached
[Progress:======================>       76%] [Cov:==========================>        75%][Progress:======================>       76%] [Cov:==========================>        75%][Progress:======================>       76%] [Cov:==========================>        75%][Progress:======================>       76%] [Cov:==========================>        75%][Progress:======================>       76%] [Cov:==========================>        75%][Progress:======================>       76%] [Cov:==========================>        75%][MASTER] 16:51:36.740 [logback-1] WARN  TestChromosome - Functional mock problem: org.evosuite.ga.ConstructionFailedException: Failed to add constructor for groovyjarjarasm.asm.commons.AnalyzerAdapter due to org.evosuite.ga.ConstructionFailedException: Failed to add constructor for groovyjarjarasm.asm.util.TraceMethodVisitor due to org.evosuite.ga.ConstructionFailedException: Failed to add constructor for groovyjarjarasm.asm.commons.GeneratorAdapter due to org.evosuite.ga.ConstructionFailedException: Failed to add constructor for groovyjarjarasm.asm.commons.JSRInlinerAdapter due to org.evosuite.ga.ConstructionFailedException: Failed to add constructor for groovyjarjarasm.asm.commons.TryCatchBlockSorter due to org.evosuite.ga.ConstructionFailedException: Max recursion depth reached
[Progress:======================>       76%] [Cov:==========================>        75%][Progress:======================>       76%] [Cov:==========================>        75%][Progress:======================>       76%] [Cov:==========================>        75%][MASTER] 16:51:36.852 [logback-1] WARN  TestChromosome - Functional mock problem: org.evosuite.ga.ConstructionFailedException: Failed to add constructor for groovyjarjarasm.asm.commons.AnalyzerAdapter due to org.evosuite.ga.ConstructionFailedException: Failed to add constructor for groovyjarjarasm.asm.commons.InstructionAdapter due to org.evosuite.ga.ConstructionFailedException: Failed to add constructor for groovyjarjarasm.asm.util.TraceMethodVisitor due to org.evosuite.ga.ConstructionFailedException: Failed to add constructor for groovyjarjarasm.asm.commons.JSRInlinerAdapter due to org.evosuite.ga.ConstructionFailedException: Failed to add constructor for groovyjarjarasm.asm.commons.LocalVariablesSorter due to org.evosuite.ga.ConstructionFailedException: Max recursion depth reached
[Progress:======================>       76%] [Cov:==========================>        75%][Progress:======================>       76%] [Cov:==========================>        75%][Progress:======================>       76%] [Cov:==========================>        75%][Progress:======================>       76%] [Cov:==========================>        75%][Progress:======================>       76%] [Cov:==========================>        75%][Progress:======================>       76%] [Cov:==========================>        75%][Progress:======================>       76%] [Cov:==========================>        75%][Progress:======================>       76%] [Cov:==========================>        75%][Progress:======================>       76%] [Cov:==========================>        75%][Progress:======================>       76%] [Cov:==========================>        75%][Progress:======================>       76%] [Cov:==========================>        75%][Progress:======================>       76%] [Cov:==========================>        75%][Progress:======================>       76%] [Cov:==========================>        75%][Progress:=======================>      78%] [Cov:==========================>        75%][Progress:=======================>      78%] [Cov:==========================>        75%][Progress:=======================>      78%] [Cov:==========================>        75%][MASTER] 16:51:37.589 [logback-1] WARN  TestChromosome - Functional mock problem: org.evosuite.ga.ConstructionFailedException: Failed to add constructor for groovyjarjarasm.asm.commons.AnalyzerAdapter due to org.evosuite.ga.ConstructionFailedException: Failed to add constructor for groovyjarjarasm.asm.commons.JSRInlinerAdapter due to org.evosuite.ga.ConstructionFailedException: Failed to add constructor for groovyjarjarasm.asm.commons.CodeSizeEvaluator due to org.evosuite.ga.ConstructionFailedException: Failed to add constructor for groovyjarjarasm.asm.commons.GeneratorAdapter due to org.evosuite.ga.ConstructionFailedException: Have no generator for class java.lang.reflect.Method canUseFunctionalMocks=true, canBeMocked: false
[Progress:=======================>      78%] [Cov:==========================>        75%][Progress:=======================>      78%] [Cov:==========================>        75%][Progress:=======================>      78%] [Cov:==========================>        75%][Progress:=======================>      78%] [Cov:==========================>        75%][Progress:=======================>      78%] [Cov:==========================>        75%][MASTER] 16:51:37.830 [logback-1] WARN  TestChromosome - Functional mock problem: org.evosuite.ga.ConstructionFailedException: Failed to add constructor for groovyjarjarasm.asm.commons.AnalyzerAdapter due to org.evosuite.ga.ConstructionFailedException: Failed to add constructor for groovyjarjarasm.asm.commons.JSRInlinerAdapter due to org.evosuite.ga.ConstructionFailedException: Failed to add constructor for groovyjarjarasm.asm.commons.LocalVariablesSorter due to org.evosuite.ga.ConstructionFailedException: Failed to add constructor for groovyjarjarasm.asm.commons.CodeSizeEvaluator due to org.evosuite.ga.ConstructionFailedException: Failed to add constructor for groovyjarjarasm.asm.commons.GeneratorAdapter due to org.evosuite.ga.ConstructionFailedException: Max recursion depth reached
[Progress:=======================>      78%] [Cov:==========================>        75%][MASTER] 16:51:37.875 [logback-1] WARN  TestChromosome - Functional mock problem: org.evosuite.ga.ConstructionFailedException: Failed to add constructor for groovyjarjarasm.asm.commons.AnalyzerAdapter due to org.evosuite.ga.ConstructionFailedException: Failed to add constructor for groovyjarjarasm.asm.commons.CodeSizeEvaluator due to org.evosuite.ga.ConstructionFailedException: Failed to add constructor for groovyjarjarasm.asm.commons.GeneratorAdapter due to org.evosuite.ga.ConstructionFailedException: Have no generator for class java.lang.reflect.Method canUseFunctionalMocks=true, canBeMocked: false
[Progress:=======================>      78%] [Cov:==========================>        75%][Progress:=======================>      78%] [Cov:==========================>        75%][Progress:=======================>      78%] [Cov:==========================>        75%][Progress:=======================>      78%] [Cov:==========================>        75%][Progress:=======================>      78%] [Cov:==========================>        75%][Progress:=======================>      78%] [Cov:==========================>        75%][Progress:=======================>      78%] [Cov:==========================>        75%][Progress:=======================>      78%] [Cov:==========================>        75%][Progress:=======================>      78%] [Cov:==========================>        75%][Progress:=======================>      78%] [Cov:==========================>        75%][MASTER] 16:51:38.277 [logback-1] WARN  TestChromosome - Functional mock problem: org.evosuite.ga.ConstructionFailedException: Failed to add constructor for groovyjarjarasm.asm.commons.AnalyzerAdapter due to org.evosuite.ga.ConstructionFailedException: Failed to add constructor for org.codehaus.groovy.classgen.AsmClassGenerator due to org.evosuite.ga.ConstructionFailedException: Failed to add constructor for org.codehaus.groovy.control.SourceUnit due to org.evosuite.ga.ConstructionFailedException: Failed to add constructor for org.codehaus.groovy.control.io.StringReaderSource due to org.evosuite.ga.ConstructionFailedException: Max recursion depth reached
[MASTER] 16:51:38.302 [logback-1] WARN  TestChromosome - Functional mock problem: org.evosuite.ga.ConstructionFailedException: Failed to add constructor for groovyjarjarasm.asm.commons.AnalyzerAdapter due to org.evosuite.ga.ConstructionFailedException: Failed to add constructor for groovyjarjarasm.asm.util.TraceMethodVisitor due to org.evosuite.ga.ConstructionFailedException: Failed to add constructor for groovyjarjarasm.asm.commons.MethodRemapper due to org.evosuite.ga.ConstructionFailedException: Failed to add constructor for groovyjarjarasm.asm.commons.InstructionAdapter due to org.evosuite.ga.ConstructionFailedException: Failed to add constructor for groovyjarjarasm.asm.commons.GeneratorAdapter due to org.evosuite.ga.ConstructionFailedException: Max recursion depth reached
[Progress:=======================>      78%] [Cov:==========================>        75%][Progress:=======================>      78%] [Cov:==========================>        75%][Progress:========================>     80%] [Cov:==========================>        75%][MASTER] 16:51:38.466 [logback-1] WARN  TestChromosome - Functional mock problem: org.evosuite.ga.ConstructionFailedException: Failed to add constructor for groovyjarjarasm.asm.commons.AnalyzerAdapter due to org.evosuite.ga.ConstructionFailedException: Failed to add constructor for groovyjarjarasm.asm.commons.JSRInlinerAdapter due to org.evosuite.ga.ConstructionFailedException: Failed to add constructor for groovyjarjarasm.asm.util.TraceMethodVisitor due to org.evosuite.ga.ConstructionFailedException: Failed to add constructor for groovyjarjarasm.asm.commons.InstructionAdapter due to org.evosuite.ga.ConstructionFailedException: Failed to add constructor for groovyjarjarasm.asm.util.TraceMethodVisitor due to org.evosuite.ga.ConstructionFailedException: Max recursion depth reached
[Progress:========================>     80%] [Cov:==========================>        75%][Progress:========================>     80%] [Cov:==========================>        75%][Progress:========================>     80%] [Cov:==========================>        75%][MASTER] 16:51:38.569 [logback-1] WARN  TestChromosome - Functional mock problem: org.evosuite.ga.ConstructionFailedException: Failed to add constructor for groovyjarjarasm.asm.commons.AnalyzerAdapter due to org.evosuite.ga.ConstructionFailedException: Failed to add constructor for groovyjarjarasm.asm.commons.LocalVariablesSorter due to org.evosuite.ga.ConstructionFailedException: Failed to add constructor for groovyjarjarasm.asm.commons.GeneratorAdapter due to org.evosuite.ga.ConstructionFailedException: Have no generator for java.lang.reflect.Constructor<java.io.SequenceInputStream> canUseFunctionalMocks=true, canBeMocked: false
[Progress:========================>     80%] [Cov:==========================>        75%][Progress:========================>     80%] [Cov:==========================>        75%][Progress:========================>     80%] [Cov:==========================>        75%][Progress:========================>     80%] [Cov:==========================>        75%][Progress:========================>     80%] [Cov:==========================>        75%][Progress:========================>     80%] [Cov:==========================>        75%][Progress:========================>     80%] [Cov:==========================>        75%][Progress:========================>     80%] [Cov:==========================>        75%][Progress:========================>     80%] [Cov:==========================>        75%][Progress:========================>     80%] [Cov:==========================>        75%][Progress:========================>     80%] [Cov:==========================>        75%][Progress:========================>     80%] [Cov:==========================>        75%][MASTER] 16:51:39.147 [logback-1] WARN  TestChromosome - Functional mock problem: org.evosuite.ga.ConstructionFailedException: Failed to add constructor for groovyjarjarasm.asm.commons.AnalyzerAdapter due to org.evosuite.ga.ConstructionFailedException: Failed to add constructor for groovyjarjarasm.asm.commons.CodeSizeEvaluator due to org.evosuite.ga.ConstructionFailedException: Failed to add constructor for groovyjarjarasm.asm.commons.InstructionAdapter due to org.evosuite.ga.ConstructionFailedException: Failed to add constructor for groovyjarjarasm.asm.commons.MethodRemapper due to org.evosuite.ga.ConstructionFailedException: Failed to add constructor for groovyjarjarasm.asm.util.TraceMethodVisitor due to org.evosuite.ga.ConstructionFailedException: Max recursion depth reached
[Progress:========================>     80%] [Cov:==========================>        75%][Progress:========================>     80%] [Cov:==========================>        75%][Progress:========================>     80%] [Cov:==========================>        75%][MASTER] 16:51:39.344 [logback-1] WARN  TestChromosome - Functional mock problem: org.evosuite.ga.ConstructionFailedException: Failed to add constructor for groovyjarjarasm.asm.commons.AnalyzerAdapter due to org.evosuite.ga.ConstructionFailedException: Failed to add constructor for groovyjarjarasm.asm.commons.GeneratorAdapter due to org.evosuite.ga.ConstructionFailedException: Failed to add constructor for groovyjarjarasm.asm.commons.CodeSizeEvaluator due to org.evosuite.ga.ConstructionFailedException: Failed to add constructor for groovyjarjarasm.asm.commons.GeneratorAdapter due to org.evosuite.ga.ConstructionFailedException: Failed to add constructor for groovyjarjarasm.asm.ClassWriter due to org.evosuite.ga.ConstructionFailedException: Max recursion depth reached
[Progress:========================>     80%] [Cov:==========================>        75%][Progress:========================>     80%] [Cov:==========================>        75%][Progress:========================>     81%] [Cov:==========================>        75%][Progress:========================>     81%] [Cov:==========================>        75%][Progress:========================>     81%] [Cov:==========================>        75%][Progress:========================>     81%] [Cov:==========================>        75%][Progress:========================>     81%] [Cov:==========================>        75%][Progress:========================>     81%] [Cov:==========================>        75%][MASTER] 16:51:39.713 [logback-1] WARN  TestChromosome - Functional mock problem: org.evosuite.ga.ConstructionFailedException: Failed to add constructor for groovyjarjarasm.asm.commons.AnalyzerAdapter due to org.evosuite.ga.ConstructionFailedException: Failed to add constructor for groovyjarjarasm.asm.commons.CodeSizeEvaluator due to org.evosuite.ga.ConstructionFailedException: Failed to add constructor for groovyjarjarasm.asm.commons.GeneratorAdapter due to org.evosuite.ga.ConstructionFailedException: Failed to add constructor for groovyjarjarasm.asm.util.TraceMethodVisitor due to org.evosuite.ga.ConstructionFailedException: Failed to add constructor for groovyjarjarasm.asm.commons.GeneratorAdapter due to org.evosuite.ga.ConstructionFailedException: Max recursion depth reached
[Progress:========================>     81%] [Cov:==========================>        75%][Progress:========================>     81%] [Cov:==========================>        75%][Progress:========================>     81%] [Cov:==========================>        75%][Progress:========================>     81%] [Cov:==========================>        75%][Progress:========================>     81%] [Cov:==========================>        75%][Progress:========================>     81%] [Cov:==========================>        75%][MASTER] 16:51:39.963 [logback-1] WARN  TestChromosome - Functional mock problem: org.evosuite.ga.ConstructionFailedException: Failed to add constructor for groovyjarjarasm.asm.commons.AnalyzerAdapter due to org.evosuite.ga.ConstructionFailedException: Failed to add constructor for groovyjarjarasm.asm.commons.LocalVariablesSorter due to org.evosuite.ga.ConstructionFailedException: Failed to add constructor for groovyjarjarasm.asm.commons.GeneratorAdapter due to org.evosuite.ga.ConstructionFailedException: Failed to add constructor for groovyjarjarasm.asm.commons.Method due to org.evosuite.ga.ConstructionFailedException: Have no generator for java.lang.reflect.Constructor<org.codehaus.groovy.runtime.callsite.CallSiteArray> canUseFunctionalMocks=true, canBeMocked: false
[Progress:========================>     81%] [Cov:==========================>        75%][Progress:========================>     81%] [Cov:==========================>        75%][Progress:========================>     81%] [Cov:==========================>        75%][Progress:========================>     81%] [Cov:==========================>        75%][Progress:========================>     81%] [Cov:==========================>        75%][Progress:========================>     81%] [Cov:==========================>        75%][Progress:========================>     81%] [Cov:==========================>        75%][MASTER] 16:51:40.312 [logback-1] WARN  TestChromosome - Functional mock problem: org.evosuite.ga.ConstructionFailedException: Failed to add constructor for groovyjarjarasm.asm.commons.AnalyzerAdapter due to org.evosuite.ga.ConstructionFailedException: Failed to add constructor for groovyjarjarasm.asm.commons.LocalVariablesSorter due to org.evosuite.ga.ConstructionFailedException: Failed to add constructor for groovyjarjarasm.asm.commons.InstructionAdapter due to org.evosuite.ga.ConstructionFailedException: Failed to add constructor for groovyjarjarasm.asm.commons.JSRInlinerAdapter due to org.evosuite.ga.ConstructionFailedException: Failed to add constructor for groovyjarjarasm.asm.commons.GeneratorAdapter due to org.evosuite.ga.ConstructionFailedException: Max recursion depth reached
[Progress:========================>     81%] [Cov:==========================>        75%][Progress:========================>     81%] [Cov:==========================>        75%][Progress:========================>     83%] [Cov:==========================>        75%][MASTER] 16:51:40.452 [logback-1] WARN  TestChromosome - Functional mock problem: org.evosuite.ga.ConstructionFailedException: Failed to add constructor for groovyjarjarasm.asm.commons.AnalyzerAdapter due to org.evosuite.ga.ConstructionFailedException: Failed to add constructor for groovyjarjarasm.asm.commons.CodeSizeEvaluator due to org.evosuite.ga.ConstructionFailedException: Failed to add constructor for groovyjarjarasm.asm.commons.GeneratorAdapter due to org.evosuite.ga.ConstructionFailedException: Failed to add constructor for groovyjarjarasm.asm.commons.TryCatchBlockSorter due to org.evosuite.ga.ConstructionFailedException: Failed to add constructor for groovyjarjarasm.asm.commons.LocalVariablesSorter due to org.evosuite.ga.ConstructionFailedException: Max recursion depth reached
[Progress:========================>     83%] [Cov:==========================>        75%][Progress:========================>     83%] [Cov:==========================>        75%][Progress:========================>     83%] [Cov:==========================>        75%][MASTER] 16:51:40.580 [logback-1] WARN  TestChromosome - Functional mock problem: org.evosuite.ga.ConstructionFailedException: Failed to add constructor for groovyjarjarasm.asm.commons.AnalyzerAdapter due to org.evosuite.ga.ConstructionFailedException: Failed to add constructor for groovyjarjarasm.asm.commons.TryCatchBlockSorter due to org.evosuite.ga.ConstructionFailedException: Failed to add constructor for groovyjarjarasm.asm.commons.GeneratorAdapter due to org.evosuite.ga.ConstructionFailedException: Failed to add constructor for groovyjarjarasm.asm.ClassWriter due to org.evosuite.ga.ConstructionFailedException: Failed to add constructor for groovyjarjarasm.asm.ClassReader due to org.evosuite.ga.ConstructionFailedException: Max recursion depth reached
[Progress:========================>     83%] [Cov:==========================>        75%][Progress:========================>     83%] [Cov:==========================>        75%][Progress:========================>     83%] [Cov:==========================>        75%][Progress:========================>     83%] [Cov:==========================>        75%][Progress:========================>     83%] [Cov:==========================>        75%][Progress:========================>     83%] [Cov:==========================>        75%][Progress:========================>     83%] [Cov:==========================>        75%][Progress:========================>     83%] [Cov:==========================>        75%][Progress:========================>     83%] [Cov:==========================>        75%][Progress:========================>     83%] [Cov:==========================>        75%][Progress:========================>     83%] [Cov:==========================>        75%][Progress:========================>     83%] [Cov:==========================>        75%][Progress:========================>     83%] [Cov:==========================>        75%][MASTER] 16:51:41.181 [logback-1] WARN  TestChromosome - Functional mock problem: org.evosuite.ga.ConstructionFailedException: Failed to add constructor for groovyjarjarasm.asm.commons.AnalyzerAdapter due to org.evosuite.ga.ConstructionFailedException: Failed to add constructor for groovyjarjarasm.asm.commons.LocalVariablesSorter due to org.evosuite.ga.ConstructionFailedException: Failed to add constructor for groovyjarjarasm.asm.commons.InstructionAdapter due to org.evosuite.ga.ConstructionFailedException: Failed to add constructor for groovyjarjarasm.asm.commons.GeneratorAdapter due to org.evosuite.ga.ConstructionFailedException: Failed to add constructor for groovyjarjarasm.asm.commons.Method due to org.evosuite.ga.ConstructionFailedException: Max recursion depth reached
[Progress:========================>     83%] [Cov:==========================>        75%][Progress:========================>     83%] [Cov:==========================>        75%][Progress:========================>     83%] [Cov:==========================>        75%][MASTER] 16:51:41.306 [logback-1] WARN  TestChromosome - Functional mock problem: org.evosuite.ga.ConstructionFailedException: Failed to add constructor for groovyjarjarasm.asm.commons.AnalyzerAdapter due to org.evosuite.ga.ConstructionFailedException: Failed to add constructor for groovyjarjarasm.asm.commons.MethodRemapper due to org.evosuite.ga.ConstructionFailedException: Failed to add constructor for groovyjarjarasm.asm.commons.LocalVariablesSorter due to org.evosuite.ga.ConstructionFailedException: Failed to add constructor for groovyjarjarasm.asm.commons.GeneratorAdapter due to org.evosuite.ga.ConstructionFailedException: Have no generator for java.lang.reflect.Constructor<java.lang.Object> canUseFunctionalMocks=true, canBeMocked: false
[Progress:========================>     83%] [Cov:==========================>        75%][Progress:========================>     83%] [Cov:==========================>        75%][Progress:=========================>    85%] [Cov:==========================>        75%][Progress:=========================>    85%] [Cov:==========================>        75%][Progress:=========================>    85%] [Cov:==========================>        75%][Progress:=========================>    85%] [Cov:==========================>        75%][Progress:=========================>    85%] [Cov:==========================>        75%][Progress:=========================>    85%] [Cov:==========================>        75%][Progress:=========================>    85%] [Cov:==========================>        75%][Progress:=========================>    85%] [Cov:==========================>        75%][Progress:=========================>    85%] [Cov:==========================>        75%][Progress:=========================>    85%] [Cov:==========================>        75%][Progress:=========================>    85%] [Cov:==========================>        75%][Progress:=========================>    85%] [Cov:==========================>        75%][MASTER] 16:51:41.905 [logback-1] WARN  TestChromosome - Functional mock problem: org.evosuite.ga.ConstructionFailedException: Failed to add constructor for groovyjarjarasm.asm.commons.AnalyzerAdapter due to org.evosuite.ga.ConstructionFailedException: Failed to add constructor for groovyjarjarasm.asm.commons.MethodRemapper due to org.evosuite.ga.ConstructionFailedException: Failed to add constructor for groovyjarjarasm.asm.commons.CodeSizeEvaluator due to org.evosuite.ga.ConstructionFailedException: Failed to add constructor for groovyjarjarasm.asm.commons.InstructionAdapter due to org.evosuite.ga.ConstructionFailedException: Failed to add constructor for groovyjarjarasm.asm.commons.JSRInlinerAdapter due to org.evosuite.ga.ConstructionFailedException: Max recursion depth reached
[Progress:=========================>    85%] [Cov:==========================>        75%][Progress:=========================>    86%] [Cov:==========================>        75%][Progress:=========================>    86%] [Cov:==========================>        75%][Progress:=========================>    86%] [Cov:==========================>        75%][Progress:=========================>    86%] [Cov:==========================>        75%][Progress:=========================>    86%] [Cov:==========================>        75%][Progress:=========================>    86%] [Cov:==========================>        75%][Progress:=========================>    86%] [Cov:==========================>        75%][Progress:=========================>    86%] [Cov:==========================>        75%][Progress:=========================>    86%] [Cov:==========================>        75%][Progress:=========================>    86%] [Cov:==========================>        75%][Progress:=========================>    86%] [Cov:==========================>        75%][Progress:=========================>    86%] [Cov:==========================>        75%][Progress:=========================>    86%] [Cov:==========================>        75%][Progress:=========================>    86%] [Cov:==========================>        75%][Progress:=========================>    86%] [Cov:==========================>        75%][Progress:=========================>    86%] [Cov:==========================>        75%][Progress:=========================>    86%] [Cov:==========================>        75%][Progress:=========================>    86%] [Cov:==========================>        75%][Progress:=========================>    86%] [Cov:==========================>        75%][Progress:==========================>   88%] [Cov:==========================>        75%][Progress:==========================>   88%] [Cov:==========================>        75%][Progress:==========================>   88%] [Cov:==========================>        75%][Progress:==========================>   88%] [Cov:==========================>        75%][Progress:==========================>   88%] [Cov:==========================>        75%][Progress:==========================>   88%] [Cov:==========================>        75%][Progress:==========================>   88%] [Cov:==========================>        75%][Progress:==========================>   88%] [Cov:==========================>        75%][Progress:==========================>   88%] [Cov:==========================>        75%][Progress:==========================>   88%] [Cov:==========================>        75%][Progress:==========================>   88%] [Cov:==========================>        75%][Progress:==========================>   88%] [Cov:==========================>        75%][Progress:==========================>   88%] [Cov:==========================>        75%][Progress:==========================>   88%] [Cov:==========================>        75%][Progress:==========================>   88%] [Cov:==========================>        75%][Progress:==========================>   88%] [Cov:==========================>        75%][Progress:==========================>   88%] [Cov:==========================>        75%][Progress:==========================>   88%] [Cov:==========================>        75%][Progress:==========================>   88%] [Cov:==========================>        75%][MASTER] 16:51:44.109 [logback-1] WARN  TestChromosome - Functional mock problem: org.evosuite.ga.ConstructionFailedException: Failed to add constructor for groovyjarjarasm.asm.commons.AnalyzerAdapter due to org.evosuite.ga.ConstructionFailedException: Failed to add constructor for groovyjarjarasm.asm.commons.InstructionAdapter due to org.evosuite.ga.ConstructionFailedException: Failed to add constructor for groovyjarjarasm.asm.commons.GeneratorAdapter due to org.evosuite.ga.ConstructionFailedException: Failed to add constructor for groovyjarjarasm.asm.util.TraceMethodVisitor due to org.evosuite.ga.ConstructionFailedException: Failed to add constructor for groovyjarjarasm.asm.commons.LocalVariablesSorter due to org.evosuite.ga.ConstructionFailedException: Max recursion depth reached
[Progress:==========================>   88%] [Cov:==========================>        75%][Progress:==========================>   88%] [Cov:==========================>        75%][MASTER] 16:51:44.186 [logback-1] WARN  TestChromosome - Functional mock problem: org.evosuite.ga.ConstructionFailedException: Failed to add constructor for groovyjarjarasm.asm.commons.AnalyzerAdapter due to org.evosuite.ga.ConstructionFailedException: Failed to add constructor for groovyjarjarasm.asm.commons.GeneratorAdapter due to org.evosuite.ga.ConstructionFailedException: Failed to add constructor for groovyjarjarasm.asm.commons.Method due to org.evosuite.ga.ConstructionFailedException: Have no generator for java.lang.reflect.Constructor<java.io.SequenceInputStream> canUseFunctionalMocks=true, canBeMocked: false
[Progress:==========================>   88%] [Cov:==========================>        75%][Progress:==========================>   88%] [Cov:==========================>        75%][MASTER] 16:51:44.271 [logback-1] WARN  TestChromosome - Functional mock problem: org.evosuite.ga.ConstructionFailedException: Failed to add constructor for groovyjarjarasm.asm.commons.AnalyzerAdapter due to org.evosuite.ga.ConstructionFailedException: Failed to add constructor for groovyjarjarasm.asm.commons.JSRInlinerAdapter due to org.evosuite.ga.ConstructionFailedException: Failed to add constructor for groovyjarjarasm.asm.commons.GeneratorAdapter due to org.evosuite.ga.ConstructionFailedException: Failed to add constructor for groovyjarjarasm.asm.ClassWriter due to org.evosuite.ga.ConstructionFailedException: Failed to add constructor for groovyjarjarasm.asm.ClassReader due to org.evosuite.ga.ConstructionFailedException: Max recursion depth reached
[Progress:==========================>   88%] [Cov:==========================>        75%][MASTER] 16:51:44.302 [logback-1] WARN  TestChromosome - Functional mock problem: org.evosuite.ga.ConstructionFailedException: Failed to add constructor for groovyjarjarasm.asm.commons.AnalyzerAdapter due to org.evosuite.ga.ConstructionFailedException: Failed to add constructor for groovyjarjarasm.asm.commons.CodeSizeEvaluator due to org.evosuite.ga.ConstructionFailedException: Failed to add constructor for groovyjarjarasm.asm.commons.TryCatchBlockSorter due to org.evosuite.ga.ConstructionFailedException: Failed to add constructor for groovyjarjarasm.asm.commons.InstructionAdapter due to org.evosuite.ga.ConstructionFailedException: Failed to add constructor for groovyjarjarasm.asm.commons.LocalVariablesSorter due to org.evosuite.ga.ConstructionFailedException: Max recursion depth reached
[Progress:==========================>   88%] [Cov:==========================>        75%][Progress:==========================>   88%] [Cov:==========================>        75%][Progress:===========================>  90%] [Cov:==========================>        75%][Progress:===========================>  90%] [Cov:==========================>        75%][Progress:===========================>  90%] [Cov:==========================>        75%][Progress:===========================>  90%] [Cov:==========================>        75%][Progress:===========================>  90%] [Cov:==========================>        75%][Progress:===========================>  90%] [Cov:==========================>        75%][Progress:===========================>  90%] [Cov:==========================>        75%][MASTER] 16:51:44.652 [logback-1] WARN  TestChromosome - Functional mock problem: org.evosuite.ga.ConstructionFailedException: Failed to add constructor for groovyjarjarasm.asm.commons.AnalyzerAdapter due to org.evosuite.ga.ConstructionFailedException: Failed to add constructor for org.codehaus.groovy.classgen.AsmClassGenerator due to org.evosuite.ga.ConstructionFailedException: Error: VariableReference: Statement 11, type groovyjarjarasm.asm.ClassWriter is not assignable to class groovyjarjarasm.asm.ClassVisitor
[Progress:===========================>  90%] [Cov:==========================>        75%][Progress:===========================>  90%] [Cov:==========================>        75%][Progress:===========================>  90%] [Cov:==========================>        75%][Progress:===========================>  90%] [Cov:==========================>        75%][Progress:===========================>  90%] [Cov:==========================>        75%][Progress:===========================>  90%] [Cov:==========================>        75%][Progress:===========================>  90%] [Cov:==========================>        75%][Progress:===========================>  90%] [Cov:==========================>        75%][Progress:===========================>  90%] [Cov:==========================>        75%][Progress:===========================>  90%] [Cov:==========================>        75%][Progress:===========================>  90%] [Cov:==========================>        75%][Progress:===========================>  90%] [Cov:==========================>        75%][Progress:===========================>  90%] [Cov:==========================>        75%][Progress:===========================>  90%] [Cov:==========================>        75%][Progress:===========================>  90%] [Cov:==========================>        75%][Progress:===========================>  90%] [Cov:==========================>        75%][Progress:===========================>  90%] [Cov:==========================>        75%][Progress:===========================>  90%] [Cov:==========================>        75%][Progress:===========================>  90%] [Cov:==========================>        75%][MASTER] 16:51:45.407 [logback-1] WARN  TestChromosome - Functional mock problem: org.evosuite.ga.ConstructionFailedException: Failed to add constructor for groovyjarjarasm.asm.commons.AnalyzerAdapter due to org.evosuite.ga.ConstructionFailedException: Failed to add constructor for groovyjarjarasm.asm.commons.MethodRemapper due to org.evosuite.ga.ConstructionFailedException: Failed to add constructor for groovyjarjarasm.asm.commons.TryCatchBlockSorter due to org.evosuite.ga.ConstructionFailedException: Failed to add constructor for groovyjarjarasm.asm.commons.InstructionAdapter due to org.evosuite.ga.ConstructionFailedException: Failed to add constructor for groovyjarjarasm.asm.commons.CodeSizeEvaluator due to org.evosuite.ga.ConstructionFailedException: Max recursion depth reached
[Progress:===========================>  91%] [Cov:==========================>        75%][Progress:===========================>  91%] [Cov:==========================>        75%][Progress:===========================>  91%] [Cov:==========================>        75%][Progress:===========================>  91%] [Cov:==========================>        75%][Progress:===========================>  91%] [Cov:==========================>        75%][Progress:===========================>  91%] [Cov:==========================>        75%][Progress:===========================>  91%] [Cov:==========================>        75%][Progress:===========================>  91%] [Cov:==========================>        75%][Progress:===========================>  91%] [Cov:==========================>        75%][Progress:===========================>  91%] [Cov:==========================>        75%][Progress:===========================>  91%] [Cov:==========================>        75%][Progress:===========================>  91%] [Cov:==========================>        75%][Progress:===========================>  91%] [Cov:==========================>        75%][Progress:===========================>  91%] [Cov:==========================>        75%][Progress:===========================>  91%] [Cov:==========================>        75%][Progress:===========================>  91%] [Cov:==========================>        75%][Progress:===========================>  91%] [Cov:==========================>        75%][Progress:===========================>  91%] [Cov:==========================>        75%][Progress:===========================>  91%] [Cov:==========================>        75%][Progress:===========================>  91%] [Cov:==========================>        75%][Progress:===========================>  93%] [Cov:==========================>        75%][Progress:===========================>  93%] [Cov:==========================>        75%][MASTER] 16:51:46.516 [logback-1] WARN  TestChromosome - Functional mock problem: org.evosuite.ga.ConstructionFailedException: Failed to add constructor for groovyjarjarasm.asm.commons.AnalyzerAdapter due to org.evosuite.ga.ConstructionFailedException: Failed to add constructor for groovyjarjarasm.asm.util.TraceMethodVisitor due to org.evosuite.ga.ConstructionFailedException: Failed to add constructor for groovyjarjarasm.asm.commons.LocalVariablesSorter due to org.evosuite.ga.ConstructionFailedException: Failed to add constructor for groovyjarjarasm.asm.commons.GeneratorAdapter due to org.evosuite.ga.ConstructionFailedException: Failed to add constructor for groovyjarjarasm.asm.ClassWriter due to org.evosuite.ga.ConstructionFailedException: Max recursion depth reached
[Progress:===========================>  93%] [Cov:==========================>        75%][Progress:===========================>  93%] [Cov:==========================>        75%][Progress:===========================>  93%] [Cov:==========================>        75%][Progress:===========================>  93%] [Cov:==========================>        75%][Progress:===========================>  93%] [Cov:==========================>        75%][MASTER] 16:51:46.822 [logback-1] WARN  TestChromosome - Functional mock problem: org.evosuite.ga.ConstructionFailedException: Failed to add constructor for groovyjarjarasm.asm.commons.AnalyzerAdapter due to org.evosuite.ga.ConstructionFailedException: Failed to add constructor for groovyjarjarasm.asm.commons.InstructionAdapter due to org.evosuite.ga.ConstructionFailedException: Failed to add constructor for groovyjarjarasm.asm.commons.GeneratorAdapter due to org.evosuite.ga.ConstructionFailedException: Have no generator for java.lang.reflect.Constructor<org.codehaus.groovy.runtime.callsite.CallSiteArray> canUseFunctionalMocks=true, canBeMocked: false
[Progress:===========================>  93%] [Cov:==========================>        75%][Progress:===========================>  93%] [Cov:==========================>        75%][Progress:===========================>  93%] [Cov:==========================>        75%][MASTER] 16:51:46.996 [logback-1] WARN  TestChromosome - Functional mock problem: org.evosuite.ga.ConstructionFailedException: Failed to add constructor for groovyjarjarasm.asm.commons.AnalyzerAdapter due to org.evosuite.ga.ConstructionFailedException: Failed to add constructor for groovyjarjarasm.asm.commons.LocalVariablesSorter due to org.evosuite.ga.ConstructionFailedException: Failed to add constructor for groovyjarjarasm.asm.commons.TryCatchBlockSorter due to org.evosuite.ga.ConstructionFailedException: Failed to add constructor for groovyjarjarasm.asm.commons.GeneratorAdapter due to org.evosuite.ga.ConstructionFailedException: Failed to add constructor for groovyjarjarasm.asm.commons.GeneratorAdapter due to org.evosuite.ga.ConstructionFailedException: Have no generator for java.lang.reflect.Constructor<java.io.SequenceInputStream> canUseFunctionalMocks=true, canBeMocked: false
[Progress:===========================>  93%] [Cov:==========================>        75%][Progress:===========================>  93%] [Cov:==========================>        75%][Progress:===========================>  93%] [Cov:==========================>        75%][Progress:===========================>  93%] [Cov:==========================>        75%][Progress:===========================>  93%] [Cov:==========================>        75%][Progress:===========================>  93%] [Cov:==========================>        75%][Progress:===========================>  93%] [Cov:==========================>        75%][Progress:============================> 95%] [Cov:==========================>        75%][Progress:============================> 95%] [Cov:==========================>        75%][Progress:============================> 95%] [Cov:==========================>        75%][Progress:============================> 95%] [Cov:==========================>        75%][Progress:============================> 95%] [Cov:==========================>        75%][Progress:============================> 95%] [Cov:==========================>        75%][Progress:============================> 95%] [Cov:==========================>        75%][Progress:============================> 95%] [Cov:==========================>        75%][Progress:============================> 95%] [Cov:==========================>        75%][Progress:============================> 95%] [Cov:==========================>        75%][Progress:============================> 95%] [Cov:==========================>        75%][Progress:============================> 95%] [Cov:==========================>        75%][Progress:============================> 95%] [Cov:==========================>        75%][Progress:============================> 95%] [Cov:==========================>        75%][Progress:============================> 95%] [Cov:==========================>        75%][Progress:============================> 95%] [Cov:==========================>        75%][Progress:============================> 95%] [Cov:==========================>        75%][Progress:============================> 95%] [Cov:==========================>        75%][Progress:============================> 96%] [Cov:==========================>        75%][Progress:============================> 96%] [Cov:==========================>        75%][Progress:============================> 96%] [Cov:==========================>        75%][Progress:============================> 96%] [Cov:==========================>        75%][Progress:============================> 96%] [Cov:==========================>        75%][Progress:============================> 96%] [Cov:==========================>        75%][Progress:============================> 96%] [Cov:==========================>        75%][Progress:============================> 96%] [Cov:==========================>        75%][Progress:============================> 96%] [Cov:==========================>        75%][Progress:============================> 96%] [Cov:==========================>        75%][Progress:============================> 96%] [Cov:==========================>        75%][Progress:============================> 96%] [Cov:==========================>        75%][Progress:============================> 96%] [Cov:==========================>        75%][Progress:============================> 96%] [Cov:==========================>        75%][Progress:============================> 96%] [Cov:==========================>        75%][Progress:============================> 96%] [Cov:==========================>        75%][Progress:============================> 96%] [Cov:==========================>        75%][Progress:============================> 96%] [Cov:==========================>        75%][Progress:============================> 96%] [Cov:==========================>        75%][Progress:============================> 96%] [Cov:==========================>        75%][Progress:=============================>98%] [Cov:==========================>        75%][Progress:=============================>98%] [Cov:==========================>        75%][Progress:=============================>98%] [Cov:==========================>        75%][Progress:=============================>98%] [Cov:==========================>        75%][Progress:=============================>98%] [Cov:==========================>        75%][Progress:=============================>98%] [Cov:==========================>        75%][Progress:=============================>98%] [Cov:==========================>        75%][Progress:=============================>98%] [Cov:==========================>        75%][Progress:=============================>98%] [Cov:==========================>        75%][Progress:=============================>98%] [Cov:==========================>        75%][Progress:=============================>98%] [Cov:==========================>        75%][Progress:=============================>98%] [Cov:==========================>        75%][Progress:=============================>98%] [Cov:==========================>        75%][Progress:==============================100%] [Cov:==========================>        75%]
* Search finished after 65s and 1019 generations, 246339 statements, best individual has fitness: 15.0
* Minimizing test suite
* Going to analyze the coverage criteria
* Coverage analysis for criterion LINE
* Coverage of criterion LINE: 100%
* Total number of goals: 2
* Number of covered goals: 2
* Coverage analysis for criterion BRANCH
* Coverage of criterion BRANCH: 75%
* Total number of goals: 8
* Number of covered goals: 6
* Coverage analysis for criterion EXCEPTION
* Coverage of criterion EXCEPTION: 100%
* Total number of goals: 2
* Number of covered goals: 2
* Coverage analysis for criterion WEAKMUTATION
* Coverage of criterion WEAKMUTATION: 74%
* Total number of goals: 27
* Number of covered goals: 20
* Coverage analysis for criterion OUTPUT
* Coverage of criterion OUTPUT: 67%
* Total number of goals: 6
* Number of covered goals: 4
* Coverage analysis for criterion METHOD
* Coverage of criterion METHOD: 100%
* Total number of goals: 5
* Number of covered goals: 5
* Coverage analysis for criterion METHODNOEXCEPTION
* Coverage of criterion METHODNOEXCEPTION: 100%
* Total number of goals: 5
* Number of covered goals: 5
* Coverage analysis for criterion CBRANCH
* Coverage of criterion CBRANCH: 75%
* Total number of goals: 8
* Number of covered goals: 6
* Generated 4 tests with total length 19
* Resulting test suite's coverage: 76% (average coverage for all fitness functions)
* Generating assertions
* Resulting test suite's mutation score: 4%
* Compiling and checking tests
[MASTER] 16:51:56.850 [logback-2] ERROR JUnitAnalyzer - Compilation failed on compilation units: [RegularFileObject[/tmp/EvoSuite_1_1731037916748/io/restassured/authentication/PreemptiveOAuth2HeaderScheme_1_tmp__ESTest.java], RegularFileObject[/tmp/EvoSuite_1_1731037916748/io/restassured/authentication/PreemptiveOAuth2HeaderScheme_1_tmp__ESTest_scaffolding.java]]
[MASTER] 16:51:56.850 [logback-2] ERROR JUnitAnalyzer - Classpath: /home/wtwhite/code/craw-redhat-oss/wget/crawl/repo1.maven.org/maven2/io/rest-assured/rest-assured/5.2.1/rest-assured-5.2.1.jar:t/dependency/assertj-core-3.16.1.jar:t/dependency/commons-codec-1.11.jar:t/dependency/commons-io-2.8.0.jar:t/dependency/commons-lang3-3.11.jar:t/dependency/commons-logging-1.2.jar:t/dependency/groovy-4.0.1.jar:t/dependency/groovy-json-4.0.1.jar:t/dependency/groovy-xml-4.0.1.jar:t/dependency/gson-2.9.0.jar:t/dependency/hamcrest-2.1.jar:t/dependency/httpclient-4.5.13.jar:t/dependency/httpcore-4.4.13.jar:t/dependency/httpmime-4.5.13.jar:t/dependency/istack-commons-runtime-4.0.1.jar:t/dependency/jackson-annotations-2.13.2.jar:t/dependency/jackson-core-2.13.2.jar:t/dependency/jackson-core-asl-1.9.11.jar:t/dependency/jackson-databind-2.13.2.jar:t/dependency/jackson-mapper-asl-1.9.11.jar:t/dependency/jakarta.activation-2.0.1.jar:t/dependency/jakarta.json-1.1.6-module.jar:t/dependency/jakarta.json-api-1.1.6.jar:t/dependency/jakarta.json.bind-api-1.0.2.jar:t/dependency/jakarta.xml.bind-api-3.0.1.jar:t/dependency/javax.activation-api-1.2.0.jar:t/dependency/jaxb-api-2.3.1.jar:t/dependency/jaxb-core-3.0.2.jar:t/dependency/jaxb-runtime-3.0.2.jar:t/dependency/johnzon-core-1.1.11.jar:t/dependency/johnzon-mapper-1.1.11.jar:t/dependency/json-path-5.2.1.jar:t/dependency/json-simple-1.1.1.jar:t/dependency/junit-4.13.1.jar:t/dependency/mockito-core-1.10.19.jar:t/dependency/objenesis-2.1.jar:t/dependency/rest-assured-common-5.2.1.jar:t/dependency/scribejava-apis-2.5.3.jar:t/dependency/scribejava-core-2.5.3.jar:t/dependency/tagsoup-1.2.1.jar:t/dependency/txw2-3.0.2.jar:t/dependency/xml-path-5.2.1.jar:t/dependency/yasson-1.0.6.jar:/home/wtwhite/code/regression-test-generation/evosuite/evosuite-1.2.0.jar:/home/wtwhite/code/craw-redhat-oss/wget/crawl/repo1.maven.org/maven2/io/rest-assured/rest-assured/5.2.1/rest-assured-5.2.1.jar:/home/wtwhite/code/regression-test-generation-NON-SOURCE-EQUIV/find-diff-classes/testgen/mvnc/io/rest-assured/rest-assured/5.2.1/t/dependency/assertj-core-3.16.1.jar:/home/wtwhite/code/regression-test-generation-NON-SOURCE-EQUIV/find-diff-classes/testgen/mvnc/io/rest-assured/rest-assured/5.2.1/t/dependency/commons-codec-1.11.jar:/home/wtwhite/code/regression-test-generation-NON-SOURCE-EQUIV/find-diff-classes/testgen/mvnc/io/rest-assured/rest-assured/5.2.1/t/dependency/commons-io-2.8.0.jar:/home/wtwhite/code/regression-test-generation-NON-SOURCE-EQUIV/find-diff-classes/testgen/mvnc/io/rest-assured/rest-assured/5.2.1/t/dependency/commons-lang3-3.11.jar:/home/wtwhite/code/regression-test-generation-NON-SOURCE-EQUIV/find-diff-classes/testgen/mvnc/io/rest-assured/rest-assured/5.2.1/t/dependency/commons-logging-1.2.jar:/home/wtwhite/code/regression-test-generation-NON-SOURCE-EQUIV/find-diff-classes/testgen/mvnc/io/rest-assured/rest-assured/5.2.1/t/dependency/groovy-4.0.1.jar:/home/wtwhite/code/regression-test-generation-NON-SOURCE-EQUIV/find-diff-classes/testgen/mvnc/io/rest-assured/rest-assured/5.2.1/t/dependency/groovy-json-4.0.1.jar:/home/wtwhite/code/regression-test-generation-NON-SOURCE-EQUIV/find-diff-classes/testgen/mvnc/io/rest-assured/rest-assured/5.2.1/t/dependency/groovy-xml-4.0.1.jar:/home/wtwhite/code/regression-test-generation-NON-SOURCE-EQUIV/find-diff-classes/testgen/mvnc/io/rest-assured/rest-assured/5.2.1/t/dependency/gson-2.9.0.jar:/home/wtwhite/code/regression-test-generation-NON-SOURCE-EQUIV/find-diff-classes/testgen/mvnc/io/rest-assured/rest-assured/5.2.1/t/dependency/hamcrest-2.1.jar:/home/wtwhite/code/regression-test-generation-NON-SOURCE-EQUIV/find-diff-classes/testgen/mvnc/io/rest-assured/rest-assured/5.2.1/t/dependency/httpclient-4.5.13.jar:/home/wtwhite/code/regression-test-generation-NON-SOURCE-EQUIV/find-diff-classes/testgen/mvnc/io/rest-assured/rest-assured/5.2.1/t/dependency/httpcore-4.4.13.jar:/home/wtwhite/code/regression-test-generation-NON-SOURCE-EQUIV/find-diff-classes/testgen/mvnc/io/rest-assured/rest-assured/5.2.1/t/dependency/httpmime-4.5.13.jar:/home/wtwhite/code/regression-test-generation-NON-SOURCE-EQUIV/find-diff-classes/testgen/mvnc/io/rest-assured/rest-assured/5.2.1/t/dependency/istack-commons-runtime-4.0.1.jar:/home/wtwhite/code/regression-test-generation-NON-SOURCE-EQUIV/find-diff-classes/testgen/mvnc/io/rest-assured/rest-assured/5.2.1/t/dependency/jackson-annotations-2.13.2.jar:/home/wtwhite/code/regression-test-generation-NON-SOURCE-EQUIV/find-diff-classes/testgen/mvnc/io/rest-assured/rest-assured/5.2.1/t/dependency/jackson-core-2.13.2.jar:/home/wtwhite/code/regression-test-generation-NON-SOURCE-EQUIV/find-diff-classes/testgen/mvnc/io/rest-assured/rest-assured/5.2.1/t/dependency/jackson-core-asl-1.9.11.jar:/home/wtwhite/code/regression-test-generation-NON-SOURCE-EQUIV/find-diff-classes/testgen/mvnc/io/rest-assured/rest-assured/5.2.1/t/dependency/jackson-databind-2.13.2.jar:/home/wtwhite/code/regression-test-generation-NON-SOURCE-EQUIV/find-diff-classes/testgen/mvnc/io/rest-assured/rest-assured/5.2.1/t/dependency/jackson-mapper-asl-1.9.11.jar:/home/wtwhite/code/regression-test-generation-NON-SOURCE-EQUIV/find-diff-classes/testgen/mvnc/io/rest-assured/rest-assured/5.2.1/t/dependency/jakarta.activation-2.0.1.jar:/home/wtwhite/code/regression-test-generation-NON-SOURCE-EQUIV/find-diff-classes/testgen/mvnc/io/rest-assured/rest-assured/5.2.1/t/dependency/jakarta.json-1.1.6-module.jar:/home/wtwhite/code/regression-test-generation-NON-SOURCE-EQUIV/find-diff-classes/testgen/mvnc/io/rest-assured/rest-assured/5.2.1/t/dependency/jakarta.json-api-1.1.6.jar:/home/wtwhite/code/regression-test-generation-NON-SOURCE-EQUIV/find-diff-classes/testgen/mvnc/io/rest-assured/rest-assured/5.2.1/t/dependency/jakarta.json.bind-api-1.0.2.jar:/home/wtwhite/code/regression-test-generation-NON-SOURCE-EQUIV/find-diff-classes/testgen/mvnc/io/rest-assured/rest-assured/5.2.1/t/dependency/jakarta.xml.bind-api-3.0.1.jar:/home/wtwhite/code/regression-test-generation-NON-SOURCE-EQUIV/find-diff-classes/testgen/mvnc/io/rest-assured/rest-assured/5.2.1/t/dependency/javax.activation-api-1.2.0.jar:/home/wtwhite/code/regression-test-generation-NON-SOURCE-EQUIV/find-diff-classes/testgen/mvnc/io/rest-assured/rest-assured/5.2.1/t/dependency/jaxb-api-2.3.1.jar:/home/wtwhite/code/regression-test-generation-NON-SOURCE-EQUIV/find-diff-classes/testgen/mvnc/io/rest-assured/rest-assured/5.2.1/t/dependency/jaxb-core-3.0.2.jar:/home/wtwhite/code/regression-test-generation-NON-SOURCE-EQUIV/find-diff-classes/testgen/mvnc/io/rest-assured/rest-assured/5.2.1/t/dependency/jaxb-runtime-3.0.2.jar:/home/wtwhite/code/regression-test-generation-NON-SOURCE-EQUIV/find-diff-classes/testgen/mvnc/io/rest-assured/rest-assured/5.2.1/t/dependency/johnzon-core-1.1.11.jar:/home/wtwhite/code/regression-test-generation-NON-SOURCE-EQUIV/find-diff-classes/testgen/mvnc/io/rest-assured/rest-assured/5.2.1/t/dependency/johnzon-mapper-1.1.11.jar:/home/wtwhite/code/regression-test-generation-NON-SOURCE-EQUIV/find-diff-classes/testgen/mvnc/io/rest-assured/rest-assured/5.2.1/t/dependency/json-path-5.2.1.jar:/home/wtwhite/code/regression-test-generation-NON-SOURCE-EQUIV/find-diff-classes/testgen/mvnc/io/rest-assured/rest-assured/5.2.1/t/dependency/json-simple-1.1.1.jar:/home/wtwhite/code/regression-test-generation-NON-SOURCE-EQUIV/find-diff-classes/testgen/mvnc/io/rest-assured/rest-assured/5.2.1/t/dependency/junit-4.13.1.jar:/home/wtwhite/code/regression-test-generation-NON-SOURCE-EQUIV/find-diff-classes/testgen/mvnc/io/rest-assured/rest-assured/5.2.1/t/dependency/mockito-core-1.10.19.jar:/home/wtwhite/code/regression-test-generation-NON-SOURCE-EQUIV/find-diff-classes/testgen/mvnc/io/rest-assured/rest-assured/5.2.1/t/dependency/objenesis-2.1.jar:/home/wtwhite/code/regression-test-generation-NON-SOURCE-EQUIV/find-diff-classes/testgen/mvnc/io/rest-assured/rest-assured/5.2.1/t/dependency/rest-assured-common-5.2.1.jar:/home/wtwhite/code/regression-test-generation-NON-SOURCE-EQUIV/find-diff-classes/testgen/mvnc/io/rest-assured/rest-assured/5.2.1/t/dependency/scribejava-apis-2.5.3.jar:/home/wtwhite/code/regression-test-generation-NON-SOURCE-EQUIV/find-diff-classes/testgen/mvnc/io/rest-assured/rest-assured/5.2.1/t/dependency/scribejava-core-2.5.3.jar:/home/wtwhite/code/regression-test-generation-NON-SOURCE-EQUIV/find-diff-classes/testgen/mvnc/io/rest-assured/rest-assured/5.2.1/t/dependency/tagsoup-1.2.1.jar:/home/wtwhite/code/regression-test-generation-NON-SOURCE-EQUIV/find-diff-classes/testgen/mvnc/io/rest-assured/rest-assured/5.2.1/t/dependency/txw2-3.0.2.jar:/home/wtwhite/code/regression-test-generation-NON-SOURCE-EQUIV/find-diff-classes/testgen/mvnc/io/rest-assured/rest-assured/5.2.1/t/dependency/xml-path-5.2.1.jar:/home/wtwhite/code/regression-test-generation-NON-SOURCE-EQUIV/find-diff-classes/testgen/mvnc/io/rest-assured/rest-assured/5.2.1/t/dependency/yasson-1.0.6.jar
[MASTER] 16:51:56.850 [logback-2] ERROR JUnitAnalyzer - evosuiteCP: /home/wtwhite/code/regression-test-generation/evosuite/evosuite-1.2.0.jar:/home/wtwhite/code/craw-redhat-oss/wget/crawl/repo1.maven.org/maven2/io/rest-assured/rest-assured/5.2.1/rest-assured-5.2.1.jar:/home/wtwhite/code/regression-test-generation-NON-SOURCE-EQUIV/find-diff-classes/testgen/mvnc/io/rest-assured/rest-assured/5.2.1/t/dependency/assertj-core-3.16.1.jar:/home/wtwhite/code/regression-test-generation-NON-SOURCE-EQUIV/find-diff-classes/testgen/mvnc/io/rest-assured/rest-assured/5.2.1/t/dependency/commons-codec-1.11.jar:/home/wtwhite/code/regression-test-generation-NON-SOURCE-EQUIV/find-diff-classes/testgen/mvnc/io/rest-assured/rest-assured/5.2.1/t/dependency/commons-io-2.8.0.jar:/home/wtwhite/code/regression-test-generation-NON-SOURCE-EQUIV/find-diff-classes/testgen/mvnc/io/rest-assured/rest-assured/5.2.1/t/dependency/commons-lang3-3.11.jar:/home/wtwhite/code/regression-test-generation-NON-SOURCE-EQUIV/find-diff-classes/testgen/mvnc/io/rest-assured/rest-assured/5.2.1/t/dependency/commons-logging-1.2.jar:/home/wtwhite/code/regression-test-generation-NON-SOURCE-EQUIV/find-diff-classes/testgen/mvnc/io/rest-assured/rest-assured/5.2.1/t/dependency/groovy-4.0.1.jar:/home/wtwhite/code/regression-test-generation-NON-SOURCE-EQUIV/find-diff-classes/testgen/mvnc/io/rest-assured/rest-assured/5.2.1/t/dependency/groovy-json-4.0.1.jar:/home/wtwhite/code/regression-test-generation-NON-SOURCE-EQUIV/find-diff-classes/testgen/mvnc/io/rest-assured/rest-assured/5.2.1/t/dependency/groovy-xml-4.0.1.jar:/home/wtwhite/code/regression-test-generation-NON-SOURCE-EQUIV/find-diff-classes/testgen/mvnc/io/rest-assured/rest-assured/5.2.1/t/dependency/gson-2.9.0.jar:/home/wtwhite/code/regression-test-generation-NON-SOURCE-EQUIV/find-diff-classes/testgen/mvnc/io/rest-assured/rest-assured/5.2.1/t/dependency/hamcrest-2.1.jar:/home/wtwhite/code/regression-test-generation-NON-SOURCE-EQUIV/find-diff-classes/testgen/mvnc/io/rest-assured/rest-assured/5.2.1/t/dependency/httpclient-4.5.13.jar:/home/wtwhite/code/regression-test-generation-NON-SOURCE-EQUIV/find-diff-classes/testgen/mvnc/io/rest-assured/rest-assured/5.2.1/t/dependency/httpcore-4.4.13.jar:/home/wtwhite/code/regression-test-generation-NON-SOURCE-EQUIV/find-diff-classes/testgen/mvnc/io/rest-assured/rest-assured/5.2.1/t/dependency/httpmime-4.5.13.jar:/home/wtwhite/code/regression-test-generation-NON-SOURCE-EQUIV/find-diff-classes/testgen/mvnc/io/rest-assured/rest-assured/5.2.1/t/dependency/istack-commons-runtime-4.0.1.jar:/home/wtwhite/code/regression-test-generation-NON-SOURCE-EQUIV/find-diff-classes/testgen/mvnc/io/rest-assured/rest-assured/5.2.1/t/dependency/jackson-annotations-2.13.2.jar:/home/wtwhite/code/regression-test-generation-NON-SOURCE-EQUIV/find-diff-classes/testgen/mvnc/io/rest-assured/rest-assured/5.2.1/t/dependency/jackson-core-2.13.2.jar:/home/wtwhite/code/regression-test-generation-NON-SOURCE-EQUIV/find-diff-classes/testgen/mvnc/io/rest-assured/rest-assured/5.2.1/t/dependency/jackson-core-asl-1.9.11.jar:/home/wtwhite/code/regression-test-generation-NON-SOURCE-EQUIV/find-diff-classes/testgen/mvnc/io/rest-assured/rest-assured/5.2.1/t/dependency/jackson-databind-2.13.2.jar:/home/wtwhite/code/regression-test-generation-NON-SOURCE-EQUIV/find-diff-classes/testgen/mvnc/io/rest-assured/rest-assured/5.2.1/t/dependency/jackson-mapper-asl-1.9.11.jar:/home/wtwhite/code/regression-test-generation-NON-SOURCE-EQUIV/find-diff-classes/testgen/mvnc/io/rest-assured/rest-assured/5.2.1/t/dependency/jakarta.activation-2.0.1.jar:/home/wtwhite/code/regression-test-generation-NON-SOURCE-EQUIV/find-diff-classes/testgen/mvnc/io/rest-assured/rest-assured/5.2.1/t/dependency/jakarta.json-1.1.6-module.jar:/home/wtwhite/code/regression-test-generation-NON-SOURCE-EQUIV/find-diff-classes/testgen/mvnc/io/rest-assured/rest-assured/5.2.1/t/dependency/jakarta.json-api-1.1.6.jar:/home/wtwhite/code/regression-test-generation-NON-SOURCE-EQUIV/find-diff-classes/testgen/mvnc/io/rest-assured/rest-assured/5.2.1/t/dependency/jakarta.json.bind-api-1.0.2.jar:/home/wtwhite/code/regression-test-generation-NON-SOURCE-EQUIV/find-diff-classes/testgen/mvnc/io/rest-assured/rest-assured/5.2.1/t/dependency/jakarta.xml.bind-api-3.0.1.jar:/home/wtwhite/code/regression-test-generation-NON-SOURCE-EQUIV/find-diff-classes/testgen/mvnc/io/rest-assured/rest-assured/5.2.1/t/dependency/javax.activation-api-1.2.0.jar:/home/wtwhite/code/regression-test-generation-NON-SOURCE-EQUIV/find-diff-classes/testgen/mvnc/io/rest-assured/rest-assured/5.2.1/t/dependency/jaxb-api-2.3.1.jar:/home/wtwhite/code/regression-test-generation-NON-SOURCE-EQUIV/find-diff-classes/testgen/mvnc/io/rest-assured/rest-assured/5.2.1/t/dependency/jaxb-core-3.0.2.jar:/home/wtwhite/code/regression-test-generation-NON-SOURCE-EQUIV/find-diff-classes/testgen/mvnc/io/rest-assured/rest-assured/5.2.1/t/dependency/jaxb-runtime-3.0.2.jar:/home/wtwhite/code/regression-test-generation-NON-SOURCE-EQUIV/find-diff-classes/testgen/mvnc/io/rest-assured/rest-assured/5.2.1/t/dependency/johnzon-core-1.1.11.jar:/home/wtwhite/code/regression-test-generation-NON-SOURCE-EQUIV/find-diff-classes/testgen/mvnc/io/rest-assured/rest-assured/5.2.1/t/dependency/johnzon-mapper-1.1.11.jar:/home/wtwhite/code/regression-test-generation-NON-SOURCE-EQUIV/find-diff-classes/testgen/mvnc/io/rest-assured/rest-assured/5.2.1/t/dependency/json-path-5.2.1.jar:/home/wtwhite/code/regression-test-generation-NON-SOURCE-EQUIV/find-diff-classes/testgen/mvnc/io/rest-assured/rest-assured/5.2.1/t/dependency/json-simple-1.1.1.jar:/home/wtwhite/code/regression-test-generation-NON-SOURCE-EQUIV/find-diff-classes/testgen/mvnc/io/rest-assured/rest-assured/5.2.1/t/dependency/junit-4.13.1.jar:/home/wtwhite/code/regression-test-generation-NON-SOURCE-EQUIV/find-diff-classes/testgen/mvnc/io/rest-assured/rest-assured/5.2.1/t/dependency/mockito-core-1.10.19.jar:/home/wtwhite/code/regression-test-generation-NON-SOURCE-EQUIV/find-diff-classes/testgen/mvnc/io/rest-assured/rest-assured/5.2.1/t/dependency/objenesis-2.1.jar:/home/wtwhite/code/regression-test-generation-NON-SOURCE-EQUIV/find-diff-classes/testgen/mvnc/io/rest-assured/rest-assured/5.2.1/t/dependency/rest-assured-common-5.2.1.jar:/home/wtwhite/code/regression-test-generation-NON-SOURCE-EQUIV/find-diff-classes/testgen/mvnc/io/rest-assured/rest-assured/5.2.1/t/dependency/scribejava-apis-2.5.3.jar:/home/wtwhite/code/regression-test-generation-NON-SOURCE-EQUIV/find-diff-classes/testgen/mvnc/io/rest-assured/rest-assured/5.2.1/t/dependency/scribejava-core-2.5.3.jar:/home/wtwhite/code/regression-test-generation-NON-SOURCE-EQUIV/find-diff-classes/testgen/mvnc/io/rest-assured/rest-assured/5.2.1/t/dependency/tagsoup-1.2.1.jar:/home/wtwhite/code/regression-test-generation-NON-SOURCE-EQUIV/find-diff-classes/testgen/mvnc/io/rest-assured/rest-assured/5.2.1/t/dependency/txw2-3.0.2.jar:/home/wtwhite/code/regression-test-generation-NON-SOURCE-EQUIV/find-diff-classes/testgen/mvnc/io/rest-assured/rest-assured/5.2.1/t/dependency/xml-path-5.2.1.jar:/home/wtwhite/code/regression-test-generation-NON-SOURCE-EQUIV/find-diff-classes/testgen/mvnc/io/rest-assured/rest-assured/5.2.1/t/dependency/yasson-1.0.6.jar
[MASTER] 16:51:56.853 [logback-2] ERROR JUnitAnalyzer - Diagnostic: cannot find symbol
  symbol:   method __$swapInit()
  location: class io.restassured.authentication.PreemptiveOAuth2HeaderScheme: 28
[MASTER] 16:51:56.853 [logback-2] ERROR JUnitAnalyzer - Diagnostic: cannot find symbol
  symbol:   method __$swapInit()
  location: class io.restassured.authentication.PreemptiveOAuth2HeaderScheme: 30
[MASTER] 16:51:56.853 [logback-2] ERROR JUnitAnalyzer - Diagnostic: cannot find symbol
  symbol:   method __$swapInit()
  location: class io.restassured.authentication.PreemptiveOAuth2HeaderScheme: 32
[MASTER] 16:51:56.853 [logback-2] ERROR JUnitAnalyzer - RegularFileObject[/tmp/EvoSuite_1_1731037916748/io/restassured/authentication/PreemptiveOAuth2HeaderScheme_1_tmp__ESTest.java]
1: /*
2:  * This file was automatically generated by EvoSuite
3:  * Fri Nov 08 03:51:56 GMT 2024
4:  */
5: 
6: package io.restassured.authentication;
7: 
8: import org.junit.Test;
9: import static org.junit.Assert.*;
10: import static org.evosuite.shaded.org.mockito.Mockito.*;
11: import static org.evosuite.runtime.EvoAssertions.*;
12: import io.restassured.authentication.PreemptiveOAuth2HeaderScheme;
13: import io.restassured.internal.http.HTTPBuilder;
14: import java.util.Map;
15: import org.evosuite.runtime.EvoRunner;
16: import org.evosuite.runtime.EvoRunnerParameters;
17: import org.evosuite.runtime.ViolatedAssumptionAnswer;
18: import org.junit.runner.RunWith;
19: 
20: @RunWith(EvoRunner.class) @EvoRunnerParameters(mockJVMNonDeterminism = true, useVFS = true, useVNET = true, resetStaticState = true) 
21: public class PreemptiveOAuth2HeaderScheme_1_tmp__ESTest extends PreemptiveOAuth2HeaderScheme_1_tmp__ESTest_scaffolding {
22: 
23:   @Test(timeout = 4000)
24:   public void test0()  throws Throwable  {
25:       PreemptiveOAuth2HeaderScheme preemptiveOAuth2HeaderScheme0 = new PreemptiveOAuth2HeaderScheme();
26:       preemptiveOAuth2HeaderScheme0.generateAuthToken();
27:       preemptiveOAuth2HeaderScheme0.setAccessToken("");
28:       PreemptiveOAuth2HeaderScheme.__$swapInit();
29:       preemptiveOAuth2HeaderScheme0.generateAuthToken();
30:       PreemptiveOAuth2HeaderScheme.__$swapInit();
31:       preemptiveOAuth2HeaderScheme0.getAccessToken();
32:       PreemptiveOAuth2HeaderScheme.__$swapInit();
33:       HTTPBuilder hTTPBuilder0 = mock(HTTPBuilder.class, new ViolatedAssumptionAnswer());
34:       doReturn((Map) null).when(hTTPBuilder0).getHeaders();
35:       // Undeclared exception!
36:       try { 
37:         preemptiveOAuth2HeaderScheme0.authenticate(hTTPBuilder0);
38:         fail("Expecting exception: NullPointerException");
39:       
40:       } catch(NullPointerException e) {
41:          //
42:          // Cannot set property 'Authorization' on null object
43:          //
44:          verifyException("org.codehaus.groovy.runtime.NullObject", e);
45:       }
46:   }
47: }
RegularFileObject[/tmp/EvoSuite_1_1731037916748/io/restassured/authentication/PreemptiveOAuth2HeaderScheme_1_tmp__ESTest.java]
1: /**
2:  * Scaffolding file used to store all the setups needed to run 
3:  * tests automatically generated by EvoSuite
4:  * Fri Nov 08 03:51:56 GMT 2024
5:  */
6: 
7: package io.restassured.authentication;
8: 
9: import org.evosuite.runtime.annotation.EvoSuiteClassExclude;
10: import org.junit.BeforeClass;
11: import org.junit.Before;
12: import org.junit.After;
13: import org.junit.AfterClass;
14: import org.evosuite.runtime.sandbox.Sandbox;
15: import org.evosuite.runtime.sandbox.Sandbox.SandboxMode;
16: 
17: import static org.evosuite.shaded.org.mockito.Mockito.*;
18: @EvoSuiteClassExclude
19: public class PreemptiveOAuth2HeaderScheme_1_tmp__ESTest_scaffolding {
20: 
21:   @org.junit.Rule
22:   public org.evosuite.runtime.vnet.NonFunctionalRequirementRule nfr = new org.evosuite.runtime.vnet.NonFunctionalRequirementRule();
23: 
24:   private static final java.util.Properties defaultProperties = (java.util.Properties) java.lang.System.getProperties().clone(); 
25: 
26:   private org.evosuite.runtime.thread.ThreadStopper threadStopper =  new org.evosuite.runtime.thread.ThreadStopper (org.evosuite.runtime.thread.KillSwitchHandler.getInstance(), 3000);
27: 
28: 
29:   @BeforeClass
30:   public static void initEvoSuiteFramework() { 
31:     org.evosuite.runtime.RuntimeSettings.className = "io.restassured.authentication.PreemptiveOAuth2HeaderScheme"; 
32:     org.evosuite.runtime.GuiSupport.initialize(); 
33:     org.evosuite.runtime.RuntimeSettings.maxNumberOfThreads = 100; 
34:     org.evosuite.runtime.RuntimeSettings.maxNumberOfIterationsPerLoop = 10000; 
35:     org.evosuite.runtime.RuntimeSettings.mockSystemIn = true; 
36:     org.evosuite.runtime.RuntimeSettings.sandboxMode = org.evosuite.runtime.sandbox.Sandbox.SandboxMode.RECOMMENDED; 
37:     org.evosuite.runtime.sandbox.Sandbox.initializeSecurityManagerForSUT(); 
38:     org.evosuite.runtime.classhandling.JDKClassResetter.init();
39:     setSystemProperties();
40:     initializeClasses();
41:     org.evosuite.runtime.Runtime.getInstance().resetRuntime(); 
42:     try { initMocksToAvoidTimeoutsInTheTests(); } catch(ClassNotFoundException e) {} 
43:   } 
44: 
45:   @AfterClass
46:   public static void clearEvoSuiteFramework(){ 
47:     Sandbox.resetDefaultSecurityManager(); 
48:     java.lang.System.setProperties((java.util.Properties) defaultProperties.clone()); 
49:   } 
50: 
51:   @Before
52:   public void initTestCase(){ 
53:     threadStopper.storeCurrentThreads();
54:     threadStopper.startRecordingTime();
55:     org.evosuite.runtime.jvm.ShutdownHookHandler.getInstance().initHandler(); 
56:     org.evosuite.runtime.sandbox.Sandbox.goingToExecuteSUTCode(); 
57:     setSystemProperties(); 
58:     org.evosuite.runtime.GuiSupport.setHeadless(); 
59:     org.evosuite.runtime.Runtime.getInstance().resetRuntime(); 
60:     org.evosuite.runtime.agent.InstrumentingAgent.activate(); 
61:   } 
62: 
63:   @After
64:   public void doneWithTestCase(){ 
65:     threadStopper.killAndJoinClientThreads();
66:     org.evosuite.runtime.jvm.ShutdownHookHandler.getInstance().safeExecuteAddedHooks(); 
67:     org.evosuite.runtime.classhandling.JDKClassResetter.reset(); 
68:     resetClasses(); 
69:     org.evosuite.runtime.sandbox.Sandbox.doneWithExecutingSUTCode(); 
70:     org.evosuite.runtime.agent.InstrumentingAgent.deactivate(); 
71:     org.evosuite.runtime.GuiSupport.restoreHeadlessMode(); 
72:   } 
73: 
74:   public static void setSystemProperties() {
75:  
76:     java.lang.System.setProperties((java.util.Properties) defaultProperties.clone()); 
77:     java.lang.System.setProperty("file.encoding", "UTF-8"); 
78:     java.lang.System.setProperty("user.dir", "/home/wtwhite/code/regression-test-generation-NON-SOURCE-EQUIV/find-diff-classes/testgen/mvnc/io/rest-assured/rest-assured/5.2.1"); 
79:     java.lang.System.setProperty("java.io.tmpdir", "/tmp"); 
80:   }
81: 
82:   private static void initializeClasses() {
83:     org.evosuite.runtime.classhandling.ClassStateSupport.initializeClasses(PreemptiveOAuth2HeaderScheme_1_tmp__ESTest_scaffolding.class.getClassLoader() ,
84:       "org.apache.http.client.ClientProtocolException",
85:       "io.restassured.authentication.PreemptiveOAuth2HeaderScheme",
86:       "org.apache.http.client.methods.HttpPost",
87:       "org.apache.http.client.methods.Configurable",
88:       "org.apache.http.client.methods.HttpEntityEnclosingRequestBase",
89:       "org.apache.http.client.methods.HttpPatch",
90:       "org.apache.http.client.methods.HttpUriRequest",
91:       "io.restassured.config.DecoderConfig",
92:       "org.apache.http.StatusLine",
93:       "org.apache.http.Header",
94:       "io.restassured.config.EncoderConfig",
95:       "org.apache.http.client.methods.AbortableHttpRequest",
96:       "org.apache.http.client.HttpClient",
97:       "io.restassured.internal.http.HttpResponseContentTypeFinder",
98:       "io.restassured.internal.http.URIBuilder",
99:       "org.apache.http.HttpMessage",
100:       "org.apache.http.impl.client.AbstractHttpClient",
101:       "io.restassured.internal.http.HTTPBuilder",
102:       "org.apache.http.message.AbstractHttpMessage",
103:       "org.apache.http.client.methods.AbstractExecutionAwareRequest",
104:       "io.restassured.config.OAuthConfig",
105:       "io.restassured.internal.http.HTTPBuilder$RequestConfigDelegate",
106:       "io.restassured.internal.http.ContentEncodingRegistry",
107:       "org.apache.http.HttpEntityEnclosingRequest",
108:       "io.restassured.internal.http.HttpResponseException",
109:       "org.apache.http.impl.client.CloseableHttpClient",
110:       "org.apache.http.HeaderIterator",
111:       "io.restassured.internal.http.AuthConfig",
112:       "org.apache.http.client.methods.HttpRequestBase",
113:       "org.apache.http.client.HttpResponseException",
114:       "org.apache.http.HttpEntity",
115:       "org.apache.http.client.methods.HttpExecutionAware",
116:       "io.restassured.internal.http.EncoderRegistry",
117:       "org.apache.http.HttpRequest",
118:       "io.restassured.authentication.AuthenticationScheme",
119:       "org.apache.http.ProtocolVersion",
120:       "io.restassured.internal.http.ResponseParseException",
121:       "org.apache.http.client.methods.HttpGet",
122:       "io.restassured.config.Config",
123:       "org.apache.http.params.HttpParams",
124:       "org.apache.http.HttpResponse",
125:       "org.apache.http.NameValuePair",
126:       "io.restassured.internal.http.HttpResponseDecorator"
127:     );
128:   } 
129:   private static void initMocksToAvoidTimeoutsInTheTests() throws ClassNotFoundException { 
130:     mock(Class.forName("io.restassured.internal.http.HTTPBuilder", false, PreemptiveOAuth2HeaderScheme_1_tmp__ESTest_scaffolding.class.getClassLoader()));
131:   }
132: 
133:   private static void resetClasses() {
134:     org.evosuite.runtime.classhandling.ClassResetter.getInstance().setClassLoader(PreemptiveOAuth2HeaderScheme_1_tmp__ESTest_scaffolding.class.getClassLoader()); 
135: 
136:     org.evosuite.runtime.classhandling.ClassStateSupport.resetClasses(
137:       "io.restassured.authentication.PreemptiveOAuth2HeaderScheme",
138:       "org.assertj.core.internal.bytebuddy.build.HashCodeAndEqualsPlugin$Enhance$InvokeSuper",
139:       "io.restassured.internal.http.HTTPBuilder",
140:       "groovyjarjarasm.asm.commons.Method",
141:       "groovyjarjarasm.asm.MethodVisitor",
142:       "groovyjarjarasm.asm.Type",
143:       "groovyjarjarasm.asm.commons.LocalVariablesSorter",
144:       "groovyjarjarasm.asm.tree.MethodNode",
145:       "groovyjarjarasm.asm.tree.InsnList",
146:       "groovyjarjarasm.asm.commons.CodeSizeEvaluator",
147:       "groovyjarjarasm.asm.util.Printer",
148:       "groovyjarjarasm.asm.util.Textifier",
149:       "groovyjarjarasm.asm.util.TraceMethodVisitor",
150:       "groovyjarjarasm.asm.commons.AnalyzerAdapter",
151:       "groovyjarjarasm.asm.ClassReader",
152:       "groovyjarjarasm.asm.util.ASMifier",
153:       "groovyjarjarasm.asm.commons.InstructionAdapter",
154:       "groovyjarjarasm.asm.tree.Util",
155:       "groovyjarjarasm.asm.commons.TryCatchBlockSorter",
156:       "groovyjarjarasm.asm.commons.GeneratorAdapter",
157:       "groovyjarjarasm.asm.ClassVisitor",
158:       "groovyjarjarasm.asm.ClassWriter",
159:       "groovyjarjarasm.asm.SymbolTable",
160:       "groovyjarjarasm.asm.ByteVector",
161:       "groovyjarjarasm.asm.MethodWriter",
162:       "groovyjarjarasm.asm.Symbol",
163:       "groovyjarjarasm.asm.SymbolTable$Entry",
164:       "groovyjarjarasm.asm.commons.Remapper",
165:       "groovyjarjarasm.asm.commons.SimpleRemapper",
166:       "groovyjarjarasm.asm.commons.MethodRemapper",
167:       "groovyjarjarasm.asm.commons.JSRInlinerAdapter",
168:       "groovyjarjarasm.asm.TypePath",
169:       "groovyjarjarasm.asm.TypeReference"
170:     );
171:   }
172: }

[MASTER] 16:51:56.854 [logback-2] ERROR JUnitAnalyzer - Failed to compile test case:
PreemptiveOAuth2HeaderScheme preemptiveOAuth2HeaderScheme0 = new PreemptiveOAuth2HeaderScheme();
preemptiveOAuth2HeaderScheme0.generateAuthToken();
preemptiveOAuth2HeaderScheme0.setAccessToken("");
PreemptiveOAuth2HeaderScheme.__$swapInit();
preemptiveOAuth2HeaderScheme0.generateAuthToken();
PreemptiveOAuth2HeaderScheme.__$swapInit();
preemptiveOAuth2HeaderScheme0.getAccessToken();
PreemptiveOAuth2HeaderScheme.__$swapInit();
HTTPBuilder hTTPBuilder0 = mock(HTTPBuilder.class, new ViolatedAssumptionAnswer());
doReturn((Map) null).when(hTTPBuilder0).getHeaders();
preemptiveOAuth2HeaderScheme0.authenticate(hTTPBuilder0);

* Permissions denied during test execution: 
  - java.lang.RuntimePermission: 
         writeFileDescriptor: 1
* Writing tests to file
* Writing JUnit test case 'PreemptiveOAuth2HeaderScheme_ESTest' to evosuite-tests
* Done!

* Computation finished
