* EvoSuite 1.2.0
* Going to generate test cases for class: io.restassured.authentication.PreemptiveBasicAuthScheme
* Starting Client-0
* Connecting to master process on port 15178
* Analyzing classpath: 
  - /home/wtwhite/code/craw-redhat-oss/wget/crawl/repo1.maven.org/maven2/io/rest-assured/rest-assured/5.2.1/rest-assured-5.2.1.jar
  - t/dependency/assertj-core-3.16.1.jar
  - t/dependency/commons-codec-1.11.jar
  - t/dependency/commons-io-2.8.0.jar
  - t/dependency/commons-lang3-3.11.jar
  - t/dependency/commons-logging-1.2.jar
  - t/dependency/groovy-4.0.1.jar
  - t/dependency/groovy-json-4.0.1.jar
  - t/dependency/groovy-xml-4.0.1.jar
  - t/dependency/gson-2.9.0.jar
  - t/dependency/hamcrest-2.1.jar
  - t/dependency/httpclient-4.5.13.jar
  - t/dependency/httpcore-4.4.13.jar
  - t/dependency/httpmime-4.5.13.jar
  - t/dependency/istack-commons-runtime-4.0.1.jar
  - t/dependency/jackson-annotations-2.13.2.jar
  - t/dependency/jackson-core-2.13.2.jar
  - t/dependency/jackson-core-asl-1.9.11.jar
  - t/dependency/jackson-databind-2.13.2.jar
  - t/dependency/jackson-mapper-asl-1.9.11.jar
  - t/dependency/jakarta.activation-2.0.1.jar
  - t/dependency/jakarta.json-1.1.6-module.jar
  - t/dependency/jakarta.json-api-1.1.6.jar
  - t/dependency/jakarta.json.bind-api-1.0.2.jar
  - t/dependency/jakarta.xml.bind-api-3.0.1.jar
  - t/dependency/javax.activation-api-1.2.0.jar
  - t/dependency/jaxb-api-2.3.1.jar
  - t/dependency/jaxb-core-3.0.2.jar
  - t/dependency/jaxb-runtime-3.0.2.jar
  - t/dependency/johnzon-core-1.1.11.jar
  - t/dependency/johnzon-mapper-1.1.11.jar
  - t/dependency/json-path-5.2.1.jar
  - t/dependency/json-simple-1.1.1.jar
  - t/dependency/junit-4.13.1.jar
  - t/dependency/mockito-core-1.10.19.jar
  - t/dependency/objenesis-2.1.jar
  - t/dependency/rest-assured-common-5.2.1.jar
  - t/dependency/scribejava-apis-2.5.3.jar
  - t/dependency/scribejava-core-2.5.3.jar
  - t/dependency/tagsoup-1.2.1.jar
  - t/dependency/txw2-3.0.2.jar
  - t/dependency/xml-path-5.2.1.jar
  - t/dependency/yasson-1.0.6.jar
* Finished analyzing classpath
* Generating tests for class io.restassured.authentication.PreemptiveBasicAuthScheme
* Test criteria:
  - Line Coverage
  - Branch Coverage
  - Exception
  - Mutation testing (weak)
  - Method-Output Coverage
  - Top-Level Method Coverage
  - No-Exception Top-Level Method Coverage
  - Context Branch Coverage
* Total number of test goals for DYNAMOSA: 105
[Progress:>                             0%] [Cov:>                                  0%]* Using seed 1731037775260
* Starting evolution
* Initial Number of Goals in DynaMOSA = 59 / 105
[Progress:>                             1%] [Cov:===========================>       78%][MASTER] 16:49:41.522 [logback-1] WARN  TestChromosome - Functional mock problem: org.evosuite.ga.ConstructionFailedException: Have no generator for class groovyjarjarasm.asm.commons.AnalyzerAdapter canUseFunctionalMocks=false, canBeMocked: true
[MASTER] 16:49:41.602 [logback-1] WARN  TestChromosome - Functional mock problem: org.evosuite.ga.ConstructionFailedException: Failed to add constructor for groovyjarjarasm.asm.commons.AnalyzerAdapter due to org.evosuite.ga.ConstructionFailedException: Failed to add constructor for groovyjarjarasm.asm.commons.InstructionAdapter due to org.evosuite.ga.ConstructionFailedException: Failed to add constructor for groovyjarjarasm.asm.commons.GeneratorAdapter due to org.evosuite.ga.ConstructionFailedException: Failed to add constructor for groovyjarjarasm.asm.commons.Method due to org.evosuite.ga.ConstructionFailedException: Have no generator for class java.lang.reflect.Method canUseFunctionalMocks=true, canBeMocked: false
[Progress:>                             3%] [Cov:===========================>       78%][Progress:>                             3%] [Cov:===========================>       78%][MASTER] 16:49:42.223 [logback-1] WARN  TestChromosome - Functional mock problem: org.evosuite.ga.ConstructionFailedException: Failed to add constructor for groovyjarjarasm.asm.commons.AnalyzerAdapter due to org.evosuite.ga.ConstructionFailedException: Failed to add constructor for org.codehaus.groovy.classgen.AsmClassGenerator due to org.evosuite.ga.ConstructionFailedException: Failed to add constructor for org.codehaus.groovy.control.SourceUnit due to org.evosuite.ga.ConstructionFailedException: Failed to add constructor for org.codehaus.groovy.control.CompilerConfiguration due to org.evosuite.ga.ConstructionFailedException: Max recursion depth reached
[MASTER] 16:49:42.392 [logback-1] WARN  TestChromosome - Functional mock problem: org.evosuite.ga.ConstructionFailedException: Failed to add constructor for groovyjarjarasm.asm.commons.AnalyzerAdapter due to org.evosuite.ga.ConstructionFailedException: Failed to add constructor for groovyjarjarasm.asm.commons.JSRInlinerAdapter due to org.evosuite.ga.ConstructionFailedException: Failed to add constructor for groovyjarjarasm.asm.commons.GeneratorAdapter due to org.evosuite.ga.ConstructionFailedException: Failed to add constructor for groovyjarjarasm.asm.commons.GeneratorAdapter due to org.evosuite.ga.ConstructionFailedException: Failed to add constructor for groovyjarjarasm.asm.commons.TryCatchBlockSorter due to org.evosuite.ga.ConstructionFailedException: Max recursion depth reached
[Progress:>                             3%] [Cov:===========================>       78%][Progress:=>                            5%] [Cov:=============================>     84%][Progress:=>                            5%] [Cov:===========================>       78%][Progress:=>                            5%] [Cov:===========================>       78%][Progress:=>                            5%] [Cov:===========================>       78%][Progress:=>                            5%] [Cov:===========================>       78%][Progress:=>                            5%] [Cov:===========================>       78%][MASTER] 16:49:43.664 [logback-1] WARN  TestChromosome - Functional mock problem: org.evosuite.ga.ConstructionFailedException: Failed to add constructor for groovyjarjarasm.asm.commons.AnalyzerAdapter due to org.evosuite.ga.ConstructionFailedException: Error: VariableReference: Statement 12, type groovyjarjarasm.asm.MethodVisitor is not assignable to class groovyjarjarasm.asm.MethodVisitor
[Progress:=>                            6%] [Cov:===========================>       78%][MASTER] 16:49:43.854 [logback-1] WARN  TestChromosome - Functional mock problem: org.evosuite.ga.ConstructionFailedException: Failed to add constructor for groovyjarjarasm.asm.commons.AnalyzerAdapter due to org.evosuite.ga.ConstructionFailedException: Failed to add constructor for groovyjarjarasm.asm.commons.GeneratorAdapter due to org.evosuite.ga.ConstructionFailedException: Have no generator for class java.lang.reflect.Method canUseFunctionalMocks=true, canBeMocked: false
[Progress:=>                            6%] [Cov:===========================>       78%][MASTER] 16:49:43.908 [logback-1] WARN  TestChromosome - Functional mock problem: org.evosuite.ga.ConstructionFailedException: Failed to add constructor for groovyjarjarasm.asm.commons.AnalyzerAdapter due to org.evosuite.ga.ConstructionFailedException: Failed to add constructor for groovyjarjarasm.asm.commons.CodeSizeEvaluator due to org.evosuite.ga.ConstructionFailedException: Failed to add constructor for groovyjarjarasm.asm.commons.MethodRemapper due to org.evosuite.ga.ConstructionFailedException: Failed to add constructor for groovyjarjarasm.asm.commons.GeneratorAdapter due to org.evosuite.ga.ConstructionFailedException: Failed to add constructor for groovyjarjarasm.asm.commons.Method due to org.evosuite.ga.ConstructionFailedException: Max recursion depth reached
[Progress:=>                            6%] [Cov:===========================>       78%][Progress:=>                            6%] [Cov:===========================>       78%][Progress:=>                            6%] [Cov:===========================>       78%][Progress:=>                            6%] [Cov:===========================>       78%][MASTER] 16:49:44.517 [logback-1] WARN  TestChromosome - Functional mock problem: org.evosuite.ga.ConstructionFailedException: Failed to add constructor for groovyjarjarasm.asm.commons.AnalyzerAdapter due to org.evosuite.ga.ConstructionFailedException: Error: VariableReference: Statement 11, type groovyjarjarasm.asm.MethodVisitor is not assignable to class groovyjarjarasm.asm.MethodVisitor
[Progress:=>                            6%] [Cov:===========================>       78%][Progress:==>                           8%] [Cov:===========================>       78%][MASTER] 16:49:45.116 [logback-1] WARN  TestChromosome - Functional mock problem: org.evosuite.ga.ConstructionFailedException: Failed to add constructor for groovyjarjarasm.asm.commons.AnalyzerAdapter due to org.evosuite.ga.ConstructionFailedException: Failed to add constructor for org.codehaus.groovy.classgen.AsmClassGenerator due to org.evosuite.ga.ConstructionFailedException: Failed to add constructor for org.codehaus.groovy.control.SourceUnit due to org.evosuite.ga.ConstructionFailedException: Max recursion depth reached
[Progress:==>                           8%] [Cov:===========================>       78%][MASTER] 16:49:45.321 [logback-1] WARN  TestChromosome - Functional mock problem: org.evosuite.ga.ConstructionFailedException: Failed to add constructor for groovyjarjarasm.asm.commons.AnalyzerAdapter due to org.evosuite.ga.ConstructionFailedException: Failed to add constructor for groovyjarjarasm.asm.commons.GeneratorAdapter due to org.evosuite.ga.ConstructionFailedException: Failed to add constructor for groovyjarjarasm.asm.commons.CodeSizeEvaluator due to org.evosuite.ga.ConstructionFailedException: Failed to add constructor for groovyjarjarasm.asm.commons.MethodRemapper due to org.evosuite.ga.ConstructionFailedException: Failed to add constructor for groovyjarjarasm.asm.util.TraceMethodVisitor due to org.evosuite.ga.ConstructionFailedException: Max recursion depth reached
[Progress:==>                           8%] [Cov:===========================>       78%][MASTER] 16:49:45.478 [logback-1] WARN  TestChromosome - Functional mock problem: org.evosuite.ga.ConstructionFailedException: Failed to add constructor for groovyjarjarasm.asm.commons.AnalyzerAdapter due to org.evosuite.ga.ConstructionFailedException: Failed to add constructor for groovyjarjarasm.asm.commons.InstructionAdapter due to org.evosuite.ga.ConstructionFailedException: Failed to add constructor for groovyjarjarasm.asm.commons.GeneratorAdapter due to org.evosuite.ga.ConstructionFailedException: Failed to add constructor for groovyjarjarasm.asm.commons.MethodRemapper due to org.evosuite.ga.ConstructionFailedException: Failed to add constructor for groovyjarjarasm.asm.commons.CodeSizeEvaluator due to org.evosuite.ga.ConstructionFailedException: Max recursion depth reached
[Progress:==>                           8%] [Cov:===========================>       78%][Progress:===>                          10%] [Cov:===========================>       78%][MASTER] 16:49:45.727 [logback-1] WARN  TestChromosome - Functional mock problem: org.evosuite.ga.ConstructionFailedException: Failed to add constructor for groovyjarjarasm.asm.commons.AnalyzerAdapter due to org.evosuite.ga.ConstructionFailedException: Error: VariableReference: Statement 5, type groovyjarjarasm.asm.MethodVisitor is not assignable to class groovyjarjarasm.asm.MethodVisitor
[Progress:===>                          10%] [Cov:===========================>       78%][Progress:===>                          10%] [Cov:===========================>       78%][Progress:===>                          10%] [Cov:===========================>       78%][MASTER] 16:49:46.050 [logback-1] WARN  TestChromosome - Functional mock problem: org.evosuite.ga.ConstructionFailedException: Failed to add constructor for groovyjarjarasm.asm.commons.AnalyzerAdapter due to org.evosuite.ga.ConstructionFailedException: Failed to add constructor for groovyjarjarasm.asm.commons.CodeSizeEvaluator due to org.evosuite.ga.ConstructionFailedException: Failed to add constructor for groovyjarjarasm.asm.commons.GeneratorAdapter due to org.evosuite.ga.ConstructionFailedException: Failed to add constructor for groovyjarjarasm.asm.commons.MethodRemapper due to org.evosuite.ga.ConstructionFailedException: Failed to add constructor for groovyjarjarasm.asm.commons.GeneratorAdapter due to org.evosuite.ga.ConstructionFailedException: Have no generator for class java.lang.reflect.Method canUseFunctionalMocks=true, canBeMocked: false
[MASTER] 16:49:46.115 [logback-1] WARN  TestChromosome - Functional mock problem: org.evosuite.ga.ConstructionFailedException: Failed to add constructor for groovyjarjarasm.asm.commons.AnalyzerAdapter due to org.evosuite.ga.ConstructionFailedException: Error: VariableReference: Statement 6, type groovyjarjarasm.asm.MethodVisitor is not assignable to class groovyjarjarasm.asm.MethodVisitor
[Progress:===>                          10%] [Cov:===========================>       78%][Progress:===>                          10%] [Cov:===========================>       78%][Progress:===>                          10%] [Cov:===========================>       78%][MASTER] 16:49:46.498 [logback-1] WARN  TestChromosome - Functional mock problem: org.evosuite.ga.ConstructionFailedException: Failed to add constructor for groovyjarjarasm.asm.commons.AnalyzerAdapter due to org.evosuite.ga.ConstructionFailedException: Error: VariableReference: Statement 4, type groovyjarjarasm.asm.MethodVisitor is not assignable to class groovyjarjarasm.asm.MethodVisitor
[Progress:===>                          10%] [Cov:===========================>       78%][Progress:===>                          10%] [Cov:===========================>       78%][Progress:===>                          11%] [Cov:===========================>       78%][Progress:===>                          11%] [Cov:===========================>       78%][Progress:===>                          11%] [Cov:===========================>       78%][Progress:===>                          11%] [Cov:===========================>       78%][Progress:===>                          11%] [Cov:===========================>       78%][Progress:===>                          11%] [Cov:===========================>       78%][MASTER] 16:49:47.112 [logback-1] WARN  TestChromosome - Functional mock problem: org.evosuite.ga.ConstructionFailedException: Failed to add constructor for groovyjarjarasm.asm.commons.AnalyzerAdapter due to org.evosuite.ga.ConstructionFailedException: Failed to add constructor for groovyjarjarasm.asm.commons.CodeSizeEvaluator due to org.evosuite.ga.ConstructionFailedException: Failed to add constructor for groovyjarjarasm.asm.commons.JSRInlinerAdapter due to org.evosuite.ga.ConstructionFailedException: Failed to add constructor for groovyjarjarasm.asm.commons.GeneratorAdapter due to org.evosuite.ga.ConstructionFailedException: Have no generator for class java.lang.reflect.Method canUseFunctionalMocks=true, canBeMocked: false
[Progress:===>                          11%] [Cov:===========================>       78%][Progress:===>                          11%] [Cov:===========================>       78%][Progress:===>                          11%] [Cov:===========================>       78%][MASTER] 16:49:47.311 [logback-1] WARN  TestChromosome - Functional mock problem: org.evosuite.ga.ConstructionFailedException: Failed to add constructor for groovyjarjarasm.asm.commons.AnalyzerAdapter due to org.evosuite.ga.ConstructionFailedException: Failed to add constructor for groovyjarjarasm.asm.commons.JSRInlinerAdapter due to org.evosuite.ga.ConstructionFailedException: Failed to add constructor for groovyjarjarasm.asm.commons.TryCatchBlockSorter due to org.evosuite.ga.ConstructionFailedException: Failed to add constructor for groovyjarjarasm.asm.commons.LocalVariablesSorter due to org.evosuite.ga.ConstructionFailedException: Failed to add constructor for groovyjarjarasm.asm.commons.MethodRemapper due to org.evosuite.ga.ConstructionFailedException: Max recursion depth reached
[Progress:===>                          11%] [Cov:===========================>       78%][MASTER] 16:49:47.451 [logback-1] WARN  TestChromosome - Functional mock problem: org.evosuite.ga.ConstructionFailedException: Failed to add constructor for groovyjarjarasm.asm.commons.AnalyzerAdapter due to org.evosuite.ga.ConstructionFailedException: Failed to add constructor for org.codehaus.groovy.classgen.AsmClassGenerator due to org.evosuite.ga.ConstructionFailedException: Failed to add constructor for org.codehaus.groovy.classgen.GeneratorContext due to org.evosuite.ga.ConstructionFailedException: Failed to add constructor for org.codehaus.groovy.ast.CompileUnit due to org.evosuite.ga.ConstructionFailedException: Max recursion depth reached
[MASTER] 16:49:47.461 [logback-1] WARN  TestChromosome - Functional mock problem: org.evosuite.ga.ConstructionFailedException: Failed to add constructor for groovyjarjarasm.asm.commons.AnalyzerAdapter due to org.evosuite.ga.ConstructionFailedException: Failed to add constructor for groovyjarjarasm.asm.commons.CodeSizeEvaluator due to org.evosuite.ga.ConstructionFailedException: Failed to add constructor for groovyjarjarasm.asm.commons.LocalVariablesSorter due to org.evosuite.ga.ConstructionFailedException: Failed to add constructor for groovyjarjarasm.asm.commons.GeneratorAdapter due to org.evosuite.ga.ConstructionFailedException: Have no generator for class java.lang.reflect.Method canUseFunctionalMocks=true, canBeMocked: false
[MASTER] 16:49:47.529 [logback-1] WARN  TestCluster - Failed to check cache for java.util.function.Function<T, R> : Type points to itself
[Progress:===>                          11%] [Cov:===========================>       78%][MASTER] 16:49:47.619 [logback-1] WARN  TestChromosome - Functional mock problem: org.evosuite.ga.ConstructionFailedException: Failed to add constructor for groovyjarjarasm.asm.commons.AnalyzerAdapter due to org.evosuite.ga.ConstructionFailedException: Failed to add constructor for groovyjarjarasm.asm.commons.GeneratorAdapter due to org.evosuite.ga.ConstructionFailedException: Failed to add constructor for groovyjarjarasm.asm.commons.MethodRemapper due to org.evosuite.ga.ConstructionFailedException: Failed to add constructor for groovyjarjarasm.asm.commons.LocalVariablesSorter due to org.evosuite.ga.ConstructionFailedException: Failed to add constructor for groovyjarjarasm.asm.commons.InstructionAdapter due to org.evosuite.ga.ConstructionFailedException: Max recursion depth reached
[MASTER] 16:49:47.625 [logback-1] WARN  TestChromosome - Functional mock problem: org.evosuite.ga.ConstructionFailedException: Failed to add constructor for groovyjarjarasm.asm.commons.AnalyzerAdapter due to org.evosuite.ga.ConstructionFailedException: Failed to add constructor for groovyjarjarasm.asm.commons.InstructionAdapter due to org.evosuite.ga.ConstructionFailedException: Failed to add constructor for groovyjarjarasm.asm.commons.TryCatchBlockSorter due to org.evosuite.ga.ConstructionFailedException: Failed to add constructor for groovyjarjarasm.asm.commons.LocalVariablesSorter due to org.evosuite.ga.ConstructionFailedException: Failed to add constructor for groovyjarjarasm.asm.util.TraceMethodVisitor due to org.evosuite.ga.ConstructionFailedException: Max recursion depth reached
[Progress:===>                          11%] [Cov:===========================>       78%][MASTER] 16:49:47.698 [logback-1] WARN  TestChromosome - Functional mock problem: org.evosuite.ga.ConstructionFailedException: Failed to add constructor for groovyjarjarasm.asm.commons.AnalyzerAdapter due to org.evosuite.ga.ConstructionFailedException: Failed to add constructor for groovyjarjarasm.asm.commons.CodeSizeEvaluator due to org.evosuite.ga.ConstructionFailedException: Failed to add constructor for groovyjarjarasm.asm.commons.InstructionAdapter due to org.evosuite.ga.ConstructionFailedException: Failed to add constructor for groovyjarjarasm.asm.commons.GeneratorAdapter due to org.evosuite.ga.ConstructionFailedException: Failed to add constructor for groovyjarjarasm.asm.ClassWriter due to org.evosuite.ga.ConstructionFailedException: Max recursion depth reached
[Progress:===>                          13%] [Cov:===========================>       78%][MASTER] 16:49:47.783 [logback-1] WARN  TestChromosome - Functional mock problem: org.evosuite.ga.ConstructionFailedException: Failed to add constructor for groovyjarjarasm.asm.commons.AnalyzerAdapter due to org.evosuite.ga.ConstructionFailedException: Failed to add constructor for groovyjarjarasm.asm.ClassWriter due to org.evosuite.ga.ConstructionFailedException: Failed to add constructor for groovyjarjarasm.asm.ClassReader due to org.evosuite.ga.ConstructionFailedException: Failed to add constructor for org.evosuite.runtime.mock.java.io.MockFileInputStream due to org.evosuite.ga.ConstructionFailedException: Max recursion depth reached
[Progress:===>                          13%] [Cov:===========================>       78%][Progress:===>                          13%] [Cov:===========================>       78%][Progress:===>                          13%] [Cov:===========================>       78%][Progress:===>                          13%] [Cov:===========================>       78%][Progress:===>                          13%] [Cov:===========================>       78%][MASTER] 16:49:48.484 [logback-1] WARN  TestChromosome - Functional mock problem: org.evosuite.ga.ConstructionFailedException: Failed to add constructor for groovyjarjarasm.asm.commons.AnalyzerAdapter due to org.evosuite.ga.ConstructionFailedException: Failed to add constructor for groovyjarjarasm.asm.commons.LocalVariablesSorter due to org.evosuite.ga.ConstructionFailedException: Failed to add constructor for groovyjarjarasm.asm.util.TraceMethodVisitor due to org.evosuite.ga.ConstructionFailedException: Failed to add constructor for groovyjarjarasm.asm.commons.MethodRemapper due to org.evosuite.ga.ConstructionFailedException: Failed to add constructor for groovyjarjarasm.asm.commons.TryCatchBlockSorter due to org.evosuite.ga.ConstructionFailedException: Max recursion depth reached
[Progress:===>                          13%] [Cov:===========================>       78%][Progress:===>                          13%] [Cov:===========================>       78%][MASTER] 16:49:48.664 [logback-1] WARN  TestChromosome - Functional mock problem: org.evosuite.ga.ConstructionFailedException: Failed to add constructor for groovyjarjarasm.asm.commons.AnalyzerAdapter due to org.evosuite.ga.ConstructionFailedException: Failed to add constructor for groovyjarjarasm.asm.commons.InstructionAdapter due to org.evosuite.ga.ConstructionFailedException: Failed to add constructor for groovyjarjarasm.asm.commons.GeneratorAdapter due to org.evosuite.ga.ConstructionFailedException: Failed to add constructor for groovyjarjarasm.asm.commons.GeneratorAdapter due to org.evosuite.ga.ConstructionFailedException: Failed to add constructor for groovyjarjarasm.asm.ClassWriter due to org.evosuite.ga.ConstructionFailedException: Max recursion depth reached
[Progress:====>                         15%] [Cov:===========================>       78%][MASTER] 16:49:48.806 [logback-1] WARN  TestChromosome - Functional mock problem: org.evosuite.ga.ConstructionFailedException: Failed to add constructor for groovyjarjarasm.asm.commons.AnalyzerAdapter due to org.evosuite.ga.ConstructionFailedException: Failed to add constructor for groovyjarjarasm.asm.commons.CodeSizeEvaluator due to org.evosuite.ga.ConstructionFailedException: Failed to add constructor for groovyjarjarasm.asm.commons.LocalVariablesSorter due to org.evosuite.ga.ConstructionFailedException: Failed to add constructor for groovyjarjarasm.asm.commons.MethodRemapper due to org.evosuite.ga.ConstructionFailedException: Failed to add constructor for groovyjarjarasm.asm.commons.GeneratorAdapter due to org.evosuite.ga.ConstructionFailedException: Max recursion depth reached
[Progress:====>                         15%] [Cov:===========================>       78%][Progress:====>                         15%] [Cov:===========================>       78%][Progress:====>                         15%] [Cov:===========================>       78%][Progress:====>                         15%] [Cov:===========================>       78%][MASTER] 16:49:49.220 [logback-1] WARN  TestChromosome - Functional mock problem: org.evosuite.ga.ConstructionFailedException: Failed to add constructor for groovyjarjarasm.asm.commons.AnalyzerAdapter due to org.evosuite.ga.ConstructionFailedException: Failed to add constructor for groovyjarjarasm.asm.commons.TryCatchBlockSorter due to org.evosuite.ga.ConstructionFailedException: Failed to add constructor for groovyjarjarasm.asm.commons.GeneratorAdapter due to org.evosuite.ga.ConstructionFailedException: Have no generator for class java.lang.reflect.Method canUseFunctionalMocks=true, canBeMocked: false
[Progress:====>                         15%] [Cov:===========================>       78%][Progress:====>                         15%] [Cov:===========================>       78%][Progress:====>                         15%] [Cov:===========================>       78%][Progress:====>                         15%] [Cov:===========================>       78%][MASTER] 16:49:49.594 [logback-1] WARN  TestChromosome - Functional mock problem: org.evosuite.ga.ConstructionFailedException: Failed to add constructor for groovyjarjarasm.asm.commons.AnalyzerAdapter due to org.evosuite.ga.ConstructionFailedException: Failed to add constructor for groovyjarjarasm.asm.commons.MethodRemapper due to org.evosuite.ga.ConstructionFailedException: Failed to add constructor for groovyjarjarasm.asm.commons.GeneratorAdapter due to org.evosuite.ga.ConstructionFailedException: Have no generator for class java.lang.reflect.Method canUseFunctionalMocks=true, canBeMocked: false
[Progress:====>                         15%] [Cov:===========================>       78%][Progress:====>                         15%] [Cov:===========================>       78%][MASTER] 16:49:49.716 [logback-1] WARN  TestChromosome - Functional mock problem: org.evosuite.ga.ConstructionFailedException: Failed to add constructor for groovyjarjarasm.asm.commons.AnalyzerAdapter due to org.evosuite.ga.ConstructionFailedException: Failed to add constructor for groovyjarjarasm.asm.commons.GeneratorAdapter due to org.evosuite.ga.ConstructionFailedException: Have no generator for java.lang.reflect.Constructor<org.codehaus.groovy.runtime.callsite.CallSiteArray> canUseFunctionalMocks=true, canBeMocked: false
[MASTER] 16:49:49.727 [logback-1] WARN  TestChromosome - Functional mock problem: org.evosuite.ga.ConstructionFailedException: Failed to add constructor for groovyjarjarasm.asm.commons.AnalyzerAdapter due to org.evosuite.ga.ConstructionFailedException: Failed to add constructor for groovyjarjarasm.asm.commons.GeneratorAdapter due to org.evosuite.ga.ConstructionFailedException: Failed to add constructor for groovyjarjarasm.asm.commons.GeneratorAdapter due to org.evosuite.ga.ConstructionFailedException: Failed to add constructor for groovyjarjarasm.asm.commons.MethodRemapper due to org.evosuite.ga.ConstructionFailedException: Failed to add constructor for groovyjarjarasm.asm.commons.InstructionAdapter due to org.evosuite.ga.ConstructionFailedException: Max recursion depth reached
[Progress:====>                         16%] [Cov:===========================>       78%][Progress:====>                         16%] [Cov:===========================>       78%][Progress:====>                         16%] [Cov:===========================>       78%][Progress:====>                         16%] [Cov:===========================>       78%][MASTER] 16:49:50.211 [logback-1] WARN  TestChromosome - Functional mock problem: org.evosuite.ga.ConstructionFailedException: Failed to add constructor for groovyjarjarasm.asm.commons.AnalyzerAdapter due to org.evosuite.ga.ConstructionFailedException: Failed to add constructor for groovyjarjarasm.asm.commons.TryCatchBlockSorter due to org.evosuite.ga.ConstructionFailedException: Failed to add constructor for groovyjarjarasm.asm.commons.GeneratorAdapter due to org.evosuite.ga.ConstructionFailedException: Failed to add constructor for groovyjarjarasm.asm.ClassWriter due to org.evosuite.ga.ConstructionFailedException: Failed to add constructor for groovyjarjarasm.asm.ClassReader due to org.evosuite.ga.ConstructionFailedException: Max recursion depth reached
[Progress:====>                         16%] [Cov:===========================>       78%][MASTER] 16:49:50.291 [logback-1] WARN  TestChromosome - Functional mock problem: org.evosuite.ga.ConstructionFailedException: Failed to add constructor for groovyjarjarasm.asm.commons.AnalyzerAdapter due to org.evosuite.ga.ConstructionFailedException: Failed to add constructor for groovyjarjarasm.asm.commons.CodeSizeEvaluator due to org.evosuite.ga.ConstructionFailedException: Failed to add constructor for groovyjarjarasm.asm.commons.JSRInlinerAdapter due to org.evosuite.ga.ConstructionFailedException: Failed to add constructor for groovyjarjarasm.asm.commons.MethodRemapper due to org.evosuite.ga.ConstructionFailedException: Failed to add constructor for groovyjarjarasm.asm.commons.GeneratorAdapter due to org.evosuite.ga.ConstructionFailedException: Max recursion depth reached
[MASTER] 16:49:50.327 [logback-1] WARN  TestChromosome - Functional mock problem: org.evosuite.ga.ConstructionFailedException: Failed to add constructor for groovyjarjarasm.asm.commons.AnalyzerAdapter due to org.evosuite.ga.ConstructionFailedException: Failed to add constructor for groovyjarjarasm.asm.commons.LocalVariablesSorter due to org.evosuite.ga.ConstructionFailedException: Failed to add constructor for groovyjarjarasm.asm.commons.TryCatchBlockSorter due to org.evosuite.ga.ConstructionFailedException: Failed to add constructor for groovyjarjarasm.asm.util.TraceMethodVisitor due to org.evosuite.ga.ConstructionFailedException: Failed to add constructor for groovyjarjarasm.asm.commons.InstructionAdapter due to org.evosuite.ga.ConstructionFailedException: Max recursion depth reached
[Progress:====>                         16%] [Cov:===========================>       78%][Progress:====>                         16%] [Cov:===========================>       78%][Progress:====>                         16%] [Cov:===========================>       78%][Progress:====>                         16%] [Cov:===========================>       78%][Progress:=====>                        18%] [Cov:===========================>       78%][Progress:=====>                        18%] [Cov:===========================>       78%][MASTER] 16:49:50.823 [logback-1] WARN  TestChromosome - Functional mock problem: org.evosuite.ga.ConstructionFailedException: Failed to add constructor for groovyjarjarasm.asm.commons.AnalyzerAdapter due to org.evosuite.ga.ConstructionFailedException: Failed to add constructor for groovyjarjarasm.asm.commons.MethodRemapper due to org.evosuite.ga.ConstructionFailedException: Failed to add constructor for groovyjarjarasm.asm.commons.CodeSizeEvaluator due to org.evosuite.ga.ConstructionFailedException: Failed to add constructor for groovyjarjarasm.asm.commons.LocalVariablesSorter due to org.evosuite.ga.ConstructionFailedException: Failed to add constructor for groovyjarjarasm.asm.commons.GeneratorAdapter due to org.evosuite.ga.ConstructionFailedException: Max recursion depth reached
[Progress:=====>                        18%] [Cov:===========================>       78%][MASTER] 16:49:50.883 [logback-1] WARN  TestChromosome - Functional mock problem: org.evosuite.ga.ConstructionFailedException: Failed to add constructor for groovyjarjarasm.asm.commons.AnalyzerAdapter due to org.evosuite.ga.ConstructionFailedException: Failed to add constructor for groovyjarjarasm.asm.commons.GeneratorAdapter due to org.evosuite.ga.ConstructionFailedException: Failed to add constructor for groovyjarjarasm.asm.commons.CodeSizeEvaluator due to org.evosuite.ga.ConstructionFailedException: Failed to add constructor for groovyjarjarasm.asm.commons.GeneratorAdapter due to org.evosuite.ga.ConstructionFailedException: Have no generator for java.lang.reflect.Constructor<java.lang.Object> canUseFunctionalMocks=true, canBeMocked: false
[Progress:=====>                        18%] [Cov:===========================>       78%][Progress:=====>                        18%] [Cov:===========================>       78%][Progress:=====>                        18%] [Cov:===========================>       78%][Progress:=====>                        18%] [Cov:===========================>       78%][Progress:=====>                        18%] [Cov:===========================>       78%][Progress:=====>                        18%] [Cov:===========================>       78%][Progress:=====>                        18%] [Cov:===========================>       78%][Progress:=====>                        18%] [Cov:===========================>       78%][MASTER] 16:49:51.388 [logback-1] WARN  TestChromosome - Functional mock problem: org.evosuite.ga.ConstructionFailedException: Failed to add constructor for groovyjarjarasm.asm.commons.AnalyzerAdapter due to org.evosuite.ga.ConstructionFailedException: Failed to add constructor for groovyjarjarasm.asm.commons.InstructionAdapter due to org.evosuite.ga.ConstructionFailedException: Failed to add constructor for groovyjarjarasm.asm.commons.MethodRemapper due to org.evosuite.ga.ConstructionFailedException: Failed to add constructor for groovyjarjarasm.asm.commons.CodeSizeEvaluator due to org.evosuite.ga.ConstructionFailedException: Failed to add constructor for groovyjarjarasm.asm.commons.LocalVariablesSorter due to org.evosuite.ga.ConstructionFailedException: Max recursion depth reached
[MASTER] 16:49:51.412 [logback-1] WARN  TestChromosome - Functional mock problem: org.evosuite.ga.ConstructionFailedException: Failed to add constructor for groovyjarjarasm.asm.commons.AnalyzerAdapter due to org.evosuite.ga.ConstructionFailedException: Failed to add constructor for groovyjarjarasm.asm.commons.GeneratorAdapter due to org.evosuite.ga.ConstructionFailedException: Have no generator for java.lang.reflect.Constructor<java.lang.Object> canUseFunctionalMocks=true, canBeMocked: false
[Progress:=====>                        18%] [Cov:===========================>       78%][Progress:=====>                        18%] [Cov:===========================>       78%][Progress:=====>                        18%] [Cov:===========================>       78%][Progress:======>                       20%] [Cov:===========================>       78%][Progress:======>                       20%] [Cov:===========================>       78%][Progress:======>                       20%] [Cov:===========================>       78%][MASTER] 16:49:52.054 [logback-1] WARN  TestChromosome - Functional mock problem: org.evosuite.ga.ConstructionFailedException: Failed to add constructor for groovyjarjarasm.asm.commons.AnalyzerAdapter due to org.evosuite.ga.ConstructionFailedException: Failed to add constructor for groovyjarjarasm.asm.commons.JSRInlinerAdapter due to org.evosuite.ga.ConstructionFailedException: Failed to add constructor for groovyjarjarasm.asm.commons.GeneratorAdapter due to org.evosuite.ga.ConstructionFailedException: Have no generator for class java.lang.reflect.Method canUseFunctionalMocks=true, canBeMocked: false
[Progress:======>                       20%] [Cov:===========================>       78%][Progress:======>                       20%] [Cov:===========================>       78%][Progress:======>                       20%] [Cov:===========================>       78%][MASTER] 16:49:52.310 [logback-1] WARN  TestChromosome - Functional mock problem: org.evosuite.ga.ConstructionFailedException: Failed to add constructor for groovyjarjarasm.asm.commons.AnalyzerAdapter due to org.evosuite.ga.ConstructionFailedException: Failed to add constructor for groovyjarjarasm.asm.commons.TryCatchBlockSorter due to org.evosuite.ga.ConstructionFailedException: Failed to add constructor for groovyjarjarasm.asm.commons.JSRInlinerAdapter due to org.evosuite.ga.ConstructionFailedException: Failed to add constructor for groovyjarjarasm.asm.commons.GeneratorAdapter due to org.evosuite.ga.ConstructionFailedException: Failed to add constructor for groovyjarjarasm.asm.commons.GeneratorAdapter due to org.evosuite.ga.ConstructionFailedException: Have no generator for class java.lang.reflect.Method canUseFunctionalMocks=true, canBeMocked: false
[Progress:======>                       20%] [Cov:===========================>       78%][Progress:======>                       20%] [Cov:===========================>       78%][Progress:======>                       20%] [Cov:===========================>       78%][Progress:======>                       20%] [Cov:===========================>       78%][Progress:======>                       21%] [Cov:===========================>       78%][Progress:======>                       21%] [Cov:===========================>       78%][Progress:======>                       21%] [Cov:===========================>       78%][MASTER] 16:49:53.015 [logback-1] WARN  TestChromosome - Functional mock problem: org.evosuite.ga.ConstructionFailedException: Failed to add constructor for groovyjarjarasm.asm.commons.AnalyzerAdapter due to org.evosuite.ga.ConstructionFailedException: Failed to add constructor for org.codehaus.groovy.classgen.AsmClassGenerator due to org.evosuite.ga.ConstructionFailedException: Failed to add constructor for org.codehaus.groovy.control.SourceUnit due to org.evosuite.ga.ConstructionFailedException: Failed to add constructor for org.codehaus.groovy.control.io.InputStreamReaderSource due to org.evosuite.ga.ConstructionFailedException: Max recursion depth reached
[Progress:======>                       21%] [Cov:===========================>       78%][MASTER] 16:49:53.131 [logback-1] WARN  TestChromosome - Functional mock problem: org.evosuite.ga.ConstructionFailedException: Failed to add constructor for groovyjarjarasm.asm.commons.AnalyzerAdapter due to org.evosuite.ga.ConstructionFailedException: Failed to add constructor for groovyjarjarasm.asm.ClassWriter due to org.evosuite.ga.ConstructionFailedException: Failed to add constructor for groovyjarjarasm.asm.ClassReader due to org.evosuite.ga.ConstructionFailedException: Failed to add constructor for java.io.DataInputStream due to org.evosuite.ga.ConstructionFailedException: Max recursion depth reached
[Progress:======>                       21%] [Cov:===========================>       78%][Progress:======>                       21%] [Cov:===========================>       78%][Progress:======>                       21%] [Cov:===========================>       78%][Progress:======>                       21%] [Cov:===========================>       78%][Progress:======>                       21%] [Cov:===========================>       78%][Progress:======>                       21%] [Cov:===========================>       78%][Progress:======>                       21%] [Cov:===========================>       78%][Progress:======>                       23%] [Cov:===========================>       78%][Progress:======>                       23%] [Cov:===========================>       78%][Progress:======>                       23%] [Cov:===========================>       78%][Progress:======>                       23%] [Cov:===========================>       78%][MASTER] 16:49:54.134 [logback-1] WARN  TestChromosome - Functional mock problem: org.evosuite.ga.ConstructionFailedException: Failed to add constructor for groovyjarjarasm.asm.commons.AnalyzerAdapter due to org.evosuite.ga.ConstructionFailedException: Failed to add constructor for groovyjarjarasm.asm.commons.TryCatchBlockSorter due to org.evosuite.ga.ConstructionFailedException: Failed to add constructor for groovyjarjarasm.asm.commons.GeneratorAdapter due to org.evosuite.ga.ConstructionFailedException: Have no generator for java.lang.reflect.Constructor<java.lang.Object> canUseFunctionalMocks=true, canBeMocked: false
[Progress:======>                       23%] [Cov:===========================>       78%][Progress:======>                       23%] [Cov:===========================>       78%][Progress:======>                       23%] [Cov:===========================>       78%][Progress:======>                       23%] [Cov:===========================>       78%][Progress:======>                       23%] [Cov:===========================>       78%][Progress:======>                       23%] [Cov:===========================>       78%][MASTER] 16:49:54.507 [logback-1] WARN  TestChromosome - Functional mock problem: org.evosuite.ga.ConstructionFailedException: Failed to add constructor for groovyjarjarasm.asm.commons.AnalyzerAdapter due to org.evosuite.ga.ConstructionFailedException: Failed to add constructor for groovyjarjarasm.asm.commons.LocalVariablesSorter due to org.evosuite.ga.ConstructionFailedException: Failed to add constructor for groovyjarjarasm.asm.commons.GeneratorAdapter due to org.evosuite.ga.ConstructionFailedException: Failed to add constructor for groovyjarjarasm.asm.commons.TryCatchBlockSorter due to org.evosuite.ga.ConstructionFailedException: Failed to add constructor for groovyjarjarasm.asm.commons.CodeSizeEvaluator due to org.evosuite.ga.ConstructionFailedException: Max recursion depth reached
[Progress:======>                       23%] [Cov:===========================>       78%][Progress:======>                       23%] [Cov:===========================>       78%][Progress:=======>                      25%] [Cov:===========================>       78%][Progress:=======>                      25%] [Cov:===========================>       78%][Progress:=======>                      25%] [Cov:===========================>       78%][Progress:=======>                      25%] [Cov:===========================>       78%][Progress:=======>                      25%] [Cov:===========================>       78%][Progress:=======>                      25%] [Cov:===========================>       78%][Progress:=======>                      25%] [Cov:===========================>       78%][Progress:=======>                      25%] [Cov:===========================>       78%][Progress:=======>                      25%] [Cov:===========================>       78%][Progress:=======>                      25%] [Cov:===========================>       78%][MASTER] 16:49:55.528 [logback-1] WARN  TestChromosome - Functional mock problem: org.evosuite.ga.ConstructionFailedException: Failed to add constructor for groovyjarjarasm.asm.commons.AnalyzerAdapter due to org.evosuite.ga.ConstructionFailedException: Failed to add constructor for groovyjarjarasm.asm.commons.JSRInlinerAdapter due to org.evosuite.ga.ConstructionFailedException: Failed to add constructor for groovyjarjarasm.asm.commons.GeneratorAdapter due to org.evosuite.ga.ConstructionFailedException: Failed to add constructor for groovyjarjarasm.asm.commons.MethodRemapper due to org.evosuite.ga.ConstructionFailedException: Failed to add constructor for groovyjarjarasm.asm.commons.CodeSizeEvaluator due to org.evosuite.ga.ConstructionFailedException: Max recursion depth reached
[Progress:=======>                      25%] [Cov:===========================>       78%][Progress:=======>                      25%] [Cov:===========================>       78%][Progress:=======>                      25%] [Cov:===========================>       78%][Progress:=======>                      26%] [Cov:===========================>       78%][Progress:=======>                      26%] [Cov:===========================>       78%][Progress:=======>                      26%] [Cov:===========================>       78%][Progress:=======>                      26%] [Cov:===========================>       78%][Progress:=======>                      26%] [Cov:===========================>       78%][MASTER] 16:49:55.936 [logback-1] WARN  TestChromosome - Functional mock problem: org.evosuite.ga.ConstructionFailedException: Failed to add constructor for groovyjarjarasm.asm.commons.AnalyzerAdapter due to org.evosuite.ga.ConstructionFailedException: Failed to add constructor for groovyjarjarasm.asm.commons.GeneratorAdapter due to org.evosuite.ga.ConstructionFailedException: Failed to add constructor for groovyjarjarasm.asm.commons.GeneratorAdapter due to org.evosuite.ga.ConstructionFailedException: Have no generator for java.lang.reflect.Constructor<org.codehaus.groovy.runtime.callsite.CallSiteArray> canUseFunctionalMocks=true, canBeMocked: false
[Progress:=======>                      26%] [Cov:===========================>       78%][Progress:=======>                      26%] [Cov:===========================>       78%][Progress:=======>                      26%] [Cov:===========================>       78%][Progress:=======>                      26%] [Cov:===========================>       78%][Progress:=======>                      26%] [Cov:===========================>       78%][Progress:=======>                      26%] [Cov:===========================>       78%][Progress:=======>                      26%] [Cov:===========================>       78%][Progress:=======>                      26%] [Cov:===========================>       78%][Progress:=======>                      26%] [Cov:===========================>       78%][MASTER] 16:49:56.316 [logback-1] WARN  TestChromosome - Functional mock problem: org.evosuite.ga.ConstructionFailedException: Failed to add constructor for groovyjarjarasm.asm.commons.AnalyzerAdapter due to org.evosuite.ga.ConstructionFailedException: Failed to add constructor for groovyjarjarasm.asm.commons.GeneratorAdapter due to org.evosuite.ga.ConstructionFailedException: Failed to add constructor for groovyjarjarasm.asm.commons.InstructionAdapter due to org.evosuite.ga.ConstructionFailedException: Failed to add constructor for groovyjarjarasm.asm.commons.MethodRemapper due to org.evosuite.ga.ConstructionFailedException: Failed to add constructor for groovyjarjarasm.asm.commons.JSRInlinerAdapter due to org.evosuite.ga.ConstructionFailedException: Max recursion depth reached
[Progress:=======>                      26%] [Cov:===========================>       78%][Progress:=======>                      26%] [Cov:===========================>       78%][Progress:=======>                      26%] [Cov:===========================>       78%][MASTER] 16:49:56.474 [logback-1] WARN  TestChromosome - Functional mock problem: org.evosuite.ga.ConstructionFailedException: Failed to add constructor for groovyjarjarasm.asm.commons.AnalyzerAdapter due to org.evosuite.ga.ConstructionFailedException: Failed to add constructor for groovyjarjarasm.asm.commons.MethodRemapper due to org.evosuite.ga.ConstructionFailedException: Failed to add constructor for groovyjarjarasm.asm.util.TraceMethodVisitor due to org.evosuite.ga.ConstructionFailedException: Failed to add constructor for groovyjarjarasm.asm.commons.GeneratorAdapter due to org.evosuite.ga.ConstructionFailedException: Failed to add constructor for groovyjarjarasm.asm.util.TraceMethodVisitor due to org.evosuite.ga.ConstructionFailedException: Max recursion depth reached
[Progress:=======>                      26%] [Cov:===========================>       78%][MASTER] 16:49:56.555 [logback-1] WARN  TestChromosome - Functional mock problem: org.evosuite.ga.ConstructionFailedException: Failed to add constructor for groovyjarjarasm.asm.commons.AnalyzerAdapter due to org.evosuite.ga.ConstructionFailedException: Failed to add constructor for groovyjarjarasm.asm.commons.LocalVariablesSorter due to org.evosuite.ga.ConstructionFailedException: Failed to add constructor for groovyjarjarasm.asm.commons.TryCatchBlockSorter due to org.evosuite.ga.ConstructionFailedException: Failed to add constructor for groovyjarjarasm.asm.commons.MethodRemapper due to org.evosuite.ga.ConstructionFailedException: Failed to add constructor for groovyjarjarasm.asm.util.TraceMethodVisitor due to org.evosuite.ga.ConstructionFailedException: Max recursion depth reached
[Progress:=======>                      26%] [Cov:===========================>       78%][Progress:=======>                      26%] [Cov:===========================>       78%][Progress:========>                     28%] [Cov:===========================>       78%][Progress:========>                     28%] [Cov:===========================>       78%][Progress:========>                     28%] [Cov:===========================>       78%][Progress:========>                     28%] [Cov:===========================>       78%][Progress:========>                     28%] [Cov:===========================>       78%][MASTER] 16:49:57.096 [logback-1] WARN  TestChromosome - Functional mock problem: org.evosuite.ga.ConstructionFailedException: Failed to add constructor for groovyjarjarasm.asm.commons.AnalyzerAdapter due to org.evosuite.ga.ConstructionFailedException: Failed to add constructor for org.codehaus.groovy.classgen.AsmClassGenerator due to org.evosuite.ga.ConstructionFailedException: Failed to add constructor for org.codehaus.groovy.control.SourceUnit due to org.evosuite.ga.ConstructionFailedException: Failed to add constructor for groovy.lang.GroovyClassLoader due to org.evosuite.ga.ConstructionFailedException: Max recursion depth reached
[Progress:========>                     28%] [Cov:===========================>       78%][Progress:========>                     28%] [Cov:===========================>       78%][Progress:========>                     28%] [Cov:===========================>       78%][Progress:========>                     28%] [Cov:===========================>       78%][Progress:=========>                    30%] [Cov:===========================>       78%][Progress:=========>                    30%] [Cov:===========================>       78%][Progress:=========>                    30%] [Cov:===========================>       78%][Progress:=========>                    30%] [Cov:===========================>       78%][Progress:=========>                    30%] [Cov:===========================>       78%][Progress:=========>                    30%] [Cov:===========================>       78%][Progress:=========>                    30%] [Cov:===========================>       78%][Progress:=========>                    30%] [Cov:===========================>       78%][Progress:=========>                    30%] [Cov:===========================>       78%][Progress:=========>                    31%] [Cov:===========================>       78%][Progress:=========>                    31%] [Cov:===========================>       78%][Progress:=========>                    31%] [Cov:===========================>       78%][Progress:=========>                    31%] [Cov:===========================>       78%][Progress:=========>                    31%] [Cov:===========================>       78%][Progress:=========>                    31%] [Cov:===========================>       78%][Progress:=========>                    31%] [Cov:===========================>       78%][Progress:=========>                    31%] [Cov:===========================>       78%][Progress:=========>                    31%] [Cov:===========================>       78%][Progress:=========>                    31%] [Cov:===========================>       78%][MASTER] 16:49:59.657 [logback-1] WARN  TestChromosome - Functional mock problem: org.evosuite.ga.ConstructionFailedException: Failed to add constructor for groovyjarjarasm.asm.commons.AnalyzerAdapter due to org.evosuite.ga.ConstructionFailedException: Failed to add constructor for groovyjarjarasm.asm.commons.GeneratorAdapter due to org.evosuite.ga.ConstructionFailedException: Failed to add constructor for groovyjarjarasm.asm.commons.JSRInlinerAdapter due to org.evosuite.ga.ConstructionFailedException: Failed to add constructor for groovyjarjarasm.asm.commons.InstructionAdapter due to org.evosuite.ga.ConstructionFailedException: Failed to add constructor for groovyjarjarasm.asm.commons.GeneratorAdapter due to org.evosuite.ga.ConstructionFailedException: Max recursion depth reached
[Progress:=========>                    33%] [Cov:===========================>       78%][MASTER] 16:49:59.742 [logback-1] WARN  TestChromosome - Functional mock problem: org.evosuite.ga.ConstructionFailedException: Failed to add constructor for groovyjarjarasm.asm.commons.AnalyzerAdapter due to org.evosuite.ga.ConstructionFailedException: Failed to add constructor for groovyjarjarasm.asm.commons.GeneratorAdapter due to org.evosuite.ga.ConstructionFailedException: Failed to add constructor for groovyjarjarasm.asm.commons.InstructionAdapter due to org.evosuite.ga.ConstructionFailedException: Failed to add constructor for groovyjarjarasm.asm.commons.JSRInlinerAdapter due to org.evosuite.ga.ConstructionFailedException: Failed to add constructor for groovyjarjarasm.asm.commons.GeneratorAdapter due to org.evosuite.ga.ConstructionFailedException: Have no generator for class java.lang.reflect.Method canUseFunctionalMocks=true, canBeMocked: false
[Progress:=========>                    33%] [Cov:===========================>       78%][Progress:=========>                    33%] [Cov:===========================>       78%][Progress:=========>                    33%] [Cov:===========================>       78%][Progress:=========>                    33%] [Cov:===========================>       78%][MASTER] 16:49:59.894 [logback-1] WARN  TestChromosome - Functional mock problem: org.evosuite.ga.ConstructionFailedException: Failed to add constructor for groovyjarjarasm.asm.commons.AnalyzerAdapter due to org.evosuite.ga.ConstructionFailedException: Failed to add constructor for groovyjarjarasm.asm.commons.MethodRemapper due to org.evosuite.ga.ConstructionFailedException: Failed to add constructor for groovyjarjarasm.asm.commons.GeneratorAdapter due to org.evosuite.ga.ConstructionFailedException: Have no generator for java.lang.reflect.Constructor<java.lang.Object> canUseFunctionalMocks=true, canBeMocked: false
[Progress:=========>                    33%] [Cov:===========================>       78%][Progress:=========>                    33%] [Cov:===========================>       78%][MASTER] 16:50:00.032 [logback-1] WARN  TestChromosome - Functional mock problem: org.evosuite.ga.ConstructionFailedException: Failed to add constructor for groovyjarjarasm.asm.commons.AnalyzerAdapter due to org.evosuite.ga.ConstructionFailedException: Failed to add constructor for groovyjarjarasm.asm.commons.CodeSizeEvaluator due to org.evosuite.ga.ConstructionFailedException: Failed to add constructor for groovyjarjarasm.asm.commons.LocalVariablesSorter due to org.evosuite.ga.ConstructionFailedException: Failed to add constructor for groovyjarjarasm.asm.commons.GeneratorAdapter due to org.evosuite.ga.ConstructionFailedException: Failed to add constructor for groovyjarjarasm.asm.commons.InstructionAdapter due to org.evosuite.ga.ConstructionFailedException: Max recursion depth reached
[Progress:=========>                    33%] [Cov:===========================>       78%][Progress:=========>                    33%] [Cov:===========================>       78%][Progress:=========>                    33%] [Cov:===========================>       78%][Progress:=========>                    33%] [Cov:===========================>       78%][Progress:=========>                    33%] [Cov:===========================>       78%][Progress:=========>                    33%] [Cov:===========================>       78%][Progress:=========>                    33%] [Cov:===========================>       78%][Progress:=========>                    33%] [Cov:===========================>       78%][Progress:=========>                    33%] [Cov:===========================>       78%][Progress:==========>                   35%] [Cov:===========================>       78%][Progress:==========>                   35%] [Cov:===========================>       78%][Progress:==========>                   35%] [Cov:===========================>       78%][Progress:==========>                   35%] [Cov:===========================>       78%][Progress:==========>                   35%] [Cov:===========================>       78%][MASTER] 16:50:00.955 [logback-1] WARN  TestChromosome - Functional mock problem: org.evosuite.ga.ConstructionFailedException: Failed to add constructor for groovyjarjarasm.asm.commons.AnalyzerAdapter due to org.evosuite.ga.ConstructionFailedException: Failed to add constructor for groovyjarjarasm.asm.commons.GeneratorAdapter due to org.evosuite.ga.ConstructionFailedException: Failed to add constructor for groovyjarjarasm.asm.commons.JSRInlinerAdapter due to org.evosuite.ga.ConstructionFailedException: Failed to add constructor for groovyjarjarasm.asm.commons.GeneratorAdapter due to org.evosuite.ga.ConstructionFailedException: Have no generator for java.lang.reflect.Constructor<java.lang.Object> canUseFunctionalMocks=true, canBeMocked: false
[Progress:==========>                   35%] [Cov:===========================>       78%][Progress:==========>                   35%] [Cov:===========================>       78%][Progress:==========>                   35%] [Cov:===========================>       78%][Progress:==========>                   35%] [Cov:===========================>       78%][Progress:==========>                   35%] [Cov:===========================>       78%][Progress:==========>                   35%] [Cov:===========================>       78%][Progress:==========>                   35%] [Cov:===========================>       78%][Progress:==========>                   35%] [Cov:===========================>       78%][Progress:==========>                   35%] [Cov:===========================>       78%][Progress:==========>                   35%] [Cov:===========================>       78%][Progress:==========>                   35%] [Cov:===========================>       78%][Progress:==========>                   35%] [Cov:===========================>       78%][Progress:==========>                   36%] [Cov:===========================>       78%][Progress:==========>                   36%] [Cov:===========================>       78%][Progress:==========>                   36%] [Cov:===========================>       78%][Progress:==========>                   36%] [Cov:===========================>       78%][MASTER] 16:50:01.923 [logback-1] WARN  TestChromosome - Functional mock problem: org.evosuite.ga.ConstructionFailedException: Failed to add constructor for groovyjarjarasm.asm.commons.AnalyzerAdapter due to org.evosuite.ga.ConstructionFailedException: Failed to add constructor for org.codehaus.groovy.classgen.AsmClassGenerator due to org.evosuite.ga.ConstructionFailedException: Failed to add constructor for org.codehaus.groovy.control.SourceUnit due to org.evosuite.ga.ConstructionFailedException: Failed to add constructor for org.evosuite.runtime.mock.java.io.MockFile due to org.evosuite.ga.ConstructionFailedException: Max recursion depth reached
[Progress:==========>                   36%] [Cov:===========================>       78%][Progress:==========>                   36%] [Cov:===========================>       78%][MASTER] 16:50:02.027 [logback-1] WARN  TestChromosome - Functional mock problem: org.evosuite.ga.ConstructionFailedException: Failed to add constructor for groovyjarjarasm.asm.commons.AnalyzerAdapter due to org.evosuite.ga.ConstructionFailedException: Failed to add constructor for groovyjarjarasm.asm.commons.JSRInlinerAdapter due to org.evosuite.ga.ConstructionFailedException: Failed to add constructor for groovyjarjarasm.asm.commons.GeneratorAdapter due to org.evosuite.ga.ConstructionFailedException: Have no generator for java.lang.reflect.Constructor<java.lang.Object> canUseFunctionalMocks=true, canBeMocked: false
[MASTER] 16:50:02.044 [logback-1] WARN  TestChromosome - Functional mock problem: org.evosuite.ga.ConstructionFailedException: Failed to add constructor for groovyjarjarasm.asm.commons.AnalyzerAdapter due to org.evosuite.ga.ConstructionFailedException: Failed to add constructor for groovyjarjarasm.asm.commons.CodeSizeEvaluator due to org.evosuite.ga.ConstructionFailedException: Failed to add constructor for groovyjarjarasm.asm.commons.JSRInlinerAdapter due to org.evosuite.ga.ConstructionFailedException: Failed to add constructor for groovyjarjarasm.asm.commons.InstructionAdapter due to org.evosuite.ga.ConstructionFailedException: Failed to add constructor for groovyjarjarasm.asm.commons.GeneratorAdapter due to org.evosuite.ga.ConstructionFailedException: Max recursion depth reached
[Progress:==========>                   36%] [Cov:===========================>       78%][Progress:==========>                   36%] [Cov:===========================>       78%][Progress:==========>                   36%] [Cov:===========================>       78%][Progress:==========>                   36%] [Cov:===========================>       78%][Progress:==========>                   36%] [Cov:===========================>       78%][Progress:==========>                   36%] [Cov:===========================>       78%][Progress:==========>                   36%] [Cov:===========================>       78%][Progress:==========>                   36%] [Cov:===========================>       78%][Progress:==========>                   36%] [Cov:===========================>       78%][Progress:==========>                   36%] [Cov:===========================>       78%][Progress:==========>                   36%] [Cov:===========================>       78%][MASTER] 16:50:02.595 [logback-1] WARN  TestChromosome - Functional mock problem: org.evosuite.ga.ConstructionFailedException: Failed to add constructor for groovyjarjarasm.asm.commons.AnalyzerAdapter due to org.evosuite.ga.ConstructionFailedException: Failed to add constructor for groovyjarjarasm.asm.commons.LocalVariablesSorter due to org.evosuite.ga.ConstructionFailedException: Failed to add constructor for groovyjarjarasm.asm.commons.GeneratorAdapter due to org.evosuite.ga.ConstructionFailedException: Failed to add constructor for groovyjarjarasm.asm.commons.MethodRemapper due to org.evosuite.ga.ConstructionFailedException: Failed to add constructor for groovyjarjarasm.asm.commons.SimpleRemapper due to org.evosuite.ga.ConstructionFailedException: Max recursion depth reached
[Progress:==========>                   36%] [Cov:===========================>       78%][Progress:==========>                   36%] [Cov:===========================>       78%][Progress:===========>                  38%] [Cov:===========================>       78%][Progress:===========>                  38%] [Cov:===========================>       78%][Progress:===========>                  38%] [Cov:===========================>       78%][Progress:===========>                  38%] [Cov:===========================>       78%][MASTER] 16:50:02.923 [logback-1] WARN  TestChromosome - Functional mock problem: org.evosuite.ga.ConstructionFailedException: Failed to add constructor for groovyjarjarasm.asm.commons.AnalyzerAdapter due to org.evosuite.ga.ConstructionFailedException: Failed to add constructor for groovyjarjarasm.asm.commons.GeneratorAdapter due to org.evosuite.ga.ConstructionFailedException: Failed to add constructor for groovyjarjarasm.asm.commons.GeneratorAdapter due to org.evosuite.ga.ConstructionFailedException: Have no generator for java.lang.reflect.Constructor<java.lang.Object> canUseFunctionalMocks=true, canBeMocked: false
[Progress:===========>                  38%] [Cov:===========================>       78%][Progress:===========>                  38%] [Cov:===========================>       78%][Progress:===========>                  38%] [Cov:===========================>       78%][Progress:===========>                  38%] [Cov:===========================>       78%][Progress:===========>                  38%] [Cov:===========================>       78%][Progress:===========>                  38%] [Cov:===========================>       78%][Progress:===========>                  38%] [Cov:===========================>       78%][Progress:===========>                  38%] [Cov:===========================>       78%][Progress:===========>                  38%] [Cov:===========================>       78%][Progress:===========>                  38%] [Cov:===========================>       78%][MASTER] 16:50:03.550 [logback-1] WARN  TestCluster - Failed to check cache for java.util.Enumeration<E> : Type points to itself
[Progress:===========>                  38%] [Cov:===========================>       78%][MASTER] 16:50:03.586 [logback-1] WARN  TestChromosome - Functional mock problem: org.evosuite.ga.ConstructionFailedException: Failed to add constructor for groovyjarjarasm.asm.commons.AnalyzerAdapter due to org.evosuite.ga.ConstructionFailedException: Failed to add constructor for groovyjarjarasm.asm.commons.GeneratorAdapter due to org.evosuite.ga.ConstructionFailedException: Failed to add constructor for groovyjarjarasm.asm.ClassWriter due to org.evosuite.ga.ConstructionFailedException: Failed to add constructor for groovyjarjarasm.asm.ClassReader due to org.evosuite.ga.ConstructionFailedException: Max recursion depth reached
[Progress:===========>                  38%] [Cov:===========================>       78%][Progress:============>                 40%] [Cov:===========================>       78%][Progress:============>                 40%] [Cov:===========================>       78%][MASTER] 16:50:03.790 [logback-1] WARN  TestChromosome - Functional mock problem: org.evosuite.ga.ConstructionFailedException: Failed to add constructor for groovyjarjarasm.asm.commons.AnalyzerAdapter due to org.evosuite.ga.ConstructionFailedException: Failed to add constructor for groovyjarjarasm.asm.commons.JSRInlinerAdapter due to org.evosuite.ga.ConstructionFailedException: Failed to add constructor for groovyjarjarasm.asm.commons.TryCatchBlockSorter due to org.evosuite.ga.ConstructionFailedException: Failed to add constructor for groovyjarjarasm.asm.commons.GeneratorAdapter due to org.evosuite.ga.ConstructionFailedException: Failed to add constructor for groovyjarjarasm.asm.commons.MethodRemapper due to org.evosuite.ga.ConstructionFailedException: Max recursion depth reached
[Progress:============>                 40%] [Cov:===========================>       78%][Progress:============>                 40%] [Cov:===========================>       78%][Progress:============>                 40%] [Cov:===========================>       78%][Progress:============>                 40%] [Cov:===========================>       78%][Progress:============>                 40%] [Cov:===========================>       78%][Progress:============>                 40%] [Cov:===========================>       78%][Progress:============>                 40%] [Cov:===========================>       78%][Progress:============>                 40%] [Cov:===========================>       78%][Progress:============>                 40%] [Cov:===========================>       78%][Progress:============>                 40%] [Cov:===========================>       78%][Progress:============>                 40%] [Cov:===========================>       78%][MASTER] 16:50:04.349 [logback-1] WARN  TestChromosome - Functional mock problem: org.evosuite.ga.ConstructionFailedException: Failed to add constructor for groovyjarjarasm.asm.commons.AnalyzerAdapter due to org.evosuite.ga.ConstructionFailedException: Failed to add constructor for org.codehaus.groovy.classgen.AsmClassGenerator due to org.evosuite.ga.ConstructionFailedException: Failed to add constructor for org.codehaus.groovy.control.SourceUnit due to org.evosuite.ga.ConstructionFailedException: Failed to add constructor for org.codehaus.groovy.control.io.StringReaderSource due to org.evosuite.ga.ConstructionFailedException: Max recursion depth reached
[MASTER] 16:50:04.361 [logback-1] WARN  TestChromosome - Functional mock problem: org.evosuite.ga.ConstructionFailedException: Failed to add constructor for groovyjarjarasm.asm.commons.AnalyzerAdapter due to org.evosuite.ga.ConstructionFailedException: Failed to add constructor for groovyjarjarasm.asm.commons.GeneratorAdapter due to org.evosuite.ga.ConstructionFailedException: Failed to add constructor for groovyjarjarasm.asm.util.TraceMethodVisitor due to org.evosuite.ga.ConstructionFailedException: Failed to add constructor for groovyjarjarasm.asm.commons.GeneratorAdapter due to org.evosuite.ga.ConstructionFailedException: Failed to add constructor for groovyjarjarasm.asm.util.TraceMethodVisitor due to org.evosuite.ga.ConstructionFailedException: Max recursion depth reached
[Progress:============>                 40%] [Cov:===========================>       78%][Progress:============>                 40%] [Cov:===========================>       78%][MASTER] 16:50:04.479 [logback-1] WARN  TestChromosome - Functional mock problem: org.evosuite.ga.ConstructionFailedException: Failed to add constructor for groovyjarjarasm.asm.commons.AnalyzerAdapter due to org.evosuite.ga.ConstructionFailedException: Failed to add constructor for groovyjarjarasm.asm.commons.GeneratorAdapter due to org.evosuite.ga.ConstructionFailedException: Failed to add constructor for groovyjarjarasm.asm.commons.TryCatchBlockSorter due to org.evosuite.ga.ConstructionFailedException: Failed to add constructor for groovyjarjarasm.asm.commons.InstructionAdapter due to org.evosuite.ga.ConstructionFailedException: Failed to add constructor for groovyjarjarasm.asm.commons.GeneratorAdapter due to org.evosuite.ga.ConstructionFailedException: Max recursion depth reached
[Progress:============>                 40%] [Cov:===========================>       78%][Progress:============>                 40%] [Cov:===========================>       78%][Progress:============>                 40%] [Cov:===========================>       78%][Progress:============>                 40%] [Cov:===========================>       78%][Progress:============>                 41%] [Cov:===========================>       78%][Progress:============>                 41%] [Cov:===========================>       78%][MASTER] 16:50:04.926 [logback-1] WARN  TestChromosome - Functional mock problem: org.evosuite.ga.ConstructionFailedException: Failed to add constructor for groovyjarjarasm.asm.commons.AnalyzerAdapter due to org.evosuite.ga.ConstructionFailedException: Failed to add constructor for groovyjarjarasm.asm.commons.TryCatchBlockSorter due to org.evosuite.ga.ConstructionFailedException: Failed to add constructor for groovyjarjarasm.asm.commons.CodeSizeEvaluator due to org.evosuite.ga.ConstructionFailedException: Failed to add constructor for groovyjarjarasm.asm.commons.GeneratorAdapter due to org.evosuite.ga.ConstructionFailedException: Have no generator for class java.lang.reflect.Method canUseFunctionalMocks=true, canBeMocked: false
[Progress:============>                 41%] [Cov:===========================>       78%][Progress:============>                 41%] [Cov:===========================>       78%][Progress:============>                 41%] [Cov:===========================>       78%][Progress:============>                 41%] [Cov:===========================>       78%][Progress:============>                 41%] [Cov:===========================>       78%][Progress:============>                 41%] [Cov:===========================>       78%][Progress:============>                 41%] [Cov:===========================>       78%][Progress:============>                 41%] [Cov:===========================>       78%][Progress:============>                 41%] [Cov:===========================>       78%][Progress:============>                 41%] [Cov:===========================>       78%][Progress:============>                 41%] [Cov:===========================>       78%][Progress:============>                 41%] [Cov:===========================>       78%][Progress:============>                 41%] [Cov:===========================>       78%][Progress:============>                 41%] [Cov:===========================>       78%][Progress:============>                 41%] [Cov:===========================>       78%][Progress:============>                 41%] [Cov:===========================>       78%][Progress:============>                 41%] [Cov:===========================>       78%][Progress:============>                 43%] [Cov:===========================>       78%][MASTER] 16:50:05.751 [logback-1] WARN  TestChromosome - Functional mock problem: org.evosuite.ga.ConstructionFailedException: Failed to add constructor for groovyjarjarasm.asm.commons.AnalyzerAdapter due to org.evosuite.ga.ConstructionFailedException: Failed to add constructor for groovyjarjarasm.asm.commons.LocalVariablesSorter due to org.evosuite.ga.ConstructionFailedException: Failed to add constructor for groovyjarjarasm.asm.commons.GeneratorAdapter due to org.evosuite.ga.ConstructionFailedException: Have no generator for class java.lang.reflect.Method canUseFunctionalMocks=true, canBeMocked: false
[Progress:============>                 43%] [Cov:===========================>       78%][Progress:============>                 43%] [Cov:===========================>       78%][Progress:============>                 43%] [Cov:===========================>       78%][Progress:============>                 43%] [Cov:===========================>       78%][Progress:============>                 43%] [Cov:===========================>       78%][Progress:============>                 43%] [Cov:===========================>       78%][Progress:============>                 43%] [Cov:===========================>       78%][Progress:============>                 43%] [Cov:===========================>       78%][Progress:============>                 43%] [Cov:===========================>       78%][Progress:============>                 43%] [Cov:===========================>       78%][Progress:============>                 43%] [Cov:===========================>       78%][Progress:============>                 43%] [Cov:===========================>       78%][Progress:============>                 43%] [Cov:===========================>       78%][Progress:============>                 43%] [Cov:===========================>       78%][MASTER] 16:50:06.293 [logback-1] WARN  TestChromosome - Functional mock problem: org.evosuite.ga.ConstructionFailedException: Failed to add constructor for groovyjarjarasm.asm.commons.AnalyzerAdapter due to org.evosuite.ga.ConstructionFailedException: Failed to add constructor for groovyjarjarasm.asm.commons.MethodRemapper due to org.evosuite.ga.ConstructionFailedException: Failed to add constructor for groovyjarjarasm.asm.commons.JSRInlinerAdapter due to org.evosuite.ga.ConstructionFailedException: Failed to add constructor for groovyjarjarasm.asm.commons.GeneratorAdapter due to org.evosuite.ga.ConstructionFailedException: Failed to add constructor for groovyjarjarasm.asm.commons.GeneratorAdapter due to org.evosuite.ga.ConstructionFailedException: Max recursion depth reached
[Progress:============>                 43%] [Cov:===========================>       78%][Progress:============>                 43%] [Cov:===========================>       78%][Progress:============>                 43%] [Cov:===========================>       78%][Progress:============>                 43%] [Cov:===========================>       78%][Progress:============>                 43%] [Cov:===========================>       78%][Progress:============>                 43%] [Cov:===========================>       78%][Progress:============>                 43%] [Cov:===========================>       78%][Progress:=============>                45%] [Cov:===========================>       78%][Progress:=============>                45%] [Cov:===========================>       78%][Progress:=============>                45%] [Cov:===========================>       78%][Progress:=============>                45%] [Cov:===========================>       78%][Progress:=============>                45%] [Cov:===========================>       78%][Progress:=============>                45%] [Cov:===========================>       78%][Progress:=============>                45%] [Cov:===========================>       78%][Progress:=============>                45%] [Cov:===========================>       78%][Progress:=============>                45%] [Cov:===========================>       78%][Progress:=============>                45%] [Cov:===========================>       78%][Progress:=============>                45%] [Cov:===========================>       78%][Progress:=============>                45%] [Cov:===========================>       78%][Progress:=============>                45%] [Cov:===========================>       78%][Progress:=============>                45%] [Cov:===========================>       78%][Progress:=============>                45%] [Cov:===========================>       78%][Progress:=============>                45%] [Cov:===========================>       78%][Progress:=============>                45%] [Cov:===========================>       78%][Progress:=============>                45%] [Cov:===========================>       78%][Progress:=============>                45%] [Cov:===========================>       78%][Progress:=============>                45%] [Cov:===========================>       78%][Progress:=============>                45%] [Cov:===========================>       78%][Progress:=============>                45%] [Cov:===========================>       78%][Progress:=============>                45%] [Cov:===========================>       78%][MASTER] 16:50:07.627 [logback-1] WARN  TestChromosome - Functional mock problem: org.evosuite.ga.ConstructionFailedException: Failed to add constructor for groovyjarjarasm.asm.commons.AnalyzerAdapter due to org.evosuite.ga.ConstructionFailedException: Failed to add constructor for groovyjarjarasm.asm.commons.InstructionAdapter due to org.evosuite.ga.ConstructionFailedException: Failed to add constructor for groovyjarjarasm.asm.commons.GeneratorAdapter due to org.evosuite.ga.ConstructionFailedException: Failed to add constructor for groovyjarjarasm.asm.commons.CodeSizeEvaluator due to org.evosuite.ga.ConstructionFailedException: Failed to add constructor for groovyjarjarasm.asm.commons.JSRInlinerAdapter due to org.evosuite.ga.ConstructionFailedException: Max recursion depth reached
[Progress:=============>                45%] [Cov:===========================>       78%][Progress:=============>                46%] [Cov:===========================>       78%][Progress:=============>                46%] [Cov:===========================>       78%][Progress:=============>                46%] [Cov:===========================>       78%][Progress:=============>                46%] [Cov:===========================>       78%][Progress:=============>                46%] [Cov:===========================>       78%][Progress:=============>                46%] [Cov:===========================>       78%][Progress:=============>                46%] [Cov:===========================>       78%][Progress:=============>                46%] [Cov:===========================>       78%][Progress:=============>                46%] [Cov:===========================>       78%][Progress:=============>                46%] [Cov:===========================>       78%][Progress:=============>                46%] [Cov:===========================>       78%][Progress:=============>                46%] [Cov:===========================>       78%][Progress:==============>               48%] [Cov:===========================>       78%][Progress:==============>               48%] [Cov:===========================>       78%][Progress:==============>               48%] [Cov:===========================>       78%][Progress:==============>               48%] [Cov:===========================>       78%][Progress:==============>               48%] [Cov:===========================>       78%][Progress:==============>               48%] [Cov:===========================>       78%][Progress:==============>               48%] [Cov:===========================>       78%][Progress:==============>               48%] [Cov:===========================>       78%][Progress:==============>               48%] [Cov:===========================>       78%][Progress:==============>               48%] [Cov:===========================>       78%][Progress:==============>               48%] [Cov:===========================>       78%][Progress:==============>               48%] [Cov:===========================>       78%][Progress:==============>               48%] [Cov:===========================>       78%][Progress:==============>               48%] [Cov:===========================>       78%][Progress:==============>               48%] [Cov:===========================>       78%][MASTER] 16:50:09.329 [logback-1] WARN  TestChromosome - Functional mock problem: org.evosuite.ga.ConstructionFailedException: Failed to add constructor for groovyjarjarasm.asm.commons.AnalyzerAdapter due to org.evosuite.ga.ConstructionFailedException: Failed to add constructor for groovyjarjarasm.asm.commons.CodeSizeEvaluator due to org.evosuite.ga.ConstructionFailedException: Failed to add constructor for groovyjarjarasm.asm.commons.JSRInlinerAdapter due to org.evosuite.ga.ConstructionFailedException: Failed to add constructor for groovyjarjarasm.asm.commons.GeneratorAdapter due to org.evosuite.ga.ConstructionFailedException: Failed to add constructor for groovyjarjarasm.asm.commons.GeneratorAdapter due to org.evosuite.ga.ConstructionFailedException: Max recursion depth reached
[Progress:==============>               48%] [Cov:===========================>       78%][Progress:==============>               48%] [Cov:===========================>       78%][Progress:==============>               48%] [Cov:===========================>       78%][Progress:==============>               48%] [Cov:===========================>       78%][Progress:==============>               48%] [Cov:===========================>       78%][Progress:==============>               48%] [Cov:===========================>       78%][Progress:==============>               48%] [Cov:===========================>       78%][Progress:===============>              50%] [Cov:===========================>       78%][Progress:===============>              50%] [Cov:===========================>       78%][MASTER] 16:50:09.783 [logback-1] WARN  TestChromosome - Functional mock problem: org.evosuite.ga.ConstructionFailedException: Failed to add constructor for groovyjarjarasm.asm.commons.AnalyzerAdapter due to org.evosuite.ga.ConstructionFailedException: Failed to add constructor for groovyjarjarasm.asm.commons.JSRInlinerAdapter due to org.evosuite.ga.ConstructionFailedException: Failed to add constructor for groovyjarjarasm.asm.commons.LocalVariablesSorter due to org.evosuite.ga.ConstructionFailedException: Failed to add constructor for groovyjarjarasm.asm.commons.GeneratorAdapter due to org.evosuite.ga.ConstructionFailedException: Failed to add constructor for groovyjarjarasm.asm.util.TraceMethodVisitor due to org.evosuite.ga.ConstructionFailedException: Max recursion depth reached
[Progress:===============>              50%] [Cov:===========================>       78%][Progress:===============>              50%] [Cov:===========================>       78%][Progress:===============>              50%] [Cov:===========================>       78%][Progress:===============>              50%] [Cov:===========================>       78%][Progress:===============>              50%] [Cov:===========================>       78%][Progress:===============>              50%] [Cov:===========================>       78%][Progress:===============>              50%] [Cov:===========================>       78%][Progress:===============>              50%] [Cov:===========================>       78%][Progress:===============>              50%] [Cov:===========================>       78%][Progress:===============>              50%] [Cov:===========================>       78%][Progress:===============>              50%] [Cov:===========================>       78%][MASTER] 16:50:10.303 [logback-1] WARN  TestChromosome - Functional mock problem: org.evosuite.ga.ConstructionFailedException: Failed to add constructor for groovyjarjarasm.asm.commons.AnalyzerAdapter due to org.evosuite.ga.ConstructionFailedException: Failed to add constructor for groovyjarjarasm.asm.commons.CodeSizeEvaluator due to org.evosuite.ga.ConstructionFailedException: Failed to add constructor for groovyjarjarasm.asm.commons.GeneratorAdapter due to org.evosuite.ga.ConstructionFailedException: Failed to add constructor for groovyjarjarasm.asm.util.TraceMethodVisitor due to org.evosuite.ga.ConstructionFailedException: Failed to add constructor for groovyjarjarasm.asm.commons.TryCatchBlockSorter due to org.evosuite.ga.ConstructionFailedException: Max recursion depth reached
[Progress:===============>              50%] [Cov:===========================>       78%][Progress:===============>              50%] [Cov:===========================>       78%][Progress:===============>              50%] [Cov:===========================>       78%][Progress:===============>              50%] [Cov:===========================>       78%][Progress:===============>              50%] [Cov:===========================>       78%][Progress:===============>              50%] [Cov:===========================>       78%][Progress:===============>              50%] [Cov:===========================>       78%][Progress:===============>              50%] [Cov:===========================>       78%][Progress:===============>              51%] [Cov:===========================>       78%][Progress:===============>              51%] [Cov:===========================>       78%][Progress:===============>              51%] [Cov:===========================>       78%][Progress:===============>              51%] [Cov:===========================>       78%][Progress:===============>              51%] [Cov:===========================>       78%][Progress:===============>              51%] [Cov:===========================>       78%][Progress:===============>              51%] [Cov:===========================>       78%][Progress:===============>              51%] [Cov:===========================>       78%][Progress:===============>              51%] [Cov:===========================>       78%][Progress:===============>              51%] [Cov:===========================>       78%][Progress:===============>              51%] [Cov:===========================>       78%][Progress:===============>              51%] [Cov:===========================>       78%][Progress:===============>              51%] [Cov:===========================>       78%][Progress:===============>              51%] [Cov:===========================>       78%][Progress:===============>              51%] [Cov:===========================>       78%][Progress:===============>              51%] [Cov:===========================>       78%][Progress:===============>              51%] [Cov:===========================>       78%][Progress:===============>              51%] [Cov:===========================>       78%][Progress:===============>              53%] [Cov:===========================>       78%][Progress:===============>              53%] [Cov:===========================>       78%][Progress:===============>              53%] [Cov:===========================>       78%][Progress:===============>              53%] [Cov:===========================>       78%][Progress:===============>              53%] [Cov:===========================>       78%][Progress:===============>              53%] [Cov:===========================>       78%][Progress:===============>              53%] [Cov:===========================>       78%][Progress:===============>              53%] [Cov:===========================>       78%][Progress:===============>              53%] [Cov:===========================>       78%][Progress:===============>              53%] [Cov:===========================>       78%][Progress:===============>              53%] [Cov:===========================>       78%][Progress:===============>              53%] [Cov:===========================>       78%][Progress:===============>              53%] [Cov:===========================>       78%][Progress:===============>              53%] [Cov:===========================>       78%][Progress:===============>              53%] [Cov:===========================>       78%][Progress:===============>              53%] [Cov:===========================>       78%][Progress:================>             55%] [Cov:===========================>       78%][MASTER] 16:50:12.718 [logback-1] WARN  TestChromosome - Functional mock problem: org.evosuite.ga.ConstructionFailedException: Failed to add constructor for groovyjarjarasm.asm.commons.AnalyzerAdapter due to org.evosuite.ga.ConstructionFailedException: Failed to add constructor for groovyjarjarasm.asm.commons.GeneratorAdapter due to org.evosuite.ga.ConstructionFailedException: Failed to add constructor for groovyjarjarasm.asm.commons.GeneratorAdapter due to org.evosuite.ga.ConstructionFailedException: Have no generator for class java.lang.reflect.Method canUseFunctionalMocks=true, canBeMocked: false
[Progress:================>             55%] [Cov:===========================>       78%][Progress:================>             55%] [Cov:===========================>       78%][Progress:================>             55%] [Cov:===========================>       78%][Progress:================>             55%] [Cov:===========================>       78%][MASTER] 16:50:12.924 [logback-1] WARN  TestChromosome - Functional mock problem: org.evosuite.ga.ConstructionFailedException: Failed to add constructor for groovyjarjarasm.asm.commons.AnalyzerAdapter due to org.evosuite.ga.ConstructionFailedException: Failed to add constructor for groovyjarjarasm.asm.util.TraceMethodVisitor due to org.evosuite.ga.ConstructionFailedException: Failed to add constructor for groovyjarjarasm.asm.commons.MethodRemapper due to org.evosuite.ga.ConstructionFailedException: Failed to add constructor for groovyjarjarasm.asm.commons.TryCatchBlockSorter due to org.evosuite.ga.ConstructionFailedException: Failed to add constructor for groovyjarjarasm.asm.commons.GeneratorAdapter due to org.evosuite.ga.ConstructionFailedException: Max recursion depth reached
[Progress:================>             55%] [Cov:===========================>       78%][Progress:================>             55%] [Cov:===========================>       78%][Progress:================>             55%] [Cov:===========================>       78%][Progress:================>             55%] [Cov:===========================>       78%][Progress:================>             55%] [Cov:===========================>       78%][Progress:================>             55%] [Cov:===========================>       78%][Progress:================>             55%] [Cov:===========================>       78%][Progress:================>             55%] [Cov:===========================>       78%][Progress:================>             55%] [Cov:===========================>       78%][Progress:================>             55%] [Cov:===========================>       78%][Progress:================>             55%] [Cov:===========================>       78%][Progress:================>             55%] [Cov:===========================>       78%][Progress:================>             56%] [Cov:===========================>       78%][Progress:================>             56%] [Cov:===========================>       78%][Progress:================>             56%] [Cov:===========================>       78%][Progress:================>             56%] [Cov:===========================>       78%][Progress:================>             56%] [Cov:===========================>       78%][Progress:================>             56%] [Cov:===========================>       78%][MASTER] 16:50:13.962 [logback-1] WARN  TestChromosome - Functional mock problem: org.evosuite.ga.ConstructionFailedException: Failed to add constructor for groovyjarjarasm.asm.commons.AnalyzerAdapter due to org.evosuite.ga.ConstructionFailedException: Failed to add constructor for groovyjarjarasm.asm.commons.GeneratorAdapter due to org.evosuite.ga.ConstructionFailedException: Have no generator for java.lang.reflect.Constructor<java.io.DataInputStream> canUseFunctionalMocks=true, canBeMocked: false
[Progress:================>             56%] [Cov:===========================>       78%][Progress:================>             56%] [Cov:===========================>       78%][Progress:================>             56%] [Cov:===========================>       78%][Progress:================>             56%] [Cov:===========================>       78%][Progress:================>             56%] [Cov:===========================>       78%][Progress:================>             56%] [Cov:===========================>       78%][Progress:================>             56%] [Cov:===========================>       78%][Progress:================>             56%] [Cov:===========================>       78%][Progress:================>             56%] [Cov:===========================>       78%][Progress:================>             56%] [Cov:===========================>       78%][Progress:================>             56%] [Cov:===========================>       78%][Progress:================>             56%] [Cov:===========================>       78%][Progress:================>             56%] [Cov:===========================>       78%][Progress:================>             56%] [Cov:===========================>       78%][Progress:================>             56%] [Cov:===========================>       78%][Progress:================>             56%] [Cov:===========================>       78%][Progress:================>             56%] [Cov:===========================>       78%][Progress:================>             56%] [Cov:===========================>       78%][Progress:=================>            58%] [Cov:===========================>       78%][MASTER] 16:50:14.747 [logback-1] WARN  TestChromosome - Functional mock problem: org.evosuite.ga.ConstructionFailedException: Failed to add constructor for groovyjarjarasm.asm.commons.AnalyzerAdapter due to org.evosuite.ga.ConstructionFailedException: Failed to add constructor for groovyjarjarasm.asm.commons.TryCatchBlockSorter due to org.evosuite.ga.ConstructionFailedException: Failed to add constructor for groovyjarjarasm.asm.commons.GeneratorAdapter due to org.evosuite.ga.ConstructionFailedException: Failed to add constructor for groovyjarjarasm.asm.commons.JSRInlinerAdapter due to org.evosuite.ga.ConstructionFailedException: Failed to add constructor for groovyjarjarasm.asm.commons.GeneratorAdapter due to org.evosuite.ga.ConstructionFailedException: Max recursion depth reached
[Progress:=================>            58%] [Cov:===========================>       78%][Progress:=================>            58%] [Cov:===========================>       78%][MASTER] 16:50:14.809 [logback-1] WARN  TestChromosome - Functional mock problem: org.evosuite.ga.ConstructionFailedException: Failed to add constructor for groovyjarjarasm.asm.commons.AnalyzerAdapter due to org.evosuite.ga.ConstructionFailedException: Failed to add constructor for org.codehaus.groovy.classgen.AsmClassGenerator due to org.evosuite.ga.ConstructionFailedException: Error: VariableReference: Statement 8, type groovyjarjarasm.asm.ClassWriter is not assignable to class groovyjarjarasm.asm.ClassVisitor
[Progress:=================>            58%] [Cov:===========================>       78%][Progress:=================>            58%] [Cov:===========================>       78%][Progress:=================>            58%] [Cov:===========================>       78%][Progress:=================>            58%] [Cov:===========================>       78%][Progress:=================>            58%] [Cov:===========================>       78%][Progress:=================>            58%] [Cov:===========================>       78%][Progress:=================>            58%] [Cov:===========================>       78%][MASTER] 16:50:15.115 [logback-1] WARN  TestChromosome - Functional mock problem: org.evosuite.ga.ConstructionFailedException: Failed to add constructor for groovyjarjarasm.asm.commons.AnalyzerAdapter due to org.evosuite.ga.ConstructionFailedException: Failed to add constructor for groovyjarjarasm.asm.commons.LocalVariablesSorter due to org.evosuite.ga.ConstructionFailedException: Failed to add constructor for groovyjarjarasm.asm.commons.MethodRemapper due to org.evosuite.ga.ConstructionFailedException: Failed to add constructor for groovyjarjarasm.asm.commons.JSRInlinerAdapter due to org.evosuite.ga.ConstructionFailedException: Failed to add constructor for groovyjarjarasm.asm.commons.GeneratorAdapter due to org.evosuite.ga.ConstructionFailedException: Max recursion depth reached
[Progress:=================>            58%] [Cov:===========================>       78%][Progress:=================>            58%] [Cov:===========================>       78%][Progress:=================>            58%] [Cov:===========================>       78%][Progress:=================>            58%] [Cov:===========================>       78%][Progress:=================>            58%] [Cov:===========================>       78%][Progress:=================>            58%] [Cov:===========================>       78%][Progress:=================>            58%] [Cov:===========================>       78%][Progress:=================>            58%] [Cov:===========================>       78%][Progress:=================>            58%] [Cov:===========================>       78%][Progress:=================>            58%] [Cov:===========================>       78%][Progress:=================>            58%] [Cov:===========================>       78%][Progress:=================>            58%] [Cov:===========================>       78%][Progress:=================>            58%] [Cov:===========================>       78%][Progress:==================>           60%] [Cov:===========================>       78%][Progress:==================>           60%] [Cov:===========================>       78%][Progress:==================>           60%] [Cov:===========================>       78%][Progress:==================>           60%] [Cov:===========================>       78%][Progress:==================>           60%] [Cov:===========================>       78%][Progress:==================>           60%] [Cov:===========================>       78%][Progress:==================>           60%] [Cov:===========================>       78%][Progress:==================>           60%] [Cov:===========================>       78%][Progress:==================>           60%] [Cov:===========================>       78%][Progress:==================>           60%] [Cov:===========================>       78%][Progress:==================>           60%] [Cov:===========================>       78%][Progress:==================>           60%] [Cov:===========================>       78%][Progress:==================>           60%] [Cov:===========================>       78%][Progress:==================>           60%] [Cov:===========================>       78%][Progress:==================>           60%] [Cov:===========================>       78%][Progress:==================>           60%] [Cov:===========================>       78%][Progress:==================>           60%] [Cov:===========================>       78%][Progress:==================>           60%] [Cov:===========================>       78%][Progress:==================>           60%] [Cov:===========================>       78%][Progress:==================>           60%] [Cov:===========================>       78%][Progress:==================>           60%] [Cov:===========================>       78%][Progress:==================>           60%] [Cov:===========================>       78%][Progress:==================>           60%] [Cov:===========================>       78%][Progress:==================>           60%] [Cov:===========================>       78%][Progress:==================>           60%] [Cov:===========================>       78%][Progress:==================>           60%] [Cov:===========================>       78%][Progress:==================>           61%] [Cov:===========================>       78%][Progress:==================>           61%] [Cov:===========================>       78%][Progress:==================>           61%] [Cov:===========================>       78%][Progress:==================>           61%] [Cov:===========================>       78%][Progress:==================>           61%] [Cov:===========================>       78%][Progress:==================>           61%] [Cov:===========================>       78%][Progress:==================>           61%] [Cov:===========================>       78%][MASTER] 16:50:16.920 [logback-1] WARN  TestChromosome - Functional mock problem: org.evosuite.ga.ConstructionFailedException: Failed to add constructor for groovyjarjarasm.asm.commons.AnalyzerAdapter due to org.evosuite.ga.ConstructionFailedException: Failed to add constructor for groovyjarjarasm.asm.commons.LocalVariablesSorter due to org.evosuite.ga.ConstructionFailedException: Failed to add constructor for groovyjarjarasm.asm.commons.JSRInlinerAdapter due to org.evosuite.ga.ConstructionFailedException: Failed to add constructor for groovyjarjarasm.asm.commons.GeneratorAdapter due to org.evosuite.ga.ConstructionFailedException: Have no generator for class java.lang.reflect.Method canUseFunctionalMocks=true, canBeMocked: false
[Progress:==================>           61%] [Cov:===========================>       78%][MASTER] 16:50:16.960 [logback-1] WARN  TestChromosome - Functional mock problem: org.evosuite.ga.ConstructionFailedException: Failed to add constructor for groovyjarjarasm.asm.commons.AnalyzerAdapter due to org.evosuite.ga.ConstructionFailedException: Failed to add constructor for groovyjarjarasm.asm.commons.MethodRemapper due to org.evosuite.ga.ConstructionFailedException: Failed to add constructor for groovyjarjarasm.asm.commons.JSRInlinerAdapter due to org.evosuite.ga.ConstructionFailedException: Failed to add constructor for groovyjarjarasm.asm.commons.CodeSizeEvaluator due to org.evosuite.ga.ConstructionFailedException: Failed to add constructor for groovyjarjarasm.asm.commons.GeneratorAdapter due to org.evosuite.ga.ConstructionFailedException: Max recursion depth reached
[Progress:==================>           61%] [Cov:===========================>       78%][Progress:==================>           61%] [Cov:===========================>       78%][Progress:==================>           61%] [Cov:===========================>       78%][Progress:==================>           61%] [Cov:===========================>       78%][Progress:==================>           61%] [Cov:===========================>       78%][Progress:==================>           61%] [Cov:===========================>       78%][Progress:==================>           61%] [Cov:===========================>       78%][Progress:==================>           61%] [Cov:===========================>       78%][Progress:==================>           61%] [Cov:===========================>       78%][Progress:==================>           61%] [Cov:===========================>       78%][Progress:==================>           61%] [Cov:===========================>       78%][Progress:==================>           61%] [Cov:===========================>       78%][Progress:==================>           61%] [Cov:===========================>       78%][Progress:==================>           61%] [Cov:===========================>       78%][MASTER] 16:50:17.495 [logback-1] WARN  TestChromosome - Functional mock problem: org.evosuite.ga.ConstructionFailedException: Failed to add constructor for groovyjarjarasm.asm.commons.AnalyzerAdapter due to org.evosuite.ga.ConstructionFailedException: Failed to add constructor for groovyjarjarasm.asm.commons.CodeSizeEvaluator due to org.evosuite.ga.ConstructionFailedException: Failed to add constructor for groovyjarjarasm.asm.commons.InstructionAdapter due to org.evosuite.ga.ConstructionFailedException: Failed to add constructor for groovyjarjarasm.asm.commons.LocalVariablesSorter due to org.evosuite.ga.ConstructionFailedException: Failed to add constructor for groovyjarjarasm.asm.commons.JSRInlinerAdapter due to org.evosuite.ga.ConstructionFailedException: Max recursion depth reached
[Progress:==================>           61%] [Cov:===========================>       78%][Progress:==================>           61%] [Cov:===========================>       78%][Progress:==================>           61%] [Cov:===========================>       78%][Progress:==================>           61%] [Cov:===========================>       78%][Progress:==================>           63%] [Cov:===========================>       78%][Progress:==================>           63%] [Cov:===========================>       78%][Progress:==================>           63%] [Cov:===========================>       78%][Progress:==================>           63%] [Cov:===========================>       78%][MASTER] 16:50:17.832 [logback-1] WARN  TestChromosome - Functional mock problem: org.evosuite.ga.ConstructionFailedException: Failed to add constructor for groovyjarjarasm.asm.commons.AnalyzerAdapter due to org.evosuite.ga.ConstructionFailedException: Failed to add constructor for groovyjarjarasm.asm.commons.TryCatchBlockSorter due to org.evosuite.ga.ConstructionFailedException: Failed to add constructor for groovyjarjarasm.asm.commons.GeneratorAdapter due to org.evosuite.ga.ConstructionFailedException: Failed to add constructor for groovyjarjarasm.asm.commons.GeneratorAdapter due to org.evosuite.ga.ConstructionFailedException: Have no generator for class java.lang.reflect.Method canUseFunctionalMocks=true, canBeMocked: false
[Progress:==================>           63%] [Cov:===========================>       78%][Progress:==================>           63%] [Cov:===========================>       78%][Progress:==================>           63%] [Cov:===========================>       78%][Progress:==================>           63%] [Cov:===========================>       78%][Progress:==================>           63%] [Cov:===========================>       78%][Progress:==================>           63%] [Cov:===========================>       78%][Progress:==================>           63%] [Cov:===========================>       78%][Progress:==================>           63%] [Cov:===========================>       78%][Progress:==================>           63%] [Cov:===========================>       78%][Progress:==================>           63%] [Cov:===========================>       78%][Progress:==================>           63%] [Cov:===========================>       78%][Progress:==================>           63%] [Cov:===========================>       78%][Progress:==================>           63%] [Cov:===========================>       78%][Progress:==================>           63%] [Cov:===========================>       78%][Progress:==================>           63%] [Cov:===========================>       78%][Progress:==================>           63%] [Cov:===========================>       78%][Progress:==================>           63%] [Cov:===========================>       78%][Progress:==================>           63%] [Cov:===========================>       78%][Progress:===================>          65%] [Cov:===========================>       78%][Progress:===================>          65%] [Cov:===========================>       78%][Progress:===================>          65%] [Cov:===========================>       78%][Progress:===================>          65%] [Cov:===========================>       78%][Progress:===================>          65%] [Cov:===========================>       78%][Progress:===================>          65%] [Cov:===========================>       78%][Progress:===================>          65%] [Cov:===========================>       78%][Progress:===================>          65%] [Cov:===========================>       78%][Progress:===================>          65%] [Cov:===========================>       78%][Progress:===================>          65%] [Cov:===========================>       78%][Progress:===================>          65%] [Cov:===========================>       78%][Progress:===================>          65%] [Cov:===========================>       78%][Progress:===================>          65%] [Cov:===========================>       78%][Progress:===================>          65%] [Cov:===========================>       78%][Progress:===================>          65%] [Cov:===========================>       78%][Progress:===================>          66%] [Cov:===========================>       78%][Progress:===================>          66%] [Cov:===========================>       78%][Progress:===================>          66%] [Cov:===========================>       78%][Progress:===================>          66%] [Cov:===========================>       78%][MASTER] 16:50:19.859 [logback-1] WARN  TestChromosome - Functional mock problem: org.evosuite.ga.ConstructionFailedException: Failed to add constructor for groovyjarjarasm.asm.commons.AnalyzerAdapter due to org.evosuite.ga.ConstructionFailedException: Failed to add constructor for org.codehaus.groovy.classgen.AsmClassGenerator due to org.evosuite.ga.ConstructionFailedException: Error: VariableReference: Statement 28, type groovyjarjarasm.asm.ClassWriter is not assignable to class groovyjarjarasm.asm.ClassVisitor
[Progress:===================>          66%] [Cov:===========================>       78%][Progress:===================>          66%] [Cov:===========================>       78%][Progress:===================>          66%] [Cov:===========================>       78%][Progress:===================>          66%] [Cov:===========================>       78%][Progress:===================>          66%] [Cov:===========================>       78%][Progress:===================>          66%] [Cov:===========================>       78%][Progress:===================>          66%] [Cov:===========================>       78%][Progress:===================>          66%] [Cov:===========================>       78%][Progress:===================>          66%] [Cov:===========================>       78%][Progress:===================>          66%] [Cov:===========================>       78%][MASTER] 16:50:20.435 [logback-1] WARN  TestChromosome - Functional mock problem: org.evosuite.ga.ConstructionFailedException: Failed to add constructor for groovyjarjarasm.asm.commons.AnalyzerAdapter due to org.evosuite.ga.ConstructionFailedException: Failed to add constructor for groovyjarjarasm.asm.commons.LocalVariablesSorter due to org.evosuite.ga.ConstructionFailedException: Failed to add constructor for groovyjarjarasm.asm.commons.InstructionAdapter due to org.evosuite.ga.ConstructionFailedException: Failed to add constructor for groovyjarjarasm.asm.commons.GeneratorAdapter due to org.evosuite.ga.ConstructionFailedException: Failed to add constructor for groovyjarjarasm.asm.commons.MethodRemapper due to org.evosuite.ga.ConstructionFailedException: Max recursion depth reached
[Progress:===================>          66%] [Cov:===========================>       78%][Progress:===================>          66%] [Cov:===========================>       78%][MASTER] 16:50:20.517 [logback-1] WARN  TestChromosome - Functional mock problem: org.evosuite.ga.ConstructionFailedException: Failed to add constructor for groovyjarjarasm.asm.commons.AnalyzerAdapter due to org.evosuite.ga.ConstructionFailedException: Failed to add constructor for groovyjarjarasm.asm.util.TraceMethodVisitor due to org.evosuite.ga.ConstructionFailedException: Failed to add constructor for groovyjarjarasm.asm.commons.MethodRemapper due to org.evosuite.ga.ConstructionFailedException: Failed to add constructor for groovyjarjarasm.asm.commons.CodeSizeEvaluator due to org.evosuite.ga.ConstructionFailedException: Failed to add constructor for groovyjarjarasm.asm.commons.InstructionAdapter due to org.evosuite.ga.ConstructionFailedException: Max recursion depth reached
[Progress:===================>          66%] [Cov:===========================>       78%][Progress:===================>          66%] [Cov:===========================>       78%][Progress:===================>          66%] [Cov:===========================>       78%][Progress:===================>          66%] [Cov:===========================>       78%][Progress:====================>         68%] [Cov:===========================>       78%][Progress:====================>         68%] [Cov:===========================>       78%][Progress:====================>         68%] [Cov:===========================>       78%][Progress:====================>         68%] [Cov:===========================>       78%][Progress:====================>         68%] [Cov:===========================>       78%][Progress:====================>         68%] [Cov:===========================>       78%][Progress:====================>         68%] [Cov:===========================>       78%][Progress:====================>         68%] [Cov:===========================>       78%][Progress:====================>         68%] [Cov:===========================>       78%][Progress:====================>         68%] [Cov:===========================>       78%][Progress:====================>         68%] [Cov:===========================>       78%][Progress:====================>         68%] [Cov:===========================>       78%][Progress:====================>         68%] [Cov:===========================>       78%][Progress:====================>         68%] [Cov:===========================>       78%][Progress:====================>         68%] [Cov:===========================>       78%][Progress:====================>         68%] [Cov:===========================>       78%][MASTER] 16:50:21.335 [logback-1] WARN  TestChromosome - Functional mock problem: org.evosuite.ga.ConstructionFailedException: Failed to add constructor for groovyjarjarasm.asm.commons.AnalyzerAdapter due to org.evosuite.ga.ConstructionFailedException: Failed to add constructor for groovyjarjarasm.asm.commons.GeneratorAdapter due to org.evosuite.ga.ConstructionFailedException: Failed to add constructor for groovyjarjarasm.asm.commons.Method due to org.evosuite.ga.ConstructionFailedException: Have no generator for class java.lang.reflect.Method canUseFunctionalMocks=true, canBeMocked: false
[Progress:====================>         68%] [Cov:===========================>       78%][Progress:====================>         68%] [Cov:===========================>       78%][Progress:====================>         68%] [Cov:===========================>       78%][Progress:====================>         68%] [Cov:===========================>       78%][Progress:====================>         68%] [Cov:===========================>       78%][Progress:====================>         68%] [Cov:===========================>       78%][Progress:====================>         68%] [Cov:===========================>       78%][Progress:====================>         68%] [Cov:===========================>       78%][Progress:====================>         68%] [Cov:===========================>       78%][Progress:=====================>        70%] [Cov:===========================>       78%][Progress:=====================>        70%] [Cov:===========================>       78%][Progress:=====================>        70%] [Cov:===========================>       78%][Progress:=====================>        70%] [Cov:===========================>       78%][Progress:=====================>        70%] [Cov:===========================>       78%][Progress:=====================>        70%] [Cov:===========================>       78%][Progress:=====================>        70%] [Cov:===========================>       78%][Progress:=====================>        70%] [Cov:===========================>       78%][Progress:=====================>        70%] [Cov:===========================>       78%][Progress:=====================>        70%] [Cov:===========================>       78%][Progress:=====================>        70%] [Cov:===========================>       78%][Progress:=====================>        70%] [Cov:===========================>       78%][Progress:=====================>        70%] [Cov:===========================>       78%][Progress:=====================>        70%] [Cov:===========================>       78%][Progress:=====================>        70%] [Cov:===========================>       78%][Progress:=====================>        70%] [Cov:===========================>       78%][Progress:=====================>        70%] [Cov:===========================>       78%][Progress:=====================>        70%] [Cov:===========================>       78%][Progress:=====================>        70%] [Cov:===========================>       78%][Progress:=====================>        70%] [Cov:===========================>       78%][Progress:=====================>        70%] [Cov:===========================>       78%][Progress:=====================>        70%] [Cov:===========================>       78%][Progress:=====================>        70%] [Cov:===========================>       78%][Progress:=====================>        71%] [Cov:===========================>       78%][Progress:=====================>        71%] [Cov:===========================>       78%][Progress:=====================>        71%] [Cov:===========================>       78%][Progress:=====================>        71%] [Cov:===========================>       78%][Progress:=====================>        71%] [Cov:===========================>       78%][Progress:=====================>        71%] [Cov:===========================>       78%][Progress:=====================>        71%] [Cov:===========================>       78%][Progress:=====================>        71%] [Cov:===========================>       78%][Progress:=====================>        71%] [Cov:===========================>       78%][Progress:=====================>        71%] [Cov:===========================>       78%][Progress:=====================>        71%] [Cov:===========================>       78%][Progress:=====================>        71%] [Cov:===========================>       78%][Progress:=====================>        71%] [Cov:===========================>       78%][Progress:=====================>        71%] [Cov:===========================>       78%][Progress:=====================>        71%] [Cov:===========================>       78%][Progress:=====================>        71%] [Cov:===========================>       78%][Progress:=====================>        71%] [Cov:===========================>       78%][Progress:=====================>        71%] [Cov:===========================>       78%][Progress:=====================>        71%] [Cov:===========================>       78%][Progress:=====================>        71%] [Cov:===========================>       78%][Progress:=====================>        71%] [Cov:===========================>       78%][Progress:=====================>        71%] [Cov:===========================>       78%][Progress:=====================>        71%] [Cov:===========================>       78%][Progress:=====================>        71%] [Cov:===========================>       78%][Progress:=====================>        73%] [Cov:===========================>       78%][Progress:=====================>        73%] [Cov:===========================>       78%][Progress:=====================>        73%] [Cov:===========================>       78%][Progress:=====================>        73%] [Cov:===========================>       78%][Progress:=====================>        73%] [Cov:===========================>       78%][Progress:=====================>        73%] [Cov:===========================>       78%][Progress:=====================>        73%] [Cov:===========================>       78%][Progress:=====================>        73%] [Cov:===========================>       78%][Progress:=====================>        73%] [Cov:===========================>       78%][Progress:=====================>        73%] [Cov:===========================>       78%][Progress:=====================>        73%] [Cov:===========================>       78%][Progress:=====================>        73%] [Cov:===========================>       78%][Progress:=====================>        73%] [Cov:===========================>       78%][Progress:=====================>        73%] [Cov:===========================>       78%][Progress:=====================>        73%] [Cov:===========================>       78%][Progress:=====================>        73%] [Cov:===========================>       78%][Progress:=====================>        73%] [Cov:===========================>       78%][Progress:=====================>        73%] [Cov:===========================>       78%][Progress:=====================>        73%] [Cov:===========================>       78%][MASTER] 16:50:24.483 [logback-1] WARN  TestChromosome - Functional mock problem: org.evosuite.ga.ConstructionFailedException: Failed to add constructor for groovyjarjarasm.asm.commons.AnalyzerAdapter due to org.evosuite.ga.ConstructionFailedException: Failed to add constructor for groovyjarjarasm.asm.util.TraceMethodVisitor due to org.evosuite.ga.ConstructionFailedException: Failed to add constructor for groovyjarjarasm.asm.commons.LocalVariablesSorter due to org.evosuite.ga.ConstructionFailedException: Failed to add constructor for groovyjarjarasm.asm.commons.GeneratorAdapter due to org.evosuite.ga.ConstructionFailedException: Failed to add constructor for groovyjarjarasm.asm.util.TraceMethodVisitor due to org.evosuite.ga.ConstructionFailedException: Max recursion depth reached
[Progress:=====================>        73%] [Cov:===========================>       78%][Progress:=====================>        73%] [Cov:===========================>       78%][Progress:=====================>        73%] [Cov:===========================>       78%][Progress:=====================>        73%] [Cov:===========================>       78%][Progress:=====================>        73%] [Cov:===========================>       78%][Progress:======================>       75%] [Cov:===========================>       78%][MASTER] 16:50:24.735 [logback-1] WARN  TestChromosome - Functional mock problem: org.evosuite.ga.ConstructionFailedException: Failed to add constructor for groovyjarjarasm.asm.commons.AnalyzerAdapter due to org.evosuite.ga.ConstructionFailedException: Failed to add constructor for groovyjarjarasm.asm.commons.LocalVariablesSorter due to org.evosuite.ga.ConstructionFailedException: Failed to add constructor for groovyjarjarasm.asm.commons.GeneratorAdapter due to org.evosuite.ga.ConstructionFailedException: Failed to add constructor for groovyjarjarasm.asm.commons.Method due to org.evosuite.ga.ConstructionFailedException: Have no generator for class java.lang.reflect.Method canUseFunctionalMocks=true, canBeMocked: false
[Progress:======================>       75%] [Cov:===========================>       78%][Progress:======================>       75%] [Cov:===========================>       78%][Progress:======================>       75%] [Cov:===========================>       78%][MASTER] 16:50:24.839 [logback-1] WARN  TestChromosome - Functional mock problem: org.evosuite.ga.ConstructionFailedException: Failed to add constructor for groovyjarjarasm.asm.commons.AnalyzerAdapter due to org.evosuite.ga.ConstructionFailedException: Failed to add constructor for groovyjarjarasm.asm.commons.TryCatchBlockSorter due to org.evosuite.ga.ConstructionFailedException: Failed to add constructor for groovyjarjarasm.asm.commons.MethodRemapper due to org.evosuite.ga.ConstructionFailedException: Failed to add constructor for groovyjarjarasm.asm.commons.CodeSizeEvaluator due to org.evosuite.ga.ConstructionFailedException: Failed to add constructor for groovyjarjarasm.asm.util.TraceMethodVisitor due to org.evosuite.ga.ConstructionFailedException: Max recursion depth reached
[Progress:======================>       75%] [Cov:===========================>       78%][Progress:======================>       75%] [Cov:===========================>       78%][Progress:======================>       75%] [Cov:===========================>       78%][MASTER] 16:50:24.990 [logback-1] WARN  TestChromosome - Functional mock problem: org.evosuite.ga.ConstructionFailedException: Failed to add constructor for java.util.HashMap due to org.evosuite.ga.ConstructionFailedException: Failed to add constructor for groovyjarjarasm.asm.commons.AnalyzerAdapter due to org.evosuite.ga.ConstructionFailedException: Failed to add constructor for groovyjarjarasm.asm.commons.GeneratorAdapter due to org.evosuite.ga.ConstructionFailedException: Have no generator for java.lang.reflect.Constructor<java.lang.Object> canUseFunctionalMocks=true, canBeMocked: false
[Progress:======================>       75%] [Cov:===========================>       78%][Progress:======================>       75%] [Cov:===========================>       78%][Progress:======================>       75%] [Cov:===========================>       78%][Progress:======================>       75%] [Cov:===========================>       78%][Progress:======================>       75%] [Cov:===========================>       78%][MASTER] 16:50:25.175 [logback-1] WARN  TestChromosome - Functional mock problem: org.evosuite.ga.ConstructionFailedException: Failed to add constructor for groovyjarjarasm.asm.commons.AnalyzerAdapter due to org.evosuite.ga.ConstructionFailedException: Failed to add constructor for groovyjarjarasm.asm.commons.CodeSizeEvaluator due to org.evosuite.ga.ConstructionFailedException: Failed to add constructor for groovyjarjarasm.asm.commons.GeneratorAdapter due to org.evosuite.ga.ConstructionFailedException: Have no generator for java.lang.reflect.Constructor<java.lang.Object> canUseFunctionalMocks=true, canBeMocked: false
[Progress:======================>       75%] [Cov:===========================>       78%][Progress:======================>       75%] [Cov:===========================>       78%][Progress:======================>       75%] [Cov:===========================>       78%][Progress:======================>       75%] [Cov:===========================>       78%][Progress:======================>       75%] [Cov:===========================>       78%][Progress:======================>       75%] [Cov:===========================>       78%][Progress:======================>       75%] [Cov:===========================>       78%][Progress:======================>       75%] [Cov:===========================>       78%][Progress:======================>       75%] [Cov:===========================>       78%][Progress:======================>       75%] [Cov:===========================>       78%][Progress:======================>       75%] [Cov:===========================>       78%][Progress:======================>       75%] [Cov:===========================>       78%][Progress:======================>       75%] [Cov:===========================>       78%][Progress:======================>       76%] [Cov:===========================>       78%][Progress:======================>       76%] [Cov:===========================>       78%][Progress:======================>       76%] [Cov:===========================>       78%][Progress:======================>       76%] [Cov:===========================>       78%][Progress:======================>       76%] [Cov:===========================>       78%][Progress:======================>       76%] [Cov:===========================>       78%][Progress:======================>       76%] [Cov:===========================>       78%][MASTER] 16:50:26.070 [logback-1] WARN  TestChromosome - Functional mock problem: org.evosuite.ga.ConstructionFailedException: Failed to add constructor for groovyjarjarasm.asm.commons.AnalyzerAdapter due to org.evosuite.ga.ConstructionFailedException: Failed to add constructor for groovyjarjarasm.asm.util.TraceMethodVisitor due to org.evosuite.ga.ConstructionFailedException: Failed to add constructor for groovyjarjarasm.asm.commons.MethodRemapper due to org.evosuite.ga.ConstructionFailedException: Failed to add constructor for groovyjarjarasm.asm.commons.LocalVariablesSorter due to org.evosuite.ga.ConstructionFailedException: Failed to add constructor for groovyjarjarasm.asm.commons.TryCatchBlockSorter due to org.evosuite.ga.ConstructionFailedException: Max recursion depth reached
[Progress:======================>       76%] [Cov:===========================>       78%][Progress:======================>       76%] [Cov:===========================>       78%][Progress:======================>       76%] [Cov:===========================>       78%][Progress:======================>       76%] [Cov:===========================>       78%][Progress:======================>       76%] [Cov:===========================>       78%][Progress:======================>       76%] [Cov:===========================>       78%][Progress:======================>       76%] [Cov:===========================>       78%][Progress:======================>       76%] [Cov:===========================>       78%][MASTER] 16:50:26.382 [logback-1] WARN  TestChromosome - Functional mock problem: org.evosuite.ga.ConstructionFailedException: Failed to add constructor for groovyjarjarasm.asm.commons.AnalyzerAdapter due to org.evosuite.ga.ConstructionFailedException: Failed to add constructor for groovyjarjarasm.asm.commons.JSRInlinerAdapter due to org.evosuite.ga.ConstructionFailedException: Failed to add constructor for groovyjarjarasm.asm.commons.TryCatchBlockSorter due to org.evosuite.ga.ConstructionFailedException: Failed to add constructor for groovyjarjarasm.asm.commons.GeneratorAdapter due to org.evosuite.ga.ConstructionFailedException: Failed to add constructor for groovyjarjarasm.asm.commons.LocalVariablesSorter due to org.evosuite.ga.ConstructionFailedException: Max recursion depth reached
[Progress:======================>       76%] [Cov:===========================>       78%][Progress:======================>       76%] [Cov:===========================>       78%][Progress:======================>       76%] [Cov:===========================>       78%][Progress:======================>       76%] [Cov:===========================>       78%][Progress:======================>       76%] [Cov:===========================>       78%][Progress:======================>       76%] [Cov:===========================>       78%][Progress:======================>       76%] [Cov:===========================>       78%][Progress:=======================>      78%] [Cov:===========================>       78%][Progress:=======================>      78%] [Cov:===========================>       78%][Progress:=======================>      78%] [Cov:===========================>       78%][Progress:=======================>      78%] [Cov:===========================>       78%][Progress:=======================>      78%] [Cov:===========================>       78%][MASTER] 16:50:26.881 [logback-1] WARN  TestChromosome - Functional mock problem: org.evosuite.ga.ConstructionFailedException: Failed to add constructor for groovyjarjarasm.asm.commons.AnalyzerAdapter due to org.evosuite.ga.ConstructionFailedException: Failed to add constructor for groovyjarjarasm.asm.commons.CodeSizeEvaluator due to org.evosuite.ga.ConstructionFailedException: Failed to add constructor for groovyjarjarasm.asm.commons.GeneratorAdapter due to org.evosuite.ga.ConstructionFailedException: Failed to add constructor for groovyjarjarasm.asm.commons.MethodRemapper due to org.evosuite.ga.ConstructionFailedException: Failed to add constructor for groovyjarjarasm.asm.commons.InstructionAdapter due to org.evosuite.ga.ConstructionFailedException: Max recursion depth reached
[Progress:=======================>      78%] [Cov:===========================>       78%][Progress:=======================>      78%] [Cov:===========================>       78%][Progress:=======================>      78%] [Cov:===========================>       78%][Progress:=======================>      78%] [Cov:===========================>       78%][Progress:=======================>      78%] [Cov:===========================>       78%][Progress:=======================>      78%] [Cov:===========================>       78%][Progress:=======================>      78%] [Cov:===========================>       78%][Progress:=======================>      78%] [Cov:===========================>       78%][Progress:=======================>      78%] [Cov:===========================>       78%][Progress:=======================>      78%] [Cov:===========================>       78%][Progress:=======================>      78%] [Cov:===========================>       78%][Progress:=======================>      78%] [Cov:===========================>       78%][Progress:=======================>      78%] [Cov:===========================>       78%][Progress:=======================>      78%] [Cov:===========================>       78%][Progress:=======================>      78%] [Cov:===========================>       78%][Progress:=======================>      78%] [Cov:===========================>       78%][MASTER] 16:50:27.524 [logback-1] WARN  TestChromosome - Functional mock problem: org.evosuite.ga.ConstructionFailedException: Failed to add constructor for groovyjarjarasm.asm.commons.AnalyzerAdapter due to org.evosuite.ga.ConstructionFailedException: Failed to add constructor for groovyjarjarasm.asm.commons.JSRInlinerAdapter due to org.evosuite.ga.ConstructionFailedException: Failed to add constructor for groovyjarjarasm.asm.commons.GeneratorAdapter due to org.evosuite.ga.ConstructionFailedException: Failed to add constructor for groovyjarjarasm.asm.util.TraceMethodVisitor due to org.evosuite.ga.ConstructionFailedException: Failed to add constructor for groovyjarjarasm.asm.util.TraceMethodVisitor due to org.evosuite.ga.ConstructionFailedException: Max recursion depth reached
[Progress:=======================>      78%] [Cov:===========================>       78%][Progress:=======================>      78%] [Cov:===========================>       78%][Progress:=======================>      78%] [Cov:===========================>       78%][Progress:=======================>      78%] [Cov:===========================>       78%][Progress:========================>     80%] [Cov:===========================>       78%][MASTER] 16:50:27.708 [logback-1] WARN  TestChromosome - Functional mock problem: org.evosuite.ga.ConstructionFailedException: Failed to add constructor for groovyjarjarasm.asm.commons.AnalyzerAdapter due to org.evosuite.ga.ConstructionFailedException: Failed to add constructor for groovyjarjarasm.asm.commons.GeneratorAdapter due to org.evosuite.ga.ConstructionFailedException: Failed to add constructor for groovyjarjarasm.asm.commons.Method due to org.evosuite.ga.ConstructionFailedException: Have no generator for java.lang.reflect.Constructor<org.codehaus.groovy.runtime.callsite.CallSiteArray> canUseFunctionalMocks=true, canBeMocked: false
[Progress:========================>     80%] [Cov:===========================>       78%][MASTER] 16:50:27.764 [logback-1] WARN  TestChromosome - Functional mock problem: org.evosuite.ga.ConstructionFailedException: Failed to add constructor for groovyjarjarasm.asm.commons.AnalyzerAdapter due to org.evosuite.ga.ConstructionFailedException: Failed to add constructor for groovyjarjarasm.asm.commons.CodeSizeEvaluator due to org.evosuite.ga.ConstructionFailedException: Failed to add constructor for groovyjarjarasm.asm.commons.TryCatchBlockSorter due to org.evosuite.ga.ConstructionFailedException: Failed to add constructor for groovyjarjarasm.asm.util.TraceMethodVisitor due to org.evosuite.ga.ConstructionFailedException: Failed to add constructor for groovyjarjarasm.asm.commons.GeneratorAdapter due to org.evosuite.ga.ConstructionFailedException: Max recursion depth reached
[Progress:========================>     80%] [Cov:===========================>       78%][MASTER] 16:50:27.799 [logback-1] WARN  TestChromosome - Functional mock problem: org.evosuite.ga.ConstructionFailedException: Failed to add constructor for groovyjarjarasm.asm.commons.AnalyzerAdapter due to org.evosuite.ga.ConstructionFailedException: Failed to add constructor for groovyjarjarasm.asm.commons.GeneratorAdapter due to org.evosuite.ga.ConstructionFailedException: Failed to add constructor for groovyjarjarasm.asm.commons.GeneratorAdapter due to org.evosuite.ga.ConstructionFailedException: Failed to add constructor for groovyjarjarasm.asm.util.TraceMethodVisitor due to org.evosuite.ga.ConstructionFailedException: Failed to add constructor for groovyjarjarasm.asm.util.TraceMethodVisitor due to org.evosuite.ga.ConstructionFailedException: Max recursion depth reached
[Progress:========================>     80%] [Cov:===========================>       78%][Progress:========================>     80%] [Cov:===========================>       78%][MASTER] 16:50:27.940 [logback-1] WARN  TestChromosome - Functional mock problem: org.evosuite.ga.ConstructionFailedException: Failed to add constructor for groovyjarjarasm.asm.commons.AnalyzerAdapter due to org.evosuite.ga.ConstructionFailedException: Failed to add constructor for groovyjarjarasm.asm.commons.JSRInlinerAdapter due to org.evosuite.ga.ConstructionFailedException: Failed to add constructor for groovyjarjarasm.asm.commons.GeneratorAdapter due to org.evosuite.ga.ConstructionFailedException: Failed to add constructor for groovyjarjarasm.asm.ClassWriter due to org.evosuite.ga.ConstructionFailedException: Failed to add constructor for groovyjarjarasm.asm.ClassReader due to org.evosuite.ga.ConstructionFailedException: Max recursion depth reached
[Progress:========================>     80%] [Cov:===========================>       78%][Progress:========================>     80%] [Cov:===========================>       78%][Progress:========================>     80%] [Cov:===========================>       78%][Progress:========================>     80%] [Cov:===========================>       78%][Progress:========================>     80%] [Cov:===========================>       78%][Progress:========================>     80%] [Cov:===========================>       78%][Progress:========================>     80%] [Cov:===========================>       78%][Progress:========================>     80%] [Cov:===========================>       78%][Progress:========================>     80%] [Cov:===========================>       78%][Progress:========================>     80%] [Cov:===========================>       78%][Progress:========================>     80%] [Cov:===========================>       78%][Progress:========================>     80%] [Cov:===========================>       78%][Progress:========================>     80%] [Cov:===========================>       78%][Progress:========================>     80%] [Cov:===========================>       78%][Progress:========================>     80%] [Cov:===========================>       78%][Progress:========================>     80%] [Cov:===========================>       78%][Progress:========================>     80%] [Cov:===========================>       78%][Progress:========================>     81%] [Cov:===========================>       78%][Progress:========================>     81%] [Cov:===========================>       78%][Progress:========================>     81%] [Cov:===========================>       78%][Progress:========================>     81%] [Cov:===========================>       78%][Progress:========================>     81%] [Cov:===========================>       78%][MASTER] 16:50:28.916 [logback-1] WARN  TestChromosome - Functional mock problem: org.evosuite.ga.ConstructionFailedException: Failed to add constructor for groovyjarjarasm.asm.commons.AnalyzerAdapter due to org.evosuite.ga.ConstructionFailedException: Failed to add constructor for groovyjarjarasm.asm.ClassWriter due to org.evosuite.ga.ConstructionFailedException: Failed to add constructor for groovyjarjarasm.asm.ClassReader due to org.evosuite.ga.ConstructionFailedException: Max recursion depth reached
[Progress:========================>     81%] [Cov:===========================>       78%][Progress:========================>     81%] [Cov:===========================>       78%][Progress:========================>     81%] [Cov:===========================>       78%][Progress:========================>     81%] [Cov:===========================>       78%][Progress:========================>     81%] [Cov:===========================>       78%][Progress:========================>     81%] [Cov:===========================>       78%][Progress:========================>     81%] [Cov:===========================>       78%][Progress:========================>     81%] [Cov:===========================>       78%][Progress:========================>     81%] [Cov:===========================>       78%][Progress:========================>     81%] [Cov:===========================>       78%][Progress:========================>     81%] [Cov:===========================>       78%][Progress:========================>     81%] [Cov:===========================>       78%][Progress:========================>     81%] [Cov:===========================>       78%][MASTER] 16:50:29.470 [logback-1] WARN  TestChromosome - Functional mock problem: org.evosuite.ga.ConstructionFailedException: Failed to add constructor for groovyjarjarasm.asm.commons.AnalyzerAdapter due to org.evosuite.ga.ConstructionFailedException: Failed to add constructor for groovyjarjarasm.asm.commons.LocalVariablesSorter due to org.evosuite.ga.ConstructionFailedException: Failed to add constructor for groovyjarjarasm.asm.commons.GeneratorAdapter due to org.evosuite.ga.ConstructionFailedException: Failed to add constructor for groovyjarjarasm.asm.ClassWriter due to org.evosuite.ga.ConstructionFailedException: Failed to add constructor for groovyjarjarasm.asm.ClassReader due to org.evosuite.ga.ConstructionFailedException: Max recursion depth reached
[Progress:========================>     81%] [Cov:===========================>       78%][Progress:========================>     81%] [Cov:===========================>       78%][Progress:========================>     81%] [Cov:===========================>       78%][Progress:========================>     81%] [Cov:===========================>       78%][Progress:========================>     81%] [Cov:===========================>       78%][Progress:========================>     83%] [Cov:===========================>       78%][Progress:========================>     83%] [Cov:===========================>       78%][Progress:========================>     83%] [Cov:===========================>       78%][Progress:========================>     83%] [Cov:===========================>       78%][Progress:========================>     83%] [Cov:===========================>       78%][MASTER] 16:50:29.888 [logback-1] WARN  TestChromosome - Functional mock problem: org.evosuite.ga.ConstructionFailedException: Failed to add constructor for groovyjarjarasm.asm.commons.AnalyzerAdapter due to org.evosuite.ga.ConstructionFailedException: Failed to add constructor for org.codehaus.groovy.classgen.AsmClassGenerator due to org.evosuite.ga.ConstructionFailedException: Error: VariableReference: Statement 7, type groovyjarjarasm.asm.ClassWriter is not assignable to class groovyjarjarasm.asm.ClassVisitor
[Progress:========================>     83%] [Cov:===========================>       78%][Progress:========================>     83%] [Cov:===========================>       78%][Progress:========================>     83%] [Cov:===========================>       78%][Progress:========================>     83%] [Cov:===========================>       78%][MASTER] 16:50:30.053 [logback-1] WARN  TestChromosome - Functional mock problem: org.evosuite.ga.ConstructionFailedException: Failed to add constructor for groovyjarjarasm.asm.commons.AnalyzerAdapter due to org.evosuite.ga.ConstructionFailedException: Failed to add constructor for groovyjarjarasm.asm.util.TraceMethodVisitor due to org.evosuite.ga.ConstructionFailedException: Failed to add constructor for groovyjarjarasm.asm.commons.GeneratorAdapter due to org.evosuite.ga.ConstructionFailedException: Have no generator for class java.lang.reflect.Method canUseFunctionalMocks=true, canBeMocked: false
[Progress:========================>     83%] [Cov:===========================>       78%][Progress:========================>     83%] [Cov:===========================>       78%][Progress:========================>     83%] [Cov:===========================>       78%][Progress:========================>     83%] [Cov:===========================>       78%][Progress:========================>     83%] [Cov:===========================>       78%][Progress:========================>     83%] [Cov:===========================>       78%][Progress:========================>     83%] [Cov:===========================>       78%][Progress:========================>     83%] [Cov:===========================>       78%][Progress:========================>     83%] [Cov:===========================>       78%][Progress:========================>     83%] [Cov:===========================>       78%][MASTER] 16:50:30.446 [logback-1] WARN  TestChromosome - Functional mock problem: org.evosuite.ga.ConstructionFailedException: Failed to add constructor for groovyjarjarasm.asm.commons.AnalyzerAdapter due to org.evosuite.ga.ConstructionFailedException: Failed to add constructor for org.codehaus.groovy.classgen.AsmClassGenerator due to org.evosuite.ga.ConstructionFailedException: Error: VariableReference: Statement 12, type groovyjarjarasm.asm.ClassWriter is not assignable to class groovyjarjarasm.asm.ClassVisitor
[Progress:========================>     83%] [Cov:===========================>       78%][Progress:========================>     83%] [Cov:===========================>       78%][Progress:========================>     83%] [Cov:===========================>       78%][Progress:========================>     83%] [Cov:===========================>       78%][Progress:========================>     83%] [Cov:===========================>       78%][Progress:========================>     83%] [Cov:===========================>       78%][Progress:=========================>    85%] [Cov:===========================>       78%][Progress:=========================>    85%] [Cov:===========================>       78%][Progress:=========================>    85%] [Cov:===========================>       78%][Progress:=========================>    85%] [Cov:===========================>       78%][Progress:=========================>    85%] [Cov:===========================>       78%][Progress:=========================>    85%] [Cov:===========================>       78%][Progress:=========================>    85%] [Cov:===========================>       78%][Progress:=========================>    85%] [Cov:===========================>       78%][Progress:=========================>    85%] [Cov:===========================>       78%][Progress:=========================>    85%] [Cov:===========================>       78%][Progress:=========================>    85%] [Cov:===========================>       78%][Progress:=========================>    85%] [Cov:===========================>       78%][Progress:=========================>    85%] [Cov:===========================>       78%][Progress:=========================>    85%] [Cov:===========================>       78%][Progress:=========================>    85%] [Cov:===========================>       78%][Progress:=========================>    85%] [Cov:===========================>       78%][Progress:=========================>    85%] [Cov:===========================>       78%][Progress:=========================>    85%] [Cov:===========================>       78%][Progress:=========================>    85%] [Cov:===========================>       78%][Progress:=========================>    85%] [Cov:===========================>       78%][Progress:=========================>    85%] [Cov:===========================>       78%][Progress:=========================>    85%] [Cov:===========================>       78%][Progress:=========================>    85%] [Cov:===========================>       78%][Progress:=========================>    85%] [Cov:===========================>       78%][Progress:=========================>    85%] [Cov:===========================>       78%][Progress:=========================>    85%] [Cov:===========================>       78%][Progress:=========================>    85%] [Cov:===========================>       78%][Progress:=========================>    86%] [Cov:===========================>       78%][Progress:=========================>    86%] [Cov:===========================>       78%][Progress:=========================>    86%] [Cov:===========================>       78%][Progress:=========================>    86%] [Cov:===========================>       78%][Progress:=========================>    86%] [Cov:===========================>       78%][Progress:=========================>    86%] [Cov:===========================>       78%][Progress:=========================>    86%] [Cov:===========================>       78%][Progress:=========================>    86%] [Cov:===========================>       78%][Progress:=========================>    86%] [Cov:===========================>       78%][Progress:=========================>    86%] [Cov:===========================>       78%][Progress:=========================>    86%] [Cov:===========================>       78%][Progress:=========================>    86%] [Cov:===========================>       78%][Progress:=========================>    86%] [Cov:===========================>       78%][Progress:=========================>    86%] [Cov:===========================>       78%][Progress:=========================>    86%] [Cov:===========================>       78%][Progress:=========================>    86%] [Cov:===========================>       78%][Progress:=========================>    86%] [Cov:===========================>       78%][Progress:=========================>    86%] [Cov:===========================>       78%][Progress:=========================>    86%] [Cov:===========================>       78%][Progress:=========================>    86%] [Cov:===========================>       78%][Progress:=========================>    86%] [Cov:===========================>       78%][Progress:=========================>    86%] [Cov:===========================>       78%][Progress:=========================>    86%] [Cov:===========================>       78%][Progress:==========================>   88%] [Cov:===========================>       78%][Progress:==========================>   88%] [Cov:===========================>       78%][Progress:==========================>   88%] [Cov:===========================>       78%][Progress:==========================>   88%] [Cov:===========================>       78%][Progress:==========================>   88%] [Cov:===========================>       78%][Progress:==========================>   88%] [Cov:===========================>       78%][Progress:==========================>   88%] [Cov:===========================>       78%][Progress:==========================>   88%] [Cov:===========================>       78%][MASTER] 16:50:33.040 [logback-1] WARN  TestChromosome - Functional mock problem: org.evosuite.ga.ConstructionFailedException: Failed to add constructor for groovyjarjarasm.asm.commons.AnalyzerAdapter due to org.evosuite.ga.ConstructionFailedException: Failed to add constructor for groovyjarjarasm.asm.commons.InstructionAdapter due to org.evosuite.ga.ConstructionFailedException: Failed to add constructor for groovyjarjarasm.asm.commons.GeneratorAdapter due to org.evosuite.ga.ConstructionFailedException: Have no generator for class java.lang.reflect.Method canUseFunctionalMocks=true, canBeMocked: false
[Progress:==========================>   88%] [Cov:===========================>       78%][Progress:==========================>   88%] [Cov:===========================>       78%][Progress:==========================>   88%] [Cov:===========================>       78%][Progress:==========================>   88%] [Cov:===========================>       78%][MASTER] 16:50:33.181 [logback-1] WARN  TestChromosome - Functional mock problem: org.evosuite.ga.ConstructionFailedException: Failed to add constructor for groovyjarjarasm.asm.commons.AnalyzerAdapter due to org.evosuite.ga.ConstructionFailedException: Failed to add constructor for groovyjarjarasm.asm.commons.MethodRemapper due to org.evosuite.ga.ConstructionFailedException: Failed to add constructor for groovyjarjarasm.asm.commons.GeneratorAdapter due to org.evosuite.ga.ConstructionFailedException: Failed to add constructor for groovyjarjarasm.asm.commons.TryCatchBlockSorter due to org.evosuite.ga.ConstructionFailedException: Failed to add constructor for groovyjarjarasm.asm.commons.InstructionAdapter due to org.evosuite.ga.ConstructionFailedException: Max recursion depth reached
[Progress:==========================>   88%] [Cov:===========================>       78%][Progress:==========================>   88%] [Cov:===========================>       78%][Progress:==========================>   88%] [Cov:===========================>       78%][Progress:==========================>   88%] [Cov:===========================>       78%][MASTER] 16:50:33.357 [logback-1] WARN  TestChromosome - Functional mock problem: org.evosuite.ga.ConstructionFailedException: Failed to add constructor for groovyjarjarasm.asm.commons.AnalyzerAdapter due to org.evosuite.ga.ConstructionFailedException: Failed to add constructor for groovyjarjarasm.asm.commons.TryCatchBlockSorter due to org.evosuite.ga.ConstructionFailedException: Failed to add constructor for groovyjarjarasm.asm.commons.GeneratorAdapter due to org.evosuite.ga.ConstructionFailedException: Failed to add constructor for groovyjarjarasm.asm.commons.GeneratorAdapter due to org.evosuite.ga.ConstructionFailedException: Error: VariableReference: Statement 12, type groovyjarjarasm.asm.MethodVisitor is not assignable to class groovyjarjarasm.asm.MethodVisitor
[Progress:==========================>   88%] [Cov:===========================>       78%][Progress:==========================>   88%] [Cov:===========================>       78%][Progress:==========================>   88%] [Cov:===========================>       78%][Progress:===========================>  90%] [Cov:===========================>       78%][Progress:===========================>  90%] [Cov:===========================>       78%][Progress:===========================>  90%] [Cov:===========================>       78%][Progress:===========================>  90%] [Cov:===========================>       78%][Progress:===========================>  90%] [Cov:===========================>       78%][Progress:===========================>  90%] [Cov:===========================>       78%][Progress:===========================>  90%] [Cov:===========================>       78%][Progress:===========================>  90%] [Cov:===========================>       78%][Progress:===========================>  90%] [Cov:===========================>       78%][Progress:===========================>  90%] [Cov:===========================>       78%][Progress:===========================>  90%] [Cov:===========================>       78%][Progress:===========================>  90%] [Cov:===========================>       78%][Progress:===========================>  90%] [Cov:===========================>       78%][Progress:===========================>  90%] [Cov:===========================>       78%][Progress:===========================>  90%] [Cov:===========================>       78%][Progress:===========================>  90%] [Cov:===========================>       78%][Progress:===========================>  90%] [Cov:===========================>       78%][Progress:===========================>  90%] [Cov:===========================>       78%][Progress:===========================>  90%] [Cov:===========================>       78%][Progress:===========================>  90%] [Cov:===========================>       78%][Progress:===========================>  90%] [Cov:===========================>       78%][Progress:===========================>  90%] [Cov:===========================>       78%][Progress:===========================>  90%] [Cov:===========================>       78%][MASTER] 16:50:34.548 [logback-1] WARN  TestChromosome - Functional mock problem: org.evosuite.ga.ConstructionFailedException: Failed to add constructor for groovyjarjarasm.asm.commons.AnalyzerAdapter due to org.evosuite.ga.ConstructionFailedException: Failed to add constructor for groovyjarjarasm.asm.commons.TryCatchBlockSorter due to org.evosuite.ga.ConstructionFailedException: Failed to add constructor for groovyjarjarasm.asm.commons.LocalVariablesSorter due to org.evosuite.ga.ConstructionFailedException: Failed to add constructor for groovyjarjarasm.asm.util.TraceMethodVisitor due to org.evosuite.ga.ConstructionFailedException: Failed to add constructor for groovyjarjarasm.asm.commons.GeneratorAdapter due to org.evosuite.ga.ConstructionFailedException: Max recursion depth reached
[Progress:===========================>  90%] [Cov:===========================>       78%][Progress:===========================>  90%] [Cov:===========================>       78%][Progress:===========================>  90%] [Cov:===========================>       78%][Progress:===========================>  90%] [Cov:===========================>       78%][MASTER] 16:50:34.696 [logback-1] WARN  TestChromosome - Functional mock problem: org.evosuite.ga.ConstructionFailedException: Failed to add constructor for groovyjarjarasm.asm.commons.AnalyzerAdapter due to org.evosuite.ga.ConstructionFailedException: Failed to add constructor for groovyjarjarasm.asm.commons.GeneratorAdapter due to org.evosuite.ga.ConstructionFailedException: Failed to add constructor for groovyjarjarasm.asm.ClassWriter due to org.evosuite.ga.ConstructionFailedException: Failed to add constructor for groovyjarjarasm.asm.ClassReader due to org.evosuite.ga.ConstructionFailedException: Failed to add constructor for java.io.SequenceInputStream due to org.evosuite.ga.ConstructionFailedException: Max recursion depth reached
[Progress:===========================>  91%] [Cov:===========================>       78%][Progress:===========================>  91%] [Cov:===========================>       78%][Progress:===========================>  91%] [Cov:===========================>       78%][MASTER] 16:50:34.814 [logback-1] WARN  TestChromosome - Functional mock problem: org.evosuite.ga.ConstructionFailedException: Failed to add constructor for groovyjarjarasm.asm.commons.AnalyzerAdapter due to org.evosuite.ga.ConstructionFailedException: Failed to add constructor for groovyjarjarasm.asm.commons.InstructionAdapter due to org.evosuite.ga.ConstructionFailedException: Failed to add constructor for groovyjarjarasm.asm.commons.GeneratorAdapter due to org.evosuite.ga.ConstructionFailedException: Failed to add constructor for groovyjarjarasm.asm.commons.TryCatchBlockSorter due to org.evosuite.ga.ConstructionFailedException: Failed to add constructor for groovyjarjarasm.asm.util.TraceMethodVisitor due to org.evosuite.ga.ConstructionFailedException: Max recursion depth reached
[Progress:===========================>  91%] [Cov:===========================>       78%][Progress:===========================>  91%] [Cov:===========================>       78%][Progress:===========================>  91%] [Cov:===========================>       78%][Progress:===========================>  91%] [Cov:===========================>       78%][Progress:===========================>  91%] [Cov:===========================>       78%][Progress:===========================>  91%] [Cov:===========================>       78%][Progress:===========================>  91%] [Cov:===========================>       78%][Progress:===========================>  91%] [Cov:===========================>       78%][Progress:===========================>  91%] [Cov:===========================>       78%][Progress:===========================>  91%] [Cov:===========================>       78%][Progress:===========================>  91%] [Cov:===========================>       78%][Progress:===========================>  91%] [Cov:===========================>       78%][Progress:===========================>  91%] [Cov:===========================>       78%][Progress:===========================>  91%] [Cov:===========================>       78%][Progress:===========================>  91%] [Cov:===========================>       78%][Progress:===========================>  91%] [Cov:===========================>       78%][Progress:===========================>  91%] [Cov:===========================>       78%][Progress:===========================>  91%] [Cov:===========================>       78%][Progress:===========================>  91%] [Cov:===========================>       78%][Progress:===========================>  91%] [Cov:===========================>       78%][Progress:===========================>  91%] [Cov:===========================>       78%][Progress:===========================>  91%] [Cov:===========================>       78%][Progress:===========================>  91%] [Cov:===========================>       78%][Progress:===========================>  91%] [Cov:===========================>       78%][Progress:===========================>  91%] [Cov:===========================>       78%][Progress:===========================>  93%] [Cov:===========================>       78%][Progress:===========================>  93%] [Cov:===========================>       78%][Progress:===========================>  93%] [Cov:===========================>       78%][Progress:===========================>  93%] [Cov:===========================>       78%][Progress:===========================>  93%] [Cov:===========================>       78%][Progress:===========================>  93%] [Cov:===========================>       78%][Progress:===========================>  93%] [Cov:===========================>       78%][Progress:===========================>  93%] [Cov:===========================>       78%][MASTER] 16:50:35.993 [logback-1] WARN  TestChromosome - Functional mock problem: org.evosuite.ga.ConstructionFailedException: Failed to add constructor for groovyjarjarasm.asm.commons.AnalyzerAdapter due to org.evosuite.ga.ConstructionFailedException: Failed to add constructor for groovyjarjarasm.asm.commons.TryCatchBlockSorter due to org.evosuite.ga.ConstructionFailedException: Failed to add constructor for groovyjarjarasm.asm.commons.GeneratorAdapter due to org.evosuite.ga.ConstructionFailedException: Failed to add constructor for groovyjarjarasm.asm.commons.LocalVariablesSorter due to org.evosuite.ga.ConstructionFailedException: Failed to add constructor for groovyjarjarasm.asm.commons.GeneratorAdapter due to org.evosuite.ga.ConstructionFailedException: Max recursion depth reached
[Progress:===========================>  93%] [Cov:===========================>       78%][Progress:===========================>  93%] [Cov:===========================>       78%][Progress:===========================>  93%] [Cov:===========================>       78%][Progress:===========================>  93%] [Cov:===========================>       78%][Progress:===========================>  93%] [Cov:===========================>       78%][Progress:===========================>  93%] [Cov:===========================>       78%][Progress:===========================>  93%] [Cov:===========================>       78%][Progress:===========================>  93%] [Cov:===========================>       78%][Progress:===========================>  93%] [Cov:===========================>       78%][Progress:===========================>  93%] [Cov:===========================>       78%][Progress:===========================>  93%] [Cov:===========================>       78%][Progress:===========================>  93%] [Cov:===========================>       78%][Progress:===========================>  93%] [Cov:===========================>       78%][Progress:===========================>  93%] [Cov:===========================>       78%][Progress:===========================>  93%] [Cov:===========================>       78%][Progress:===========================>  93%] [Cov:===========================>       78%][Progress:===========================>  93%] [Cov:===========================>       78%][Progress:===========================>  93%] [Cov:===========================>       78%][MASTER] 16:50:36.664 [logback-1] WARN  TestChromosome - Functional mock problem: org.evosuite.ga.ConstructionFailedException: Failed to add constructor for groovyjarjarasm.asm.commons.AnalyzerAdapter due to org.evosuite.ga.ConstructionFailedException: Failed to add constructor for groovyjarjarasm.asm.commons.TryCatchBlockSorter due to org.evosuite.ga.ConstructionFailedException: Failed to add constructor for groovyjarjarasm.asm.commons.InstructionAdapter due to org.evosuite.ga.ConstructionFailedException: Failed to add constructor for groovyjarjarasm.asm.commons.GeneratorAdapter due to org.evosuite.ga.ConstructionFailedException: Failed to add constructor for groovyjarjarasm.asm.util.TraceMethodVisitor due to org.evosuite.ga.ConstructionFailedException: Max recursion depth reached
[Progress:===========================>  93%] [Cov:===========================>       78%][Progress:============================> 95%] [Cov:===========================>       78%][Progress:============================> 95%] [Cov:===========================>       78%][Progress:============================> 95%] [Cov:===========================>       78%][Progress:============================> 95%] [Cov:===========================>       78%][Progress:============================> 95%] [Cov:===========================>       78%][Progress:============================> 95%] [Cov:===========================>       78%][Progress:============================> 95%] [Cov:===========================>       78%][Progress:============================> 95%] [Cov:===========================>       78%][Progress:============================> 95%] [Cov:===========================>       78%][Progress:============================> 95%] [Cov:===========================>       78%][Progress:============================> 95%] [Cov:===========================>       78%][Progress:============================> 95%] [Cov:===========================>       78%][Progress:============================> 95%] [Cov:===========================>       78%][Progress:============================> 95%] [Cov:===========================>       78%][Progress:============================> 95%] [Cov:===========================>       78%][Progress:============================> 95%] [Cov:===========================>       78%][Progress:============================> 95%] [Cov:===========================>       78%][Progress:============================> 95%] [Cov:===========================>       78%][Progress:============================> 95%] [Cov:===========================>       78%][Progress:============================> 95%] [Cov:===========================>       78%][Progress:============================> 95%] [Cov:===========================>       78%][Progress:============================> 95%] [Cov:===========================>       78%][Progress:============================> 95%] [Cov:===========================>       78%][Progress:============================> 95%] [Cov:===========================>       78%][Progress:============================> 96%] [Cov:===========================>       78%][Progress:============================> 96%] [Cov:===========================>       78%][Progress:============================> 96%] [Cov:===========================>       78%][Progress:============================> 96%] [Cov:===========================>       78%][MASTER] 16:50:37.898 [logback-1] WARN  TestChromosome - Functional mock problem: org.evosuite.ga.ConstructionFailedException: Failed to add constructor for groovyjarjarasm.asm.commons.AnalyzerAdapter due to org.evosuite.ga.ConstructionFailedException: Failed to add constructor for groovyjarjarasm.asm.commons.GeneratorAdapter due to org.evosuite.ga.ConstructionFailedException: Failed to add constructor for groovyjarjarasm.asm.commons.GeneratorAdapter due to org.evosuite.ga.ConstructionFailedException: Failed to add constructor for groovyjarjarasm.asm.commons.LocalVariablesSorter due to org.evosuite.ga.ConstructionFailedException: Failed to add constructor for groovyjarjarasm.asm.util.TraceMethodVisitor due to org.evosuite.ga.ConstructionFailedException: Max recursion depth reached
[Progress:============================> 96%] [Cov:===========================>       78%][Progress:============================> 96%] [Cov:===========================>       78%][Progress:============================> 96%] [Cov:===========================>       78%][Progress:============================> 96%] [Cov:===========================>       78%][Progress:============================> 96%] [Cov:===========================>       78%][Progress:============================> 96%] [Cov:===========================>       78%][Progress:============================> 96%] [Cov:===========================>       78%][Progress:============================> 96%] [Cov:===========================>       78%][Progress:============================> 96%] [Cov:===========================>       78%][Progress:============================> 96%] [Cov:===========================>       78%][Progress:============================> 96%] [Cov:===========================>       78%][Progress:============================> 96%] [Cov:===========================>       78%][Progress:============================> 96%] [Cov:===========================>       78%][MASTER] 16:50:38.347 [logback-1] WARN  TestChromosome - Functional mock problem: org.evosuite.ga.ConstructionFailedException: Failed to add constructor for groovyjarjarasm.asm.commons.AnalyzerAdapter due to org.evosuite.ga.ConstructionFailedException: Failed to add constructor for groovyjarjarasm.asm.util.TraceMethodVisitor due to org.evosuite.ga.ConstructionFailedException: Failed to add constructor for groovyjarjarasm.asm.commons.MethodRemapper due to org.evosuite.ga.ConstructionFailedException: Failed to add constructor for groovyjarjarasm.asm.commons.TryCatchBlockSorter due to org.evosuite.ga.ConstructionFailedException: Failed to add constructor for groovyjarjarasm.asm.util.TraceMethodVisitor due to org.evosuite.ga.ConstructionFailedException: Max recursion depth reached
[Progress:============================> 96%] [Cov:===========================>       78%][Progress:============================> 96%] [Cov:===========================>       78%][Progress:============================> 96%] [Cov:===========================>       78%][Progress:============================> 96%] [Cov:===========================>       78%][MASTER] 16:50:38.481 [logback-1] WARN  TestChromosome - Functional mock problem: org.evosuite.ga.ConstructionFailedException: Failed to add constructor for groovyjarjarasm.asm.commons.AnalyzerAdapter due to org.evosuite.ga.ConstructionFailedException: Failed to add constructor for groovyjarjarasm.asm.commons.GeneratorAdapter due to org.evosuite.ga.ConstructionFailedException: Failed to add constructor for groovyjarjarasm.asm.commons.GeneratorAdapter due to org.evosuite.ga.ConstructionFailedException: Failed to add constructor for groovyjarjarasm.asm.commons.TryCatchBlockSorter due to org.evosuite.ga.ConstructionFailedException: Failed to add constructor for groovyjarjarasm.asm.util.TraceMethodVisitor due to org.evosuite.ga.ConstructionFailedException: Failed to add constructor for groovyjarjarasm.asm.commons.LocalVariablesSorter due to org.evosuite.ga.ConstructionFailedException: Failed to add constructor for groovyjarjarasm.asm.util.TraceMethodVisitor due to org.evosuite.ga.ConstructionFailedException: Max recursion depth reached
[Progress:============================> 96%] [Cov:===========================>       78%][Progress:============================> 96%] [Cov:===========================>       78%][Progress:============================> 96%] [Cov:===========================>       78%][Progress:============================> 96%] [Cov:===========================>       78%][Progress:============================> 96%] [Cov:===========================>       78%][Progress:=============================>98%] [Cov:===========================>       78%][Progress:=============================>98%] [Cov:===========================>       78%][Progress:=============================>98%] [Cov:===========================>       78%][Progress:=============================>98%] [Cov:===========================>       78%][Progress:=============================>98%] [Cov:===========================>       78%][Progress:=============================>98%] [Cov:===========================>       78%][Progress:=============================>98%] [Cov:===========================>       78%][Progress:=============================>98%] [Cov:===========================>       78%][Progress:=============================>98%] [Cov:===========================>       78%][Progress:=============================>98%] [Cov:===========================>       78%][Progress:=============================>98%] [Cov:===========================>       78%][MASTER] 16:50:39.163 [logback-1] WARN  TestChromosome - Functional mock problem: org.evosuite.ga.ConstructionFailedException: Failed to add constructor for groovyjarjarasm.asm.commons.AnalyzerAdapter due to org.evosuite.ga.ConstructionFailedException: Failed to add constructor for groovyjarjarasm.asm.commons.JSRInlinerAdapter due to org.evosuite.ga.ConstructionFailedException: Failed to add constructor for groovyjarjarasm.asm.commons.CodeSizeEvaluator due to org.evosuite.ga.ConstructionFailedException: Failed to add constructor for groovyjarjarasm.asm.commons.GeneratorAdapter due to org.evosuite.ga.ConstructionFailedException: Have no generator for java.lang.reflect.Constructor<org.codehaus.groovy.runtime.callsite.CallSiteArray> canUseFunctionalMocks=true, canBeMocked: false
[Progress:=============================>98%] [Cov:===========================>       78%][Progress:=============================>98%] [Cov:===========================>       78%][Progress:=============================>98%] [Cov:===========================>       78%][Progress:=============================>98%] [Cov:===========================>       78%][Progress:=============================>98%] [Cov:===========================>       78%][Progress:=============================>98%] [Cov:===========================>       78%][Progress:=============================>98%] [Cov:===========================>       78%][Progress:==============================100%] [Cov:===========================>       78%][Progress:==============================100%] [Cov:===========================>       78%][Progress:==============================100%] [Cov:===========================>       78%][Progress:==============================100%] [Cov:===========================>       78%][Progress:==============================100%] [Cov:===========================>       78%][Progress:==============================100%] [Cov:===========================>       78%][Progress:==============================100%] [Cov:===========================>       78%][Progress:==============================100%] [Cov:===========================>       78%][Progress:==============================100%] [Cov:===========================>       78%][Progress:==============================100%] [Cov:===========================>       78%][Progress:==============================100%] [Cov:===========================>       78%][Progress:==============================100%] [Cov:===========================>       78%][Progress:==============================100%] [Cov:===========================>       78%][Progress:==============================100%] [Cov:===========================>       78%][Progress:==============================100%] [Cov:===========================>       78%][Progress:==============================100%] [Cov:===========================>       78%][Progress:==============================100%] [Cov:===========================>       78%][Progress:==============================100%] [Cov:===========================>       78%][Progress:==============================100%] [Cov:===========================>       78%][Progress:==============================100%] [Cov:===========================>       78%][Progress:==============================100%] [Cov:===========================>       78%]
* Search finished after 61s and 1069 generations, 260367 statements, best individual has fitness: 15.0
* Minimizing test suite
* Going to analyze the coverage criteria
* Coverage analysis for criterion LINE
* Coverage of criterion LINE: 100%
* Total number of goals: 2
* Number of covered goals: 2
* Coverage analysis for criterion BRANCH
* Coverage of criterion BRANCH: 80%
* Total number of goals: 10
* Number of covered goals: 8
* Coverage analysis for criterion EXCEPTION
* Coverage of criterion EXCEPTION: 100%
* Total number of goals: 1
* Number of covered goals: 1
* Coverage analysis for criterion WEAKMUTATION
* Coverage of criterion WEAKMUTATION: 88%
* Total number of goals: 60
* Number of covered goals: 53
* Coverage analysis for criterion OUTPUT
* Coverage of criterion OUTPUT: 78%
* Total number of goals: 9
* Number of covered goals: 7
* Coverage analysis for criterion METHOD
* Coverage of criterion METHOD: 100%
* Total number of goals: 7
* Number of covered goals: 7
* Coverage analysis for criterion METHODNOEXCEPTION
* Coverage of criterion METHODNOEXCEPTION: 100%
* Total number of goals: 7
* Number of covered goals: 7
* Coverage analysis for criterion CBRANCH
* Coverage of criterion CBRANCH: 80%
* Total number of goals: 10
* Number of covered goals: 8
* Generated 8 tests with total length 26
* Resulting test suite's coverage: 78% (average coverage for all fitness functions)
* Generating assertions
* Resulting test suite's mutation score: 5%
* Compiling and checking tests
[MASTER] 16:50:42.675 [logback-2] ERROR JUnitAnalyzer - Compilation failed on compilation units: [RegularFileObject[/tmp/EvoSuite_1_1731037842606/io/restassured/authentication/PreemptiveBasicAuthScheme_1_tmp__ESTest.java], RegularFileObject[/tmp/EvoSuite_1_1731037842606/io/restassured/authentication/PreemptiveBasicAuthScheme_1_tmp__ESTest_scaffolding.java]]
[MASTER] 16:50:42.675 [logback-2] ERROR JUnitAnalyzer - Classpath: /home/wtwhite/code/craw-redhat-oss/wget/crawl/repo1.maven.org/maven2/io/rest-assured/rest-assured/5.2.1/rest-assured-5.2.1.jar:t/dependency/assertj-core-3.16.1.jar:t/dependency/commons-codec-1.11.jar:t/dependency/commons-io-2.8.0.jar:t/dependency/commons-lang3-3.11.jar:t/dependency/commons-logging-1.2.jar:t/dependency/groovy-4.0.1.jar:t/dependency/groovy-json-4.0.1.jar:t/dependency/groovy-xml-4.0.1.jar:t/dependency/gson-2.9.0.jar:t/dependency/hamcrest-2.1.jar:t/dependency/httpclient-4.5.13.jar:t/dependency/httpcore-4.4.13.jar:t/dependency/httpmime-4.5.13.jar:t/dependency/istack-commons-runtime-4.0.1.jar:t/dependency/jackson-annotations-2.13.2.jar:t/dependency/jackson-core-2.13.2.jar:t/dependency/jackson-core-asl-1.9.11.jar:t/dependency/jackson-databind-2.13.2.jar:t/dependency/jackson-mapper-asl-1.9.11.jar:t/dependency/jakarta.activation-2.0.1.jar:t/dependency/jakarta.json-1.1.6-module.jar:t/dependency/jakarta.json-api-1.1.6.jar:t/dependency/jakarta.json.bind-api-1.0.2.jar:t/dependency/jakarta.xml.bind-api-3.0.1.jar:t/dependency/javax.activation-api-1.2.0.jar:t/dependency/jaxb-api-2.3.1.jar:t/dependency/jaxb-core-3.0.2.jar:t/dependency/jaxb-runtime-3.0.2.jar:t/dependency/johnzon-core-1.1.11.jar:t/dependency/johnzon-mapper-1.1.11.jar:t/dependency/json-path-5.2.1.jar:t/dependency/json-simple-1.1.1.jar:t/dependency/junit-4.13.1.jar:t/dependency/mockito-core-1.10.19.jar:t/dependency/objenesis-2.1.jar:t/dependency/rest-assured-common-5.2.1.jar:t/dependency/scribejava-apis-2.5.3.jar:t/dependency/scribejava-core-2.5.3.jar:t/dependency/tagsoup-1.2.1.jar:t/dependency/txw2-3.0.2.jar:t/dependency/xml-path-5.2.1.jar:t/dependency/yasson-1.0.6.jar:/home/wtwhite/code/regression-test-generation/evosuite/evosuite-1.2.0.jar:/home/wtwhite/code/craw-redhat-oss/wget/crawl/repo1.maven.org/maven2/io/rest-assured/rest-assured/5.2.1/rest-assured-5.2.1.jar:/home/wtwhite/code/regression-test-generation-NON-SOURCE-EQUIV/find-diff-classes/testgen/mvnc/io/rest-assured/rest-assured/5.2.1/t/dependency/assertj-core-3.16.1.jar:/home/wtwhite/code/regression-test-generation-NON-SOURCE-EQUIV/find-diff-classes/testgen/mvnc/io/rest-assured/rest-assured/5.2.1/t/dependency/commons-codec-1.11.jar:/home/wtwhite/code/regression-test-generation-NON-SOURCE-EQUIV/find-diff-classes/testgen/mvnc/io/rest-assured/rest-assured/5.2.1/t/dependency/commons-io-2.8.0.jar:/home/wtwhite/code/regression-test-generation-NON-SOURCE-EQUIV/find-diff-classes/testgen/mvnc/io/rest-assured/rest-assured/5.2.1/t/dependency/commons-lang3-3.11.jar:/home/wtwhite/code/regression-test-generation-NON-SOURCE-EQUIV/find-diff-classes/testgen/mvnc/io/rest-assured/rest-assured/5.2.1/t/dependency/commons-logging-1.2.jar:/home/wtwhite/code/regression-test-generation-NON-SOURCE-EQUIV/find-diff-classes/testgen/mvnc/io/rest-assured/rest-assured/5.2.1/t/dependency/groovy-4.0.1.jar:/home/wtwhite/code/regression-test-generation-NON-SOURCE-EQUIV/find-diff-classes/testgen/mvnc/io/rest-assured/rest-assured/5.2.1/t/dependency/groovy-json-4.0.1.jar:/home/wtwhite/code/regression-test-generation-NON-SOURCE-EQUIV/find-diff-classes/testgen/mvnc/io/rest-assured/rest-assured/5.2.1/t/dependency/groovy-xml-4.0.1.jar:/home/wtwhite/code/regression-test-generation-NON-SOURCE-EQUIV/find-diff-classes/testgen/mvnc/io/rest-assured/rest-assured/5.2.1/t/dependency/gson-2.9.0.jar:/home/wtwhite/code/regression-test-generation-NON-SOURCE-EQUIV/find-diff-classes/testgen/mvnc/io/rest-assured/rest-assured/5.2.1/t/dependency/hamcrest-2.1.jar:/home/wtwhite/code/regression-test-generation-NON-SOURCE-EQUIV/find-diff-classes/testgen/mvnc/io/rest-assured/rest-assured/5.2.1/t/dependency/httpclient-4.5.13.jar:/home/wtwhite/code/regression-test-generation-NON-SOURCE-EQUIV/find-diff-classes/testgen/mvnc/io/rest-assured/rest-assured/5.2.1/t/dependency/httpcore-4.4.13.jar:/home/wtwhite/code/regression-test-generation-NON-SOURCE-EQUIV/find-diff-classes/testgen/mvnc/io/rest-assured/rest-assured/5.2.1/t/dependency/httpmime-4.5.13.jar:/home/wtwhite/code/regression-test-generation-NON-SOURCE-EQUIV/find-diff-classes/testgen/mvnc/io/rest-assured/rest-assured/5.2.1/t/dependency/istack-commons-runtime-4.0.1.jar:/home/wtwhite/code/regression-test-generation-NON-SOURCE-EQUIV/find-diff-classes/testgen/mvnc/io/rest-assured/rest-assured/5.2.1/t/dependency/jackson-annotations-2.13.2.jar:/home/wtwhite/code/regression-test-generation-NON-SOURCE-EQUIV/find-diff-classes/testgen/mvnc/io/rest-assured/rest-assured/5.2.1/t/dependency/jackson-core-2.13.2.jar:/home/wtwhite/code/regression-test-generation-NON-SOURCE-EQUIV/find-diff-classes/testgen/mvnc/io/rest-assured/rest-assured/5.2.1/t/dependency/jackson-core-asl-1.9.11.jar:/home/wtwhite/code/regression-test-generation-NON-SOURCE-EQUIV/find-diff-classes/testgen/mvnc/io/rest-assured/rest-assured/5.2.1/t/dependency/jackson-databind-2.13.2.jar:/home/wtwhite/code/regression-test-generation-NON-SOURCE-EQUIV/find-diff-classes/testgen/mvnc/io/rest-assured/rest-assured/5.2.1/t/dependency/jackson-mapper-asl-1.9.11.jar:/home/wtwhite/code/regression-test-generation-NON-SOURCE-EQUIV/find-diff-classes/testgen/mvnc/io/rest-assured/rest-assured/5.2.1/t/dependency/jakarta.activation-2.0.1.jar:/home/wtwhite/code/regression-test-generation-NON-SOURCE-EQUIV/find-diff-classes/testgen/mvnc/io/rest-assured/rest-assured/5.2.1/t/dependency/jakarta.json-1.1.6-module.jar:/home/wtwhite/code/regression-test-generation-NON-SOURCE-EQUIV/find-diff-classes/testgen/mvnc/io/rest-assured/rest-assured/5.2.1/t/dependency/jakarta.json-api-1.1.6.jar:/home/wtwhite/code/regression-test-generation-NON-SOURCE-EQUIV/find-diff-classes/testgen/mvnc/io/rest-assured/rest-assured/5.2.1/t/dependency/jakarta.json.bind-api-1.0.2.jar:/home/wtwhite/code/regression-test-generation-NON-SOURCE-EQUIV/find-diff-classes/testgen/mvnc/io/rest-assured/rest-assured/5.2.1/t/dependency/jakarta.xml.bind-api-3.0.1.jar:/home/wtwhite/code/regression-test-generation-NON-SOURCE-EQUIV/find-diff-classes/testgen/mvnc/io/rest-assured/rest-assured/5.2.1/t/dependency/javax.activation-api-1.2.0.jar:/home/wtwhite/code/regression-test-generation-NON-SOURCE-EQUIV/find-diff-classes/testgen/mvnc/io/rest-assured/rest-assured/5.2.1/t/dependency/jaxb-api-2.3.1.jar:/home/wtwhite/code/regression-test-generation-NON-SOURCE-EQUIV/find-diff-classes/testgen/mvnc/io/rest-assured/rest-assured/5.2.1/t/dependency/jaxb-core-3.0.2.jar:/home/wtwhite/code/regression-test-generation-NON-SOURCE-EQUIV/find-diff-classes/testgen/mvnc/io/rest-assured/rest-assured/5.2.1/t/dependency/jaxb-runtime-3.0.2.jar:/home/wtwhite/code/regression-test-generation-NON-SOURCE-EQUIV/find-diff-classes/testgen/mvnc/io/rest-assured/rest-assured/5.2.1/t/dependency/johnzon-core-1.1.11.jar:/home/wtwhite/code/regression-test-generation-NON-SOURCE-EQUIV/find-diff-classes/testgen/mvnc/io/rest-assured/rest-assured/5.2.1/t/dependency/johnzon-mapper-1.1.11.jar:/home/wtwhite/code/regression-test-generation-NON-SOURCE-EQUIV/find-diff-classes/testgen/mvnc/io/rest-assured/rest-assured/5.2.1/t/dependency/json-path-5.2.1.jar:/home/wtwhite/code/regression-test-generation-NON-SOURCE-EQUIV/find-diff-classes/testgen/mvnc/io/rest-assured/rest-assured/5.2.1/t/dependency/json-simple-1.1.1.jar:/home/wtwhite/code/regression-test-generation-NON-SOURCE-EQUIV/find-diff-classes/testgen/mvnc/io/rest-assured/rest-assured/5.2.1/t/dependency/junit-4.13.1.jar:/home/wtwhite/code/regression-test-generation-NON-SOURCE-EQUIV/find-diff-classes/testgen/mvnc/io/rest-assured/rest-assured/5.2.1/t/dependency/mockito-core-1.10.19.jar:/home/wtwhite/code/regression-test-generation-NON-SOURCE-EQUIV/find-diff-classes/testgen/mvnc/io/rest-assured/rest-assured/5.2.1/t/dependency/objenesis-2.1.jar:/home/wtwhite/code/regression-test-generation-NON-SOURCE-EQUIV/find-diff-classes/testgen/mvnc/io/rest-assured/rest-assured/5.2.1/t/dependency/rest-assured-common-5.2.1.jar:/home/wtwhite/code/regression-test-generation-NON-SOURCE-EQUIV/find-diff-classes/testgen/mvnc/io/rest-assured/rest-assured/5.2.1/t/dependency/scribejava-apis-2.5.3.jar:/home/wtwhite/code/regression-test-generation-NON-SOURCE-EQUIV/find-diff-classes/testgen/mvnc/io/rest-assured/rest-assured/5.2.1/t/dependency/scribejava-core-2.5.3.jar:/home/wtwhite/code/regression-test-generation-NON-SOURCE-EQUIV/find-diff-classes/testgen/mvnc/io/rest-assured/rest-assured/5.2.1/t/dependency/tagsoup-1.2.1.jar:/home/wtwhite/code/regression-test-generation-NON-SOURCE-EQUIV/find-diff-classes/testgen/mvnc/io/rest-assured/rest-assured/5.2.1/t/dependency/txw2-3.0.2.jar:/home/wtwhite/code/regression-test-generation-NON-SOURCE-EQUIV/find-diff-classes/testgen/mvnc/io/rest-assured/rest-assured/5.2.1/t/dependency/xml-path-5.2.1.jar:/home/wtwhite/code/regression-test-generation-NON-SOURCE-EQUIV/find-diff-classes/testgen/mvnc/io/rest-assured/rest-assured/5.2.1/t/dependency/yasson-1.0.6.jar
[MASTER] 16:50:42.675 [logback-2] ERROR JUnitAnalyzer - evosuiteCP: /home/wtwhite/code/regression-test-generation/evosuite/evosuite-1.2.0.jar:/home/wtwhite/code/craw-redhat-oss/wget/crawl/repo1.maven.org/maven2/io/rest-assured/rest-assured/5.2.1/rest-assured-5.2.1.jar:/home/wtwhite/code/regression-test-generation-NON-SOURCE-EQUIV/find-diff-classes/testgen/mvnc/io/rest-assured/rest-assured/5.2.1/t/dependency/assertj-core-3.16.1.jar:/home/wtwhite/code/regression-test-generation-NON-SOURCE-EQUIV/find-diff-classes/testgen/mvnc/io/rest-assured/rest-assured/5.2.1/t/dependency/commons-codec-1.11.jar:/home/wtwhite/code/regression-test-generation-NON-SOURCE-EQUIV/find-diff-classes/testgen/mvnc/io/rest-assured/rest-assured/5.2.1/t/dependency/commons-io-2.8.0.jar:/home/wtwhite/code/regression-test-generation-NON-SOURCE-EQUIV/find-diff-classes/testgen/mvnc/io/rest-assured/rest-assured/5.2.1/t/dependency/commons-lang3-3.11.jar:/home/wtwhite/code/regression-test-generation-NON-SOURCE-EQUIV/find-diff-classes/testgen/mvnc/io/rest-assured/rest-assured/5.2.1/t/dependency/commons-logging-1.2.jar:/home/wtwhite/code/regression-test-generation-NON-SOURCE-EQUIV/find-diff-classes/testgen/mvnc/io/rest-assured/rest-assured/5.2.1/t/dependency/groovy-4.0.1.jar:/home/wtwhite/code/regression-test-generation-NON-SOURCE-EQUIV/find-diff-classes/testgen/mvnc/io/rest-assured/rest-assured/5.2.1/t/dependency/groovy-json-4.0.1.jar:/home/wtwhite/code/regression-test-generation-NON-SOURCE-EQUIV/find-diff-classes/testgen/mvnc/io/rest-assured/rest-assured/5.2.1/t/dependency/groovy-xml-4.0.1.jar:/home/wtwhite/code/regression-test-generation-NON-SOURCE-EQUIV/find-diff-classes/testgen/mvnc/io/rest-assured/rest-assured/5.2.1/t/dependency/gson-2.9.0.jar:/home/wtwhite/code/regression-test-generation-NON-SOURCE-EQUIV/find-diff-classes/testgen/mvnc/io/rest-assured/rest-assured/5.2.1/t/dependency/hamcrest-2.1.jar:/home/wtwhite/code/regression-test-generation-NON-SOURCE-EQUIV/find-diff-classes/testgen/mvnc/io/rest-assured/rest-assured/5.2.1/t/dependency/httpclient-4.5.13.jar:/home/wtwhite/code/regression-test-generation-NON-SOURCE-EQUIV/find-diff-classes/testgen/mvnc/io/rest-assured/rest-assured/5.2.1/t/dependency/httpcore-4.4.13.jar:/home/wtwhite/code/regression-test-generation-NON-SOURCE-EQUIV/find-diff-classes/testgen/mvnc/io/rest-assured/rest-assured/5.2.1/t/dependency/httpmime-4.5.13.jar:/home/wtwhite/code/regression-test-generation-NON-SOURCE-EQUIV/find-diff-classes/testgen/mvnc/io/rest-assured/rest-assured/5.2.1/t/dependency/istack-commons-runtime-4.0.1.jar:/home/wtwhite/code/regression-test-generation-NON-SOURCE-EQUIV/find-diff-classes/testgen/mvnc/io/rest-assured/rest-assured/5.2.1/t/dependency/jackson-annotations-2.13.2.jar:/home/wtwhite/code/regression-test-generation-NON-SOURCE-EQUIV/find-diff-classes/testgen/mvnc/io/rest-assured/rest-assured/5.2.1/t/dependency/jackson-core-2.13.2.jar:/home/wtwhite/code/regression-test-generation-NON-SOURCE-EQUIV/find-diff-classes/testgen/mvnc/io/rest-assured/rest-assured/5.2.1/t/dependency/jackson-core-asl-1.9.11.jar:/home/wtwhite/code/regression-test-generation-NON-SOURCE-EQUIV/find-diff-classes/testgen/mvnc/io/rest-assured/rest-assured/5.2.1/t/dependency/jackson-databind-2.13.2.jar:/home/wtwhite/code/regression-test-generation-NON-SOURCE-EQUIV/find-diff-classes/testgen/mvnc/io/rest-assured/rest-assured/5.2.1/t/dependency/jackson-mapper-asl-1.9.11.jar:/home/wtwhite/code/regression-test-generation-NON-SOURCE-EQUIV/find-diff-classes/testgen/mvnc/io/rest-assured/rest-assured/5.2.1/t/dependency/jakarta.activation-2.0.1.jar:/home/wtwhite/code/regression-test-generation-NON-SOURCE-EQUIV/find-diff-classes/testgen/mvnc/io/rest-assured/rest-assured/5.2.1/t/dependency/jakarta.json-1.1.6-module.jar:/home/wtwhite/code/regression-test-generation-NON-SOURCE-EQUIV/find-diff-classes/testgen/mvnc/io/rest-assured/rest-assured/5.2.1/t/dependency/jakarta.json-api-1.1.6.jar:/home/wtwhite/code/regression-test-generation-NON-SOURCE-EQUIV/find-diff-classes/testgen/mvnc/io/rest-assured/rest-assured/5.2.1/t/dependency/jakarta.json.bind-api-1.0.2.jar:/home/wtwhite/code/regression-test-generation-NON-SOURCE-EQUIV/find-diff-classes/testgen/mvnc/io/rest-assured/rest-assured/5.2.1/t/dependency/jakarta.xml.bind-api-3.0.1.jar:/home/wtwhite/code/regression-test-generation-NON-SOURCE-EQUIV/find-diff-classes/testgen/mvnc/io/rest-assured/rest-assured/5.2.1/t/dependency/javax.activation-api-1.2.0.jar:/home/wtwhite/code/regression-test-generation-NON-SOURCE-EQUIV/find-diff-classes/testgen/mvnc/io/rest-assured/rest-assured/5.2.1/t/dependency/jaxb-api-2.3.1.jar:/home/wtwhite/code/regression-test-generation-NON-SOURCE-EQUIV/find-diff-classes/testgen/mvnc/io/rest-assured/rest-assured/5.2.1/t/dependency/jaxb-core-3.0.2.jar:/home/wtwhite/code/regression-test-generation-NON-SOURCE-EQUIV/find-diff-classes/testgen/mvnc/io/rest-assured/rest-assured/5.2.1/t/dependency/jaxb-runtime-3.0.2.jar:/home/wtwhite/code/regression-test-generation-NON-SOURCE-EQUIV/find-diff-classes/testgen/mvnc/io/rest-assured/rest-assured/5.2.1/t/dependency/johnzon-core-1.1.11.jar:/home/wtwhite/code/regression-test-generation-NON-SOURCE-EQUIV/find-diff-classes/testgen/mvnc/io/rest-assured/rest-assured/5.2.1/t/dependency/johnzon-mapper-1.1.11.jar:/home/wtwhite/code/regression-test-generation-NON-SOURCE-EQUIV/find-diff-classes/testgen/mvnc/io/rest-assured/rest-assured/5.2.1/t/dependency/json-path-5.2.1.jar:/home/wtwhite/code/regression-test-generation-NON-SOURCE-EQUIV/find-diff-classes/testgen/mvnc/io/rest-assured/rest-assured/5.2.1/t/dependency/json-simple-1.1.1.jar:/home/wtwhite/code/regression-test-generation-NON-SOURCE-EQUIV/find-diff-classes/testgen/mvnc/io/rest-assured/rest-assured/5.2.1/t/dependency/junit-4.13.1.jar:/home/wtwhite/code/regression-test-generation-NON-SOURCE-EQUIV/find-diff-classes/testgen/mvnc/io/rest-assured/rest-assured/5.2.1/t/dependency/mockito-core-1.10.19.jar:/home/wtwhite/code/regression-test-generation-NON-SOURCE-EQUIV/find-diff-classes/testgen/mvnc/io/rest-assured/rest-assured/5.2.1/t/dependency/objenesis-2.1.jar:/home/wtwhite/code/regression-test-generation-NON-SOURCE-EQUIV/find-diff-classes/testgen/mvnc/io/rest-assured/rest-assured/5.2.1/t/dependency/rest-assured-common-5.2.1.jar:/home/wtwhite/code/regression-test-generation-NON-SOURCE-EQUIV/find-diff-classes/testgen/mvnc/io/rest-assured/rest-assured/5.2.1/t/dependency/scribejava-apis-2.5.3.jar:/home/wtwhite/code/regression-test-generation-NON-SOURCE-EQUIV/find-diff-classes/testgen/mvnc/io/rest-assured/rest-assured/5.2.1/t/dependency/scribejava-core-2.5.3.jar:/home/wtwhite/code/regression-test-generation-NON-SOURCE-EQUIV/find-diff-classes/testgen/mvnc/io/rest-assured/rest-assured/5.2.1/t/dependency/tagsoup-1.2.1.jar:/home/wtwhite/code/regression-test-generation-NON-SOURCE-EQUIV/find-diff-classes/testgen/mvnc/io/rest-assured/rest-assured/5.2.1/t/dependency/txw2-3.0.2.jar:/home/wtwhite/code/regression-test-generation-NON-SOURCE-EQUIV/find-diff-classes/testgen/mvnc/io/rest-assured/rest-assured/5.2.1/t/dependency/xml-path-5.2.1.jar:/home/wtwhite/code/regression-test-generation-NON-SOURCE-EQUIV/find-diff-classes/testgen/mvnc/io/rest-assured/rest-assured/5.2.1/t/dependency/yasson-1.0.6.jar
[MASTER] 16:50:42.680 [logback-2] ERROR JUnitAnalyzer - Diagnostic: cannot find symbol
  symbol:   method __$swapInit()
  location: class io.restassured.authentication.PreemptiveBasicAuthScheme: 28
[MASTER] 16:50:42.681 [logback-2] ERROR JUnitAnalyzer - RegularFileObject[/tmp/EvoSuite_1_1731037842606/io/restassured/authentication/PreemptiveBasicAuthScheme_1_tmp__ESTest.java]
1: /*
2:  * This file was automatically generated by EvoSuite
3:  * Fri Nov 08 03:50:42 GMT 2024
4:  */
5: 
6: package io.restassured.authentication;
7: 
8: import org.junit.Test;
9: import static org.junit.Assert.*;
10: import static org.evosuite.shaded.org.mockito.Mockito.*;
11: import io.restassured.authentication.PreemptiveBasicAuthScheme;
12: import io.restassured.internal.http.HTTPBuilder;
13: import java.util.Map;
14: import org.evosuite.runtime.EvoRunner;
15: import org.evosuite.runtime.EvoRunnerParameters;
16: import org.evosuite.runtime.ViolatedAssumptionAnswer;
17: import org.junit.runner.RunWith;
18: 
19: @RunWith(EvoRunner.class) @EvoRunnerParameters(mockJVMNonDeterminism = true, useVFS = true, useVNET = true, resetStaticState = true) 
20: public class PreemptiveBasicAuthScheme_1_tmp__ESTest extends PreemptiveBasicAuthScheme_1_tmp__ESTest_scaffolding {
21: 
22:   @Test(timeout = 4000)
23:   public void test0()  throws Throwable  {
24:       PreemptiveBasicAuthScheme preemptiveBasicAuthScheme0 = new PreemptiveBasicAuthScheme();
25:       preemptiveBasicAuthScheme0.generateAuthToken();
26:       preemptiveBasicAuthScheme0.setPassword("()V");
27:       preemptiveBasicAuthScheme0.setUserName("()V");
28:       PreemptiveBasicAuthScheme.__$swapInit();
29:       HTTPBuilder hTTPBuilder0 = mock(HTTPBuilder.class, new ViolatedAssumptionAnswer());
30:       doReturn((Map) null).when(hTTPBuilder0).getHeaders();
31:       preemptiveBasicAuthScheme0.authenticate(hTTPBuilder0);
32:   }
33: }
RegularFileObject[/tmp/EvoSuite_1_1731037842606/io/restassured/authentication/PreemptiveBasicAuthScheme_1_tmp__ESTest.java]
1: /**
2:  * Scaffolding file used to store all the setups needed to run 
3:  * tests automatically generated by EvoSuite
4:  * Fri Nov 08 03:50:42 GMT 2024
5:  */
6: 
7: package io.restassured.authentication;
8: 
9: import org.evosuite.runtime.annotation.EvoSuiteClassExclude;
10: import org.junit.BeforeClass;
11: import org.junit.Before;
12: import org.junit.After;
13: import org.junit.AfterClass;
14: import org.evosuite.runtime.sandbox.Sandbox;
15: import org.evosuite.runtime.sandbox.Sandbox.SandboxMode;
16: 
17: import static org.evosuite.shaded.org.mockito.Mockito.*;
18: @EvoSuiteClassExclude
19: public class PreemptiveBasicAuthScheme_1_tmp__ESTest_scaffolding {
20: 
21:   @org.junit.Rule
22:   public org.evosuite.runtime.vnet.NonFunctionalRequirementRule nfr = new org.evosuite.runtime.vnet.NonFunctionalRequirementRule();
23: 
24:   private static final java.util.Properties defaultProperties = (java.util.Properties) java.lang.System.getProperties().clone(); 
25: 
26:   private org.evosuite.runtime.thread.ThreadStopper threadStopper =  new org.evosuite.runtime.thread.ThreadStopper (org.evosuite.runtime.thread.KillSwitchHandler.getInstance(), 3000);
27: 
28: 
29:   @BeforeClass
30:   public static void initEvoSuiteFramework() { 
31:     org.evosuite.runtime.RuntimeSettings.className = "io.restassured.authentication.PreemptiveBasicAuthScheme"; 
32:     org.evosuite.runtime.GuiSupport.initialize(); 
33:     org.evosuite.runtime.RuntimeSettings.maxNumberOfThreads = 100; 
34:     org.evosuite.runtime.RuntimeSettings.maxNumberOfIterationsPerLoop = 10000; 
35:     org.evosuite.runtime.RuntimeSettings.mockSystemIn = true; 
36:     org.evosuite.runtime.RuntimeSettings.sandboxMode = org.evosuite.runtime.sandbox.Sandbox.SandboxMode.RECOMMENDED; 
37:     org.evosuite.runtime.sandbox.Sandbox.initializeSecurityManagerForSUT(); 
38:     org.evosuite.runtime.classhandling.JDKClassResetter.init();
39:     setSystemProperties();
40:     initializeClasses();
41:     org.evosuite.runtime.Runtime.getInstance().resetRuntime(); 
42:     try { initMocksToAvoidTimeoutsInTheTests(); } catch(ClassNotFoundException e) {} 
43:   } 
44: 
45:   @AfterClass
46:   public static void clearEvoSuiteFramework(){ 
47:     Sandbox.resetDefaultSecurityManager(); 
48:     java.lang.System.setProperties((java.util.Properties) defaultProperties.clone()); 
49:   } 
50: 
51:   @Before
52:   public void initTestCase(){ 
53:     threadStopper.storeCurrentThreads();
54:     threadStopper.startRecordingTime();
55:     org.evosuite.runtime.jvm.ShutdownHookHandler.getInstance().initHandler(); 
56:     org.evosuite.runtime.sandbox.Sandbox.goingToExecuteSUTCode(); 
57:     setSystemProperties(); 
58:     org.evosuite.runtime.GuiSupport.setHeadless(); 
59:     org.evosuite.runtime.Runtime.getInstance().resetRuntime(); 
60:     org.evosuite.runtime.agent.InstrumentingAgent.activate(); 
61:   } 
62: 
63:   @After
64:   public void doneWithTestCase(){ 
65:     threadStopper.killAndJoinClientThreads();
66:     org.evosuite.runtime.jvm.ShutdownHookHandler.getInstance().safeExecuteAddedHooks(); 
67:     org.evosuite.runtime.classhandling.JDKClassResetter.reset(); 
68:     resetClasses(); 
69:     org.evosuite.runtime.sandbox.Sandbox.doneWithExecutingSUTCode(); 
70:     org.evosuite.runtime.agent.InstrumentingAgent.deactivate(); 
71:     org.evosuite.runtime.GuiSupport.restoreHeadlessMode(); 
72:   } 
73: 
74:   public static void setSystemProperties() {
75:  
76:     java.lang.System.setProperties((java.util.Properties) defaultProperties.clone()); 
77:     java.lang.System.setProperty("file.encoding", "UTF-8"); 
78:     java.lang.System.setProperty("user.dir", "/home/wtwhite/code/regression-test-generation-NON-SOURCE-EQUIV/find-diff-classes/testgen/mvnc/io/rest-assured/rest-assured/5.2.1"); 
79:     java.lang.System.setProperty("java.io.tmpdir", "/tmp"); 
80:   }
81: 
82:   private static void initializeClasses() {
83:     org.evosuite.runtime.classhandling.ClassStateSupport.initializeClasses(PreemptiveBasicAuthScheme_1_tmp__ESTest_scaffolding.class.getClassLoader() ,
84:       "org.apache.http.client.ClientProtocolException",
85:       "org.apache.http.client.methods.HttpPost",
86:       "org.apache.http.client.methods.Configurable",
87:       "org.apache.http.client.methods.HttpEntityEnclosingRequestBase",
88:       "org.apache.http.client.methods.HttpPatch",
89:       "org.apache.http.client.methods.HttpUriRequest",
90:       "io.restassured.config.DecoderConfig",
91:       "org.apache.http.StatusLine",
92:       "org.apache.http.Header",
93:       "io.restassured.authentication.PreemptiveBasicAuthScheme",
94:       "io.restassured.config.EncoderConfig",
95:       "org.apache.http.client.methods.AbortableHttpRequest",
96:       "org.apache.http.client.HttpClient",
97:       "io.restassured.internal.http.HttpResponseContentTypeFinder",
98:       "io.restassured.internal.http.URIBuilder",
99:       "org.apache.http.HttpMessage",
100:       "org.apache.http.impl.client.AbstractHttpClient",
101:       "io.restassured.internal.http.HTTPBuilder",
102:       "org.apache.http.message.AbstractHttpMessage",
103:       "org.apache.http.client.methods.AbstractExecutionAwareRequest",
104:       "io.restassured.config.OAuthConfig",
105:       "io.restassured.internal.http.HTTPBuilder$RequestConfigDelegate",
106:       "io.restassured.internal.http.ContentEncodingRegistry",
107:       "io.restassured.internal.http.HttpResponseException",
108:       "org.apache.http.HttpEntityEnclosingRequest",
109:       "org.apache.http.impl.client.CloseableHttpClient",
110:       "org.apache.http.HeaderIterator",
111:       "io.restassured.internal.http.AuthConfig",
112:       "org.apache.http.client.HttpResponseException",
113:       "org.apache.http.client.methods.HttpRequestBase",
114:       "org.apache.http.HttpEntity",
115:       "org.apache.http.client.methods.HttpExecutionAware",
116:       "io.restassured.internal.http.EncoderRegistry",
117:       "org.apache.http.HttpRequest",
118:       "io.restassured.authentication.AuthenticationScheme",
119:       "org.apache.http.ProtocolVersion",
120:       "io.restassured.internal.http.ResponseParseException",
121:       "org.apache.http.client.methods.HttpGet",
122:       "io.restassured.config.Config",
123:       "org.apache.http.params.HttpParams",
124:       "org.apache.http.HttpResponse",
125:       "org.apache.http.NameValuePair",
126:       "io.restassured.internal.http.HttpResponseDecorator"
127:     );
128:   } 
129:   private static void initMocksToAvoidTimeoutsInTheTests() throws ClassNotFoundException { 
130:     mock(Class.forName("io.restassured.internal.http.HTTPBuilder", false, PreemptiveBasicAuthScheme_1_tmp__ESTest_scaffolding.class.getClassLoader()));
131:   }
132: 
133:   private static void resetClasses() {
134:     org.evosuite.runtime.classhandling.ClassResetter.getInstance().setClassLoader(PreemptiveBasicAuthScheme_1_tmp__ESTest_scaffolding.class.getClassLoader()); 
135: 
136:     org.evosuite.runtime.classhandling.ClassStateSupport.resetClasses(
137:       "io.restassured.authentication.PreemptiveBasicAuthScheme",
138:       "org.assertj.core.internal.bytebuddy.build.HashCodeAndEqualsPlugin$Enhance$InvokeSuper",
139:       "io.restassured.internal.http.HTTPBuilder",
140:       "groovyjarjarasm.asm.MethodVisitor",
141:       "groovyjarjarasm.asm.tree.MethodNode",
142:       "groovyjarjarasm.asm.tree.Util",
143:       "groovyjarjarasm.asm.tree.InsnList",
144:       "groovyjarjarasm.asm.Type",
145:       "groovyjarjarasm.asm.commons.LocalVariablesSorter",
146:       "groovyjarjarasm.asm.commons.AnalyzerAdapter",
147:       "groovyjarjarasm.asm.commons.Method",
148:       "groovyjarjarasm.asm.util.TraceMethodVisitor",
149:       "groovyjarjarasm.asm.commons.InstructionAdapter",
150:       "groovyjarjarasm.asm.util.Printer",
151:       "groovyjarjarasm.asm.util.Textifier",
152:       "groovyjarjarasm.asm.commons.CodeSizeEvaluator",
153:       "groovyjarjarasm.asm.util.ASMifier",
154:       "groovyjarjarasm.asm.commons.Remapper",
155:       "groovyjarjarasm.asm.commons.SimpleRemapper",
156:       "groovyjarjarasm.asm.tree.AbstractInsnNode",
157:       "groovyjarjarasm.asm.tree.IntInsnNode",
158:       "groovyjarjarasm.asm.commons.MethodRemapper",
159:       "groovyjarjarasm.asm.commons.GeneratorAdapter",
160:       "groovyjarjarasm.asm.ClassReader",
161:       "groovyjarjarasm.asm.ClassVisitor",
162:       "groovyjarjarasm.asm.ClassWriter",
163:       "groovyjarjarasm.asm.SymbolTable",
164:       "groovyjarjarasm.asm.ByteVector",
165:       "groovyjarjarasm.asm.MethodWriter",
166:       "groovyjarjarasm.asm.Symbol",
167:       "groovyjarjarasm.asm.SymbolTable$Entry",
168:       "groovyjarjarasm.asm.commons.JSRInlinerAdapter",
169:       "groovyjarjarasm.asm.commons.TryCatchBlockSorter",
170:       "groovyjarjarasm.asm.tree.IincInsnNode",
171:       "groovyjarjarasm.asm.TypePath",
172:       "groovyjarjarasm.asm.tree.FrameNode",
173:       "groovyjarjarasm.asm.tree.MultiANewArrayInsnNode",
174:       "groovyjarjarasm.asm.Label",
175:       "groovyjarjarasm.asm.Frame"
176:     );
177:   }
178: }

[MASTER] 16:50:42.682 [logback-2] ERROR JUnitAnalyzer - Failed to compile test case:
PreemptiveBasicAuthScheme preemptiveBasicAuthScheme0 = new PreemptiveBasicAuthScheme();
preemptiveBasicAuthScheme0.generateAuthToken();
preemptiveBasicAuthScheme0.setPassword("()V");
preemptiveBasicAuthScheme0.setUserName("()V");
PreemptiveBasicAuthScheme.__$swapInit();
HTTPBuilder hTTPBuilder0 = mock(HTTPBuilder.class, new ViolatedAssumptionAnswer());
doReturn((Map) null).when(hTTPBuilder0).getHeaders();
preemptiveBasicAuthScheme0.authenticate(hTTPBuilder0);

* Writing tests to file
* Writing JUnit test case 'PreemptiveBasicAuthScheme_ESTest' to evosuite-tests
* Done!

* Computation finished
