* EvoSuite 1.2.0
* Going to generate test cases for class: org.jboss.netty.channel.socket.oio.OioServerSocketPipelineSink
* Starting Client-0
* Connecting to master process on port 3734
* Analyzing classpath: 
  - /home/wtwhite/code/craw-redhat-oss/wget/crawl/repo1.maven.org/maven2/io/netty/netty/3.10.6.Final/netty-3.10.6.Final.jar
  - t/dependency/activation-1.1.1.jar
  - t/dependency/bcpkix-jdk15on-1.50.jar
  - t/dependency/bcprov-jdk15on-1.50.jar
  - t/dependency/cglib-nodep-2.2.2.jar
  - t/dependency/commons-logging-1.1.1.jar
  - t/dependency/easymock-3.1.jar
  - t/dependency/easymockclassextension-3.1.jar
  - t/dependency/hamcrest-core-1.3.jar
  - t/dependency/jboss-logging-3.1.4.GA.jar
  - t/dependency/jboss-marshalling-1.3.14.GA.jar
  - t/dependency/jboss-marshalling-river-1.3.14.GA.jar
  - t/dependency/jboss-marshalling-serial-1.3.14.GA.jar
  - t/dependency/junit-4.11.jar
  - t/dependency/log4j-1.2.16.jar
  - t/dependency/netty-tcnative-1.1.30.Fork2-windows-x86_64.jar
  - t/dependency/npn-api-1.1.0.v20120525.jar
  - t/dependency/objenesis-1.2.jar
  - t/dependency/org.osgi.compendium-1.4.0.jar
  - t/dependency/org.osgi.core-1.4.0.jar
  - t/dependency/protobuf-java-2.5.0.jar
  - t/dependency/servlet-api-2.5.jar
  - t/dependency/slf4j-api-1.6.4.jar
  - t/dependency/slf4j-simple-1.6.4.jar
* Finished analyzing classpath
* Generating tests for class org.jboss.netty.channel.socket.oio.OioServerSocketPipelineSink
* Test criteria:
  - Line Coverage
  - Branch Coverage
  - Exception
  - Mutation testing (weak)
  - Method-Output Coverage
  - Top-Level Method Coverage
  - No-Exception Top-Level Method Coverage
  - Context Branch Coverage
[Progress:>                             0%] [Cov:>                                  0%]* Total number of test goals for DYNAMOSA: 304
* Using seed 1731036240402
* Starting evolution
* Initial Number of Goals in DynaMOSA = 82 / 304
[MASTER] 16:24:03.129 [logback-1] WARN  TestCluster - Failed to check cache for java.util.concurrent.ForkJoinTask<V> : Type points to itself
[Progress:======>                       23%] [Cov:===============>                   44%][MASTER] 16:24:29.449 [logback-1] WARN  TestChromosome - Functional mock problem: org.evosuite.ga.ConstructionFailedException: Failed to add constructor for org.evosuite.runtime.mock.java.lang.MockThread due to org.evosuite.ga.ConstructionFailedException: Failed to add constructor for org.jboss.netty.channel.socket.oio.OioClientSocketChannel due to org.evosuite.ga.ConstructionFailedException: Failed to add constructor for org.jboss.netty.channel.socket.oio.OioServerSocketPipelineSink due to org.evosuite.ga.ConstructionFailedException: Failed to add constructor for java.util.concurrent.ThreadPoolExecutor due to org.evosuite.ga.ConstructionFailedException: Max recursion depth reached
[Progress:==============>               48%] [Cov:===============>                   44%][MASTER] 16:24:35.556 [logback-1] WARN  TestChromosome - Functional mock problem: org.evosuite.ga.ConstructionFailedException: Failed to add constructor for org.jboss.netty.channel.DownstreamChannelStateEvent due to org.evosuite.ga.ConstructionFailedException: Failed to add constructor for org.jboss.netty.channel.FailedChannelFuture due to org.evosuite.ga.ConstructionFailedException: Failed to add constructor for org.evosuite.runtime.mock.java.lang.MockThrowable due to org.evosuite.ga.ConstructionFailedException: Failed to add constructor for org.evosuite.runtime.mock.java.lang.MockThrowable due to org.evosuite.ga.ConstructionFailedException: Max recursion depth reached
[Progress:=====================>        73%] [Cov:===============>                   44%][Progress:============================> 95%] [Cov:===============>                   44%][Progress:==============================100%] [Cov:===============>                   44%]
* Search finished after 64s and 4 generations, 3047 statements, best individual has fitness: 249.0
* Minimizing test suite
* Going to analyze the coverage criteria
* Coverage analysis for criterion LINE
* Coverage of criterion LINE: 17%
* Total number of goals: 110
* Number of covered goals: 19
* Coverage analysis for criterion BRANCH
* Coverage of criterion BRANCH: 14%
* Total number of goals: 70
* Number of covered goals: 10
* Coverage analysis for criterion EXCEPTION
* Coverage of criterion EXCEPTION: 100%
* Total number of goals: 2
* Number of covered goals: 2
* Coverage analysis for criterion WEAKMUTATION
* Coverage of criterion WEAKMUTATION: 10%
* Total number of goals: 48
* Number of covered goals: 5
* Coverage analysis for criterion OUTPUT
* Coverage of criterion OUTPUT: 100% (no goals)
* Coverage analysis for criterion METHOD
* Coverage of criterion METHOD: 67%
* Total number of goals: 3
* Number of covered goals: 2
* Coverage analysis for criterion METHODNOEXCEPTION
* Coverage of criterion METHODNOEXCEPTION: 67%
* Total number of goals: 3
* Number of covered goals: 2
* Coverage analysis for criterion CBRANCH
* Coverage of criterion CBRANCH: 14%
* Total number of goals: 70
* Number of covered goals: 10
* Generated 3 tests with total length 35
* Resulting test suite's coverage: 44% (average coverage for all fitness functions)
* Generating assertions
* Resulting test suite's mutation score: 14%
* Compiling and checking tests
* Writing tests to file
* Writing JUnit test case 'OioServerSocketPipelineSink_ESTest' to evosuite-tests
* Done!

* Computation finished
