<?xml version="1.0" encoding="UTF-8"?>
<testsuite xmlns:xsi="http://www.w3.org/2001/XMLSchema-instance" xsi:noNamespaceSchemaLocation="https://maven.apache.org/surefire/maven-surefire-plugin/xsd/surefire-test-report-3.0.xsd" version="3.0" name="com.google.common.jimfs.WindowsPathType_ESTest" time="0.738" tests="34" errors="2" skipped="0" failures="0">
  <properties>
[...]
</properties>
  <testcase name="test08" classname="com.google.common.jimfs.WindowsPathType_ESTest" time="0.041">
    <error type="java.lang.ExceptionInInitializerError"><![CDATA[java.lang.ExceptionInInitializerError
	at sun.reflect.NativeMethodAccessorImpl.invoke0(Native Method)
	at sun.reflect.NativeMethodAccessorImpl.invoke(NativeMethodAccessorImpl.java:62)
	at sun.reflect.DelegatingMethodAccessorImpl.invoke(DelegatingMethodAccessorImpl.java:43)
	at java.lang.reflect.Method.invoke(Method.java:498)
	at org.evosuite.runtime.classhandling.ClassResetter.reset(ClassResetter.java:159)
	at org.evosuite.runtime.classhandling.ClassStateSupport.resetClasses(ClassStateSupport.java:137)
	at com.google.common.jimfs.WindowsPathType_ESTest_scaffolding.resetClasses(WindowsPathType_ESTest_scaffolding.java:138)
	at com.google.common.jimfs.WindowsPathType_ESTest_scaffolding.doneWithTestCase(WindowsPathType_ESTest_scaffolding.java:66)
	at sun.reflect.NativeMethodAccessorImpl.invoke0(Native Method)
	at sun.reflect.NativeMethodAccessorImpl.invoke(NativeMethodAccessorImpl.java:62)
	at sun.reflect.DelegatingMethodAccessorImpl.invoke(DelegatingMethodAccessorImpl.java:43)
	at java.lang.reflect.Method.invoke(Method.java:498)
	at org.junit.runners.model.FrameworkMethod$1.runReflectiveCall(FrameworkMethod.java:59)
	at org.junit.internal.runners.model.ReflectiveCallable.run(ReflectiveCallable.java:12)
	at org.junit.runners.model.FrameworkMethod.invokeExplosively(FrameworkMethod.java:56)
	at org.junit.internal.runners.statements.RunAfters.invokeMethod(RunAfters.java:46)
	at org.junit.internal.runners.statements.RunAfters.evaluate(RunAfters.java:33)
	at org.evosuite.runtime.vnet.NonFunctionalRequirementRule$1.evaluate(NonFunctionalRequirementRule.java:41)
	at org.junit.runners.ParentRunner$3.evaluate(ParentRunner.java:306)
	at org.junit.runners.BlockJUnit4ClassRunner$1.evaluate(BlockJUnit4ClassRunner.java:100)
	at org.junit.runners.ParentRunner.runLeaf(ParentRunner.java:366)
	at org.junit.runners.BlockJUnit4ClassRunner.runChild(BlockJUnit4ClassRunner.java:103)
	at org.junit.runners.BlockJUnit4ClassRunner.runChild(BlockJUnit4ClassRunner.java:63)
	at org.junit.runners.ParentRunner$4.run(ParentRunner.java:331)
	at org.junit.runners.ParentRunner$1.schedule(ParentRunner.java:79)
	at org.junit.runners.ParentRunner.runChildren(ParentRunner.java:329)
	at org.junit.runners.ParentRunner.access$100(ParentRunner.java:66)
	at org.junit.runners.ParentRunner$2.evaluate(ParentRunner.java:293)
	at org.junit.internal.runners.statements.RunBefores.evaluate(RunBefores.java:26)
	at org.junit.internal.runners.statements.RunAfters.evaluate(RunAfters.java:27)
	at org.junit.runners.ParentRunner$3.evaluate(ParentRunner.java:306)
	at org.junit.runners.ParentRunner.run(ParentRunner.java:413)
	at org.apache.maven.surefire.junit4.JUnit4Provider.execute(JUnit4Provider.java:316)
	at org.apache.maven.surefire.junit4.JUnit4Provider.executeWithRerun(JUnit4Provider.java:240)
	at org.apache.maven.surefire.junit4.JUnit4Provider.executeTestSet(JUnit4Provider.java:214)
	at org.apache.maven.surefire.junit4.JUnit4Provider.invoke(JUnit4Provider.java:155)
	at org.apache.maven.surefire.booter.ForkedBooter.runSuitesInProcess(ForkedBooter.java:385)
	at org.apache.maven.surefire.booter.ForkedBooter.execute(ForkedBooter.java:162)
	at org.apache.maven.surefire.booter.ForkedBooter.run(ForkedBooter.java:507)
	at org.apache.maven.surefire.booter.ForkedBooter.main(ForkedBooter.java:495)
Caused by: java.lang.NullPointerException
	at com.google.common.collect.ImmutableList$Itr.<init>(ImmutableList.java:379)
	at com.google.common.collect.ImmutableList.<clinit>(ImmutableList.java)
	... 40 more
]]></error>
    <system-err><![CDATA[SLF4J: Failed to load class "org.slf4j.impl.StaticLoggerBinder".
SLF4J: Defaulting to no-operation (NOP) logger implementation
SLF4J: See http://www.slf4j.org/codes.html#StaticLoggerBinder for further details.
]]></system-err>
  </testcase>
  <testcase name="test09" classname="com.google.common.jimfs.WindowsPathType_ESTest" time="0.005">
    <error message="Trying to set up the sandbox while executing a test case" type="java.lang.IllegalStateException"><![CDATA[java.lang.IllegalStateException: Trying to set up the sandbox while executing a test case
	at org.evosuite.runtime.sandbox.MSecurityManager.goingToExecuteTestCase(MSecurityManager.java:339)
	at org.evosuite.runtime.sandbox.Sandbox.goingToExecuteSUTCode(Sandbox.java:127)
	at com.google.common.jimfs.WindowsPathType_ESTest_scaffolding.initTestCase(WindowsPathType_ESTest_scaffolding.java:54)
	at sun.reflect.NativeMethodAccessorImpl.invoke0(Native Method)
	at sun.reflect.NativeMethodAccessorImpl.invoke(NativeMethodAccessorImpl.java:62)
	at sun.reflect.DelegatingMethodAccessorImpl.invoke(DelegatingMethodAccessorImpl.java:43)
	at java.lang.reflect.Method.invoke(Method.java:498)
	at org.junit.runners.model.FrameworkMethod$1.runReflectiveCall(FrameworkMethod.java:59)
	at org.junit.internal.runners.model.ReflectiveCallable.run(ReflectiveCallable.java:12)
	at org.junit.runners.model.FrameworkMethod.invokeExplosively(FrameworkMethod.java:56)
	at org.junit.internal.runners.statements.RunBefores.invokeMethod(RunBefores.java:33)
	at org.junit.internal.runners.statements.RunBefores.evaluate(RunBefores.java:24)
	at org.junit.internal.runners.statements.RunAfters.evaluate(RunAfters.java:27)
	at org.evosuite.runtime.vnet.NonFunctionalRequirementRule$1.evaluate(NonFunctionalRequirementRule.java:41)
	at org.junit.runners.ParentRunner$3.evaluate(ParentRunner.java:306)
	at org.junit.runners.BlockJUnit4ClassRunner$1.evaluate(BlockJUnit4ClassRunner.java:100)
	at org.junit.runners.ParentRunner.runLeaf(ParentRunner.java:366)
	at org.junit.runners.BlockJUnit4ClassRunner.runChild(BlockJUnit4ClassRunner.java:103)
	at org.junit.runners.BlockJUnit4ClassRunner.runChild(BlockJUnit4ClassRunner.java:63)
	at org.junit.runners.ParentRunner$4.run(ParentRunner.java:331)
	at org.junit.runners.ParentRunner$1.schedule(ParentRunner.java:79)
	at org.junit.runners.ParentRunner.runChildren(ParentRunner.java:329)
	at org.junit.runners.ParentRunner.access$100(ParentRunner.java:66)
	at org.junit.runners.ParentRunner$2.evaluate(ParentRunner.java:293)
	at org.junit.internal.runners.statements.RunBefores.evaluate(RunBefores.java:26)
	at org.junit.internal.runners.statements.RunAfters.evaluate(RunAfters.java:27)
	at org.junit.runners.ParentRunner$3.evaluate(ParentRunner.java:306)
	at org.junit.runners.ParentRunner.run(ParentRunner.java:413)
	at org.apache.maven.surefire.junit4.JUnit4Provider.execute(JUnit4Provider.java:316)
	at org.apache.maven.surefire.junit4.JUnit4Provider.executeWithRerun(JUnit4Provider.java:240)
	at org.apache.maven.surefire.junit4.JUnit4Provider.executeTestSet(JUnit4Provider.java:214)
	at org.apache.maven.surefire.junit4.JUnit4Provider.invoke(JUnit4Provider.java:155)
	at org.apache.maven.surefire.booter.ForkedBooter.runSuitesInProcess(ForkedBooter.java:385)
	at org.apache.maven.surefire.booter.ForkedBooter.execute(ForkedBooter.java:162)
	at org.apache.maven.surefire.booter.ForkedBooter.run(ForkedBooter.java:507)
	at org.apache.maven.surefire.booter.ForkedBooter.main(ForkedBooter.java:495)
]]></error>
  </testcase>
  <testcase name="test06" classname="com.google.common.jimfs.WindowsPathType_ESTest" time="0.004"/>
  <testcase name="test28" classname="com.google.common.jimfs.WindowsPathType_ESTest" time="0.006"/>
  <testcase name="test07" classname="com.google.common.jimfs.WindowsPathType_ESTest" time="0.006"/>
  <testcase name="test29" classname="com.google.common.jimfs.WindowsPathType_ESTest" time="0.006"/>
  <testcase name="test00" classname="com.google.common.jimfs.WindowsPathType_ESTest" time="0.003"/>
  <testcase name="test22" classname="com.google.common.jimfs.WindowsPathType_ESTest" time="0.003"/>
  <testcase name="test01" classname="com.google.common.jimfs.WindowsPathType_ESTest" time="0.005"/>
  <testcase name="test23" classname="com.google.common.jimfs.WindowsPathType_ESTest" time="0.003"/>
  <testcase name="test20" classname="com.google.common.jimfs.WindowsPathType_ESTest" time="0.002"/>
  <testcase name="test21" classname="com.google.common.jimfs.WindowsPathType_ESTest" time="0.005"/>
  <testcase name="test04" classname="com.google.common.jimfs.WindowsPathType_ESTest" time="0.003"/>
  <testcase name="test26" classname="com.google.common.jimfs.WindowsPathType_ESTest" time="0.003"/>
  <testcase name="test05" classname="com.google.common.jimfs.WindowsPathType_ESTest" time="0.003"/>
  <testcase name="test27" classname="com.google.common.jimfs.WindowsPathType_ESTest" time="0.006"/>
  <testcase name="test02" classname="com.google.common.jimfs.WindowsPathType_ESTest" time="0.007"/>
  <testcase name="test24" classname="com.google.common.jimfs.WindowsPathType_ESTest" time="0.004"/>
  <testcase name="test03" classname="com.google.common.jimfs.WindowsPathType_ESTest" time="0.002"/>
  <testcase name="test25" classname="com.google.common.jimfs.WindowsPathType_ESTest" time="0.003"/>
  <testcase name="test30" classname="com.google.common.jimfs.WindowsPathType_ESTest" time="0.003"/>
  <testcase name="test19" classname="com.google.common.jimfs.WindowsPathType_ESTest" time="0.003"/>
  <testcase name="test17" classname="com.google.common.jimfs.WindowsPathType_ESTest" time="0.002"/>
  <testcase name="test18" classname="com.google.common.jimfs.WindowsPathType_ESTest" time="0.004"/>
  <testcase name="test11" classname="com.google.common.jimfs.WindowsPathType_ESTest" time="0.003"/>
  <testcase name="test33" classname="com.google.common.jimfs.WindowsPathType_ESTest" time="0.003"/>
  <testcase name="test12" classname="com.google.common.jimfs.WindowsPathType_ESTest" time="0.013"/>
  <testcase name="test31" classname="com.google.common.jimfs.WindowsPathType_ESTest" time="0.005"/>
  <testcase name="test10" classname="com.google.common.jimfs.WindowsPathType_ESTest" time="0.004"/>
  <testcase name="test32" classname="com.google.common.jimfs.WindowsPathType_ESTest" time="0.003"/>
  <testcase name="test15" classname="com.google.common.jimfs.WindowsPathType_ESTest" time="0.003"/>
  <testcase name="test16" classname="com.google.common.jimfs.WindowsPathType_ESTest" time="0.003"/>
  <testcase name="test13" classname="com.google.common.jimfs.WindowsPathType_ESTest" time="0.003"/>
  <testcase name="test14" classname="com.google.common.jimfs.WindowsPathType_ESTest" time="0.002"/>
</testsuite>