JUnit version 4.13.2
.....E........
Time: 0.461
There was 1 failure:
1) test00(com.google.common.collect.testing.DerivedCollectionGenerators_ESTest)
java.lang.AssertionError: Exception was not thrown in com.google.common.collect.testing.DerivedCollectionGenerators$SortedMapSubmapTestMapGenerator but in com.google.common.collect.testing.NavigableMapTestSuiteBuilder$DescendingTestMapGenerator.create(NavigableMapTestSuiteBuilder.java:149): java.lang.NullPointerException
	at org.evosuite.runtime.EvoAssertions.assertThrownBy(EvoAssertions.java:111)
	at org.evosuite.runtime.EvoAssertions.verifyException(EvoAssertions.java:48)
	at com.google.common.collect.testing.DerivedCollectionGenerators_ESTest.test00(DerivedCollectionGenerators_ESTest.java:52)

FAILURES!!!
Tests run: 13,  Failures: 1

