<?xml version="1.0" encoding="UTF-8"?>
<testsuite xmlns:xsi="http://www.w3.org/2001/XMLSchema-instance" xsi:noNamespaceSchemaLocation="https://maven.apache.org/surefire/maven-surefire-plugin/xsd/surefire-test-report-3.0.xsd" version="3.0" name="io.undertow.servlet.spec.UpgradeServletInputStream_ESTest" time="1.769" tests="33" errors="17" skipped="0" failures="0">
  <properties>
[...]
</properties>
  <testcase name="test03" classname="io.undertow.servlet.spec.UpgradeServletInputStream_ESTest" time="0.318">
    <error message="java.nio.ByteBuffer.flip()Ljava/nio/ByteBuffer;" type="java.lang.NoSuchMethodError"><![CDATA[java.lang.NoSuchMethodError: java.nio.ByteBuffer.flip()Ljava/nio/ByteBuffer;
	at io.undertow.servlet.spec.UpgradeServletInputStream.readIntoBufferNonBlocking(UpgradeServletInputStream.java:170)
	at io.undertow.servlet.spec.UpgradeServletInputStream.available(UpgradeServletInputStream.java:210)
	at io.undertow.servlet.spec.UpgradeServletInputStream_ESTest.test03(UpgradeServletInputStream_ESTest.java:115)
	at sun.reflect.NativeMethodAccessorImpl.invoke0(Native Method)
	at sun.reflect.NativeMethodAccessorImpl.invoke(NativeMethodAccessorImpl.java:62)
	at sun.reflect.DelegatingMethodAccessorImpl.invoke(DelegatingMethodAccessorImpl.java:43)
	at java.lang.reflect.Method.invoke(Method.java:498)
	at org.junit.runners.model.FrameworkMethod$1.runReflectiveCall(FrameworkMethod.java:59)
	at org.junit.internal.runners.model.ReflectiveCallable.run(ReflectiveCallable.java:12)
	at org.junit.runners.model.FrameworkMethod.invokeExplosively(FrameworkMethod.java:56)
	at org.junit.internal.runners.statements.InvokeMethod.evaluate(InvokeMethod.java:17)
	at org.junit.internal.runners.statements.FailOnTimeout$CallableStatement.call(FailOnTimeout.java:288)
	at org.junit.internal.runners.statements.FailOnTimeout$CallableStatement.call(FailOnTimeout.java:282)
	at java.util.concurrent.FutureTask.run(FutureTask.java:266)
	at java.lang.Thread.run(Thread.java:750)
]]></error>
    <system-err><![CDATA[SLF4J: Failed to load class "org.slf4j.impl.StaticLoggerBinder".
SLF4J: Defaulting to no-operation (NOP) logger implementation
SLF4J: See http://www.slf4j.org/codes.html#StaticLoggerBinder for further details.
]]></system-err>
  </testcase>
  <testcase name="test25" classname="io.undertow.servlet.spec.UpgradeServletInputStream_ESTest" time="0.043">
    <error message="java.nio.ByteBuffer.flip()Ljava/nio/ByteBuffer;" type="java.lang.NoSuchMethodError"><![CDATA[java.lang.NoSuchMethodError: java.nio.ByteBuffer.flip()Ljava/nio/ByteBuffer;
	at io.undertow.servlet.spec.UpgradeServletInputStream.readIntoBuffer(UpgradeServletInputStream.java:151)
	at io.undertow.servlet.spec.UpgradeServletInputStream.read(UpgradeServletInputStream.java:125)
	at io.undertow.servlet.spec.UpgradeServletInputStream.read(UpgradeServletInputStream.java:112)
	at io.undertow.servlet.spec.UpgradeServletInputStream.read(UpgradeServletInputStream.java:103)
	at io.undertow.servlet.spec.UpgradeServletInputStream_ESTest.test25(UpgradeServletInputStream_ESTest.java:514)
	at sun.reflect.NativeMethodAccessorImpl.invoke0(Native Method)
	at sun.reflect.NativeMethodAccessorImpl.invoke(NativeMethodAccessorImpl.java:62)
	at sun.reflect.DelegatingMethodAccessorImpl.invoke(DelegatingMethodAccessorImpl.java:43)
	at java.lang.reflect.Method.invoke(Method.java:498)
	at org.junit.runners.model.FrameworkMethod$1.runReflectiveCall(FrameworkMethod.java:59)
	at org.junit.internal.runners.model.ReflectiveCallable.run(ReflectiveCallable.java:12)
	at org.junit.runners.model.FrameworkMethod.invokeExplosively(FrameworkMethod.java:56)
	at org.junit.internal.runners.statements.InvokeMethod.evaluate(InvokeMethod.java:17)
	at org.junit.internal.runners.statements.FailOnTimeout$CallableStatement.call(FailOnTimeout.java:288)
	at org.junit.internal.runners.statements.FailOnTimeout$CallableStatement.call(FailOnTimeout.java:282)
	at java.util.concurrent.FutureTask.run(FutureTask.java:266)
	at java.lang.Thread.run(Thread.java:750)
]]></error>
  </testcase>
  <testcase name="test02" classname="io.undertow.servlet.spec.UpgradeServletInputStream_ESTest" time="0.005">
    <error message="java.nio.ByteBuffer.flip()Ljava/nio/ByteBuffer;" type="java.lang.NoSuchMethodError"><![CDATA[java.lang.NoSuchMethodError: java.nio.ByteBuffer.flip()Ljava/nio/ByteBuffer;
	at io.undertow.servlet.spec.UpgradeServletInputStream.readIntoBufferNonBlocking(UpgradeServletInputStream.java:170)
	at io.undertow.servlet.spec.UpgradeServletInputStream.available(UpgradeServletInputStream.java:210)
	at io.undertow.servlet.spec.UpgradeServletInputStream_ESTest.test02(UpgradeServletInputStream_ESTest.java:89)
	at sun.reflect.NativeMethodAccessorImpl.invoke0(Native Method)
	at sun.reflect.NativeMethodAccessorImpl.invoke(NativeMethodAccessorImpl.java:62)
	at sun.reflect.DelegatingMethodAccessorImpl.invoke(DelegatingMethodAccessorImpl.java:43)
	at java.lang.reflect.Method.invoke(Method.java:498)
	at org.junit.runners.model.FrameworkMethod$1.runReflectiveCall(FrameworkMethod.java:59)
	at org.junit.internal.runners.model.ReflectiveCallable.run(ReflectiveCallable.java:12)
	at org.junit.runners.model.FrameworkMethod.invokeExplosively(FrameworkMethod.java:56)
	at org.junit.internal.runners.statements.InvokeMethod.evaluate(InvokeMethod.java:17)
	at org.junit.internal.runners.statements.FailOnTimeout$CallableStatement.call(FailOnTimeout.java:288)
	at org.junit.internal.runners.statements.FailOnTimeout$CallableStatement.call(FailOnTimeout.java:282)
	at java.util.concurrent.FutureTask.run(FutureTask.java:266)
	at java.lang.Thread.run(Thread.java:750)
]]></error>
  </testcase>
  <testcase name="test24" classname="io.undertow.servlet.spec.UpgradeServletInputStream_ESTest" time="0.012">
    <error message="java.nio.ByteBuffer.flip()Ljava/nio/ByteBuffer;" type="java.lang.NoSuchMethodError"><![CDATA[java.lang.NoSuchMethodError: java.nio.ByteBuffer.flip()Ljava/nio/ByteBuffer;
	at io.undertow.servlet.spec.UpgradeServletInputStream.readIntoBuffer(UpgradeServletInputStream.java:151)
	at io.undertow.servlet.spec.UpgradeServletInputStream.read(UpgradeServletInputStream.java:125)
	at io.undertow.servlet.spec.UpgradeServletInputStream.read(UpgradeServletInputStream.java:112)
	at io.undertow.servlet.spec.UpgradeServletInputStream.read(UpgradeServletInputStream.java:103)
	at io.undertow.servlet.spec.UpgradeServletInputStream_ESTest.test24(UpgradeServletInputStream_ESTest.java:504)
	at sun.reflect.NativeMethodAccessorImpl.invoke0(Native Method)
	at sun.reflect.NativeMethodAccessorImpl.invoke(NativeMethodAccessorImpl.java:62)
	at sun.reflect.DelegatingMethodAccessorImpl.invoke(DelegatingMethodAccessorImpl.java:43)
	at java.lang.reflect.Method.invoke(Method.java:498)
	at org.junit.runners.model.FrameworkMethod$1.runReflectiveCall(FrameworkMethod.java:59)
	at org.junit.internal.runners.model.ReflectiveCallable.run(ReflectiveCallable.java:12)
	at org.junit.runners.model.FrameworkMethod.invokeExplosively(FrameworkMethod.java:56)
	at org.junit.internal.runners.statements.InvokeMethod.evaluate(InvokeMethod.java:17)
	at org.junit.internal.runners.statements.FailOnTimeout$CallableStatement.call(FailOnTimeout.java:288)
	at org.junit.internal.runners.statements.FailOnTimeout$CallableStatement.call(FailOnTimeout.java:282)
	at java.util.concurrent.FutureTask.run(FutureTask.java:266)
	at java.lang.Thread.run(Thread.java:750)
]]></error>
  </testcase>
  <testcase name="test05" classname="io.undertow.servlet.spec.UpgradeServletInputStream_ESTest" time="0.016"/>
  <testcase name="test27" classname="io.undertow.servlet.spec.UpgradeServletInputStream_ESTest" time="0.018"/>
  <testcase name="test04" classname="io.undertow.servlet.spec.UpgradeServletInputStream_ESTest" time="0.011">
    <error message="java.nio.ByteBuffer.flip()Ljava/nio/ByteBuffer;" type="java.lang.NoSuchMethodError"><![CDATA[java.lang.NoSuchMethodError: java.nio.ByteBuffer.flip()Ljava/nio/ByteBuffer;
	at io.undertow.servlet.spec.UpgradeServletInputStream.readIntoBufferNonBlocking(UpgradeServletInputStream.java:170)
	at io.undertow.servlet.spec.UpgradeServletInputStream.available(UpgradeServletInputStream.java:210)
	at io.undertow.servlet.spec.UpgradeServletInputStream_ESTest.test04(UpgradeServletInputStream_ESTest.java:140)
	at sun.reflect.NativeMethodAccessorImpl.invoke0(Native Method)
	at sun.reflect.NativeMethodAccessorImpl.invoke(NativeMethodAccessorImpl.java:62)
	at sun.reflect.DelegatingMethodAccessorImpl.invoke(DelegatingMethodAccessorImpl.java:43)
	at java.lang.reflect.Method.invoke(Method.java:498)
	at org.junit.runners.model.FrameworkMethod$1.runReflectiveCall(FrameworkMethod.java:59)
	at org.junit.internal.runners.model.ReflectiveCallable.run(ReflectiveCallable.java:12)
	at org.junit.runners.model.FrameworkMethod.invokeExplosively(FrameworkMethod.java:56)
	at org.junit.internal.runners.statements.InvokeMethod.evaluate(InvokeMethod.java:17)
	at org.junit.internal.runners.statements.FailOnTimeout$CallableStatement.call(FailOnTimeout.java:288)
	at org.junit.internal.runners.statements.FailOnTimeout$CallableStatement.call(FailOnTimeout.java:282)
	at java.util.concurrent.FutureTask.run(FutureTask.java:266)
	at java.lang.Thread.run(Thread.java:750)
]]></error>
  </testcase>
  <testcase name="test26" classname="io.undertow.servlet.spec.UpgradeServletInputStream_ESTest" time="0.011">
    <error message="java.nio.ByteBuffer.flip()Ljava/nio/ByteBuffer;" type="java.lang.NoSuchMethodError"><![CDATA[java.lang.NoSuchMethodError: java.nio.ByteBuffer.flip()Ljava/nio/ByteBuffer;
	at io.undertow.servlet.spec.UpgradeServletInputStream.readIntoBufferNonBlocking(UpgradeServletInputStream.java:170)
	at io.undertow.servlet.spec.UpgradeServletInputStream.available(UpgradeServletInputStream.java:210)
	at io.undertow.servlet.spec.UpgradeServletInputStream_ESTest.test26(UpgradeServletInputStream_ESTest.java:537)
	at sun.reflect.NativeMethodAccessorImpl.invoke0(Native Method)
	at sun.reflect.NativeMethodAccessorImpl.invoke(NativeMethodAccessorImpl.java:62)
	at sun.reflect.DelegatingMethodAccessorImpl.invoke(DelegatingMethodAccessorImpl.java:43)
	at java.lang.reflect.Method.invoke(Method.java:498)
	at org.junit.runners.model.FrameworkMethod$1.runReflectiveCall(FrameworkMethod.java:59)
	at org.junit.internal.runners.model.ReflectiveCallable.run(ReflectiveCallable.java:12)
	at org.junit.runners.model.FrameworkMethod.invokeExplosively(FrameworkMethod.java:56)
	at org.junit.internal.runners.statements.InvokeMethod.evaluate(InvokeMethod.java:17)
	at org.junit.internal.runners.statements.FailOnTimeout$CallableStatement.call(FailOnTimeout.java:288)
	at org.junit.internal.runners.statements.FailOnTimeout$CallableStatement.call(FailOnTimeout.java:282)
	at java.util.concurrent.FutureTask.run(FutureTask.java:266)
	at java.lang.Thread.run(Thread.java:750)
]]></error>
  </testcase>
  <testcase name="test21" classname="io.undertow.servlet.spec.UpgradeServletInputStream_ESTest" time="0.007">
    <error message="java.nio.ByteBuffer.flip()Ljava/nio/ByteBuffer;" type="java.lang.NoSuchMethodError"><![CDATA[java.lang.NoSuchMethodError: java.nio.ByteBuffer.flip()Ljava/nio/ByteBuffer;
	at io.undertow.servlet.spec.UpgradeServletInputStream.readIntoBuffer(UpgradeServletInputStream.java:151)
	at io.undertow.servlet.spec.UpgradeServletInputStream.read(UpgradeServletInputStream.java:125)
	at io.undertow.servlet.spec.UpgradeServletInputStream_ESTest.test21(UpgradeServletInputStream_ESTest.java:455)
	at sun.reflect.NativeMethodAccessorImpl.invoke0(Native Method)
	at sun.reflect.NativeMethodAccessorImpl.invoke(NativeMethodAccessorImpl.java:62)
	at sun.reflect.DelegatingMethodAccessorImpl.invoke(DelegatingMethodAccessorImpl.java:43)
	at java.lang.reflect.Method.invoke(Method.java:498)
	at org.junit.runners.model.FrameworkMethod$1.runReflectiveCall(FrameworkMethod.java:59)
	at org.junit.internal.runners.model.ReflectiveCallable.run(ReflectiveCallable.java:12)
	at org.junit.runners.model.FrameworkMethod.invokeExplosively(FrameworkMethod.java:56)
	at org.junit.internal.runners.statements.InvokeMethod.evaluate(InvokeMethod.java:17)
	at org.junit.internal.runners.statements.FailOnTimeout$CallableStatement.call(FailOnTimeout.java:288)
	at org.junit.internal.runners.statements.FailOnTimeout$CallableStatement.call(FailOnTimeout.java:282)
	at java.util.concurrent.FutureTask.run(FutureTask.java:266)
	at java.lang.Thread.run(Thread.java:750)
]]></error>
  </testcase>
  <testcase name="test20" classname="io.undertow.servlet.spec.UpgradeServletInputStream_ESTest" time="0.009"/>
  <testcase name="test01" classname="io.undertow.servlet.spec.UpgradeServletInputStream_ESTest" time="0.008">
    <error message="java.nio.ByteBuffer.flip()Ljava/nio/ByteBuffer;" type="java.lang.NoSuchMethodError"><![CDATA[java.lang.NoSuchMethodError: java.nio.ByteBuffer.flip()Ljava/nio/ByteBuffer;
	at io.undertow.servlet.spec.UpgradeServletInputStream.readIntoBufferNonBlocking(UpgradeServletInputStream.java:170)
	at io.undertow.servlet.spec.UpgradeServletInputStream.available(UpgradeServletInputStream.java:210)
	at io.undertow.servlet.spec.UpgradeServletInputStream_ESTest.test01(UpgradeServletInputStream_ESTest.java:65)
	at sun.reflect.NativeMethodAccessorImpl.invoke0(Native Method)
	at sun.reflect.NativeMethodAccessorImpl.invoke(NativeMethodAccessorImpl.java:62)
	at sun.reflect.DelegatingMethodAccessorImpl.invoke(DelegatingMethodAccessorImpl.java:43)
	at java.lang.reflect.Method.invoke(Method.java:498)
	at org.junit.runners.model.FrameworkMethod$1.runReflectiveCall(FrameworkMethod.java:59)
	at org.junit.internal.runners.model.ReflectiveCallable.run(ReflectiveCallable.java:12)
	at org.junit.runners.model.FrameworkMethod.invokeExplosively(FrameworkMethod.java:56)
	at org.junit.internal.runners.statements.InvokeMethod.evaluate(InvokeMethod.java:17)
	at org.junit.internal.runners.statements.FailOnTimeout$CallableStatement.call(FailOnTimeout.java:288)
	at org.junit.internal.runners.statements.FailOnTimeout$CallableStatement.call(FailOnTimeout.java:282)
	at java.util.concurrent.FutureTask.run(FutureTask.java:266)
	at java.lang.Thread.run(Thread.java:750)
]]></error>
  </testcase>
  <testcase name="test23" classname="io.undertow.servlet.spec.UpgradeServletInputStream_ESTest" time="0.011"/>
  <testcase name="test00" classname="io.undertow.servlet.spec.UpgradeServletInputStream_ESTest" time="0.006"/>
  <testcase name="test22" classname="io.undertow.servlet.spec.UpgradeServletInputStream_ESTest" time="0.005">
    <error message="java.nio.ByteBuffer.flip()Ljava/nio/ByteBuffer;" type="java.lang.NoSuchMethodError"><![CDATA[java.lang.NoSuchMethodError: java.nio.ByteBuffer.flip()Ljava/nio/ByteBuffer;
	at io.undertow.servlet.spec.UpgradeServletInputStream.readIntoBufferNonBlocking(UpgradeServletInputStream.java:170)
	at io.undertow.servlet.spec.UpgradeServletInputStream.available(UpgradeServletInputStream.java:210)
	at io.undertow.servlet.spec.UpgradeServletInputStream_ESTest.test22(UpgradeServletInputStream_ESTest.java:473)
	at sun.reflect.NativeMethodAccessorImpl.invoke0(Native Method)
	at sun.reflect.NativeMethodAccessorImpl.invoke(NativeMethodAccessorImpl.java:62)
	at sun.reflect.DelegatingMethodAccessorImpl.invoke(DelegatingMethodAccessorImpl.java:43)
	at java.lang.reflect.Method.invoke(Method.java:498)
	at org.junit.runners.model.FrameworkMethod$1.runReflectiveCall(FrameworkMethod.java:59)
	at org.junit.internal.runners.model.ReflectiveCallable.run(ReflectiveCallable.java:12)
	at org.junit.runners.model.FrameworkMethod.invokeExplosively(FrameworkMethod.java:56)
	at org.junit.internal.runners.statements.InvokeMethod.evaluate(InvokeMethod.java:17)
	at org.junit.internal.runners.statements.FailOnTimeout$CallableStatement.call(FailOnTimeout.java:288)
	at org.junit.internal.runners.statements.FailOnTimeout$CallableStatement.call(FailOnTimeout.java:282)
	at java.util.concurrent.FutureTask.run(FutureTask.java:266)
	at java.lang.Thread.run(Thread.java:750)
]]></error>
  </testcase>
  <testcase name="test07" classname="io.undertow.servlet.spec.UpgradeServletInputStream_ESTest" time="0.009"/>
  <testcase name="test29" classname="io.undertow.servlet.spec.UpgradeServletInputStream_ESTest" time="0.024">
    <error message="java.nio.ByteBuffer.flip()Ljava/nio/ByteBuffer;" type="java.lang.NoSuchMethodError"><![CDATA[java.lang.NoSuchMethodError: java.nio.ByteBuffer.flip()Ljava/nio/ByteBuffer;
	at io.undertow.servlet.spec.UpgradeServletInputStream.readIntoBuffer(UpgradeServletInputStream.java:151)
	at io.undertow.servlet.spec.UpgradeServletInputStream.read(UpgradeServletInputStream.java:125)
	at io.undertow.servlet.spec.UpgradeServletInputStream.read(UpgradeServletInputStream.java:112)
	at io.undertow.servlet.spec.UpgradeServletInputStream.read(UpgradeServletInputStream.java:103)
	at io.undertow.servlet.spec.UpgradeServletInputStream_ESTest.test29(UpgradeServletInputStream_ESTest.java:593)
	at sun.reflect.NativeMethodAccessorImpl.invoke0(Native Method)
	at sun.reflect.NativeMethodAccessorImpl.invoke(NativeMethodAccessorImpl.java:62)
	at sun.reflect.DelegatingMethodAccessorImpl.invoke(DelegatingMethodAccessorImpl.java:43)
	at java.lang.reflect.Method.invoke(Method.java:498)
	at org.junit.runners.model.FrameworkMethod$1.runReflectiveCall(FrameworkMethod.java:59)
	at org.junit.internal.runners.model.ReflectiveCallable.run(ReflectiveCallable.java:12)
	at org.junit.runners.model.FrameworkMethod.invokeExplosively(FrameworkMethod.java:56)
	at org.junit.internal.runners.statements.InvokeMethod.evaluate(InvokeMethod.java:17)
	at org.junit.internal.runners.statements.FailOnTimeout$CallableStatement.call(FailOnTimeout.java:288)
	at org.junit.internal.runners.statements.FailOnTimeout$CallableStatement.call(FailOnTimeout.java:282)
	at java.util.concurrent.FutureTask.run(FutureTask.java:266)
	at java.lang.Thread.run(Thread.java:750)
]]></error>
  </testcase>
  <testcase name="test06" classname="io.undertow.servlet.spec.UpgradeServletInputStream_ESTest" time="0.01"/>
  <testcase name="test28" classname="io.undertow.servlet.spec.UpgradeServletInputStream_ESTest" time="0.006"/>
  <testcase name="test09" classname="io.undertow.servlet.spec.UpgradeServletInputStream_ESTest" time="0.004">
    <error message="java.nio.ByteBuffer.flip()Ljava/nio/ByteBuffer;" type="java.lang.NoSuchMethodError"><![CDATA[java.lang.NoSuchMethodError: java.nio.ByteBuffer.flip()Ljava/nio/ByteBuffer;
	at io.undertow.servlet.spec.UpgradeServletInputStream.readIntoBuffer(UpgradeServletInputStream.java:151)
	at io.undertow.servlet.spec.UpgradeServletInputStream.read(UpgradeServletInputStream.java:125)
	at io.undertow.servlet.spec.UpgradeServletInputStream_ESTest.test09(UpgradeServletInputStream_ESTest.java:230)
	at sun.reflect.NativeMethodAccessorImpl.invoke0(Native Method)
	at sun.reflect.NativeMethodAccessorImpl.invoke(NativeMethodAccessorImpl.java:62)
	at sun.reflect.DelegatingMethodAccessorImpl.invoke(DelegatingMethodAccessorImpl.java:43)
	at java.lang.reflect.Method.invoke(Method.java:498)
	at org.junit.runners.model.FrameworkMethod$1.runReflectiveCall(FrameworkMethod.java:59)
	at org.junit.internal.runners.model.ReflectiveCallable.run(ReflectiveCallable.java:12)
	at org.junit.runners.model.FrameworkMethod.invokeExplosively(FrameworkMethod.java:56)
	at org.junit.internal.runners.statements.InvokeMethod.evaluate(InvokeMethod.java:17)
	at org.junit.internal.runners.statements.FailOnTimeout$CallableStatement.call(FailOnTimeout.java:288)
	at org.junit.internal.runners.statements.FailOnTimeout$CallableStatement.call(FailOnTimeout.java:282)
	at java.util.concurrent.FutureTask.run(FutureTask.java:266)
	at java.lang.Thread.run(Thread.java:750)
]]></error>
  </testcase>
  <testcase name="test08" classname="io.undertow.servlet.spec.UpgradeServletInputStream_ESTest" time="0.006">
    <error message="java.nio.ByteBuffer.flip()Ljava/nio/ByteBuffer;" type="java.lang.NoSuchMethodError"><![CDATA[java.lang.NoSuchMethodError: java.nio.ByteBuffer.flip()Ljava/nio/ByteBuffer;
	at io.undertow.servlet.spec.UpgradeServletInputStream.readIntoBuffer(UpgradeServletInputStream.java:151)
	at io.undertow.servlet.spec.UpgradeServletInputStream.read(UpgradeServletInputStream.java:125)
	at io.undertow.servlet.spec.UpgradeServletInputStream.read(UpgradeServletInputStream.java:112)
	at io.undertow.servlet.spec.UpgradeServletInputStream.read(UpgradeServletInputStream.java:103)
	at io.undertow.servlet.spec.UpgradeServletInputStream_ESTest.test08(UpgradeServletInputStream_ESTest.java:210)
	at sun.reflect.NativeMethodAccessorImpl.invoke0(Native Method)
	at sun.reflect.NativeMethodAccessorImpl.invoke(NativeMethodAccessorImpl.java:62)
	at sun.reflect.DelegatingMethodAccessorImpl.invoke(DelegatingMethodAccessorImpl.java:43)
	at java.lang.reflect.Method.invoke(Method.java:498)
	at org.junit.runners.model.FrameworkMethod$1.runReflectiveCall(FrameworkMethod.java:59)
	at org.junit.internal.runners.model.ReflectiveCallable.run(ReflectiveCallable.java:12)
	at org.junit.runners.model.FrameworkMethod.invokeExplosively(FrameworkMethod.java:56)
	at org.junit.internal.runners.statements.InvokeMethod.evaluate(InvokeMethod.java:17)
	at org.junit.internal.runners.statements.FailOnTimeout$CallableStatement.call(FailOnTimeout.java:288)
	at org.junit.internal.runners.statements.FailOnTimeout$CallableStatement.call(FailOnTimeout.java:282)
	at java.util.concurrent.FutureTask.run(FutureTask.java:266)
	at java.lang.Thread.run(Thread.java:750)
]]></error>
  </testcase>
  <testcase name="test30" classname="io.undertow.servlet.spec.UpgradeServletInputStream_ESTest" time="0.006"/>
  <testcase name="test14" classname="io.undertow.servlet.spec.UpgradeServletInputStream_ESTest" time="0.005"/>
  <testcase name="test13" classname="io.undertow.servlet.spec.UpgradeServletInputStream_ESTest" time="0.008"/>
  <testcase name="test16" classname="io.undertow.servlet.spec.UpgradeServletInputStream_ESTest" time="0.007">
    <error message="java.nio.ByteBuffer.flip()Ljava/nio/ByteBuffer;" type="java.lang.NoSuchMethodError"><![CDATA[java.lang.NoSuchMethodError: java.nio.ByteBuffer.flip()Ljava/nio/ByteBuffer;
	at io.undertow.servlet.spec.UpgradeServletInputStream.readIntoBuffer(UpgradeServletInputStream.java:151)
	at io.undertow.servlet.spec.UpgradeServletInputStream.read(UpgradeServletInputStream.java:125)
	at io.undertow.servlet.spec.UpgradeServletInputStream_ESTest.test16(UpgradeServletInputStream_ESTest.java:364)
	at sun.reflect.NativeMethodAccessorImpl.invoke0(Native Method)
	at sun.reflect.NativeMethodAccessorImpl.invoke(NativeMethodAccessorImpl.java:62)
	at sun.reflect.DelegatingMethodAccessorImpl.invoke(DelegatingMethodAccessorImpl.java:43)
	at java.lang.reflect.Method.invoke(Method.java:498)
	at org.junit.runners.model.FrameworkMethod$1.runReflectiveCall(FrameworkMethod.java:59)
	at org.junit.internal.runners.model.ReflectiveCallable.run(ReflectiveCallable.java:12)
	at org.junit.runners.model.FrameworkMethod.invokeExplosively(FrameworkMethod.java:56)
	at org.junit.internal.runners.statements.InvokeMethod.evaluate(InvokeMethod.java:17)
	at org.junit.internal.runners.statements.FailOnTimeout$CallableStatement.call(FailOnTimeout.java:288)
	at org.junit.internal.runners.statements.FailOnTimeout$CallableStatement.call(FailOnTimeout.java:282)
	at java.util.concurrent.FutureTask.run(FutureTask.java:266)
	at java.lang.Thread.run(Thread.java:750)
]]></error>
  </testcase>
  <testcase name="test15" classname="io.undertow.servlet.spec.UpgradeServletInputStream_ESTest" time="0.019">
    <system-err><![CDATA[io.undertow.server.DefaultByteBufferPool$LeakDetector.<init>(DefaultByteBufferPool.java:314)
<evosuite>.<evosuite>(<evosuite>)
<evosuite>.<evosuite>(<evosuite>)
io.undertow.server.DefaultByteBufferPool$LeakDetector.<init>(DefaultByteBufferPool.java:314)
<evosuite>.<evosuite>(<evosuite>)
<evosuite>.<evosuite>(<evosuite>)
io.undertow.server.DefaultByteBufferPool$LeakDetector.<init>(DefaultByteBufferPool.java:314)
<evosuite>.<evosuite>(<evosuite>)
<evosuite>.<evosuite>(<evosuite>)
io.undertow.server.DefaultByteBufferPool$LeakDetector.<init>(DefaultByteBufferPool.java:314)
<evosuite>.<evosuite>(<evosuite>)
<evosuite>.<evosuite>(<evosuite>)
io.undertow.server.DefaultByteBufferPool$LeakDetector.<init>(DefaultByteBufferPool.java:314)
<evosuite>.<evosuite>(<evosuite>)
<evosuite>.<evosuite>(<evosuite>)
]]></system-err>
  </testcase>
  <testcase name="test10" classname="io.undertow.servlet.spec.UpgradeServletInputStream_ESTest" time="0.001"/>
  <testcase name="test32" classname="io.undertow.servlet.spec.UpgradeServletInputStream_ESTest" time="0.006">
    <error message="java.nio.ByteBuffer.flip()Ljava/nio/ByteBuffer;" type="java.lang.NoSuchMethodError"><![CDATA[java.lang.NoSuchMethodError: java.nio.ByteBuffer.flip()Ljava/nio/ByteBuffer;
	at io.undertow.servlet.spec.UpgradeServletInputStream.readIntoBufferNonBlocking(UpgradeServletInputStream.java:170)
	at io.undertow.servlet.spec.UpgradeServletInputStream.available(UpgradeServletInputStream.java:210)
	at io.undertow.servlet.spec.UpgradeServletInputStream_ESTest.test32(UpgradeServletInputStream_ESTest.java:644)
	at sun.reflect.NativeMethodAccessorImpl.invoke0(Native Method)
	at sun.reflect.NativeMethodAccessorImpl.invoke(NativeMethodAccessorImpl.java:62)
	at sun.reflect.DelegatingMethodAccessorImpl.invoke(DelegatingMethodAccessorImpl.java:43)
	at java.lang.reflect.Method.invoke(Method.java:498)
	at org.junit.runners.model.FrameworkMethod$1.runReflectiveCall(FrameworkMethod.java:59)
	at org.junit.internal.runners.model.ReflectiveCallable.run(ReflectiveCallable.java:12)
	at org.junit.runners.model.FrameworkMethod.invokeExplosively(FrameworkMethod.java:56)
	at org.junit.internal.runners.statements.InvokeMethod.evaluate(InvokeMethod.java:17)
	at org.junit.internal.runners.statements.FailOnTimeout$CallableStatement.call(FailOnTimeout.java:288)
	at org.junit.internal.runners.statements.FailOnTimeout$CallableStatement.call(FailOnTimeout.java:282)
	at java.util.concurrent.FutureTask.run(FutureTask.java:266)
	at java.lang.Thread.run(Thread.java:750)
]]></error>
  </testcase>
  <testcase name="test31" classname="io.undertow.servlet.spec.UpgradeServletInputStream_ESTest" time="0.007"/>
  <testcase name="test12" classname="io.undertow.servlet.spec.UpgradeServletInputStream_ESTest" time="0.006">
    <error message="java.nio.ByteBuffer.flip()Ljava/nio/ByteBuffer;" type="java.lang.NoSuchMethodError"><![CDATA[java.lang.NoSuchMethodError: java.nio.ByteBuffer.flip()Ljava/nio/ByteBuffer;
	at io.undertow.servlet.spec.UpgradeServletInputStream.readIntoBufferNonBlocking(UpgradeServletInputStream.java:170)
	at io.undertow.servlet.spec.UpgradeServletInputStream.available(UpgradeServletInputStream.java:210)
	at io.undertow.servlet.spec.UpgradeServletInputStream_ESTest.test12(UpgradeServletInputStream_ESTest.java:286)
	at sun.reflect.NativeMethodAccessorImpl.invoke0(Native Method)
	at sun.reflect.NativeMethodAccessorImpl.invoke(NativeMethodAccessorImpl.java:62)
	at sun.reflect.DelegatingMethodAccessorImpl.invoke(DelegatingMethodAccessorImpl.java:43)
	at java.lang.reflect.Method.invoke(Method.java:498)
	at org.junit.runners.model.FrameworkMethod$1.runReflectiveCall(FrameworkMethod.java:59)
	at org.junit.internal.runners.model.ReflectiveCallable.run(ReflectiveCallable.java:12)
	at org.junit.runners.model.FrameworkMethod.invokeExplosively(FrameworkMethod.java:56)
	at org.junit.internal.runners.statements.InvokeMethod.evaluate(InvokeMethod.java:17)
	at org.junit.internal.runners.statements.FailOnTimeout$CallableStatement.call(FailOnTimeout.java:288)
	at org.junit.internal.runners.statements.FailOnTimeout$CallableStatement.call(FailOnTimeout.java:282)
	at java.util.concurrent.FutureTask.run(FutureTask.java:266)
	at java.lang.Thread.run(Thread.java:750)
]]></error>
  </testcase>
  <testcase name="test11" classname="io.undertow.servlet.spec.UpgradeServletInputStream_ESTest" time="0.008">
    <error message="java.nio.ByteBuffer.flip()Ljava/nio/ByteBuffer;" type="java.lang.NoSuchMethodError"><![CDATA[java.lang.NoSuchMethodError: java.nio.ByteBuffer.flip()Ljava/nio/ByteBuffer;
	at io.undertow.servlet.spec.UpgradeServletInputStream.readIntoBufferNonBlocking(UpgradeServletInputStream.java:170)
	at io.undertow.servlet.spec.UpgradeServletInputStream.available(UpgradeServletInputStream.java:210)
	at io.undertow.servlet.spec.UpgradeServletInputStream_ESTest.test11(UpgradeServletInputStream_ESTest.java:267)
	at sun.reflect.NativeMethodAccessorImpl.invoke0(Native Method)
	at sun.reflect.NativeMethodAccessorImpl.invoke(NativeMethodAccessorImpl.java:62)
	at sun.reflect.DelegatingMethodAccessorImpl.invoke(DelegatingMethodAccessorImpl.java:43)
	at java.lang.reflect.Method.invoke(Method.java:498)
	at org.junit.runners.model.FrameworkMethod$1.runReflectiveCall(FrameworkMethod.java:59)
	at org.junit.internal.runners.model.ReflectiveCallable.run(ReflectiveCallable.java:12)
	at org.junit.runners.model.FrameworkMethod.invokeExplosively(FrameworkMethod.java:56)
	at org.junit.internal.runners.statements.InvokeMethod.evaluate(InvokeMethod.java:17)
	at org.junit.internal.runners.statements.FailOnTimeout$CallableStatement.call(FailOnTimeout.java:288)
	at org.junit.internal.runners.statements.FailOnTimeout$CallableStatement.call(FailOnTimeout.java:282)
	at java.util.concurrent.FutureTask.run(FutureTask.java:266)
	at java.lang.Thread.run(Thread.java:750)
]]></error>
  </testcase>
  <testcase name="test18" classname="io.undertow.servlet.spec.UpgradeServletInputStream_ESTest" time="0.006"/>
  <testcase name="test17" classname="io.undertow.servlet.spec.UpgradeServletInputStream_ESTest" time="0.014">
    <error message="java.nio.ByteBuffer.flip()Ljava/nio/ByteBuffer;" type="java.lang.NoSuchMethodError"><![CDATA[java.lang.NoSuchMethodError: java.nio.ByteBuffer.flip()Ljava/nio/ByteBuffer;
	at io.undertow.servlet.spec.UpgradeServletInputStream.readIntoBuffer(UpgradeServletInputStream.java:151)
	at io.undertow.servlet.spec.UpgradeServletInputStream.read(UpgradeServletInputStream.java:125)
	at io.undertow.servlet.spec.UpgradeServletInputStream_ESTest.test17(UpgradeServletInputStream_ESTest.java:388)
	at sun.reflect.NativeMethodAccessorImpl.invoke0(Native Method)
	at sun.reflect.NativeMethodAccessorImpl.invoke(NativeMethodAccessorImpl.java:62)
	at sun.reflect.DelegatingMethodAccessorImpl.invoke(DelegatingMethodAccessorImpl.java:43)
	at java.lang.reflect.Method.invoke(Method.java:498)
	at org.junit.runners.model.FrameworkMethod$1.runReflectiveCall(FrameworkMethod.java:59)
	at org.junit.internal.runners.model.ReflectiveCallable.run(ReflectiveCallable.java:12)
	at org.junit.runners.model.FrameworkMethod.invokeExplosively(FrameworkMethod.java:56)
	at org.junit.internal.runners.statements.InvokeMethod.evaluate(InvokeMethod.java:17)
	at org.junit.internal.runners.statements.FailOnTimeout$CallableStatement.call(FailOnTimeout.java:288)
	at org.junit.internal.runners.statements.FailOnTimeout$CallableStatement.call(FailOnTimeout.java:282)
	at java.util.concurrent.FutureTask.run(FutureTask.java:266)
	at java.lang.Thread.run(Thread.java:750)
]]></error>
  </testcase>
  <testcase name="test19" classname="io.undertow.servlet.spec.UpgradeServletInputStream_ESTest" time="0.005"/>
</testsuite>