<?xml version="1.0" encoding="UTF-8"?>
<testsuite xmlns:xsi="http://www.w3.org/2001/XMLSchema-instance" xsi:noNamespaceSchemaLocation="https://maven.apache.org/surefire/maven-surefire-plugin/xsd/surefire-test-report-3.0.xsd" version="3.0" name="io.undertow.servlet.spec.UpgradeServletInputStream_ESTest" time="1.769" tests="33" errors="17" skipped="0" failures="0">
  <properties>
    <property name="awt.toolkit" value="sun.awt.X11.XToolkit"/>
    <property name="file.encoding.pkg" value="sun.io"/>
    <property name="java.specification.version" value="1.8"/>
    <property name="sun.cpu.isalist" value=""/>
    <property name="sun.jnu.encoding" value="UTF-8"/>
    <property name="java.class.path" value="/home/wtwhite/code/regression-test-generation-NON-SOURCE-EQUIV/find-diff-classes/compile/gaoss/io/undertow/undertow-servlet/2.2.24.Final/target/test-classes:/home/wtwhite/code/regression-test-generation-NON-SOURCE-EQUIV/find-diff-classes/compile/gaoss/io/undertow/undertow-servlet/2.2.24.Final/target/classes:/home/wtwhite/code/craw-redhat-oss/wget/crawl/google-aoss/io/undertow/undertow-servlet/2.2.24.Final/undertow-servlet-2.2.24.Final.jar:/home/wtwhite/code/regression-test-generation-NON-SOURCE-EQUIV/find-diff-classes/compile/gaoss/io/undertow/undertow-servlet/2.2.24.Final/t/dependency/commons-codec-1.11.jar:/home/wtwhite/code/regression-test-generation-NON-SOURCE-EQUIV/find-diff-classes/compile/gaoss/io/undertow/undertow-servlet/2.2.24.Final/t/dependency/commons-logging-1.2.jar:/home/wtwhite/code/regression-test-generation-NON-SOURCE-EQUIV/find-diff-classes/compile/gaoss/io/undertow/undertow-servlet/2.2.24.Final/t/dependency/hamcrest-core-1.3.jar:/home/wtwhite/code/regression-test-generation-NON-SOURCE-EQUIV/find-diff-classes/compile/gaoss/io/undertow/undertow-servlet/2.2.24.Final/t/dependency/httpclient-4.5.12.jar:/home/wtwhite/code/regression-test-generation-NON-SOURCE-EQUIV/find-diff-classes/compile/gaoss/io/undertow/undertow-servlet/2.2.24.Final/t/dependency/httpcore-4.4.13.jar:/home/wtwhite/code/regression-test-generation-NON-SOURCE-EQUIV/find-diff-classes/compile/gaoss/io/undertow/undertow-servlet/2.2.24.Final/t/dependency/httpmime-4.5.12.jar:/home/wtwhite/code/regression-test-generation-NON-SOURCE-EQUIV/find-diff-classes/compile/gaoss/io/undertow/undertow-servlet/2.2.24.Final/t/dependency/jboss-annotations-api_1.3_spec-2.0.1.Final.jar:/home/wtwhite/code/regression-test-generation-NON-SOURCE-EQUIV/find-diff-classes/compile/gaoss/io/undertow/undertow-servlet/2.2.24.Final/t/dependency/jboss-logging-3.4.1.Final.jar:/home/wtwhite/code/regression-test-generation-NON-SOURCE-EQUIV/find-diff-classes/compile/gaoss/io/undertow/undertow-servlet/2.2.24.Final/t/dependency/jboss-logging-annotations-2.2.1.Final.jar:/home/wtwhite/code/regression-test-generation-NON-SOURCE-EQUIV/find-diff-classes/compile/gaoss/io/undertow/undertow-servlet/2.2.24.Final/t/dependency/jboss-logging-processor-2.2.1.Final.jar:/home/wtwhite/code/regression-test-generation-NON-SOURCE-EQUIV/find-diff-classes/compile/gaoss/io/undertow/undertow-servlet/2.2.24.Final/t/dependency/jboss-logmanager-2.1.14.Final.jar:/home/wtwhite/code/regression-test-generation-NON-SOURCE-EQUIV/find-diff-classes/compile/gaoss/io/undertow/undertow-servlet/2.2.24.Final/t/dependency/jboss-servlet-api_4.0_spec-2.0.0.Final.jar:/home/wtwhite/code/regression-test-generation-NON-SOURCE-EQUIV/find-diff-classes/compile/gaoss/io/undertow/undertow-servlet/2.2.24.Final/t/dependency/jboss-threads-3.1.0.Final.jar:/home/wtwhite/code/regression-test-generation-NON-SOURCE-EQUIV/find-diff-classes/compile/gaoss/io/undertow/undertow-servlet/2.2.24.Final/t/dependency/jdeparser-2.0.3.Final.jar:/home/wtwhite/code/regression-test-generation-NON-SOURCE-EQUIV/find-diff-classes/compile/gaoss/io/undertow/undertow-servlet/2.2.24.Final/t/dependency/junit-4.13.jar:/home/wtwhite/code/regression-test-generation-NON-SOURCE-EQUIV/find-diff-classes/compile/gaoss/io/undertow/undertow-servlet/2.2.24.Final/t/dependency/netty-all-4.1.50.Final.jar:/home/wtwhite/code/regression-test-generation-NON-SOURCE-EQUIV/find-diff-classes/compile/gaoss/io/undertow/undertow-servlet/2.2.24.Final/t/dependency/undertow-core-2.2.24.Final-tests.jar:/home/wtwhite/code/regression-test-generation-NON-SOURCE-EQUIV/find-diff-classes/compile/gaoss/io/undertow/undertow-servlet/2.2.24.Final/t/dependency/undertow-core-2.2.24.Final.jar:/home/wtwhite/code/regression-test-generation-NON-SOURCE-EQUIV/find-diff-classes/compile/gaoss/io/undertow/undertow-servlet/2.2.24.Final/t/dependency/wildfly-client-config-1.0.1.Final.jar:/home/wtwhite/code/regression-test-generation-NON-SOURCE-EQUIV/find-diff-classes/compile/gaoss/io/undertow/undertow-servlet/2.2.24.Final/t/dependency/wildfly-common-1.5.4.Final.jar:/home/wtwhite/code/regression-test-generation-NON-SOURCE-EQUIV/find-diff-classes/compile/gaoss/io/undertow/undertow-servlet/2.2.24.Final/t/dependency/wildfly-openssl-1.0.4.Final.jar:/home/wtwhite/code/regression-test-generation-NON-SOURCE-EQUIV/find-diff-classes/compile/gaoss/io/undertow/undertow-servlet/2.2.24.Final/t/dependency/xnio-api-3.8.7.Final.jar:/home/wtwhite/code/regression-test-generation-NON-SOURCE-EQUIV/find-diff-classes/compile/gaoss/io/undertow/undertow-servlet/2.2.24.Final/t/dependency/xnio-nio-3.8.7.Final.jar:/home/wtwhite/code/regression-test-generation/evosuite/evosuite-standalone-runtime-1.2.0.jar:/home/wtwhite/.m2/repository/junit/junit/4.13.2/junit-4.13.2.jar:/home/wtwhite/.m2/repository/org/hamcrest/hamcrest-core/1.3/hamcrest-core-1.3.jar:"/>
    <property name="java.vm.vendor" value="Private Build"/>
    <property name="sun.arch.data.model" value="64"/>
    <property name="java.vendor.url" value="http://java.oracle.com/"/>
    <property name="user.timezone" value=""/>
    <property name="java.vm.specification.version" value="1.8"/>
    <property name="os.name" value="Linux"/>
    <property name="RUNDIR" value="/home/wtwhite/code/regression-test-generation-NON-SOURCE-EQUIV/find-diff-classes/run-mvn"/>
    <property name="user.country" value="NZ"/>
    <property name="sun.java.launcher" value="SUN_STANDARD"/>
    <property name="sun.boot.library.path" value="/usr/lib/jvm/java-8-openjdk-amd64/jre/lib/amd64"/>
    <property name="sun.java.command" value="/home/wtwhite/code/regression-test-generation-NON-SOURCE-EQUIV/find-diff-classes/compile/gaoss/io/undertow/undertow-servlet/2.2.24.Final/target/surefire/surefirebooter-20241112133950308_3.jar /home/wtwhite/code/regression-test-generation-NON-SOURCE-EQUIV/find-diff-classes/compile/gaoss/io/undertow/undertow-servlet/2.2.24.Final/target/surefire 2024-11-12T13-39-50_190-jvmRun1 surefire-20241112133950308_1tmp surefire_0-20241112133950308_2tmp"/>
    <property name="surefire.test.class.path" value="/home/wtwhite/code/regression-test-generation-NON-SOURCE-EQUIV/find-diff-classes/compile/gaoss/io/undertow/undertow-servlet/2.2.24.Final/target/test-classes:/home/wtwhite/code/regression-test-generation-NON-SOURCE-EQUIV/find-diff-classes/compile/gaoss/io/undertow/undertow-servlet/2.2.24.Final/target/classes:/home/wtwhite/code/craw-redhat-oss/wget/crawl/google-aoss/io/undertow/undertow-servlet/2.2.24.Final/undertow-servlet-2.2.24.Final.jar:/home/wtwhite/code/regression-test-generation-NON-SOURCE-EQUIV/find-diff-classes/compile/gaoss/io/undertow/undertow-servlet/2.2.24.Final/t/dependency/commons-codec-1.11.jar:/home/wtwhite/code/regression-test-generation-NON-SOURCE-EQUIV/find-diff-classes/compile/gaoss/io/undertow/undertow-servlet/2.2.24.Final/t/dependency/commons-logging-1.2.jar:/home/wtwhite/code/regression-test-generation-NON-SOURCE-EQUIV/find-diff-classes/compile/gaoss/io/undertow/undertow-servlet/2.2.24.Final/t/dependency/hamcrest-core-1.3.jar:/home/wtwhite/code/regression-test-generation-NON-SOURCE-EQUIV/find-diff-classes/compile/gaoss/io/undertow/undertow-servlet/2.2.24.Final/t/dependency/httpclient-4.5.12.jar:/home/wtwhite/code/regression-test-generation-NON-SOURCE-EQUIV/find-diff-classes/compile/gaoss/io/undertow/undertow-servlet/2.2.24.Final/t/dependency/httpcore-4.4.13.jar:/home/wtwhite/code/regression-test-generation-NON-SOURCE-EQUIV/find-diff-classes/compile/gaoss/io/undertow/undertow-servlet/2.2.24.Final/t/dependency/httpmime-4.5.12.jar:/home/wtwhite/code/regression-test-generation-NON-SOURCE-EQUIV/find-diff-classes/compile/gaoss/io/undertow/undertow-servlet/2.2.24.Final/t/dependency/jboss-annotations-api_1.3_spec-2.0.1.Final.jar:/home/wtwhite/code/regression-test-generation-NON-SOURCE-EQUIV/find-diff-classes/compile/gaoss/io/undertow/undertow-servlet/2.2.24.Final/t/dependency/jboss-logging-3.4.1.Final.jar:/home/wtwhite/code/regression-test-generation-NON-SOURCE-EQUIV/find-diff-classes/compile/gaoss/io/undertow/undertow-servlet/2.2.24.Final/t/dependency/jboss-logging-annotations-2.2.1.Final.jar:/home/wtwhite/code/regression-test-generation-NON-SOURCE-EQUIV/find-diff-classes/compile/gaoss/io/undertow/undertow-servlet/2.2.24.Final/t/dependency/jboss-logging-processor-2.2.1.Final.jar:/home/wtwhite/code/regression-test-generation-NON-SOURCE-EQUIV/find-diff-classes/compile/gaoss/io/undertow/undertow-servlet/2.2.24.Final/t/dependency/jboss-logmanager-2.1.14.Final.jar:/home/wtwhite/code/regression-test-generation-NON-SOURCE-EQUIV/find-diff-classes/compile/gaoss/io/undertow/undertow-servlet/2.2.24.Final/t/dependency/jboss-servlet-api_4.0_spec-2.0.0.Final.jar:/home/wtwhite/code/regression-test-generation-NON-SOURCE-EQUIV/find-diff-classes/compile/gaoss/io/undertow/undertow-servlet/2.2.24.Final/t/dependency/jboss-threads-3.1.0.Final.jar:/home/wtwhite/code/regression-test-generation-NON-SOURCE-EQUIV/find-diff-classes/compile/gaoss/io/undertow/undertow-servlet/2.2.24.Final/t/dependency/jdeparser-2.0.3.Final.jar:/home/wtwhite/code/regression-test-generation-NON-SOURCE-EQUIV/find-diff-classes/compile/gaoss/io/undertow/undertow-servlet/2.2.24.Final/t/dependency/junit-4.13.jar:/home/wtwhite/code/regression-test-generation-NON-SOURCE-EQUIV/find-diff-classes/compile/gaoss/io/undertow/undertow-servlet/2.2.24.Final/t/dependency/netty-all-4.1.50.Final.jar:/home/wtwhite/code/regression-test-generation-NON-SOURCE-EQUIV/find-diff-classes/compile/gaoss/io/undertow/undertow-servlet/2.2.24.Final/t/dependency/undertow-core-2.2.24.Final-tests.jar:/home/wtwhite/code/regression-test-generation-NON-SOURCE-EQUIV/find-diff-classes/compile/gaoss/io/undertow/undertow-servlet/2.2.24.Final/t/dependency/undertow-core-2.2.24.Final.jar:/home/wtwhite/code/regression-test-generation-NON-SOURCE-EQUIV/find-diff-classes/compile/gaoss/io/undertow/undertow-servlet/2.2.24.Final/t/dependency/wildfly-client-config-1.0.1.Final.jar:/home/wtwhite/code/regression-test-generation-NON-SOURCE-EQUIV/find-diff-classes/compile/gaoss/io/undertow/undertow-servlet/2.2.24.Final/t/dependency/wildfly-common-1.5.4.Final.jar:/home/wtwhite/code/regression-test-generation-NON-SOURCE-EQUIV/find-diff-classes/compile/gaoss/io/undertow/undertow-servlet/2.2.24.Final/t/dependency/wildfly-openssl-1.0.4.Final.jar:/home/wtwhite/code/regression-test-generation-NON-SOURCE-EQUIV/find-diff-classes/compile/gaoss/io/undertow/undertow-servlet/2.2.24.Final/t/dependency/xnio-api-3.8.7.Final.jar:/home/wtwhite/code/regression-test-generation-NON-SOURCE-EQUIV/find-diff-classes/compile/gaoss/io/undertow/undertow-servlet/2.2.24.Final/t/dependency/xnio-nio-3.8.7.Final.jar:/home/wtwhite/code/regression-test-generation/evosuite/evosuite-standalone-runtime-1.2.0.jar:/home/wtwhite/.m2/repository/junit/junit/4.13.2/junit-4.13.2.jar:/home/wtwhite/.m2/repository/org/hamcrest/hamcrest-core/1.3/hamcrest-core-1.3.jar:"/>
    <property name="sun.cpu.endian" value="little"/>
    <property name="user.home" value="/home/wtwhite"/>
    <property name="user.language" value="en"/>
    <property name="java.specification.vendor" value="Oracle Corporation"/>
    <property name="java.home" value="/usr/lib/jvm/java-8-openjdk-amd64/jre"/>
    <property name="basedir" value="/home/wtwhite/code/regression-test-generation-NON-SOURCE-EQUIV/find-diff-classes/compile/gaoss/io/undertow/undertow-servlet/2.2.24.Final"/>
    <property name="file.separator" value="/"/>
    <property name="line.separator" value="&#10;"/>
    <property name="java.vm.specification.vendor" value="Oracle Corporation"/>
    <property name="java.specification.name" value="Java Platform API Specification"/>
    <property name="java.awt.graphicsenv" value="sun.awt.X11GraphicsEnvironment"/>
    <property name="surefire.real.class.path" value="/home/wtwhite/code/regression-test-generation-NON-SOURCE-EQUIV/find-diff-classes/compile/gaoss/io/undertow/undertow-servlet/2.2.24.Final/target/surefire/surefirebooter-20241112133950308_3.jar"/>
    <property name="sun.boot.class.path" value="/usr/lib/jvm/java-8-openjdk-amd64/jre/lib/resources.jar:/usr/lib/jvm/java-8-openjdk-amd64/jre/lib/rt.jar:/usr/lib/jvm/java-8-openjdk-amd64/jre/lib/sunrsasign.jar:/usr/lib/jvm/java-8-openjdk-amd64/jre/lib/jsse.jar:/usr/lib/jvm/java-8-openjdk-amd64/jre/lib/jce.jar:/usr/lib/jvm/java-8-openjdk-amd64/jre/lib/charsets.jar:/usr/lib/jvm/java-8-openjdk-amd64/jre/lib/jfr.jar:/usr/lib/jvm/java-8-openjdk-amd64/jre/classes"/>
    <property name="sun.management.compiler" value="HotSpot 64-Bit Tiered Compilers"/>
    <property name="java.runtime.version" value="1.8.0_382-8u382-ga-1~22.04.1-b05"/>
    <property name="user.name" value="wtwhite"/>
    <property name="path.separator" value=":"/>
    <property name="os.version" value="5.15.0-87-generic"/>
    <property name="java.endorsed.dirs" value="/usr/lib/jvm/java-8-openjdk-amd64/jre/lib/endorsed"/>
    <property name="java.runtime.name" value="OpenJDK Runtime Environment"/>
    <property name="file.encoding" value="UTF-8"/>
    <property name="java.vm.name" value="OpenJDK 64-Bit Server VM"/>
    <property name="localRepository" value="/home/wtwhite/.m2/repository"/>
    <property name="java.vendor.url.bug" value="http://bugreport.sun.com/bugreport/"/>
    <property name="java.io.tmpdir" value="/tmp"/>
    <property name="java.version" value="1.8.0_382"/>
    <property name="user.dir" value="/home/wtwhite/code/regression-test-generation-NON-SOURCE-EQUIV/find-diff-classes/compile/gaoss/io/undertow/undertow-servlet/2.2.24.Final"/>
    <property name="os.arch" value="amd64"/>
    <property name="java.vm.specification.name" value="Java Virtual Machine Specification"/>
    <property name="java.awt.printerjob" value="sun.print.PSPrinterJob"/>
    <property name="sun.os.patch.level" value="unknown"/>
    <property name="java.library.path" value="/usr/java/packages/lib/amd64:/usr/lib/x86_64-linux-gnu/jni:/lib/x86_64-linux-gnu:/usr/lib/x86_64-linux-gnu:/usr/lib/jni:/lib:/usr/lib"/>
    <property name="java.vm.info" value="mixed mode"/>
    <property name="java.vendor" value="Private Build"/>
    <property name="java.vm.version" value="25.382-b05"/>
    <property name="java.specification.maintenance.version" value="5"/>
    <property name="java.ext.dirs" value="/usr/lib/jvm/java-8-openjdk-amd64/jre/lib/ext:/usr/java/packages/lib/ext"/>
    <property name="sun.io.unicode.encoding" value="UnicodeLittle"/>
    <property name="java.class.version" value="52.0"/>
  </properties>
  <testcase name="test03" classname="io.undertow.servlet.spec.UpgradeServletInputStream_ESTest" time="0.318">
    <error message="java.nio.ByteBuffer.flip()Ljava/nio/ByteBuffer;" type="java.lang.NoSuchMethodError"><![CDATA[java.lang.NoSuchMethodError: java.nio.ByteBuffer.flip()Ljava/nio/ByteBuffer;
	at io.undertow.servlet.spec.UpgradeServletInputStream.readIntoBufferNonBlocking(UpgradeServletInputStream.java:170)
	at io.undertow.servlet.spec.UpgradeServletInputStream.available(UpgradeServletInputStream.java:210)
	at io.undertow.servlet.spec.UpgradeServletInputStream_ESTest.test03(UpgradeServletInputStream_ESTest.java:115)
	at sun.reflect.NativeMethodAccessorImpl.invoke0(Native Method)
	at sun.reflect.NativeMethodAccessorImpl.invoke(NativeMethodAccessorImpl.java:62)
	at sun.reflect.DelegatingMethodAccessorImpl.invoke(DelegatingMethodAccessorImpl.java:43)
	at java.lang.reflect.Method.invoke(Method.java:498)
	at org.junit.runners.model.FrameworkMethod$1.runReflectiveCall(FrameworkMethod.java:59)
	at org.junit.internal.runners.model.ReflectiveCallable.run(ReflectiveCallable.java:12)
	at org.junit.runners.model.FrameworkMethod.invokeExplosively(FrameworkMethod.java:56)
	at org.junit.internal.runners.statements.InvokeMethod.evaluate(InvokeMethod.java:17)
	at org.junit.internal.runners.statements.FailOnTimeout$CallableStatement.call(FailOnTimeout.java:288)
	at org.junit.internal.runners.statements.FailOnTimeout$CallableStatement.call(FailOnTimeout.java:282)
	at java.util.concurrent.FutureTask.run(FutureTask.java:266)
	at java.lang.Thread.run(Thread.java:750)
]]></error>
    <system-err><![CDATA[SLF4J: Failed to load class "org.slf4j.impl.StaticLoggerBinder".
SLF4J: Defaulting to no-operation (NOP) logger implementation
SLF4J: See http://www.slf4j.org/codes.html#StaticLoggerBinder for further details.
]]></system-err>
  </testcase>
  <testcase name="test25" classname="io.undertow.servlet.spec.UpgradeServletInputStream_ESTest" time="0.043">
    <error message="java.nio.ByteBuffer.flip()Ljava/nio/ByteBuffer;" type="java.lang.NoSuchMethodError"><![CDATA[java.lang.NoSuchMethodError: java.nio.ByteBuffer.flip()Ljava/nio/ByteBuffer;
	at io.undertow.servlet.spec.UpgradeServletInputStream.readIntoBuffer(UpgradeServletInputStream.java:151)
	at io.undertow.servlet.spec.UpgradeServletInputStream.read(UpgradeServletInputStream.java:125)
	at io.undertow.servlet.spec.UpgradeServletInputStream.read(UpgradeServletInputStream.java:112)
	at io.undertow.servlet.spec.UpgradeServletInputStream.read(UpgradeServletInputStream.java:103)
	at io.undertow.servlet.spec.UpgradeServletInputStream_ESTest.test25(UpgradeServletInputStream_ESTest.java:514)
	at sun.reflect.NativeMethodAccessorImpl.invoke0(Native Method)
	at sun.reflect.NativeMethodAccessorImpl.invoke(NativeMethodAccessorImpl.java:62)
	at sun.reflect.DelegatingMethodAccessorImpl.invoke(DelegatingMethodAccessorImpl.java:43)
	at java.lang.reflect.Method.invoke(Method.java:498)
	at org.junit.runners.model.FrameworkMethod$1.runReflectiveCall(FrameworkMethod.java:59)
	at org.junit.internal.runners.model.ReflectiveCallable.run(ReflectiveCallable.java:12)
	at org.junit.runners.model.FrameworkMethod.invokeExplosively(FrameworkMethod.java:56)
	at org.junit.internal.runners.statements.InvokeMethod.evaluate(InvokeMethod.java:17)
	at org.junit.internal.runners.statements.FailOnTimeout$CallableStatement.call(FailOnTimeout.java:288)
	at org.junit.internal.runners.statements.FailOnTimeout$CallableStatement.call(FailOnTimeout.java:282)
	at java.util.concurrent.FutureTask.run(FutureTask.java:266)
	at java.lang.Thread.run(Thread.java:750)
]]></error>
  </testcase>
  <testcase name="test02" classname="io.undertow.servlet.spec.UpgradeServletInputStream_ESTest" time="0.005">
    <error message="java.nio.ByteBuffer.flip()Ljava/nio/ByteBuffer;" type="java.lang.NoSuchMethodError"><![CDATA[java.lang.NoSuchMethodError: java.nio.ByteBuffer.flip()Ljava/nio/ByteBuffer;
	at io.undertow.servlet.spec.UpgradeServletInputStream.readIntoBufferNonBlocking(UpgradeServletInputStream.java:170)
	at io.undertow.servlet.spec.UpgradeServletInputStream.available(UpgradeServletInputStream.java:210)
	at io.undertow.servlet.spec.UpgradeServletInputStream_ESTest.test02(UpgradeServletInputStream_ESTest.java:89)
	at sun.reflect.NativeMethodAccessorImpl.invoke0(Native Method)
	at sun.reflect.NativeMethodAccessorImpl.invoke(NativeMethodAccessorImpl.java:62)
	at sun.reflect.DelegatingMethodAccessorImpl.invoke(DelegatingMethodAccessorImpl.java:43)
	at java.lang.reflect.Method.invoke(Method.java:498)
	at org.junit.runners.model.FrameworkMethod$1.runReflectiveCall(FrameworkMethod.java:59)
	at org.junit.internal.runners.model.ReflectiveCallable.run(ReflectiveCallable.java:12)
	at org.junit.runners.model.FrameworkMethod.invokeExplosively(FrameworkMethod.java:56)
	at org.junit.internal.runners.statements.InvokeMethod.evaluate(InvokeMethod.java:17)
	at org.junit.internal.runners.statements.FailOnTimeout$CallableStatement.call(FailOnTimeout.java:288)
	at org.junit.internal.runners.statements.FailOnTimeout$CallableStatement.call(FailOnTimeout.java:282)
	at java.util.concurrent.FutureTask.run(FutureTask.java:266)
	at java.lang.Thread.run(Thread.java:750)
]]></error>
  </testcase>
  <testcase name="test24" classname="io.undertow.servlet.spec.UpgradeServletInputStream_ESTest" time="0.012">
    <error message="java.nio.ByteBuffer.flip()Ljava/nio/ByteBuffer;" type="java.lang.NoSuchMethodError"><![CDATA[java.lang.NoSuchMethodError: java.nio.ByteBuffer.flip()Ljava/nio/ByteBuffer;
	at io.undertow.servlet.spec.UpgradeServletInputStream.readIntoBuffer(UpgradeServletInputStream.java:151)
	at io.undertow.servlet.spec.UpgradeServletInputStream.read(UpgradeServletInputStream.java:125)
	at io.undertow.servlet.spec.UpgradeServletInputStream.read(UpgradeServletInputStream.java:112)
	at io.undertow.servlet.spec.UpgradeServletInputStream.read(UpgradeServletInputStream.java:103)
	at io.undertow.servlet.spec.UpgradeServletInputStream_ESTest.test24(UpgradeServletInputStream_ESTest.java:504)
	at sun.reflect.NativeMethodAccessorImpl.invoke0(Native Method)
	at sun.reflect.NativeMethodAccessorImpl.invoke(NativeMethodAccessorImpl.java:62)
	at sun.reflect.DelegatingMethodAccessorImpl.invoke(DelegatingMethodAccessorImpl.java:43)
	at java.lang.reflect.Method.invoke(Method.java:498)
	at org.junit.runners.model.FrameworkMethod$1.runReflectiveCall(FrameworkMethod.java:59)
	at org.junit.internal.runners.model.ReflectiveCallable.run(ReflectiveCallable.java:12)
	at org.junit.runners.model.FrameworkMethod.invokeExplosively(FrameworkMethod.java:56)
	at org.junit.internal.runners.statements.InvokeMethod.evaluate(InvokeMethod.java:17)
	at org.junit.internal.runners.statements.FailOnTimeout$CallableStatement.call(FailOnTimeout.java:288)
	at org.junit.internal.runners.statements.FailOnTimeout$CallableStatement.call(FailOnTimeout.java:282)
	at java.util.concurrent.FutureTask.run(FutureTask.java:266)
	at java.lang.Thread.run(Thread.java:750)
]]></error>
  </testcase>
  <testcase name="test05" classname="io.undertow.servlet.spec.UpgradeServletInputStream_ESTest" time="0.016"/>
  <testcase name="test27" classname="io.undertow.servlet.spec.UpgradeServletInputStream_ESTest" time="0.018"/>
  <testcase name="test04" classname="io.undertow.servlet.spec.UpgradeServletInputStream_ESTest" time="0.011">
    <error message="java.nio.ByteBuffer.flip()Ljava/nio/ByteBuffer;" type="java.lang.NoSuchMethodError"><![CDATA[java.lang.NoSuchMethodError: java.nio.ByteBuffer.flip()Ljava/nio/ByteBuffer;
	at io.undertow.servlet.spec.UpgradeServletInputStream.readIntoBufferNonBlocking(UpgradeServletInputStream.java:170)
	at io.undertow.servlet.spec.UpgradeServletInputStream.available(UpgradeServletInputStream.java:210)
	at io.undertow.servlet.spec.UpgradeServletInputStream_ESTest.test04(UpgradeServletInputStream_ESTest.java:140)
	at sun.reflect.NativeMethodAccessorImpl.invoke0(Native Method)
	at sun.reflect.NativeMethodAccessorImpl.invoke(NativeMethodAccessorImpl.java:62)
	at sun.reflect.DelegatingMethodAccessorImpl.invoke(DelegatingMethodAccessorImpl.java:43)
	at java.lang.reflect.Method.invoke(Method.java:498)
	at org.junit.runners.model.FrameworkMethod$1.runReflectiveCall(FrameworkMethod.java:59)
	at org.junit.internal.runners.model.ReflectiveCallable.run(ReflectiveCallable.java:12)
	at org.junit.runners.model.FrameworkMethod.invokeExplosively(FrameworkMethod.java:56)
	at org.junit.internal.runners.statements.InvokeMethod.evaluate(InvokeMethod.java:17)
	at org.junit.internal.runners.statements.FailOnTimeout$CallableStatement.call(FailOnTimeout.java:288)
	at org.junit.internal.runners.statements.FailOnTimeout$CallableStatement.call(FailOnTimeout.java:282)
	at java.util.concurrent.FutureTask.run(FutureTask.java:266)
	at java.lang.Thread.run(Thread.java:750)
]]></error>
  </testcase>
  <testcase name="test26" classname="io.undertow.servlet.spec.UpgradeServletInputStream_ESTest" time="0.011">
    <error message="java.nio.ByteBuffer.flip()Ljava/nio/ByteBuffer;" type="java.lang.NoSuchMethodError"><![CDATA[java.lang.NoSuchMethodError: java.nio.ByteBuffer.flip()Ljava/nio/ByteBuffer;
	at io.undertow.servlet.spec.UpgradeServletInputStream.readIntoBufferNonBlocking(UpgradeServletInputStream.java:170)
	at io.undertow.servlet.spec.UpgradeServletInputStream.available(UpgradeServletInputStream.java:210)
	at io.undertow.servlet.spec.UpgradeServletInputStream_ESTest.test26(UpgradeServletInputStream_ESTest.java:537)
	at sun.reflect.NativeMethodAccessorImpl.invoke0(Native Method)
	at sun.reflect.NativeMethodAccessorImpl.invoke(NativeMethodAccessorImpl.java:62)
	at sun.reflect.DelegatingMethodAccessorImpl.invoke(DelegatingMethodAccessorImpl.java:43)
	at java.lang.reflect.Method.invoke(Method.java:498)
	at org.junit.runners.model.FrameworkMethod$1.runReflectiveCall(FrameworkMethod.java:59)
	at org.junit.internal.runners.model.ReflectiveCallable.run(ReflectiveCallable.java:12)
	at org.junit.runners.model.FrameworkMethod.invokeExplosively(FrameworkMethod.java:56)
	at org.junit.internal.runners.statements.InvokeMethod.evaluate(InvokeMethod.java:17)
	at org.junit.internal.runners.statements.FailOnTimeout$CallableStatement.call(FailOnTimeout.java:288)
	at org.junit.internal.runners.statements.FailOnTimeout$CallableStatement.call(FailOnTimeout.java:282)
	at java.util.concurrent.FutureTask.run(FutureTask.java:266)
	at java.lang.Thread.run(Thread.java:750)
]]></error>
  </testcase>
  <testcase name="test21" classname="io.undertow.servlet.spec.UpgradeServletInputStream_ESTest" time="0.007">
    <error message="java.nio.ByteBuffer.flip()Ljava/nio/ByteBuffer;" type="java.lang.NoSuchMethodError"><![CDATA[java.lang.NoSuchMethodError: java.nio.ByteBuffer.flip()Ljava/nio/ByteBuffer;
	at io.undertow.servlet.spec.UpgradeServletInputStream.readIntoBuffer(UpgradeServletInputStream.java:151)
	at io.undertow.servlet.spec.UpgradeServletInputStream.read(UpgradeServletInputStream.java:125)
	at io.undertow.servlet.spec.UpgradeServletInputStream_ESTest.test21(UpgradeServletInputStream_ESTest.java:455)
	at sun.reflect.NativeMethodAccessorImpl.invoke0(Native Method)
	at sun.reflect.NativeMethodAccessorImpl.invoke(NativeMethodAccessorImpl.java:62)
	at sun.reflect.DelegatingMethodAccessorImpl.invoke(DelegatingMethodAccessorImpl.java:43)
	at java.lang.reflect.Method.invoke(Method.java:498)
	at org.junit.runners.model.FrameworkMethod$1.runReflectiveCall(FrameworkMethod.java:59)
	at org.junit.internal.runners.model.ReflectiveCallable.run(ReflectiveCallable.java:12)
	at org.junit.runners.model.FrameworkMethod.invokeExplosively(FrameworkMethod.java:56)
	at org.junit.internal.runners.statements.InvokeMethod.evaluate(InvokeMethod.java:17)
	at org.junit.internal.runners.statements.FailOnTimeout$CallableStatement.call(FailOnTimeout.java:288)
	at org.junit.internal.runners.statements.FailOnTimeout$CallableStatement.call(FailOnTimeout.java:282)
	at java.util.concurrent.FutureTask.run(FutureTask.java:266)
	at java.lang.Thread.run(Thread.java:750)
]]></error>
  </testcase>
  <testcase name="test20" classname="io.undertow.servlet.spec.UpgradeServletInputStream_ESTest" time="0.009"/>
  <testcase name="test01" classname="io.undertow.servlet.spec.UpgradeServletInputStream_ESTest" time="0.008">
    <error message="java.nio.ByteBuffer.flip()Ljava/nio/ByteBuffer;" type="java.lang.NoSuchMethodError"><![CDATA[java.lang.NoSuchMethodError: java.nio.ByteBuffer.flip()Ljava/nio/ByteBuffer;
	at io.undertow.servlet.spec.UpgradeServletInputStream.readIntoBufferNonBlocking(UpgradeServletInputStream.java:170)
	at io.undertow.servlet.spec.UpgradeServletInputStream.available(UpgradeServletInputStream.java:210)
	at io.undertow.servlet.spec.UpgradeServletInputStream_ESTest.test01(UpgradeServletInputStream_ESTest.java:65)
	at sun.reflect.NativeMethodAccessorImpl.invoke0(Native Method)
	at sun.reflect.NativeMethodAccessorImpl.invoke(NativeMethodAccessorImpl.java:62)
	at sun.reflect.DelegatingMethodAccessorImpl.invoke(DelegatingMethodAccessorImpl.java:43)
	at java.lang.reflect.Method.invoke(Method.java:498)
	at org.junit.runners.model.FrameworkMethod$1.runReflectiveCall(FrameworkMethod.java:59)
	at org.junit.internal.runners.model.ReflectiveCallable.run(ReflectiveCallable.java:12)
	at org.junit.runners.model.FrameworkMethod.invokeExplosively(FrameworkMethod.java:56)
	at org.junit.internal.runners.statements.InvokeMethod.evaluate(InvokeMethod.java:17)
	at org.junit.internal.runners.statements.FailOnTimeout$CallableStatement.call(FailOnTimeout.java:288)
	at org.junit.internal.runners.statements.FailOnTimeout$CallableStatement.call(FailOnTimeout.java:282)
	at java.util.concurrent.FutureTask.run(FutureTask.java:266)
	at java.lang.Thread.run(Thread.java:750)
]]></error>
  </testcase>
  <testcase name="test23" classname="io.undertow.servlet.spec.UpgradeServletInputStream_ESTest" time="0.011"/>
  <testcase name="test00" classname="io.undertow.servlet.spec.UpgradeServletInputStream_ESTest" time="0.006"/>
  <testcase name="test22" classname="io.undertow.servlet.spec.UpgradeServletInputStream_ESTest" time="0.005">
    <error message="java.nio.ByteBuffer.flip()Ljava/nio/ByteBuffer;" type="java.lang.NoSuchMethodError"><![CDATA[java.lang.NoSuchMethodError: java.nio.ByteBuffer.flip()Ljava/nio/ByteBuffer;
	at io.undertow.servlet.spec.UpgradeServletInputStream.readIntoBufferNonBlocking(UpgradeServletInputStream.java:170)
	at io.undertow.servlet.spec.UpgradeServletInputStream.available(UpgradeServletInputStream.java:210)
	at io.undertow.servlet.spec.UpgradeServletInputStream_ESTest.test22(UpgradeServletInputStream_ESTest.java:473)
	at sun.reflect.NativeMethodAccessorImpl.invoke0(Native Method)
	at sun.reflect.NativeMethodAccessorImpl.invoke(NativeMethodAccessorImpl.java:62)
	at sun.reflect.DelegatingMethodAccessorImpl.invoke(DelegatingMethodAccessorImpl.java:43)
	at java.lang.reflect.Method.invoke(Method.java:498)
	at org.junit.runners.model.FrameworkMethod$1.runReflectiveCall(FrameworkMethod.java:59)
	at org.junit.internal.runners.model.ReflectiveCallable.run(ReflectiveCallable.java:12)
	at org.junit.runners.model.FrameworkMethod.invokeExplosively(FrameworkMethod.java:56)
	at org.junit.internal.runners.statements.InvokeMethod.evaluate(InvokeMethod.java:17)
	at org.junit.internal.runners.statements.FailOnTimeout$CallableStatement.call(FailOnTimeout.java:288)
	at org.junit.internal.runners.statements.FailOnTimeout$CallableStatement.call(FailOnTimeout.java:282)
	at java.util.concurrent.FutureTask.run(FutureTask.java:266)
	at java.lang.Thread.run(Thread.java:750)
]]></error>
  </testcase>
  <testcase name="test07" classname="io.undertow.servlet.spec.UpgradeServletInputStream_ESTest" time="0.009"/>
  <testcase name="test29" classname="io.undertow.servlet.spec.UpgradeServletInputStream_ESTest" time="0.024">
    <error message="java.nio.ByteBuffer.flip()Ljava/nio/ByteBuffer;" type="java.lang.NoSuchMethodError"><![CDATA[java.lang.NoSuchMethodError: java.nio.ByteBuffer.flip()Ljava/nio/ByteBuffer;
	at io.undertow.servlet.spec.UpgradeServletInputStream.readIntoBuffer(UpgradeServletInputStream.java:151)
	at io.undertow.servlet.spec.UpgradeServletInputStream.read(UpgradeServletInputStream.java:125)
	at io.undertow.servlet.spec.UpgradeServletInputStream.read(UpgradeServletInputStream.java:112)
	at io.undertow.servlet.spec.UpgradeServletInputStream.read(UpgradeServletInputStream.java:103)
	at io.undertow.servlet.spec.UpgradeServletInputStream_ESTest.test29(UpgradeServletInputStream_ESTest.java:593)
	at sun.reflect.NativeMethodAccessorImpl.invoke0(Native Method)
	at sun.reflect.NativeMethodAccessorImpl.invoke(NativeMethodAccessorImpl.java:62)
	at sun.reflect.DelegatingMethodAccessorImpl.invoke(DelegatingMethodAccessorImpl.java:43)
	at java.lang.reflect.Method.invoke(Method.java:498)
	at org.junit.runners.model.FrameworkMethod$1.runReflectiveCall(FrameworkMethod.java:59)
	at org.junit.internal.runners.model.ReflectiveCallable.run(ReflectiveCallable.java:12)
	at org.junit.runners.model.FrameworkMethod.invokeExplosively(FrameworkMethod.java:56)
	at org.junit.internal.runners.statements.InvokeMethod.evaluate(InvokeMethod.java:17)
	at org.junit.internal.runners.statements.FailOnTimeout$CallableStatement.call(FailOnTimeout.java:288)
	at org.junit.internal.runners.statements.FailOnTimeout$CallableStatement.call(FailOnTimeout.java:282)
	at java.util.concurrent.FutureTask.run(FutureTask.java:266)
	at java.lang.Thread.run(Thread.java:750)
]]></error>
  </testcase>
  <testcase name="test06" classname="io.undertow.servlet.spec.UpgradeServletInputStream_ESTest" time="0.01"/>
  <testcase name="test28" classname="io.undertow.servlet.spec.UpgradeServletInputStream_ESTest" time="0.006"/>
  <testcase name="test09" classname="io.undertow.servlet.spec.UpgradeServletInputStream_ESTest" time="0.004">
    <error message="java.nio.ByteBuffer.flip()Ljava/nio/ByteBuffer;" type="java.lang.NoSuchMethodError"><![CDATA[java.lang.NoSuchMethodError: java.nio.ByteBuffer.flip()Ljava/nio/ByteBuffer;
	at io.undertow.servlet.spec.UpgradeServletInputStream.readIntoBuffer(UpgradeServletInputStream.java:151)
	at io.undertow.servlet.spec.UpgradeServletInputStream.read(UpgradeServletInputStream.java:125)
	at io.undertow.servlet.spec.UpgradeServletInputStream_ESTest.test09(UpgradeServletInputStream_ESTest.java:230)
	at sun.reflect.NativeMethodAccessorImpl.invoke0(Native Method)
	at sun.reflect.NativeMethodAccessorImpl.invoke(NativeMethodAccessorImpl.java:62)
	at sun.reflect.DelegatingMethodAccessorImpl.invoke(DelegatingMethodAccessorImpl.java:43)
	at java.lang.reflect.Method.invoke(Method.java:498)
	at org.junit.runners.model.FrameworkMethod$1.runReflectiveCall(FrameworkMethod.java:59)
	at org.junit.internal.runners.model.ReflectiveCallable.run(ReflectiveCallable.java:12)
	at org.junit.runners.model.FrameworkMethod.invokeExplosively(FrameworkMethod.java:56)
	at org.junit.internal.runners.statements.InvokeMethod.evaluate(InvokeMethod.java:17)
	at org.junit.internal.runners.statements.FailOnTimeout$CallableStatement.call(FailOnTimeout.java:288)
	at org.junit.internal.runners.statements.FailOnTimeout$CallableStatement.call(FailOnTimeout.java:282)
	at java.util.concurrent.FutureTask.run(FutureTask.java:266)
	at java.lang.Thread.run(Thread.java:750)
]]></error>
  </testcase>
  <testcase name="test08" classname="io.undertow.servlet.spec.UpgradeServletInputStream_ESTest" time="0.006">
    <error message="java.nio.ByteBuffer.flip()Ljava/nio/ByteBuffer;" type="java.lang.NoSuchMethodError"><![CDATA[java.lang.NoSuchMethodError: java.nio.ByteBuffer.flip()Ljava/nio/ByteBuffer;
	at io.undertow.servlet.spec.UpgradeServletInputStream.readIntoBuffer(UpgradeServletInputStream.java:151)
	at io.undertow.servlet.spec.UpgradeServletInputStream.read(UpgradeServletInputStream.java:125)
	at io.undertow.servlet.spec.UpgradeServletInputStream.read(UpgradeServletInputStream.java:112)
	at io.undertow.servlet.spec.UpgradeServletInputStream.read(UpgradeServletInputStream.java:103)
	at io.undertow.servlet.spec.UpgradeServletInputStream_ESTest.test08(UpgradeServletInputStream_ESTest.java:210)
	at sun.reflect.NativeMethodAccessorImpl.invoke0(Native Method)
	at sun.reflect.NativeMethodAccessorImpl.invoke(NativeMethodAccessorImpl.java:62)
	at sun.reflect.DelegatingMethodAccessorImpl.invoke(DelegatingMethodAccessorImpl.java:43)
	at java.lang.reflect.Method.invoke(Method.java:498)
	at org.junit.runners.model.FrameworkMethod$1.runReflectiveCall(FrameworkMethod.java:59)
	at org.junit.internal.runners.model.ReflectiveCallable.run(ReflectiveCallable.java:12)
	at org.junit.runners.model.FrameworkMethod.invokeExplosively(FrameworkMethod.java:56)
	at org.junit.internal.runners.statements.InvokeMethod.evaluate(InvokeMethod.java:17)
	at org.junit.internal.runners.statements.FailOnTimeout$CallableStatement.call(FailOnTimeout.java:288)
	at org.junit.internal.runners.statements.FailOnTimeout$CallableStatement.call(FailOnTimeout.java:282)
	at java.util.concurrent.FutureTask.run(FutureTask.java:266)
	at java.lang.Thread.run(Thread.java:750)
]]></error>
  </testcase>
  <testcase name="test30" classname="io.undertow.servlet.spec.UpgradeServletInputStream_ESTest" time="0.006"/>
  <testcase name="test14" classname="io.undertow.servlet.spec.UpgradeServletInputStream_ESTest" time="0.005"/>
  <testcase name="test13" classname="io.undertow.servlet.spec.UpgradeServletInputStream_ESTest" time="0.008"/>
  <testcase name="test16" classname="io.undertow.servlet.spec.UpgradeServletInputStream_ESTest" time="0.007">
    <error message="java.nio.ByteBuffer.flip()Ljava/nio/ByteBuffer;" type="java.lang.NoSuchMethodError"><![CDATA[java.lang.NoSuchMethodError: java.nio.ByteBuffer.flip()Ljava/nio/ByteBuffer;
	at io.undertow.servlet.spec.UpgradeServletInputStream.readIntoBuffer(UpgradeServletInputStream.java:151)
	at io.undertow.servlet.spec.UpgradeServletInputStream.read(UpgradeServletInputStream.java:125)
	at io.undertow.servlet.spec.UpgradeServletInputStream_ESTest.test16(UpgradeServletInputStream_ESTest.java:364)
	at sun.reflect.NativeMethodAccessorImpl.invoke0(Native Method)
	at sun.reflect.NativeMethodAccessorImpl.invoke(NativeMethodAccessorImpl.java:62)
	at sun.reflect.DelegatingMethodAccessorImpl.invoke(DelegatingMethodAccessorImpl.java:43)
	at java.lang.reflect.Method.invoke(Method.java:498)
	at org.junit.runners.model.FrameworkMethod$1.runReflectiveCall(FrameworkMethod.java:59)
	at org.junit.internal.runners.model.ReflectiveCallable.run(ReflectiveCallable.java:12)
	at org.junit.runners.model.FrameworkMethod.invokeExplosively(FrameworkMethod.java:56)
	at org.junit.internal.runners.statements.InvokeMethod.evaluate(InvokeMethod.java:17)
	at org.junit.internal.runners.statements.FailOnTimeout$CallableStatement.call(FailOnTimeout.java:288)
	at org.junit.internal.runners.statements.FailOnTimeout$CallableStatement.call(FailOnTimeout.java:282)
	at java.util.concurrent.FutureTask.run(FutureTask.java:266)
	at java.lang.Thread.run(Thread.java:750)
]]></error>
  </testcase>
  <testcase name="test15" classname="io.undertow.servlet.spec.UpgradeServletInputStream_ESTest" time="0.019">
    <system-err><![CDATA[io.undertow.server.DefaultByteBufferPool$LeakDetector.<init>(DefaultByteBufferPool.java:314)
<evosuite>.<evosuite>(<evosuite>)
<evosuite>.<evosuite>(<evosuite>)
io.undertow.server.DefaultByteBufferPool$LeakDetector.<init>(DefaultByteBufferPool.java:314)
<evosuite>.<evosuite>(<evosuite>)
<evosuite>.<evosuite>(<evosuite>)
io.undertow.server.DefaultByteBufferPool$LeakDetector.<init>(DefaultByteBufferPool.java:314)
<evosuite>.<evosuite>(<evosuite>)
<evosuite>.<evosuite>(<evosuite>)
io.undertow.server.DefaultByteBufferPool$LeakDetector.<init>(DefaultByteBufferPool.java:314)
<evosuite>.<evosuite>(<evosuite>)
<evosuite>.<evosuite>(<evosuite>)
io.undertow.server.DefaultByteBufferPool$LeakDetector.<init>(DefaultByteBufferPool.java:314)
<evosuite>.<evosuite>(<evosuite>)
<evosuite>.<evosuite>(<evosuite>)
]]></system-err>
  </testcase>
  <testcase name="test10" classname="io.undertow.servlet.spec.UpgradeServletInputStream_ESTest" time="0.001"/>
  <testcase name="test32" classname="io.undertow.servlet.spec.UpgradeServletInputStream_ESTest" time="0.006">
    <error message="java.nio.ByteBuffer.flip()Ljava/nio/ByteBuffer;" type="java.lang.NoSuchMethodError"><![CDATA[java.lang.NoSuchMethodError: java.nio.ByteBuffer.flip()Ljava/nio/ByteBuffer;
	at io.undertow.servlet.spec.UpgradeServletInputStream.readIntoBufferNonBlocking(UpgradeServletInputStream.java:170)
	at io.undertow.servlet.spec.UpgradeServletInputStream.available(UpgradeServletInputStream.java:210)
	at io.undertow.servlet.spec.UpgradeServletInputStream_ESTest.test32(UpgradeServletInputStream_ESTest.java:644)
	at sun.reflect.NativeMethodAccessorImpl.invoke0(Native Method)
	at sun.reflect.NativeMethodAccessorImpl.invoke(NativeMethodAccessorImpl.java:62)
	at sun.reflect.DelegatingMethodAccessorImpl.invoke(DelegatingMethodAccessorImpl.java:43)
	at java.lang.reflect.Method.invoke(Method.java:498)
	at org.junit.runners.model.FrameworkMethod$1.runReflectiveCall(FrameworkMethod.java:59)
	at org.junit.internal.runners.model.ReflectiveCallable.run(ReflectiveCallable.java:12)
	at org.junit.runners.model.FrameworkMethod.invokeExplosively(FrameworkMethod.java:56)
	at org.junit.internal.runners.statements.InvokeMethod.evaluate(InvokeMethod.java:17)
	at org.junit.internal.runners.statements.FailOnTimeout$CallableStatement.call(FailOnTimeout.java:288)
	at org.junit.internal.runners.statements.FailOnTimeout$CallableStatement.call(FailOnTimeout.java:282)
	at java.util.concurrent.FutureTask.run(FutureTask.java:266)
	at java.lang.Thread.run(Thread.java:750)
]]></error>
  </testcase>
  <testcase name="test31" classname="io.undertow.servlet.spec.UpgradeServletInputStream_ESTest" time="0.007"/>
  <testcase name="test12" classname="io.undertow.servlet.spec.UpgradeServletInputStream_ESTest" time="0.006">
    <error message="java.nio.ByteBuffer.flip()Ljava/nio/ByteBuffer;" type="java.lang.NoSuchMethodError"><![CDATA[java.lang.NoSuchMethodError: java.nio.ByteBuffer.flip()Ljava/nio/ByteBuffer;
	at io.undertow.servlet.spec.UpgradeServletInputStream.readIntoBufferNonBlocking(UpgradeServletInputStream.java:170)
	at io.undertow.servlet.spec.UpgradeServletInputStream.available(UpgradeServletInputStream.java:210)
	at io.undertow.servlet.spec.UpgradeServletInputStream_ESTest.test12(UpgradeServletInputStream_ESTest.java:286)
	at sun.reflect.NativeMethodAccessorImpl.invoke0(Native Method)
	at sun.reflect.NativeMethodAccessorImpl.invoke(NativeMethodAccessorImpl.java:62)
	at sun.reflect.DelegatingMethodAccessorImpl.invoke(DelegatingMethodAccessorImpl.java:43)
	at java.lang.reflect.Method.invoke(Method.java:498)
	at org.junit.runners.model.FrameworkMethod$1.runReflectiveCall(FrameworkMethod.java:59)
	at org.junit.internal.runners.model.ReflectiveCallable.run(ReflectiveCallable.java:12)
	at org.junit.runners.model.FrameworkMethod.invokeExplosively(FrameworkMethod.java:56)
	at org.junit.internal.runners.statements.InvokeMethod.evaluate(InvokeMethod.java:17)
	at org.junit.internal.runners.statements.FailOnTimeout$CallableStatement.call(FailOnTimeout.java:288)
	at org.junit.internal.runners.statements.FailOnTimeout$CallableStatement.call(FailOnTimeout.java:282)
	at java.util.concurrent.FutureTask.run(FutureTask.java:266)
	at java.lang.Thread.run(Thread.java:750)
]]></error>
  </testcase>
  <testcase name="test11" classname="io.undertow.servlet.spec.UpgradeServletInputStream_ESTest" time="0.008">
    <error message="java.nio.ByteBuffer.flip()Ljava/nio/ByteBuffer;" type="java.lang.NoSuchMethodError"><![CDATA[java.lang.NoSuchMethodError: java.nio.ByteBuffer.flip()Ljava/nio/ByteBuffer;
	at io.undertow.servlet.spec.UpgradeServletInputStream.readIntoBufferNonBlocking(UpgradeServletInputStream.java:170)
	at io.undertow.servlet.spec.UpgradeServletInputStream.available(UpgradeServletInputStream.java:210)
	at io.undertow.servlet.spec.UpgradeServletInputStream_ESTest.test11(UpgradeServletInputStream_ESTest.java:267)
	at sun.reflect.NativeMethodAccessorImpl.invoke0(Native Method)
	at sun.reflect.NativeMethodAccessorImpl.invoke(NativeMethodAccessorImpl.java:62)
	at sun.reflect.DelegatingMethodAccessorImpl.invoke(DelegatingMethodAccessorImpl.java:43)
	at java.lang.reflect.Method.invoke(Method.java:498)
	at org.junit.runners.model.FrameworkMethod$1.runReflectiveCall(FrameworkMethod.java:59)
	at org.junit.internal.runners.model.ReflectiveCallable.run(ReflectiveCallable.java:12)
	at org.junit.runners.model.FrameworkMethod.invokeExplosively(FrameworkMethod.java:56)
	at org.junit.internal.runners.statements.InvokeMethod.evaluate(InvokeMethod.java:17)
	at org.junit.internal.runners.statements.FailOnTimeout$CallableStatement.call(FailOnTimeout.java:288)
	at org.junit.internal.runners.statements.FailOnTimeout$CallableStatement.call(FailOnTimeout.java:282)
	at java.util.concurrent.FutureTask.run(FutureTask.java:266)
	at java.lang.Thread.run(Thread.java:750)
]]></error>
  </testcase>
  <testcase name="test18" classname="io.undertow.servlet.spec.UpgradeServletInputStream_ESTest" time="0.006"/>
  <testcase name="test17" classname="io.undertow.servlet.spec.UpgradeServletInputStream_ESTest" time="0.014">
    <error message="java.nio.ByteBuffer.flip()Ljava/nio/ByteBuffer;" type="java.lang.NoSuchMethodError"><![CDATA[java.lang.NoSuchMethodError: java.nio.ByteBuffer.flip()Ljava/nio/ByteBuffer;
	at io.undertow.servlet.spec.UpgradeServletInputStream.readIntoBuffer(UpgradeServletInputStream.java:151)
	at io.undertow.servlet.spec.UpgradeServletInputStream.read(UpgradeServletInputStream.java:125)
	at io.undertow.servlet.spec.UpgradeServletInputStream_ESTest.test17(UpgradeServletInputStream_ESTest.java:388)
	at sun.reflect.NativeMethodAccessorImpl.invoke0(Native Method)
	at sun.reflect.NativeMethodAccessorImpl.invoke(NativeMethodAccessorImpl.java:62)
	at sun.reflect.DelegatingMethodAccessorImpl.invoke(DelegatingMethodAccessorImpl.java:43)
	at java.lang.reflect.Method.invoke(Method.java:498)
	at org.junit.runners.model.FrameworkMethod$1.runReflectiveCall(FrameworkMethod.java:59)
	at org.junit.internal.runners.model.ReflectiveCallable.run(ReflectiveCallable.java:12)
	at org.junit.runners.model.FrameworkMethod.invokeExplosively(FrameworkMethod.java:56)
	at org.junit.internal.runners.statements.InvokeMethod.evaluate(InvokeMethod.java:17)
	at org.junit.internal.runners.statements.FailOnTimeout$CallableStatement.call(FailOnTimeout.java:288)
	at org.junit.internal.runners.statements.FailOnTimeout$CallableStatement.call(FailOnTimeout.java:282)
	at java.util.concurrent.FutureTask.run(FutureTask.java:266)
	at java.lang.Thread.run(Thread.java:750)
]]></error>
  </testcase>
  <testcase name="test19" classname="io.undertow.servlet.spec.UpgradeServletInputStream_ESTest" time="0.005"/>
</testsuite>