JUnit version 4.13.2
.E.E....................................................................
Time: 4.365
There were 2 failures:
1) test32(org.apache.cxf.transport.http.HTTPConduit_ESTest)
java.lang.ExceptionInInitializerError
	at sun.reflect.NativeMethodAccessorImpl.invoke0(Native Method)
	at sun.reflect.NativeMethodAccessorImpl.invoke(NativeMethodAccessorImpl.java:62)
	at sun.reflect.DelegatingMethodAccessorImpl.invoke(DelegatingMethodAccessorImpl.java:43)
	at java.lang.reflect.Method.invoke(Method.java:498)
	at org.evosuite.runtime.classhandling.ClassResetter.reset(ClassResetter.java:159)
	at org.evosuite.runtime.classhandling.ClassStateSupport.resetClasses(ClassStateSupport.java:137)
	at org.apache.cxf.transport.http.HTTPConduit_ESTest_scaffolding.resetClasses(HTTPConduit_ESTest_scaffolding.java:468)
	at org.apache.cxf.transport.http.HTTPConduit_ESTest_scaffolding.doneWithTestCase(HTTPConduit_ESTest_scaffolding.java:66)
	... 36 trimmed
Caused by: org.evosuite.runtime.mock.java.lang.MockIllegalStateException: Could not detect JBoss VFS infrastructure
	at org.springframework.core.io.VfsUtils.<clinit>(VfsUtils.java)
	... 45 more
Caused by: java.lang.ClassNotFoundException: Class 'org/jboss/vfs/VFS.class' should be in target project, but could not be found!
	at org.evosuite.runtime.instrumentation.EvoClassLoader.instrumentClass(EvoClassLoader.java:122)
	at org.evosuite.runtime.instrumentation.EvoClassLoader.loadClass(EvoClassLoader.java:91)
	... 46 more
Caused by: java.lang.ClassNotFoundException: Class 'org/jboss/vfs/VFS.class' should be in target project, but could not be found!
	at org.evosuite.runtime.instrumentation.EvoClassLoader.instrumentClass(EvoClassLoader.java:108)
	... 47 more
2) test31(org.apache.cxf.transport.http.HTTPConduit_ESTest)
java.lang.IllegalStateException: Trying to set up the sandbox while executing a test case
	at org.evosuite.runtime.sandbox.MSecurityManager.goingToExecuteTestCase(MSecurityManager.java:339)
	at org.evosuite.runtime.sandbox.Sandbox.goingToExecuteSUTCode(Sandbox.java:127)
	at org.apache.cxf.transport.http.HTTPConduit_ESTest_scaffolding.initTestCase(HTTPConduit_ESTest_scaffolding.java:54)

FAILURES!!!
Tests run: 70,  Failures: 2

