JUnit version 4.13.2
....................................................................................................E.........................................................................................................................................
Time: 17.677
There was 1 failure:
1) test055(org.flywaydb.core.api.configuration.ClassicConfiguration_ESTest)
java.lang.AssertionError: Expecting exception: RuntimeException
	at org.junit.Assert.fail(Assert.java:89)
	at org.flywaydb.core.api.configuration.ClassicConfiguration_ESTest.test055(ClassicConfiguration_ESTest.java:623)

FAILURES!!!
Tests run: 237,  Failures: 1

