JUnit version 4.13.2
............................E
Time: 0.976
There was 1 failure:
1) test22(com.google.common.io.Resources_ESTest)
java.lang.AssertionError: Expecting exception: IllegalArgumentException
	at org.junit.Assert.fail(Assert.java:89)
	at com.google.common.io.Resources_ESTest.test22(Resources_ESTest.java:338)

FAILURES!!!
Tests run: 28,  Failures: 1

