JUnit version 4.13.2
......................................E..............
Time: 0.859
There was 1 failure:
1) test34(com.google.common.cache.CacheBuilderSpec_ESTest)
java.lang.AssertionError: Exception was not thrown in com.google.common.cache.CacheBuilderSpec$IntegerParser but in com.google.common.base.Preconditions.checkArgument(Preconditions.java:220): org.evosuite.runtime.mock.java.lang.MockThrowable: unknown key java.lang.String@0000000010
	at org.evosuite.runtime.EvoAssertions.assertThrownBy(EvoAssertions.java:111)
	at org.evosuite.runtime.EvoAssertions.verifyException(EvoAssertions.java:48)
	at com.google.common.cache.CacheBuilderSpec_ESTest.test34(CacheBuilderSpec_ESTest.java:497)

FAILURES!!!
Tests run: 52,  Failures: 1

