JUnit version 4.13.2
...E.................................
Time: 0.724
There was 1 failure:
1) test07(org.apache.commons.io.input.Tailer_ESTest)
java.lang.AssertionError: expected:<1729715388751> but was:<1729768497470>
	at org.junit.Assert.fail(Assert.java:89)
	at org.junit.Assert.failNotEquals(Assert.java:835)
	at org.junit.Assert.assertEquals(Assert.java:647)
	at org.junit.Assert.assertEquals(Assert.java:633)
	at org.apache.commons.io.input.Tailer_ESTest.test07(Tailer_ESTest.java:98)

FAILURES!!!
Tests run: 36,  Failures: 1

