JUnit version 4.13.2
..........E...............E.......
Time: 1.342
There were 2 failures:
1) test17(org.apache.commons.io.monitor.FileAlterationObserver_ESTest)
org.junit.ComparisonFailure: expected:<...AttributeProvider', [NameFileFilter(com.google.common.jimfs.DosAttributeProvider)], listeners=0]> but was:<...AttributeProvider', [org.apache.commons.io.filefilter.NameFileFilter@0000000001], listeners=0]>
	at org.junit.Assert.assertEquals(Assert.java:117)
	at org.junit.Assert.assertEquals(Assert.java:146)
	at org.apache.commons.io.monitor.FileAlterationObserver_ESTest.test17(FileAlterationObserver_ESTest.java:292)
2) test04(org.apache.commons.io.monitor.FileAlterationObserver_ESTest)
java.lang.AssertionError: Expecting exception: StackOverflowError
	at org.junit.Assert.fail(Assert.java:89)
	at org.apache.commons.io.monitor.FileAlterationObserver_ESTest.test04(FileAlterationObserver_ESTest.java:98)

FAILURES!!!
Tests run: 32,  Failures: 2

