JUnit version 4.13.2
.......E.E......
Time: 0.919
There were 2 failures:
1) test12(org.apache.commons.io.filefilter.NotFileFilter_ESTest)
org.junit.ComparisonFailure: expected:<NOT ([OrFileFilter()])> but was:<NOT ([org.apache.commons.io.filefilter.OrFileFilter@0000000001])>
	at org.junit.Assert.assertEquals(Assert.java:117)
	at org.junit.Assert.assertEquals(Assert.java:146)
	at org.apache.commons.io.filefilter.NotFileFilter_ESTest.test12(NotFileFilter_ESTest.java:212)
2) test00(org.apache.commons.io.filefilter.NotFileFilter_ESTest)
java.lang.AssertionError: Expecting exception: StackOverflowError
	at org.junit.Assert.fail(Assert.java:89)
	at org.apache.commons.io.filefilter.NotFileFilter_ESTest.test00(NotFileFilter_ESTest.java:55)

FAILURES!!!
Tests run: 14,  Failures: 2

