<?xml version="1.0" encoding="UTF-8" standalone="yes"?><!DOCTYPE report PUBLIC "-//JACOCO//DTD Report 1.1//EN" "report.dtd"><report name="JaCoCo Coverage Report"><sessioninfo id="wtwhite-vuw-vm-8db538c1" start="1731533124010" dump="1731533124415"/><package name="com/google/inject/assistedinject"><class name="com/google/inject/assistedinject/FactoryProvider2$SuperMethodSupport" sourcefilename="FactoryProvider2.java"><method name="&lt;clinit&gt;" desc="()V" line="979"><counter type="INSTRUCTION" missed="3" covered="55"/><counter type="BRANCH" missed="2" covered="2"/><counter type="LINE" missed="2" covered="16"/><counter type="COMPLEXITY" missed="2" covered="1"/><counter type="METHOD" missed="0" covered="1"/></method><counter type="INSTRUCTION" missed="3" covered="55"/><counter type="BRANCH" missed="2" covered="2"/><counter type="LINE" missed="2" covered="16"/><counter type="COMPLEXITY" missed="2" covered="1"/><counter type="METHOD" missed="0" covered="1"/><counter type="CLASS" missed="0" covered="1"/></class><class name="com/google/inject/assistedinject/FactoryProvider2$1" sourcefilename="FactoryProvider2.java"><method name="&lt;init&gt;" desc="()V" line="116"><counter type="INSTRUCTION" missed="0" covered="3"/><counter type="LINE" missed="0" covered="1"/><counter type="COMPLEXITY" missed="0" covered="1"/><counter type="METHOD" missed="0" covered="1"/></method><method name="value" desc="()Ljava/lang/String;" line="119"><counter type="INSTRUCTION" missed="0" covered="2"/><counter type="LINE" missed="0" covered="1"/><counter type="COMPLEXITY" missed="0" covered="1"/><counter type="METHOD" missed="0" covered="1"/></method><method name="annotationType" desc="()Ljava/lang/Class;" line="124"><counter type="INSTRUCTION" missed="0" covered="2"/><counter type="LINE" missed="0" covered="1"/><counter type="COMPLEXITY" missed="0" covered="1"/><counter type="METHOD" missed="0" covered="1"/></method><method name="equals" desc="(Ljava/lang/Object;)Z" line="129"><counter type="INSTRUCTION" missed="1" covered="11"/><counter type="BRANCH" missed="2" covered="2"/><counter type="LINE" missed="0" covered="1"/><counter type="COMPLEXITY" missed="2" covered="1"/><counter type="METHOD" missed="0" covered="1"/></method><method name="hashCode" desc="()I" line="134"><counter type="INSTRUCTION" missed="8" covered="0"/><counter type="LINE" missed="1" covered="0"/><counter type="COMPLEXITY" missed="1" covered="0"/><counter type="METHOD" missed="1" covered="0"/></method><method name="toString" desc="()Ljava/lang/String;" line="139"><counter type="INSTRUCTION" missed="0" covered="18"/><counter type="LINE" missed="0" covered="3"/><counter type="COMPLEXITY" missed="0" covered="1"/><counter type="METHOD" missed="0" covered="1"/></method><counter type="INSTRUCTION" missed="9" covered="36"/><counter type="BRANCH" missed="2" covered="2"/><counter type="LINE" missed="1" covered="7"/><counter type="COMPLEXITY" missed="3" covered="5"/><counter type="METHOD" missed="1" covered="5"/><counter type="CLASS" missed="0" covered="1"/></class><class name="com/google/inject/assistedinject/FactoryProvider2$2" sourcefilename="FactoryProvider2.java"><method name="&lt;init&gt;" desc="(Lcom/google/inject/assistedinject/FactoryProvider2;Ljava/lang/reflect/Method;Lcom/google/inject/assistedinject/FactoryProvider2$AssistData;[Ljava/lang/Object;Lcom/google/inject/Key;)V" line="825"><counter type="INSTRUCTION" missed="15" covered="0"/><counter type="LINE" missed="1" covered="0"/><counter type="COMPLEXITY" missed="1" covered="0"/><counter type="METHOD" missed="1" covered="0"/></method><method name="configure" desc="()V" line="832"><counter type="INSTRUCTION" missed="80" covered="0"/><counter type="BRANCH" missed="8" covered="0"/><counter type="LINE" missed="16" covered="0"/><counter type="COMPLEXITY" missed="5" covered="0"/><counter type="METHOD" missed="1" covered="0"/></method><counter type="INSTRUCTION" missed="95" covered="0"/><counter type="BRANCH" missed="8" covered="0"/><counter type="LINE" missed="17" covered="0"/><counter type="COMPLEXITY" missed="6" covered="0"/><counter type="METHOD" missed="2" covered="0"/><counter type="CLASS" missed="1" covered="0"/></class><class name="com/google/inject/assistedinject/Parameter" sourcefilename="Parameter.java"><method name="&lt;init&gt;" desc="(Ljava/lang/reflect/Type;[Ljava/lang/annotation/Annotation;)V" line="45"><counter type="INSTRUCTION" missed="21" covered="0"/><counter type="LINE" missed="6" covered="0"/><counter type="COMPLEXITY" missed="1" covered="0"/><counter type="METHOD" missed="1" covered="0"/></method><method name="isProvidedByFactory" desc="()Z" line="53"><counter type="INSTRUCTION" missed="3" covered="0"/><counter type="LINE" missed="1" covered="0"/><counter type="COMPLEXITY" missed="1" covered="0"/><counter type="METHOD" missed="1" covered="0"/></method><method name="getType" desc="()Ljava/lang/reflect/Type;" line="57"><counter type="INSTRUCTION" missed="3" covered="0"/><counter type="LINE" missed="1" covered="0"/><counter type="COMPLEXITY" missed="1" covered="0"/><counter type="METHOD" missed="1" covered="0"/></method><method name="toString" desc="()Ljava/lang/String;" line="62"><counter type="INSTRUCTION" missed="27" covered="0"/><counter type="BRANCH" missed="4" covered="0"/><counter type="LINE" missed="6" covered="0"/><counter type="COMPLEXITY" missed="3" covered="0"/><counter type="METHOD" missed="1" covered="0"/></method><method name="hasAssistedAnnotation" desc="([Ljava/lang/annotation/Annotation;)Z" line="73"><counter type="INSTRUCTION" missed="25" covered="0"/><counter type="BRANCH" missed="4" covered="0"/><counter type="LINE" missed="4" covered="0"/><counter type="COMPLEXITY" missed="3" covered="0"/><counter type="METHOD" missed="1" covered="0"/></method><method name="getValue" desc="(Lcom/google/inject/Injector;)Ljava/lang/Object;" line="83"><counter type="INSTRUCTION" missed="43" covered="0"/><counter type="BRANCH" missed="8" covered="0"/><counter type="LINE" missed="9" covered="0"/><counter type="COMPLEXITY" missed="5" covered="0"/><counter type="METHOD" missed="1" covered="0"/></method><method name="isBound" desc="(Lcom/google/inject/Injector;)Z" line="98"><counter type="INSTRUCTION" missed="18" covered="0"/><counter type="BRANCH" missed="4" covered="0"/><counter type="LINE" missed="2" covered="0"/><counter type="COMPLEXITY" missed="3" covered="0"/><counter type="METHOD" missed="1" covered="0"/></method><method name="isBound" desc="(Lcom/google/inject/Injector;Lcom/google/inject/Key;)Z" line="106"><counter type="INSTRUCTION" missed="11" covered="0"/><counter type="BRANCH" missed="2" covered="0"/><counter type="LINE" missed="3" covered="0"/><counter type="COMPLEXITY" missed="2" covered="0"/><counter type="METHOD" missed="1" covered="0"/></method><method name="fixAnnotations" desc="(Lcom/google/inject/Key;)Lcom/google/inject/Key;" line="119"><counter type="INSTRUCTION" missed="12" covered="0"/><counter type="BRANCH" missed="2" covered="0"/><counter type="LINE" missed="3" covered="0"/><counter type="COMPLEXITY" missed="2" covered="0"/><counter type="METHOD" missed="1" covered="0"/></method><method name="getPrimaryBindingKey" desc="()Lcom/google/inject/Key;" line="125"><counter type="INSTRUCTION" missed="15" covered="0"/><counter type="BRANCH" missed="2" covered="0"/><counter type="LINE" missed="1" covered="0"/><counter type="COMPLEXITY" missed="2" covered="0"/><counter type="METHOD" missed="1" covered="0"/></method><method name="getProvidedType" desc="(Ljava/lang/reflect/Type;)Ljava/lang/reflect/Type;" line="129"><counter type="INSTRUCTION" missed="6" covered="0"/><counter type="LINE" missed="1" covered="0"/><counter type="COMPLEXITY" missed="1" covered="0"/><counter type="METHOD" missed="1" covered="0"/></method><method name="isProvider" desc="(Ljava/lang/reflect/Type;)Z" line="133"><counter type="INSTRUCTION" missed="12" covered="0"/><counter type="BRANCH" missed="4" covered="0"/><counter type="LINE" missed="2" covered="0"/><counter type="COMPLEXITY" missed="3" covered="0"/><counter type="METHOD" missed="1" covered="0"/></method><method name="getBindingForType" desc="(Ljava/lang/reflect/Type;)Lcom/google/inject/Key;" line="138"><counter type="INSTRUCTION" missed="11" covered="0"/><counter type="BRANCH" missed="2" covered="0"/><counter type="LINE" missed="1" covered="0"/><counter type="COMPLEXITY" missed="2" covered="0"/><counter type="METHOD" missed="1" covered="0"/></method><method name="getBindingAnnotation" desc="([Ljava/lang/annotation/Annotation;)Ljava/lang/annotation/Annotation;" line="148"><counter type="INSTRUCTION" missed="35" covered="0"/><counter type="BRANCH" missed="6" covered="0"/><counter type="LINE" missed="6" covered="0"/><counter type="COMPLEXITY" missed="4" covered="0"/><counter type="METHOD" missed="1" covered="0"/></method><counter type="INSTRUCTION" missed="242" covered="0"/><counter type="BRANCH" missed="38" covered="0"/><counter type="LINE" missed="46" covered="0"/><counter type="COMPLEXITY" missed="33" covered="0"/><counter type="METHOD" missed="14" covered="0"/><counter type="CLASS" missed="1" covered="0"/></class><class name="com/google/inject/assistedinject/AssistedInject" sourcefilename="AssistedInject.java"/><class name="com/google/inject/assistedinject/FactoryModuleBuilder" sourcefilename="FactoryModuleBuilder.java"><method name="&lt;init&gt;" desc="()V" line="213"><counter type="INSTRUCTION" missed="8" covered="0"/><counter type="LINE" missed="2" covered="0"/><counter type="COMPLEXITY" missed="1" covered="0"/><counter type="METHOD" missed="1" covered="0"/></method><method name="implement" desc="(Ljava/lang/Class;Ljava/lang/Class;)Lcom/google/inject/assistedinject/FactoryModuleBuilder;" line="220"><counter type="INSTRUCTION" missed="6" covered="0"/><counter type="LINE" missed="1" covered="0"/><counter type="COMPLEXITY" missed="1" covered="0"/><counter type="METHOD" missed="1" covered="0"/></method><method name="implement" desc="(Ljava/lang/Class;Lcom/google/inject/TypeLiteral;)Lcom/google/inject/assistedinject/FactoryModuleBuilder;" line="225"><counter type="INSTRUCTION" missed="6" covered="0"/><counter type="LINE" missed="1" covered="0"/><counter type="COMPLEXITY" missed="1" covered="0"/><counter type="METHOD" missed="1" covered="0"/></method><method name="implement" desc="(Lcom/google/inject/TypeLiteral;Ljava/lang/Class;)Lcom/google/inject/assistedinject/FactoryModuleBuilder;" line="230"><counter type="INSTRUCTION" missed="6" covered="0"/><counter type="LINE" missed="1" covered="0"/><counter type="COMPLEXITY" missed="1" covered="0"/><counter type="METHOD" missed="1" covered="0"/></method><method name="implement" desc="(Lcom/google/inject/TypeLiteral;Lcom/google/inject/TypeLiteral;)Lcom/google/inject/assistedinject/FactoryModuleBuilder;" line="236"><counter type="INSTRUCTION" missed="6" covered="0"/><counter type="LINE" missed="1" covered="0"/><counter type="COMPLEXITY" missed="1" covered="0"/><counter type="METHOD" missed="1" covered="0"/></method><method name="implement" desc="(Ljava/lang/Class;Ljava/lang/annotation/Annotation;Ljava/lang/Class;)Lcom/google/inject/assistedinject/FactoryModuleBuilder;" line="242"><counter type="INSTRUCTION" missed="7" covered="0"/><counter type="LINE" missed="1" covered="0"/><counter type="COMPLEXITY" missed="1" covered="0"/><counter type="METHOD" missed="1" covered="0"/></method><method name="implement" desc="(Ljava/lang/Class;Ljava/lang/annotation/Annotation;Lcom/google/inject/TypeLiteral;)Lcom/google/inject/assistedinject/FactoryModuleBuilder;" line="248"><counter type="INSTRUCTION" missed="7" covered="0"/><counter type="LINE" missed="1" covered="0"/><counter type="COMPLEXITY" missed="1" covered="0"/><counter type="METHOD" missed="1" covered="0"/></method><method name="implement" desc="(Lcom/google/inject/TypeLiteral;Ljava/lang/annotation/Annotation;Ljava/lang/Class;)Lcom/google/inject/assistedinject/FactoryModuleBuilder;" line="254"><counter type="INSTRUCTION" missed="7" covered="0"/><counter type="LINE" missed="1" covered="0"/><counter type="COMPLEXITY" missed="1" covered="0"/><counter type="METHOD" missed="1" covered="0"/></method><method name="implement" desc="(Lcom/google/inject/TypeLiteral;Ljava/lang/annotation/Annotation;Lcom/google/inject/TypeLiteral;)Lcom/google/inject/assistedinject/FactoryModuleBuilder;" line="260"><counter type="INSTRUCTION" missed="7" covered="0"/><counter type="LINE" missed="1" covered="0"/><counter type="COMPLEXITY" missed="1" covered="0"/><counter type="METHOD" missed="1" covered="0"/></method><method name="implement" desc="(Ljava/lang/Class;Ljava/lang/Class;Ljava/lang/Class;)Lcom/google/inject/assistedinject/FactoryModuleBuilder;" line="266"><counter type="INSTRUCTION" missed="7" covered="0"/><counter type="LINE" missed="1" covered="0"/><counter type="COMPLEXITY" missed="1" covered="0"/><counter type="METHOD" missed="1" covered="0"/></method><method name="implement" desc="(Ljava/lang/Class;Ljava/lang/Class;Lcom/google/inject/TypeLiteral;)Lcom/google/inject/assistedinject/FactoryModuleBuilder;" line="274"><counter type="INSTRUCTION" missed="7" covered="0"/><counter type="LINE" missed="1" covered="0"/><counter type="COMPLEXITY" missed="1" covered="0"/><counter type="METHOD" missed="1" covered="0"/></method><method name="implement" desc="(Lcom/google/inject/TypeLiteral;Ljava/lang/Class;Ljava/lang/Class;)Lcom/google/inject/assistedinject/FactoryModuleBuilder;" line="282"><counter type="INSTRUCTION" missed="7" covered="0"/><counter type="LINE" missed="1" covered="0"/><counter type="COMPLEXITY" missed="1" covered="0"/><counter type="METHOD" missed="1" covered="0"/></method><method name="implement" desc="(Lcom/google/inject/TypeLiteral;Ljava/lang/Class;Lcom/google/inject/TypeLiteral;)Lcom/google/inject/assistedinject/FactoryModuleBuilder;" line="290"><counter type="INSTRUCTION" missed="7" covered="0"/><counter type="LINE" missed="1" covered="0"/><counter type="COMPLEXITY" missed="1" covered="0"/><counter type="METHOD" missed="1" covered="0"/></method><method name="implement" desc="(Lcom/google/inject/Key;Ljava/lang/Class;)Lcom/google/inject/assistedinject/FactoryModuleBuilder;" line="295"><counter type="INSTRUCTION" missed="6" covered="0"/><counter type="LINE" missed="1" covered="0"/><counter type="COMPLEXITY" missed="1" covered="0"/><counter type="METHOD" missed="1" covered="0"/></method><method name="implement" desc="(Lcom/google/inject/Key;Lcom/google/inject/TypeLiteral;)Lcom/google/inject/assistedinject/FactoryModuleBuilder;" line="300"><counter type="INSTRUCTION" missed="8" covered="0"/><counter type="LINE" missed="2" covered="0"/><counter type="COMPLEXITY" missed="1" covered="0"/><counter type="METHOD" missed="1" covered="0"/></method><method name="withLookups" desc="(Ljava/lang/invoke/MethodHandles$Lookup;)Lcom/google/inject/assistedinject/FactoryModuleBuilder;" line="318"><counter type="INSTRUCTION" missed="5" covered="0"/><counter type="LINE" missed="2" covered="0"/><counter type="COMPLEXITY" missed="1" covered="0"/><counter type="METHOD" missed="1" covered="0"/></method><method name="build" desc="(Ljava/lang/Class;)Lcom/google/inject/Module;" line="324"><counter type="INSTRUCTION" missed="5" covered="0"/><counter type="LINE" missed="1" covered="0"/><counter type="COMPLEXITY" missed="1" covered="0"/><counter type="METHOD" missed="1" covered="0"/></method><method name="build" desc="(Lcom/google/inject/TypeLiteral;)Lcom/google/inject/Module;" line="329"><counter type="INSTRUCTION" missed="5" covered="0"/><counter type="LINE" missed="1" covered="0"/><counter type="COMPLEXITY" missed="1" covered="0"/><counter type="METHOD" missed="1" covered="0"/></method><method name="build" desc="(Lcom/google/inject/Key;)Lcom/google/inject/Module;" line="333"><counter type="INSTRUCTION" missed="6" covered="0"/><counter type="LINE" missed="1" covered="0"/><counter type="COMPLEXITY" missed="1" covered="0"/><counter type="METHOD" missed="1" covered="0"/></method><counter type="INSTRUCTION" missed="123" covered="0"/><counter type="LINE" missed="22" covered="0"/><counter type="COMPLEXITY" missed="19" covered="0"/><counter type="METHOD" missed="19" covered="0"/><counter type="CLASS" missed="1" covered="0"/></class><class name="com/google/inject/assistedinject/FactoryProvider2$PrivateLookup" sourcefilename="FactoryProvider2.java"><method name="&lt;init&gt;" desc="()V" line="1055"><counter type="INSTRUCTION" missed="0" covered="3"/><counter type="LINE" missed="0" covered="1"/><counter type="COMPLEXITY" missed="0" covered="1"/><counter type="METHOD" missed="0" covered="1"/></method><method name="findPrivateLookupCxtor" desc="()Ljava/lang/reflect/Constructor;" line="1067"><counter type="INSTRUCTION" missed="21" covered="19"/><counter type="LINE" missed="5" covered="4"/><counter type="COMPLEXITY" missed="0" covered="1"/><counter type="METHOD" missed="0" covered="1"/></method><method name="superMethodHandle" desc="(Ljava/lang/reflect/Method;)Ljava/lang/invoke/MethodHandle;" line="1084"><counter type="INSTRUCTION" missed="21" covered="30"/><counter type="BRANCH" missed="2" covered="2"/><counter type="LINE" missed="2" covered="5"/><counter type="COMPLEXITY" missed="2" covered="1"/><counter type="METHOD" missed="0" covered="1"/></method><method name="&lt;clinit&gt;" desc="()V" line="1060"><counter type="INSTRUCTION" missed="0" covered="3"/><counter type="LINE" missed="0" covered="2"/><counter type="COMPLEXITY" missed="0" covered="1"/><counter type="METHOD" missed="0" covered="1"/></method><counter type="INSTRUCTION" missed="42" covered="55"/><counter type="BRANCH" missed="2" covered="2"/><counter type="LINE" missed="7" covered="12"/><counter type="COMPLEXITY" missed="2" covered="4"/><counter type="METHOD" missed="0" covered="4"/><counter type="CLASS" missed="0" covered="1"/></class><class name="com/google/inject/assistedinject/Assisted" sourcefilename="Assisted.java"/><class name="com/google/inject/assistedinject/FactoryProvider2$SuperMethodLookup$2" sourcefilename="FactoryProvider2.java"><method name="&lt;init&gt;" desc="(Ljava/lang/String;I)V" line="1023"><counter type="INSTRUCTION" missed="0" covered="6"/><counter type="LINE" missed="0" covered="1"/><counter type="COMPLEXITY" missed="0" covered="1"/><counter type="METHOD" missed="0" covered="1"/></method><method name="superMethodHandle" desc="(Ljava/lang/reflect/Method;Ljava/lang/invoke/MethodHandles$Lookup;)Ljava/lang/invoke/MethodHandle;" line="1027"><counter type="INSTRUCTION" missed="2" covered="13"/><counter type="LINE" missed="0" covered="4"/><counter type="COMPLEXITY" missed="0" covered="1"/><counter type="METHOD" missed="0" covered="1"/></method><counter type="INSTRUCTION" missed="2" covered="19"/><counter type="LINE" missed="0" covered="5"/><counter type="COMPLEXITY" missed="0" covered="2"/><counter type="METHOD" missed="0" covered="2"/><counter type="CLASS" missed="0" covered="1"/></class><class name="com/google/inject/assistedinject/FactoryProvider2$SuperMethodLookup$1" sourcefilename="FactoryProvider2.java"><method name="&lt;init&gt;" desc="(Ljava/lang/String;I)V" line="1016"><counter type="INSTRUCTION" missed="0" covered="6"/><counter type="LINE" missed="0" covered="1"/><counter type="COMPLEXITY" missed="0" covered="1"/><counter type="METHOD" missed="0" covered="1"/></method><method name="superMethodHandle" desc="(Ljava/lang/reflect/Method;Ljava/lang/invoke/MethodHandles$Lookup;)Ljava/lang/invoke/MethodHandle;" line="1020"><counter type="INSTRUCTION" missed="6" covered="0"/><counter type="LINE" missed="1" covered="0"/><counter type="COMPLEXITY" missed="1" covered="0"/><counter type="METHOD" missed="1" covered="0"/></method><counter type="INSTRUCTION" missed="6" covered="6"/><counter type="LINE" missed="1" covered="1"/><counter type="COMPLEXITY" missed="1" covered="1"/><counter type="METHOD" missed="1" covered="1"/><counter type="CLASS" missed="0" covered="1"/></class><class name="com/google/inject/assistedinject/FactoryModuleBuilder$1" sourcefilename="FactoryModuleBuilder.java"><method name="&lt;init&gt;" desc="(Lcom/google/inject/assistedinject/FactoryModuleBuilder;Lcom/google/inject/Key;)V" line="333"><counter type="INSTRUCTION" missed="9" covered="0"/><counter type="LINE" missed="1" covered="0"/><counter type="COMPLEXITY" missed="1" covered="0"/><counter type="METHOD" missed="1" covered="0"/></method><method name="configure" desc="()V" line="336"><counter type="INSTRUCTION" missed="29" covered="0"/><counter type="LINE" missed="3" covered="0"/><counter type="COMPLEXITY" missed="1" covered="0"/><counter type="METHOD" missed="1" covered="0"/></method><counter type="INSTRUCTION" missed="38" covered="0"/><counter type="LINE" missed="4" covered="0"/><counter type="COMPLEXITY" missed="2" covered="0"/><counter type="METHOD" missed="2" covered="0"/><counter type="CLASS" missed="1" covered="0"/></class><class name="com/google/inject/assistedinject/FactoryProvider2$SuperMethodLookup" sourcefilename="FactoryProvider2.java"><method name="&lt;clinit&gt;" desc="()V" line="1015"><counter type="INSTRUCTION" missed="0" covered="21"/><counter type="LINE" missed="0" covered="4"/><counter type="COMPLEXITY" missed="0" covered="1"/><counter type="METHOD" missed="0" covered="1"/></method><counter type="INSTRUCTION" missed="0" covered="21"/><counter type="LINE" missed="0" covered="4"/><counter type="COMPLEXITY" missed="0" covered="1"/><counter type="METHOD" missed="0" covered="1"/><counter type="CLASS" missed="0" covered="1"/></class><class name="com/google/inject/assistedinject/FactoryProvider2$SuperMethodLookup$3" sourcefilename="FactoryProvider2.java"><method name="&lt;init&gt;" desc="(Ljava/lang/String;I)V" line="1037"><counter type="INSTRUCTION" missed="0" covered="6"/><counter type="LINE" missed="0" covered="1"/><counter type="COMPLEXITY" missed="0" covered="1"/><counter type="METHOD" missed="0" covered="1"/></method><method name="superMethodHandle" desc="(Ljava/lang/reflect/Method;Ljava/lang/invoke/MethodHandles$Lookup;)Ljava/lang/invoke/MethodHandle;" line="1044"><counter type="INSTRUCTION" missed="0" covered="3"/><counter type="LINE" missed="0" covered="1"/><counter type="COMPLEXITY" missed="0" covered="1"/><counter type="METHOD" missed="0" covered="1"/></method><counter type="INSTRUCTION" missed="0" covered="9"/><counter type="LINE" missed="0" covered="2"/><counter type="COMPLEXITY" missed="0" covered="2"/><counter type="METHOD" missed="0" covered="2"/><counter type="CLASS" missed="0" covered="1"/></class><class name="com/google/inject/assistedinject/AssistedMethod" sourcefilename="AssistedMethod.java"/><class name="com/google/inject/assistedinject/FactoryProvider" sourcefilename="FactoryProvider.java"><method name="newFactory" desc="(Ljava/lang/Class;Ljava/lang/Class;)Lcom/google/inject/Provider;" line="178"><counter type="INSTRUCTION" missed="6" covered="0"/><counter type="LINE" missed="1" covered="0"/><counter type="COMPLEXITY" missed="1" covered="0"/><counter type="METHOD" missed="1" covered="0"/></method><method name="newFactory" desc="(Lcom/google/inject/TypeLiteral;Lcom/google/inject/TypeLiteral;)Lcom/google/inject/Provider;" line="183"><counter type="INSTRUCTION" missed="78" covered="0"/><counter type="BRANCH" missed="6" covered="0"/><counter type="LINE" missed="16" covered="0"/><counter type="COMPLEXITY" missed="4" covered="0"/><counter type="METHOD" missed="1" covered="0"/></method><method name="&lt;init&gt;" desc="(Lcom/google/inject/TypeLiteral;Lcom/google/inject/TypeLiteral;Ljava/util/Map;)V" line="215"><counter type="INSTRUCTION" missed="14" covered="0"/><counter type="LINE" missed="6" covered="0"/><counter type="COMPLEXITY" missed="1" covered="0"/><counter type="METHOD" missed="1" covered="0"/></method><method name="setInjectorAndCheckUnboundParametersAreInjectable" desc="(Lcom/google/inject/Injector;)V" line="224"><counter type="INSTRUCTION" missed="50" covered="0"/><counter type="BRANCH" missed="8" covered="0"/><counter type="LINE" missed="8" covered="0"/><counter type="COMPLEXITY" missed="5" covered="0"/><counter type="METHOD" missed="1" covered="0"/></method><method name="checkDeclaredExceptionsMatch" desc="()V" line="241"><counter type="INSTRUCTION" missed="51" covered="0"/><counter type="BRANCH" missed="6" covered="0"/><counter type="LINE" missed="9" covered="0"/><counter type="COMPLEXITY" missed="4" covered="0"/><counter type="METHOD" missed="1" covered="0"/></method><method name="isConstructorExceptionCompatibleWithFactoryExeception" desc="(Ljava/lang/Class;[Ljava/lang/Class;)Z" line="256"><counter type="INSTRUCTION" missed="24" covered="0"/><counter type="BRANCH" missed="4" covered="0"/><counter type="LINE" missed="4" covered="0"/><counter type="COMPLEXITY" missed="3" covered="0"/><counter type="METHOD" missed="1" covered="0"/></method><method name="paramCanBeInjected" desc="(Lcom/google/inject/assistedinject/Parameter;Lcom/google/inject/Injector;)Z" line="265"><counter type="INSTRUCTION" missed="4" covered="0"/><counter type="LINE" missed="1" covered="0"/><counter type="COMPLEXITY" missed="1" covered="0"/><counter type="METHOD" missed="1" covered="0"/></method><method name="createMethodMapping" desc="(Lcom/google/inject/TypeLiteral;Lcom/google/inject/TypeLiteral;)Ljava/util/Map;" line="270"><counter type="INSTRUCTION" missed="258" covered="0"/><counter type="BRANCH" missed="26" covered="0"/><counter type="LINE" missed="39" covered="0"/><counter type="COMPLEXITY" missed="14" covered="0"/><counter type="METHOD" missed="1" covered="0"/></method><method name="getDependencies" desc="()Ljava/util/Set;" line="345"><counter type="INSTRUCTION" missed="39" covered="0"/><counter type="BRANCH" missed="6" covered="0"/><counter type="LINE" missed="8" covered="0"/><counter type="COMPLEXITY" missed="4" covered="0"/><counter type="METHOD" missed="1" covered="0"/></method><method name="get" desc="()Ljava/lang/Object;" line="358"><counter type="INSTRUCTION" missed="22" covered="0"/><counter type="LINE" missed="5" covered="0"/><counter type="COMPLEXITY" missed="1" covered="0"/><counter type="METHOD" missed="1" covered="0"/></method><method name="hashCode" desc="()I" line="409"><counter type="INSTRUCTION" missed="14" covered="0"/><counter type="LINE" missed="1" covered="0"/><counter type="COMPLEXITY" missed="1" covered="0"/><counter type="METHOD" missed="1" covered="0"/></method><method name="equals" desc="(Ljava/lang/Object;)Z" line="414"><counter type="INSTRUCTION" missed="24" covered="0"/><counter type="BRANCH" missed="6" covered="0"/><counter type="LINE" missed="5" covered="0"/><counter type="COMPLEXITY" missed="4" covered="0"/><counter type="METHOD" missed="1" covered="0"/></method><method name="newConfigurationException" desc="(Ljava/lang/String;[Ljava/lang/Object;)Lcom/google/inject/ConfigurationException;" line="423"><counter type="INSTRUCTION" missed="11" covered="0"/><counter type="LINE" missed="1" covered="0"/><counter type="COMPLEXITY" missed="1" covered="0"/><counter type="METHOD" missed="1" covered="0"/></method><counter type="INSTRUCTION" missed="595" covered="0"/><counter type="BRANCH" missed="62" covered="0"/><counter type="LINE" missed="104" covered="0"/><counter type="COMPLEXITY" missed="44" covered="0"/><counter type="METHOD" missed="13" covered="0"/><counter type="CLASS" missed="1" covered="0"/></class><class name="com/google/inject/assistedinject/FactoryProvider2$AssistData" sourcefilename="FactoryProvider2.java"><method name="&lt;init&gt;" desc="(Ljava/lang/reflect/Constructor;Lcom/google/inject/Key;Lcom/google/common/collect/ImmutableList;Lcom/google/inject/TypeLiteral;Ljava/lang/reflect/Method;Ljava/util/Set;ZLjava/util/List;)V" line="178"><counter type="INSTRUCTION" missed="0" covered="27"/><counter type="LINE" missed="0" covered="10"/><counter type="COMPLEXITY" missed="0" covered="1"/><counter type="METHOD" missed="0" covered="1"/></method><method name="toString" desc="()Ljava/lang/String;" line="191"><counter type="INSTRUCTION" missed="41" covered="0"/><counter type="LINE" missed="11" covered="0"/><counter type="COMPLEXITY" missed="1" covered="0"/><counter type="METHOD" missed="1" covered="0"/></method><method name="getDependencies" desc="()Ljava/util/Set;" line="206"><counter type="INSTRUCTION" missed="3" covered="0"/><counter type="LINE" missed="1" covered="0"/><counter type="COMPLEXITY" missed="1" covered="0"/><counter type="METHOD" missed="1" covered="0"/></method><method name="getFactoryMethod" desc="()Ljava/lang/reflect/Method;" line="211"><counter type="INSTRUCTION" missed="3" covered="0"/><counter type="LINE" missed="1" covered="0"/><counter type="COMPLEXITY" missed="1" covered="0"/><counter type="METHOD" missed="1" covered="0"/></method><method name="getImplementationConstructor" desc="()Ljava/lang/reflect/Constructor;" line="216"><counter type="INSTRUCTION" missed="3" covered="0"/><counter type="LINE" missed="1" covered="0"/><counter type="COMPLEXITY" missed="1" covered="0"/><counter type="METHOD" missed="1" covered="0"/></method><method name="getImplementationType" desc="()Lcom/google/inject/TypeLiteral;" line="221"><counter type="INSTRUCTION" missed="3" covered="0"/><counter type="LINE" missed="1" covered="0"/><counter type="COMPLEXITY" missed="1" covered="0"/><counter type="METHOD" missed="1" covered="0"/></method><counter type="INSTRUCTION" missed="53" covered="27"/><counter type="LINE" missed="15" covered="10"/><counter type="COMPLEXITY" missed="5" covered="1"/><counter type="METHOD" missed="5" covered="1"/><counter type="CLASS" missed="0" covered="1"/></class><class name="com/google/inject/assistedinject/FactoryProvider2$ThreadLocalProvider" sourcefilename="FactoryProvider2.java"><method name="initialValue" desc="()Ljava/lang/Object;" line="962"><counter type="INSTRUCTION" missed="5" covered="0"/><counter type="LINE" missed="1" covered="0"/><counter type="COMPLEXITY" missed="1" covered="0"/><counter type="METHOD" missed="1" covered="0"/></method><counter type="INSTRUCTION" missed="5" covered="0"/><counter type="LINE" missed="1" covered="0"/><counter type="COMPLEXITY" missed="1" covered="0"/><counter type="METHOD" missed="1" covered="0"/><counter type="CLASS" missed="1" covered="0"/></class><class name="com/google/inject/assistedinject/BindingCollector" sourcefilename="BindingCollector.java"><method name="&lt;init&gt;" desc="()V" line="32"><counter type="INSTRUCTION" missed="0" covered="6"/><counter type="LINE" missed="0" covered="2"/><counter type="COMPLEXITY" missed="0" covered="1"/><counter type="METHOD" missed="0" covered="1"/></method><method name="addBinding" desc="(Lcom/google/inject/Key;Lcom/google/inject/TypeLiteral;)Lcom/google/inject/assistedinject/BindingCollector;" line="37"><counter type="INSTRUCTION" missed="0" covered="29"/><counter type="BRANCH" missed="0" covered="2"/><counter type="LINE" missed="0" covered="5"/><counter type="COMPLEXITY" missed="0" covered="2"/><counter type="METHOD" missed="0" covered="1"/></method><method name="getBindings" desc="()Ljava/util/Map;" line="48"><counter type="INSTRUCTION" missed="0" covered="4"/><counter type="LINE" missed="0" covered="1"/><counter type="COMPLEXITY" missed="0" covered="1"/><counter type="METHOD" missed="0" covered="1"/></method><method name="hashCode" desc="()I" line="53"><counter type="INSTRUCTION" missed="4" covered="0"/><counter type="LINE" missed="1" covered="0"/><counter type="COMPLEXITY" missed="1" covered="0"/><counter type="METHOD" missed="1" covered="0"/></method><method name="equals" desc="(Ljava/lang/Object;)Z" line="58"><counter type="INSTRUCTION" missed="14" covered="0"/><counter type="BRANCH" missed="4" covered="0"/><counter type="LINE" missed="1" covered="0"/><counter type="COMPLEXITY" missed="3" covered="0"/><counter type="METHOD" missed="1" covered="0"/></method><counter type="INSTRUCTION" missed="18" covered="39"/><counter type="BRANCH" missed="4" covered="2"/><counter type="LINE" missed="2" covered="8"/><counter type="COMPLEXITY" missed="4" covered="4"/><counter type="METHOD" missed="2" covered="3"/><counter type="CLASS" missed="0" covered="1"/></class><class name="com/google/inject/assistedinject/ParameterListKey" sourcefilename="ParameterListKey.java"><method name="&lt;init&gt;" desc="(Ljava/util/List;)V" line="36"><counter type="INSTRUCTION" missed="9" covered="0"/><counter type="LINE" missed="3" covered="0"/><counter type="COMPLEXITY" missed="1" covered="0"/><counter type="METHOD" missed="1" covered="0"/></method><method name="&lt;init&gt;" desc="([Ljava/lang/reflect/Type;)V" line="41"><counter type="INSTRUCTION" missed="5" covered="0"/><counter type="LINE" missed="2" covered="0"/><counter type="COMPLEXITY" missed="1" covered="0"/><counter type="METHOD" missed="1" covered="0"/></method><method name="equals" desc="(Ljava/lang/Object;)Z" line="46"><counter type="INSTRUCTION" missed="19" covered="0"/><counter type="BRANCH" missed="4" covered="0"/><counter type="LINE" missed="6" covered="0"/><counter type="COMPLEXITY" missed="3" covered="0"/><counter type="METHOD" missed="1" covered="0"/></method><method name="hashCode" desc="()I" line="58"><counter type="INSTRUCTION" missed="4" covered="0"/><counter type="LINE" missed="1" covered="0"/><counter type="COMPLEXITY" missed="1" covered="0"/><counter type="METHOD" missed="1" covered="0"/></method><method name="toString" desc="()Ljava/lang/String;" line="63"><counter type="INSTRUCTION" missed="4" covered="0"/><counter type="LINE" missed="1" covered="0"/><counter type="COMPLEXITY" missed="1" covered="0"/><counter type="METHOD" missed="1" covered="0"/></method><counter type="INSTRUCTION" missed="41" covered="0"/><counter type="BRANCH" missed="4" covered="0"/><counter type="LINE" missed="13" covered="0"/><counter type="COMPLEXITY" missed="7" covered="0"/><counter type="METHOD" missed="5" covered="0"/><counter type="CLASS" missed="1" covered="0"/></class><class name="com/google/inject/assistedinject/AssistedInjectTargetVisitor" sourcefilename="AssistedInjectTargetVisitor.java"/><class name="com/google/inject/assistedinject/AssistedConstructor" sourcefilename="AssistedConstructor.java"><method name="create" desc="(Ljava/lang/reflect/Constructor;Ljava/util/List;)Lcom/google/inject/assistedinject/AssistedConstructor;" line="46"><counter type="INSTRUCTION" missed="6" covered="0"/><counter type="LINE" missed="1" covered="0"/><counter type="COMPLEXITY" missed="1" covered="0"/><counter type="METHOD" missed="1" covered="0"/></method><method name="&lt;init&gt;" desc="(Ljava/lang/reflect/Constructor;Ljava/util/List;)V" line="49"><counter type="INSTRUCTION" missed="55" covered="0"/><counter type="BRANCH" missed="4" covered="0"/><counter type="LINE" missed="12" covered="0"/><counter type="COMPLEXITY" missed="3" covered="0"/><counter type="METHOD" missed="1" covered="0"/></method><method name="getAssistedParameters" desc="()Lcom/google/inject/assistedinject/ParameterListKey;" line="73"><counter type="INSTRUCTION" missed="3" covered="0"/><counter type="LINE" missed="1" covered="0"/><counter type="COMPLEXITY" missed="1" covered="0"/><counter type="METHOD" missed="1" covered="0"/></method><method name="getAllParameters" desc="()Ljava/util/List;" line="81"><counter type="INSTRUCTION" missed="3" covered="0"/><counter type="LINE" missed="1" covered="0"/><counter type="COMPLEXITY" missed="1" covered="0"/><counter type="METHOD" missed="1" covered="0"/></method><method name="getDeclaredExceptions" desc="()Ljava/util/Set;" line="85"><counter type="INSTRUCTION" missed="8" covered="0"/><counter type="LINE" missed="1" covered="0"/><counter type="COMPLEXITY" missed="1" covered="0"/><counter type="METHOD" missed="1" covered="0"/></method><method name="newInstance" desc="([Ljava/lang/Object;)Ljava/lang/Object;" line="90"><counter type="INSTRUCTION" missed="13" covered="0"/><counter type="LINE" missed="4" covered="0"/><counter type="COMPLEXITY" missed="1" covered="0"/><counter type="METHOD" missed="1" covered="0"/></method><method name="toString" desc="()Ljava/lang/String;" line="100"><counter type="INSTRUCTION" missed="4" covered="0"/><counter type="LINE" missed="1" covered="0"/><counter type="COMPLEXITY" missed="1" covered="0"/><counter type="METHOD" missed="1" covered="0"/></method><counter type="INSTRUCTION" missed="92" covered="0"/><counter type="BRANCH" missed="4" covered="0"/><counter type="LINE" missed="21" covered="0"/><counter type="COMPLEXITY" missed="9" covered="0"/><counter type="METHOD" missed="7" covered="0"/><counter type="CLASS" missed="1" covered="0"/></class><class name="com/google/inject/assistedinject/FactoryProvider2" sourcefilename="FactoryProvider2.java"><method name="&lt;init&gt;" desc="(Lcom/google/inject/Key;Lcom/google/inject/assistedinject/BindingCollector;Ljava/lang/invoke/MethodHandles$Lookup;)V" line="249"><counter type="INSTRUCTION" missed="229" covered="268"/><counter type="BRANCH" missed="40" covered="16"/><counter type="LINE" missed="50" covered="68"/><counter type="COMPLEXITY" missed="25" covered="4"/><counter type="METHOD" missed="0" covered="1"/></method><method name="isDefault" desc="(Ljava/lang/reflect/Method;)Z" line="480"><counter type="INSTRUCTION" missed="2" covered="8"/><counter type="BRANCH" missed="1" covered="1"/><counter type="LINE" missed="0" covered="1"/><counter type="COMPLEXITY" missed="1" covered="1"/><counter type="METHOD" missed="0" covered="1"/></method><method name="isCompatible" desc="(Ljava/lang/reflect/Method;Ljava/lang/reflect/Method;)Z" line="485"><counter type="INSTRUCTION" missed="41" covered="0"/><counter type="BRANCH" missed="8" covered="0"/><counter type="LINE" missed="10" covered="0"/><counter type="COMPLEXITY" missed="5" covered="0"/><counter type="METHOD" missed="1" covered="0"/></method><method name="get" desc="()Ljava/lang/Object;" line="503"><counter type="INSTRUCTION" missed="3" covered="0"/><counter type="LINE" missed="1" covered="0"/><counter type="COMPLEXITY" missed="1" covered="0"/><counter type="METHOD" missed="1" covered="0"/></method><method name="getDependencies" desc="()Ljava/util/Set;" line="508"><counter type="INSTRUCTION" missed="25" covered="0"/><counter type="BRANCH" missed="2" covered="0"/><counter type="LINE" missed="5" covered="0"/><counter type="COMPLEXITY" missed="2" covered="0"/><counter type="METHOD" missed="1" covered="0"/></method><method name="getKey" desc="()Lcom/google/inject/Key;" line="517"><counter type="INSTRUCTION" missed="3" covered="0"/><counter type="LINE" missed="1" covered="0"/><counter type="COMPLEXITY" missed="1" covered="0"/><counter type="METHOD" missed="1" covered="0"/></method><method name="getAssistedMethods" desc="()Ljava/util/Collection;" line="525"><counter type="INSTRUCTION" missed="4" covered="0"/><counter type="LINE" missed="1" covered="0"/><counter type="COMPLEXITY" missed="1" covered="0"/><counter type="METHOD" missed="1" covered="0"/></method><method name="acceptExtensionVisitor" desc="(Lcom/google/inject/spi/BindingTargetVisitor;Lcom/google/inject/spi/ProviderInstanceBinding;)Ljava/lang/Object;" line="532"><counter type="INSTRUCTION" missed="12" covered="0"/><counter type="BRANCH" missed="2" covered="0"/><counter type="LINE" missed="3" covered="0"/><counter type="COMPLEXITY" missed="2" covered="0"/><counter type="METHOD" missed="1" covered="0"/></method><method name="validateFactoryReturnType" desc="(Lcom/google/inject/internal/Errors;Ljava/lang/Class;Ljava/lang/Class;)V" line="539"><counter type="INSTRUCTION" missed="14" covered="9"/><counter type="BRANCH" missed="2" covered="2"/><counter type="LINE" missed="1" covered="3"/><counter type="COMPLEXITY" missed="2" covered="1"/><counter type="METHOD" missed="0" covered="1"/></method><method name="isTypeNotSpecified" desc="(Lcom/google/inject/TypeLiteral;Lcom/google/inject/ConfigurationException;)Z" line="554"><counter type="INSTRUCTION" missed="26" covered="0"/><counter type="BRANCH" missed="2" covered="0"/><counter type="LINE" missed="6" covered="0"/><counter type="COMPLEXITY" missed="2" covered="0"/><counter type="METHOD" missed="1" covered="0"/></method><method name="findMatchingConstructorInjectionPoint" desc="(Ljava/lang/reflect/Method;Lcom/google/inject/Key;Lcom/google/inject/TypeLiteral;Ljava/util/List;)Lcom/google/inject/spi/InjectionPoint;" line="574"><counter type="INSTRUCTION" missed="81" covered="81"/><counter type="BRANCH" missed="11" covered="9"/><counter type="LINE" missed="17" covered="18"/><counter type="COMPLEXITY" missed="8" covered="3"/><counter type="METHOD" missed="0" covered="1"/></method><method name="constructorHasMatchingParams" desc="(Lcom/google/inject/TypeLiteral;Ljava/lang/reflect/Constructor;Ljava/util/List;Lcom/google/inject/internal/Errors;)Z" line="653"><counter type="INSTRUCTION" missed="71" covered="0"/><counter type="BRANCH" missed="10" covered="0"/><counter type="LINE" missed="17" covered="0"/><counter type="COMPLEXITY" missed="6" covered="0"/><counter type="METHOD" missed="1" covered="0"/></method><method name="getDependencies" desc="(Lcom/google/inject/spi/InjectionPoint;Lcom/google/inject/TypeLiteral;)Ljava/util/Set;" line="681"><counter type="INSTRUCTION" missed="10" covered="21"/><counter type="BRANCH" missed="2" covered="2"/><counter type="LINE" missed="2" covered="5"/><counter type="COMPLEXITY" missed="2" covered="1"/><counter type="METHOD" missed="0" covered="1"/></method><method name="removeAssistedDeps" desc="(Ljava/util/Set;)Ljava/util/Set;" line="693"><counter type="INSTRUCTION" missed="19" covered="11"/><counter type="BRANCH" missed="5" covered="1"/><counter type="LINE" missed="4" covered="3"/><counter type="COMPLEXITY" missed="3" covered="1"/><counter type="METHOD" missed="0" covered="1"/></method><method name="isValidForOptimizedAssistedInject" desc="(Ljava/util/Set;Ljava/lang/Class;Lcom/google/inject/TypeLiteral;)Z" line="711"><counter type="INSTRUCTION" missed="40" covered="12"/><counter type="BRANCH" missed="8" covered="2"/><counter type="LINE" missed="7" covered="4"/><counter type="COMPLEXITY" missed="5" covered="1"/><counter type="METHOD" missed="0" covered="1"/></method><method name="isInjectorOrAssistedProvider" desc="(Lcom/google/inject/spi/Dependency;)Z" line="739"><counter type="INSTRUCTION" missed="30" covered="0"/><counter type="BRANCH" missed="8" covered="0"/><counter type="LINE" missed="15" covered="0"/><counter type="COMPLEXITY" missed="5" covered="0"/><counter type="METHOD" missed="1" covered="0"/></method><method name="assistKey" desc="(Ljava/lang/reflect/Method;Lcom/google/inject/Key;Lcom/google/inject/internal/Errors;)Lcom/google/inject/Key;" line="764"><counter type="INSTRUCTION" missed="22" covered="7"/><counter type="BRANCH" missed="3" covered="1"/><counter type="LINE" missed="7" covered="2"/><counter type="COMPLEXITY" missed="2" covered="1"/><counter type="METHOD" missed="0" covered="1"/></method><method name="initialize" desc="(Lcom/google/inject/Injector;)V" line="785"><counter type="INSTRUCTION" missed="58" covered="0"/><counter type="BRANCH" missed="6" covered="0"/><counter type="LINE" missed="14" covered="0"/><counter type="COMPLEXITY" missed="4" covered="0"/><counter type="METHOD" missed="1" covered="0"/></method><method name="getBindingFromNewInjector" desc="(Ljava/lang/reflect/Method;[Ljava/lang/Object;Lcom/google/inject/assistedinject/FactoryProvider2$AssistData;)Lcom/google/inject/Binding;" line="815"><counter type="INSTRUCTION" missed="47" covered="0"/><counter type="BRANCH" missed="4" covered="0"/><counter type="LINE" missed="9" covered="0"/><counter type="COMPLEXITY" missed="3" covered="0"/><counter type="METHOD" missed="1" covered="0"/></method><method name="invoke" desc="(Ljava/lang/Object;Ljava/lang/reflect/Method;[Ljava/lang/Object;)Ljava/lang/Object;" line="879"><counter type="INSTRUCTION" missed="139" covered="0"/><counter type="BRANCH" missed="24" covered="0"/><counter type="LINE" missed="28" covered="0"/><counter type="COMPLEXITY" missed="13" covered="0"/><counter type="METHOD" missed="1" covered="0"/></method><method name="toString" desc="()Ljava/lang/String;" line="926"><counter type="INSTRUCTION" missed="8" covered="0"/><counter type="LINE" missed="1" covered="0"/><counter type="COMPLEXITY" missed="1" covered="0"/><counter type="METHOD" missed="1" covered="0"/></method><method name="hashCode" desc="()I" line="931"><counter type="INSTRUCTION" missed="14" covered="0"/><counter type="LINE" missed="1" covered="0"/><counter type="COMPLEXITY" missed="1" covered="0"/><counter type="METHOD" missed="1" covered="0"/></method><method name="equals" desc="(Ljava/lang/Object;)Z" line="936"><counter type="INSTRUCTION" missed="24" covered="0"/><counter type="BRANCH" missed="6" covered="0"/><counter type="LINE" missed="4" covered="0"/><counter type="COMPLEXITY" missed="4" covered="0"/><counter type="METHOD" missed="1" covered="0"/></method><method name="canRethrow" desc="(Ljava/lang/reflect/Method;Ljava/lang/Throwable;)Z" line="945"><counter type="INSTRUCTION" missed="25" covered="8"/><counter type="BRANCH" missed="5" covered="3"/><counter type="LINE" missed="4" covered="2"/><counter type="COMPLEXITY" missed="3" covered="2"/><counter type="METHOD" missed="0" covered="1"/></method><method name="superMethodHandle" desc="(Lcom/google/inject/assistedinject/FactoryProvider2$SuperMethodLookup;Ljava/lang/reflect/Method;Ljava/lang/Object;Ljava/lang/invoke/MethodHandles$Lookup;)Ljava/lang/invoke/MethodHandle;" line="1010"><counter type="INSTRUCTION" missed="19" covered="0"/><counter type="BRANCH" missed="4" covered="0"/><counter type="LINE" missed="3" covered="0"/><counter type="COMPLEXITY" missed="3" covered="0"/><counter type="METHOD" missed="1" covered="0"/></method><method name="lambda$new$0" desc="(Ljava/lang/Class;)Ljava/lang/String;" line="431"><counter type="INSTRUCTION" missed="12" covered="0"/><counter type="LINE" missed="2" covered="0"/><counter type="COMPLEXITY" missed="1" covered="0"/><counter type="METHOD" missed="1" covered="0"/></method><method name="&lt;clinit&gt;" desc="()V" line="95"><counter type="INSTRUCTION" missed="0" covered="15"/><counter type="LINE" missed="0" covered="5"/><counter type="COMPLEXITY" missed="0" covered="1"/><counter type="METHOD" missed="0" covered="1"/></method><counter type="INSTRUCTION" missed="978" covered="440"/><counter type="BRANCH" missed="153" covered="37"/><counter type="LINE" missed="213" covered="111"/><counter type="COMPLEXITY" missed="106" covered="16"/><counter type="METHOD" missed="17" covered="10"/><counter type="CLASS" missed="0" covered="1"/></class><class name="com/google/inject/assistedinject/FactoryProvider$1" sourcefilename="FactoryProvider.java"><method name="&lt;init&gt;" desc="(Lcom/google/inject/assistedinject/FactoryProvider;)V" line="359"><counter type="INSTRUCTION" missed="6" covered="0"/><counter type="LINE" missed="1" covered="0"/><counter type="COMPLEXITY" missed="1" covered="0"/><counter type="METHOD" missed="1" covered="0"/></method><method name="invoke" desc="(Ljava/lang/Object;Ljava/lang/reflect/Method;[Ljava/lang/Object;)Ljava/lang/Object;" line="364"><counter type="INSTRUCTION" missed="57" covered="0"/><counter type="BRANCH" missed="8" covered="0"/><counter type="LINE" missed="11" covered="0"/><counter type="COMPLEXITY" missed="5" covered="0"/><counter type="METHOD" missed="1" covered="0"/></method><method name="gatherArgsForConstructor" desc="(Lcom/google/inject/assistedinject/AssistedConstructor;[Ljava/lang/Object;)[Ljava/lang/Object;" line="383"><counter type="INSTRUCTION" missed="43" covered="0"/><counter type="BRANCH" missed="4" covered="0"/><counter type="LINE" missed="10" covered="0"/><counter type="COMPLEXITY" missed="3" covered="0"/><counter type="METHOD" missed="1" covered="0"/></method><counter type="INSTRUCTION" missed="106" covered="0"/><counter type="BRANCH" missed="12" covered="0"/><counter type="LINE" missed="22" covered="0"/><counter type="COMPLEXITY" missed="9" covered="0"/><counter type="METHOD" missed="3" covered="0"/><counter type="CLASS" missed="1" covered="0"/></class><class name="com/google/inject/assistedinject/AssistedInjectBinding" sourcefilename="AssistedInjectBinding.java"/><sourcefile name="FactoryProvider.java"><line nr="178" mi="6" ci="0" mb="0" cb="0"/><line nr="183" mi="2" ci="0" mb="0" cb="0"/><line nr="184" mi="2" ci="0" mb="0" cb="0"/><line nr="186" mi="3" ci="0" mb="2" cb="0"/><line nr="187" mi="7" ci="0" mb="0" cb="0"/><line nr="189" mi="4" ci="0" mb="0" cb="0"/><line nr="193" mi="4" ci="0" mb="0" cb="0"/><line nr="194" mi="3" ci="0" mb="0" cb="0"/><line nr="197" mi="18" ci="0" mb="2" cb="0"/><line nr="198" mi="2" ci="0" mb="0" cb="0"/><line nr="199" mi="7" ci="0" mb="0" cb="0"/><line nr="200" mi="4" ci="0" mb="2" cb="0"/><line nr="201" mi="5" ci="0" mb="0" cb="0"/><line nr="204" mi="1" ci="0" mb="0" cb="0"/><line nr="205" mi="7" ci="0" mb="0" cb="0"/><line nr="206" mi="1" ci="0" mb="0" cb="0"/><line nr="208" mi="8" ci="0" mb="0" cb="0"/><line nr="215" mi="2" ci="0" mb="0" cb="0"/><line nr="216" mi="3" ci="0" mb="0" cb="0"/><line nr="217" mi="3" ci="0" mb="0" cb="0"/><line nr="218" mi="3" ci="0" mb="0" cb="0"/><line nr="219" mi="2" ci="0" mb="0" cb="0"/><line nr="220" mi="1" ci="0" mb="0" cb="0"/><line nr="224" mi="3" ci="0" mb="0" cb="0"/><line nr="225" mi="12" ci="0" mb="2" cb="0"/><line nr="226" mi="11" ci="0" mb="2" cb="0"/><line nr="227" mi="8" ci="0" mb="4" cb="0"/><line nr="231" mi="13" ci="0" mb="0" cb="0"/><line nr="236" mi="1" ci="0" mb="0" cb="0"/><line nr="237" mi="1" ci="0" mb="0" cb="0"/><line nr="238" mi="1" ci="0" mb="0" cb="0"/><line nr="241" mi="12" ci="0" mb="2" cb="0"/><line nr="242" mi="13" ci="0" mb="2" cb="0"/><line nr="243" mi="5" ci="0" mb="2" cb="0"/><line nr="244" mi="3" ci="0" mb="0" cb="0"/><line nr="245" mi="8" ci="0" mb="0" cb="0"/><line nr="248" mi="7" ci="0" mb="0" cb="0"/><line nr="250" mi="1" ci="0" mb="0" cb="0"/><line nr="251" mi="1" ci="0" mb="0" cb="0"/><line nr="252" mi="1" ci="0" mb="0" cb="0"/><line nr="256" mi="16" ci="0" mb="2" cb="0"/><line nr="257" mi="4" ci="0" mb="2" cb="0"/><line nr="258" mi="2" ci="0" mb="0" cb="0"/><line nr="261" mi="2" ci="0" mb="0" cb="0"/><line nr="265" mi="4" ci="0" mb="0" cb="0"/><line nr="270" mi="2" ci="0" mb="0" cb="0"/><line nr="272" mi="18" ci="0" mb="2" cb="0"/><line nr="273" mi="4" ci="0" mb="2" cb="0"/><line nr="274" mi="3" ci="0" mb="0" cb="0"/><line nr="275" mi="2" ci="0" mb="0" cb="0"/><line nr="276" mi="1" ci="0" mb="0" cb="0"/><line nr="277" mi="4" ci="0" mb="0" cb="0"/><line nr="281" mi="3" ci="0" mb="2" cb="0"/><line nr="282" mi="2" ci="0" mb="0" cb="0"/><line nr="285" mi="4" ci="0" mb="0" cb="0"/><line nr="287" mi="5" ci="0" mb="2" cb="0"/><line nr="288" mi="12" ci="0" mb="0" cb="0"/><line nr="291" mi="13" ci="0" mb="0" cb="0"/><line nr="294" mi="2" ci="0" mb="0" cb="0"/><line nr="296" mi="10" ci="0" mb="2" cb="0"/><line nr="297" mi="5" ci="0" mb="2" cb="0"/><line nr="298" mi="12" ci="0" mb="0" cb="0"/><line nr="300" mi="6" ci="0" mb="0" cb="0"/><line nr="301" mi="1" ci="0" mb="0" cb="0"/><line nr="303" mi="2" ci="0" mb="0" cb="0"/><line nr="304" mi="16" ci="0" mb="2" cb="0"/><line nr="305" mi="6" ci="0" mb="2" cb="0"/><line nr="306" mi="13" ci="0" mb="0" cb="0"/><line nr="310" mi="2" ci="0" mb="0" cb="0"/><line nr="311" mi="12" ci="0" mb="2" cb="0"/><line nr="312" mi="5" ci="0" mb="0" cb="0"/><line nr="313" mi="1" ci="0" mb="0" cb="0"/><line nr="314" mi="5" ci="0" mb="0" cb="0"/><line nr="316" mi="4" ci="0" mb="2" cb="0"/><line nr="317" mi="16" ci="0" mb="0" cb="0"/><line nr="320" mi="2" ci="0" mb="0" cb="0"/><line nr="323" mi="3" ci="0" mb="0" cb="0"/><line nr="324" mi="17" ci="0" mb="2" cb="0"/><line nr="325" mi="16" ci="0" mb="2" cb="0"/><line nr="326" mi="4" ci="0" mb="2" cb="0"/><line nr="327" mi="13" ci="0" mb="0" cb="0"/><line nr="336" mi="5" ci="0" mb="0" cb="0"/><line nr="338" mi="5" ci="0" mb="0" cb="0"/><line nr="340" mi="2" ci="0" mb="0" cb="0"/><line nr="345" mi="2" ci="0" mb="0" cb="0"/><line nr="346" mi="12" ci="0" mb="2" cb="0"/><line nr="347" mi="11" ci="0" mb="2" cb="0"/><line nr="348" mi="3" ci="0" mb="2" cb="0"/><line nr="349" mi="6" ci="0" mb="0" cb="0"/><line nr="351" mi="1" ci="0" mb="0" cb="0"/><line nr="352" mi="1" ci="0" mb="0" cb="0"/><line nr="353" mi="3" ci="0" mb="0" cb="0"/><line nr="358" mi="5" ci="0" mb="0" cb="0"/><line nr="359" mi="6" ci="0" mb="0" cb="0"/><line nr="364" mi="5" ci="0" mb="2" cb="0"/><line nr="365" mi="5" ci="0" mb="2" cb="0"/><line nr="366" mi="10" ci="0" mb="2" cb="0"/><line nr="367" mi="5" ci="0" mb="2" cb="0"/><line nr="368" mi="4" ci="0" mb="0" cb="0"/><line nr="370" mi="5" ci="0" mb="0" cb="0"/><line nr="374" mi="7" ci="0" mb="0" cb="0"/><line nr="375" mi="5" ci="0" mb="0" cb="0"/><line nr="376" mi="4" ci="0" mb="0" cb="0"/><line nr="377" mi="5" ci="0" mb="0" cb="0"/><line nr="378" mi="2" ci="0" mb="0" cb="0"/><line nr="383" mi="4" ci="0" mb="0" cb="0"/><line nr="384" mi="2" ci="0" mb="0" cb="0"/><line nr="385" mi="3" ci="0" mb="0" cb="0"/><line nr="387" mi="7" ci="0" mb="2" cb="0"/><line nr="388" mi="6" ci="0" mb="0" cb="0"/><line nr="389" mi="3" ci="0" mb="2" cb="0"/><line nr="390" mi="6" ci="0" mb="0" cb="0"/><line nr="391" mi="2" ci="0" mb="0" cb="0"/><line nr="393" mi="8" ci="0" mb="0" cb="0"/><line nr="396" mi="2" ci="0" mb="0" cb="0"/><line nr="401" mi="4" ci="0" mb="0" cb="0"/><line nr="402" mi="4" ci="0" mb="0" cb="0"/><line nr="403" mi="1" ci="0" mb="0" cb="0"/><line nr="404" mi="8" ci="0" mb="0" cb="0"/><line nr="409" mi="14" ci="0" mb="0" cb="0"/><line nr="414" mi="3" ci="0" mb="2" cb="0"/><line nr="415" mi="2" ci="0" mb="0" cb="0"/><line nr="417" mi="3" ci="0" mb="0" cb="0"/><line nr="418" mi="11" ci="0" mb="2" cb="0"/><line nr="419" mi="5" ci="0" mb="2" cb="0"/><line nr="423" mi="11" ci="0" mb="0" cb="0"/><counter type="INSTRUCTION" missed="701" covered="0"/><counter type="BRANCH" missed="74" covered="0"/><counter type="LINE" missed="126" covered="0"/><counter type="COMPLEXITY" missed="53" covered="0"/><counter type="METHOD" missed="16" covered="0"/><counter type="CLASS" missed="2" covered="0"/></sourcefile><sourcefile name="FactoryModuleBuilder.java"><line nr="213" mi="2" ci="0" mb="0" cb="0"/><line nr="215" mi="6" ci="0" mb="0" cb="0"/><line nr="220" mi="6" ci="0" mb="0" cb="0"/><line nr="225" mi="6" ci="0" mb="0" cb="0"/><line nr="230" mi="6" ci="0" mb="0" cb="0"/><line nr="236" mi="6" ci="0" mb="0" cb="0"/><line nr="242" mi="7" ci="0" mb="0" cb="0"/><line nr="248" mi="7" ci="0" mb="0" cb="0"/><line nr="254" mi="7" ci="0" mb="0" cb="0"/><line nr="260" mi="7" ci="0" mb="0" cb="0"/><line nr="266" mi="7" ci="0" mb="0" cb="0"/><line nr="274" mi="7" ci="0" mb="0" cb="0"/><line nr="282" mi="7" ci="0" mb="0" cb="0"/><line nr="290" mi="7" ci="0" mb="0" cb="0"/><line nr="295" mi="6" ci="0" mb="0" cb="0"/><line nr="300" mi="6" ci="0" mb="0" cb="0"/><line nr="301" mi="2" ci="0" mb="0" cb="0"/><line nr="318" mi="3" ci="0" mb="0" cb="0"/><line nr="319" mi="2" ci="0" mb="0" cb="0"/><line nr="324" mi="5" ci="0" mb="0" cb="0"/><line nr="329" mi="5" ci="0" mb="0" cb="0"/><line nr="333" mi="15" ci="0" mb="0" cb="0"/><line nr="336" mi="12" ci="0" mb="0" cb="0"/><line nr="337" mi="16" ci="0" mb="0" cb="0"/><line nr="338" mi="1" ci="0" mb="0" cb="0"/><counter type="INSTRUCTION" missed="161" covered="0"/><counter type="LINE" missed="25" covered="0"/><counter type="COMPLEXITY" missed="21" covered="0"/><counter type="METHOD" missed="21" covered="0"/><counter type="CLASS" missed="2" covered="0"/></sourcefile><sourcefile name="FactoryProvider2.java"><line nr="95" mi="0" ci="2" mb="0" cb="0"/><line nr="98" mi="0" ci="4" mb="0" cb="0"/><line nr="105" mi="0" ci="2" mb="0" cb="0"/><line nr="112" mi="0" ci="2" mb="0" cb="0"/><line nr="115" mi="0" ci="5" mb="0" cb="0"/><line nr="116" mi="0" ci="3" mb="0" cb="0"/><line nr="119" mi="0" ci="2" mb="0" cb="0"/><line nr="124" mi="0" ci="2" mb="0" cb="0"/><line nr="129" mi="1" ci="11" mb="2" cb="2"/><line nr="134" mi="8" ci="0" mb="0" cb="0"/><line nr="139" mi="0" ci="7" mb="0" cb="0"/><line nr="140" mi="0" ci="6" mb="0" cb="0"/><line nr="142" mi="0" ci="5" mb="0" cb="0"/><line nr="178" mi="0" ci="2" mb="0" cb="0"/><line nr="179" mi="0" ci="3" mb="0" cb="0"/><line nr="180" mi="0" ci="3" mb="0" cb="0"/><line nr="181" mi="0" ci="3" mb="0" cb="0"/><line nr="182" mi="0" ci="3" mb="0" cb="0"/><line nr="183" mi="0" ci="3" mb="0" cb="0"/><line nr="184" mi="0" ci="3" mb="0" cb="0"/><line nr="185" mi="0" ci="3" mb="0" cb="0"/><line nr="186" mi="0" ci="3" mb="0" cb="0"/><line nr="187" mi="0" ci="1" mb="0" cb="0"/><line nr="191" mi="7" ci="0" mb="0" cb="0"/><line nr="192" mi="4" ci="0" mb="0" cb="0"/><line nr="193" mi="4" ci="0" mb="0" cb="0"/><line nr="194" mi="4" ci="0" mb="0" cb="0"/><line nr="195" mi="4" ci="0" mb="0" cb="0"/><line nr="196" mi="4" ci="0" mb="0" cb="0"/><line nr="197" mi="4" ci="0" mb="0" cb="0"/><line nr="198" mi="4" ci="0" mb="0" cb="0"/><line nr="199" mi="4" ci="0" mb="0" cb="0"/><line nr="200" mi="1" ci="0" mb="0" cb="0"/><line nr="201" mi="1" ci="0" mb="0" cb="0"/><line nr="206" mi="3" ci="0" mb="0" cb="0"/><line nr="211" mi="3" ci="0" mb="0" cb="0"/><line nr="216" mi="3" ci="0" mb="0" cb="0"/><line nr="221" mi="3" ci="0" mb="0" cb="0"/><line nr="249" mi="0" ci="2" mb="0" cb="0"/><line nr="250" mi="0" ci="3" mb="0" cb="0"/><line nr="251" mi="0" ci="3" mb="0" cb="0"/><line nr="253" mi="0" ci="3" mb="0" cb="0"/><line nr="254" mi="0" ci="4" mb="0" cb="0"/><line nr="257" mi="0" ci="3" mb="0" cb="0"/><line nr="260" mi="0" ci="3" mb="0" cb="2"/><line nr="261" mi="0" ci="11" mb="0" cb="0"/><line nr="264" mi="0" ci="2" mb="0" cb="0"/><line nr="265" mi="0" ci="2" mb="0" cb="0"/><line nr="266" mi="0" ci="2" mb="0" cb="0"/><line nr="268" mi="0" ci="17" mb="0" cb="2"/><line nr="270" mi="0" ci="4" mb="1" cb="1"/><line nr="271" mi="1" ci="0" mb="0" cb="0"/><line nr="275" mi="6" ci="3" mb="5" cb="1"/><line nr="278" mi="6" ci="0" mb="0" cb="0"/><line nr="279" mi="6" ci="0" mb="0" cb="0"/><line nr="280" mi="1" ci="0" mb="0" cb="0"/><line nr="282" mi="0" ci="6" mb="0" cb="0"/><line nr="284" mi="0" ci="4" mb="0" cb="0"/><line nr="287" mi="0" ci="3" mb="0" cb="0"/><line nr="288" mi="0" ci="4" mb="0" cb="0"/><line nr="289" mi="1" ci="0" mb="0" cb="0"/><line nr="292" mi="5" ci="0" mb="2" cb="0"/><line nr="293" mi="6" ci="0" mb="0" cb="0"/><line nr="295" mi="2" ci="0" mb="0" cb="0"/><line nr="297" mi="0" ci="1" mb="0" cb="0"/><line nr="298" mi="0" ci="7" mb="0" cb="0"/><line nr="299" mi="0" ci="4" mb="0" cb="0"/><line nr="300" mi="0" ci="3" mb="0" cb="0"/><line nr="301" mi="0" ci="2" mb="0" cb="0"/><line nr="302" mi="0" ci="2" mb="0" cb="0"/><line nr="303" mi="0" ci="10" mb="0" cb="2"/><line nr="304" mi="0" ci="9" mb="0" cb="0"/><line nr="305" mi="0" ci="4" mb="0" cb="0"/><line nr="306" mi="0" ci="6" mb="1" cb="1"/><line nr="307" mi="0" ci="2" mb="1" cb="1"/><line nr="308" mi="9" ci="0" mb="0" cb="0"/><line nr="311" mi="10" ci="0" mb="0" cb="0"/><line nr="313" mi="0" ci="8" mb="0" cb="0"/><line nr="314" mi="0" ci="1" mb="0" cb="0"/><line nr="315" mi="0" ci="3" mb="0" cb="0"/><line nr="318" mi="0" ci="6" mb="0" cb="0"/><line nr="319" mi="0" ci="2" mb="1" cb="1"/><line nr="320" mi="0" ci="3" mb="0" cb="0"/><line nr="322" mi="0" ci="2" mb="0" cb="0"/><line nr="323" mi="0" ci="3" mb="0" cb="0"/><line nr="324" mi="0" ci="2" mb="1" cb="1"/><line nr="325" mi="13" ci="0" mb="0" cb="0"/><line nr="329" mi="6" ci="0" mb="0" cb="0"/><line nr="334" mi="0" ci="5" mb="0" cb="0"/><line nr="335" mi="0" ci="2" mb="0" cb="0"/><line nr="337" mi="0" ci="1" mb="0" cb="0"/><line nr="338" mi="0" ci="5" mb="0" cb="0"/><line nr="339" mi="0" ci="1" mb="0" cb="0"/><line nr="340" mi="0" ci="1" mb="0" cb="0"/><line nr="342" mi="0" ci="4" mb="0" cb="0"/><line nr="343" mi="0" ci="2" mb="0" cb="0"/><line nr="344" mi="0" ci="5" mb="0" cb="0"/><line nr="345" mi="0" ci="2" mb="0" cb="0"/><line nr="351" mi="0" ci="7" mb="1" cb="1"/><line nr="352" mi="0" ci="2" mb="0" cb="0"/><line nr="353" mi="2" ci="6" mb="1" cb="1"/><line nr="354" mi="7" ci="0" mb="0" cb="0"/><line nr="356" mi="0" ci="3" mb="0" cb="0"/><line nr="357" mi="0" ci="2" mb="0" cb="0"/><line nr="360" mi="0" ci="9" mb="0" cb="0"/><line nr="367" mi="0" ci="5" mb="0" cb="0"/><line nr="370" mi="0" ci="5" mb="0" cb="0"/><line nr="373" mi="0" ci="3" mb="0" cb="0"/><line nr="374" mi="0" ci="2" mb="0" cb="0"/><line nr="375" mi="0" ci="1" mb="0" cb="0"/><line nr="376" mi="0" ci="8" mb="0" cb="0"/><line nr="381" mi="0" ci="3" mb="0" cb="0"/><line nr="382" mi="0" ci="2" mb="0" cb="0"/><line nr="383" mi="0" ci="2" mb="0" cb="0"/><line nr="384" mi="4" ci="7" mb="1" cb="1"/><line nr="385" mi="6" ci="0" mb="4" cb="0"/><line nr="387" mi="4" ci="0" mb="2" cb="0"/><line nr="388" mi="2" ci="0" mb="0" cb="0"/><line nr="389" mi="10" ci="0" mb="0" cb="0"/><line nr="408" mi="4" ci="0" mb="0" cb="0"/><line nr="409" mi="2" ci="0" mb="0" cb="0"/><line nr="412" mi="2" ci="0" mb="0" cb="0"/><line nr="413" mi="5" ci="0" mb="0" cb="0"/><line nr="414" mi="1" ci="0" mb="0" cb="0"/><line nr="417" mi="2" ci="0" mb="2" cb="0"/><line nr="418" mi="3" ci="0" mb="2" cb="0"/><line nr="420" mi="5" ci="0" mb="0" cb="0"/><line nr="421" mi="2" ci="0" mb="0" cb="0"/><line nr="423" mi="1" ci="0" mb="0" cb="0"/><line nr="425" mi="1" ci="0" mb="0" cb="0"/><line nr="427" mi="1" ci="0" mb="0" cb="0"/><line nr="429" mi="3" ci="0" mb="0" cb="0"/><line nr="431" mi="7" ci="0" mb="0" cb="0"/><line nr="432" mi="5" ci="0" mb="0" cb="0"/><line nr="437" mi="2" ci="0" mb="2" cb="0"/><line nr="438" mi="6" ci="0" mb="0" cb="0"/><line nr="439" mi="2" ci="0" mb="2" cb="0"/><line nr="440" mi="9" ci="0" mb="0" cb="0"/><line nr="442" mi="2" ci="0" mb="0" cb="0"/><line nr="443" mi="13" ci="0" mb="2" cb="0"/><line nr="444" mi="9" ci="0" mb="4" cb="0"/><line nr="445" mi="2" ci="0" mb="2" cb="0"/><line nr="446" mi="8" ci="0" mb="0" cb="0"/><line nr="447" mi="1" ci="0" mb="0" cb="0"/><line nr="449" mi="8" ci="0" mb="0" cb="0"/><line nr="450" mi="2" ci="0" mb="0" cb="0"/><line nr="453" mi="1" ci="0" mb="0" cb="0"/><line nr="457" mi="2" ci="0" mb="2" cb="0"/><line nr="458" mi="12" ci="0" mb="0" cb="0"/><line nr="461" mi="1" ci="0" mb="0" cb="0"/><line nr="465" mi="0" ci="3" mb="1" cb="1"/><line nr="466" mi="0" ci="3" mb="0" cb="0"/><line nr="469" mi="4" ci="0" mb="0" cb="0"/><line nr="470" mi="4" ci="0" mb="0" cb="0"/><line nr="471" mi="0" ci="1" mb="0" cb="0"/><line nr="472" mi="0" ci="7" mb="0" cb="0"/><line nr="473" mi="1" ci="0" mb="0" cb="0"/><line nr="474" mi="1" ci="0" mb="0" cb="0"/><line nr="480" mi="2" ci="8" mb="1" cb="1"/><line nr="485" mi="6" ci="0" mb="2" cb="0"/><line nr="486" mi="2" ci="0" mb="0" cb="0"/><line nr="488" mi="3" ci="0" mb="0" cb="0"/><line nr="489" mi="3" ci="0" mb="0" cb="0"/><line nr="490" mi="5" ci="0" mb="2" cb="0"/><line nr="491" mi="2" ci="0" mb="0" cb="0"/><line nr="493" mi="8" ci="0" mb="2" cb="0"/><line nr="494" mi="8" ci="0" mb="2" cb="0"/><line nr="495" mi="2" ci="0" mb="0" cb="0"/><line nr="498" mi="2" ci="0" mb="0" cb="0"/><line nr="503" mi="3" ci="0" mb="0" cb="0"/><line nr="508" mi="4" ci="0" mb="0" cb="0"/><line nr="509" mi="12" ci="0" mb="2" cb="0"/><line nr="510" mi="5" ci="0" mb="0" cb="0"/><line nr="511" mi="1" ci="0" mb="0" cb="0"/><line nr="512" mi="3" ci="0" mb="0" cb="0"/><line nr="517" mi="3" ci="0" mb="0" cb="0"/><line nr="525" mi="4" ci="0" mb="0" cb="0"/><line nr="532" mi="3" ci="0" mb="2" cb="0"/><line nr="533" mi="5" ci="0" mb="0" cb="0"/><line nr="535" mi="4" ci="0" mb="0" cb="0"/><line nr="539" mi="0" ci="5" mb="1" cb="1"/><line nr="540" mi="0" ci="3" mb="1" cb="1"/><line nr="541" mi="14" ci="0" mb="0" cb="0"/><line nr="547" mi="0" ci="1" mb="0" cb="0"/><line nr="554" mi="3" ci="0" mb="0" cb="0"/><line nr="555" mi="4" ci="0" mb="2" cb="0"/><line nr="556" mi="4" ci="0" mb="0" cb="0"/><line nr="557" mi="5" ci="0" mb="0" cb="0"/><line nr="558" mi="8" ci="0" mb="0" cb="0"/><line nr="560" mi="2" ci="0" mb="0" cb="0"/><line nr="574" mi="0" ci="5" mb="0" cb="0"/><line nr="575" mi="0" ci="5" mb="1" cb="1"/><line nr="576" mi="0" ci="5" mb="0" cb="0"/><line nr="578" mi="6" ci="0" mb="0" cb="0"/><line nr="581" mi="0" ci="3" mb="0" cb="0"/><line nr="582" mi="0" ci="4" mb="1" cb="1"/><line nr="583" mi="10" ci="0" mb="0" cb="0"/><line nr="586" mi="3" ci="0" mb="0" cb="0"/><line nr="587" mi="0" ci="4" mb="0" cb="2"/><line nr="588" mi="0" ci="10" mb="0" cb="0"/><line nr="591" mi="0" ci="3" mb="0" cb="0"/><line nr="592" mi="0" ci="3" mb="1" cb="1"/><line nr="593" mi="4" ci="0" mb="0" cb="0"/><line nr="594" mi="3" ci="0" mb="0" cb="0"/><line nr="597" mi="0" ci="2" mb="0" cb="0"/><line nr="598" mi="0" ci="2" mb="0" cb="0"/><line nr="600" mi="0" ci="17" mb="0" cb="2"/><line nr="601" mi="0" ci="4" mb="1" cb="1"/><line nr="602" mi="2" ci="0" mb="0" cb="0"/><line nr="603" mi="7" ci="0" mb="2" cb="0"/><line nr="604" mi="2" ci="0" mb="2" cb="0"/><line nr="605" mi="14" ci="0" mb="0" cb="0"/><line nr="610" mi="3" ci="0" mb="0" cb="0"/><line nr="612" mi="2" ci="0" mb="0" cb="0"/><line nr="618" mi="0" ci="2" mb="1" cb="1"/><line nr="621" mi="0" ci="3" mb="0" cb="0"/><line nr="622" mi="0" ci="1" mb="0" cb="0"/><line nr="623" mi="0" ci="5" mb="0" cb="0"/><line nr="624" mi="0" ci="3" mb="0" cb="0"/><line nr="628" mi="2" ci="0" mb="2" cb="0"/><line nr="631" mi="2" ci="0" mb="0" cb="0"/><line nr="632" mi="2" ci="0" mb="0" cb="0"/><line nr="634" mi="2" ci="0" mb="0" cb="0"/><line nr="636" mi="14" ci="0" mb="0" cb="0"/><line nr="640" mi="3" ci="0" mb="0" cb="0"/><line nr="653" mi="4" ci="0" mb="0" cb="0"/><line nr="654" mi="3" ci="0" mb="0" cb="0"/><line nr="655" mi="2" ci="0" mb="0" cb="0"/><line nr="656" mi="2" ci="0" mb="0" cb="0"/><line nr="657" mi="10" ci="0" mb="2" cb="0"/><line nr="658" mi="9" ci="0" mb="0" cb="0"/><line nr="659" mi="4" ci="0" mb="0" cb="0"/><line nr="660" mi="1" ci="0" mb="0" cb="0"/><line nr="662" mi="10" ci="0" mb="2" cb="0"/><line nr="664" mi="4" ci="0" mb="2" cb="0"/><line nr="665" mi="2" ci="0" mb="0" cb="0"/><line nr="667" mi="1" ci="0" mb="0" cb="0"/><line nr="669" mi="10" ci="0" mb="2" cb="0"/><line nr="670" mi="4" ci="0" mb="2" cb="0"/><line nr="671" mi="2" ci="0" mb="0" cb="0"/><line nr="673" mi="1" ci="0" mb="0" cb="0"/><line nr="675" mi="2" ci="0" mb="0" cb="0"/><line nr="681" mi="0" ci="2" mb="0" cb="0"/><line nr="682" mi="0" ci="5" mb="0" cb="0"/><line nr="683" mi="0" ci="4" mb="1" cb="1"/><line nr="684" mi="4" ci="7" mb="1" cb="1"/><line nr="685" mi="5" ci="0" mb="0" cb="0"/><line nr="686" mi="1" ci="0" mb="0" cb="0"/><line nr="688" mi="0" ci="3" mb="0" cb="0"/><line nr="693" mi="0" ci="2" mb="0" cb="0"/><line nr="694" mi="4" ci="6" mb="1" cb="1"/><line nr="695" mi="4" ci="0" mb="0" cb="0"/><line nr="696" mi="6" ci="0" mb="4" cb="0"/><line nr="697" mi="4" ci="0" mb="0" cb="0"/><line nr="699" mi="1" ci="0" mb="0" cb="0"/><line nr="700" mi="0" ci="3" mb="0" cb="0"/><line nr="711" mi="0" ci="2" mb="0" cb="0"/><line nr="712" mi="4" ci="6" mb="1" cb="1"/><line nr="713" mi="4" ci="0" mb="2" cb="0"/><line nr="714" mi="2" ci="0" mb="2" cb="0"/><line nr="715" mi="2" ci="0" mb="0" cb="0"/><line nr="717" mi="4" ci="0" mb="0" cb="0"/><line nr="719" mi="1" ci="0" mb="0" cb="0"/><line nr="720" mi="3" ci="2" mb="3" cb="1"/><line nr="721" mi="18" ci="0" mb="0" cb="0"/><line nr="729" mi="2" ci="0" mb="0" cb="0"/><line nr="731" mi="0" ci="2" mb="0" cb="0"/><line nr="739" mi="4" ci="0" mb="0" cb="0"/><line nr="740" mi="6" ci="0" mb="4" cb="0"/><line nr="741" mi="1" ci="0" mb="0" cb="0"/><line nr="742" mi="1" ci="0" mb="0" cb="0"/><line nr="743" mi="1" ci="0" mb="0" cb="0"/><line nr="744" mi="2" ci="0" mb="0" cb="0"/><line nr="745" mi="2" ci="0" mb="2" cb="0"/><line nr="746" mi="2" ci="0" mb="0" cb="0"/><line nr="748" mi="1" ci="0" mb="0" cb="0"/><line nr="749" mi="1" ci="0" mb="0" cb="0"/><line nr="750" mi="1" ci="0" mb="0" cb="0"/><line nr="751" mi="2" ci="0" mb="0" cb="0"/><line nr="752" mi="2" ci="0" mb="2" cb="0"/><line nr="753" mi="2" ci="0" mb="0" cb="0"/><line nr="755" mi="2" ci="0" mb="0" cb="0"/><line nr="764" mi="0" ci="3" mb="1" cb="1"/><line nr="765" mi="0" ci="4" mb="0" cb="0"/><line nr="766" mi="4" ci="0" mb="2" cb="0"/><line nr="767" mi="2" ci="0" mb="0" cb="0"/><line nr="769" mi="2" ci="0" mb="0" cb="0"/><line nr="770" mi="7" ci="0" mb="0" cb="0"/><line nr="771" mi="2" ci="0" mb="0" cb="0"/><line nr="773" mi="2" ci="0" mb="0" cb="0"/><line nr="774" mi="3" ci="0" mb="0" cb="0"/><line nr="785" mi="3" ci="0" mb="2" cb="0"/><line nr="786" mi="7" ci="0" mb="0" cb="0"/><line nr="787" mi="3" ci="0" mb="0" cb="0"/><line nr="793" mi="3" ci="0" mb="0" cb="0"/><line nr="795" mi="12" ci="0" mb="2" cb="0"/><line nr="796" mi="4" ci="0" mb="0" cb="0"/><line nr="797" mi="4" ci="0" mb="0" cb="0"/><line nr="799" mi="3" ci="0" mb="2" cb="0"/><line nr="800" mi="5" ci="0" mb="0" cb="0"/><line nr="801" mi="4" ci="0" mb="0" cb="0"/><line nr="803" mi="2" ci="0" mb="0" cb="0"/><line nr="805" mi="6" ci="0" mb="0" cb="0"/><line nr="807" mi="1" ci="0" mb="0" cb="0"/><line nr="808" mi="1" ci="0" mb="0" cb="0"/><line nr="815" mi="8" ci="0" mb="2" cb="0"/><line nr="819" mi="3" ci="0" mb="0" cb="0"/><line nr="822" mi="5" ci="0" mb="0" cb="0"/><line nr="824" mi="9" ci="0" mb="0" cb="0"/><line nr="825" mi="15" ci="0" mb="0" cb="0"/><line nr="832" mi="6" ci="0" mb="0" cb="0"/><line nr="834" mi="2" ci="0" mb="0" cb="0"/><line nr="835" mi="4" ci="0" mb="2" cb="0"/><line nr="836" mi="12" ci="0" mb="2" cb="0"/><line nr="839" mi="11" ci="0" mb="0" cb="0"/><line nr="840" mi="2" ci="0" mb="0" cb="0"/><line nr="842" mi="12" ci="0" mb="2" cb="0"/><line nr="844" mi="12" ci="0" mb="0" cb="0"/><line nr="845" mi="1" ci="0" mb="0" cb="0"/><line nr="848" mi="4" ci="0" mb="0" cb="0"/><line nr="852" mi="2" ci="0" mb="2" cb="0"/><line nr="853" mi="3" ci="0" mb="0" cb="0"/><line nr="854" mi="5" ci="0" mb="0" cb="0"/><line nr="855" mi="2" ci="0" mb="0" cb="0"/><line nr="856" mi="1" ci="0" mb="0" cb="0"/><line nr="858" mi="1" ci="0" mb="0" cb="0"/><line nr="861" mi="10" ci="0" mb="0" cb="0"/><line nr="862" mi="4" ci="0" mb="0" cb="0"/><line nr="864" mi="3" ci="0" mb="2" cb="0"/><line nr="865" mi="3" ci="0" mb="0" cb="0"/><line nr="867" mi="2" ci="0" mb="0" cb="0"/><line nr="879" mi="5" ci="0" mb="2" cb="0"/><line nr="880" mi="8" ci="0" mb="0" cb="0"/><line nr="883" mi="5" ci="0" mb="2" cb="0"/><line nr="884" mi="5" ci="0" mb="2" cb="0"/><line nr="885" mi="10" ci="0" mb="2" cb="0"/><line nr="886" mi="5" ci="0" mb="2" cb="0"/><line nr="887" mi="4" ci="0" mb="0" cb="0"/><line nr="889" mi="5" ci="0" mb="0" cb="0"/><line nr="893" mi="6" ci="0" mb="0" cb="0"/><line nr="894" mi="8" ci="0" mb="2" cb="0"/><line nr="896" mi="3" ci="0" mb="2" cb="0"/><line nr="897" mi="5" ci="0" mb="0" cb="0"/><line nr="899" mi="7" ci="0" mb="0" cb="0"/><line nr="902" mi="2" ci="0" mb="0" cb="0"/><line nr="903" mi="11" ci="0" mb="2" cb="0"/><line nr="904" mi="6" ci="0" mb="0" cb="0"/><line nr="905" mi="1" ci="0" mb="0" cb="0"/><line nr="906" mi="5" ci="0" mb="0" cb="0"/><line nr="907" mi="1" ci="0" mb="0" cb="0"/><line nr="909" mi="5" ci="0" mb="2" cb="0"/><line nr="910" mi="5" ci="0" mb="0" cb="0"/><line nr="911" mi="3" ci="0" mb="0" cb="0"/><line nr="912" mi="6" ci="0" mb="4" cb="0"/><line nr="913" mi="2" ci="0" mb="0" cb="0"/><line nr="916" mi="2" ci="0" mb="0" cb="0"/><line nr="918" mi="11" ci="0" mb="2" cb="0"/><line nr="919" mi="2" ci="0" mb="0" cb="0"/><line nr="920" mi="1" ci="0" mb="0" cb="0"/><line nr="926" mi="8" ci="0" mb="0" cb="0"/><line nr="931" mi="14" ci="0" mb="0" cb="0"/><line nr="936" mi="3" ci="0" mb="2" cb="0"/><line nr="937" mi="2" ci="0" mb="0" cb="0"/><line nr="939" mi="3" ci="0" mb="0" cb="0"/><line nr="940" mi="16" ci="0" mb="4" cb="0"/><line nr="945" mi="0" ci="6" mb="1" cb="3"/><line nr="946" mi="0" ci="2" mb="0" cb="0"/><line nr="949" mi="17" ci="0" mb="2" cb="0"/><line nr="950" mi="4" ci="0" mb="2" cb="0"/><line nr="951" mi="2" ci="0" mb="0" cb="0"/><line nr="955" mi="2" ci="0" mb="0" cb="0"/><line nr="962" mi="5" ci="0" mb="0" cb="0"/><line nr="979" mi="0" ci="2" mb="0" cb="0"/><line nr="981" mi="0" ci="1" mb="0" cb="0"/><line nr="982" mi="0" ci="2" mb="0" cb="0"/><line nr="983" mi="0" ci="6" mb="0" cb="0"/><line nr="984" mi="0" ci="5" mb="0" cb="0"/><line nr="985" mi="0" ci="3" mb="0" cb="0"/><line nr="986" mi="0" ci="5" mb="0" cb="0"/><line nr="987" mi="0" ci="16" mb="1" cb="1"/><line nr="989" mi="0" ci="5" mb="0" cb="0"/><line nr="990" mi="0" ci="2" mb="0" cb="0"/><line nr="991" mi="0" ci="1" mb="0" cb="0"/><line nr="992" mi="0" ci="1" mb="0" cb="0"/><line nr="996" mi="1" ci="0" mb="0" cb="0"/><line nr="998" mi="0" ci="1" mb="0" cb="0"/><line nr="1000" mi="0" ci="2" mb="1" cb="1"/><line nr="1001" mi="2" ci="0" mb="0" cb="0"/><line nr="1003" mi="0" ci="2" mb="0" cb="0"/><line nr="1004" mi="0" ci="1" mb="0" cb="0"/><line nr="1010" mi="6" ci="0" mb="2" cb="0"/><line nr="1011" mi="5" ci="0" mb="0" cb="0"/><line nr="1012" mi="8" ci="0" mb="2" cb="0"/><line nr="1015" mi="0" ci="3" mb="0" cb="0"/><line nr="1016" mi="0" ci="12" mb="0" cb="0"/><line nr="1020" mi="6" ci="0" mb="0" cb="0"/><line nr="1023" mi="0" ci="12" mb="0" cb="0"/><line nr="1027" mi="0" ci="3" mb="0" cb="0"/><line nr="1030" mi="2" ci="3" mb="0" cb="0"/><line nr="1032" mi="0" ci="2" mb="0" cb="0"/><line nr="1033" mi="0" ci="5" mb="0" cb="0"/><line nr="1037" mi="0" ci="12" mb="0" cb="0"/><line nr="1044" mi="0" ci="3" mb="0" cb="0"/><line nr="1055" mi="0" ci="3" mb="0" cb="0"/><line nr="1060" mi="0" ci="1" mb="0" cb="0"/><line nr="1061" mi="0" ci="2" mb="0" cb="0"/><line nr="1067" mi="0" ci="13" mb="0" cb="0"/><line nr="1068" mi="1" ci="0" mb="0" cb="0"/><line nr="1069" mi="15" ci="0" mb="0" cb="0"/><line nr="1070" mi="2" ci="0" mb="0" cb="0"/><line nr="1072" mi="0" ci="1" mb="0" cb="0"/><line nr="1073" mi="0" ci="3" mb="0" cb="0"/><line nr="1074" mi="0" ci="2" mb="0" cb="0"/><line nr="1075" mi="1" ci="0" mb="0" cb="0"/><line nr="1079" mi="2" ci="0" mb="0" cb="0"/><line nr="1084" mi="0" ci="2" mb="1" cb="1"/><line nr="1085" mi="2" ci="0" mb="0" cb="0"/><line nr="1087" mi="0" ci="3" mb="0" cb="0"/><line nr="1089" mi="0" ci="4" mb="1" cb="1"/><line nr="1090" mi="0" ci="16" mb="0" cb="0"/><line nr="1092" mi="19" ci="0" mb="0" cb="0"/><line nr="1094" mi="0" ci="5" mb="0" cb="0"/><counter type="INSTRUCTION" missed="1193" covered="668"/><counter type="BRANCH" missed="167" covered="43"/><counter type="LINE" missed="257" covered="165"/><counter type="COMPLEXITY" missed="126" covered="33"/><counter type="METHOD" missed="27" covered="27"/><counter type="CLASS" missed="2" covered="9"/></sourcefile><sourcefile name="AssistedInject.java"/><sourcefile name="BindingCollector.java"><line nr="32" mi="0" ci="2" mb="0" cb="0"/><line nr="34" mi="0" ci="4" mb="0" cb="0"/><line nr="37" mi="0" ci="5" mb="0" cb="2"/><line nr="38" mi="0" ci="13" mb="0" cb="0"/><line nr="39" mi="0" ci="3" mb="0" cb="0"/><line nr="42" mi="0" ci="6" mb="0" cb="0"/><line nr="44" mi="0" ci="2" mb="0" cb="0"/><line nr="48" mi="0" ci="4" mb="0" cb="0"/><line nr="53" mi="4" ci="0" mb="0" cb="0"/><line nr="58" mi="14" ci="0" mb="4" cb="0"/><counter type="INSTRUCTION" missed="18" covered="39"/><counter type="BRANCH" missed="4" covered="2"/><counter type="LINE" missed="2" covered="8"/><counter type="COMPLEXITY" missed="4" covered="4"/><counter type="METHOD" missed="2" covered="3"/><counter type="CLASS" missed="0" covered="1"/></sourcefile><sourcefile name="AssistedInjectBinding.java"/><sourcefile name="Assisted.java"/><sourcefile name="ParameterListKey.java"><line nr="36" mi="2" ci="0" mb="0" cb="0"/><line nr="37" mi="6" ci="0" mb="0" cb="0"/><line nr="38" mi="1" ci="0" mb="0" cb="0"/><line nr="41" mi="4" ci="0" mb="0" cb="0"/><line nr="42" mi="1" ci="0" mb="0" cb="0"/><line nr="46" mi="3" ci="0" mb="2" cb="0"/><line nr="47" mi="2" ci="0" mb="0" cb="0"/><line nr="49" mi="3" ci="0" mb="2" cb="0"/><line nr="50" mi="2" ci="0" mb="0" cb="0"/><line nr="52" mi="3" ci="0" mb="0" cb="0"/><line nr="53" mi="6" ci="0" mb="0" cb="0"/><line nr="58" mi="4" ci="0" mb="0" cb="0"/><line nr="63" mi="4" ci="0" mb="0" cb="0"/><counter type="INSTRUCTION" missed="41" covered="0"/><counter type="BRANCH" missed="4" covered="0"/><counter type="LINE" missed="13" covered="0"/><counter type="COMPLEXITY" missed="7" covered="0"/><counter type="METHOD" missed="5" covered="0"/><counter type="CLASS" missed="1" covered="0"/></sourcefile><sourcefile name="AssistedInjectTargetVisitor.java"/><sourcefile name="Parameter.java"><line nr="45" mi="2" ci="0" mb="0" cb="0"/><line nr="46" mi="3" ci="0" mb="0" cb="0"/><line nr="47" mi="5" ci="0" mb="0" cb="0"/><line nr="48" mi="5" ci="0" mb="0" cb="0"/><line nr="49" mi="5" ci="0" mb="0" cb="0"/><line nr="50" mi="1" ci="0" mb="0" cb="0"/><line nr="53" mi="3" ci="0" mb="0" cb="0"/><line nr="57" mi="3" ci="0" mb="0" cb="0"/><line nr="62" mi="4" ci="0" mb="0" cb="0"/><line nr="63" mi="3" ci="0" mb="2" cb="0"/><line nr="64" mi="4" ci="0" mb="0" cb="0"/><line nr="66" mi="3" ci="0" mb="2" cb="0"/><line nr="67" mi="7" ci="0" mb="0" cb="0"/><line nr="69" mi="6" ci="0" mb="0" cb="0"/><line nr="73" mi="16" ci="0" mb="2" cb="0"/><line nr="74" mi="5" ci="0" mb="2" cb="0"/><line nr="75" mi="2" ci="0" mb="0" cb="0"/><line nr="78" mi="2" ci="0" mb="0" cb="0"/><line nr="83" mi="4" ci="0" mb="2" cb="0"/><line nr="84" mi="4" ci="0" mb="0" cb="0"/><line nr="85" mi="4" ci="0" mb="2" cb="0"/><line nr="86" mi="1" ci="0" mb="0" cb="0"/><line nr="87" mi="3" ci="0" mb="2" cb="0"/><line nr="88" mi="9" ci="0" mb="0" cb="0"/><line nr="89" mi="5" ci="0" mb="0" cb="0"/><line nr="91" mi="3" ci="0" mb="0" cb="0"/><line nr="94" mi="10" ci="0" mb="2" cb="0"/><line nr="98" mi="11" ci="0" mb="2" cb="0"/><line nr="99" mi="7" ci="0" mb="2" cb="0"/><line nr="106" mi="8" ci="0" mb="2" cb="0"/><line nr="107" mi="1" ci="0" mb="0" cb="0"/><line nr="108" mi="2" ci="0" mb="0" cb="0"/><line nr="119" mi="4" ci="0" mb="2" cb="0"/><line nr="120" mi="2" ci="0" mb="0" cb="0"/><line nr="121" mi="6" ci="0" mb="0" cb="0"/><line nr="125" mi="15" ci="0" mb="2" cb="0"/><line nr="129" mi="6" ci="0" mb="0" cb="0"/><line nr="133" mi="6" ci="0" mb="2" cb="0"/><line nr="134" mi="6" ci="0" mb="2" cb="0"/><line nr="138" mi="11" ci="0" mb="2" cb="0"/><line nr="148" mi="2" ci="0" mb="0" cb="0"/><line nr="149" mi="16" ci="0" mb="2" cb="0"/><line nr="150" mi="4" ci="0" mb="2" cb="0"/><line nr="151" mi="9" ci="0" mb="2" cb="0"/><line nr="156" mi="2" ci="0" mb="0" cb="0"/><line nr="159" mi="2" ci="0" mb="0" cb="0"/><counter type="INSTRUCTION" missed="242" covered="0"/><counter type="BRANCH" missed="38" covered="0"/><counter type="LINE" missed="46" covered="0"/><counter type="COMPLEXITY" missed="33" covered="0"/><counter type="METHOD" missed="14" covered="0"/><counter type="CLASS" missed="1" covered="0"/></sourcefile><sourcefile name="AssistedMethod.java"/><sourcefile name="AssistedConstructor.java"><line nr="46" mi="6" ci="0" mb="0" cb="0"/><line nr="49" mi="2" ci="0" mb="0" cb="0"/><line nr="50" mi="3" ci="0" mb="0" cb="0"/><line nr="52" mi="3" ci="0" mb="0" cb="0"/><line nr="54" mi="2" ci="0" mb="0" cb="0"/><line nr="55" mi="5" ci="0" mb="0" cb="0"/><line nr="58" mi="8" ci="0" mb="2" cb="0"/><line nr="59" mi="12" ci="0" mb="0" cb="0"/><line nr="60" mi="5" ci="0" mb="0" cb="0"/><line nr="61" mi="3" ci="0" mb="2" cb="0"/><line nr="62" mi="5" ci="0" mb="0" cb="0"/><line nr="65" mi="6" ci="0" mb="0" cb="0"/><line nr="66" mi="1" ci="0" mb="0" cb="0"/><line nr="73" mi="3" ci="0" mb="0" cb="0"/><line nr="81" mi="3" ci="0" mb="0" cb="0"/><line nr="85" mi="8" ci="0" mb="0" cb="0"/><line nr="90" mi="4" ci="0" mb="0" cb="0"/><line nr="92" mi="5" ci="0" mb="0" cb="0"/><line nr="93" mi="1" ci="0" mb="0" cb="0"/><line nr="94" mi="3" ci="0" mb="0" cb="0"/><line nr="100" mi="4" ci="0" mb="0" cb="0"/><counter type="INSTRUCTION" missed="92" covered="0"/><counter type="BRANCH" missed="4" covered="0"/><counter type="LINE" missed="21" covered="0"/><counter type="COMPLEXITY" missed="9" covered="0"/><counter type="METHOD" missed="7" covered="0"/><counter type="CLASS" missed="1" covered="0"/></sourcefile><counter type="INSTRUCTION" missed="2448" covered="707"/><counter type="BRANCH" missed="291" covered="45"/><counter type="LINE" missed="490" covered="173"/><counter type="COMPLEXITY" missed="253" covered="37"/><counter type="METHOD" missed="92" covered="30"/><counter type="CLASS" missed="9" covered="10"/></package><package name="com/google/inject/assistedinject/internal"><class name="com/google/inject/assistedinject/internal/LookupTester$Hidden" sourcefilename="LookupTester.java"><method name="method" desc="()Lcom/google/inject/assistedinject/internal/LookupTester$Hidden;" line="17"><counter type="INSTRUCTION" missed="2" covered="0"/><counter type="LINE" missed="1" covered="0"/><counter type="COMPLEXITY" missed="1" covered="0"/><counter type="METHOD" missed="1" covered="0"/></method><counter type="INSTRUCTION" missed="2" covered="0"/><counter type="LINE" missed="1" covered="0"/><counter type="COMPLEXITY" missed="1" covered="0"/><counter type="METHOD" missed="1" covered="0"/><counter type="CLASS" missed="1" covered="0"/></class><class name="com/google/inject/assistedinject/internal/LookupTester" sourcefilename="LookupTester.java"><method name="&lt;clinit&gt;" desc="()V" line="12"><counter type="INSTRUCTION" missed="0" covered="3"/><counter type="LINE" missed="0" covered="1"/><counter type="COMPLEXITY" missed="0" covered="1"/><counter type="METHOD" missed="0" covered="1"/></method><counter type="INSTRUCTION" missed="0" covered="3"/><counter type="LINE" missed="0" covered="1"/><counter type="COMPLEXITY" missed="0" covered="1"/><counter type="METHOD" missed="0" covered="1"/><counter type="CLASS" missed="0" covered="1"/></class><sourcefile name="LookupTester.java"><line nr="12" mi="0" ci="3" mb="0" cb="0"/><line nr="17" mi="2" ci="0" mb="0" cb="0"/><counter type="INSTRUCTION" missed="2" covered="3"/><counter type="LINE" missed="1" covered="1"/><counter type="COMPLEXITY" missed="1" covered="1"/><counter type="METHOD" missed="1" covered="1"/><counter type="CLASS" missed="1" covered="1"/></sourcefile><counter type="INSTRUCTION" missed="2" covered="3"/><counter type="LINE" missed="1" covered="1"/><counter type="COMPLEXITY" missed="1" covered="1"/><counter type="METHOD" missed="1" covered="1"/><counter type="CLASS" missed="1" covered="1"/></package><counter type="INSTRUCTION" missed="2450" covered="710"/><counter type="BRANCH" missed="291" covered="45"/><counter type="LINE" missed="491" covered="174"/><counter type="COMPLEXITY" missed="254" covered="38"/><counter type="METHOD" missed="93" covered="31"/><counter type="CLASS" missed="10" covered="11"/></report>