* EvoSuite 1.2.0
* Going to generate test cases for class: org.stringtemplate.v4.compiler.STParser
* Starting Client-0
* Connecting to master process on port 21481
* Analyzing classpath: 
  - /home/wtwhite/code/craw-redhat-oss/wget/crawl/repo1.maven.org/maven2/org/antlr/ST4/4.3.3/ST4-4.3.3.jar
  - t/dependency/antlr-runtime-3.5.2.jar
  - t/dependency/hamcrest-core-1.3.jar
  - t/dependency/junit-4.13.2.jar
* Error while initializing target class: Method too large: org/stringtemplate/v4/compiler/STParser.template ()Lorg/stringtemplate/v4/compiler/STParser$template_return;
[MASTER] 12:10:00.739 [logback-2] ERROR TestSuiteGenerator - Problem for org.stringtemplate.v4.compiler.STParser. Full stack:
java.lang.ClassNotFoundException: Method too large: org/stringtemplate/v4/compiler/STParser.template ()Lorg/stringtemplate/v4/compiler/STParser$template_return;
	at org.evosuite.instrumentation.InstrumentingClassLoader.instrumentClass(InstrumentingClassLoader.java:158)
	at org.evosuite.instrumentation.InstrumentingClassLoader.loadClass(InstrumentingClassLoader.java:126)
	at java.lang.Class.forName0(Native Method)
	at java.lang.Class.forName(Class.java:348)
	at sun.reflect.NativeMethodAccessorImpl.invoke0(Native Method)
	at sun.reflect.NativeMethodAccessorImpl.invoke(NativeMethodAccessorImpl.java:62)
	at sun.reflect.DelegatingMethodAccessorImpl.invoke(DelegatingMethodAccessorImpl.java:43)
	at java.lang.reflect.Method.invoke(Method.java:498)
	at org.evosuite.testcase.statements.MethodStatement$1.execute(MethodStatement.java:256)
	at org.evosuite.testcase.statements.AbstractStatement.exceptionHandler(AbstractStatement.java:165)
	at org.evosuite.testcase.statements.MethodStatement.execute(MethodStatement.java:219)
	at org.evosuite.testcase.execution.TestRunnable.executeStatements(TestRunnable.java:286)
	at org.evosuite.testcase.execution.TestRunnable.call(TestRunnable.java:192)
	at org.evosuite.testcase.execution.TestRunnable.call(TestRunnable.java:49)
	at java.util.concurrent.FutureTask.run(FutureTask.java:266)
	at java.util.concurrent.ThreadPoolExecutor.runWorker(ThreadPoolExecutor.java:1149)
	at java.util.concurrent.ThreadPoolExecutor$Worker.run(ThreadPoolExecutor.java:624)
	at java.lang.Thread.run(Thread.java:750)
Caused by: org.evosuite.shaded.org.objectweb.asm.MethodTooLargeException: Method too large: org/stringtemplate/v4/compiler/STParser.template ()Lorg/stringtemplate/v4/compiler/STParser$template_return;
	at org.evosuite.shaded.org.objectweb.asm.MethodWriter.computeMethodInfoSize(MethodWriter.java:2087)
	at org.evosuite.shaded.org.objectweb.asm.ClassWriter.toByteArray(ClassWriter.java:489)
	at org.evosuite.instrumentation.BytecodeInstrumentation.transformBytes(BytecodeInstrumentation.java:292)
	at org.evosuite.instrumentation.InstrumentingClassLoader.getTransformedBytes(InstrumentingClassLoader.java:135)
	at org.evosuite.instrumentation.InstrumentingClassLoader.instrumentClass(InstrumentingClassLoader.java:149)
	... 17 common frames omitted
* Computation finished
[MASTER] 12:10:00.925 [main] ERROR SearchStatistics - No statistics has been saved because EvoSuite failed to generate any test case
[MASTER] 12:10:01.026 [main] ERROR TestGeneration - failed to write statistics data
