JUnit version 4.13.2
..................................E..............
Time: 3.9
There was 1 failure:
1) test33(com.google.common.io.MoreFiles_ESTest)
java.lang.AssertionError: expected:<118> but was:<2>
	at org.junit.Assert.fail(Assert.java:89)
	at org.junit.Assert.failNotEquals(Assert.java:835)
	at org.junit.Assert.assertEquals(Assert.java:647)
	at org.junit.Assert.assertEquals(Assert.java:633)
	at com.google.common.io.MoreFiles_ESTest.test33(MoreFiles_ESTest.java:560)

FAILURES!!!
Tests run: 48,  Failures: 1

