<?xml version="1.0" encoding="UTF-8"?>
<testsuite xmlns:xsi="http://www.w3.org/2001/XMLSchema-instance" xsi:noNamespaceSchemaLocation="https://maven.apache.org/surefire/maven-surefire-plugin/xsd/surefire-test-report-3.0.xsd" version="3.0" name="io.netty.handler.codec.compression.BrotliDecoder_ESTest" time="1.323" tests="1" errors="0" skipped="0" failures="0">
  <properties>
[...]
</properties>
  <testcase name="test0" classname="io.netty.handler.codec.compression.BrotliDecoder_ESTest" time="0.081">
    <system-out><![CDATA[18:07:47.089 [main] INFO org.evosuite.runtime.instrumentation.EvoClassLoader - Seeing class for first time: io.netty.handler.codec.compression.BrotliDecoder_ESTest
18:07:47.091 [main] INFO org.evosuite.runtime.instrumentation.EvoClassLoader - Instrumenting class 'io.netty.handler.codec.compression.BrotliDecoder_ESTest'.
18:07:47.118 [main] INFO org.evosuite.runtime.instrumentation.EvoClassLoader - Seeing class for first time: io.netty.handler.codec.compression.BrotliDecoder_ESTest_scaffolding
18:07:47.118 [main] INFO org.evosuite.runtime.instrumentation.EvoClassLoader - Instrumenting class 'io.netty.handler.codec.compression.BrotliDecoder_ESTest_scaffolding'.
18:07:47.121 [main] INFO org.evosuite.runtime.instrumentation.EvoClassLoader - Keeping class: io.netty.handler.codec.compression.BrotliDecoder_ESTest_scaffolding
18:07:47.121 [main] INFO org.evosuite.runtime.instrumentation.EvoClassLoader - Keeping class: io.netty.handler.codec.compression.BrotliDecoder_ESTest
18:07:47.270 [main] DEBUG org.evosuite.runtime.sandbox.MSecurityManager - Adding privileged thread: "Reference Handler"
18:07:47.270 [main] DEBUG org.evosuite.runtime.sandbox.MSecurityManager - Adding privileged thread: "Finalizer"
18:07:47.270 [main] DEBUG org.evosuite.runtime.sandbox.MSecurityManager - Adding privileged thread: "Signal Dispatcher"
18:07:47.270 [main] DEBUG org.evosuite.runtime.sandbox.MSecurityManager - Adding privileged thread: "Java2D Disposer"
18:07:47.270 [main] DEBUG org.evosuite.runtime.sandbox.MSecurityManager - Adding privileged thread: "AWT-XAWT"
18:07:47.270 [main] DEBUG org.evosuite.runtime.sandbox.MSecurityManager - Adding privileged thread: "process reaper"
18:07:47.270 [main] DEBUG org.evosuite.runtime.sandbox.MSecurityManager - Adding privileged thread: "main"
18:07:47.270 [main] DEBUG org.evosuite.runtime.sandbox.MSecurityManager - Adding privileged thread: "surefire-forkedjvm-stream-flusher"
18:07:47.270 [main] DEBUG org.evosuite.runtime.sandbox.MSecurityManager - Adding privileged thread: "surefire-forkedjvm-command-thread"
18:07:47.296 [main] INFO org.evosuite.runtime.instrumentation.EvoClassLoader - Seeing class for first time: io.netty.util.internal.SystemPropertyUtil$1
18:07:47.296 [main] INFO org.evosuite.runtime.instrumentation.EvoClassLoader - Instrumenting class 'io.netty.util.internal.SystemPropertyUtil$1'.
18:07:47.302 [main] INFO org.evosuite.runtime.instrumentation.MethodCallReplacementClassAdapter - Adding mock interface to class io/netty/util/internal/SystemPropertyUtil$1
18:07:47.396 [main] INFO org.evosuite.runtime.instrumentation.EvoClassLoader - Defined package (3): package io.netty.util.internal, 1713044053
18:07:47.396 [main] INFO org.evosuite.runtime.instrumentation.EvoClassLoader - Keeping class: io.netty.util.internal.SystemPropertyUtil$1
18:07:47.396 [main] INFO org.evosuite.runtime.instrumentation.EvoClassLoader - Seeing class for first time: io.netty.util.internal.shaded.org.jctools.queues.atomic.BaseLinkedAtomicQueueConsumerNodeRef
18:07:47.396 [main] INFO org.evosuite.runtime.instrumentation.EvoClassLoader - Instrumenting class 'io.netty.util.internal.shaded.org.jctools.queues.atomic.BaseLinkedAtomicQueueConsumerNodeRef'.
18:07:47.397 [main] INFO org.evosuite.runtime.instrumentation.MethodCallReplacementClassAdapter - Adding mock interface to class io/netty/util/internal/shaded/org/jctools/queues/atomic/BaseLinkedAtomicQueueConsumerNodeRef
18:07:47.398 [main] INFO org.evosuite.runtime.instrumentation.CreateClassResetClassAdapter - Found static initializer in class io/netty/util/internal/shaded/org/jctools/queues/atomic/BaseLinkedAtomicQueueConsumerNodeRef
18:07:47.399 [main] INFO org.evosuite.runtime.instrumentation.EvoClassLoader - Defined package (3): package io.netty.util.internal.shaded.org.jctools.queues.atomic, 1662774531
18:07:47.399 [main] INFO org.evosuite.runtime.instrumentation.EvoClassLoader - Seeing class for first time: io.netty.util.internal.shaded.org.jctools.queues.atomic.BaseLinkedAtomicQueuePad1
18:07:47.399 [main] INFO org.evosuite.runtime.instrumentation.EvoClassLoader - Instrumenting class 'io.netty.util.internal.shaded.org.jctools.queues.atomic.BaseLinkedAtomicQueuePad1'.
18:07:47.401 [main] INFO org.evosuite.runtime.instrumentation.MethodCallReplacementClassAdapter - Adding mock interface to class io/netty/util/internal/shaded/org/jctools/queues/atomic/BaseLinkedAtomicQueuePad1
18:07:47.402 [main] INFO org.evosuite.runtime.instrumentation.CreateClassResetClassAdapter - Creating brand-new static initializer in class io/netty/util/internal/shaded/org/jctools/queues/atomic/BaseLinkedAtomicQueuePad1
18:07:47.403 [main] INFO org.evosuite.runtime.instrumentation.EvoClassLoader - Seeing class for first time: io.netty.util.internal.shaded.org.jctools.queues.atomic.BaseLinkedAtomicQueueProducerNodeRef
18:07:47.403 [main] INFO org.evosuite.runtime.instrumentation.EvoClassLoader - Instrumenting class 'io.netty.util.internal.shaded.org.jctools.queues.atomic.BaseLinkedAtomicQueueProducerNodeRef'.
18:07:47.404 [main] INFO org.evosuite.runtime.instrumentation.MethodCallReplacementClassAdapter - Adding mock interface to class io/netty/util/internal/shaded/org/jctools/queues/atomic/BaseLinkedAtomicQueueProducerNodeRef
18:07:47.406 [main] INFO org.evosuite.runtime.instrumentation.CreateClassResetClassAdapter - Found static initializer in class io/netty/util/internal/shaded/org/jctools/queues/atomic/BaseLinkedAtomicQueueProducerNodeRef
18:07:47.407 [main] INFO org.evosuite.runtime.instrumentation.EvoClassLoader - Seeing class for first time: io.netty.util.internal.shaded.org.jctools.queues.atomic.BaseLinkedAtomicQueuePad0
18:07:47.407 [main] INFO org.evosuite.runtime.instrumentation.EvoClassLoader - Instrumenting class 'io.netty.util.internal.shaded.org.jctools.queues.atomic.BaseLinkedAtomicQueuePad0'.
18:07:47.409 [main] INFO org.evosuite.runtime.instrumentation.MethodCallReplacementClassAdapter - Adding mock interface to class io/netty/util/internal/shaded/org/jctools/queues/atomic/BaseLinkedAtomicQueuePad0
18:07:47.410 [main] INFO org.evosuite.runtime.instrumentation.CreateClassResetClassAdapter - Creating brand-new static initializer in class io/netty/util/internal/shaded/org/jctools/queues/atomic/BaseLinkedAtomicQueuePad0
18:07:47.410 [main] INFO org.evosuite.runtime.instrumentation.EvoClassLoader - Seeing class for first time: io.netty.util.internal.shaded.org.jctools.queues.MessagePassingQueue
18:07:47.410 [main] INFO org.evosuite.runtime.instrumentation.EvoClassLoader - Instrumenting class 'io.netty.util.internal.shaded.org.jctools.queues.MessagePassingQueue'.
18:07:47.412 [main] INFO org.evosuite.runtime.instrumentation.EvoClassLoader - Defined package (3): package io.netty.util.internal.shaded.org.jctools.queues, 1012279830
18:07:47.413 [main] INFO org.evosuite.runtime.instrumentation.EvoClassLoader - Keeping class: io.netty.util.internal.shaded.org.jctools.queues.MessagePassingQueue
18:07:47.413 [main] INFO org.evosuite.runtime.instrumentation.EvoClassLoader - Keeping class: io.netty.util.internal.shaded.org.jctools.queues.atomic.BaseLinkedAtomicQueuePad0
18:07:47.414 [main] INFO org.evosuite.runtime.instrumentation.EvoClassLoader - Keeping class: io.netty.util.internal.shaded.org.jctools.queues.atomic.BaseLinkedAtomicQueueProducerNodeRef
18:07:47.414 [main] INFO org.evosuite.runtime.instrumentation.EvoClassLoader - Keeping class: io.netty.util.internal.shaded.org.jctools.queues.atomic.BaseLinkedAtomicQueuePad1
18:07:47.414 [main] INFO org.evosuite.runtime.instrumentation.EvoClassLoader - Keeping class: io.netty.util.internal.shaded.org.jctools.queues.atomic.BaseLinkedAtomicQueueConsumerNodeRef
18:07:47.414 [main] INFO org.evosuite.runtime.instrumentation.EvoClassLoader - Seeing class for first time: io.netty.util.internal.shaded.org.jctools.queues.atomic.LinkedQueueAtomicNode
18:07:47.414 [main] INFO org.evosuite.runtime.instrumentation.EvoClassLoader - Instrumenting class 'io.netty.util.internal.shaded.org.jctools.queues.atomic.LinkedQueueAtomicNode'.
18:07:47.415 [main] INFO org.evosuite.runtime.instrumentation.MethodCallReplacementClassAdapter - Adding mock interface to class io/netty/util/internal/shaded/org/jctools/queues/atomic/LinkedQueueAtomicNode
18:07:47.416 [main] INFO org.evosuite.runtime.instrumentation.CreateClassResetClassAdapter - Creating brand-new static initializer in class io/netty/util/internal/shaded/org/jctools/queues/atomic/LinkedQueueAtomicNode
18:07:47.416 [main] INFO org.evosuite.runtime.instrumentation.EvoClassLoader - Keeping class: io.netty.util.internal.shaded.org.jctools.queues.atomic.LinkedQueueAtomicNode
18:07:47.417 [main] INFO org.evosuite.runtime.instrumentation.EvoClassLoader - Seeing class for first time: io.netty.util.internal.shaded.org.jctools.queues.IndexedQueueSizeUtil$IndexedQueue
18:07:47.417 [main] INFO org.evosuite.runtime.instrumentation.EvoClassLoader - Instrumenting class 'io.netty.util.internal.shaded.org.jctools.queues.IndexedQueueSizeUtil$IndexedQueue'.
18:07:47.418 [main] INFO org.evosuite.runtime.instrumentation.EvoClassLoader - Keeping class: io.netty.util.internal.shaded.org.jctools.queues.IndexedQueueSizeUtil$IndexedQueue
18:07:47.418 [main] INFO org.evosuite.runtime.instrumentation.EvoClassLoader - Seeing class for first time: io.netty.util.internal.Cleaner
18:07:47.418 [main] INFO org.evosuite.runtime.instrumentation.EvoClassLoader - Instrumenting class 'io.netty.util.internal.Cleaner'.
18:07:47.418 [main] INFO org.evosuite.runtime.instrumentation.EvoClassLoader - Keeping class: io.netty.util.internal.Cleaner
18:07:47.419 [main] INFO org.evosuite.runtime.instrumentation.EvoClassLoader - Seeing class for first time: io.netty.util.IllegalReferenceCountException
18:07:47.419 [main] INFO org.evosuite.runtime.instrumentation.EvoClassLoader - Instrumenting class 'io.netty.util.IllegalReferenceCountException'.
18:07:47.419 [main] INFO org.evosuite.runtime.instrumentation.MethodCallReplacementClassAdapter - Adding mock interface to class io/netty/util/IllegalReferenceCountException
18:07:47.421 [main] INFO org.evosuite.runtime.instrumentation.CreateClassResetClassAdapter - Creating brand-new static initializer in class io/netty/util/IllegalReferenceCountException
18:07:47.421 [main] INFO org.evosuite.runtime.instrumentation.EvoClassLoader - Keeping class: io.netty.util.IllegalReferenceCountException
18:07:47.421 [main] INFO org.evosuite.runtime.instrumentation.EvoClassLoader - Seeing class for first time: io.netty.util.internal.shaded.org.jctools.queues.MpscArrayQueueL1Pad
18:07:47.421 [main] INFO org.evosuite.runtime.instrumentation.EvoClassLoader - Instrumenting class 'io.netty.util.internal.shaded.org.jctools.queues.MpscArrayQueueL1Pad'.
18:07:47.422 [main] INFO org.evosuite.runtime.instrumentation.MethodCallReplacementClassAdapter - Adding mock interface to class io/netty/util/internal/shaded/org/jctools/queues/MpscArrayQueueL1Pad
18:07:47.422 [main] INFO org.evosuite.runtime.instrumentation.CreateClassResetClassAdapter - Creating brand-new static initializer in class io/netty/util/internal/shaded/org/jctools/queues/MpscArrayQueueL1Pad
18:07:47.422 [main] INFO org.evosuite.runtime.instrumentation.EvoClassLoader - Seeing class for first time: io.netty.util.internal.shaded.org.jctools.queues.ConcurrentCircularArrayQueue
18:07:47.422 [main] INFO org.evosuite.runtime.instrumentation.EvoClassLoader - Instrumenting class 'io.netty.util.internal.shaded.org.jctools.queues.ConcurrentCircularArrayQueue'.
18:07:47.423 [main] INFO org.evosuite.runtime.instrumentation.MethodCallReplacementClassAdapter - Adding mock interface to class io/netty/util/internal/shaded/org/jctools/queues/ConcurrentCircularArrayQueue
18:07:47.424 [main] INFO org.evosuite.runtime.instrumentation.CreateClassResetClassAdapter - Creating brand-new static initializer in class io/netty/util/internal/shaded/org/jctools/queues/ConcurrentCircularArrayQueue
18:07:47.424 [main] INFO org.evosuite.runtime.instrumentation.EvoClassLoader - Seeing class for first time: io.netty.util.internal.shaded.org.jctools.queues.QueueProgressIndicators
18:07:47.425 [main] INFO org.evosuite.runtime.instrumentation.EvoClassLoader - Instrumenting class 'io.netty.util.internal.shaded.org.jctools.queues.QueueProgressIndicators'.
18:07:47.426 [main] INFO org.evosuite.runtime.instrumentation.EvoClassLoader - Keeping class: io.netty.util.internal.shaded.org.jctools.queues.QueueProgressIndicators
18:07:47.426 [main] INFO org.evosuite.runtime.instrumentation.EvoClassLoader - Seeing class for first time: io.netty.util.internal.shaded.org.jctools.queues.SupportsIterator
18:07:47.426 [main] INFO org.evosuite.runtime.instrumentation.EvoClassLoader - Instrumenting class 'io.netty.util.internal.shaded.org.jctools.queues.SupportsIterator'.
18:07:47.436 [main] INFO org.evosuite.runtime.instrumentation.EvoClassLoader - Keeping class: io.netty.util.internal.shaded.org.jctools.queues.SupportsIterator
18:07:47.436 [main] INFO org.evosuite.runtime.instrumentation.EvoClassLoader - Seeing class for first time: io.netty.util.internal.shaded.org.jctools.queues.ConcurrentCircularArrayQueueL0Pad
18:07:47.436 [main] INFO org.evosuite.runtime.instrumentation.EvoClassLoader - Instrumenting class 'io.netty.util.internal.shaded.org.jctools.queues.ConcurrentCircularArrayQueueL0Pad'.
18:07:47.437 [main] INFO org.evosuite.runtime.instrumentation.MethodCallReplacementClassAdapter - Adding mock interface to class io/netty/util/internal/shaded/org/jctools/queues/ConcurrentCircularArrayQueueL0Pad
18:07:47.437 [main] INFO org.evosuite.runtime.instrumentation.CreateClassResetClassAdapter - Creating brand-new static initializer in class io/netty/util/internal/shaded/org/jctools/queues/ConcurrentCircularArrayQueueL0Pad
18:07:47.438 [main] INFO org.evosuite.runtime.instrumentation.EvoClassLoader - Keeping class: io.netty.util.internal.shaded.org.jctools.queues.ConcurrentCircularArrayQueueL0Pad
18:07:47.438 [main] INFO org.evosuite.runtime.instrumentation.EvoClassLoader - Keeping class: io.netty.util.internal.shaded.org.jctools.queues.ConcurrentCircularArrayQueue
18:07:47.438 [main] INFO org.evosuite.runtime.instrumentation.EvoClassLoader - Keeping class: io.netty.util.internal.shaded.org.jctools.queues.MpscArrayQueueL1Pad
18:07:47.438 [main] INFO org.evosuite.runtime.instrumentation.EvoClassLoader - Seeing class for first time: io.netty.channel.ChannelInboundHandlerAdapter
18:07:47.438 [main] INFO org.evosuite.runtime.instrumentation.EvoClassLoader - Instrumenting class 'io.netty.channel.ChannelInboundHandlerAdapter'.
18:07:47.439 [main] INFO org.evosuite.runtime.instrumentation.MethodCallReplacementClassAdapter - Adding mock interface to class io/netty/channel/ChannelInboundHandlerAdapter
18:07:47.441 [main] INFO org.evosuite.runtime.instrumentation.CreateClassResetClassAdapter - Creating brand-new static initializer in class io/netty/channel/ChannelInboundHandlerAdapter
18:07:47.441 [main] INFO org.evosuite.runtime.instrumentation.EvoClassLoader - Defined package (3): package io.netty.channel, -1443455697
18:07:47.441 [main] INFO org.evosuite.runtime.instrumentation.EvoClassLoader - Seeing class for first time: io.netty.channel.ChannelInboundHandler
18:07:47.441 [main] INFO org.evosuite.runtime.instrumentation.EvoClassLoader - Instrumenting class 'io.netty.channel.ChannelInboundHandler'.
18:07:47.442 [main] INFO org.evosuite.runtime.instrumentation.EvoClassLoader - Seeing class for first time: io.netty.channel.ChannelHandler
18:07:47.442 [main] INFO org.evosuite.runtime.instrumentation.EvoClassLoader - Instrumenting class 'io.netty.channel.ChannelHandler'.
18:07:47.442 [main] INFO org.evosuite.runtime.instrumentation.EvoClassLoader - Keeping class: io.netty.channel.ChannelHandler
18:07:47.443 [main] INFO org.evosuite.runtime.instrumentation.EvoClassLoader - Keeping class: io.netty.channel.ChannelInboundHandler
18:07:47.443 [main] INFO org.evosuite.runtime.instrumentation.EvoClassLoader - Seeing class for first time: io.netty.channel.ChannelHandlerAdapter
18:07:47.443 [main] INFO org.evosuite.runtime.instrumentation.EvoClassLoader - Instrumenting class 'io.netty.channel.ChannelHandlerAdapter'.
18:07:47.443 [main] INFO org.evosuite.runtime.instrumentation.MethodCallReplacementClassAdapter - Adding mock interface to class io/netty/channel/ChannelHandlerAdapter
18:07:47.452 [main] INFO org.evosuite.runtime.instrumentation.CreateClassResetClassAdapter - Creating brand-new static initializer in class io/netty/channel/ChannelHandlerAdapter
18:07:47.452 [main] INFO org.evosuite.runtime.instrumentation.EvoClassLoader - Keeping class: io.netty.channel.ChannelHandlerAdapter
18:07:47.453 [main] INFO org.evosuite.runtime.instrumentation.EvoClassLoader - Keeping class: io.netty.channel.ChannelInboundHandlerAdapter
18:07:47.455 [main] INFO org.evosuite.runtime.instrumentation.EvoClassLoader - Seeing class for first time: io.netty.util.internal.logging.LocationAwareSlf4JLogger
18:07:47.455 [main] INFO org.evosuite.runtime.instrumentation.EvoClassLoader - Instrumenting class 'io.netty.util.internal.logging.LocationAwareSlf4JLogger'.
18:07:47.456 [main] INFO org.evosuite.runtime.instrumentation.MethodCallReplacementClassAdapter - Adding mock interface to class io/netty/util/internal/logging/LocationAwareSlf4JLogger
18:07:47.459 [main] INFO org.evosuite.runtime.instrumentation.CreateClassResetClassAdapter - Found static initializer in class io/netty/util/internal/logging/LocationAwareSlf4JLogger
18:07:47.459 [main] INFO org.evosuite.runtime.instrumentation.EvoClassLoader - Defined package (3): package io.netty.util.internal.logging, 2048307398
18:07:47.460 [main] INFO org.evosuite.runtime.instrumentation.EvoClassLoader - Seeing class for first time: io.netty.util.internal.logging.AbstractInternalLogger
18:07:47.460 [main] INFO org.evosuite.runtime.instrumentation.EvoClassLoader - Instrumenting class 'io.netty.util.internal.logging.AbstractInternalLogger'.
18:07:47.461 [main] INFO org.evosuite.runtime.instrumentation.MethodCallReplacementClassAdapter - Adding mock interface to class io/netty/util/internal/logging/AbstractInternalLogger
18:07:47.465 [main] INFO org.evosuite.runtime.instrumentation.CreateClassResetClassAdapter - Creating brand-new static initializer in class io/netty/util/internal/logging/AbstractInternalLogger
18:07:47.465 [main] INFO org.evosuite.runtime.instrumentation.CreateClassResetClassAdapter - Adding bytecode for initializing field EXCEPTION_MESSAGE
18:07:47.465 [main] INFO org.evosuite.runtime.instrumentation.EvoClassLoader - Seeing class for first time: io.netty.util.internal.logging.InternalLogger
18:07:47.465 [main] INFO org.evosuite.runtime.instrumentation.EvoClassLoader - Instrumenting class 'io.netty.util.internal.logging.InternalLogger'.
18:07:47.466 [main] INFO org.evosuite.runtime.instrumentation.EvoClassLoader - Keeping class: io.netty.util.internal.logging.InternalLogger
18:07:47.467 [main] INFO org.evosuite.runtime.instrumentation.EvoClassLoader - Keeping class: io.netty.util.internal.logging.AbstractInternalLogger
18:07:47.467 [main] INFO org.evosuite.runtime.instrumentation.EvoClassLoader - Keeping class: io.netty.util.internal.logging.LocationAwareSlf4JLogger
18:07:47.468 [main] INFO org.evosuite.runtime.instrumentation.EvoClassLoader - Seeing class for first time: io.netty.util.internal.PlatformDependent0
18:07:47.468 [main] INFO org.evosuite.runtime.instrumentation.EvoClassLoader - Instrumenting class 'io.netty.util.internal.PlatformDependent0'.
18:07:47.480 [main] INFO org.evosuite.runtime.instrumentation.MethodCallReplacementClassAdapter - Adding mock interface to class io/netty/util/internal/PlatformDependent0
18:07:47.492 [main] INFO org.evosuite.runtime.instrumentation.CreateClassResetClassAdapter - Found static initializer in class io/netty/util/internal/PlatformDependent0
18:07:47.509 [main] INFO org.evosuite.runtime.instrumentation.EvoClassLoader - Keeping class: io.netty.util.internal.PlatformDependent0
18:07:47.511 [main] INFO org.evosuite.runtime.instrumentation.EvoClassLoader - Seeing class for first time: io.netty.util.internal.logging.InternalLoggerFactory
18:07:47.511 [main] INFO org.evosuite.runtime.instrumentation.EvoClassLoader - Instrumenting class 'io.netty.util.internal.logging.InternalLoggerFactory'.
18:07:47.512 [main] INFO org.evosuite.runtime.instrumentation.MethodCallReplacementClassAdapter - Adding mock interface to class io/netty/util/internal/logging/InternalLoggerFactory
18:07:47.514 [main] INFO org.evosuite.runtime.instrumentation.CreateClassResetClassAdapter - Creating brand-new static initializer in class io/netty/util/internal/logging/InternalLoggerFactory
18:07:47.514 [main] INFO org.evosuite.runtime.instrumentation.CreateClassResetClassAdapter - Adding bytecode for initializing field defaultFactory
18:07:47.514 [main] INFO org.evosuite.runtime.instrumentation.EvoClassLoader - Keeping class: io.netty.util.internal.logging.InternalLoggerFactory
18:07:47.514 [main] INFO org.evosuite.runtime.instrumentation.EvoClassLoader - Seeing class for first time: io.netty.util.internal.logging.Slf4JLoggerFactory
18:07:47.514 [main] INFO org.evosuite.runtime.instrumentation.EvoClassLoader - Instrumenting class 'io.netty.util.internal.logging.Slf4JLoggerFactory'.
18:07:47.516 [main] INFO org.evosuite.runtime.instrumentation.MethodCallReplacementClassAdapter - Adding mock interface to class io/netty/util/internal/logging/Slf4JLoggerFactory
18:07:47.521 [main] INFO org.evosuite.runtime.instrumentation.CreateClassResetClassAdapter - Found static initializer in class io/netty/util/internal/logging/Slf4JLoggerFactory
18:07:47.522 [main] INFO org.evosuite.runtime.instrumentation.EvoClassLoader - Keeping class: io.netty.util.internal.logging.Slf4JLoggerFactory
18:07:47.523 [main] INFO org.evosuite.runtime.instrumentation.EvoClassLoader - Seeing class for first time: io.netty.util.internal.logging.Slf4JLogger
18:07:47.523 [main] INFO org.evosuite.runtime.instrumentation.EvoClassLoader - Instrumenting class 'io.netty.util.internal.logging.Slf4JLogger'.
18:07:47.524 [main] INFO org.evosuite.runtime.instrumentation.MethodCallReplacementClassAdapter - Adding mock interface to class io/netty/util/internal/logging/Slf4JLogger
18:07:47.528 [main] INFO org.evosuite.runtime.instrumentation.CreateClassResetClassAdapter - Creating brand-new static initializer in class io/netty/util/internal/logging/Slf4JLogger
18:07:47.529 [main] INFO org.evosuite.runtime.instrumentation.EvoClassLoader - Keeping class: io.netty.util.internal.logging.Slf4JLogger
18:07:47.530 [main] INFO org.evosuite.runtime.instrumentation.EvoClassLoader - Seeing class for first time: io.netty.util.internal.logging.Slf4JLoggerFactory$NopInstanceHolder
18:07:47.530 [main] INFO org.evosuite.runtime.instrumentation.EvoClassLoader - Instrumenting class 'io.netty.util.internal.logging.Slf4JLoggerFactory$NopInstanceHolder'.
18:07:47.532 [main] INFO org.evosuite.runtime.instrumentation.MethodCallReplacementClassAdapter - Adding mock interface to class io/netty/util/internal/logging/Slf4JLoggerFactory$NopInstanceHolder
18:07:47.534 [main] INFO org.evosuite.runtime.instrumentation.CreateClassResetClassAdapter - Found static initializer in class io/netty/util/internal/logging/Slf4JLoggerFactory$NopInstanceHolder
18:07:47.534 [main] INFO org.evosuite.runtime.instrumentation.EvoClassLoader - Keeping class: io.netty.util.internal.logging.Slf4JLoggerFactory$NopInstanceHolder
18:07:47.536 [main] INFO org.evosuite.runtime.instrumentation.EvoClassLoader - Seeing class for first time: io.netty.util.internal.ObjectUtil
18:07:47.536 [main] INFO org.evosuite.runtime.instrumentation.EvoClassLoader - Instrumenting class 'io.netty.util.internal.ObjectUtil'.
18:07:47.537 [main] INFO org.evosuite.runtime.instrumentation.MethodCallReplacementClassAdapter - Adding mock interface to class io/netty/util/internal/ObjectUtil
18:07:47.548 [main] INFO org.evosuite.runtime.instrumentation.CreateClassResetClassAdapter - Creating brand-new static initializer in class io/netty/util/internal/ObjectUtil
18:07:47.548 [main] INFO org.evosuite.runtime.instrumentation.CreateClassResetClassAdapter - Adding bytecode for initializing field FLOAT_ZERO
18:07:47.549 [main] INFO org.evosuite.runtime.instrumentation.CreateClassResetClassAdapter - Adding bytecode for initializing field DOUBLE_ZERO
18:07:47.549 [main] INFO org.evosuite.runtime.instrumentation.CreateClassResetClassAdapter - Adding bytecode for initializing field LONG_ZERO
18:07:47.549 [main] INFO org.evosuite.runtime.instrumentation.CreateClassResetClassAdapter - Adding bytecode for initializing field INT_ZERO
18:07:47.550 [main] INFO org.evosuite.runtime.instrumentation.EvoClassLoader - Keeping class: io.netty.util.internal.ObjectUtil
18:07:47.551 [main] DEBUG io.netty.util.internal.logging.InternalLoggerFactory - Using SLF4J as the default logging framework
18:07:47.551 [main] INFO org.evosuite.runtime.instrumentation.EvoClassLoader - Seeing class for first time: io.netty.util.internal.SystemPropertyUtil
18:07:47.552 [main] INFO org.evosuite.runtime.instrumentation.EvoClassLoader - Instrumenting class 'io.netty.util.internal.SystemPropertyUtil'.
18:07:47.553 [main] INFO org.evosuite.runtime.instrumentation.MethodCallReplacementClassAdapter - Adding mock interface to class io/netty/util/internal/SystemPropertyUtil
18:07:47.556 [main] INFO org.evosuite.runtime.instrumentation.CreateClassResetClassAdapter - Found static initializer in class io/netty/util/internal/SystemPropertyUtil
18:07:47.557 [main] INFO org.evosuite.runtime.instrumentation.EvoClassLoader - Keeping class: io.netty.util.internal.SystemPropertyUtil
18:07:47.568 [main] DEBUG io.netty.util.internal.PlatformDependent0 - -Dio.netty.noUnsafe: false
18:07:47.570 [main] DEBUG io.netty.util.internal.PlatformDependent0 - Java version: 8
18:07:47.571 [main] INFO org.evosuite.runtime.instrumentation.EvoClassLoader - Seeing class for first time: io.netty.util.internal.PlatformDependent0$1
18:07:47.571 [main] INFO org.evosuite.runtime.instrumentation.EvoClassLoader - Instrumenting class 'io.netty.util.internal.PlatformDependent0$1'.
18:07:47.572 [main] INFO org.evosuite.runtime.instrumentation.MethodCallReplacementClassAdapter - Adding mock interface to class io/netty/util/internal/PlatformDependent0$1
18:07:47.574 [main] INFO org.evosuite.runtime.instrumentation.EvoClassLoader - Keeping class: io.netty.util.internal.PlatformDependent0$1
18:07:47.575 [main] INFO org.evosuite.runtime.instrumentation.EvoClassLoader - Seeing class for first time: io.netty.util.internal.ReflectionUtil
18:07:47.575 [main] INFO org.evosuite.runtime.instrumentation.EvoClassLoader - Instrumenting class 'io.netty.util.internal.ReflectionUtil'.
18:07:47.576 [main] INFO org.evosuite.runtime.instrumentation.MethodCallReplacementClassAdapter - Adding mock interface to class io/netty/util/internal/ReflectionUtil
18:07:47.577 [main] INFO org.evosuite.runtime.instrumentation.CreateClassResetClassAdapter - Creating brand-new static initializer in class io/netty/util/internal/ReflectionUtil
18:07:47.578 [main] INFO org.evosuite.runtime.instrumentation.EvoClassLoader - Keeping class: io.netty.util.internal.ReflectionUtil
18:07:47.578 [main] DEBUG io.netty.util.internal.PlatformDependent0 - sun.misc.Unsafe.theUnsafe: available
18:07:47.578 [main] INFO org.evosuite.runtime.instrumentation.EvoClassLoader - Seeing class for first time: io.netty.util.internal.PlatformDependent0$2
18:07:47.579 [main] INFO org.evosuite.runtime.instrumentation.EvoClassLoader - Instrumenting class 'io.netty.util.internal.PlatformDependent0$2'.
18:07:47.580 [main] INFO org.evosuite.runtime.instrumentation.MethodCallReplacementClassAdapter - Adding mock interface to class io/netty/util/internal/PlatformDependent0$2
18:07:47.581 [main] INFO org.evosuite.runtime.instrumentation.EvoClassLoader - Keeping class: io.netty.util.internal.PlatformDependent0$2
18:07:47.582 [main] DEBUG io.netty.util.internal.PlatformDependent0 - sun.misc.Unsafe.copyMemory: available
18:07:47.582 [main] INFO org.evosuite.runtime.instrumentation.EvoClassLoader - Seeing class for first time: io.netty.util.internal.PlatformDependent0$3
18:07:47.582 [main] INFO org.evosuite.runtime.instrumentation.EvoClassLoader - Instrumenting class 'io.netty.util.internal.PlatformDependent0$3'.
18:07:47.584 [main] INFO org.evosuite.runtime.instrumentation.MethodCallReplacementClassAdapter - Adding mock interface to class io/netty/util/internal/PlatformDependent0$3
18:07:47.585 [main] INFO org.evosuite.runtime.instrumentation.EvoClassLoader - Keeping class: io.netty.util.internal.PlatformDependent0$3
18:07:47.585 [main] DEBUG io.netty.util.internal.PlatformDependent0 - sun.misc.Unsafe.storeFence: available
18:07:47.585 [main] INFO org.evosuite.runtime.instrumentation.EvoClassLoader - Seeing class for first time: io.netty.util.internal.PlatformDependent0$4
18:07:47.585 [main] INFO org.evosuite.runtime.instrumentation.EvoClassLoader - Instrumenting class 'io.netty.util.internal.PlatformDependent0$4'.
18:07:47.586 [main] INFO org.evosuite.runtime.instrumentation.MethodCallReplacementClassAdapter - Adding mock interface to class io/netty/util/internal/PlatformDependent0$4
18:07:47.588 [main] INFO org.evosuite.runtime.instrumentation.EvoClassLoader - Keeping class: io.netty.util.internal.PlatformDependent0$4
18:07:47.589 [main] DEBUG io.netty.util.internal.PlatformDependent0 - java.nio.Buffer.address: available
18:07:47.589 [main] INFO org.evosuite.runtime.instrumentation.EvoClassLoader - Seeing class for first time: io.netty.util.internal.PlatformDependent0$5
18:07:47.589 [main] INFO org.evosuite.runtime.instrumentation.EvoClassLoader - Instrumenting class 'io.netty.util.internal.PlatformDependent0$5'.
18:07:47.590 [main] INFO org.evosuite.runtime.instrumentation.MethodCallReplacementClassAdapter - Adding mock interface to class io/netty/util/internal/PlatformDependent0$5
18:07:47.592 [main] INFO org.evosuite.runtime.instrumentation.EvoClassLoader - Keeping class: io.netty.util.internal.PlatformDependent0$5
18:07:47.593 [main] DEBUG io.netty.util.internal.PlatformDependent0 - direct buffer constructor: available
18:07:47.593 [main] INFO org.evosuite.runtime.instrumentation.EvoClassLoader - Seeing class for first time: io.netty.util.internal.PlatformDependent0$6
18:07:47.594 [main] INFO org.evosuite.runtime.instrumentation.EvoClassLoader - Instrumenting class 'io.netty.util.internal.PlatformDependent0$6'.
18:07:47.595 [main] INFO org.evosuite.runtime.instrumentation.MethodCallReplacementClassAdapter - Adding mock interface to class io/netty/util/internal/PlatformDependent0$6
18:07:47.600 [main] INFO org.evosuite.runtime.instrumentation.EvoClassLoader - Keeping class: io.netty.util.internal.PlatformDependent0$6
18:07:47.601 [main] INFO org.evosuite.runtime.instrumentation.EvoClassLoader - Seeing class for first time: io.netty.util.internal.PlatformDependent0$12
18:07:47.602 [main] INFO org.evosuite.runtime.instrumentation.EvoClassLoader - Instrumenting class 'io.netty.util.internal.PlatformDependent0$12'.
18:07:47.603 [main] INFO org.evosuite.runtime.instrumentation.MethodCallReplacementClassAdapter - Adding mock interface to class io/netty/util/internal/PlatformDependent0$12
18:07:47.604 [main] INFO org.evosuite.runtime.instrumentation.EvoClassLoader - Keeping class: io.netty.util.internal.PlatformDependent0$12
18:07:47.605 [main] DEBUG io.netty.util.internal.PlatformDependent0 - java.nio.Bits.unaligned: available, true
18:07:47.605 [main] DEBUG io.netty.util.internal.PlatformDependent0 - jdk.internal.misc.Unsafe.allocateUninitializedArray(int): unavailable prior to Java9
18:07:47.606 [main] DEBUG io.netty.util.internal.PlatformDependent0 - java.nio.DirectByteBuffer.<init>(long, {int,long}): available
18:07:47.606 [main] INFO org.evosuite.runtime.instrumentation.EvoClassLoader - Seeing class for first time: io.netty.handler.codec.compression.BrotliDecoder
18:07:47.606 [main] INFO org.evosuite.runtime.instrumentation.EvoClassLoader - Instrumenting class 'io.netty.handler.codec.compression.BrotliDecoder'.
18:07:47.608 [main] INFO org.evosuite.runtime.instrumentation.MethodCallReplacementClassAdapter - Adding mock interface to class io/netty/handler/codec/compression/BrotliDecoder
18:07:47.610 [main] INFO org.evosuite.runtime.instrumentation.CreateClassResetClassAdapter - Found static initializer in class io/netty/handler/codec/compression/BrotliDecoder
18:07:47.611 [main] INFO org.evosuite.runtime.instrumentation.EvoClassLoader - Seeing class for first time: io.netty.handler.codec.ByteToMessageDecoder
18:07:47.612 [main] INFO org.evosuite.runtime.instrumentation.EvoClassLoader - Instrumenting class 'io.netty.handler.codec.ByteToMessageDecoder'.
18:07:47.613 [main] INFO org.evosuite.runtime.instrumentation.MethodCallReplacementClassAdapter - Adding mock interface to class io/netty/handler/codec/ByteToMessageDecoder
18:07:47.619 [main] INFO org.evosuite.runtime.instrumentation.CreateClassResetClassAdapter - Found static initializer in class io/netty/handler/codec/ByteToMessageDecoder
18:07:47.620 [main] INFO org.evosuite.runtime.instrumentation.EvoClassLoader - Defined package (3): package io.netty.handler.codec, -1568242786
18:07:47.620 [main] INFO org.evosuite.runtime.instrumentation.EvoClassLoader - Keeping class: io.netty.handler.codec.ByteToMessageDecoder
18:07:47.620 [main] INFO org.evosuite.runtime.instrumentation.EvoClassLoader - Keeping class: io.netty.handler.codec.compression.BrotliDecoder
18:07:47.620 [main] INFO org.evosuite.runtime.instrumentation.EvoClassLoader - Seeing class for first time: io.netty.handler.codec.ByteToMessageDecoder$Cumulator
18:07:47.621 [main] INFO org.evosuite.runtime.instrumentation.EvoClassLoader - Instrumenting class 'io.netty.handler.codec.ByteToMessageDecoder$Cumulator'.
18:07:47.622 [main] INFO org.evosuite.runtime.instrumentation.EvoClassLoader - Keeping class: io.netty.handler.codec.ByteToMessageDecoder$Cumulator
18:07:47.622 [main] INFO org.evosuite.runtime.instrumentation.EvoClassLoader - Seeing class for first time: io.netty.handler.codec.DecoderException
18:07:47.623 [main] INFO org.evosuite.runtime.instrumentation.EvoClassLoader - Instrumenting class 'io.netty.handler.codec.DecoderException'.
18:07:47.624 [main] INFO org.evosuite.runtime.instrumentation.MethodCallReplacementClassAdapter - Adding mock interface to class io/netty/handler/codec/DecoderException
18:07:47.624 [main] INFO org.evosuite.runtime.instrumentation.CreateClassResetClassAdapter - Creating brand-new static initializer in class io/netty/handler/codec/DecoderException
18:07:47.624 [main] INFO org.evosuite.runtime.instrumentation.EvoClassLoader - Seeing class for first time: io.netty.handler.codec.CodecException
18:07:47.624 [main] INFO org.evosuite.runtime.instrumentation.EvoClassLoader - Instrumenting class 'io.netty.handler.codec.CodecException'.
18:07:47.625 [main] INFO org.evosuite.runtime.instrumentation.MethodCallReplacementClassAdapter - Adding mock interface to class io/netty/handler/codec/CodecException
18:07:47.625 [main] INFO org.evosuite.runtime.instrumentation.CreateClassResetClassAdapter - Creating brand-new static initializer in class io/netty/handler/codec/CodecException
18:07:47.626 [main] INFO org.evosuite.runtime.instrumentation.EvoClassLoader - Keeping class: io.netty.handler.codec.CodecException
18:07:47.626 [main] INFO org.evosuite.runtime.instrumentation.EvoClassLoader - Keeping class: io.netty.handler.codec.DecoderException
18:07:47.628 [main] INFO org.evosuite.runtime.instrumentation.EvoClassLoader - Seeing class for first time: io.netty.handler.codec.compression.DecompressionException
18:07:47.628 [main] INFO org.evosuite.runtime.instrumentation.EvoClassLoader - Instrumenting class 'io.netty.handler.codec.compression.DecompressionException'.
18:07:47.629 [main] INFO org.evosuite.runtime.instrumentation.MethodCallReplacementClassAdapter - Adding mock interface to class io/netty/handler/codec/compression/DecompressionException
18:07:47.631 [main] INFO org.evosuite.runtime.instrumentation.CreateClassResetClassAdapter - Creating brand-new static initializer in class io/netty/handler/codec/compression/DecompressionException
18:07:47.631 [main] INFO org.evosuite.runtime.instrumentation.EvoClassLoader - Keeping class: io.netty.handler.codec.compression.DecompressionException
18:07:47.631 [main] INFO org.evosuite.runtime.instrumentation.EvoClassLoader - Seeing class for first time: io.netty.handler.codec.ByteToMessageDecoder$1
18:07:47.631 [main] INFO org.evosuite.runtime.instrumentation.EvoClassLoader - Instrumenting class 'io.netty.handler.codec.ByteToMessageDecoder$1'.
18:07:47.633 [main] INFO org.evosuite.runtime.instrumentation.MethodCallReplacementClassAdapter - Adding mock interface to class io/netty/handler/codec/ByteToMessageDecoder$1
18:07:47.635 [main] INFO org.evosuite.runtime.instrumentation.EvoClassLoader - Keeping class: io.netty.handler.codec.ByteToMessageDecoder$1
18:07:47.636 [main] INFO org.evosuite.runtime.instrumentation.EvoClassLoader - Seeing class for first time: io.netty.handler.codec.ByteToMessageDecoder$2
18:07:47.636 [main] INFO org.evosuite.runtime.instrumentation.EvoClassLoader - Instrumenting class 'io.netty.handler.codec.ByteToMessageDecoder$2'.
18:07:47.638 [main] INFO org.evosuite.runtime.instrumentation.MethodCallReplacementClassAdapter - Adding mock interface to class io/netty/handler/codec/ByteToMessageDecoder$2
18:07:47.639 [main] INFO org.evosuite.runtime.instrumentation.EvoClassLoader - Keeping class: io.netty.handler.codec.ByteToMessageDecoder$2
18:07:47.640 [main] INFO org.evosuite.runtime.instrumentation.EvoClassLoader - Seeing class for first time: io.netty.buffer.ByteBuf
18:07:47.640 [main] INFO org.evosuite.runtime.instrumentation.EvoClassLoader - Instrumenting class 'io.netty.buffer.ByteBuf'.
18:07:47.644 [main] INFO org.evosuite.runtime.instrumentation.MethodCallReplacementClassAdapter - Adding mock interface to class io/netty/buffer/ByteBuf
18:07:47.649 [main] INFO org.evosuite.runtime.instrumentation.CreateClassResetClassAdapter - Creating brand-new static initializer in class io/netty/buffer/ByteBuf
18:07:47.650 [main] INFO org.evosuite.runtime.instrumentation.EvoClassLoader - Seeing class for first time: io.netty.util.ReferenceCounted
18:07:47.650 [main] INFO org.evosuite.runtime.instrumentation.EvoClassLoader - Instrumenting class 'io.netty.util.ReferenceCounted'.
18:07:47.651 [main] INFO org.evosuite.runtime.instrumentation.EvoClassLoader - Keeping class: io.netty.util.ReferenceCounted
18:07:47.651 [main] INFO org.evosuite.runtime.instrumentation.EvoClassLoader - Seeing class for first time: io.netty.buffer.ByteBufConvertible
18:07:47.651 [main] INFO org.evosuite.runtime.instrumentation.EvoClassLoader - Instrumenting class 'io.netty.buffer.ByteBufConvertible'.
18:07:47.652 [main] INFO org.evosuite.runtime.instrumentation.EvoClassLoader - Keeping class: io.netty.buffer.ByteBufConvertible
18:07:47.653 [main] INFO org.evosuite.runtime.instrumentation.EvoClassLoader - Keeping class: io.netty.buffer.ByteBuf
18:07:47.653 [main] INFO org.evosuite.runtime.instrumentation.EvoClassLoader - Seeing class for first time: io.netty.buffer.CompositeByteBuf
18:07:47.653 [main] INFO org.evosuite.runtime.instrumentation.EvoClassLoader - Instrumenting class 'io.netty.buffer.CompositeByteBuf'.
18:07:47.657 [main] INFO org.evosuite.runtime.instrumentation.MethodCallReplacementClassAdapter - Adding mock interface to class io/netty/buffer/CompositeByteBuf
18:07:47.669 [main] INFO org.evosuite.runtime.instrumentation.CreateClassResetClassAdapter - Found static initializer in class io/netty/buffer/CompositeByteBuf
18:07:47.671 [main] INFO org.evosuite.runtime.instrumentation.EvoClassLoader - Seeing class for first time: io.netty.buffer.AbstractReferenceCountedByteBuf
18:07:47.671 [main] INFO org.evosuite.runtime.instrumentation.EvoClassLoader - Instrumenting class 'io.netty.buffer.AbstractReferenceCountedByteBuf'.
18:07:47.671 [main] INFO org.evosuite.runtime.instrumentation.MethodCallReplacementClassAdapter - Adding mock interface to class io/netty/buffer/AbstractReferenceCountedByteBuf
18:07:47.672 [main] INFO org.evosuite.runtime.instrumentation.CreateClassResetClassAdapter - Found static initializer in class io/netty/buffer/AbstractReferenceCountedByteBuf
18:07:47.672 [main] INFO org.evosuite.runtime.instrumentation.EvoClassLoader - Seeing class for first time: io.netty.buffer.AbstractByteBuf
18:07:47.672 [main] INFO org.evosuite.runtime.instrumentation.EvoClassLoader - Instrumenting class 'io.netty.buffer.AbstractByteBuf'.
18:07:47.675 [main] INFO org.evosuite.runtime.instrumentation.MethodCallReplacementClassAdapter - Adding mock interface to class io/netty/buffer/AbstractByteBuf
18:07:47.680 [main] INFO org.evosuite.runtime.instrumentation.CreateClassResetClassAdapter - Found static initializer in class io/netty/buffer/AbstractByteBuf
18:07:47.681 [main] INFO org.evosuite.runtime.instrumentation.EvoClassLoader - Keeping class: io.netty.buffer.AbstractByteBuf
18:07:47.681 [main] INFO org.evosuite.runtime.instrumentation.EvoClassLoader - Keeping class: io.netty.buffer.AbstractReferenceCountedByteBuf
18:07:47.681 [main] INFO org.evosuite.runtime.instrumentation.EvoClassLoader - Keeping class: io.netty.buffer.CompositeByteBuf
18:07:47.681 [main] INFO org.evosuite.runtime.instrumentation.EvoClassLoader - Seeing class for first time: io.netty.handler.codec.compression.Brotli
18:07:47.681 [main] INFO org.evosuite.runtime.instrumentation.EvoClassLoader - Instrumenting class 'io.netty.handler.codec.compression.Brotli'.
18:07:47.682 [main] INFO org.evosuite.runtime.instrumentation.MethodCallReplacementClassAdapter - Adding mock interface to class io/netty/handler/codec/compression/Brotli
18:07:47.682 [main] INFO org.evosuite.runtime.instrumentation.CreateClassResetClassAdapter - Found static initializer in class io/netty/handler/codec/compression/Brotli
18:07:47.683 [main] INFO org.evosuite.runtime.instrumentation.EvoClassLoader - Keeping class: io.netty.handler.codec.compression.Brotli
18:07:47.683 [main] INFO org.evosuite.runtime.instrumentation.EvoClassLoader - Seeing class for first time: io.netty.util.internal.PlatformDependent
18:07:47.683 [main] INFO org.evosuite.runtime.instrumentation.EvoClassLoader - Instrumenting class 'io.netty.util.internal.PlatformDependent'.
18:07:47.685 [main] INFO org.evosuite.runtime.instrumentation.MethodCallReplacementClassAdapter - Adding mock interface to class io/netty/util/internal/PlatformDependent
18:07:47.721 [main] INFO org.evosuite.runtime.instrumentation.CreateClassResetClassAdapter - Found static initializer in class io/netty/util/internal/PlatformDependent
18:07:47.726 [main] INFO org.evosuite.runtime.instrumentation.EvoClassLoader - Keeping class: io.netty.util.internal.PlatformDependent
18:07:47.727 [main] INFO org.evosuite.runtime.instrumentation.EvoClassLoader - Seeing class for first time: io.netty.util.internal.PlatformDependent$ThreadLocalRandomProvider
18:07:47.727 [main] INFO org.evosuite.runtime.instrumentation.EvoClassLoader - Instrumenting class 'io.netty.util.internal.PlatformDependent$ThreadLocalRandomProvider'.
18:07:47.728 [main] INFO org.evosuite.runtime.instrumentation.EvoClassLoader - Keeping class: io.netty.util.internal.PlatformDependent$ThreadLocalRandomProvider
18:07:47.729 [main] INFO org.evosuite.runtime.instrumentation.EvoClassLoader - Seeing class for first time: io.netty.util.internal.OutOfDirectMemoryError
18:07:47.729 [main] INFO org.evosuite.runtime.instrumentation.EvoClassLoader - Instrumenting class 'io.netty.util.internal.OutOfDirectMemoryError'.
18:07:47.730 [main] INFO org.evosuite.runtime.instrumentation.MethodCallReplacementClassAdapter - Adding mock interface to class io/netty/util/internal/OutOfDirectMemoryError
18:07:47.730 [main] INFO org.evosuite.runtime.instrumentation.CreateClassResetClassAdapter - Creating brand-new static initializer in class io/netty/util/internal/OutOfDirectMemoryError
18:07:47.730 [main] INFO org.evosuite.runtime.instrumentation.EvoClassLoader - Keeping class: io.netty.util.internal.OutOfDirectMemoryError
18:07:47.731 [main] INFO org.evosuite.runtime.instrumentation.EvoClassLoader - Seeing class for first time: io.netty.util.internal.shaded.org.jctools.queues.SpscLinkedQueue
18:07:47.731 [main] INFO org.evosuite.runtime.instrumentation.EvoClassLoader - Instrumenting class 'io.netty.util.internal.shaded.org.jctools.queues.SpscLinkedQueue'.
18:07:47.731 [main] INFO org.evosuite.runtime.instrumentation.MethodCallReplacementClassAdapter - Adding mock interface to class io/netty/util/internal/shaded/org/jctools/queues/SpscLinkedQueue
18:07:47.733 [main] INFO org.evosuite.runtime.instrumentation.CreateClassResetClassAdapter - Creating brand-new static initializer in class io/netty/util/internal/shaded/org/jctools/queues/SpscLinkedQueue
18:07:47.733 [main] INFO org.evosuite.runtime.instrumentation.EvoClassLoader - Seeing class for first time: io.netty.util.internal.shaded.org.jctools.queues.BaseLinkedQueue
18:07:47.733 [main] INFO org.evosuite.runtime.instrumentation.EvoClassLoader - Instrumenting class 'io.netty.util.internal.shaded.org.jctools.queues.BaseLinkedQueue'.
18:07:47.734 [main] INFO org.evosuite.runtime.instrumentation.MethodCallReplacementClassAdapter - Adding mock interface to class io/netty/util/internal/shaded/org/jctools/queues/BaseLinkedQueue
18:07:47.736 [main] INFO org.evosuite.runtime.instrumentation.CreateClassResetClassAdapter - Creating brand-new static initializer in class io/netty/util/internal/shaded/org/jctools/queues/BaseLinkedQueue
18:07:47.736 [main] INFO org.evosuite.runtime.instrumentation.EvoClassLoader - Seeing class for first time: io.netty.util.internal.shaded.org.jctools.queues.BaseLinkedQueuePad2
18:07:47.737 [main] INFO org.evosuite.runtime.instrumentation.EvoClassLoader - Instrumenting class 'io.netty.util.internal.shaded.org.jctools.queues.BaseLinkedQueuePad2'.
18:07:47.738 [main] INFO org.evosuite.runtime.instrumentation.MethodCallReplacementClassAdapter - Adding mock interface to class io/netty/util/internal/shaded/org/jctools/queues/BaseLinkedQueuePad2
18:07:47.739 [main] INFO org.evosuite.runtime.instrumentation.CreateClassResetClassAdapter - Creating brand-new static initializer in class io/netty/util/internal/shaded/org/jctools/queues/BaseLinkedQueuePad2
18:07:47.739 [main] INFO org.evosuite.runtime.instrumentation.EvoClassLoader - Seeing class for first time: io.netty.util.internal.shaded.org.jctools.queues.BaseLinkedQueueConsumerNodeRef
18:07:47.739 [main] INFO org.evosuite.runtime.instrumentation.EvoClassLoader - Instrumenting class 'io.netty.util.internal.shaded.org.jctools.queues.BaseLinkedQueueConsumerNodeRef'.
18:07:47.741 [main] INFO org.evosuite.runtime.instrumentation.MethodCallReplacementClassAdapter - Adding mock interface to class io/netty/util/internal/shaded/org/jctools/queues/BaseLinkedQueueConsumerNodeRef
18:07:47.742 [main] INFO org.evosuite.runtime.instrumentation.CreateClassResetClassAdapter - Found static initializer in class io/netty/util/internal/shaded/org/jctools/queues/BaseLinkedQueueConsumerNodeRef
18:07:47.743 [main] INFO org.evosuite.runtime.instrumentation.EvoClassLoader - Seeing class for first time: io.netty.util.internal.shaded.org.jctools.queues.BaseLinkedQueuePad1
18:07:47.743 [main] INFO org.evosuite.runtime.instrumentation.EvoClassLoader - Instrumenting class 'io.netty.util.internal.shaded.org.jctools.queues.BaseLinkedQueuePad1'.
18:07:47.745 [main] INFO org.evosuite.runtime.instrumentation.MethodCallReplacementClassAdapter - Adding mock interface to class io/netty/util/internal/shaded/org/jctools/queues/BaseLinkedQueuePad1
18:07:47.746 [main] INFO org.evosuite.runtime.instrumentation.CreateClassResetClassAdapter - Creating brand-new static initializer in class io/netty/util/internal/shaded/org/jctools/queues/BaseLinkedQueuePad1
18:07:47.746 [main] INFO org.evosuite.runtime.instrumentation.EvoClassLoader - Seeing class for first time: io.netty.util.internal.shaded.org.jctools.queues.BaseLinkedQueueProducerNodeRef
18:07:47.746 [main] INFO org.evosuite.runtime.instrumentation.EvoClassLoader - Instrumenting class 'io.netty.util.internal.shaded.org.jctools.queues.BaseLinkedQueueProducerNodeRef'.
18:07:47.747 [main] INFO org.evosuite.runtime.instrumentation.MethodCallReplacementClassAdapter - Adding mock interface to class io/netty/util/internal/shaded/org/jctools/queues/BaseLinkedQueueProducerNodeRef
18:07:47.748 [main] INFO org.evosuite.runtime.instrumentation.CreateClassResetClassAdapter - Found static initializer in class io/netty/util/internal/shaded/org/jctools/queues/BaseLinkedQueueProducerNodeRef
18:07:47.749 [main] INFO org.evosuite.runtime.instrumentation.EvoClassLoader - Seeing class for first time: io.netty.util.internal.shaded.org.jctools.queues.BaseLinkedQueuePad0
18:07:47.749 [main] INFO org.evosuite.runtime.instrumentation.EvoClassLoader - Instrumenting class 'io.netty.util.internal.shaded.org.jctools.queues.BaseLinkedQueuePad0'.
18:07:47.750 [main] INFO org.evosuite.runtime.instrumentation.MethodCallReplacementClassAdapter - Adding mock interface to class io/netty/util/internal/shaded/org/jctools/queues/BaseLinkedQueuePad0
18:07:47.751 [main] INFO org.evosuite.runtime.instrumentation.CreateClassResetClassAdapter - Creating brand-new static initializer in class io/netty/util/internal/shaded/org/jctools/queues/BaseLinkedQueuePad0
18:07:47.752 [main] INFO org.evosuite.runtime.instrumentation.EvoClassLoader - Keeping class: io.netty.util.internal.shaded.org.jctools.queues.BaseLinkedQueuePad0
18:07:47.753 [main] INFO org.evosuite.runtime.instrumentation.EvoClassLoader - Keeping class: io.netty.util.internal.shaded.org.jctools.queues.BaseLinkedQueueProducerNodeRef
18:07:47.753 [main] INFO org.evosuite.runtime.instrumentation.EvoClassLoader - Keeping class: io.netty.util.internal.shaded.org.jctools.queues.BaseLinkedQueuePad1
18:07:47.753 [main] INFO org.evosuite.runtime.instrumentation.EvoClassLoader - Keeping class: io.netty.util.internal.shaded.org.jctools.queues.BaseLinkedQueueConsumerNodeRef
18:07:47.754 [main] INFO org.evosuite.runtime.instrumentation.EvoClassLoader - Keeping class: io.netty.util.internal.shaded.org.jctools.queues.BaseLinkedQueuePad2
18:07:47.754 [main] INFO org.evosuite.runtime.instrumentation.EvoClassLoader - Keeping class: io.netty.util.internal.shaded.org.jctools.queues.BaseLinkedQueue
18:07:47.754 [main] INFO org.evosuite.runtime.instrumentation.EvoClassLoader - Keeping class: io.netty.util.internal.shaded.org.jctools.queues.SpscLinkedQueue
18:07:47.754 [main] INFO org.evosuite.runtime.instrumentation.EvoClassLoader - Seeing class for first time: io.netty.util.internal.shaded.org.jctools.queues.atomic.SpscLinkedAtomicQueue
18:07:47.754 [main] INFO org.evosuite.runtime.instrumentation.EvoClassLoader - Instrumenting class 'io.netty.util.internal.shaded.org.jctools.queues.atomic.SpscLinkedAtomicQueue'.
18:07:47.755 [main] INFO org.evosuite.runtime.instrumentation.MethodCallReplacementClassAdapter - Adding mock interface to class io/netty/util/internal/shaded/org/jctools/queues/atomic/SpscLinkedAtomicQueue
18:07:47.759 [main] INFO org.evosuite.runtime.instrumentation.CreateClassResetClassAdapter - Creating brand-new static initializer in class io/netty/util/internal/shaded/org/jctools/queues/atomic/SpscLinkedAtomicQueue
18:07:47.760 [main] INFO org.evosuite.runtime.instrumentation.EvoClassLoader - Seeing class for first time: io.netty.util.internal.shaded.org.jctools.queues.atomic.BaseLinkedAtomicQueue
18:07:47.760 [main] INFO org.evosuite.runtime.instrumentation.EvoClassLoader - Instrumenting class 'io.netty.util.internal.shaded.org.jctools.queues.atomic.BaseLinkedAtomicQueue'.
18:07:47.761 [main] INFO org.evosuite.runtime.instrumentation.MethodCallReplacementClassAdapter - Adding mock interface to class io/netty/util/internal/shaded/org/jctools/queues/atomic/BaseLinkedAtomicQueue
18:07:47.762 [main] INFO org.evosuite.runtime.instrumentation.CreateClassResetClassAdapter - Creating brand-new static initializer in class io/netty/util/internal/shaded/org/jctools/queues/atomic/BaseLinkedAtomicQueue
18:07:47.763 [main] INFO org.evosuite.runtime.instrumentation.EvoClassLoader - Seeing class for first time: io.netty.util.internal.shaded.org.jctools.queues.atomic.BaseLinkedAtomicQueuePad2
18:07:47.763 [main] INFO org.evosuite.runtime.instrumentation.EvoClassLoader - Instrumenting class 'io.netty.util.internal.shaded.org.jctools.queues.atomic.BaseLinkedAtomicQueuePad2'.
18:07:47.763 [main] INFO org.evosuite.runtime.instrumentation.MethodCallReplacementClassAdapter - Adding mock interface to class io/netty/util/internal/shaded/org/jctools/queues/atomic/BaseLinkedAtomicQueuePad2
18:07:47.764 [main] INFO org.evosuite.runtime.instrumentation.CreateClassResetClassAdapter - Creating brand-new static initializer in class io/netty/util/internal/shaded/org/jctools/queues/atomic/BaseLinkedAtomicQueuePad2
18:07:47.764 [main] INFO org.evosuite.runtime.instrumentation.EvoClassLoader - Keeping class: io.netty.util.internal.shaded.org.jctools.queues.atomic.BaseLinkedAtomicQueuePad2
18:07:47.764 [main] INFO org.evosuite.runtime.instrumentation.EvoClassLoader - Keeping class: io.netty.util.internal.shaded.org.jctools.queues.atomic.BaseLinkedAtomicQueue
18:07:47.764 [main] INFO org.evosuite.runtime.instrumentation.EvoClassLoader - Keeping class: io.netty.util.internal.shaded.org.jctools.queues.atomic.SpscLinkedAtomicQueue
18:07:47.764 [main] INFO org.evosuite.runtime.instrumentation.EvoClassLoader - Seeing class for first time: io.netty.util.internal.shaded.org.jctools.queues.MpscArrayQueue
18:07:47.764 [main] INFO org.evosuite.runtime.instrumentation.EvoClassLoader - Instrumenting class 'io.netty.util.internal.shaded.org.jctools.queues.MpscArrayQueue'.
18:07:47.765 [main] INFO org.evosuite.runtime.instrumentation.MethodCallReplacementClassAdapter - Adding mock interface to class io/netty/util/internal/shaded/org/jctools/queues/MpscArrayQueue
18:07:47.767 [main] INFO org.evosuite.runtime.instrumentation.CreateClassResetClassAdapter - Creating brand-new static initializer in class io/netty/util/internal/shaded/org/jctools/queues/MpscArrayQueue
18:07:47.768 [main] INFO org.evosuite.runtime.instrumentation.EvoClassLoader - Seeing class for first time: io.netty.util.internal.shaded.org.jctools.queues.MpscArrayQueueL3Pad
18:07:47.768 [main] INFO org.evosuite.runtime.instrumentation.EvoClassLoader - Instrumenting class 'io.netty.util.internal.shaded.org.jctools.queues.MpscArrayQueueL3Pad'.
18:07:47.768 [main] INFO org.evosuite.runtime.instrumentation.MethodCallReplacementClassAdapter - Adding mock interface to class io/netty/util/internal/shaded/org/jctools/queues/MpscArrayQueueL3Pad
18:07:47.769 [main] INFO org.evosuite.runtime.instrumentation.CreateClassResetClassAdapter - Creating brand-new static initializer in class io/netty/util/internal/shaded/org/jctools/queues/MpscArrayQueueL3Pad
18:07:47.769 [main] INFO org.evosuite.runtime.instrumentation.EvoClassLoader - Seeing class for first time: io.netty.util.internal.shaded.org.jctools.queues.MpscArrayQueueConsumerIndexField
18:07:47.769 [main] INFO org.evosuite.runtime.instrumentation.EvoClassLoader - Instrumenting class 'io.netty.util.internal.shaded.org.jctools.queues.MpscArrayQueueConsumerIndexField'.
18:07:47.769 [main] INFO org.evosuite.runtime.instrumentation.MethodCallReplacementClassAdapter - Adding mock interface to class io/netty/util/internal/shaded/org/jctools/queues/MpscArrayQueueConsumerIndexField
18:07:47.770 [main] INFO org.evosuite.runtime.instrumentation.CreateClassResetClassAdapter - Found static initializer in class io/netty/util/internal/shaded/org/jctools/queues/MpscArrayQueueConsumerIndexField
18:07:47.770 [main] INFO org.evosuite.runtime.instrumentation.EvoClassLoader - Seeing class for first time: io.netty.util.internal.shaded.org.jctools.queues.MpscArrayQueueL2Pad
18:07:47.770 [main] INFO org.evosuite.runtime.instrumentation.EvoClassLoader - Instrumenting class 'io.netty.util.internal.shaded.org.jctools.queues.MpscArrayQueueL2Pad'.
18:07:47.770 [main] INFO org.evosuite.runtime.instrumentation.MethodCallReplacementClassAdapter - Adding mock interface to class io/netty/util/internal/shaded/org/jctools/queues/MpscArrayQueueL2Pad
18:07:47.770 [main] INFO org.evosuite.runtime.instrumentation.CreateClassResetClassAdapter - Creating brand-new static initializer in class io/netty/util/internal/shaded/org/jctools/queues/MpscArrayQueueL2Pad
18:07:47.770 [main] INFO org.evosuite.runtime.instrumentation.EvoClassLoader - Seeing class for first time: io.netty.util.internal.shaded.org.jctools.queues.MpscArrayQueueProducerLimitField
18:07:47.770 [main] INFO org.evosuite.runtime.instrumentation.EvoClassLoader - Instrumenting class 'io.netty.util.internal.shaded.org.jctools.queues.MpscArrayQueueProducerLimitField'.
18:07:47.771 [main] INFO org.evosuite.runtime.instrumentation.MethodCallReplacementClassAdapter - Adding mock interface to class io/netty/util/internal/shaded/org/jctools/queues/MpscArrayQueueProducerLimitField
18:07:47.771 [main] INFO org.evosuite.runtime.instrumentation.CreateClassResetClassAdapter - Found static initializer in class io/netty/util/internal/shaded/org/jctools/queues/MpscArrayQueueProducerLimitField
18:07:47.771 [main] INFO org.evosuite.runtime.instrumentation.EvoClassLoader - Seeing class for first time: io.netty.util.internal.shaded.org.jctools.queues.MpscArrayQueueMidPad
18:07:47.771 [main] INFO org.evosuite.runtime.instrumentation.EvoClassLoader - Instrumenting class 'io.netty.util.internal.shaded.org.jctools.queues.MpscArrayQueueMidPad'.
18:07:47.772 [main] INFO org.evosuite.runtime.instrumentation.MethodCallReplacementClassAdapter - Adding mock interface to class io/netty/util/internal/shaded/org/jctools/queues/MpscArrayQueueMidPad
18:07:47.772 [main] INFO org.evosuite.runtime.instrumentation.CreateClassResetClassAdapter - Creating brand-new static initializer in class io/netty/util/internal/shaded/org/jctools/queues/MpscArrayQueueMidPad
18:07:47.772 [main] INFO org.evosuite.runtime.instrumentation.EvoClassLoader - Seeing class for first time: io.netty.util.internal.shaded.org.jctools.queues.MpscArrayQueueProducerIndexField
18:07:47.772 [main] INFO org.evosuite.runtime.instrumentation.EvoClassLoader - Instrumenting class 'io.netty.util.internal.shaded.org.jctools.queues.MpscArrayQueueProducerIndexField'.
18:07:47.772 [main] INFO org.evosuite.runtime.instrumentation.MethodCallReplacementClassAdapter - Adding mock interface to class io/netty/util/internal/shaded/org/jctools/queues/MpscArrayQueueProducerIndexField
18:07:47.773 [main] INFO org.evosuite.runtime.instrumentation.CreateClassResetClassAdapter - Found static initializer in class io/netty/util/internal/shaded/org/jctools/queues/MpscArrayQueueProducerIndexField
18:07:47.773 [main] INFO org.evosuite.runtime.instrumentation.EvoClassLoader - Keeping class: io.netty.util.internal.shaded.org.jctools.queues.MpscArrayQueueProducerIndexField
18:07:47.773 [main] INFO org.evosuite.runtime.instrumentation.EvoClassLoader - Keeping class: io.netty.util.internal.shaded.org.jctools.queues.MpscArrayQueueMidPad
18:07:47.773 [main] INFO org.evosuite.runtime.instrumentation.EvoClassLoader - Keeping class: io.netty.util.internal.shaded.org.jctools.queues.MpscArrayQueueProducerLimitField
18:07:47.773 [main] INFO org.evosuite.runtime.instrumentation.EvoClassLoader - Keeping class: io.netty.util.internal.shaded.org.jctools.queues.MpscArrayQueueL2Pad
18:07:47.773 [main] INFO org.evosuite.runtime.instrumentation.EvoClassLoader - Keeping class: io.netty.util.internal.shaded.org.jctools.queues.MpscArrayQueueConsumerIndexField
18:07:47.773 [main] INFO org.evosuite.runtime.instrumentation.EvoClassLoader - Keeping class: io.netty.util.internal.shaded.org.jctools.queues.MpscArrayQueueL3Pad
18:07:47.774 [main] INFO org.evosuite.runtime.instrumentation.EvoClassLoader - Keeping class: io.netty.util.internal.shaded.org.jctools.queues.MpscArrayQueue
18:07:47.774 [main] INFO org.evosuite.runtime.instrumentation.EvoClassLoader - Seeing class for first time: io.netty.util.internal.shaded.org.jctools.queues.atomic.MpscAtomicArrayQueue
18:07:47.774 [main] INFO org.evosuite.runtime.instrumentation.EvoClassLoader - Instrumenting class 'io.netty.util.internal.shaded.org.jctools.queues.atomic.MpscAtomicArrayQueue'.
18:07:47.774 [main] INFO org.evosuite.runtime.instrumentation.MethodCallReplacementClassAdapter - Adding mock interface to class io/netty/util/internal/shaded/org/jctools/queues/atomic/MpscAtomicArrayQueue
18:07:47.777 [main] INFO org.evosuite.runtime.instrumentation.CreateClassResetClassAdapter - Creating brand-new static initializer in class io/netty/util/internal/shaded/org/jctools/queues/atomic/MpscAtomicArrayQueue
18:07:47.777 [main] INFO org.evosuite.runtime.instrumentation.EvoClassLoader - Seeing class for first time: io.netty.util.internal.shaded.org.jctools.queues.atomic.MpscAtomicArrayQueueL3Pad
18:07:47.778 [main] INFO org.evosuite.runtime.instrumentation.EvoClassLoader - Instrumenting class 'io.netty.util.internal.shaded.org.jctools.queues.atomic.MpscAtomicArrayQueueL3Pad'.
18:07:47.778 [main] INFO org.evosuite.runtime.instrumentation.MethodCallReplacementClassAdapter - Adding mock interface to class io/netty/util/internal/shaded/org/jctools/queues/atomic/MpscAtomicArrayQueueL3Pad
18:07:47.779 [main] INFO org.evosuite.runtime.instrumentation.CreateClassResetClassAdapter - Creating brand-new static initializer in class io/netty/util/internal/shaded/org/jctools/queues/atomic/MpscAtomicArrayQueueL3Pad
18:07:47.779 [main] INFO org.evosuite.runtime.instrumentation.EvoClassLoader - Seeing class for first time: io.netty.util.internal.shaded.org.jctools.queues.atomic.MpscAtomicArrayQueueConsumerIndexField
18:07:47.779 [main] INFO org.evosuite.runtime.instrumentation.EvoClassLoader - Instrumenting class 'io.netty.util.internal.shaded.org.jctools.queues.atomic.MpscAtomicArrayQueueConsumerIndexField'.
18:07:47.780 [main] INFO org.evosuite.runtime.instrumentation.MethodCallReplacementClassAdapter - Adding mock interface to class io/netty/util/internal/shaded/org/jctools/queues/atomic/MpscAtomicArrayQueueConsumerIndexField
18:07:47.780 [main] INFO org.evosuite.runtime.instrumentation.CreateClassResetClassAdapter - Found static initializer in class io/netty/util/internal/shaded/org/jctools/queues/atomic/MpscAtomicArrayQueueConsumerIndexField
18:07:47.780 [main] INFO org.evosuite.runtime.instrumentation.EvoClassLoader - Seeing class for first time: io.netty.util.internal.shaded.org.jctools.queues.atomic.MpscAtomicArrayQueueL2Pad
18:07:47.780 [main] INFO org.evosuite.runtime.instrumentation.EvoClassLoader - Instrumenting class 'io.netty.util.internal.shaded.org.jctools.queues.atomic.MpscAtomicArrayQueueL2Pad'.
18:07:47.781 [main] INFO org.evosuite.runtime.instrumentation.MethodCallReplacementClassAdapter - Adding mock interface to class io/netty/util/internal/shaded/org/jctools/queues/atomic/MpscAtomicArrayQueueL2Pad
18:07:47.781 [main] INFO org.evosuite.runtime.instrumentation.CreateClassResetClassAdapter - Creating brand-new static initializer in class io/netty/util/internal/shaded/org/jctools/queues/atomic/MpscAtomicArrayQueueL2Pad
18:07:47.781 [main] INFO org.evosuite.runtime.instrumentation.EvoClassLoader - Seeing class for first time: io.netty.util.internal.shaded.org.jctools.queues.atomic.MpscAtomicArrayQueueProducerLimitField
18:07:47.782 [main] INFO org.evosuite.runtime.instrumentation.EvoClassLoader - Instrumenting class 'io.netty.util.internal.shaded.org.jctools.queues.atomic.MpscAtomicArrayQueueProducerLimitField'.
18:07:47.782 [main] INFO org.evosuite.runtime.instrumentation.MethodCallReplacementClassAdapter - Adding mock interface to class io/netty/util/internal/shaded/org/jctools/queues/atomic/MpscAtomicArrayQueueProducerLimitField
18:07:47.782 [main] INFO org.evosuite.runtime.instrumentation.CreateClassResetClassAdapter - Found static initializer in class io/netty/util/internal/shaded/org/jctools/queues/atomic/MpscAtomicArrayQueueProducerLimitField
18:07:47.783 [main] INFO org.evosuite.runtime.instrumentation.EvoClassLoader - Seeing class for first time: io.netty.util.internal.shaded.org.jctools.queues.atomic.MpscAtomicArrayQueueMidPad
18:07:47.783 [main] INFO org.evosuite.runtime.instrumentation.EvoClassLoader - Instrumenting class 'io.netty.util.internal.shaded.org.jctools.queues.atomic.MpscAtomicArrayQueueMidPad'.
18:07:47.783 [main] INFO org.evosuite.runtime.instrumentation.MethodCallReplacementClassAdapter - Adding mock interface to class io/netty/util/internal/shaded/org/jctools/queues/atomic/MpscAtomicArrayQueueMidPad
18:07:47.784 [main] INFO org.evosuite.runtime.instrumentation.CreateClassResetClassAdapter - Creating brand-new static initializer in class io/netty/util/internal/shaded/org/jctools/queues/atomic/MpscAtomicArrayQueueMidPad
18:07:47.784 [main] INFO org.evosuite.runtime.instrumentation.EvoClassLoader - Seeing class for first time: io.netty.util.internal.shaded.org.jctools.queues.atomic.MpscAtomicArrayQueueProducerIndexField
18:07:47.784 [main] INFO org.evosuite.runtime.instrumentation.EvoClassLoader - Instrumenting class 'io.netty.util.internal.shaded.org.jctools.queues.atomic.MpscAtomicArrayQueueProducerIndexField'.
18:07:47.785 [main] INFO org.evosuite.runtime.instrumentation.MethodCallReplacementClassAdapter - Adding mock interface to class io/netty/util/internal/shaded/org/jctools/queues/atomic/MpscAtomicArrayQueueProducerIndexField
18:07:47.786 [main] INFO org.evosuite.runtime.instrumentation.CreateClassResetClassAdapter - Found static initializer in class io/netty/util/internal/shaded/org/jctools/queues/atomic/MpscAtomicArrayQueueProducerIndexField
18:07:47.786 [main] INFO org.evosuite.runtime.instrumentation.EvoClassLoader - Seeing class for first time: io.netty.util.internal.shaded.org.jctools.queues.atomic.MpscAtomicArrayQueueL1Pad
18:07:47.786 [main] INFO org.evosuite.runtime.instrumentation.EvoClassLoader - Instrumenting class 'io.netty.util.internal.shaded.org.jctools.queues.atomic.MpscAtomicArrayQueueL1Pad'.
18:07:47.787 [main] INFO org.evosuite.runtime.instrumentation.MethodCallReplacementClassAdapter - Adding mock interface to class io/netty/util/internal/shaded/org/jctools/queues/atomic/MpscAtomicArrayQueueL1Pad
18:07:47.787 [main] INFO org.evosuite.runtime.instrumentation.CreateClassResetClassAdapter - Creating brand-new static initializer in class io/netty/util/internal/shaded/org/jctools/queues/atomic/MpscAtomicArrayQueueL1Pad
18:07:47.788 [main] INFO org.evosuite.runtime.instrumentation.EvoClassLoader - Seeing class for first time: io.netty.util.internal.shaded.org.jctools.queues.atomic.AtomicReferenceArrayQueue
18:07:47.788 [main] INFO org.evosuite.runtime.instrumentation.EvoClassLoader - Instrumenting class 'io.netty.util.internal.shaded.org.jctools.queues.atomic.AtomicReferenceArrayQueue'.
18:07:47.789 [main] INFO org.evosuite.runtime.instrumentation.MethodCallReplacementClassAdapter - Adding mock interface to class io/netty/util/internal/shaded/org/jctools/queues/atomic/AtomicReferenceArrayQueue
18:07:47.789 [main] INFO org.evosuite.runtime.instrumentation.CreateClassResetClassAdapter - Creating brand-new static initializer in class io/netty/util/internal/shaded/org/jctools/queues/atomic/AtomicReferenceArrayQueue
18:07:47.790 [main] INFO org.evosuite.runtime.instrumentation.EvoClassLoader - Keeping class: io.netty.util.internal.shaded.org.jctools.queues.atomic.AtomicReferenceArrayQueue
18:07:47.790 [main] INFO org.evosuite.runtime.instrumentation.EvoClassLoader - Keeping class: io.netty.util.internal.shaded.org.jctools.queues.atomic.MpscAtomicArrayQueueL1Pad
18:07:47.790 [main] INFO org.evosuite.runtime.instrumentation.EvoClassLoader - Keeping class: io.netty.util.internal.shaded.org.jctools.queues.atomic.MpscAtomicArrayQueueProducerIndexField
18:07:47.791 [main] INFO org.evosuite.runtime.instrumentation.EvoClassLoader - Keeping class: io.netty.util.internal.shaded.org.jctools.queues.atomic.MpscAtomicArrayQueueMidPad
18:07:47.791 [main] INFO org.evosuite.runtime.instrumentation.EvoClassLoader - Keeping class: io.netty.util.internal.shaded.org.jctools.queues.atomic.MpscAtomicArrayQueueProducerLimitField
18:07:47.791 [main] INFO org.evosuite.runtime.instrumentation.EvoClassLoader - Keeping class: io.netty.util.internal.shaded.org.jctools.queues.atomic.MpscAtomicArrayQueueL2Pad
18:07:47.791 [main] INFO org.evosuite.runtime.instrumentation.EvoClassLoader - Keeping class: io.netty.util.internal.shaded.org.jctools.queues.atomic.MpscAtomicArrayQueueConsumerIndexField
18:07:47.792 [main] INFO org.evosuite.runtime.instrumentation.EvoClassLoader - Keeping class: io.netty.util.internal.shaded.org.jctools.queues.atomic.MpscAtomicArrayQueueL3Pad
18:07:47.792 [main] INFO org.evosuite.runtime.instrumentation.EvoClassLoader - Keeping class: io.netty.util.internal.shaded.org.jctools.queues.atomic.MpscAtomicArrayQueue
18:07:47.793 [main] INFO org.evosuite.runtime.instrumentation.EvoClassLoader - Seeing class for first time: io.netty.util.internal.LongCounter
18:07:47.793 [main] INFO org.evosuite.runtime.instrumentation.EvoClassLoader - Instrumenting class 'io.netty.util.internal.LongCounter'.
18:07:47.794 [main] INFO org.evosuite.runtime.instrumentation.EvoClassLoader - Keeping class: io.netty.util.internal.LongCounter
18:07:47.796 [main] DEBUG io.netty.util.internal.PlatformDependent - sun.misc.Unsafe: available
18:07:47.797 [main] DEBUG io.netty.util.internal.PlatformDependent - -Dio.netty.tmpdir: /tmp (java.io.tmpdir)
18:07:47.797 [main] DEBUG io.netty.util.internal.PlatformDependent - -Dio.netty.bitMode: 64 (sun.arch.data.model)
18:07:47.798 [main] INFO org.evosuite.runtime.instrumentation.EvoClassLoader - Seeing class for first time: io.netty.util.internal.PlatformDependent$1
18:07:47.798 [main] INFO org.evosuite.runtime.instrumentation.EvoClassLoader - Instrumenting class 'io.netty.util.internal.PlatformDependent$1'.
18:07:47.799 [main] INFO org.evosuite.runtime.instrumentation.MethodCallReplacementClassAdapter - Adding mock interface to class io/netty/util/internal/PlatformDependent$1
18:07:47.800 [main] INFO org.evosuite.runtime.instrumentation.EvoClassLoader - Keeping class: io.netty.util.internal.PlatformDependent$1
18:07:47.800 [main] INFO org.evosuite.runtime.instrumentation.EvoClassLoader - Seeing class for first time: io.netty.util.internal.PlatformDependent$2
18:07:47.800 [main] INFO org.evosuite.runtime.instrumentation.EvoClassLoader - Instrumenting class 'io.netty.util.internal.PlatformDependent$2'.
18:07:47.801 [main] INFO org.evosuite.runtime.instrumentation.MethodCallReplacementClassAdapter - Adding mock interface to class io/netty/util/internal/PlatformDependent$2
18:07:47.802 [main] INFO org.evosuite.runtime.instrumentation.EvoClassLoader - Keeping class: io.netty.util.internal.PlatformDependent$2
18:07:47.803 [main] DEBUG io.netty.util.internal.PlatformDependent - -Dio.netty.maxDirectMemory: 11420041216 bytes
18:07:47.803 [main] DEBUG io.netty.util.internal.PlatformDependent - -Dio.netty.uninitializedArrayAllocationThreshold: -1
18:07:47.803 [main] INFO org.evosuite.runtime.instrumentation.EvoClassLoader - Seeing class for first time: io.netty.util.internal.CleanerJava6
18:07:47.803 [main] INFO org.evosuite.runtime.instrumentation.EvoClassLoader - Instrumenting class 'io.netty.util.internal.CleanerJava6'.
18:07:47.804 [main] INFO org.evosuite.runtime.instrumentation.MethodCallReplacementClassAdapter - Adding mock interface to class io/netty/util/internal/CleanerJava6
18:07:47.805 [main] INFO org.evosuite.runtime.instrumentation.CreateClassResetClassAdapter - Found static initializer in class io/netty/util/internal/CleanerJava6
18:07:47.807 [main] INFO org.evosuite.runtime.instrumentation.EvoClassLoader - Keeping class: io.netty.util.internal.CleanerJava6
18:07:47.807 [main] INFO org.evosuite.runtime.instrumentation.EvoClassLoader - Seeing class for first time: io.netty.util.internal.CleanerJava6$1
18:07:47.807 [main] INFO org.evosuite.runtime.instrumentation.EvoClassLoader - Instrumenting class 'io.netty.util.internal.CleanerJava6$1'.
18:07:47.808 [main] INFO org.evosuite.runtime.instrumentation.MethodCallReplacementClassAdapter - Adding mock interface to class io/netty/util/internal/CleanerJava6$1
18:07:47.809 [main] INFO org.evosuite.runtime.instrumentation.EvoClassLoader - Keeping class: io.netty.util.internal.CleanerJava6$1
18:07:47.809 [main] DEBUG io.netty.util.internal.CleanerJava6 - java.nio.ByteBuffer.cleaner(): available
18:07:47.810 [main] DEBUG io.netty.util.internal.PlatformDependent - -Dio.netty.noPreferDirect: false
18:07:47.810 [main] INFO org.evosuite.runtime.instrumentation.EvoClassLoader - Seeing class for first time: io.netty.util.internal.PlatformDependent$4
18:07:47.810 [main] INFO org.evosuite.runtime.instrumentation.EvoClassLoader - Instrumenting class 'io.netty.util.internal.PlatformDependent$4'.
18:07:47.811 [main] INFO org.evosuite.runtime.instrumentation.MethodCallReplacementClassAdapter - Adding mock interface to class io/netty/util/internal/PlatformDependent$4
18:07:47.817 [main] INFO org.evosuite.runtime.instrumentation.EvoClassLoader - Keeping class: io.netty.util.internal.PlatformDependent$4
18:07:47.818 [main] INFO org.evosuite.runtime.instrumentation.EvoClassLoader - Seeing class for first time: io.netty.util.internal.PlatformDependent0$10
18:07:47.818 [main] INFO org.evosuite.runtime.instrumentation.EvoClassLoader - Instrumenting class 'io.netty.util.internal.PlatformDependent0$10'.
18:07:47.819 [main] INFO org.evosuite.runtime.instrumentation.MethodCallReplacementClassAdapter - Adding mock interface to class io/netty/util/internal/PlatformDependent0$10
18:07:47.820 [main] INFO org.evosuite.runtime.instrumentation.EvoClassLoader - Keeping class: io.netty.util.internal.PlatformDependent0$10
18:07:47.820 [main] INFO org.evosuite.runtime.instrumentation.EvoClassLoader - Seeing class for first time: com.aayushatharva.brotli4j.Brotli4jLoader
18:07:47.820 [main] INFO org.evosuite.runtime.instrumentation.EvoClassLoader - Instrumenting class 'com.aayushatharva.brotli4j.Brotli4jLoader'.
18:07:47.821 [main] INFO org.evosuite.runtime.instrumentation.MethodCallReplacementClassAdapter - Adding mock interface to class com/aayushatharva/brotli4j/Brotli4jLoader
18:07:47.822 [main] INFO org.evosuite.runtime.instrumentation.CreateClassResetClassAdapter - Found static initializer in class com/aayushatharva/brotli4j/Brotli4jLoader
18:07:47.826 [main] INFO org.evosuite.runtime.instrumentation.EvoClassLoader - Defined package (3): package com.aayushatharva.brotli4j, -1612209437
18:07:47.826 [main] INFO org.evosuite.runtime.instrumentation.EvoClassLoader - Keeping class: com.aayushatharva.brotli4j.Brotli4jLoader
18:07:47.828 [main] DEBUG org.evosuite.runtime.sandbox.MSecurityManager - Security manager blocks permission ("java.lang.RuntimePermission" "loadLibrary.brotli")
java.lang.Thread.getStackTrace(Thread.java:1564)
org.evosuite.runtime.sandbox.MSecurityManager.checkPermission(MSecurityManager.java:424)
java.lang.SecurityManager.checkLink(SecurityManager.java:835)
java.lang.Runtime.loadLibrary0(Runtime.java:837)
java.lang.System.loadLibrary(System.java:1136)
com.aayushatharva.brotli4j.Brotli4jLoader.<clinit>(Brotli4jLoader.java)
io.netty.handler.codec.compression.Brotli.<clinit>(Brotli.java)
io.netty.handler.codec.compression.BrotliDecoder.<clinit>(BrotliDecoder.java)
java.lang.Class.forName0(Native Method)
java.lang.Class.forName(Class.java:348)
org.evosuite.runtime.classhandling.ClassStateSupport.loadClasses(ClassStateSupport.java:163)
org.evosuite.runtime.classhandling.ClassStateSupport.initializeClasses(ClassStateSupport.java:64)
io.netty.handler.codec.compression.BrotliDecoder_ESTest_scaffolding.initializeClasses(BrotliDecoder_ESTest_scaffolding.java:82)
io.netty.handler.codec.compression.BrotliDecoder_ESTest_scaffolding.initEvoSuiteFramework(BrotliDecoder_ESTest_scaffolding.java:39)
sun.reflect.NativeMethodAccessorImpl.invoke0(Native Method)
sun.reflect.NativeMethodAccessorImpl.invoke(NativeMethodAccessorImpl.java:62)
sun.reflect.DelegatingMethodAccessorImpl.invoke(DelegatingMethodAccessorImpl.java:43)
java.lang.reflect.Method.invoke(Method.java:498)
org.junit.runners.model.FrameworkMethod$1.runReflectiveCall(FrameworkMethod.java:59)
org.junit.internal.runners.model.ReflectiveCallable.run(ReflectiveCallable.java:12)
org.junit.runners.model.FrameworkMethod.invokeExplosively(FrameworkMethod.java:56)
org.junit.internal.runners.statements.RunBefores.invokeMethod(RunBefores.java:33)
org.junit.internal.runners.statements.RunBefores.evaluate(RunBefores.java:24)
org.junit.internal.runners.statements.RunAfters.evaluate(RunAfters.java:27)
org.junit.runners.ParentRunner$3.evaluate(ParentRunner.java:306)
org.junit.runners.ParentRunner.run(ParentRunner.java:413)
org.apache.maven.surefire.junit4.JUnit4Provider.execute(JUnit4Provider.java:316)
org.apache.maven.surefire.junit4.JUnit4Provider.executeWithRerun(JUnit4Provider.java:240)
org.apache.maven.surefire.junit4.JUnit4Provider.executeTestSet(JUnit4Provider.java:214)
org.apache.maven.surefire.junit4.JUnit4Provider.invoke(JUnit4Provider.java:155)
org.apache.maven.surefire.booter.ForkedBooter.runSuitesInProcess(ForkedBooter.java:385)
org.apache.maven.surefire.booter.ForkedBooter.execute(ForkedBooter.java:162)
org.apache.maven.surefire.booter.ForkedBooter.run(ForkedBooter.java:507)
org.apache.maven.surefire.booter.ForkedBooter.main(ForkedBooter.java:495)

18:07:47.828 [main] INFO org.evosuite.runtime.instrumentation.EvoClassLoader - Seeing class for first time: com.aayushatharva.brotli4j.service.BrotliNativeProvider
18:07:47.829 [main] INFO org.evosuite.runtime.instrumentation.EvoClassLoader - Instrumenting class 'com.aayushatharva.brotli4j.service.BrotliNativeProvider'.
18:07:47.830 [main] INFO org.evosuite.runtime.instrumentation.EvoClassLoader - Defined package (3): package com.aayushatharva.brotli4j.service, -1332877654
18:07:47.830 [main] INFO org.evosuite.runtime.instrumentation.EvoClassLoader - Keeping class: com.aayushatharva.brotli4j.service.BrotliNativeProvider
18:07:47.834 [main] DEBUG org.evosuite.runtime.sandbox.MSecurityManager - Security manager blocks permission ("java.io.FilePermission" "/tmp/com_aayushatharva_brotli4j_1392409281320000/libbrotli.so" "delete")
java.lang.Thread.getStackTrace(Thread.java:1564)
org.evosuite.runtime.sandbox.MSecurityManager.checkPermission(MSecurityManager.java:424)
java.lang.SecurityManager.checkDelete(SecurityManager.java:1007)
sun.nio.fs.UnixPath.checkDelete(UnixPath.java:807)
sun.nio.fs.UnixFileSystemProvider.implDelete(UnixFileSystemProvider.java:222)
sun.nio.fs.AbstractFileSystemProvider.deleteIfExists(AbstractFileSystemProvider.java:108)
java.nio.file.Files.deleteIfExists(Files.java:1165)
java.nio.file.Files.copy(Files.java:3004)
com.aayushatharva.brotli4j.Brotli4jLoader.<clinit>(Brotli4jLoader.java)
io.netty.handler.codec.compression.Brotli.<clinit>(Brotli.java)
io.netty.handler.codec.compression.BrotliDecoder.<clinit>(BrotliDecoder.java)
java.lang.Class.forName0(Native Method)
java.lang.Class.forName(Class.java:348)
[...]
org.evosuite.runtime.classhandling.ClassStateSupport.resetClasses(ClassStateSupport.java:137)
io.netty.handler.codec.compression.BrotliDecoder_ESTest_scaffolding.resetClasses(BrotliDecoder_ESTest_scaffolding.java:178)
io.netty.handler.codec.compression.BrotliDecoder_ESTest_scaffolding.doneWithTestCase(BrotliDecoder_ESTest_scaffolding.java:66)
sun.reflect.NativeMethodAccessorImpl.invoke0(Native Method)
sun.reflect.NativeMethodAccessorImpl.invoke(NativeMethodAccessorImpl.java:62)
sun.reflect.DelegatingMethodAccessorImpl.invoke(DelegatingMethodAccessorImpl.java:43)
java.lang.reflect.Method.invoke(Method.java:498)
org.junit.runners.model.FrameworkMethod$1.runReflectiveCall(FrameworkMethod.java:59)
org.junit.internal.runners.model.ReflectiveCallable.run(ReflectiveCallable.java:12)
org.junit.runners.model.FrameworkMethod.invokeExplosively(FrameworkMethod.java:56)
org.junit.internal.runners.statements.RunAfters.invokeMethod(RunAfters.java:46)
org.junit.internal.runners.statements.RunAfters.evaluate(RunAfters.java:33)
org.evosuite.runtime.vnet.NonFunctionalRequirementRule$1.evaluate(NonFunctionalRequirementRule.java:41)
org.junit.runners.ParentRunner$3.evaluate(ParentRunner.java:306)
org.junit.runners.BlockJUnit4ClassRunner$1.evaluate(BlockJUnit4ClassRunner.java:100)
org.junit.runners.ParentRunner.runLeaf(ParentRunner.java:366)
org.junit.runners.BlockJUnit4ClassRunner.runChild(BlockJUnit4ClassRunner.java:103)
org.junit.runners.BlockJUnit4ClassRunner.runChild(BlockJUnit4ClassRunner.java:63)
org.junit.runners.ParentRunner$4.run(ParentRunner.java:331)
org.junit.runners.ParentRunner$1.schedule(ParentRunner.java:79)
org.junit.runners.ParentRunner.runChildren(ParentRunner.java:329)
org.junit.runners.ParentRunner.access$100(ParentRunner.java:66)
org.junit.runners.ParentRunner$2.evaluate(ParentRunner.java:293)
org.junit.internal.runners.statements.RunBefores.evaluate(RunBefores.java:26)
org.junit.internal.runners.statements.RunAfters.evaluate(RunAfters.java:27)
org.junit.runners.ParentRunner$3.evaluate(ParentRunner.java:306)
org.junit.runners.ParentRunner.run(ParentRunner.java:413)
org.apache.maven.surefire.junit4.JUnit4Provider.execute(JUnit4Provider.java:316)
org.apache.maven.surefire.junit4.JUnit4Provider.executeWithRerun(JUnit4Provider.java:240)
org.apache.maven.surefire.junit4.JUnit4Provider.executeTestSet(JUnit4Provider.java:214)
org.apache.maven.surefire.junit4.JUnit4Provider.invoke(JUnit4Provider.java:155)
org.apache.maven.surefire.booter.ForkedBooter.runSuitesInProcess(ForkedBooter.java:385)
org.apache.maven.surefire.booter.ForkedBooter.execute(ForkedBooter.java:162)
org.apache.maven.surefire.booter.ForkedBooter.run(ForkedBooter.java:507)
org.apache.maven.surefire.booter.ForkedBooter.main(ForkedBooter.java:495)

18:07:48.160 [main] DEBUG org.evosuite.runtime.sandbox.MSecurityManager - Security manager blocks permission ("java.io.FilePermission" "/tmp/com_aayushatharva_brotli4j_1392409281320000/libbrotli.so" "delete")
java.lang.Thread.getStackTrace(Thread.java:1564)
org.evosuite.runtime.sandbox.MSecurityManager.checkPermission(MSecurityManager.java:424)
java.lang.SecurityManager.checkDelete(SecurityManager.java:1007)
sun.nio.fs.UnixPath.checkDelete(UnixPath.java:807)
sun.nio.fs.UnixFileSystemProvider.implDelete(UnixFileSystemProvider.java:222)
sun.nio.fs.AbstractFileSystemProvider.deleteIfExists(AbstractFileSystemProvider.java:108)
java.nio.file.Files.deleteIfExists(Files.java:1165)
java.nio.file.Files.copy(Files.java:3004)
com.aayushatharva.brotli4j.Brotli4jLoader.__STATIC_RESET(Brotli4jLoader.java:80)
sun.reflect.NativeMethodAccessorImpl.invoke0(Native Method)
sun.reflect.NativeMethodAccessorImpl.invoke(NativeMethodAccessorImpl.java:62)
sun.reflect.DelegatingMethodAccessorImpl.invoke(DelegatingMethodAccessorImpl.java:43)
java.lang.reflect.Method.invoke(Method.java:498)
org.evosuite.runtime.classhandling.ClassResetter.reset(ClassResetter.java:159)
org.evosuite.runtime.classhandling.ClassStateSupport.resetClasses(ClassStateSupport.java:137)
io.netty.handler.codec.compression.BrotliDecoder_ESTest_scaffolding.resetClasses(BrotliDecoder_ESTest_scaffolding.java:178)
io.netty.handler.codec.compression.BrotliDecoder_ESTest_scaffolding.doneWithTestCase(BrotliDecoder_ESTest_scaffolding.java:66)
sun.reflect.NativeMethodAccessorImpl.invoke0(Native Method)
sun.reflect.NativeMethodAccessorImpl.invoke(NativeMethodAccessorImpl.java:62)
sun.reflect.DelegatingMethodAccessorImpl.invoke(DelegatingMethodAccessorImpl.java:43)
java.lang.reflect.Method.invoke(Method.java:498)
org.junit.runners.model.FrameworkMethod$1.runReflectiveCall(FrameworkMethod.java:59)
org.junit.internal.runners.model.ReflectiveCallable.run(ReflectiveCallable.java:12)
org.junit.runners.model.FrameworkMethod.invokeExplosively(FrameworkMethod.java:56)
org.junit.internal.runners.statements.RunAfters.invokeMethod(RunAfters.java:46)
org.junit.internal.runners.statements.RunAfters.evaluate(RunAfters.java:33)
org.evosuite.runtime.vnet.NonFunctionalRequirementRule$1.evaluate(NonFunctionalRequirementRule.java:41)
org.junit.runners.ParentRunner$3.evaluate(ParentRunner.java:306)
org.junit.runners.BlockJUnit4ClassRunner$1.evaluate(BlockJUnit4ClassRunner.java:100)
org.junit.runners.ParentRunner.runLeaf(ParentRunner.java:366)
org.junit.runners.BlockJUnit4ClassRunner.runChild(BlockJUnit4ClassRunner.java:103)
org.junit.runners.BlockJUnit4ClassRunner.runChild(BlockJUnit4ClassRunner.java:63)
org.junit.runners.ParentRunner$4.run(ParentRunner.java:331)
org.junit.runners.ParentRunner$1.schedule(ParentRunner.java:79)
org.junit.runners.ParentRunner.runChildren(ParentRunner.java:329)
org.junit.runners.ParentRunner.access$100(ParentRunner.java:66)
org.junit.runners.ParentRunner$2.evaluate(ParentRunner.java:293)
org.junit.internal.runners.statements.RunBefores.evaluate(RunBefores.java:26)
org.junit.internal.runners.statements.RunAfters.evaluate(RunAfters.java:27)
org.junit.runners.ParentRunner$3.evaluate(ParentRunner.java:306)
org.junit.runners.ParentRunner.run(ParentRunner.java:413)
org.apache.maven.surefire.junit4.JUnit4Provider.execute(JUnit4Provider.java:316)
org.apache.maven.surefire.junit4.JUnit4Provider.executeWithRerun(JUnit4Provider.java:240)
org.apache.maven.surefire.junit4.JUnit4Provider.executeTestSet(JUnit4Provider.java:214)
org.apache.maven.surefire.junit4.JUnit4Provider.invoke(JUnit4Provider.java:155)
org.apache.maven.surefire.booter.ForkedBooter.runSuitesInProcess(ForkedBooter.java:385)
org.apache.maven.surefire.booter.ForkedBooter.execute(ForkedBooter.java:162)
org.apache.maven.surefire.booter.ForkedBooter.run(ForkedBooter.java:507)
org.apache.maven.surefire.booter.ForkedBooter.main(ForkedBooter.java:495)

18:07:48.161 [main] DEBUG org.evosuite.runtime.sandbox.MSecurityManager - Security manager blocks permission ("java.io.FilePermission" "/tmp/com_aayushatharva_brotli4j_1392409281320000/libbrotli.so" "write")
java.lang.Thread.getStackTrace(Thread.java:1564)
org.evosuite.runtime.sandbox.MSecurityManager.checkPermission(MSecurityManager.java:424)
java.lang.SecurityManager.checkWrite(SecurityManager.java:979)
sun.nio.fs.UnixChannelFactory.open(UnixChannelFactory.java:247)
sun.nio.fs.UnixChannelFactory.newFileChannel(UnixChannelFactory.java:136)
sun.nio.fs.UnixChannelFactory.newFileChannel(UnixChannelFactory.java:148)
sun.nio.fs.UnixFileSystemProvider.newByteChannel(UnixFileSystemProvider.java:212)
java.nio.file.spi.FileSystemProvider.newOutputStream(FileSystemProvider.java:434)
java.nio.file.Files.newOutputStream(Files.java:216)
java.nio.file.Files.copy(Files.java:3016)
com.aayushatharva.brotli4j.Brotli4jLoader.__STATIC_RESET(Brotli4jLoader.java:80)
sun.reflect.NativeMethodAccessorImpl.invoke0(Native Method)
sun.reflect.NativeMethodAccessorImpl.invoke(NativeMethodAccessorImpl.java:62)
sun.reflect.DelegatingMethodAccessorImpl.invoke(DelegatingMethodAccessorImpl.java:43)
java.lang.reflect.Method.invoke(Method.java:498)
org.evosuite.runtime.classhandling.ClassResetter.reset(ClassResetter.java:159)
org.evosuite.runtime.classhandling.ClassStateSupport.resetClasses(ClassStateSupport.java:137)
io.netty.handler.codec.compression.BrotliDecoder_ESTest_scaffolding.resetClasses(BrotliDecoder_ESTest_scaffolding.java:178)
io.netty.handler.codec.compression.BrotliDecoder_ESTest_scaffolding.doneWithTestCase(BrotliDecoder_ESTest_scaffolding.java:66)
sun.reflect.NativeMethodAccessorImpl.invoke0(Native Method)
sun.reflect.NativeMethodAccessorImpl.invoke(NativeMethodAccessorImpl.java:62)
sun.reflect.DelegatingMethodAccessorImpl.invoke(DelegatingMethodAccessorImpl.java:43)
java.lang.reflect.Method.invoke(Method.java:498)
org.junit.runners.model.FrameworkMethod$1.runReflectiveCall(FrameworkMethod.java:59)
org.junit.internal.runners.model.ReflectiveCallable.run(ReflectiveCallable.java:12)
org.junit.runners.model.FrameworkMethod.invokeExplosively(FrameworkMethod.java:56)
org.junit.internal.runners.statements.RunAfters.invokeMethod(RunAfters.java:46)
org.junit.internal.runners.statements.RunAfters.evaluate(RunAfters.java:33)
org.evosuite.runtime.vnet.NonFunctionalRequirementRule$1.evaluate(NonFunctionalRequirementRule.java:41)
org.junit.runners.ParentRunner$3.evaluate(ParentRunner.java:306)
org.junit.runners.BlockJUnit4ClassRunner$1.evaluate(BlockJUnit4ClassRunner.java:100)
org.junit.runners.ParentRunner.runLeaf(ParentRunner.java:366)
org.junit.runners.BlockJUnit4ClassRunner.runChild(BlockJUnit4ClassRunner.java:103)
org.junit.runners.BlockJUnit4ClassRunner.runChild(BlockJUnit4ClassRunner.java:63)
org.junit.runners.ParentRunner$4.run(ParentRunner.java:331)
org.junit.runners.ParentRunner$1.schedule(ParentRunner.java:79)
org.junit.runners.ParentRunner.runChildren(ParentRunner.java:329)
org.junit.runners.ParentRunner.access$100(ParentRunner.java:66)
org.junit.runners.ParentRunner$2.evaluate(ParentRunner.java:293)
org.junit.internal.runners.statements.RunBefores.evaluate(RunBefores.java:26)
org.junit.internal.runners.statements.RunAfters.evaluate(RunAfters.java:27)
org.junit.runners.ParentRunner$3.evaluate(ParentRunner.java:306)
org.junit.runners.ParentRunner.run(ParentRunner.java:413)
org.apache.maven.surefire.junit4.JUnit4Provider.execute(JUnit4Provider.java:316)
org.apache.maven.surefire.junit4.JUnit4Provider.executeWithRerun(JUnit4Provider.java:240)
org.apache.maven.surefire.junit4.JUnit4Provider.executeTestSet(JUnit4Provider.java:214)
org.apache.maven.surefire.junit4.JUnit4Provider.invoke(JUnit4Provider.java:155)
org.apache.maven.surefire.booter.ForkedBooter.runSuitesInProcess(ForkedBooter.java:385)
org.apache.maven.surefire.booter.ForkedBooter.execute(ForkedBooter.java:162)
org.apache.maven.surefire.booter.ForkedBooter.run(ForkedBooter.java:507)
org.apache.maven.surefire.booter.ForkedBooter.main(ForkedBooter.java:495)

18:07:48.162 [main] DEBUG io.netty.handler.codec.compression.Brotli - Failed to load brotli4j; Brotli support will be unavailable.
java.lang.SecurityException: Security manager blocks ("java.io.FilePermission" "/tmp/com_aayushatharva_brotli4j_1392409281320000/libbrotli.so" "write")
java.lang.Thread.getStackTrace(Thread.java:1564)
org.evosuite.runtime.sandbox.MSecurityManager.checkPermission(MSecurityManager.java:424)
java.lang.SecurityManager.checkWrite(SecurityManager.java:979)
sun.nio.fs.UnixChannelFactory.open(UnixChannelFactory.java:247)
sun.nio.fs.UnixChannelFactory.newFileChannel(UnixChannelFactory.java:136)
sun.nio.fs.UnixChannelFactory.newFileChannel(UnixChannelFactory.java:148)
sun.nio.fs.UnixFileSystemProvider.newByteChannel(UnixFileSystemProvider.java:212)
java.nio.file.spi.FileSystemProvider.newOutputStream(FileSystemProvider.java:434)
java.nio.file.Files.newOutputStream(Files.java:216)
java.nio.file.Files.copy(Files.java:3016)
com.aayushatharva.brotli4j.Brotli4jLoader.__STATIC_RESET(Brotli4jLoader.java:80)
sun.reflect.NativeMethodAccessorImpl.invoke0(Native Method)
sun.reflect.NativeMethodAccessorImpl.invoke(NativeMethodAccessorImpl.java:62)
sun.reflect.DelegatingMethodAccessorImpl.invoke(DelegatingMethodAccessorImpl.java:43)
java.lang.reflect.Method.invoke(Method.java:498)
org.evosuite.runtime.classhandling.ClassResetter.reset(ClassResetter.java:159)
org.evosuite.runtime.classhandling.ClassStateSupport.resetClasses(ClassStateSupport.java:137)
io.netty.handler.codec.compression.BrotliDecoder_ESTest_scaffolding.resetClasses(BrotliDecoder_ESTest_scaffolding.java:178)
io.netty.handler.codec.compression.BrotliDecoder_ESTest_scaffolding.doneWithTestCase(BrotliDecoder_ESTest_scaffolding.java:66)
sun.reflect.NativeMethodAccessorImpl.invoke0(Native Method)
sun.reflect.NativeMethodAccessorImpl.invoke(NativeMethodAccessorImpl.java:62)
sun.reflect.DelegatingMethodAccessorImpl.invoke(DelegatingMethodAccessorImpl.java:43)
java.lang.reflect.Method.invoke(Method.java:498)
org.junit.runners.model.FrameworkMethod$1.runReflectiveCall(FrameworkMethod.java:59)
org.junit.internal.runners.model.ReflectiveCallable.run(ReflectiveCallable.java:12)
org.junit.runners.model.FrameworkMethod.invokeExplosively(FrameworkMethod.java:56)
org.junit.internal.runners.statements.RunAfters.invokeMethod(RunAfters.java:46)
org.junit.internal.runners.statements.RunAfters.evaluate(RunAfters.java:33)
org.evosuite.runtime.vnet.NonFunctionalRequirementRule$1.evaluate(NonFunctionalRequirementRule.java:41)
org.junit.runners.ParentRunner$3.evaluate(ParentRunner.java:306)
org.junit.runners.BlockJUnit4ClassRunner$1.evaluate(BlockJUnit4ClassRunner.java:100)
org.junit.runners.ParentRunner.runLeaf(ParentRunner.java:366)
org.junit.runners.BlockJUnit4ClassRunner.runChild(BlockJUnit4ClassRunner.java:103)
org.junit.runners.BlockJUnit4ClassRunner.runChild(BlockJUnit4ClassRunner.java:63)
org.junit.runners.ParentRunner$4.run(ParentRunner.java:331)
org.junit.runners.ParentRunner$1.schedule(ParentRunner.java:79)
org.junit.runners.ParentRunner.runChildren(ParentRunner.java:329)
org.junit.runners.ParentRunner.access$100(ParentRunner.java:66)
org.junit.runners.ParentRunner$2.evaluate(ParentRunner.java:293)
org.junit.internal.runners.statements.RunBefores.evaluate(RunBefores.java:26)
org.junit.internal.runners.statements.RunAfters.evaluate(RunAfters.java:27)
org.junit.runners.ParentRunner$3.evaluate(ParentRunner.java:306)
org.junit.runners.ParentRunner.run(ParentRunner.java:413)
org.apache.maven.surefire.junit4.JUnit4Provider.execute(JUnit4Provider.java:316)
org.apache.maven.surefire.junit4.JUnit4Provider.executeWithRerun(JUnit4Provider.java:240)
org.apache.maven.surefire.junit4.JUnit4Provider.executeTestSet(JUnit4Provider.java:214)
org.apache.maven.surefire.junit4.JUnit4Provider.invoke(JUnit4Provider.java:155)
org.apache.maven.surefire.booter.ForkedBooter.runSuitesInProcess(ForkedBooter.java:385)
org.apache.maven.surefire.booter.ForkedBooter.execute(ForkedBooter.java:162)
org.apache.maven.surefire.booter.ForkedBooter.run(ForkedBooter.java:507)
org.apache.maven.surefire.booter.ForkedBooter.main(ForkedBooter.java:495)

	at org.evosuite.runtime.sandbox.MSecurityManager.checkPermission(MSecurityManager.java:436)
	at java.lang.SecurityManager.checkWrite(SecurityManager.java:979)
	at sun.nio.fs.UnixChannelFactory.open(UnixChannelFactory.java:247)
	at sun.nio.fs.UnixChannelFactory.newFileChannel(UnixChannelFactory.java:136)
	at sun.nio.fs.UnixChannelFactory.newFileChannel(UnixChannelFactory.java:148)
	at sun.nio.fs.UnixFileSystemProvider.newByteChannel(UnixFileSystemProvider.java:212)
	at java.nio.file.spi.FileSystemProvider.newOutputStream(FileSystemProvider.java:434)
	at java.nio.file.Files.newOutputStream(Files.java:216)
	at java.nio.file.Files.copy(Files.java:3016)
	at com.aayushatharva.brotli4j.Brotli4jLoader.__STATIC_RESET(Brotli4jLoader.java:80)
	at sun.reflect.NativeMethodAccessorImpl.invoke0(Native Method)
	at sun.reflect.NativeMethodAccessorImpl.invoke(NativeMethodAccessorImpl.java:62)
	at sun.reflect.DelegatingMethodAccessorImpl.invoke(DelegatingMethodAccessorImpl.java:43)
	at java.lang.reflect.Method.invoke(Method.java:498)
	at org.evosuite.runtime.classhandling.ClassResetter.reset(ClassResetter.java:159)
	at org.evosuite.runtime.classhandling.ClassStateSupport.resetClasses(ClassStateSupport.java:137)
	at io.netty.handler.codec.compression.BrotliDecoder_ESTest_scaffolding.resetClasses(BrotliDecoder_ESTest_scaffolding.java:178)
	at io.netty.handler.codec.compression.BrotliDecoder_ESTest_scaffolding.doneWithTestCase(BrotliDecoder_ESTest_scaffolding.java:66)
	at sun.reflect.NativeMethodAccessorImpl.invoke0(Native Method)
	at sun.reflect.NativeMethodAccessorImpl.invoke(NativeMethodAccessorImpl.java:62)
	at sun.reflect.DelegatingMethodAccessorImpl.invoke(DelegatingMethodAccessorImpl.java:43)
	at java.lang.reflect.Method.invoke(Method.java:498)
	at org.junit.runners.model.FrameworkMethod$1.runReflectiveCall(FrameworkMethod.java:59)
	at org.junit.internal.runners.model.ReflectiveCallable.run(ReflectiveCallable.java:12)
	at org.junit.runners.model.FrameworkMethod.invokeExplosively(FrameworkMethod.java:56)
	at org.junit.internal.runners.statements.RunAfters.invokeMethod(RunAfters.java:46)
	at org.junit.internal.runners.statements.RunAfters.evaluate(RunAfters.java:33)
	at org.evosuite.runtime.vnet.NonFunctionalRequirementRule$1.evaluate(NonFunctionalRequirementRule.java:41)
	at org.junit.runners.ParentRunner$3.evaluate(ParentRunner.java:306)
	at org.junit.runners.BlockJUnit4ClassRunner$1.evaluate(BlockJUnit4ClassRunner.java:100)
	at org.junit.runners.ParentRunner.runLeaf(ParentRunner.java:366)
	at org.junit.runners.BlockJUnit4ClassRunner.runChild(BlockJUnit4ClassRunner.java:103)
	at org.junit.runners.BlockJUnit4ClassRunner.runChild(BlockJUnit4ClassRunner.java:63)
	at org.junit.runners.ParentRunner$4.run(ParentRunner.java:331)
	at org.junit.runners.ParentRunner$1.schedule(ParentRunner.java:79)
	at org.junit.runners.ParentRunner.runChildren(ParentRunner.java:329)
	at org.junit.runners.ParentRunner.access$100(ParentRunner.java:66)
	at org.junit.runners.ParentRunner$2.evaluate(ParentRunner.java:293)
	at org.junit.internal.runners.statements.RunBefores.evaluate(RunBefores.java:26)
	at org.junit.internal.runners.statements.RunAfters.evaluate(RunAfters.java:27)
	at org.junit.runners.ParentRunner$3.evaluate(ParentRunner.java:306)
	at org.junit.runners.ParentRunner.run(ParentRunner.java:413)
	at org.apache.maven.surefire.junit4.JUnit4Provider.execute(JUnit4Provider.java:316)
	at org.apache.maven.surefire.junit4.JUnit4Provider.executeWithRerun(JUnit4Provider.java:240)
	at org.apache.maven.surefire.junit4.JUnit4Provider.executeTestSet(JUnit4Provider.java:214)
	at org.apache.maven.surefire.junit4.JUnit4Provider.invoke(JUnit4Provider.java:155)
	at org.apache.maven.surefire.booter.ForkedBooter.runSuitesInProcess(ForkedBooter.java:385)
	at org.apache.maven.surefire.booter.ForkedBooter.execute(ForkedBooter.java:162)
	at org.apache.maven.surefire.booter.ForkedBooter.run(ForkedBooter.java:507)
	at org.apache.maven.surefire.booter.ForkedBooter.main(ForkedBooter.java:495)
18:07:48.162 [main] INFO org.evosuite.runtime.instrumentation.EvoClassLoader - Seeing class for first time: io.netty.handler.codec.compression.BrotliDecoder$State
18:07:48.162 [main] INFO org.evosuite.runtime.instrumentation.EvoClassLoader - Instrumenting class 'io.netty.handler.codec.compression.BrotliDecoder$State'.
18:07:48.163 [main] INFO org.evosuite.runtime.instrumentation.MethodCallReplacementClassAdapter - Adding mock interface to class io/netty/handler/codec/compression/BrotliDecoder$State
18:07:48.163 [main] INFO org.evosuite.runtime.instrumentation.CreateClassResetClassAdapter - Found static initializer in class io/netty/handler/codec/compression/BrotliDecoder$State
18:07:48.164 [main] INFO org.evosuite.runtime.instrumentation.EvoClassLoader - Keeping class: io.netty.handler.codec.compression.BrotliDecoder$State
18:07:48.165 [main] ERROR org.evosuite.runtime.classhandling.ClassResetter - java.lang.NoClassDefFoundError: Could not initialize class io.netty.handler.codec.compression.BrotliDecoder
]]></system-out>
  </testcase>
</testsuite>