-------------------------------------------------------------------------------
Test set: com.google.common.collect.testing.DerivedCollectionGenerators_ESTest
-------------------------------------------------------------------------------
Tests run: 13, Failures: 1, Errors: 0, Skipped: 2, Time elapsed: 0.178 s <<< FAILURE! -- in com.google.common.collect.testing.DerivedCollectionGenerators_ESTest
com.google.common.collect.testing.DerivedCollectionGenerators_ESTest.test00 -- Time elapsed: 0.010 s <<< FAILURE!
java.lang.AssertionError: Exception was not thrown in com.google.common.collect.testing.DerivedCollectionGenerators$SortedMapSubmapTestMapGenerator but in com.google.common.collect.testing.NavigableMapTestSuiteBuilder$DescendingTestMapGenerator.create(NavigableMapTestSuiteBuilder.java:149): java.lang.NullPointerException
	at org.evosuite.runtime.EvoAssertions.assertThrownBy(EvoAssertions.java:111)
	at org.evosuite.runtime.EvoAssertions.verifyException(EvoAssertions.java:48)
	at com.google.common.collect.testing.DerivedCollectionGenerators_ESTest.test00(DerivedCollectionGenerators_ESTest.java:52)
	at sun.reflect.NativeMethodAccessorImpl.invoke0(Native Method)
	at sun.reflect.NativeMethodAccessorImpl.invoke(NativeMethodAccessorImpl.java:62)
	at sun.reflect.DelegatingMethodAccessorImpl.invoke(DelegatingMethodAccessorImpl.java:43)
	at java.lang.reflect.Method.invoke(Method.java:498)
	at org.junit.runners.model.FrameworkMethod$1.runReflectiveCall(FrameworkMethod.java:59)
	at org.junit.internal.runners.model.ReflectiveCallable.run(ReflectiveCallable.java:12)
	at org.junit.runners.model.FrameworkMethod.invokeExplosively(FrameworkMethod.java:56)
	at org.junit.internal.runners.statements.InvokeMethod.evaluate(InvokeMethod.java:17)
	at org.junit.internal.runners.statements.FailOnTimeout$CallableStatement.call(FailOnTimeout.java:299)
	at org.junit.internal.runners.statements.FailOnTimeout$CallableStatement.call(FailOnTimeout.java:293)
	at java.util.concurrent.FutureTask.run(FutureTask.java:266)
	at java.lang.Thread.run(Thread.java:750)

