* EvoSuite 1.2.0
* Going to generate test cases for class: com.google.inject.servlet.ManagedServletPipeline
* Starting Client-0
* Connecting to master process on port 13516
* Analyzing classpath: 
  - /home/wtwhite/code/craw-redhat-oss/wget/crawl/repo1.maven.org/maven2/com/google/inject/extensions/guice-servlet/7.0.0/guice-servlet-7.0.0.jar
  - t/dependency/aopalliance-1.0.jar
  - t/dependency/asm-9.5.jar
  - t/dependency/byte-buddy-1.12.4.jar
  - t/dependency/byte-buddy-agent-1.12.4.jar
  - t/dependency/checker-qual-3.12.0.jar
  - t/dependency/error_prone_annotations-2.18.0.jar
  - t/dependency/failureaccess-1.0.1.jar
  - t/dependency/guava-31.0.1-jre.jar
  - t/dependency/guava-testlib-31.0.1-jre.jar
  - t/dependency/guice-7.0.0.jar
  - t/dependency/guice-7.0.0-tests.jar
  - t/dependency/hamcrest-core-1.3.jar
  - t/dependency/j2objc-annotations-1.3.jar
  - t/dependency/jakarta.inject-api-2.0.1.jar
  - t/dependency/jakarta.servlet-api-5.0.0.jar
  - t/dependency/jsr305-3.0.1.jar
  - t/dependency/junit-4.13.2.jar
  - t/dependency/listenablefuture-9999.0-empty-to-avoid-conflict-with-guava.jar
  - t/dependency/mockito-core-4.2.0.jar
  - t/dependency/objenesis-3.2.jar
* Finished analyzing classpath
* Generating tests for class com.google.inject.servlet.ManagedServletPipeline
* Test criteria:
  - Line Coverage
  - Branch Coverage
  - Exception
  - Mutation testing (weak)
  - Method-Output Coverage
  - Top-Level Method Coverage
  - No-Exception Top-Level Method Coverage
  - Context Branch Coverage
[Progress:>                             0%] [Cov:>                                  0%]* Total number of test goals for DYNAMOSA: 313
* Using seed 1729707488154
* Starting evolution
* Initial Number of Goals in DynaMOSA = 141 / 313
[Progress:>                             0%] [Cov:===============>                   43%][MASTER] 07:18:12.506 [logback-1] WARN  TestChromosome - Functional mock problem: org.evosuite.ga.ConstructionFailedException: Have no generator for class jakarta.servlet.http.HttpServletRequestWrapper canUseFunctionalMocks=false, canBeMocked: true
[Progress:>                             1%] [Cov:================>                  47%][MASTER] 07:18:13.232 [logback-1] WARN  TestChromosome - Functional mock problem: org.evosuite.ga.ConstructionFailedException: Failed to add constructor for java.util.ArrayList due to org.evosuite.ga.ConstructionFailedException: Error: VariableReference: Statement 0, type java.util.LinkedList<com.google.inject.Binding<com.google.inject.servlet.ServletDefinition>> is not assignable to java.util.Collection<? extends com.google.inject.Binding<java.lang.Object>>
[Progress:>                             3%] [Cov:=================>                 49%][MASTER] 07:18:13.347 [logback-1] WARN  TestChromosome - Functional mock problem: org.evosuite.ga.ConstructionFailedException: Have no generator for class jakarta.servlet.ServletRequestWrapper canUseFunctionalMocks=false, canBeMocked: true
[Progress:>                             3%] [Cov:================>                  48%][Progress:>                             3%] [Cov:=================>                 51%][Progress:=>                            5%] [Cov:==================>                54%][Progress:=>                            5%] [Cov:==================>                52%][Progress:=>                            5%] [Cov:==================>                52%][Progress:=>                            5%] [Cov:==================>                52%][MASTER] 07:18:15.002 [logback-1] WARN  TestChromosome - Functional mock problem: org.evosuite.ga.ConstructionFailedException: Failed to add constructor for com.google.inject.servlet.ServletDefinition due to org.evosuite.ga.ConstructionFailedException: Have no generator for interface com.google.inject.servlet.UriPatternMatcher canUseFunctionalMocks=true, canBeMocked: false
[MASTER] 07:18:15.079 [logback-1] WARN  TestChromosome - Functional mock problem: org.evosuite.ga.ConstructionFailedException: Failed to add constructor for java.util.Vector due to org.evosuite.ga.ConstructionFailedException: Failed to add constructor for java.util.PriorityQueue due to org.evosuite.ga.ConstructionFailedException: Error: VariableReference: Statement 0, type java.util.TreeSet<com.google.inject.Binding<java.lang.Object>> is not assignable to java.util.SortedSet<? extends com.google.inject.Binding<com.google.inject.servlet.ServletDefinition>>
[Progress:=>                            6%] [Cov:==================>                54%][Progress:=>                            6%] [Cov:==================>                53%][MASTER] 07:18:15.636 [logback-1] WARN  TestChromosome - Functional mock problem: org.evosuite.ga.ConstructionFailedException: Failed to add constructor for java.util.LinkedList due to org.evosuite.ga.ConstructionFailedException: Error: VariableReference: Statement 0, type java.util.Collection<com.google.inject.Binding<java.lang.Object>> is not assignable to java.util.Collection<? extends com.google.inject.Binding<jakarta.servlet.http.HttpServlet>>
[Progress:=>                            6%] [Cov:==================>                54%][Progress:=>                            6%] [Cov:==================>                54%][MASTER] 07:18:16.008 [logback-1] WARN  TestCluster - Failed to check cache for java.util.Comparator<T> : Type points to itself
[Progress:=>                            6%] [Cov:==================>                54%][MASTER] 07:18:16.199 [logback-1] WARN  TestChromosome - Functional mock problem: org.evosuite.ga.ConstructionFailedException: Failed to add constructor for java.util.ArrayList due to org.evosuite.ga.ConstructionFailedException: Error: VariableReference: Statement 0, type java.util.Vector<com.google.inject.Binding<java.lang.Object>> is not assignable to java.util.Collection<? extends com.google.inject.Binding<java.lang.String>>
[Progress:==>                           8%] [Cov:==================>                53%][Progress:==>                           8%] [Cov:==================>                53%][Progress:==>                           8%] [Cov:==================>                53%][Progress:==>                           8%] [Cov:==================>                53%][Progress:==>                           8%] [Cov:==================>                53%][Progress:==>                           8%] [Cov:==================>                53%][Progress:===>                          10%] [Cov:==================>                54%][Progress:===>                          10%] [Cov:==================>                53%][Progress:===>                          10%] [Cov:==================>                53%][MASTER] 07:18:17.746 [logback-1] WARN  TestChromosome - Functional mock problem: org.evosuite.ga.ConstructionFailedException: Failed to add constructor for java.util.ArrayList due to org.evosuite.ga.ConstructionFailedException: Error: VariableReference: Statement 1, type java.util.PriorityQueue<com.google.inject.Binding<java.lang.Object>> is not assignable to java.util.Collection<? extends com.google.inject.Binding<com.google.inject.servlet.ServletDefinition>>
[MASTER] 07:18:17.780 [logback-1] WARN  TestChromosome - Functional mock problem: org.evosuite.ga.ConstructionFailedException: Failed to add constructor for java.util.ArrayList due to org.evosuite.ga.ConstructionFailedException: Error: VariableReference: Statement 0, type java.util.ArrayDeque<com.google.inject.Binding<jakarta.servlet.http.HttpServlet>> is not assignable to java.util.Collection<? extends com.google.inject.Binding<java.lang.Object>>
[Progress:===>                          10%] [Cov:==================>                53%][MASTER] 07:18:17.973 [logback-1] WARN  TestChromosome - Functional mock problem: org.evosuite.ga.ConstructionFailedException: Failed to add constructor for java.util.Vector due to org.evosuite.ga.ConstructionFailedException: Error: VariableReference: Statement 0, type java.util.PriorityQueue<com.google.inject.Binding<java.lang.Object>> is not assignable to java.util.Collection<? extends com.google.inject.Binding<com.google.inject.Binding<java.lang.Object>>>
[Progress:===>                          10%] [Cov:==================>                53%][MASTER] 07:18:18.213 [logback-1] WARN  TestChromosome - Functional mock problem: org.evosuite.ga.ConstructionFailedException: Failed to add constructor for java.util.LinkedList due to org.evosuite.ga.ConstructionFailedException: Error: VariableReference: Statement 0, type java.util.Stack<com.google.inject.Binding<jakarta.servlet.http.HttpServlet>> is not assignable to java.util.Collection<? extends com.google.inject.Binding<com.google.inject.servlet.ServletDefinition>>
[MASTER] 07:18:18.223 [logback-1] WARN  TestChromosome - Functional mock problem: org.evosuite.ga.ConstructionFailedException: Failed to add constructor for java.util.LinkedList due to org.evosuite.ga.ConstructionFailedException: Error: VariableReference: Statement 0, type java.util.TreeSet<com.google.inject.Binding<java.lang.Object>> is not assignable to java.util.Collection<? extends com.google.inject.Binding<jakarta.servlet.http.HttpServlet>>
[Progress:===>                          11%] [Cov:==================>                53%][MASTER] 07:18:18.251 [logback-1] WARN  TestChromosome - Functional mock problem: org.evosuite.ga.ConstructionFailedException: Failed to add constructor for java.util.Vector due to org.evosuite.ga.ConstructionFailedException: Error: VariableReference: Statement 0, type java.util.PriorityQueue<com.google.inject.Binding<com.google.inject.servlet.ServletDefinition>> is not assignable to java.util.Collection<? extends com.google.inject.Binding<jakarta.servlet.http.HttpServlet>>
[MASTER] 07:18:18.255 [logback-1] WARN  TestChromosome - Functional mock problem: org.evosuite.ga.ConstructionFailedException: Failed to add constructor for java.util.LinkedList due to org.evosuite.ga.ConstructionFailedException: Error: VariableReference: Statement 0, type java.util.PriorityQueue<com.google.inject.Binding<jakarta.servlet.http.HttpServlet>> is not assignable to java.util.Collection<? extends com.google.inject.Binding<com.google.inject.servlet.ServletDefinition>>
[MASTER] 07:18:18.584 [logback-1] WARN  TestChromosome - Functional mock problem: org.evosuite.ga.ConstructionFailedException: Failed to add constructor for java.util.LinkedList due to org.evosuite.ga.ConstructionFailedException: Error: VariableReference: Statement 0, type java.util.Vector<com.google.inject.Binding<jakarta.servlet.http.HttpServlet>> is not assignable to java.util.Collection<? extends com.google.inject.Binding<com.google.inject.servlet.ServletDefinition>>
[Progress:===>                          11%] [Cov:==================>                53%][MASTER] 07:18:18.635 [logback-1] WARN  TestChromosome - Functional mock problem: org.evosuite.ga.ConstructionFailedException: Failed to add constructor for java.util.Vector due to org.evosuite.ga.ConstructionFailedException: Error: VariableReference: Statement 0, type java.util.Vector<com.google.inject.Binding<java.lang.Object>> is not assignable to java.util.Collection<? extends com.google.inject.Binding<com.google.inject.servlet.ServletDefinition>>
[MASTER] 07:18:18.721 [logback-1] WARN  TestChromosome - Functional mock problem: org.evosuite.ga.ConstructionFailedException: Failed to add constructor for java.util.ArrayList due to org.evosuite.ga.ConstructionFailedException: Error: VariableReference: Statement 0, type java.util.TreeSet<com.google.inject.Binding<java.lang.Object>> is not assignable to java.util.Collection<? extends com.google.inject.Binding<jakarta.servlet.http.HttpServlet>>
[Progress:===>                          11%] [Cov:==================>                53%][Progress:===>                          11%] [Cov:==================>                53%][MASTER] 07:18:19.071 [logback-1] WARN  TestChromosome - Functional mock problem: org.evosuite.ga.ConstructionFailedException: Failed to add constructor for java.util.Vector due to org.evosuite.ga.ConstructionFailedException: Error: VariableReference: Statement 0, type java.util.Collection<com.google.inject.Binding<java.lang.Object>> is not assignable to java.util.Collection<? extends com.google.inject.Binding<com.google.inject.servlet.ServletDefinition>>
[Progress:===>                          11%] [Cov:==================>                53%][Progress:===>                          13%] [Cov:==================>                53%][Progress:===>                          13%] [Cov:==================>                53%][Progress:===>                          13%] [Cov:==================>                53%][Progress:===>                          13%] [Cov:==================>                53%][Progress:===>                          13%] [Cov:==================>                53%][Progress:===>                          13%] [Cov:==================>                53%][Progress:===>                          13%] [Cov:==================>                53%][Progress:===>                          13%] [Cov:==================>                53%][MASTER] 07:18:20.129 [logback-1] WARN  TestChromosome - Functional mock problem: org.evosuite.ga.ConstructionFailedException: Failed to add constructor for java.util.ArrayList due to org.evosuite.ga.ConstructionFailedException: Error: VariableReference: Statement 0, type java.util.ArrayDeque<com.google.inject.Binding<java.lang.Object>> is not assignable to java.util.Collection<? extends com.google.inject.Binding<com.google.inject.Binding<java.util.Locale$Category>>>
[MASTER] 07:18:20.769 [logback-1] WARN  TestChromosome - Functional mock problem: org.evosuite.ga.ConstructionFailedException: Failed to add constructor for java.util.LinkedList due to org.evosuite.ga.ConstructionFailedException: Error: VariableReference: Statement 0, type java.util.Stack<com.google.inject.Binding<com.google.inject.servlet.ServletDefinition>> is not assignable to java.util.Collection<? extends com.google.inject.Binding<java.lang.Object>>
[Progress:====>                         15%] [Cov:==================>                53%][Progress:====>                         15%] [Cov:==================>                53%][Progress:====>                         15%] [Cov:==================>                53%][MASTER] 07:18:21.218 [logback-1] WARN  TestChromosome - Functional mock problem: org.evosuite.ga.ConstructionFailedException: Failed to add constructor for java.util.Vector due to org.evosuite.ga.ConstructionFailedException: Error: VariableReference: Statement 0, type java.util.PriorityQueue<com.google.inject.Binding<jakarta.servlet.http.HttpServlet>> is not assignable to java.util.Collection<? extends com.google.inject.Binding<java.lang.Object>>
[Progress:====>                         16%] [Cov:==================>                53%][MASTER] 07:18:21.853 [logback-1] WARN  TestChromosome - Functional mock problem: org.evosuite.ga.ConstructionFailedException: Failed to add constructor for java.util.Vector due to org.evosuite.ga.ConstructionFailedException: Error: VariableReference: Statement 0, type java.util.Stack<com.google.inject.Binding<com.google.inject.servlet.ServletDefinition>> is not assignable to java.util.Collection<? extends com.google.inject.Binding<jakarta.servlet.http.HttpServlet>>
[Progress:====>                         16%] [Cov:==================>                53%][Progress:====>                         16%] [Cov:==================>                53%][MASTER] 07:18:22.171 [logback-1] WARN  TestChromosome - Functional mock problem: org.evosuite.ga.ConstructionFailedException: Failed to add constructor for java.util.Vector due to org.evosuite.ga.ConstructionFailedException: Error: VariableReference: Statement 0, type java.util.ArrayList<com.google.inject.Binding<java.util.Locale$FilteringMode>> is not assignable to java.util.Collection<? extends com.google.inject.Binding<com.google.inject.servlet.ServletDefinition>>
[Progress:=====>                        18%] [Cov:==================>                53%][MASTER] 07:18:22.386 [logback-1] WARN  TestChromosome - Functional mock problem: org.evosuite.ga.ConstructionFailedException: Failed to add constructor for java.util.Vector due to org.evosuite.ga.ConstructionFailedException: Error: VariableReference: Statement 0, type java.util.ArrayDeque<com.google.inject.Binding<java.util.Locale$FilteringMode>> is not assignable to java.util.Collection<? extends com.google.inject.Binding<com.google.inject.servlet.ServletDefinition>>
[Progress:=====>                        18%] [Cov:==================>                53%][Progress:=====>                        18%] [Cov:==================>                53%][Progress:=====>                        18%] [Cov:==================>                53%][MASTER] 07:18:22.754 [logback-1] WARN  TestChromosome - Functional mock problem: org.evosuite.ga.ConstructionFailedException: Failed to add constructor for java.util.LinkedList due to org.evosuite.ga.ConstructionFailedException: Error: VariableReference: Statement 0, type java.util.TreeSet<com.google.inject.Binding<java.lang.Object>> is not assignable to java.util.Collection<? extends com.google.inject.Binding<com.google.inject.servlet.ServletDefinition>>
[Progress:=====>                        18%] [Cov:==================>                53%][MASTER] 07:18:22.847 [logback-1] WARN  TestChromosome - Functional mock problem: org.evosuite.ga.ConstructionFailedException: Failed to add constructor for java.util.ArrayList due to org.evosuite.ga.ConstructionFailedException: Error: VariableReference: Statement 0, type java.util.Vector<com.google.inject.Binding<com.google.inject.servlet.ServletDefinition>> is not assignable to java.util.Collection<? extends com.google.inject.Binding<java.util.Locale$FilteringMode>>
[Progress:=====>                        18%] [Cov:==================>                53%][MASTER] 07:18:22.954 [logback-1] WARN  TestChromosome - Functional mock problem: org.evosuite.ga.ConstructionFailedException: Failed to add constructor for java.util.Vector due to org.evosuite.ga.ConstructionFailedException: Error: VariableReference: Statement 0, type java.util.Vector<com.google.inject.Binding<java.lang.Object>> is not assignable to java.util.Collection<? extends com.google.inject.Binding<com.google.inject.Binding<java.util.Locale$FilteringMode>>>
[Progress:=====>                        18%] [Cov:==================>                53%][Progress:=====>                        18%] [Cov:==================>                53%][Progress:======>                       20%] [Cov:==================>                53%][Progress:======>                       20%] [Cov:==================>                53%][Progress:======>                       20%] [Cov:==================>                53%][Progress:======>                       20%] [Cov:==================>                53%][Progress:======>                       20%] [Cov:==================>                53%][Progress:======>                       20%] [Cov:==================>                53%][MASTER] 07:18:23.835 [logback-1] WARN  TestChromosome - Functional mock problem: org.evosuite.ga.ConstructionFailedException: Failed to add constructor for java.util.ArrayList due to org.evosuite.ga.ConstructionFailedException: Error: VariableReference: Statement 0, type java.util.LinkedHashSet<com.google.inject.Binding<java.io.FilterInputStream>> is not assignable to java.util.Collection<? extends com.google.inject.Binding<com.google.inject.servlet.ServletDefinition>>
[Progress:======>                       20%] [Cov:==================>                53%][Progress:======>                       20%] [Cov:==================>                53%][Progress:======>                       21%] [Cov:==================>                53%][MASTER] 07:18:24.154 [logback-1] WARN  TestChromosome - Functional mock problem: org.evosuite.ga.ConstructionFailedException: Failed to add constructor for java.util.LinkedList due to org.evosuite.ga.ConstructionFailedException: Error: VariableReference: Statement 0, type java.util.Collection<com.google.inject.Binding<jakarta.servlet.http.HttpServlet>> is not assignable to java.util.Collection<? extends com.google.inject.Binding<java.lang.Object>>
[Progress:======>                       21%] [Cov:==================>                53%][MASTER] 07:18:24.338 [logback-1] WARN  TestChromosome - Functional mock problem: org.evosuite.ga.ConstructionFailedException: Failed to add constructor for java.util.LinkedList due to org.evosuite.ga.ConstructionFailedException: Error: VariableReference: Statement 0, type java.util.PriorityQueue<com.google.inject.Binding<com.google.inject.servlet.ServletDefinition>> is not assignable to java.util.Collection<? extends com.google.inject.Binding<jakarta.servlet.http.HttpServlet>>
[Progress:======>                       21%] [Cov:==================>                53%][Progress:======>                       21%] [Cov:==================>                53%][MASTER] 07:18:24.862 [logback-1] WARN  TestChromosome - Functional mock problem: org.evosuite.ga.ConstructionFailedException: Failed to add constructor for java.util.LinkedList due to org.evosuite.ga.ConstructionFailedException: Error: VariableReference: Statement 1, type java.util.TreeSet<com.google.inject.Binding<com.google.inject.servlet.ServletDefinition>> is not assignable to java.util.Collection<? extends com.google.inject.Binding<java.lang.Object>>
[Progress:======>                       21%] [Cov:==================>                53%][Progress:======>                       21%] [Cov:==================>                53%][Progress:======>                       23%] [Cov:==================>                53%][MASTER] 07:18:25.220 [logback-1] WARN  TestChromosome - Functional mock problem: org.evosuite.ga.ConstructionFailedException: Failed to add constructor for java.util.Vector due to org.evosuite.ga.ConstructionFailedException: Error: VariableReference: Statement 0, type java.util.TreeSet<com.google.inject.Binding<com.google.common.collect.BoundType>> is not assignable to java.util.Collection<? extends com.google.inject.Binding<com.google.inject.Binding<com.google.inject.servlet.ServletDefinition>>>
[Progress:======>                       23%] [Cov:==================>                53%][Progress:======>                       23%] [Cov:==================>                53%][Progress:======>                       23%] [Cov:==================>                53%][MASTER] 07:18:25.442 [logback-1] WARN  TestChromosome - Functional mock problem: org.evosuite.ga.ConstructionFailedException: Failed to add constructor for java.util.ArrayList due to org.evosuite.ga.ConstructionFailedException: Error: VariableReference: Statement 0, type java.util.Stack<com.google.inject.Binding<com.google.inject.servlet.ServletDefinition>> is not assignable to java.util.Collection<? extends com.google.inject.Binding<java.lang.Object>>
[Progress:======>                       23%] [Cov:==================>                53%][MASTER] 07:18:25.527 [logback-1] WARN  TestChromosome - Functional mock problem: org.evosuite.ga.ConstructionFailedException: Failed to add constructor for java.util.Vector due to org.evosuite.ga.ConstructionFailedException: Error: VariableReference: Statement 0, type java.util.ArrayDeque<com.google.inject.Binding<com.google.inject.servlet.ServletDefinition>> is not assignable to java.util.Collection<? extends com.google.inject.Binding<java.lang.Object>>
[Progress:======>                       23%] [Cov:==================>                53%][MASTER] 07:18:25.604 [logback-1] WARN  TestChromosome - Functional mock problem: org.evosuite.ga.ConstructionFailedException: Failed to add constructor for java.util.ArrayList due to org.evosuite.ga.ConstructionFailedException: Error: VariableReference: Statement 0, type java.util.PriorityQueue<com.google.inject.Binding<com.google.inject.servlet.ServletDefinition>> is not assignable to java.util.Collection<? extends com.google.inject.Binding<java.lang.Object>>
[Progress:======>                       23%] [Cov:==================>                53%][MASTER] 07:18:25.731 [logback-1] WARN  TestChromosome - Functional mock problem: org.evosuite.ga.ConstructionFailedException: Failed to add constructor for java.util.LinkedList due to org.evosuite.ga.ConstructionFailedException: Error: VariableReference: Statement 0, type java.util.LinkedHashSet<com.google.inject.Binding<java.lang.Object>> is not assignable to java.util.Collection<? extends com.google.inject.Binding<jakarta.servlet.http.HttpServlet>>
[Progress:======>                       23%] [Cov:==================>                53%][Progress:======>                       23%] [Cov:==================>                53%][MASTER] 07:18:25.929 [logback-1] WARN  TestChromosome - Functional mock problem: org.evosuite.ga.ConstructionFailedException: Failed to add constructor for java.util.ArrayList due to org.evosuite.ga.ConstructionFailedException: Error: VariableReference: Statement 0, type java.util.ArrayDeque<com.google.inject.Binding<java.lang.Object>> is not assignable to java.util.Collection<? extends com.google.inject.Binding<java.lang.annotation.Annotation>>
[MASTER] 07:18:25.958 [logback-1] WARN  TestChromosome - Functional mock problem: org.evosuite.ga.ConstructionFailedException: Failed to add constructor for java.util.Vector due to org.evosuite.ga.ConstructionFailedException: Error: VariableReference: Statement 0, type java.util.ArrayList<com.google.inject.Binding<com.google.inject.servlet.ServletDefinition>> is not assignable to java.util.Collection<? extends com.google.inject.Binding<java.lang.Object>>
[Progress:======>                       23%] [Cov:==================>                53%][MASTER] 07:18:26.040 [logback-1] WARN  TestChromosome - Functional mock problem: org.evosuite.ga.ConstructionFailedException: Failed to add constructor for java.util.LinkedList due to org.evosuite.ga.ConstructionFailedException: Error: VariableReference: Statement 0, type java.util.ArrayDeque<com.google.inject.Binding<com.google.inject.servlet.ServletDefinition>> is not assignable to java.util.Collection<? extends com.google.inject.Binding<java.lang.Object>>
[Progress:======>                       23%] [Cov:==================>                53%][Progress:=======>                      25%] [Cov:==================>                53%][Progress:=======>                      25%] [Cov:==================>                53%][Progress:=======>                      25%] [Cov:==================>                53%][Progress:=======>                      25%] [Cov:==================>                53%][Progress:=======>                      25%] [Cov:==================>                53%][Progress:=======>                      25%] [Cov:==================>                53%][Progress:=======>                      25%] [Cov:==================>                53%][Progress:=======>                      25%] [Cov:==================>                53%][Progress:=======>                      26%] [Cov:==================>                53%][Progress:=======>                      26%] [Cov:==================>                53%][MASTER] 07:18:27.608 [logback-1] WARN  TestChromosome - Functional mock problem: org.evosuite.ga.ConstructionFailedException: Failed to add constructor for java.util.Vector due to org.evosuite.ga.ConstructionFailedException: Error: VariableReference: Statement 0, type java.util.LinkedList<com.google.inject.Binding<java.lang.Object>> is not assignable to java.util.Collection<? extends com.google.inject.Binding<com.google.inject.servlet.ServletDefinition>>
[MASTER] 07:18:27.614 [logback-1] WARN  TestChromosome - Functional mock problem: org.evosuite.ga.ConstructionFailedException: Failed to add constructor for java.util.Vector due to org.evosuite.ga.ConstructionFailedException: Error: VariableReference: Statement 0, type java.util.HashSet<com.google.inject.Binding<com.google.inject.servlet.ServletDefinition>> is not assignable to java.util.Collection<? extends com.google.inject.Binding<java.lang.Object>>
[Progress:=======>                      26%] [Cov:==================>                53%][MASTER] 07:18:27.727 [logback-1] WARN  TestChromosome - Functional mock problem: org.evosuite.ga.ConstructionFailedException: Failed to add constructor for java.util.ArrayList due to org.evosuite.ga.ConstructionFailedException: Error: VariableReference: Statement 0, type java.util.LinkedHashSet<com.google.inject.Binding<java.lang.Object>> is not assignable to java.util.Collection<? extends com.google.inject.Binding<com.google.inject.Binding<java.lang.Object>>>
[Progress:=======>                      26%] [Cov:==================>                53%][MASTER] 07:18:27.862 [logback-1] WARN  TestChromosome - Functional mock problem: org.evosuite.ga.ConstructionFailedException: Failed to add constructor for java.util.ArrayList due to org.evosuite.ga.ConstructionFailedException: Error: VariableReference: Statement 0, type java.util.Vector<com.google.inject.Binding<com.google.inject.servlet.ServletDefinition>> is not assignable to java.util.Collection<? extends com.google.inject.Binding<java.lang.annotation.Annotation>>
[MASTER] 07:18:27.957 [logback-1] WARN  TestChromosome - Functional mock problem: org.evosuite.ga.ConstructionFailedException: Failed to add constructor for java.util.Vector due to org.evosuite.ga.ConstructionFailedException: Error: VariableReference: Statement 0, type java.util.ArrayDeque<com.google.inject.Binding<com.google.inject.servlet.ServletDefinition>> is not assignable to java.util.Collection<? extends com.google.inject.Binding<java.lang.annotation.Annotation>>
[MASTER] 07:18:27.980 [logback-1] WARN  TestChromosome - Functional mock problem: org.evosuite.ga.ConstructionFailedException: Failed to add constructor for java.util.LinkedList due to org.evosuite.ga.ConstructionFailedException: Error: VariableReference: Statement 0, type java.util.TreeSet<com.google.inject.Binding<java.lang.Object>> is not assignable to java.util.Collection<? extends com.google.inject.Binding<java.lang.annotation.Annotation>>
[Progress:=======>                      26%] [Cov:==================>                53%][MASTER] 07:18:28.142 [logback-1] WARN  TestChromosome - Functional mock problem: org.evosuite.ga.ConstructionFailedException: Failed to add constructor for java.util.LinkedList due to org.evosuite.ga.ConstructionFailedException: Error: VariableReference: Statement 0, type java.util.Collection<com.google.inject.Binding<com.google.inject.servlet.ServletDefinition>> is not assignable to java.util.Collection<? extends com.google.inject.Binding<java.lang.Object>>
[Progress:========>                     28%] [Cov:==================>                53%][Progress:========>                     28%] [Cov:==================>                53%][Progress:========>                     28%] [Cov:==================>                53%][Progress:========>                     28%] [Cov:==================>                53%][MASTER] 07:18:28.658 [logback-1] WARN  TestChromosome - Functional mock problem: org.evosuite.ga.ConstructionFailedException: Failed to add constructor for java.util.LinkedList due to org.evosuite.ga.ConstructionFailedException: Error: VariableReference: Statement 0, type java.util.LinkedHashSet<com.google.inject.Binding<java.lang.Object>> is not assignable to java.util.Collection<? extends com.google.inject.Binding<java.lang.annotation.Annotation>>
[Progress:========>                     28%] [Cov:==================>                53%][Progress:========>                     28%] [Cov:==================>                53%][Progress:=========>                    30%] [Cov:==================>                53%][Progress:=========>                    30%] [Cov:==================>                53%][Progress:=========>                    30%] [Cov:==================>                53%][MASTER] 07:18:29.869 [logback-1] WARN  TestChromosome - Functional mock problem: org.evosuite.ga.ConstructionFailedException: Failed to add constructor for java.util.LinkedList due to org.evosuite.ga.ConstructionFailedException: Error: VariableReference: Statement 0, type java.util.PriorityQueue<com.google.inject.Binding<com.google.inject.servlet.ServletDefinition>> is not assignable to java.util.Collection<? extends com.google.inject.Binding<com.google.inject.Binding<java.lang.Object>>>
[Progress:=========>                    30%] [Cov:==================>                53%][MASTER] 07:18:30.078 [logback-1] WARN  TestChromosome - Functional mock problem: org.evosuite.ga.ConstructionFailedException: Failed to add constructor for java.util.ArrayList due to org.evosuite.ga.ConstructionFailedException: Error: VariableReference: Statement 0, type java.util.HashSet<com.google.inject.Binding<jakarta.servlet.http.HttpServlet>> is not assignable to java.util.Collection<? extends com.google.inject.Binding<com.google.inject.servlet.ServletDefinition>>
[Progress:=========>                    30%] [Cov:==================>                53%][Progress:=========>                    31%] [Cov:==================>                53%][Progress:=========>                    31%] [Cov:==================>                53%][MASTER] 07:18:30.447 [logback-1] WARN  TestChromosome - Functional mock problem: org.evosuite.ga.ConstructionFailedException: Failed to add constructor for java.util.ArrayList due to org.evosuite.ga.ConstructionFailedException: Error: VariableReference: Statement 1, type java.util.TreeSet<com.google.inject.Binding<jakarta.servlet.http.HttpServlet>> is not assignable to java.util.Collection<? extends com.google.inject.Binding<com.google.inject.servlet.ServletDefinition>>
[Progress:=========>                    31%] [Cov:==================>                53%][Progress:=========>                    31%] [Cov:==================>                53%][Progress:=========>                    31%] [Cov:==================>                53%][Progress:=========>                    31%] [Cov:==================>                53%][Progress:=========>                    31%] [Cov:==================>                53%][MASTER] 07:18:30.927 [logback-1] WARN  TestChromosome - Functional mock problem: org.evosuite.ga.ConstructionFailedException: Failed to add constructor for java.util.Vector due to org.evosuite.ga.ConstructionFailedException: Error: VariableReference: Statement 0, type java.util.HashSet<com.google.inject.Binding<java.lang.Object>> is not assignable to java.util.Collection<? extends com.google.inject.Binding<com.google.inject.servlet.ServletDefinition>>
[Progress:=========>                    31%] [Cov:==================>                53%][MASTER] 07:18:30.982 [logback-1] WARN  TestChromosome - Functional mock problem: org.evosuite.ga.ConstructionFailedException: Failed to add constructor for java.util.ArrayList due to org.evosuite.ga.ConstructionFailedException: Error: VariableReference: Statement 0, type java.util.Stack<com.google.inject.Binding<java.lang.annotation.Annotation>> is not assignable to java.util.Collection<? extends com.google.inject.Binding<com.google.inject.Binding<java.lang.Object>>>
[Progress:=========>                    31%] [Cov:==================>                53%][Progress:=========>                    31%] [Cov:==================>                53%][Progress:=========>                    33%] [Cov:==================>                53%][Progress:=========>                    33%] [Cov:==================>                53%][Progress:=========>                    33%] [Cov:==================>                53%][Progress:=========>                    33%] [Cov:==================>                53%][MASTER] 07:18:31.464 [logback-1] WARN  TestChromosome - Functional mock problem: org.evosuite.ga.ConstructionFailedException: Failed to add constructor for java.util.ArrayList due to org.evosuite.ga.ConstructionFailedException: Error: VariableReference: Statement 0, type java.util.HashSet<com.google.inject.Binding<com.google.inject.servlet.ServletDefinition>> is not assignable to java.util.Collection<? extends com.google.inject.Binding<java.lang.Object>>
[Progress:=========>                    33%] [Cov:==================>                53%][Progress:=========>                    33%] [Cov:==================>                53%][Progress:=========>                    33%] [Cov:==================>                53%][Progress:=========>                    33%] [Cov:==================>                53%][MASTER] 07:18:31.780 [logback-1] WARN  TestChromosome - Functional mock problem: org.evosuite.ga.ConstructionFailedException: Failed to add constructor for java.util.ArrayList due to org.evosuite.ga.ConstructionFailedException: Failed to add constructor for java.util.Vector due to org.evosuite.ga.ConstructionFailedException: Error: VariableReference: Statement 0, type java.util.ArrayDeque<com.google.inject.Binding<com.google.inject.servlet.ServletDefinition>> is not assignable to java.util.Collection<? extends com.google.inject.Binding<jakarta.servlet.http.HttpServlet>>
[MASTER] 07:18:31.804 [logback-1] WARN  TestChromosome - Functional mock problem: org.evosuite.ga.ConstructionFailedException: Failed to add constructor for java.util.LinkedList due to org.evosuite.ga.ConstructionFailedException: Error: VariableReference: Statement 0, type java.util.ArrayDeque<com.google.inject.Binding<java.lang.Object>> is not assignable to java.util.Collection<? extends com.google.inject.Binding<com.google.inject.servlet.ServletDefinition>>
[Progress:=========>                    33%] [Cov:==================>                53%][Progress:=========>                    33%] [Cov:==================>                53%][Progress:=========>                    33%] [Cov:==================>                53%][Progress:==========>                   35%] [Cov:==================>                53%][Progress:==========>                   35%] [Cov:==================>                53%][Progress:==========>                   35%] [Cov:==================>                53%][MASTER] 07:18:32.477 [logback-1] WARN  TestChromosome - Functional mock problem: org.evosuite.ga.ConstructionFailedException: Failed to add constructor for java.util.LinkedList due to org.evosuite.ga.ConstructionFailedException: Error: VariableReference: Statement 0, type java.util.LinkedList<com.google.inject.Binding<java.lang.Object>> is not assignable to java.util.Collection<? extends com.google.inject.Binding<com.google.inject.Binding<com.google.common.collect.BoundType>>>
[Progress:==========>                   35%] [Cov:==================>                53%][MASTER] 07:18:32.599 [logback-1] WARN  TestChromosome - Functional mock problem: org.evosuite.ga.ConstructionFailedException: Failed to add constructor for java.util.Vector due to org.evosuite.ga.ConstructionFailedException: Error: VariableReference: Statement 0, type java.util.ArrayDeque<com.google.inject.Binding<java.lang.Object>> is not assignable to java.util.Collection<? extends com.google.inject.Binding<com.google.common.collect.BoundType>>
[Progress:==========>                   35%] [Cov:==================>                53%][MASTER] 07:18:32.691 [logback-1] WARN  TestChromosome - Functional mock problem: org.evosuite.ga.ConstructionFailedException: Failed to add constructor for java.util.Vector due to org.evosuite.ga.ConstructionFailedException: Error: VariableReference: Statement 0, type java.util.HashSet<com.google.inject.Binding<com.google.common.collect.BoundType>> is not assignable to java.util.Collection<? extends com.google.inject.Binding<java.lang.Object>>
[Progress:==========>                   35%] [Cov:==================>                53%][MASTER] 07:18:32.789 [logback-1] WARN  TestChromosome - Functional mock problem: org.evosuite.ga.ConstructionFailedException: Failed to add constructor for java.util.Vector due to org.evosuite.ga.ConstructionFailedException: Error: VariableReference: Statement 0, type java.util.Vector<com.google.inject.Binding<com.google.inject.servlet.ServletDefinition>> is not assignable to java.util.Collection<? extends com.google.inject.Binding<java.lang.Object>>
[Progress:==========>                   35%] [Cov:==================>                53%][MASTER] 07:18:32.905 [logback-1] WARN  TestChromosome - Functional mock problem: org.evosuite.ga.ConstructionFailedException: Failed to add constructor for java.util.LinkedList due to org.evosuite.ga.ConstructionFailedException: Error: VariableReference: Statement 0, type java.util.LinkedList<com.google.inject.Binding<com.google.common.collect.BoundType>> is not assignable to java.util.Collection<? extends com.google.inject.Binding<com.google.inject.servlet.ServletDefinition>>
[Progress:==========>                   35%] [Cov:==================>                53%][Progress:==========>                   35%] [Cov:==================>                53%][MASTER] 07:18:33.059 [logback-1] WARN  TestChromosome - Functional mock problem: org.evosuite.ga.ConstructionFailedException: Failed to add constructor for java.util.Vector due to org.evosuite.ga.ConstructionFailedException: Error: VariableReference: Statement 0, type java.util.TreeSet<com.google.inject.Binding<com.google.inject.servlet.ServletDefinition>> is not assignable to java.util.Collection<? extends com.google.inject.Binding<java.lang.Object>>
[MASTER] 07:18:33.088 [logback-1] WARN  TestChromosome - Functional mock problem: org.evosuite.ga.ConstructionFailedException: Failed to add constructor for java.util.LinkedList due to org.evosuite.ga.ConstructionFailedException: Error: VariableReference: Statement 0, type java.util.PriorityQueue<com.google.inject.Binding<java.lang.Object>> is not assignable to java.util.Collection<? extends com.google.inject.Binding<com.google.inject.servlet.ServletDefinition>>
[Progress:==========>                   35%] [Cov:==================>                53%][MASTER] 07:18:33.145 [logback-1] WARN  TestChromosome - Functional mock problem: org.evosuite.ga.ConstructionFailedException: Failed to add constructor for java.util.Vector due to org.evosuite.ga.ConstructionFailedException: Error: VariableReference: Statement 0, type java.util.LinkedHashSet<com.google.inject.Binding<java.lang.Object>> is not assignable to java.util.Collection<? extends com.google.inject.Binding<com.google.common.collect.BoundType>>
[Progress:==========>                   36%] [Cov:==================>                53%][MASTER] 07:18:33.198 [logback-1] WARN  TestChromosome - Functional mock problem: org.evosuite.ga.ConstructionFailedException: Failed to add constructor for java.util.ArrayList due to org.evosuite.ga.ConstructionFailedException: Error: VariableReference: Statement 0, type java.util.LinkedList<com.google.inject.Binding<com.google.common.collect.BoundType>> is not assignable to java.util.Collection<? extends com.google.inject.Binding<com.google.inject.Binding<com.google.common.collect.BoundType>>>
[Progress:==========>                   36%] [Cov:==================>                53%][Progress:==========>                   36%] [Cov:==================>                53%][Progress:==========>                   36%] [Cov:==================>                53%][Progress:==========>                   36%] [Cov:==================>                53%][Progress:==========>                   36%] [Cov:==================>                53%][Progress:==========>                   36%] [Cov:==================>                53%][MASTER] 07:18:33.743 [logback-1] WARN  TestChromosome - Functional mock problem: org.evosuite.ga.ConstructionFailedException: Failed to add constructor for java.util.LinkedList due to org.evosuite.ga.ConstructionFailedException: Error: VariableReference: Statement 0, type java.util.LinkedHashSet<com.google.inject.Binding<com.google.inject.servlet.ServletDefinition>> is not assignable to java.util.Collection<? extends com.google.inject.Binding<java.lang.Object>>
[Progress:==========>                   36%] [Cov:==================>                53%][Progress:==========>                   36%] [Cov:==================>                53%][MASTER] 07:18:33.966 [logback-1] WARN  TestChromosome - Functional mock problem: org.evosuite.ga.ConstructionFailedException: Failed to add constructor for java.util.Vector due to org.evosuite.ga.ConstructionFailedException: Error: VariableReference: Statement 0, type java.util.LinkedHashSet<com.google.inject.Binding<com.google.common.collect.BoundType>> is not assignable to java.util.Collection<? extends com.google.inject.Binding<java.lang.Object>>
[Progress:==========>                   36%] [Cov:==================>                53%][MASTER] 07:18:34.034 [logback-1] WARN  TestChromosome - Functional mock problem: org.evosuite.ga.ConstructionFailedException: Failed to add constructor for java.util.ArrayList due to org.evosuite.ga.ConstructionFailedException: Error: VariableReference: Statement 0, type java.util.LinkedHashSet<com.google.inject.Binding<com.google.inject.servlet.ServletDefinition>> is not assignable to java.util.Collection<? extends com.google.inject.Binding<java.lang.Object>>
[Progress:==========>                   36%] [Cov:==================>                53%][Progress:===========>                  38%] [Cov:==================>                53%][Progress:===========>                  38%] [Cov:==================>                53%][MASTER] 07:18:34.319 [logback-1] WARN  TestChromosome - Functional mock problem: org.evosuite.ga.ConstructionFailedException: Failed to add constructor for java.util.ArrayList due to org.evosuite.ga.ConstructionFailedException: Error: VariableReference: Statement 1, type java.util.ArrayList<com.google.inject.Binding<com.google.inject.servlet.ServletDefinition>> is not assignable to java.util.Collection<? extends com.google.inject.Binding<com.google.inject.Binding<com.google.inject.servlet.ServletDefinition>>>
[Progress:===========>                  38%] [Cov:==================>                53%][Progress:===========>                  38%] [Cov:==================>                53%][Progress:===========>                  38%] [Cov:==================>                53%][Progress:===========>                  38%] [Cov:==================>                53%][Progress:===========>                  38%] [Cov:==================>                53%][Progress:===========>                  38%] [Cov:==================>                53%][Progress:===========>                  38%] [Cov:==================>                53%][Progress:===========>                  38%] [Cov:==================>                53%][Progress:===========>                  38%] [Cov:==================>                53%][Progress:===========>                  38%] [Cov:==================>                53%][Progress:===========>                  38%] [Cov:==================>                53%][Progress:===========>                  38%] [Cov:==================>                53%][Progress:============>                 40%] [Cov:==================>                53%][Progress:============>                 40%] [Cov:==================>                53%][Progress:============>                 40%] [Cov:==================>                53%][MASTER] 07:18:35.410 [logback-1] WARN  TestChromosome - Functional mock problem: org.evosuite.ga.ConstructionFailedException: Failed to add constructor for java.util.ArrayList due to org.evosuite.ga.ConstructionFailedException: Error: VariableReference: Statement 0, type java.util.LinkedList<com.google.inject.Binding<com.google.inject.servlet.ServletDefinition>> is not assignable to java.util.Collection<? extends com.google.inject.Binding<jakarta.servlet.http.HttpServlet>>
[Progress:============>                 40%] [Cov:==================>                53%][Progress:============>                 40%] [Cov:==================>                53%][Progress:============>                 40%] [Cov:==================>                53%][Progress:============>                 40%] [Cov:==================>                53%][Progress:============>                 40%] [Cov:==================>                53%][MASTER] 07:18:35.818 [logback-1] WARN  TestChromosome - Functional mock problem: org.evosuite.ga.ConstructionFailedException: Failed to add constructor for java.util.Vector due to org.evosuite.ga.ConstructionFailedException: Error: VariableReference: Statement 0, type java.util.Stack<com.google.inject.Binding<com.google.inject.servlet.ServletDefinition>> is not assignable to java.util.Collection<? extends com.google.inject.Binding<java.lang.Object>>
[Progress:============>                 40%] [Cov:==================>                53%][MASTER] 07:18:35.946 [logback-1] WARN  TestChromosome - Functional mock problem: org.evosuite.ga.ConstructionFailedException: Failed to add constructor for java.util.ArrayList due to org.evosuite.ga.ConstructionFailedException: Error: VariableReference: Statement 1, type java.util.ArrayDeque<com.google.inject.Binding<jakarta.servlet.http.HttpServlet>> is not assignable to java.util.Collection<? extends com.google.inject.Binding<java.lang.Object>>
[Progress:============>                 40%] [Cov:==================>                53%][Progress:============>                 40%] [Cov:==================>                53%][Progress:============>                 41%] [Cov:==================>                53%][Progress:============>                 41%] [Cov:==================>                53%][Progress:============>                 41%] [Cov:==================>                53%][Progress:============>                 41%] [Cov:==================>                53%][Progress:============>                 41%] [Cov:==================>                53%][Progress:============>                 41%] [Cov:==================>                53%][Progress:============>                 41%] [Cov:==================>                53%][Progress:============>                 41%] [Cov:==================>                53%][MASTER] 07:18:36.912 [logback-1] WARN  TestChromosome - Functional mock problem: org.evosuite.ga.ConstructionFailedException: Failed to add constructor for java.util.ArrayList due to org.evosuite.ga.ConstructionFailedException: Error: VariableReference: Statement 0, type java.util.HashSet<com.google.inject.Binding<java.lang.Object>> is not assignable to java.util.Collection<? extends com.google.inject.Binding<jakarta.servlet.http.HttpServlet>>
[MASTER] 07:18:36.959 [logback-1] WARN  TestChromosome - Functional mock problem: org.evosuite.ga.ConstructionFailedException: Failed to add constructor for java.util.Vector due to org.evosuite.ga.ConstructionFailedException: Failed to add constructor for java.util.PriorityQueue due to org.evosuite.ga.ConstructionFailedException: Error: VariableReference: Statement 24, type java.util.ArrayList<com.google.inject.Binding<com.google.inject.servlet.ServletDefinition>> is not assignable to java.util.Collection<? extends com.google.inject.Binding<java.lang.Object>>
[Progress:============>                 41%] [Cov:==================>                53%][MASTER] 07:18:37.013 [logback-1] WARN  TestChromosome - Functional mock problem: org.evosuite.ga.ConstructionFailedException: Failed to add constructor for java.util.LinkedList due to org.evosuite.ga.ConstructionFailedException: Error: VariableReference: Statement 0, type java.util.HashSet<com.google.inject.Binding<com.google.inject.servlet.ServletDefinition>> is not assignable to java.util.Collection<? extends com.google.inject.Binding<jakarta.servlet.http.HttpServlet>>
[MASTER] 07:18:37.042 [logback-1] WARN  TestChromosome - Functional mock problem: org.evosuite.ga.ConstructionFailedException: Failed to add constructor for java.util.LinkedList due to org.evosuite.ga.ConstructionFailedException: Error: VariableReference: Statement 0, type java.util.Collection<com.google.inject.Binding<jakarta.servlet.http.HttpServlet>> is not assignable to java.util.Collection<? extends com.google.inject.Binding<com.google.inject.servlet.ServletDefinition>>
[Progress:============>                 41%] [Cov:==================>                53%][MASTER] 07:18:37.124 [logback-1] WARN  TestChromosome - Functional mock problem: org.evosuite.ga.ConstructionFailedException: Failed to add constructor for java.util.LinkedList due to org.evosuite.ga.ConstructionFailedException: Error: VariableReference: Statement 0, type java.util.Collection<com.google.inject.Binding<com.google.inject.servlet.ServletDefinition>> is not assignable to java.util.Collection<? extends com.google.inject.Binding<com.google.inject.Binding<jakarta.servlet.http.HttpServlet>>>
[Progress:============>                 43%] [Cov:===================>               57%][MASTER] 07:18:37.256 [logback-1] WARN  TestChromosome - Functional mock problem: org.evosuite.ga.ConstructionFailedException: Failed to add constructor for java.util.ArrayList due to org.evosuite.ga.ConstructionFailedException: Error: VariableReference: Statement 0, type java.util.ArrayList<com.google.inject.Binding<com.google.inject.servlet.ServletDefinition>> is not assignable to java.util.Collection<? extends com.google.inject.Binding<java.lang.Object>>
[Progress:============>                 43%] [Cov:===================>               57%][Progress:============>                 43%] [Cov:===================>               57%][Progress:============>                 43%] [Cov:===================>               57%][MASTER] 07:18:37.450 [logback-1] WARN  TestChromosome - Functional mock problem: org.evosuite.ga.ConstructionFailedException: Failed to add constructor for java.util.Vector due to org.evosuite.ga.ConstructionFailedException: Error: VariableReference: Statement 0, type java.util.ArrayList<com.google.inject.Binding<java.lang.Object>> is not assignable to java.util.Collection<? extends com.google.inject.Binding<com.google.inject.servlet.ServletDefinition>>
[Progress:============>                 43%] [Cov:===================>               57%][Progress:============>                 43%] [Cov:===================>               57%][Progress:============>                 43%] [Cov:===================>               57%][Progress:============>                 43%] [Cov:===================>               57%][MASTER] 07:18:37.765 [logback-1] WARN  TestChromosome - Functional mock problem: org.evosuite.ga.ConstructionFailedException: Failed to add constructor for java.util.ArrayList due to org.evosuite.ga.ConstructionFailedException: Error: VariableReference: Statement 1, type java.util.ArrayDeque<com.google.inject.Binding<java.lang.Object>> is not assignable to java.util.Collection<? extends com.google.inject.Binding<com.google.inject.servlet.ServletDefinition>>
[Progress:============>                 43%] [Cov:===================>               57%][Progress:============>                 43%] [Cov:===================>               57%][Progress:============>                 43%] [Cov:===================>               57%][Progress:============>                 43%] [Cov:===================>               57%][MASTER] 07:18:38.048 [logback-1] WARN  TestChromosome - Functional mock problem: org.evosuite.ga.ConstructionFailedException: Failed to add constructor for java.util.LinkedList due to org.evosuite.ga.ConstructionFailedException: Error: VariableReference: Statement 0, type java.util.Vector<com.google.inject.Binding<java.lang.Object>> is not assignable to java.util.Collection<? extends com.google.inject.Binding<com.google.inject.servlet.ServletDefinition>>
[Progress:============>                 43%] [Cov:===================>               57%][MASTER] 07:18:38.088 [logback-1] WARN  TestChromosome - Functional mock problem: org.evosuite.ga.ConstructionFailedException: Failed to add constructor for java.util.ArrayList due to org.evosuite.ga.ConstructionFailedException: Error: VariableReference: Statement 0, type java.util.Collection<com.google.inject.Binding<java.lang.Object>> is not assignable to java.util.Collection<? extends com.google.inject.Binding<com.google.inject.servlet.ServletDefinition>>
[Progress:=============>                45%] [Cov:===================>               57%][Progress:=============>                45%] [Cov:===================>               57%][Progress:=============>                45%] [Cov:===================>               57%][MASTER] 07:18:38.303 [logback-1] WARN  TestChromosome - Functional mock problem: org.evosuite.ga.ConstructionFailedException: Failed to add constructor for java.util.ArrayList due to org.evosuite.ga.ConstructionFailedException: Error: VariableReference: Statement 0, type java.util.PriorityQueue<com.google.inject.Binding<com.google.inject.servlet.ServletDefinition>> is not assignable to java.util.Collection<? extends com.google.inject.Binding<com.google.inject.Binding<java.lang.annotation.Annotation>>>
[Progress:=============>                45%] [Cov:===================>               57%][Progress:=============>                45%] [Cov:===================>               57%][Progress:=============>                45%] [Cov:===================>               57%][Progress:=============>                45%] [Cov:===================>               57%][Progress:=============>                45%] [Cov:===================>               57%][Progress:=============>                46%] [Cov:===================>               57%][Progress:=============>                46%] [Cov:===================>               57%][MASTER] 07:18:39.283 [logback-1] WARN  TestChromosome - Functional mock problem: org.evosuite.ga.ConstructionFailedException: Failed to add constructor for java.util.Vector due to org.evosuite.ga.ConstructionFailedException: Error: VariableReference: Statement 0, type java.util.LinkedList<com.google.inject.Binding<java.lang.Object>> is not assignable to java.util.Collection<? extends com.google.inject.Binding<com.google.inject.Binding<java.lang.Object>>>
[Progress:=============>                46%] [Cov:===================>               57%][MASTER] 07:18:39.329 [logback-1] WARN  TestChromosome - Functional mock problem: org.evosuite.ga.ConstructionFailedException: Failed to add constructor for java.util.ArrayList due to org.evosuite.ga.ConstructionFailedException: Error: VariableReference: Statement 14, type java.util.PriorityQueue<com.google.inject.Binding<java.lang.Object>> is not assignable to java.util.Collection<? extends com.google.inject.Binding<com.google.inject.servlet.ServletDefinition>>
[Progress:=============>                46%] [Cov:===================>               57%][MASTER] 07:18:39.490 [logback-1] WARN  TestChromosome - Functional mock problem: org.evosuite.ga.ConstructionFailedException: Failed to add constructor for java.util.ArrayList due to org.evosuite.ga.ConstructionFailedException: Error: VariableReference: Statement 0, type java.util.Collection<com.google.inject.Binding<java.lang.Object>> is not assignable to java.util.Collection<? extends com.google.inject.Binding<java.lang.annotation.Annotation>>
[Progress:=============>                46%] [Cov:===================>               57%][Progress:=============>                46%] [Cov:===================>               57%][Progress:=============>                46%] [Cov:===================>               57%][Progress:=============>                46%] [Cov:===================>               57%][MASTER] 07:18:39.746 [logback-1] WARN  TestChromosome - Functional mock problem: org.evosuite.ga.ConstructionFailedException: Failed to add constructor for java.util.Vector due to org.evosuite.ga.ConstructionFailedException: Error: VariableReference: Statement 0, type java.util.LinkedList<com.google.inject.Binding<com.google.inject.servlet.ServletDefinition>> is not assignable to java.util.Collection<? extends com.google.inject.Binding<java.lang.Object>>
[Progress:=============>                46%] [Cov:===================>               57%][MASTER] 07:18:39.808 [logback-1] WARN  TestChromosome - Functional mock problem: org.evosuite.ga.ConstructionFailedException: Failed to add constructor for java.util.Vector due to org.evosuite.ga.ConstructionFailedException: Error: VariableReference: Statement 0, type java.util.LinkedHashSet<com.google.inject.Binding<java.lang.annotation.Annotation>> is not assignable to java.util.Collection<? extends com.google.inject.Binding<com.google.inject.servlet.ServletDefinition>>
[Progress:=============>                46%] [Cov:===================>               57%][Progress:=============>                46%] [Cov:===================>               57%][MASTER] 07:18:39.911 [logback-1] WARN  TestChromosome - Functional mock problem: org.evosuite.ga.ConstructionFailedException: Failed to add constructor for java.util.Vector due to org.evosuite.ga.ConstructionFailedException: Error: VariableReference: Statement 0, type java.util.LinkedList<com.google.inject.Binding<java.lang.Object>> is not assignable to java.util.Collection<? extends com.google.inject.Binding<com.google.inject.Binding<com.google.inject.servlet.ServletDefinition>>>
[MASTER] 07:18:39.913 [logback-1] WARN  TestChromosome - Functional mock problem: org.evosuite.ga.ConstructionFailedException: Failed to add constructor for java.util.LinkedList due to org.evosuite.ga.ConstructionFailedException: Error: VariableReference: Statement 0, type java.util.LinkedList<com.google.inject.Binding<java.lang.annotation.Annotation>> is not assignable to java.util.Collection<? extends com.google.inject.Binding<com.google.inject.servlet.ServletDefinition>>
[Progress:=============>                46%] [Cov:===================>               57%][Progress:=============>                46%] [Cov:===================>               57%][MASTER] 07:18:40.086 [logback-1] WARN  TestChromosome - Functional mock problem: org.evosuite.ga.ConstructionFailedException: Failed to add constructor for java.util.Vector due to org.evosuite.ga.ConstructionFailedException: Error: VariableReference: Statement 0, type java.util.LinkedList<com.google.inject.Binding<java.lang.annotation.Annotation>> is not assignable to java.util.Collection<? extends com.google.inject.Binding<com.google.inject.servlet.ServletDefinition>>
[Progress:=============>                46%] [Cov:===================>               57%][MASTER] 07:18:40.148 [logback-1] WARN  TestChromosome - Functional mock problem: org.evosuite.ga.ConstructionFailedException: Failed to add constructor for java.util.LinkedList due to org.evosuite.ga.ConstructionFailedException: Error: VariableReference: Statement 0, type java.util.HashSet<com.google.inject.Binding<java.lang.Object>> is not assignable to java.util.Collection<? extends com.google.inject.Binding<java.lang.annotation.Annotation>>
[Progress:==============>               48%] [Cov:===================>               57%][Progress:==============>               48%] [Cov:===================>               57%][MASTER] 07:18:40.262 [logback-1] WARN  TestChromosome - Functional mock problem: org.evosuite.ga.ConstructionFailedException: Failed to add constructor for java.util.ArrayList due to org.evosuite.ga.ConstructionFailedException: Error: VariableReference: Statement 0, type java.util.ArrayDeque<com.google.inject.Binding<com.google.inject.servlet.ServletDefinition>> is not assignable to java.util.Collection<? extends com.google.inject.Binding<java.lang.Object>>
[Progress:==============>               48%] [Cov:===================>               57%][Progress:==============>               48%] [Cov:===================>               57%][Progress:==============>               48%] [Cov:===================>               57%][Progress:==============>               48%] [Cov:===================>               57%][Progress:==============>               48%] [Cov:===================>               57%][Progress:==============>               48%] [Cov:===================>               57%][Progress:==============>               48%] [Cov:===================>               57%][Progress:==============>               48%] [Cov:===================>               57%][Progress:==============>               48%] [Cov:===================>               57%][Progress:==============>               48%] [Cov:===================>               57%][Progress:==============>               48%] [Cov:===================>               57%][MASTER] 07:18:41.171 [logback-1] WARN  TestChromosome - Functional mock problem: org.evosuite.ga.ConstructionFailedException: Failed to add constructor for java.util.LinkedList due to org.evosuite.ga.ConstructionFailedException: Error: VariableReference: Statement 1, type java.util.TreeSet<com.google.inject.Binding<java.lang.annotation.Annotation>> is not assignable to java.util.Collection<? extends com.google.inject.Binding<java.lang.Object>>
[Progress:===============>              50%] [Cov:===================>               57%][Progress:===============>              50%] [Cov:===================>               57%][Progress:===============>              50%] [Cov:===================>               57%][Progress:===============>              50%] [Cov:===================>               57%][Progress:===============>              50%] [Cov:===================>               57%][Progress:===============>              50%] [Cov:===================>               57%][Progress:===============>              50%] [Cov:===================>               57%][Progress:===============>              50%] [Cov:===================>               57%][Progress:===============>              50%] [Cov:===================>               57%][MASTER] 07:18:41.845 [logback-1] WARN  TestChromosome - Functional mock problem: org.evosuite.ga.ConstructionFailedException: Failed to add constructor for java.util.Vector due to org.evosuite.ga.ConstructionFailedException: Error: VariableReference: Statement 0, type java.util.Vector<com.google.inject.Binding<java.lang.Object>> is not assignable to java.util.Collection<? extends com.google.inject.Binding<java.lang.annotation.Annotation>>
[Progress:===============>              50%] [Cov:===================>               57%][Progress:===============>              50%] [Cov:===================>               57%][MASTER] 07:18:41.932 [logback-1] WARN  TestChromosome - Functional mock problem: org.evosuite.ga.ConstructionFailedException: Failed to add constructor for java.util.ArrayList due to org.evosuite.ga.ConstructionFailedException: Error: VariableReference: Statement 0, type java.util.Stack<com.google.inject.Binding<java.lang.annotation.Annotation>> is not assignable to java.util.Collection<? extends com.google.inject.Binding<java.lang.Object>>
[MASTER] 07:18:41.936 [logback-1] WARN  TestChromosome - Functional mock problem: org.evosuite.ga.ConstructionFailedException: Failed to add constructor for java.util.ArrayList due to org.evosuite.ga.ConstructionFailedException: Failed to add constructor for java.util.ArrayDeque due to org.evosuite.ga.ConstructionFailedException: Error: VariableReference: Statement 0, type java.util.LinkedList<com.google.inject.Binding<java.lang.annotation.Annotation>> is not assignable to java.util.Collection<? extends com.google.inject.Binding<java.lang.Object>>
[Progress:===============>              50%] [Cov:===================>               57%][Progress:===============>              50%] [Cov:===================>               57%][Progress:===============>              50%] [Cov:===================>               57%][Progress:===============>              51%] [Cov:===================>               57%][Progress:===============>              51%] [Cov:===================>               57%][MASTER] 07:18:42.253 [logback-1] WARN  TestChromosome - Functional mock problem: org.evosuite.ga.ConstructionFailedException: Failed to add constructor for java.util.ArrayList due to org.evosuite.ga.ConstructionFailedException: Error: VariableReference: Statement 0, type java.util.ArrayDeque<com.google.inject.Binding<java.lang.Object>> is not assignable to java.util.Collection<? extends com.google.inject.Binding<com.google.inject.Binding<java.lang.Object>>>
[Progress:===============>              51%] [Cov:===================>               57%][MASTER] 07:18:42.285 [logback-1] WARN  TestChromosome - Functional mock problem: org.evosuite.ga.ConstructionFailedException: Failed to add constructor for java.util.Vector due to org.evosuite.ga.ConstructionFailedException: Error: VariableReference: Statement 0, type java.util.Collection<com.google.inject.Binding<java.lang.annotation.Annotation>> is not assignable to java.util.Collection<? extends com.google.inject.Binding<com.google.inject.Binding<java.lang.Object>>>
[Progress:===============>              51%] [Cov:===================>               57%][Progress:===============>              51%] [Cov:===================>               57%][Progress:===============>              51%] [Cov:===================>               57%][Progress:===============>              51%] [Cov:===================>               57%][Progress:===============>              51%] [Cov:===================>               57%][Progress:===============>              51%] [Cov:===================>               57%][Progress:===============>              51%] [Cov:===================>               57%][Progress:===============>              51%] [Cov:===================>               57%][Progress:===============>              51%] [Cov:===================>               57%][Progress:===============>              51%] [Cov:===================>               57%][MASTER] 07:18:42.983 [logback-1] WARN  TestChromosome - Functional mock problem: org.evosuite.ga.ConstructionFailedException: Failed to add constructor for java.util.Vector due to org.evosuite.ga.ConstructionFailedException: Error: VariableReference: Statement 0, type java.util.Collection<com.google.inject.Binding<com.google.inject.servlet.ServletDefinition>> is not assignable to java.util.Collection<? extends com.google.inject.Binding<java.lang.annotation.Annotation>>
[Progress:===============>              51%] [Cov:===================>               57%][Progress:===============>              53%] [Cov:===================>               57%][Progress:===============>              53%] [Cov:===================>               57%][MASTER] 07:18:43.276 [logback-1] WARN  TestChromosome - Functional mock problem: org.evosuite.ga.ConstructionFailedException: Failed to add constructor for java.util.ArrayList due to org.evosuite.ga.ConstructionFailedException: Error: VariableReference: Statement 0, type java.util.PriorityQueue<com.google.inject.Binding<java.lang.annotation.Annotation>> is not assignable to java.util.Collection<? extends com.google.inject.Binding<java.lang.Object>>
[Progress:===============>              53%] [Cov:===================>               57%][Progress:===============>              53%] [Cov:===================>               57%][MASTER] 07:18:43.405 [logback-1] WARN  TestChromosome - Functional mock problem: org.evosuite.ga.ConstructionFailedException: Failed to add constructor for java.util.Vector due to org.evosuite.ga.ConstructionFailedException: Error: VariableReference: Statement 1, type java.util.PriorityQueue<com.google.inject.Binding<java.lang.annotation.Annotation>> is not assignable to java.util.Collection<? extends com.google.inject.Binding<com.google.inject.servlet.ServletDefinition>>
[Progress:===============>              53%] [Cov:===================>               57%][Progress:===============>              53%] [Cov:===================>               57%][MASTER] 07:18:43.642 [logback-1] WARN  TestChromosome - Functional mock problem: org.evosuite.ga.ConstructionFailedException: Failed to add constructor for java.util.ArrayList due to org.evosuite.ga.ConstructionFailedException: Error: VariableReference: Statement 0, type java.util.Vector<com.google.inject.Binding<java.lang.Object>> is not assignable to java.util.Collection<? extends com.google.inject.Binding<java.lang.annotation.Annotation>>
[Progress:===============>              53%] [Cov:===================>               57%][MASTER] 07:18:43.694 [logback-1] WARN  TestChromosome - Functional mock problem: org.evosuite.ga.ConstructionFailedException: Failed to add constructor for java.util.Vector due to org.evosuite.ga.ConstructionFailedException: Error: VariableReference: Statement 10, type java.util.Stack<com.google.inject.Binding<java.lang.Object>> is not assignable to java.util.Collection<? extends com.google.inject.Binding<com.google.inject.Binding<java.lang.Object>>>
[Progress:===============>              53%] [Cov:===================>               57%][MASTER] 07:18:43.836 [logback-1] WARN  TestChromosome - Functional mock problem: org.evosuite.ga.ConstructionFailedException: Failed to add constructor for java.util.LinkedList due to org.evosuite.ga.ConstructionFailedException: Error: VariableReference: Statement 0, type java.util.Collection<com.google.inject.Binding<java.lang.Object>> is not assignable to java.util.Collection<? extends com.google.inject.Binding<com.google.inject.servlet.ServletDefinition>>
[Progress:===============>              53%] [Cov:===================>               57%][Progress:===============>              53%] [Cov:===================>               57%][Progress:===============>              53%] [Cov:===================>               57%][Progress:===============>              53%] [Cov:===================>               57%][MASTER] 07:18:44.139 [logback-1] WARN  TestChromosome - Functional mock problem: org.evosuite.ga.ConstructionFailedException: Failed to add constructor for java.util.ArrayList due to org.evosuite.ga.ConstructionFailedException: Error: VariableReference: Statement 0, type java.util.TreeSet<com.google.inject.Binding<com.google.inject.servlet.ServletDefinition>> is not assignable to java.util.Collection<? extends com.google.inject.Binding<java.lang.Object>>
[Progress:================>             55%] [Cov:===================>               57%][Progress:================>             55%] [Cov:===================>               57%][Progress:================>             55%] [Cov:===================>               57%][Progress:================>             55%] [Cov:===================>               57%][MASTER] 07:18:44.569 [logback-1] WARN  TestChromosome - Functional mock problem: org.evosuite.ga.ConstructionFailedException: Failed to add constructor for java.util.Vector due to org.evosuite.ga.ConstructionFailedException: Error: VariableReference: Statement 0, type java.util.LinkedHashSet<com.google.inject.Binding<com.google.inject.servlet.ServletDefinition>> is not assignable to java.util.Collection<? extends com.google.inject.Binding<com.google.inject.Binding<java.lang.Object>>>
[Progress:================>             55%] [Cov:===================>               57%][Progress:================>             55%] [Cov:===================>               57%][Progress:================>             55%] [Cov:===================>               57%][MASTER] 07:18:44.889 [logback-1] WARN  TestChromosome - Functional mock problem: org.evosuite.ga.ConstructionFailedException: Failed to add constructor for java.util.LinkedList due to org.evosuite.ga.ConstructionFailedException: Error: VariableReference: Statement 0, type java.util.LinkedHashSet<com.google.inject.Binding<java.lang.annotation.Annotation>> is not assignable to java.util.Collection<? extends com.google.inject.Binding<java.lang.Object>>
[Progress:================>             55%] [Cov:===================>               57%][Progress:================>             55%] [Cov:===================>               57%][Progress:================>             55%] [Cov:===================>               57%][MASTER] 07:18:45.104 [logback-1] WARN  TestChromosome - Functional mock problem: org.evosuite.ga.ConstructionFailedException: Failed to add constructor for java.util.Vector due to org.evosuite.ga.ConstructionFailedException: Error: VariableReference: Statement 0, type java.util.ArrayDeque<com.google.inject.Binding<java.lang.annotation.Annotation>> is not assignable to java.util.Collection<? extends com.google.inject.Binding<java.lang.Object>>
[Progress:================>             55%] [Cov:===================>               57%][MASTER] 07:18:45.143 [logback-1] WARN  TestChromosome - Functional mock problem: org.evosuite.ga.ConstructionFailedException: Failed to add constructor for java.util.LinkedList due to org.evosuite.ga.ConstructionFailedException: Error: VariableReference: Statement 0, type java.util.HashSet<com.google.inject.Binding<com.google.inject.servlet.ServletDefinition>> is not assignable to java.util.Collection<? extends com.google.inject.Binding<java.lang.Object>>
[Progress:================>             56%] [Cov:===================>               57%][Progress:================>             56%] [Cov:===================>               57%][MASTER] 07:18:45.293 [logback-1] WARN  TestChromosome - Functional mock problem: org.evosuite.ga.ConstructionFailedException: Failed to add constructor for java.util.LinkedList due to org.evosuite.ga.ConstructionFailedException: Error: VariableReference: Statement 1, type java.util.ArrayDeque<com.google.inject.Binding<java.lang.Object>> is not assignable to java.util.Collection<? extends com.google.inject.Binding<java.lang.annotation.Annotation>>
[Progress:================>             56%] [Cov:===================>               57%][Progress:================>             56%] [Cov:===================>               57%][Progress:================>             56%] [Cov:===================>               57%][Progress:================>             56%] [Cov:===================>               57%][MASTER] 07:18:45.632 [logback-1] WARN  TestChromosome - Functional mock problem: org.evosuite.ga.ConstructionFailedException: Failed to add constructor for java.util.ArrayList due to org.evosuite.ga.ConstructionFailedException: Error: VariableReference: Statement 0, type java.util.LinkedList<com.google.inject.Binding<java.lang.Object>> is not assignable to java.util.Collection<? extends com.google.inject.Binding<com.google.inject.servlet.ServletDefinition>>
[Progress:================>             56%] [Cov:===================>               57%][Progress:================>             56%] [Cov:===================>               57%][Progress:================>             56%] [Cov:===================>               57%][Progress:================>             56%] [Cov:===================>               57%][MASTER] 07:18:45.933 [logback-1] WARN  TestChromosome - Functional mock problem: org.evosuite.ga.ConstructionFailedException: Failed to add constructor for java.util.LinkedList due to org.evosuite.ga.ConstructionFailedException: Error: VariableReference: Statement 0, type java.util.LinkedList<com.google.inject.Binding<com.google.inject.servlet.ServletDefinition>> is not assignable to java.util.Collection<? extends com.google.inject.Binding<java.lang.Object>>
[Progress:================>             56%] [Cov:===================>               57%][Progress:================>             56%] [Cov:===================>               57%][Progress:================>             56%] [Cov:===================>               57%][Progress:=================>            58%] [Cov:===================>               57%][Progress:=================>            58%] [Cov:===================>               57%][Progress:=================>            58%] [Cov:===================>               57%][Progress:=================>            58%] [Cov:===================>               57%][Progress:=================>            58%] [Cov:===================>               57%][Progress:=================>            58%] [Cov:===================>               57%][Progress:=================>            58%] [Cov:===================>               57%][Progress:=================>            58%] [Cov:===================>               57%][MASTER] 07:18:46.657 [logback-1] WARN  TestChromosome - Functional mock problem: org.evosuite.ga.ConstructionFailedException: Failed to add constructor for java.util.ArrayList due to org.evosuite.ga.ConstructionFailedException: Error: VariableReference: Statement 0, type java.util.LinkedList<com.google.inject.Binding<java.lang.Object>> is not assignable to java.util.Collection<? extends com.google.inject.Binding<jakarta.servlet.http.HttpServlet>>
[Progress:=================>            58%] [Cov:===================>               57%][Progress:=================>            58%] [Cov:===================>               57%][MASTER] 07:18:46.780 [logback-1] WARN  TestChromosome - Functional mock problem: org.evosuite.ga.ConstructionFailedException: Failed to add constructor for java.util.Vector due to org.evosuite.ga.ConstructionFailedException: Failed to add constructor for java.util.Vector due to org.evosuite.ga.ConstructionFailedException: Error: VariableReference: Statement 0, type java.util.HashSet<com.google.inject.Binding<java.lang.Object>> is not assignable to java.util.Collection<? extends com.google.inject.Binding<com.google.inject.servlet.ServletDefinition>>
[Progress:=================>            58%] [Cov:===================>               57%][Progress:=================>            58%] [Cov:===================>               57%][Progress:=================>            58%] [Cov:===================>               57%][Progress:=================>            58%] [Cov:===================>               57%][Progress:=================>            58%] [Cov:===================>               57%][Progress:==================>           60%] [Cov:===================>               57%][Progress:==================>           60%] [Cov:===================>               57%][Progress:==================>           60%] [Cov:===================>               57%][Progress:==================>           60%] [Cov:===================>               57%][Progress:==================>           60%] [Cov:===================>               57%][Progress:==================>           60%] [Cov:===================>               57%][Progress:==================>           60%] [Cov:===================>               57%][Progress:==================>           61%] [Cov:===================>               57%][MASTER] 07:18:48.186 [logback-1] WARN  TestChromosome - Functional mock problem: org.evosuite.ga.ConstructionFailedException: Failed to add constructor for java.util.ArrayList due to org.evosuite.ga.ConstructionFailedException: Error: VariableReference: Statement 1, type java.util.HashSet<com.google.inject.Binding<java.lang.Object>> is not assignable to java.util.Collection<? extends com.google.inject.Binding<com.google.inject.servlet.ServletDefinition>>
[Progress:==================>           61%] [Cov:===================>               57%][MASTER] 07:18:48.286 [logback-1] WARN  TestChromosome - Functional mock problem: org.evosuite.ga.ConstructionFailedException: Failed to add constructor for java.util.ArrayList due to org.evosuite.ga.ConstructionFailedException: Error: VariableReference: Statement 0, type java.util.TreeSet<com.google.inject.Binding<java.lang.annotation.Annotation>> is not assignable to java.util.Collection<? extends com.google.inject.Binding<com.google.inject.servlet.ServletDefinition>>
[Progress:==================>           61%] [Cov:===================>               57%][Progress:==================>           61%] [Cov:===================>               57%][Progress:==================>           61%] [Cov:===================>               57%][Progress:==================>           61%] [Cov:===================>               57%][MASTER] 07:18:48.502 [logback-1] WARN  TestChromosome - Functional mock problem: org.evosuite.ga.ConstructionFailedException: Failed to add constructor for java.util.LinkedList due to org.evosuite.ga.ConstructionFailedException: Error: VariableReference: Statement 0, type java.util.Stack<com.google.inject.Binding<java.lang.Object>> is not assignable to java.util.Collection<? extends com.google.inject.Binding<com.google.inject.Binding<com.google.inject.servlet.ServletDefinition>>>
[Progress:==================>           61%] [Cov:===================>               57%][Progress:==================>           61%] [Cov:===================>               57%][Progress:==================>           61%] [Cov:===================>               57%][Progress:==================>           61%] [Cov:===================>               57%][Progress:==================>           61%] [Cov:===================>               57%][MASTER] 07:18:48.837 [logback-1] WARN  TestChromosome - Functional mock problem: org.evosuite.ga.ConstructionFailedException: Failed to add constructor for java.util.LinkedList due to org.evosuite.ga.ConstructionFailedException: Error: VariableReference: Statement 0, type java.util.TreeSet<com.google.inject.Binding<java.lang.annotation.Annotation>> is not assignable to java.util.Collection<? extends com.google.inject.Binding<com.google.inject.servlet.ServletDefinition>>
[Progress:==================>           61%] [Cov:===================>               57%][Progress:==================>           61%] [Cov:===================>               57%][MASTER] 07:18:48.965 [logback-1] WARN  TestChromosome - Functional mock problem: org.evosuite.ga.ConstructionFailedException: Failed to add constructor for java.util.Vector due to org.evosuite.ga.ConstructionFailedException: Error: VariableReference: Statement 9, type java.util.LinkedHashSet<com.google.inject.Binding<java.lang.annotation.Annotation>> is not assignable to java.util.Collection<? extends com.google.inject.Binding<com.google.inject.servlet.ServletDefinition>>
[MASTER] 07:18:48.969 [logback-1] WARN  TestChromosome - Functional mock problem: org.evosuite.ga.ConstructionFailedException: Failed to add constructor for java.util.Vector due to org.evosuite.ga.ConstructionFailedException: Error: VariableReference: Statement 0, type java.util.Stack<com.google.inject.Binding<java.lang.Object>> is not assignable to java.util.Collection<? extends com.google.inject.Binding<java.lang.annotation.Annotation>>
[MASTER] 07:18:48.982 [logback-1] WARN  TestChromosome - Functional mock problem: org.evosuite.ga.ConstructionFailedException: Failed to add constructor for java.util.ArrayList due to org.evosuite.ga.ConstructionFailedException: Error: VariableReference: Statement 1, type java.util.LinkedList<com.google.inject.Binding<java.lang.Object>> is not assignable to java.util.Collection<? extends com.google.inject.Binding<com.google.inject.Binding<java.lang.Object>>>
[Progress:==================>           61%] [Cov:===================>               57%][MASTER] 07:18:49.028 [logback-1] WARN  TestChromosome - Functional mock problem: org.evosuite.ga.ConstructionFailedException: Failed to add constructor for java.util.LinkedList due to org.evosuite.ga.ConstructionFailedException: Error: VariableReference: Statement 0, type java.util.LinkedList<com.google.inject.Binding<com.google.inject.servlet.ServletDefinition>> is not assignable to java.util.Collection<? extends com.google.inject.Binding<com.google.inject.Binding<java.lang.annotation.Annotation>>>
[MASTER] 07:18:49.066 [logback-1] WARN  TestChromosome - Functional mock problem: org.evosuite.ga.ConstructionFailedException: Failed to add constructor for java.util.LinkedList due to org.evosuite.ga.ConstructionFailedException: Error: VariableReference: Statement 0, type java.util.ArrayList<com.google.inject.Binding<java.lang.Object>> is not assignable to java.util.Collection<? extends com.google.inject.Binding<com.google.inject.servlet.ServletDefinition>>
[Progress:==================>           61%] [Cov:===================>               57%][Progress:==================>           63%] [Cov:===================>               57%][Progress:==================>           63%] [Cov:===================>               57%][Progress:==================>           63%] [Cov:===================>               57%][Progress:==================>           63%] [Cov:===================>               57%][MASTER] 07:18:49.361 [logback-1] WARN  TestChromosome - Functional mock problem: org.evosuite.ga.ConstructionFailedException: Failed to add constructor for java.util.Vector due to org.evosuite.ga.ConstructionFailedException: Error: VariableReference: Statement 0, type java.util.ArrayList<com.google.inject.Binding<java.lang.Object>> is not assignable to java.util.Collection<? extends com.google.inject.Binding<java.lang.annotation.Annotation>>
[Progress:==================>           63%] [Cov:===================>               57%][Progress:==================>           63%] [Cov:===================>               57%][Progress:==================>           63%] [Cov:===================>               57%][Progress:==================>           63%] [Cov:===================>               57%][Progress:==================>           63%] [Cov:===================>               57%][Progress:==================>           63%] [Cov:===================>               57%][MASTER] 07:18:49.807 [logback-1] WARN  TestChromosome - Functional mock problem: org.evosuite.ga.ConstructionFailedException: Failed to add constructor for java.util.Vector due to org.evosuite.ga.ConstructionFailedException: Error: VariableReference: Statement 1, type java.util.ArrayDeque<com.google.inject.Binding<com.google.inject.servlet.ServletDefinition>> is not assignable to java.util.Collection<? extends com.google.inject.Binding<jakarta.servlet.http.HttpServlet>>
[Progress:==================>           63%] [Cov:===================>               57%][Progress:==================>           63%] [Cov:===================>               57%][Progress:==================>           63%] [Cov:===================>               57%][Progress:==================>           63%] [Cov:===================>               57%][Progress:===================>          65%] [Cov:===================>               57%][MASTER] 07:18:50.189 [logback-1] WARN  TestChromosome - Functional mock problem: org.evosuite.ga.ConstructionFailedException: Failed to add constructor for java.util.ArrayList due to org.evosuite.ga.ConstructionFailedException: Error: VariableReference: Statement 0, type java.util.Vector<com.google.inject.Binding<com.google.inject.servlet.ServletDefinition>> is not assignable to java.util.Collection<? extends com.google.inject.Binding<java.lang.Object>>
[Progress:===================>          65%] [Cov:===================>               57%][MASTER] 07:18:50.234 [logback-1] WARN  TestChromosome - Functional mock problem: org.evosuite.ga.ConstructionFailedException: Failed to add constructor for java.util.Vector due to org.evosuite.ga.ConstructionFailedException: Error: VariableReference: Statement 0, type java.util.LinkedHashSet<com.google.inject.Binding<jakarta.servlet.http.HttpServlet>> is not assignable to java.util.Collection<? extends com.google.inject.Binding<com.google.inject.Binding<java.lang.Object>>>
[Progress:===================>          65%] [Cov:===================>               57%][Progress:===================>          65%] [Cov:===================>               57%][Progress:===================>          65%] [Cov:===================>               57%][Progress:===================>          65%] [Cov:===================>               57%][Progress:===================>          65%] [Cov:===================>               57%][Progress:===================>          65%] [Cov:===================>               57%][Progress:===================>          65%] [Cov:===================>               57%][Progress:===================>          65%] [Cov:===================>               57%][MASTER] 07:18:50.753 [logback-1] WARN  TestChromosome - Functional mock problem: org.evosuite.ga.ConstructionFailedException: Failed to add constructor for java.util.LinkedList due to org.evosuite.ga.ConstructionFailedException: Error: VariableReference: Statement 0, type java.util.Vector<com.google.inject.Binding<com.google.inject.servlet.ServletDefinition>> is not assignable to java.util.Collection<? extends com.google.inject.Binding<java.lang.annotation.Annotation>>
[Progress:===================>          65%] [Cov:===================>               57%][Progress:===================>          65%] [Cov:===================>               57%][Progress:===================>          65%] [Cov:===================>               57%][MASTER] 07:18:50.996 [logback-1] WARN  TestChromosome - Functional mock problem: org.evosuite.ga.ConstructionFailedException: Failed to add constructor for java.util.LinkedList due to org.evosuite.ga.ConstructionFailedException: Error: VariableReference: Statement 0, type java.util.Stack<com.google.inject.Binding<java.lang.Object>> is not assignable to java.util.Collection<? extends com.google.inject.Binding<java.lang.annotation.Annotation>>
[Progress:===================>          65%] [Cov:===================>               57%][MASTER] 07:18:51.079 [logback-1] WARN  TestChromosome - Functional mock problem: org.evosuite.ga.ConstructionFailedException: Failed to add constructor for java.util.LinkedList due to org.evosuite.ga.ConstructionFailedException: Error: VariableReference: Statement 0, type java.util.Stack<com.google.inject.Binding<java.lang.Object>> is not assignable to java.util.Collection<? extends com.google.inject.Binding<com.google.inject.servlet.ServletDefinition>>
[Progress:===================>          65%] [Cov:===================>               57%][Progress:===================>          66%] [Cov:===================>               57%][MASTER] 07:18:51.190 [logback-1] WARN  TestChromosome - Functional mock problem: org.evosuite.ga.ConstructionFailedException: Failed to add constructor for java.util.Vector due to org.evosuite.ga.ConstructionFailedException: Error: VariableReference: Statement 0, type java.util.ArrayList<com.google.inject.Binding<java.lang.Object>> is not assignable to java.util.Collection<? extends com.google.inject.Binding<com.google.inject.Binding<java.lang.Object>>>
[MASTER] 07:18:51.216 [logback-1] WARN  TestChromosome - Functional mock problem: org.evosuite.ga.ConstructionFailedException: Failed to add constructor for java.util.ArrayList due to org.evosuite.ga.ConstructionFailedException: Error: VariableReference: Statement 0, type java.util.ArrayList<com.google.inject.Binding<com.google.inject.servlet.ServletDefinition>> is not assignable to java.util.Collection<? extends com.google.inject.Binding<com.google.inject.Binding<com.google.inject.servlet.ServletDefinition>>>
[Progress:===================>          66%] [Cov:===================>               57%][Progress:===================>          66%] [Cov:===================>               57%][MASTER] 07:18:51.329 [logback-1] WARN  TestChromosome - Functional mock problem: org.evosuite.ga.ConstructionFailedException: Failed to add constructor for java.util.ArrayList due to org.evosuite.ga.ConstructionFailedException: Error: VariableReference: Statement 0, type java.util.LinkedHashSet<com.google.inject.Binding<java.lang.annotation.Annotation>> is not assignable to java.util.Collection<? extends com.google.inject.Binding<com.google.inject.Binding<java.lang.Object>>>
[Progress:===================>          66%] [Cov:====================>              59%][Progress:===================>          66%] [Cov:====================>              59%][Progress:===================>          66%] [Cov:====================>              59%][Progress:===================>          66%] [Cov:====================>              59%][Progress:===================>          66%] [Cov:====================>              59%][Progress:===================>          66%] [Cov:====================>              59%][Progress:===================>          66%] [Cov:====================>              59%][MASTER] 07:18:51.821 [logback-1] WARN  TestChromosome - Functional mock problem: org.evosuite.ga.ConstructionFailedException: Failed to add constructor for java.util.Vector due to org.evosuite.ga.ConstructionFailedException: Error: VariableReference: Statement 0, type java.util.LinkedHashSet<com.google.inject.Binding<java.lang.annotation.Annotation>> is not assignable to java.util.Collection<? extends com.google.inject.Binding<java.lang.Object>>
[Progress:===================>          66%] [Cov:====================>              59%][Progress:===================>          66%] [Cov:====================>              59%][MASTER] 07:18:51.923 [logback-1] WARN  TestChromosome - Functional mock problem: org.evosuite.ga.ConstructionFailedException: Failed to add constructor for java.util.LinkedList due to org.evosuite.ga.ConstructionFailedException: Error: VariableReference: Statement 0, type java.util.Stack<com.google.inject.Binding<com.google.inject.servlet.ServletDefinition>> is not assignable to java.util.Collection<? extends com.google.inject.Binding<java.lang.annotation.Annotation>>
[Progress:===================>          66%] [Cov:====================>              59%][Progress:===================>          66%] [Cov:====================>              59%][Progress:===================>          66%] [Cov:====================>              59%][Progress:====================>         68%] [Cov:====================>              59%][Progress:====================>         68%] [Cov:====================>              59%][MASTER] 07:18:52.277 [logback-1] WARN  TestChromosome - Functional mock problem: org.evosuite.ga.ConstructionFailedException: Failed to add constructor for java.util.LinkedList due to org.evosuite.ga.ConstructionFailedException: Error: VariableReference: Statement 0, type java.util.Vector<com.google.inject.Binding<com.google.inject.servlet.ServletDefinition>> is not assignable to java.util.Collection<? extends com.google.inject.Binding<java.lang.Object>>
[Progress:====================>         68%] [Cov:====================>              59%][MASTER] 07:18:52.345 [logback-1] WARN  TestChromosome - Functional mock problem: org.evosuite.ga.ConstructionFailedException: Failed to add constructor for java.util.LinkedList due to org.evosuite.ga.ConstructionFailedException: Error: VariableReference: Statement 0, type java.util.HashSet<com.google.inject.Binding<com.google.inject.servlet.ServletDefinition>> is not assignable to java.util.Collection<? extends com.google.inject.Binding<com.google.inject.Binding<com.google.inject.servlet.ServletDefinition>>>
[Progress:====================>         68%] [Cov:====================>              59%][Progress:====================>         68%] [Cov:====================>              59%][Progress:====================>         68%] [Cov:====================>              59%][Progress:====================>         68%] [Cov:====================>              59%][Progress:====================>         68%] [Cov:====================>              59%][MASTER] 07:18:52.669 [logback-1] WARN  TestChromosome - Functional mock problem: org.evosuite.ga.ConstructionFailedException: Failed to add constructor for java.util.Vector due to org.evosuite.ga.ConstructionFailedException: Error: VariableReference: Statement 0, type java.util.TreeSet<com.google.inject.Binding<com.google.inject.servlet.ServletDefinition>> is not assignable to java.util.Collection<? extends com.google.inject.Binding<com.google.inject.Binding<com.google.inject.servlet.ServletDefinition>>>
[MASTER] 07:18:52.684 [logback-1] WARN  TestChromosome - Functional mock problem: org.evosuite.ga.ConstructionFailedException: Failed to add constructor for java.util.Vector due to org.evosuite.ga.ConstructionFailedException: Error: VariableReference: Statement 0, type java.util.Stack<com.google.inject.Binding<java.lang.Object>> is not assignable to java.util.Collection<? extends com.google.inject.Binding<com.google.inject.servlet.ServletDefinition>>
[Progress:====================>         68%] [Cov:====================>              59%][MASTER] 07:18:52.753 [logback-1] WARN  TestChromosome - Functional mock problem: org.evosuite.ga.ConstructionFailedException: Failed to add constructor for java.util.Vector due to org.evosuite.ga.ConstructionFailedException: Error: VariableReference: Statement 1, type java.util.LinkedHashSet<com.google.inject.Binding<java.lang.annotation.Annotation>> is not assignable to java.util.Collection<? extends com.google.inject.Binding<java.lang.Object>>
[Progress:====================>         68%] [Cov:====================>              59%][Progress:====================>         68%] [Cov:====================>              59%][Progress:====================>         68%] [Cov:====================>              59%][Progress:====================>         68%] [Cov:====================>              59%][Progress:====================>         68%] [Cov:====================>              59%][Progress:=====================>        70%] [Cov:====================>              59%][Progress:=====================>        70%] [Cov:====================>              59%][Progress:=====================>        70%] [Cov:====================>              59%][Progress:=====================>        70%] [Cov:====================>              59%][Progress:=====================>        70%] [Cov:====================>              59%][Progress:=====================>        70%] [Cov:====================>              59%][MASTER] 07:18:53.523 [logback-1] WARN  TestChromosome - Functional mock problem: org.evosuite.ga.ConstructionFailedException: Failed to add constructor for java.util.Vector due to org.evosuite.ga.ConstructionFailedException: Error: VariableReference: Statement 1, type java.util.TreeSet<com.google.inject.Binding<com.google.inject.servlet.ServletDefinition>> is not assignable to java.util.Collection<? extends com.google.inject.Binding<com.google.inject.Binding<java.lang.Object>>>
[Progress:=====================>        70%] [Cov:====================>              59%][Progress:=====================>        70%] [Cov:====================>              59%][MASTER] 07:18:53.632 [logback-1] WARN  TestChromosome - Functional mock problem: org.evosuite.ga.ConstructionFailedException: Failed to add constructor for java.util.LinkedList due to org.evosuite.ga.ConstructionFailedException: Error: VariableReference: Statement 0, type java.util.PriorityQueue<com.google.inject.Binding<java.lang.annotation.Annotation>> is not assignable to java.util.Collection<? extends com.google.inject.Binding<com.google.inject.servlet.ServletDefinition>>
[Progress:=====================>        70%] [Cov:====================>              59%][MASTER] 07:18:53.753 [logback-1] WARN  TestChromosome - Functional mock problem: org.evosuite.ga.ConstructionFailedException: Failed to add constructor for java.util.ArrayList due to org.evosuite.ga.ConstructionFailedException: Error: VariableReference: Statement 0, type java.util.HashSet<com.google.inject.Binding<java.lang.Object>> is not assignable to java.util.Collection<? extends com.google.inject.Binding<java.lang.annotation.Annotation>>
[MASTER] 07:18:53.766 [logback-1] WARN  TestChromosome - Functional mock problem: org.evosuite.ga.ConstructionFailedException: Failed to add constructor for java.util.LinkedList due to org.evosuite.ga.ConstructionFailedException: Error: VariableReference: Statement 0, type java.util.LinkedHashSet<com.google.inject.Binding<java.lang.Object>> is not assignable to java.util.Collection<? extends com.google.inject.Binding<com.google.inject.servlet.ServletDefinition>>
[Progress:=====================>        70%] [Cov:====================>              59%][Progress:=====================>        70%] [Cov:====================>              59%][Progress:=====================>        70%] [Cov:====================>              59%][Progress:=====================>        70%] [Cov:====================>              59%][Progress:=====================>        71%] [Cov:====================>              59%][Progress:=====================>        71%] [Cov:====================>              59%][Progress:=====================>        71%] [Cov:====================>              59%][Progress:=====================>        71%] [Cov:====================>              59%][Progress:=====================>        71%] [Cov:====================>              59%][Progress:=====================>        71%] [Cov:====================>              59%][Progress:=====================>        71%] [Cov:====================>              59%][Progress:=====================>        71%] [Cov:====================>              59%][Progress:=====================>        71%] [Cov:====================>              59%][Progress:=====================>        71%] [Cov:====================>              59%][Progress:=====================>        71%] [Cov:====================>              59%][Progress:=====================>        71%] [Cov:====================>              59%][MASTER] 07:18:54.980 [logback-1] WARN  TestChromosome - Functional mock problem: org.evosuite.ga.ConstructionFailedException: Failed to add constructor for java.util.ArrayList due to org.evosuite.ga.ConstructionFailedException: Error: VariableReference: Statement 0, type java.util.LinkedList<com.google.inject.Binding<jakarta.servlet.http.HttpServlet>> is not assignable to java.util.Collection<? extends com.google.inject.Binding<java.lang.Object>>
[Progress:=====================>        71%] [Cov:====================>              59%][Progress:=====================>        71%] [Cov:====================>              59%][Progress:=====================>        73%] [Cov:====================>              59%][Progress:=====================>        73%] [Cov:====================>              59%][Progress:=====================>        73%] [Cov:====================>              59%][MASTER] 07:18:55.455 [logback-1] WARN  TestChromosome - Functional mock problem: org.evosuite.ga.ConstructionFailedException: Failed to add constructor for java.util.ArrayList due to org.evosuite.ga.ConstructionFailedException: Error: VariableReference: Statement 0, type java.util.ArrayList<com.google.inject.Binding<jakarta.servlet.http.HttpServlet>> is not assignable to java.util.Collection<? extends com.google.inject.Binding<com.google.inject.servlet.ServletDefinition>>
[Progress:=====================>        73%] [Cov:====================>              59%][Progress:=====================>        73%] [Cov:====================>              59%][Progress:=====================>        73%] [Cov:====================>              59%][Progress:=====================>        73%] [Cov:====================>              59%][Progress:=====================>        73%] [Cov:====================>              59%][MASTER] 07:18:55.872 [logback-1] WARN  TestChromosome - Functional mock problem: org.evosuite.ga.ConstructionFailedException: Failed to add constructor for java.util.LinkedList due to org.evosuite.ga.ConstructionFailedException: Error: VariableReference: Statement 0, type java.util.PriorityQueue<com.google.inject.Binding<com.google.inject.servlet.ServletDefinition>> is not assignable to java.util.Collection<? extends com.google.inject.Binding<java.lang.Object>>
[Progress:=====================>        73%] [Cov:====================>              59%][Progress:=====================>        73%] [Cov:====================>              59%][Progress:=====================>        73%] [Cov:====================>              59%][Progress:=====================>        73%] [Cov:====================>              59%][Progress:======================>       75%] [Cov:====================>              59%][Progress:======================>       75%] [Cov:====================>              59%][Progress:======================>       75%] [Cov:====================>              59%][MASTER] 07:18:56.345 [logback-1] WARN  TestChromosome - Functional mock problem: org.evosuite.ga.ConstructionFailedException: Failed to add constructor for java.util.Vector due to org.evosuite.ga.ConstructionFailedException: Error: VariableReference: Statement 0, type java.util.TreeSet<com.google.inject.Binding<java.lang.Object>> is not assignable to java.util.Collection<? extends com.google.inject.Binding<jakarta.servlet.http.HttpServlet>>
[Progress:======================>       75%] [Cov:====================>              59%][Progress:======================>       75%] [Cov:====================>              59%][MASTER] 07:18:56.699 [logback-1] WARN  TestChromosome - Functional mock problem: org.evosuite.ga.ConstructionFailedException: Failed to add constructor for java.util.LinkedList due to org.evosuite.ga.ConstructionFailedException: Error: VariableReference: Statement 0, type java.util.Stack<com.google.inject.Binding<jakarta.servlet.http.HttpServlet>> is not assignable to java.util.Collection<? extends com.google.inject.Binding<com.google.inject.Binding<com.google.inject.servlet.ServletDefinition>>>
[Progress:======================>       75%] [Cov:====================>              59%][Progress:======================>       75%] [Cov:====================>              59%][Progress:======================>       75%] [Cov:====================>              59%][Progress:======================>       75%] [Cov:====================>              59%][Progress:======================>       75%] [Cov:====================>              59%][Progress:======================>       75%] [Cov:====================>              59%][MASTER] 07:18:57.065 [logback-1] WARN  TestChromosome - Functional mock problem: org.evosuite.ga.ConstructionFailedException: Failed to add constructor for java.util.ArrayList due to org.evosuite.ga.ConstructionFailedException: Error: VariableReference: Statement 1, type java.util.LinkedHashSet<com.google.inject.Binding<java.lang.Object>> is not assignable to java.util.Collection<? extends com.google.inject.Binding<com.google.inject.servlet.ServletDefinition>>
[Progress:======================>       75%] [Cov:====================>              59%][Progress:======================>       76%] [Cov:====================>              59%][Progress:======================>       76%] [Cov:====================>              59%][Progress:======================>       76%] [Cov:====================>              59%][MASTER] 07:18:57.502 [logback-1] WARN  TestChromosome - Functional mock problem: org.evosuite.ga.ConstructionFailedException: Failed to add constructor for java.util.LinkedList due to org.evosuite.ga.ConstructionFailedException: Error: VariableReference: Statement 0, type java.util.Collection<com.google.inject.Binding<com.google.inject.servlet.ServletDefinition>> is not assignable to java.util.Collection<? extends com.google.inject.Binding<jakarta.servlet.http.HttpServlet>>
[Progress:======================>       76%] [Cov:====================>              59%][Progress:======================>       76%] [Cov:====================>              59%][Progress:======================>       76%] [Cov:====================>              59%][Progress:======================>       76%] [Cov:====================>              59%][Progress:======================>       76%] [Cov:====================>              59%][Progress:======================>       76%] [Cov:====================>              59%][Progress:======================>       76%] [Cov:====================>              59%][Progress:======================>       76%] [Cov:====================>              59%][Progress:======================>       76%] [Cov:====================>              59%][Progress:=======================>      78%] [Cov:====================>              59%][Progress:=======================>      78%] [Cov:====================>              59%][MASTER] 07:18:58.286 [logback-1] WARN  TestChromosome - Functional mock problem: org.evosuite.ga.ConstructionFailedException: Failed to add constructor for java.util.ArrayList due to org.evosuite.ga.ConstructionFailedException: Error: VariableReference: Statement 0, type java.util.Vector<com.google.inject.Binding<jakarta.servlet.http.HttpServlet>> is not assignable to java.util.Collection<? extends com.google.inject.Binding<com.google.inject.servlet.ServletDefinition>>
[Progress:=======================>      78%] [Cov:====================>              59%][Progress:=======================>      78%] [Cov:====================>              59%][Progress:=======================>      78%] [Cov:====================>              59%][Progress:=======================>      78%] [Cov:====================>              59%][Progress:=======================>      78%] [Cov:====================>              59%][Progress:=======================>      78%] [Cov:====================>              59%][MASTER] 07:18:58.754 [logback-1] WARN  TestChromosome - Functional mock problem: org.evosuite.ga.ConstructionFailedException: Failed to add constructor for java.util.Vector due to org.evosuite.ga.ConstructionFailedException: Error: VariableReference: Statement 0, type java.util.Stack<com.google.inject.Binding<java.lang.Object>> is not assignable to java.util.Collection<? extends com.google.inject.Binding<jakarta.servlet.http.HttpServlet>>
[Progress:=======================>      78%] [Cov:====================>              59%][MASTER] 07:18:58.813 [logback-1] WARN  TestChromosome - Functional mock problem: org.evosuite.ga.ConstructionFailedException: Failed to add constructor for java.util.Vector due to org.evosuite.ga.ConstructionFailedException: Error: VariableReference: Statement 0, type java.util.HashSet<com.google.inject.Binding<jakarta.servlet.http.HttpServlet>> is not assignable to java.util.Collection<? extends com.google.inject.Binding<com.google.inject.servlet.ServletDefinition>>
[Progress:=======================>      78%] [Cov:====================>              59%][Progress:=======================>      78%] [Cov:====================>              59%][Progress:=======================>      78%] [Cov:====================>              59%][Progress:=======================>      78%] [Cov:====================>              59%][Progress:=======================>      78%] [Cov:====================>              59%][Progress:========================>     80%] [Cov:====================>              59%][Progress:========================>     80%] [Cov:====================>              59%][Progress:========================>     80%] [Cov:====================>              59%][Progress:========================>     80%] [Cov:====================>              59%][MASTER] 07:18:59.436 [logback-1] WARN  TestChromosome - Functional mock problem: org.evosuite.ga.ConstructionFailedException: Failed to add constructor for java.util.ArrayList due to org.evosuite.ga.ConstructionFailedException: Error: VariableReference: Statement 0, type java.util.LinkedHashSet<com.google.inject.Binding<java.lang.Object>> is not assignable to java.util.Collection<? extends com.google.inject.Binding<java.lang.annotation.Annotation>>
[MASTER] 07:18:59.459 [logback-1] WARN  TestChromosome - Functional mock problem: org.evosuite.ga.ConstructionFailedException: Failed to add constructor for java.util.LinkedList due to org.evosuite.ga.ConstructionFailedException: Error: VariableReference: Statement 0, type java.util.TreeSet<com.google.inject.Binding<java.lang.annotation.Annotation>> is not assignable to java.util.Collection<? extends com.google.inject.Binding<java.lang.Object>>
[Progress:========================>     80%] [Cov:====================>              59%][Progress:========================>     80%] [Cov:====================>              59%][MASTER] 07:18:59.605 [logback-1] WARN  TestChromosome - Functional mock problem: org.evosuite.ga.ConstructionFailedException: Failed to add constructor for java.util.ArrayList due to org.evosuite.ga.ConstructionFailedException: Error: VariableReference: Statement 0, type java.util.Stack<com.google.inject.Binding<java.lang.Object>> is not assignable to java.util.Collection<? extends com.google.inject.Binding<com.google.inject.servlet.ServletDefinition>>
[Progress:========================>     80%] [Cov:====================>              59%][Progress:========================>     80%] [Cov:====================>              59%][Progress:========================>     80%] [Cov:====================>              59%][Progress:========================>     80%] [Cov:====================>              59%][MASTER] 07:18:59.895 [logback-1] WARN  TestChromosome - Functional mock problem: org.evosuite.ga.ConstructionFailedException: Failed to add constructor for java.util.Vector due to org.evosuite.ga.ConstructionFailedException: Error: VariableReference: Statement 0, type java.util.PriorityQueue<com.google.inject.Binding<java.lang.annotation.Annotation>> is not assignable to java.util.Collection<? extends com.google.inject.Binding<com.google.inject.servlet.ServletDefinition>>
[Progress:========================>     80%] [Cov:====================>              59%][Progress:========================>     80%] [Cov:====================>              59%][MASTER] 07:19:00.057 [logback-1] WARN  TestChromosome - Functional mock problem: org.evosuite.ga.ConstructionFailedException: Failed to add constructor for java.util.LinkedList due to org.evosuite.ga.ConstructionFailedException: Error: VariableReference: Statement 0, type java.util.Vector<com.google.inject.Binding<java.lang.annotation.Annotation>> is not assignable to java.util.Collection<? extends com.google.inject.Binding<com.google.inject.Binding<java.lang.Object>>>
[Progress:========================>     80%] [Cov:====================>              59%][Progress:========================>     80%] [Cov:====================>              59%][Progress:========================>     81%] [Cov:====================>              59%][Progress:========================>     81%] [Cov:====================>              59%][Progress:========================>     81%] [Cov:====================>              59%][Progress:========================>     81%] [Cov:====================>              59%][Progress:========================>     81%] [Cov:====================>              59%][Progress:========================>     81%] [Cov:====================>              59%][MASTER] 07:19:00.555 [logback-1] WARN  TestChromosome - Functional mock problem: org.evosuite.ga.ConstructionFailedException: Failed to add constructor for java.util.ArrayList due to org.evosuite.ga.ConstructionFailedException: Error: VariableReference: Statement 0, type java.util.Vector<com.google.inject.Binding<java.lang.Object>> is not assignable to java.util.Collection<? extends com.google.inject.Binding<com.google.inject.Binding<com.google.inject.servlet.ServletDefinition>>>
[Progress:========================>     81%] [Cov:====================>              59%][Progress:========================>     81%] [Cov:====================>              59%][Progress:========================>     81%] [Cov:====================>              59%][MASTER] 07:19:00.764 [logback-1] WARN  TestChromosome - Functional mock problem: org.evosuite.ga.ConstructionFailedException: Failed to add constructor for java.util.ArrayList due to org.evosuite.ga.ConstructionFailedException: Error: VariableReference: Statement 0, type java.util.HashSet<com.google.inject.Binding<java.lang.annotation.Annotation>> is not assignable to java.util.Collection<? extends com.google.inject.Binding<com.google.inject.servlet.ServletDefinition>>
[Progress:========================>     81%] [Cov:====================>              59%][Progress:========================>     81%] [Cov:====================>              59%][Progress:========================>     81%] [Cov:====================>              59%][Progress:========================>     81%] [Cov:====================>              59%][Progress:========================>     81%] [Cov:====================>              59%][MASTER] 07:19:01.123 [logback-1] WARN  TestChromosome - Functional mock problem: org.evosuite.ga.ConstructionFailedException: Failed to add constructor for java.util.Vector due to org.evosuite.ga.ConstructionFailedException: Error: VariableReference: Statement 0, type java.util.PriorityQueue<com.google.inject.Binding<java.lang.annotation.Annotation>> is not assignable to java.util.Collection<? extends com.google.inject.Binding<com.google.inject.Binding<com.google.inject.servlet.ServletDefinition>>>
[Progress:========================>     83%] [Cov:====================>              59%][Progress:========================>     83%] [Cov:====================>              59%][Progress:========================>     83%] [Cov:====================>              59%][Progress:========================>     83%] [Cov:====================>              59%][MASTER] 07:19:01.406 [logback-1] WARN  TestChromosome - Functional mock problem: org.evosuite.ga.ConstructionFailedException: Failed to add constructor for java.util.Vector due to org.evosuite.ga.ConstructionFailedException: Error: VariableReference: Statement 0, type java.util.PriorityQueue<com.google.inject.Binding<java.lang.annotation.Annotation>> is not assignable to java.util.Collection<? extends com.google.inject.Binding<com.google.inject.Binding<java.lang.Object>>>
[Progress:========================>     83%] [Cov:====================>              59%][Progress:========================>     83%] [Cov:====================>              59%][MASTER] 07:19:01.536 [logback-1] WARN  TestChromosome - Functional mock problem: org.evosuite.ga.ConstructionFailedException: Failed to add constructor for java.util.LinkedList due to org.evosuite.ga.ConstructionFailedException: Error: VariableReference: Statement 0, type java.util.LinkedList<com.google.inject.Binding<java.lang.Object>> is not assignable to java.util.Collection<? extends com.google.inject.Binding<com.google.inject.servlet.ServletDefinition>>
[Progress:========================>     83%] [Cov:====================>              59%][Progress:========================>     83%] [Cov:====================>              59%][Progress:========================>     83%] [Cov:====================>              59%][Progress:========================>     83%] [Cov:====================>              59%][Progress:========================>     83%] [Cov:====================>              59%][Progress:========================>     83%] [Cov:====================>              59%][Progress:=========================>    85%] [Cov:====================>              59%][Progress:=========================>    85%] [Cov:====================>              59%][Progress:=========================>    85%] [Cov:====================>              59%][Progress:=========================>    85%] [Cov:====================>              59%][Progress:=========================>    85%] [Cov:====================>              59%][Progress:=========================>    85%] [Cov:====================>              59%][Progress:=========================>    85%] [Cov:====================>              59%][Progress:=========================>    85%] [Cov:====================>              59%][Progress:=========================>    85%] [Cov:====================>              59%][Progress:=========================>    85%] [Cov:====================>              59%][Progress:=========================>    85%] [Cov:====================>              59%][Progress:=========================>    85%] [Cov:====================>              59%][Progress:=========================>    85%] [Cov:====================>              59%][Progress:=========================>    85%] [Cov:====================>              59%][Progress:=========================>    85%] [Cov:====================>              59%][Progress:=========================>    85%] [Cov:====================>              59%][Progress:=========================>    85%] [Cov:====================>              59%][Progress:=========================>    86%] [Cov:====================>              59%][MASTER] 07:19:03.529 [logback-1] WARN  TestChromosome - Functional mock problem: org.evosuite.ga.ConstructionFailedException: Failed to add constructor for java.util.ArrayList due to org.evosuite.ga.ConstructionFailedException: Error: VariableReference: Statement 0, type java.util.HashSet<com.google.inject.Binding<java.lang.Object>> is not assignable to java.util.Collection<? extends com.google.inject.Binding<com.google.inject.servlet.ServletDefinition>>
[Progress:=========================>    86%] [Cov:====================>              59%][Progress:=========================>    86%] [Cov:====================>              59%][Progress:=========================>    86%] [Cov:====================>              59%][Progress:=========================>    86%] [Cov:====================>              59%][Progress:=========================>    86%] [Cov:====================>              59%][MASTER] 07:19:03.976 [logback-1] WARN  TestChromosome - Functional mock problem: org.evosuite.ga.ConstructionFailedException: Failed to add constructor for java.util.ArrayList due to org.evosuite.ga.ConstructionFailedException: Error: VariableReference: Statement 0, type java.util.HashSet<com.google.inject.Binding<java.lang.Object>> is not assignable to java.util.Collection<? extends com.google.inject.Binding<com.google.inject.Binding<java.lang.Object>>>
[Progress:=========================>    86%] [Cov:====================>              59%][Progress:=========================>    86%] [Cov:====================>              59%][MASTER] 07:19:04.084 [logback-1] WARN  TestChromosome - Functional mock problem: org.evosuite.ga.ConstructionFailedException: Failed to add constructor for java.util.ArrayList due to org.evosuite.ga.ConstructionFailedException: Failed to add constructor for java.util.PriorityQueue due to org.evosuite.ga.ConstructionFailedException: Failed to add constructor for java.util.PriorityQueue due to org.evosuite.ga.ConstructionFailedException: Error: VariableReference: Statement 0, type java.util.TreeSet<com.google.inject.Binding<java.lang.Object>> is not assignable to java.util.SortedSet<? extends com.google.inject.Binding<java.lang.annotation.Annotation>>
[Progress:=========================>    86%] [Cov:====================>              59%][Progress:==========================>   88%] [Cov:====================>              59%][Progress:==========================>   88%] [Cov:====================>              59%][Progress:==========================>   88%] [Cov:====================>              59%][Progress:==========================>   88%] [Cov:====================>              59%][Progress:==========================>   88%] [Cov:====================>              59%][Progress:==========================>   88%] [Cov:====================>              59%][MASTER] 07:19:04.543 [logback-1] WARN  TestChromosome - Functional mock problem: org.evosuite.ga.ConstructionFailedException: Failed to add constructor for java.util.Vector due to org.evosuite.ga.ConstructionFailedException: Error: VariableReference: Statement 1, type java.util.ArrayList<com.google.inject.Binding<java.lang.Object>> is not assignable to java.util.Collection<? extends com.google.inject.Binding<com.google.inject.Binding<java.lang.Object>>>
[Progress:==========================>   88%] [Cov:====================>              59%][Progress:==========================>   88%] [Cov:====================>              59%][Progress:==========================>   88%] [Cov:====================>              59%][Progress:==========================>   88%] [Cov:====================>              59%][Progress:==========================>   88%] [Cov:====================>              59%][Progress:==========================>   88%] [Cov:====================>              59%][Progress:==========================>   88%] [Cov:====================>              59%][Progress:==========================>   88%] [Cov:====================>              59%][Progress:==========================>   88%] [Cov:====================>              59%][Progress:===========================>  90%] [Cov:====================>              59%][Progress:===========================>  90%] [Cov:====================>              59%][Progress:===========================>  90%] [Cov:====================>              59%][Progress:===========================>  90%] [Cov:====================>              59%][Progress:===========================>  90%] [Cov:====================>              59%][Progress:===========================>  90%] [Cov:====================>              59%][Progress:===========================>  90%] [Cov:====================>              59%][Progress:===========================>  90%] [Cov:====================>              59%][Progress:===========================>  90%] [Cov:====================>              59%][Progress:===========================>  90%] [Cov:====================>              59%][Progress:===========================>  90%] [Cov:====================>              59%][Progress:===========================>  90%] [Cov:====================>              59%][Progress:===========================>  90%] [Cov:====================>              59%][MASTER] 07:19:05.984 [logback-1] WARN  TestChromosome - Functional mock problem: org.evosuite.ga.ConstructionFailedException: Failed to add constructor for java.util.ArrayList due to org.evosuite.ga.ConstructionFailedException: Error: VariableReference: Statement 0, type java.util.PriorityQueue<com.google.inject.Binding<jakarta.servlet.http.HttpServlet>> is not assignable to java.util.Collection<? extends com.google.inject.Binding<com.google.inject.servlet.ServletDefinition>>
[Progress:===========================>  90%] [Cov:====================>              59%][Progress:===========================>  90%] [Cov:====================>              59%][MASTER] 07:19:06.094 [logback-1] WARN  TestChromosome - Functional mock problem: org.evosuite.ga.ConstructionFailedException: Failed to add constructor for java.util.LinkedList due to org.evosuite.ga.ConstructionFailedException: Error: VariableReference: Statement 0, type java.util.HashSet<com.google.inject.Binding<jakarta.servlet.http.HttpServlet>> is not assignable to java.util.Collection<? extends com.google.inject.Binding<java.lang.Object>>
[Progress:===========================>  90%] [Cov:====================>              59%][Progress:===========================>  91%] [Cov:====================>              59%][Progress:===========================>  91%] [Cov:====================>              59%][Progress:===========================>  91%] [Cov:====================>              59%][Progress:===========================>  91%] [Cov:====================>              59%][Progress:===========================>  91%] [Cov:====================>              59%][Progress:===========================>  91%] [Cov:====================>              59%][Progress:===========================>  91%] [Cov:====================>              59%][Progress:===========================>  91%] [Cov:====================>              59%][Progress:===========================>  91%] [Cov:====================>              59%][MASTER] 07:19:06.698 [logback-1] WARN  TestChromosome - Functional mock problem: org.evosuite.ga.ConstructionFailedException: Failed to add constructor for java.util.Vector due to org.evosuite.ga.ConstructionFailedException: Error: VariableReference: Statement 0, type java.util.TreeSet<com.google.inject.Binding<jakarta.servlet.http.HttpServlet>> is not assignable to java.util.Collection<? extends com.google.inject.Binding<java.lang.Object>>
[Progress:===========================>  91%] [Cov:====================>              59%][Progress:===========================>  91%] [Cov:====================>              59%][Progress:===========================>  91%] [Cov:====================>              59%][Progress:===========================>  91%] [Cov:====================>              59%][MASTER] 07:19:06.976 [logback-1] WARN  TestChromosome - Functional mock problem: org.evosuite.ga.ConstructionFailedException: Failed to add constructor for java.util.ArrayList due to org.evosuite.ga.ConstructionFailedException: Failed to add constructor for java.util.ArrayList due to org.evosuite.ga.ConstructionFailedException: Error: VariableReference: Statement 0, type java.util.HashSet<com.google.inject.Binding<java.lang.Object>> is not assignable to java.util.Collection<? extends com.google.inject.Binding<com.google.inject.servlet.ServletDefinition>>
[Progress:===========================>  91%] [Cov:====================>              59%][MASTER] 07:19:07.068 [logback-1] WARN  TestChromosome - Functional mock problem: org.evosuite.ga.ConstructionFailedException: Failed to add constructor for java.util.ArrayList due to org.evosuite.ga.ConstructionFailedException: Error: VariableReference: Statement 0, type java.util.Collection<com.google.inject.Binding<java.lang.Object>> is not assignable to java.util.Collection<? extends com.google.inject.Binding<com.google.inject.Binding<jakarta.servlet.http.HttpServlet>>>
[Progress:===========================>  91%] [Cov:====================>              59%][Progress:===========================>  93%] [Cov:====================>              59%][MASTER] 07:19:07.167 [logback-1] WARN  TestChromosome - Functional mock problem: org.evosuite.ga.ConstructionFailedException: Failed to add constructor for java.util.ArrayList due to org.evosuite.ga.ConstructionFailedException: Failed to add constructor for java.util.HashSet due to org.evosuite.ga.ConstructionFailedException: Error: VariableReference: Statement 0, type java.util.ArrayDeque<com.google.inject.Binding<com.google.inject.servlet.ServletDefinition>> is not assignable to java.util.Collection<? extends com.google.inject.Binding<java.lang.Object>>
[Progress:===========================>  93%] [Cov:====================>              59%][Progress:===========================>  93%] [Cov:====================>              59%][MASTER] 07:19:07.306 [logback-1] WARN  TestChromosome - Functional mock problem: org.evosuite.ga.ConstructionFailedException: Failed to add constructor for java.util.Vector due to org.evosuite.ga.ConstructionFailedException: Error: VariableReference: Statement 0, type java.util.Collection<com.google.inject.Binding<java.lang.Object>> is not assignable to java.util.Collection<? extends com.google.inject.Binding<com.google.inject.Binding<jakarta.servlet.http.HttpServlet>>>
[Progress:===========================>  93%] [Cov:====================>              59%][Progress:===========================>  93%] [Cov:====================>              59%][Progress:===========================>  93%] [Cov:====================>              59%][Progress:===========================>  93%] [Cov:====================>              59%][Progress:===========================>  93%] [Cov:====================>              59%][Progress:===========================>  93%] [Cov:====================>              59%][MASTER] 07:19:07.673 [logback-1] WARN  TestChromosome - Functional mock problem: org.evosuite.ga.ConstructionFailedException: Failed to add constructor for java.util.ArrayList due to org.evosuite.ga.ConstructionFailedException: Error: VariableReference: Statement 0, type java.util.LinkedList<com.google.inject.Binding<java.lang.Object>> is not assignable to java.util.Collection<? extends com.google.inject.Binding<com.google.inject.Binding<java.lang.Object>>>
[Progress:===========================>  93%] [Cov:====================>              59%][MASTER] 07:19:07.756 [logback-1] WARN  TestChromosome - Functional mock problem: org.evosuite.ga.ConstructionFailedException: Failed to add constructor for java.util.Vector due to org.evosuite.ga.ConstructionFailedException: Error: VariableReference: Statement 1, type java.util.TreeSet<com.google.inject.Binding<java.lang.Object>> is not assignable to java.util.Collection<? extends com.google.inject.Binding<jakarta.servlet.http.HttpServlet>>
[Progress:===========================>  93%] [Cov:====================>              59%][MASTER] 07:19:07.827 [logback-1] WARN  TestChromosome - Functional mock problem: org.evosuite.ga.ConstructionFailedException: Failed to add constructor for java.util.ArrayList due to org.evosuite.ga.ConstructionFailedException: Error: VariableReference: Statement 1, type java.util.PriorityQueue<com.google.inject.Binding<com.google.inject.servlet.ServletDefinition>> is not assignable to java.util.Collection<? extends com.google.inject.Binding<java.lang.Object>>
[Progress:===========================>  93%] [Cov:====================>              59%][MASTER] 07:19:07.915 [logback-1] WARN  TestChromosome - Functional mock problem: org.evosuite.ga.ConstructionFailedException: Failed to add constructor for java.util.ArrayList due to org.evosuite.ga.ConstructionFailedException: Error: VariableReference: Statement 0, type java.util.ArrayList<com.google.inject.Binding<java.lang.Object>> is not assignable to java.util.Collection<? extends com.google.inject.Binding<com.google.inject.servlet.ServletDefinition>>
[Progress:===========================>  93%] [Cov:====================>              59%][MASTER] 07:19:07.963 [logback-1] WARN  TestChromosome - Functional mock problem: org.evosuite.ga.ConstructionFailedException: Failed to add constructor for java.util.ArrayList due to org.evosuite.ga.ConstructionFailedException: Error: VariableReference: Statement 0, type java.util.PriorityQueue<com.google.inject.Binding<java.lang.Object>> is not assignable to java.util.Collection<? extends com.google.inject.Binding<com.google.inject.servlet.ServletDefinition>>
[Progress:===========================>  93%] [Cov:====================>              59%][MASTER] 07:19:08.013 [logback-1] WARN  TestChromosome - Functional mock problem: org.evosuite.ga.ConstructionFailedException: Failed to add constructor for java.util.ArrayList due to org.evosuite.ga.ConstructionFailedException: Error: VariableReference: Statement 0, type java.util.ArrayDeque<com.google.inject.Binding<com.google.inject.servlet.ServletDefinition>> is not assignable to java.util.Collection<? extends com.google.inject.Binding<jakarta.servlet.http.HttpServlet>>
[MASTER] 07:19:08.023 [logback-1] WARN  TestChromosome - Functional mock problem: org.evosuite.ga.ConstructionFailedException: Failed to add constructor for java.util.LinkedList due to org.evosuite.ga.ConstructionFailedException: Error: VariableReference: Statement 0, type java.util.ArrayDeque<com.google.inject.Binding<jakarta.servlet.http.HttpServlet>> is not assignable to java.util.Collection<? extends com.google.inject.Binding<com.google.inject.servlet.ServletDefinition>>
[Progress:===========================>  93%] [Cov:====================>              59%][Progress:===========================>  93%] [Cov:====================>              59%][Progress:============================> 95%] [Cov:====================>              59%][Progress:============================> 95%] [Cov:====================>              59%][Progress:============================> 95%] [Cov:====================>              59%][Progress:============================> 95%] [Cov:====================>              59%][Progress:============================> 95%] [Cov:====================>              59%][MASTER] 07:19:08.395 [logback-1] WARN  TestChromosome - Functional mock problem: org.evosuite.ga.ConstructionFailedException: Failed to add constructor for java.util.Vector due to org.evosuite.ga.ConstructionFailedException: Error: VariableReference: Statement 0, type java.util.TreeSet<com.google.inject.Binding<java.lang.Object>> is not assignable to java.util.Collection<? extends com.google.inject.Binding<com.google.inject.servlet.ServletDefinition>>
[Progress:============================> 95%] [Cov:====================>              59%][Progress:============================> 95%] [Cov:====================>              59%][Progress:============================> 95%] [Cov:====================>              59%][MASTER] 07:19:08.604 [logback-1] WARN  TestChromosome - Functional mock problem: org.evosuite.ga.ConstructionFailedException: Failed to add constructor for java.util.LinkedList due to org.evosuite.ga.ConstructionFailedException: Error: VariableReference: Statement 0, type java.util.LinkedList<com.google.inject.Binding<jakarta.servlet.http.HttpServlet>> is not assignable to java.util.Collection<? extends com.google.inject.Binding<java.lang.Object>>
[Progress:============================> 95%] [Cov:====================>              59%][Progress:============================> 95%] [Cov:====================>              59%][Progress:============================> 95%] [Cov:====================>              59%][MASTER] 07:19:09.090 [logback-1] WARN  TestChromosome - Functional mock problem: org.evosuite.ga.ConstructionFailedException: Failed to add constructor for java.util.LinkedList due to org.evosuite.ga.ConstructionFailedException: Error: VariableReference: Statement 0, type java.util.ArrayList<com.google.inject.Binding<java.lang.Object>> is not assignable to java.util.Collection<? extends com.google.inject.Binding<jakarta.servlet.http.HttpServlet>>
[Progress:============================> 96%] [Cov:====================>              59%][Progress:============================> 96%] [Cov:====================>              59%][Progress:============================> 96%] [Cov:====================>              59%][Progress:============================> 96%] [Cov:====================>              59%][Progress:============================> 96%] [Cov:====================>              59%][Progress:============================> 96%] [Cov:====================>              59%][Progress:============================> 96%] [Cov:====================>              59%][Progress:============================> 96%] [Cov:====================>              59%][Progress:============================> 96%] [Cov:====================>              59%][Progress:============================> 96%] [Cov:====================>              59%][Progress:============================> 96%] [Cov:====================>              59%][Progress:============================> 96%] [Cov:====================>              59%][Progress:============================> 96%] [Cov:====================>              59%][MASTER] 07:19:09.804 [logback-1] WARN  TestChromosome - Functional mock problem: org.evosuite.ga.ConstructionFailedException: Failed to add constructor for java.util.Vector due to org.evosuite.ga.ConstructionFailedException: Error: VariableReference: Statement 0, type java.util.PriorityQueue<com.google.inject.Binding<com.google.inject.servlet.ServletDefinition>> is not assignable to java.util.Collection<? extends com.google.inject.Binding<java.lang.Object>>
[Progress:============================> 96%] [Cov:====================>              59%][Progress:============================> 96%] [Cov:====================>              59%][MASTER] 07:19:09.955 [logback-1] WARN  TestChromosome - Functional mock problem: org.evosuite.ga.ConstructionFailedException: Failed to add constructor for java.util.ArrayList due to org.evosuite.ga.ConstructionFailedException: Error: VariableReference: Statement 1, type java.util.TreeSet<com.google.inject.Binding<com.google.inject.servlet.ServletDefinition>> is not assignable to java.util.Collection<? extends com.google.inject.Binding<jakarta.servlet.http.HttpServlet>>
[Progress:============================> 96%] [Cov:====================>              59%][Progress:============================> 96%] [Cov:====================>              59%][Progress:============================> 96%] [Cov:====================>              59%][Progress:=============================>98%] [Cov:====================>              59%][Progress:=============================>98%] [Cov:====================>              59%][Progress:=============================>98%] [Cov:====================>              59%][Progress:=============================>98%] [Cov:====================>              59%][Progress:=============================>98%] [Cov:====================>              59%][Progress:=============================>98%] [Cov:====================>              59%][Progress:=============================>98%] [Cov:====================>              59%][Progress:=============================>98%] [Cov:====================>              59%][Progress:=============================>98%] [Cov:====================>              59%][Progress:=============================>98%] [Cov:====================>              59%][Progress:=============================>98%] [Cov:====================>              59%][Progress:=============================>98%] [Cov:====================>              59%][Progress:=============================>98%] [Cov:====================>              59%][Progress:=============================>98%] [Cov:====================>              59%][MASTER] 07:19:10.999 [logback-1] WARN  TestChromosome - Functional mock problem: org.evosuite.ga.ConstructionFailedException: Failed to add constructor for java.util.LinkedList due to org.evosuite.ga.ConstructionFailedException: Error: VariableReference: Statement 0, type java.util.TreeSet<com.google.inject.Binding<java.lang.Object>> is not assignable to java.util.Collection<? extends com.google.inject.Binding<com.google.inject.Binding<java.lang.String>>>
[Progress:=============================>98%] [Cov:====================>              59%][Progress:=============================>98%] [Cov:====================>              59%][Progress:==============================100%] [Cov:====================>              59%][Progress:==============================100%] [Cov:====================>              59%][Progress:==============================100%] [Cov:====================>              59%][Progress:==============================100%] [Cov:====================>              59%][Progress:==============================100%] [Cov:====================>              59%][MASTER] 07:19:11.419 [logback-1] WARN  TestChromosome - Functional mock problem: org.evosuite.ga.ConstructionFailedException: Failed to add constructor for java.util.ArrayList due to org.evosuite.ga.ConstructionFailedException: Error: VariableReference: Statement 0, type java.util.PriorityQueue<com.google.inject.Binding<java.lang.String>> is not assignable to java.util.Collection<? extends com.google.inject.Binding<java.lang.Object>>
[Progress:==============================100%] [Cov:====================>              59%][MASTER] 07:19:11.465 [logback-1] WARN  TestChromosome - Functional mock problem: org.evosuite.ga.ConstructionFailedException: Failed to add constructor for java.util.Vector due to org.evosuite.ga.ConstructionFailedException: Error: VariableReference: Statement 0, type java.util.ArrayList<com.google.inject.Binding<java.lang.Object>> is not assignable to java.util.Collection<? extends com.google.inject.Binding<java.lang.String>>
[Progress:==============================100%] [Cov:====================>              59%][Progress:==============================100%] [Cov:====================>              59%][MASTER] 07:19:11.564 [logback-1] WARN  TestChromosome - Functional mock problem: org.evosuite.ga.ConstructionFailedException: Failed to add constructor for java.util.ArrayList due to org.evosuite.ga.ConstructionFailedException: Error: VariableReference: Statement 0, type java.util.LinkedList<com.google.inject.Binding<com.google.inject.servlet.ServletDefinition>> is not assignable to java.util.Collection<? extends com.google.inject.Binding<java.lang.String>>
[MASTER] 07:19:11.624 [logback-1] WARN  TestChromosome - Functional mock problem: org.evosuite.ga.ConstructionFailedException: Failed to add constructor for java.util.ArrayList due to org.evosuite.ga.ConstructionFailedException: Failed to add constructor for java.util.LinkedHashSet due to org.evosuite.ga.ConstructionFailedException: Error: VariableReference: Statement 0, type java.util.ArrayList<com.google.inject.Binding<java.lang.Object>> is not assignable to java.util.Collection<? extends com.google.inject.Binding<com.google.inject.servlet.ServletDefinition>>
[Progress:==============================100%] [Cov:====================>              59%][Progress:==============================100%] [Cov:====================>              59%][MASTER] 07:19:11.753 [logback-1] WARN  TestChromosome - Functional mock problem: org.evosuite.ga.ConstructionFailedException: Failed to add constructor for java.util.ArrayList due to org.evosuite.ga.ConstructionFailedException: Error: VariableReference: Statement 0, type java.util.ArrayList<com.google.inject.Binding<com.google.inject.servlet.ServletDefinition>> is not assignable to java.util.Collection<? extends com.google.inject.Binding<jakarta.servlet.http.HttpServlet>>
[Progress:==============================100%] [Cov:====================>              59%][Progress:==============================100%] [Cov:====================>              59%][Progress:==============================100%] [Cov:====================>              59%][Progress:==============================100%] [Cov:====================>              59%][Progress:==============================100%] [Cov:====================>              59%][Progress:==============================100%] [Cov:====================>              59%]
* Search finished after 61s and 650 generations, 303488 statements, best individual has fitness: 136.0
* Minimizing test suite
* Going to analyze the coverage criteria
* Coverage analysis for criterion LINE
* Coverage of criterion LINE: 71%
* Total number of goals: 59
* Number of covered goals: 42
* Coverage analysis for criterion BRANCH
* Coverage of criterion BRANCH: 65%
* Total number of goals: 37
* Number of covered goals: 24
* Coverage analysis for criterion EXCEPTION
* Coverage of criterion EXCEPTION: 100%
* Total number of goals: 7
* Number of covered goals: 7
* Coverage analysis for criterion WEAKMUTATION
* Coverage of criterion WEAKMUTATION: 65%
* Total number of goals: 124
* Number of covered goals: 81
* Coverage analysis for criterion OUTPUT
* Coverage of criterion OUTPUT: 11%
* Total number of goals: 38
* Number of covered goals: 4
* Coverage analysis for criterion METHOD
* Coverage of criterion METHOD: 78%
* Total number of goals: 9
* Number of covered goals: 7
* Coverage analysis for criterion METHODNOEXCEPTION
* Coverage of criterion METHODNOEXCEPTION: 78%
* Total number of goals: 9
* Number of covered goals: 7
* Coverage analysis for criterion CBRANCH
* Coverage of criterion CBRANCH: 62%
* Total number of goals: 37
* Number of covered goals: 23
* Generated 16 tests with total length 80
* Resulting test suite's coverage: 60% (average coverage for all fitness functions)
* Generating assertions
* Resulting test suite's mutation score: 42%
* Compiling and checking tests
* Writing tests to file
* Writing JUnit test case 'ManagedServletPipeline_ESTest' to evosuite-tests
* Done!

* Computation finished
