* EvoSuite 1.2.0
* Going to generate test cases for class: com.google.inject.servlet.ManagedFilterPipeline
* Starting Client-0
* Connecting to master process on port 21087
* Analyzing classpath: 
  - /home/wtwhite/code/craw-redhat-oss/wget/crawl/repo1.maven.org/maven2/com/google/inject/extensions/guice-servlet/7.0.0/guice-servlet-7.0.0.jar
  - t/dependency/aopalliance-1.0.jar
  - t/dependency/asm-9.5.jar
  - t/dependency/byte-buddy-1.12.4.jar
  - t/dependency/byte-buddy-agent-1.12.4.jar
  - t/dependency/checker-qual-3.12.0.jar
  - t/dependency/error_prone_annotations-2.18.0.jar
  - t/dependency/failureaccess-1.0.1.jar
  - t/dependency/guava-31.0.1-jre.jar
  - t/dependency/guava-testlib-31.0.1-jre.jar
  - t/dependency/guice-7.0.0.jar
  - t/dependency/guice-7.0.0-tests.jar
  - t/dependency/hamcrest-core-1.3.jar
  - t/dependency/j2objc-annotations-1.3.jar
  - t/dependency/jakarta.inject-api-2.0.1.jar
  - t/dependency/jakarta.servlet-api-5.0.0.jar
  - t/dependency/jsr305-3.0.1.jar
  - t/dependency/junit-4.13.2.jar
  - t/dependency/listenablefuture-9999.0-empty-to-avoid-conflict-with-guava.jar
  - t/dependency/mockito-core-4.2.0.jar
  - t/dependency/objenesis-3.2.jar
* Finished analyzing classpath
* Generating tests for class com.google.inject.servlet.ManagedFilterPipeline
* Test criteria:
  - Line Coverage
  - Branch Coverage
  - Exception
  - Mutation testing (weak)
  - Method-Output Coverage
  - Top-Level Method Coverage
  - No-Exception Top-Level Method Coverage
  - Context Branch Coverage
[Progress:>                             0%] [Cov:>                                  0%]* Total number of test goals for DYNAMOSA: 100
* Using seed 1729707417322
* Starting evolution
* Initial Number of Goals in DynaMOSA = 48 / 100
[Progress:>                             1%] [Cov:======================>            63%][MASTER] 07:17:02.554 [logback-1] WARN  TestCluster - Failed to check cache for com.google.inject.TypeLiteral<T> : Type points to itself
[Progress:>                             3%] [Cov:=====================>             60%][Progress:>                             3%] [Cov:====================>              58%][MASTER] 07:17:03.351 [logback-1] WARN  TestCluster - Failed to check cache for java.util.Comparator<T> : Type points to itself
[Progress:=>                            5%] [Cov:======================>            63%][Progress:=>                            5%] [Cov:=====================>             61%][Progress:=>                            5%] [Cov:=====================>             60%][MASTER] 07:17:04.204 [logback-1] WARN  TestChromosome - Functional mock problem: org.evosuite.ga.ConstructionFailedException: Failed to add constructor for java.util.ArrayList due to org.evosuite.ga.ConstructionFailedException: Error: VariableReference: Statement 1, type java.util.Collection<com.google.inject.Binding<com.google.inject.servlet.FilterDefinition>> is not assignable to java.util.Collection<? extends com.google.inject.Binding<java.lang.annotation.Annotation>>
[Progress:=>                            5%] [Cov:=====================>             60%][MASTER] 07:17:04.468 [logback-1] WARN  TestChromosome - Functional mock problem: org.evosuite.ga.ConstructionFailedException: Failed to add constructor for java.util.LinkedList due to org.evosuite.ga.ConstructionFailedException: Error: VariableReference: Statement 1, type java.util.ArrayDeque<com.google.inject.Binding<java.lang.annotation.Annotation>> is not assignable to java.util.Collection<? extends com.google.inject.Binding<java.lang.Object>>
[Progress:=>                            6%] [Cov:=====================>             61%][MASTER] 07:17:04.774 [logback-1] WARN  TestChromosome - Functional mock problem: org.evosuite.ga.ConstructionFailedException: Failed to add constructor for java.util.LinkedList due to org.evosuite.ga.ConstructionFailedException: Error: VariableReference: Statement 0, type java.util.ArrayDeque<com.google.inject.Binding<java.lang.Object>> is not assignable to java.util.Collection<? extends com.google.inject.Binding<com.google.inject.servlet.GuiceFilter>>
[Progress:=>                            6%] [Cov:======================>            63%][MASTER] 07:17:04.883 [logback-1] WARN  TestChromosome - Functional mock problem: org.evosuite.ga.ConstructionFailedException: Failed to add constructor for java.util.LinkedList due to org.evosuite.ga.ConstructionFailedException: Error: VariableReference: Statement 1, type java.util.ArrayList<com.google.inject.Binding<com.google.inject.servlet.FilterDefinition>> is not assignable to java.util.Collection<? extends com.google.inject.Binding<java.lang.Object>>
[Progress:=>                            6%] [Cov:======================>            63%][MASTER] 07:17:05.032 [logback-1] WARN  TestChromosome - Functional mock problem: org.evosuite.ga.ConstructionFailedException: Failed to add constructor for java.util.ArrayList due to org.evosuite.ga.ConstructionFailedException: Error: VariableReference: Statement 2, type java.util.LinkedHashSet<com.google.inject.Binding<java.lang.Object>> is not assignable to java.util.Collection<? extends com.google.inject.Binding<com.google.inject.servlet.FilterDefinition>>
[MASTER] 07:17:05.126 [logback-1] WARN  TestChromosome - Functional mock problem: org.evosuite.ga.ConstructionFailedException: Failed to add constructor for java.util.Vector due to org.evosuite.ga.ConstructionFailedException: Error: VariableReference: Statement 0, type java.util.PriorityQueue<com.google.inject.Binding<com.google.inject.servlet.FilterDefinition>> is not assignable to java.util.Collection<? extends com.google.inject.Binding<java.lang.Object>>
[Progress:=>                            6%] [Cov:======================>            63%][Progress:==>                           8%] [Cov:======================>            63%][Progress:==>                           8%] [Cov:======================>            63%][Progress:==>                           8%] [Cov:======================>            63%][MASTER] 07:17:05.994 [logback-1] WARN  TestChromosome - Functional mock problem: org.evosuite.ga.ConstructionFailedException: Failed to add constructor for java.util.Vector due to org.evosuite.ga.ConstructionFailedException: Error: VariableReference: Statement 0, type java.util.Vector<com.google.inject.Binding<com.google.inject.servlet.FilterDefinition>> is not assignable to java.util.Collection<? extends com.google.inject.Binding<java.lang.Object>>
[MASTER] 07:17:06.108 [logback-1] WARN  TestChromosome - Functional mock problem: org.evosuite.ga.ConstructionFailedException: Failed to add constructor for java.util.ArrayList due to org.evosuite.ga.ConstructionFailedException: Error: VariableReference: Statement 0, type java.util.Stack<com.google.inject.Binding<java.lang.Object>> is not assignable to java.util.Collection<? extends com.google.inject.Binding<com.google.inject.servlet.FilterDefinition>>
[Progress:==>                           8%] [Cov:======================>            63%][Progress:==>                           8%] [Cov:======================>            63%][Progress:===>                          10%] [Cov:======================>            63%][Progress:===>                          10%] [Cov:=====================>             62%][MASTER] 07:17:06.919 [logback-1] WARN  TestChromosome - Functional mock problem: org.evosuite.ga.ConstructionFailedException: Failed to add constructor for java.util.Vector due to org.evosuite.ga.ConstructionFailedException: Error: VariableReference: Statement 0, type java.util.Stack<com.google.inject.Binding<java.lang.Object>> is not assignable to java.util.Collection<? extends com.google.inject.Binding<com.google.inject.servlet.FilterDefinition>>
[Progress:===>                          10%] [Cov:======================>            63%][MASTER] 07:17:07.103 [logback-1] WARN  TestChromosome - Functional mock problem: org.evosuite.ga.ConstructionFailedException: Failed to add constructor for java.util.ArrayList due to org.evosuite.ga.ConstructionFailedException: Error: VariableReference: Statement 0, type java.util.Collection<com.google.inject.Binding<com.google.inject.servlet.FilterDefinition>> is not assignable to java.util.Collection<? extends com.google.inject.Binding<jakarta.servlet.Filter>>
[Progress:===>                          10%] [Cov:======================>            63%][Progress:===>                          10%] [Cov:======================>            63%][Progress:===>                          11%] [Cov:======================>            63%][Progress:===>                          11%] [Cov:======================>            63%][Progress:===>                          11%] [Cov:======================>            63%][Progress:===>                          11%] [Cov:=====================>             62%][MASTER] 07:17:08.120 [logback-1] WARN  TestChromosome - Functional mock problem: org.evosuite.ga.ConstructionFailedException: Failed to add constructor for java.util.Vector due to org.evosuite.ga.ConstructionFailedException: Error: VariableReference: Statement 2, type java.util.Stack<com.google.inject.Binding<java.lang.Object>> is not assignable to java.util.Collection<? extends com.google.inject.Binding<com.google.inject.Binding<java.lang.Object>>>
[MASTER] 07:17:08.154 [logback-1] WARN  TestChromosome - Functional mock problem: org.evosuite.ga.ConstructionFailedException: Failed to add constructor for java.util.ArrayList due to org.evosuite.ga.ConstructionFailedException: Error: VariableReference: Statement 0, type java.util.Collection<com.google.inject.Binding<java.lang.Object>> is not assignable to java.util.Collection<? extends com.google.inject.Binding<com.google.inject.servlet.FilterDefinition>>
[Progress:===>                          11%] [Cov:=====================>             62%][MASTER] 07:17:08.278 [logback-1] WARN  TestChromosome - Functional mock problem: org.evosuite.ga.ConstructionFailedException: Failed to add constructor for java.util.Vector due to org.evosuite.ga.ConstructionFailedException: Failed to add constructor for java.util.TreeSet due to org.evosuite.ga.ConstructionFailedException: Error: VariableReference: Statement 0, type java.util.ArrayList<com.google.inject.Binding<java.lang.annotation.Annotation>> is not assignable to java.util.Collection<? extends com.google.inject.Binding<java.lang.Object>>
[Progress:===>                          11%] [Cov:=====================>             62%][MASTER] 07:17:08.410 [logback-1] WARN  TestChromosome - Functional mock problem: org.evosuite.ga.ConstructionFailedException: Failed to add constructor for java.util.ArrayList due to org.evosuite.ga.ConstructionFailedException: Error: VariableReference: Statement 1, type java.util.HashSet<com.google.inject.Binding<java.lang.Object>> is not assignable to java.util.Collection<? extends com.google.inject.Binding<com.google.inject.servlet.FilterDefinition>>
[Progress:===>                          13%] [Cov:=====================>             62%][Progress:===>                          13%] [Cov:=====================>             62%][MASTER] 07:17:08.726 [logback-1] WARN  TestChromosome - Functional mock problem: org.evosuite.ga.ConstructionFailedException: Failed to add constructor for java.util.ArrayList due to org.evosuite.ga.ConstructionFailedException: Error: VariableReference: Statement 3, type java.util.LinkedHashSet<com.google.inject.Binding<java.lang.Object>> is not assignable to java.util.Collection<? extends com.google.inject.Binding<com.google.inject.servlet.FilterDefinition>>
[MASTER] 07:17:08.764 [logback-1] WARN  TestChromosome - Functional mock problem: org.evosuite.ga.ConstructionFailedException: Failed to add constructor for java.util.ArrayList due to org.evosuite.ga.ConstructionFailedException: Error: VariableReference: Statement 2, type java.util.Stack<com.google.inject.Binding<java.lang.Object>> is not assignable to java.util.Collection<? extends com.google.inject.Binding<java.lang.annotation.Annotation>>
[MASTER] 07:17:08.774 [logback-1] WARN  TestChromosome - Functional mock problem: org.evosuite.ga.ConstructionFailedException: Failed to add constructor for java.util.ArrayList due to org.evosuite.ga.ConstructionFailedException: Error: VariableReference: Statement 0, type java.util.HashSet<com.google.inject.Binding<com.google.inject.servlet.FilterDefinition>> is not assignable to java.util.Collection<? extends com.google.inject.Binding<java.lang.Object>>
[Progress:===>                          13%] [Cov:=====================>             62%][Progress:===>                          13%] [Cov:=====================>             62%][Progress:===>                          13%] [Cov:=====================>             62%][Progress:====>                         15%] [Cov:=====================>             62%][Progress:====>                         15%] [Cov:=====================>             62%][MASTER] 07:17:09.650 [logback-1] WARN  TestChromosome - Functional mock problem: org.evosuite.ga.ConstructionFailedException: Failed to add constructor for java.util.Vector due to org.evosuite.ga.ConstructionFailedException: Failed to add constructor for java.util.PriorityQueue due to org.evosuite.ga.ConstructionFailedException: Error: VariableReference: Statement 2, type java.util.ArrayList<com.google.inject.Binding<com.google.inject.servlet.FilterDefinition>> is not assignable to java.util.Collection<? extends com.google.inject.Binding<java.lang.Object>>
[Progress:====>                         15%] [Cov:=====================>             62%][MASTER] 07:17:09.761 [logback-1] WARN  TestChromosome - Functional mock problem: org.evosuite.ga.ConstructionFailedException: Failed to add constructor for java.util.Vector due to org.evosuite.ga.ConstructionFailedException: Error: VariableReference: Statement 1, type java.util.HashSet<com.google.inject.Binding<com.google.inject.servlet.FilterDefinition>> is not assignable to java.util.Collection<? extends com.google.inject.Binding<com.google.inject.servlet.GuiceFilter>>
[Progress:====>                         15%] [Cov:=====================>             62%][MASTER] 07:17:09.989 [logback-1] WARN  TestChromosome - Functional mock problem: org.evosuite.ga.ConstructionFailedException: Failed to add constructor for java.util.LinkedList due to org.evosuite.ga.ConstructionFailedException: Error: VariableReference: Statement 0, type java.util.Vector<com.google.inject.Binding<com.google.inject.servlet.FilterDefinition>> is not assignable to java.util.Collection<? extends com.google.inject.Binding<jakarta.servlet.Filter>>
[Progress:====>                         15%] [Cov:=====================>             62%][Progress:====>                         15%] [Cov:=====================>             62%][Progress:====>                         15%] [Cov:========================>          69%][MASTER] 07:17:10.499 [logback-1] WARN  TestChromosome - Functional mock problem: org.evosuite.ga.ConstructionFailedException: Failed to add constructor for jakarta.servlet.ServletRequestWrapper due to org.evosuite.ga.ConstructionFailedException: Have no generator for class jakarta.servlet.http.HttpServletRequestWrapper canUseFunctionalMocks=false, canBeMocked: true
[Progress:====>                         16%] [Cov:=========================>         74%][Progress:====>                         16%] [Cov:=========================>         74%][MASTER] 07:17:10.719 [logback-1] WARN  TestChromosome - Functional mock problem: org.evosuite.ga.ConstructionFailedException: Failed to add constructor for java.util.ArrayList due to org.evosuite.ga.ConstructionFailedException: Error: VariableReference: Statement 0, type java.util.Vector<com.google.inject.Binding<com.google.inject.servlet.FilterDefinition>> is not assignable to java.util.Collection<? extends com.google.inject.Binding<java.lang.Object>>
[Progress:====>                         16%] [Cov:=========================>         74%][Progress:====>                         16%] [Cov:=========================>         74%][Progress:====>                         16%] [Cov:=========================>         74%][MASTER] 07:17:11.018 [logback-1] WARN  TestChromosome - Functional mock problem: org.evosuite.ga.ConstructionFailedException: Failed to add constructor for jakarta.servlet.ServletRequestWrapper due to org.evosuite.ga.ConstructionFailedException: Max recursion depth reached
[MASTER] 07:17:11.025 [logback-1] WARN  TestChromosome - Functional mock problem: org.evosuite.ga.ConstructionFailedException: Failed to add constructor for java.util.ArrayList due to org.evosuite.ga.ConstructionFailedException: Error: VariableReference: Statement 0, type java.util.Vector<com.google.inject.Binding<java.lang.annotation.Annotation>> is not assignable to java.util.Collection<? extends com.google.inject.Binding<java.lang.Object>>
[MASTER] 07:17:11.062 [logback-1] WARN  TestChromosome - Functional mock problem: org.evosuite.ga.ConstructionFailedException: Have no generator for class jakarta.servlet.http.HttpServletRequestWrapper canUseFunctionalMocks=false, canBeMocked: true
[MASTER] 07:17:11.445 [logback-1] WARN  TestChromosome - Functional mock problem: org.evosuite.ga.ConstructionFailedException: Failed to add constructor for java.util.LinkedList due to org.evosuite.ga.ConstructionFailedException: Error: VariableReference: Statement 0, type java.util.LinkedList<com.google.inject.Binding<java.lang.Object>> is not assignable to java.util.Collection<? extends com.google.inject.Binding<java.lang.annotation.Annotation>>
[MASTER] 07:17:11.500 [logback-1] WARN  TestChromosome - Functional mock problem: org.evosuite.ga.ConstructionFailedException: Failed to add constructor for java.util.ArrayList due to org.evosuite.ga.ConstructionFailedException: Error: VariableReference: Statement 3, type java.util.List<com.google.inject.Binding<com.google.inject.servlet.FilterDefinition>> is not assignable to java.util.Collection<? extends com.google.inject.Binding<java.lang.Object>>
[Progress:=====>                        18%] [Cov:=========================>         74%][MASTER] 07:17:11.604 [logback-1] WARN  TestChromosome - Functional mock problem: org.evosuite.ga.ConstructionFailedException: Failed to add constructor for java.util.Vector due to org.evosuite.ga.ConstructionFailedException: Error: VariableReference: Statement 1, type java.util.Collection<com.google.inject.Binding<java.lang.annotation.Annotation>> is not assignable to java.util.Collection<? extends com.google.inject.Binding<java.lang.Object>>
[MASTER] 07:17:11.648 [logback-1] WARN  TestChromosome - Functional mock problem: org.evosuite.ga.ConstructionFailedException: Failed to add constructor for java.util.LinkedList due to org.evosuite.ga.ConstructionFailedException: Error: VariableReference: Statement 1, type java.util.LinkedHashSet<com.google.inject.Binding<java.lang.Object>> is not assignable to java.util.Collection<? extends com.google.inject.Binding<java.lang.annotation.Annotation>>
[Progress:=====>                        18%] [Cov:=========================>         74%][MASTER] 07:17:11.718 [logback-1] WARN  TestChromosome - Functional mock problem: org.evosuite.ga.ConstructionFailedException: Failed to add constructor for java.util.LinkedList due to org.evosuite.ga.ConstructionFailedException: Error: VariableReference: Statement 0, type java.util.ArrayList<com.google.inject.Binding<java.lang.Object>> is not assignable to java.util.Collection<? extends com.google.inject.Binding<java.lang.annotation.Annotation>>
[Progress:=====>                        18%] [Cov:=========================>         74%][MASTER] 07:17:12.011 [logback-1] WARN  TestChromosome - Functional mock problem: org.evosuite.ga.ConstructionFailedException: Failed to add constructor for java.util.Vector due to org.evosuite.ga.ConstructionFailedException: Error: VariableReference: Statement 1, type java.util.TreeSet<com.google.inject.Binding<java.lang.Object>> is not assignable to java.util.Collection<? extends com.google.inject.Binding<com.google.inject.Binding<jakarta.servlet.Filter>>>
[Progress:=====>                        18%] [Cov:=========================>         74%][MASTER] 07:17:12.053 [logback-1] WARN  TestChromosome - Functional mock problem: org.evosuite.ga.ConstructionFailedException: Failed to add constructor for jakarta.servlet.ServletRequestWrapper due to org.evosuite.ga.ConstructionFailedException: Failed to add constructor for jakarta.servlet.http.HttpServletRequestWrapper due to org.evosuite.ga.ConstructionFailedException: Max recursion depth reached
[MASTER] 07:17:12.194 [logback-1] WARN  TestChromosome - Functional mock problem: org.evosuite.ga.ConstructionFailedException: Failed to add constructor for java.util.ArrayList due to org.evosuite.ga.ConstructionFailedException: Error: VariableReference: Statement 1, type java.util.LinkedList<com.google.inject.Binding<java.lang.annotation.Annotation>> is not assignable to java.util.Collection<? extends com.google.inject.Binding<java.lang.Object>>
[Progress:=====>                        18%] [Cov:=========================>         74%][Progress:======>                       20%] [Cov:=========================>         74%][MASTER] 07:17:12.509 [logback-1] WARN  TestChromosome - Functional mock problem: org.evosuite.ga.ConstructionFailedException: Failed to add constructor for java.util.Vector due to org.evosuite.ga.ConstructionFailedException: Error: VariableReference: Statement 1, type java.util.LinkedList<com.google.inject.Binding<java.lang.Object>> is not assignable to java.util.Collection<? extends com.google.inject.Binding<com.google.inject.Binding<java.lang.Object>>>
[Progress:======>                       20%] [Cov:=========================>         74%][MASTER] 07:17:12.795 [logback-1] WARN  TestChromosome - Functional mock problem: org.evosuite.ga.ConstructionFailedException: Failed to add constructor for com.google.inject.servlet.FilterDefinition due to org.evosuite.ga.ConstructionFailedException: Have no generator for interface com.google.inject.servlet.UriPatternMatcher canUseFunctionalMocks=true, canBeMocked: false
[Progress:======>                       20%] [Cov:=========================>         74%][Progress:======>                       20%] [Cov:=========================>         74%][Progress:======>                       20%] [Cov:=========================>         74%][Progress:======>                       20%] [Cov:=========================>         74%][Progress:======>                       20%] [Cov:==========================>        77%][MASTER] 07:17:13.380 [logback-1] WARN  TestChromosome - Functional mock problem: org.evosuite.ga.ConstructionFailedException: Have no generator for class jakarta.servlet.ServletRequestWrapper canUseFunctionalMocks=false, canBeMocked: true
[Progress:======>                       21%] [Cov:==========================>        77%][MASTER] 07:17:13.589 [logback-1] WARN  TestChromosome - Functional mock problem: org.evosuite.ga.ConstructionFailedException: Failed to add constructor for java.util.ArrayList due to org.evosuite.ga.ConstructionFailedException: Error: VariableReference: Statement 1, type java.util.LinkedHashSet<com.google.inject.Binding<jakarta.servlet.Filter>> is not assignable to java.util.Collection<? extends com.google.inject.Binding<com.google.inject.Binding<java.lang.Object>>>
[Progress:======>                       21%] [Cov:==========================>        77%][Progress:======>                       21%] [Cov:==========================>        77%][Progress:======>                       21%] [Cov:==========================>        77%][MASTER] 07:17:14.286 [logback-1] WARN  TestChromosome - Functional mock problem: org.evosuite.ga.ConstructionFailedException: Failed to add constructor for java.util.ArrayList due to org.evosuite.ga.ConstructionFailedException: Error: VariableReference: Statement 0, type java.util.PriorityQueue<com.google.inject.Binding<com.google.inject.servlet.FilterDefinition>> is not assignable to java.util.Collection<? extends com.google.inject.Binding<java.lang.Object>>
[Progress:======>                       21%] [Cov:==========================>        77%][Progress:======>                       23%] [Cov:==========================>        77%][Progress:======>                       23%] [Cov:==========================>        77%][Progress:======>                       23%] [Cov:==========================>        77%][MASTER] 07:17:15.054 [logback-1] WARN  TestChromosome - Functional mock problem: org.evosuite.ga.ConstructionFailedException: Failed to add constructor for java.util.ArrayList due to org.evosuite.ga.ConstructionFailedException: Error: VariableReference: Statement 0, type java.util.Stack<com.google.inject.Binding<java.lang.annotation.Annotation>> is not assignable to java.util.Collection<? extends com.google.inject.Binding<java.lang.Object>>
[Progress:======>                       23%] [Cov:==========================>        77%][Progress:======>                       23%] [Cov:==========================>        77%][Progress:=======>                      25%] [Cov:==========================>        77%][MASTER] 07:17:15.613 [logback-1] WARN  TestChromosome - Functional mock problem: org.evosuite.ga.ConstructionFailedException: Failed to add constructor for java.util.Vector due to org.evosuite.ga.ConstructionFailedException: Error: VariableReference: Statement 1, type java.util.TreeSet<com.google.inject.Binding<java.lang.Object>> is not assignable to java.util.Collection<? extends com.google.inject.Binding<com.google.inject.servlet.FilterDefinition>>
[Progress:=======>                      25%] [Cov:==========================>        77%][Progress:=======>                      25%] [Cov:==========================>        77%][MASTER] 07:17:15.915 [logback-1] WARN  TestChromosome - Functional mock problem: org.evosuite.ga.ConstructionFailedException: Failed to add constructor for java.util.Vector due to org.evosuite.ga.ConstructionFailedException: Error: VariableReference: Statement 0, type java.util.Vector<com.google.inject.Binding<java.lang.Object>> is not assignable to java.util.Collection<? extends com.google.inject.Binding<com.google.inject.servlet.FilterDefinition>>
[MASTER] 07:17:15.944 [logback-1] WARN  TestChromosome - Functional mock problem: org.evosuite.ga.ConstructionFailedException: Failed to add constructor for java.util.LinkedList due to org.evosuite.ga.ConstructionFailedException: Error: VariableReference: Statement 0, type java.util.PriorityQueue<com.google.inject.Binding<jakarta.servlet.Filter>> is not assignable to java.util.Collection<? extends com.google.inject.Binding<java.lang.Object>>
[MASTER] 07:17:16.000 [logback-1] WARN  TestChromosome - Functional mock problem: org.evosuite.ga.ConstructionFailedException: Failed to add constructor for java.util.Vector due to org.evosuite.ga.ConstructionFailedException: Error: VariableReference: Statement 1, type java.util.Collection<com.google.inject.Binding<com.google.inject.servlet.FilterDefinition>> is not assignable to java.util.Collection<? extends com.google.inject.Binding<com.google.inject.Binding<java.lang.Object>>>
[Progress:=======>                      25%] [Cov:==========================>        77%][MASTER] 07:17:16.125 [logback-1] WARN  TestChromosome - Functional mock problem: org.evosuite.ga.ConstructionFailedException: Failed to add constructor for java.util.Vector due to org.evosuite.ga.ConstructionFailedException: Error: VariableReference: Statement 0, type java.util.Collection<com.google.inject.Binding<java.lang.Object>> is not assignable to java.util.Collection<? extends com.google.inject.Binding<com.google.inject.servlet.FilterDefinition>>
[MASTER] 07:17:16.199 [logback-1] WARN  TestChromosome - Functional mock problem: org.evosuite.ga.ConstructionFailedException: Failed to add constructor for java.util.LinkedList due to org.evosuite.ga.ConstructionFailedException: Error: VariableReference: Statement 1, type java.util.PriorityQueue<com.google.inject.Binding<java.lang.annotation.Annotation>> is not assignable to java.util.Collection<? extends com.google.inject.Binding<java.lang.Object>>
[Progress:=======>                      25%] [Cov:==========================>        77%][Progress:=======>                      26%] [Cov:==========================>        77%][MASTER] 07:17:16.467 [logback-1] WARN  TestChromosome - Functional mock problem: org.evosuite.ga.ConstructionFailedException: Failed to add constructor for java.util.Vector due to org.evosuite.ga.ConstructionFailedException: Error: VariableReference: Statement 1, type java.util.PriorityQueue<com.google.inject.Binding<com.google.inject.servlet.FilterDefinition>> is not assignable to java.util.Collection<? extends com.google.inject.Binding<java.lang.annotation.Annotation>>
[Progress:=======>                      26%] [Cov:==========================>        77%][Progress:=======>                      26%] [Cov:==========================>        77%][Progress:=======>                      26%] [Cov:===========================>       78%][Progress:=======>                      26%] [Cov:===========================>       78%][Progress:=======>                      26%] [Cov:===========================>       78%][MASTER] 07:17:17.052 [logback-1] WARN  TestChromosome - Functional mock problem: org.evosuite.ga.ConstructionFailedException: Failed to add constructor for java.util.ArrayList due to org.evosuite.ga.ConstructionFailedException: Error: VariableReference: Statement 2, type java.util.Stack<com.google.inject.Binding<java.lang.Object>> is not assignable to java.util.Collection<? extends com.google.inject.Binding<com.google.inject.Binding<java.lang.Object>>>
[Progress:=======>                      26%] [Cov:===========================>       78%][Progress:=======>                      26%] [Cov:==========================>        77%][Progress:=======>                      26%] [Cov:==========================>        77%][MASTER] 07:17:17.329 [logback-1] WARN  TestChromosome - Functional mock problem: org.evosuite.ga.ConstructionFailedException: Failed to add constructor for java.util.Vector due to org.evosuite.ga.ConstructionFailedException: Error: VariableReference: Statement 0, type java.util.HashSet<com.google.inject.Binding<java.lang.Object>> is not assignable to java.util.Collection<? extends com.google.inject.Binding<java.lang.annotation.Annotation>>
[Progress:========>                     28%] [Cov:==========================>        77%][Progress:========>                     28%] [Cov:==========================>        77%][Progress:========>                     28%] [Cov:==========================>        77%][MASTER] 07:17:17.645 [logback-1] WARN  TestChromosome - Functional mock problem: org.evosuite.ga.ConstructionFailedException: Failed to add constructor for java.util.Vector due to org.evosuite.ga.ConstructionFailedException: Error: VariableReference: Statement 0, type java.util.ArrayList<com.google.inject.Binding<java.lang.Object>> is not assignable to java.util.Collection<? extends com.google.inject.Binding<com.google.inject.servlet.FilterDefinition>>
[Progress:========>                     28%] [Cov:==========================>        77%][Progress:========>                     28%] [Cov:==========================>        77%][Progress:========>                     28%] [Cov:==========================>        77%][Progress:========>                     28%] [Cov:==========================>        77%][Progress:========>                     28%] [Cov:==========================>        77%][Progress:=========>                    30%] [Cov:==========================>        77%][Progress:=========>                    30%] [Cov:==========================>        77%][MASTER] 07:17:18.598 [logback-1] WARN  TestChromosome - Functional mock problem: org.evosuite.ga.ConstructionFailedException: Failed to add constructor for java.util.ArrayList due to org.evosuite.ga.ConstructionFailedException: Error: VariableReference: Statement 0, type java.util.TreeSet<com.google.inject.Binding<com.google.inject.servlet.FilterDefinition>> is not assignable to java.util.Collection<? extends com.google.inject.Binding<com.google.inject.servlet.GuiceFilter>>
[Progress:=========>                    30%] [Cov:==========================>        77%][Progress:=========>                    30%] [Cov:==========================>        77%][Progress:=========>                    30%] [Cov:==========================>        77%][MASTER] 07:17:18.964 [logback-1] WARN  TestChromosome - Functional mock problem: org.evosuite.ga.ConstructionFailedException: Failed to add constructor for java.util.LinkedList due to org.evosuite.ga.ConstructionFailedException: Error: VariableReference: Statement 0, type java.util.Collection<com.google.inject.Binding<java.lang.annotation.Annotation>> is not assignable to java.util.Collection<? extends com.google.inject.Binding<com.google.inject.servlet.FilterDefinition>>
[Progress:=========>                    30%] [Cov:==========================>        77%][Progress:=========>                    30%] [Cov:==========================>        77%][Progress:=========>                    30%] [Cov:==========================>        77%][Progress:=========>                    31%] [Cov:==========================>        77%][Progress:=========>                    31%] [Cov:==========================>        77%][Progress:=========>                    31%] [Cov:==========================>        77%][Progress:=========>                    31%] [Cov:==========================>        77%][MASTER] 07:17:19.816 [logback-1] WARN  TestChromosome - Functional mock problem: org.evosuite.ga.ConstructionFailedException: Failed to add constructor for java.util.Vector due to org.evosuite.ga.ConstructionFailedException: Error: VariableReference: Statement 0, type java.util.Vector<com.google.inject.Binding<com.google.inject.servlet.FilterDefinition>> is not assignable to java.util.Collection<? extends com.google.inject.Binding<com.google.inject.Binding<java.lang.annotation.Annotation>>>
[MASTER] 07:17:19.871 [logback-1] WARN  TestChromosome - Functional mock problem: org.evosuite.ga.ConstructionFailedException: Failed to add constructor for java.util.ArrayList due to org.evosuite.ga.ConstructionFailedException: Error: VariableReference: Statement 1, type java.util.TreeSet<com.google.inject.Binding<com.google.inject.servlet.FilterDefinition>> is not assignable to java.util.Collection<? extends com.google.inject.Binding<java.lang.annotation.Annotation>>
[Progress:=========>                    31%] [Cov:==========================>        77%][Progress:=========>                    31%] [Cov:==========================>        77%][MASTER] 07:17:19.970 [logback-1] WARN  TestChromosome - Functional mock problem: org.evosuite.ga.ConstructionFailedException: Failed to add constructor for java.util.ArrayList due to org.evosuite.ga.ConstructionFailedException: Error: VariableReference: Statement 0, type java.util.HashSet<com.google.inject.Binding<java.lang.Object>> is not assignable to java.util.Collection<? extends com.google.inject.Binding<com.google.inject.servlet.FilterDefinition>>
[Progress:=========>                    31%] [Cov:==========================>        77%][Progress:=========>                    31%] [Cov:==========================>        77%][Progress:=========>                    31%] [Cov:===========================>       78%][Progress:=========>                    31%] [Cov:===========================>       78%][Progress:=========>                    31%] [Cov:===========================>       78%][Progress:=========>                    31%] [Cov:==========================>        77%][Progress:=========>                    33%] [Cov:==========================>        77%][Progress:=========>                    33%] [Cov:==========================>        77%][Progress:=========>                    33%] [Cov:==========================>        77%][Progress:=========>                    33%] [Cov:==========================>        77%][Progress:=========>                    33%] [Cov:==========================>        77%][Progress:=========>                    33%] [Cov:==========================>        77%][MASTER] 07:17:20.901 [logback-1] WARN  TestChromosome - Functional mock problem: org.evosuite.ga.ConstructionFailedException: Failed to add constructor for java.util.LinkedList due to org.evosuite.ga.ConstructionFailedException: Failed to add constructor for java.util.TreeSet due to org.evosuite.ga.ConstructionFailedException: Error: VariableReference: Statement 2, type java.util.ArrayList<com.google.inject.Binding<java.lang.annotation.Annotation>> is not assignable to java.util.Collection<? extends com.google.inject.Binding<java.lang.Object>>
[Progress:=========>                    33%] [Cov:==========================>        77%][Progress:=========>                    33%] [Cov:==========================>        77%][MASTER] 07:17:21.175 [logback-1] WARN  TestChromosome - Functional mock problem: org.evosuite.ga.ConstructionFailedException: Failed to add constructor for jakarta.servlet.http.HttpServletRequestWrapper due to org.evosuite.ga.ConstructionFailedException: Max recursion depth reached
[Progress:=========>                    33%] [Cov:==========================>        77%][Progress:==========>                   35%] [Cov:==========================>        77%][MASTER] 07:17:21.511 [logback-1] WARN  TestChromosome - Functional mock problem: org.evosuite.ga.ConstructionFailedException: Failed to add constructor for java.util.ArrayList due to org.evosuite.ga.ConstructionFailedException: Error: VariableReference: Statement 0, type java.util.LinkedHashSet<com.google.inject.Binding<java.lang.Object>> is not assignable to java.util.Collection<? extends com.google.inject.Binding<com.google.inject.servlet.FilterDefinition>>
[Progress:==========>                   35%] [Cov:==========================>        77%][Progress:==========>                   35%] [Cov:==========================>        77%][Progress:==========>                   35%] [Cov:==========================>        77%][Progress:==========>                   35%] [Cov:==========================>        77%][Progress:==========>                   35%] [Cov:==========================>        77%][MASTER] 07:17:22.146 [logback-1] WARN  TestChromosome - Functional mock problem: org.evosuite.ga.ConstructionFailedException: Failed to add constructor for java.util.Vector due to org.evosuite.ga.ConstructionFailedException: Error: VariableReference: Statement 0, type java.util.LinkedList<com.google.inject.Binding<com.google.inject.servlet.FilterDefinition>> is not assignable to java.util.Collection<? extends com.google.inject.Binding<java.lang.Object>>
[Progress:==========>                   35%] [Cov:===========================>       78%][Progress:==========>                   35%] [Cov:===========================>       78%][Progress:==========>                   36%] [Cov:===========================>       78%][Progress:==========>                   36%] [Cov:==========================>        77%][Progress:==========>                   36%] [Cov:==========================>        77%][Progress:==========>                   36%] [Cov:==========================>        77%][MASTER] 07:17:22.703 [logback-1] WARN  TestChromosome - Functional mock problem: org.evosuite.ga.ConstructionFailedException: Failed to add constructor for java.util.Vector due to org.evosuite.ga.ConstructionFailedException: Error: VariableReference: Statement 0, type java.util.Stack<com.google.inject.Binding<com.google.inject.servlet.FilterDefinition>> is not assignable to java.util.Collection<? extends com.google.inject.Binding<java.lang.Object>>
[Progress:==========>                   36%] [Cov:==========================>        77%][Progress:==========>                   36%] [Cov:==========================>        77%][MASTER] 07:17:22.989 [logback-1] WARN  TestChromosome - Functional mock problem: org.evosuite.ga.ConstructionFailedException: Failed to add constructor for java.util.Vector due to org.evosuite.ga.ConstructionFailedException: Error: VariableReference: Statement 0, type java.util.TreeSet<com.google.inject.Binding<java.lang.annotation.Annotation>> is not assignable to java.util.Collection<? extends com.google.inject.Binding<java.lang.Object>>
[Progress:==========>                   36%] [Cov:==========================>        77%][MASTER] 07:17:23.081 [logback-1] WARN  TestChromosome - Functional mock problem: org.evosuite.ga.ConstructionFailedException: Failed to add constructor for java.util.LinkedList due to org.evosuite.ga.ConstructionFailedException: Error: VariableReference: Statement 2, type java.util.HashSet<com.google.inject.Binding<java.lang.Object>> is not assignable to java.util.Collection<? extends com.google.inject.Binding<com.google.inject.servlet.FilterDefinition>>
[MASTER] 07:17:23.109 [logback-1] WARN  TestChromosome - Functional mock problem: org.evosuite.ga.ConstructionFailedException: Failed to add constructor for java.util.ArrayList due to org.evosuite.ga.ConstructionFailedException: Error: VariableReference: Statement 3, type java.util.ArrayList<com.google.inject.Binding<com.google.inject.servlet.FilterDefinition>> is not assignable to java.util.Collection<? extends com.google.inject.Binding<java.lang.Object>>
[Progress:==========>                   36%] [Cov:==========================>        77%][MASTER] 07:17:23.185 [logback-1] WARN  TestChromosome - Functional mock problem: org.evosuite.ga.ConstructionFailedException: Failed to add constructor for java.util.LinkedList due to org.evosuite.ga.ConstructionFailedException: Error: VariableReference: Statement 0, type java.util.Vector<com.google.inject.Binding<com.google.inject.servlet.FilterDefinition>> is not assignable to java.util.Collection<? extends com.google.inject.Binding<java.lang.Object>>
[Progress:==========>                   36%] [Cov:==========================>        77%][Progress:==========>                   36%] [Cov:==========================>        77%][MASTER] 07:17:23.381 [logback-1] WARN  TestChromosome - Functional mock problem: org.evosuite.ga.ConstructionFailedException: Failed to add constructor for java.util.LinkedList due to org.evosuite.ga.ConstructionFailedException: Error: VariableReference: Statement 0, type java.util.ArrayDeque<com.google.inject.Binding<com.google.inject.servlet.FilterDefinition>> is not assignable to java.util.Collection<? extends com.google.inject.Binding<com.google.inject.Binding<com.google.inject.servlet.FilterDefinition>>>
[Progress:===========>                  38%] [Cov:==========================>        77%][MASTER] 07:17:23.472 [logback-1] WARN  TestChromosome - Functional mock problem: org.evosuite.ga.ConstructionFailedException: Failed to add constructor for java.util.LinkedList due to org.evosuite.ga.ConstructionFailedException: Error: VariableReference: Statement 2, type java.util.LinkedHashSet<com.google.inject.Binding<com.google.inject.servlet.FilterDefinition>> is not assignable to java.util.Collection<? extends com.google.inject.Binding<com.google.inject.servlet.GuiceFilter>>
[Progress:===========>                  38%] [Cov:==========================>        77%][MASTER] 07:17:23.497 [logback-1] WARN  TestChromosome - Functional mock problem: org.evosuite.ga.ConstructionFailedException: Failed to add constructor for java.util.LinkedList due to org.evosuite.ga.ConstructionFailedException: Error: VariableReference: Statement 1, type java.util.PriorityQueue<com.google.inject.Binding<java.lang.Object>> is not assignable to java.util.Collection<? extends com.google.inject.Binding<java.lang.annotation.Annotation>>
[Progress:===========>                  38%] [Cov:==========================>        77%][Progress:===========>                  38%] [Cov:==========================>        77%][Progress:===========>                  38%] [Cov:==========================>        77%][Progress:===========>                  38%] [Cov:==========================>        77%][MASTER] 07:17:23.820 [logback-1] WARN  TestChromosome - Functional mock problem: org.evosuite.ga.ConstructionFailedException: Failed to add constructor for java.util.LinkedList due to org.evosuite.ga.ConstructionFailedException: Error: VariableReference: Statement 1, type java.util.HashSet<com.google.inject.Binding<java.lang.Object>> is not assignable to java.util.Collection<? extends com.google.inject.Binding<com.google.inject.servlet.FilterDefinition>>
[MASTER] 07:17:23.827 [logback-1] WARN  TestChromosome - Functional mock problem: org.evosuite.ga.ConstructionFailedException: Failed to add constructor for java.util.ArrayList due to org.evosuite.ga.ConstructionFailedException: Error: VariableReference: Statement 11, type java.util.TreeSet<com.google.inject.Binding<java.lang.Object>> is not assignable to java.util.Collection<? extends com.google.inject.Binding<com.google.inject.servlet.FilterDefinition>>
[Progress:===========>                  38%] [Cov:==========================>        77%][Progress:===========>                  38%] [Cov:==========================>        77%][MASTER] 07:17:23.942 [logback-1] WARN  TestChromosome - Functional mock problem: org.evosuite.ga.ConstructionFailedException: Failed to add constructor for java.util.LinkedList due to org.evosuite.ga.ConstructionFailedException: Error: VariableReference: Statement 1, type java.util.LinkedHashSet<com.google.inject.Binding<com.google.inject.servlet.FilterDefinition>> is not assignable to java.util.Collection<? extends com.google.inject.Binding<java.lang.annotation.Annotation>>
[Progress:===========>                  38%] [Cov:==========================>        77%][MASTER] 07:17:24.108 [logback-1] WARN  TestChromosome - Functional mock problem: org.evosuite.ga.ConstructionFailedException: Failed to add constructor for java.util.Vector due to org.evosuite.ga.ConstructionFailedException: Error: VariableReference: Statement 1, type java.util.LinkedList<com.google.inject.Binding<java.lang.Object>> is not assignable to java.util.Collection<? extends com.google.inject.Binding<com.google.inject.servlet.FilterDefinition>>
[Progress:===========>                  38%] [Cov:==========================>        77%][Progress:===========>                  38%] [Cov:==========================>        77%][Progress:===========>                  38%] [Cov:==========================>        77%][Progress:===========>                  38%] [Cov:==========================>        77%][Progress:============>                 40%] [Cov:==========================>        77%][Progress:============>                 40%] [Cov:==========================>        77%][MASTER] 07:17:24.512 [logback-1] WARN  TestChromosome - Functional mock problem: org.evosuite.ga.ConstructionFailedException: Failed to add constructor for java.util.LinkedList due to org.evosuite.ga.ConstructionFailedException: Error: VariableReference: Statement 1, type java.util.PriorityQueue<com.google.inject.Binding<java.lang.Object>> is not assignable to java.util.Collection<? extends com.google.inject.Binding<com.google.inject.servlet.FilterDefinition>>
[Progress:============>                 40%] [Cov:==========================>        77%][MASTER] 07:17:24.559 [logback-1] WARN  TestChromosome - Functional mock problem: org.evosuite.ga.ConstructionFailedException: Failed to add constructor for java.util.Vector due to org.evosuite.ga.ConstructionFailedException: Error: VariableReference: Statement 2, type java.util.PriorityQueue<com.google.inject.Binding<com.google.inject.servlet.FilterDefinition>> is not assignable to java.util.Collection<? extends com.google.inject.Binding<jakarta.servlet.Filter>>
[Progress:============>                 40%] [Cov:==========================>        77%][MASTER] 07:17:24.932 [logback-1] WARN  TestChromosome - Functional mock problem: org.evosuite.ga.ConstructionFailedException: Failed to add constructor for java.util.ArrayList due to org.evosuite.ga.ConstructionFailedException: Error: VariableReference: Statement 6, type java.util.ArrayDeque<com.google.inject.Binding<java.lang.Object>> is not assignable to java.util.Collection<? extends com.google.inject.Binding<com.google.inject.Binding<java.lang.annotation.Annotation>>>
[MASTER] 07:17:24.971 [logback-1] WARN  TestChromosome - Functional mock problem: org.evosuite.ga.ConstructionFailedException: Failed to add constructor for java.util.Vector due to org.evosuite.ga.ConstructionFailedException: Error: VariableReference: Statement 0, type java.util.ArrayList<com.google.inject.Binding<com.google.inject.servlet.FilterDefinition>> is not assignable to java.util.Collection<? extends com.google.inject.Binding<java.lang.Object>>
[MASTER] 07:17:24.973 [logback-1] WARN  TestChromosome - Functional mock problem: org.evosuite.ga.ConstructionFailedException: Failed to add constructor for java.util.LinkedList due to org.evosuite.ga.ConstructionFailedException: Error: VariableReference: Statement 1, type java.util.Collection<com.google.inject.Binding<com.google.inject.servlet.FilterDefinition>> is not assignable to java.util.Collection<? extends com.google.inject.Binding<java.lang.Object>>
[Progress:============>                 40%] [Cov:==========================>        77%][MASTER] 07:17:25.022 [logback-1] WARN  TestChromosome - Functional mock problem: org.evosuite.ga.ConstructionFailedException: Failed to add constructor for java.util.LinkedList due to org.evosuite.ga.ConstructionFailedException: Error: VariableReference: Statement 1, type java.util.HashSet<com.google.inject.Binding<java.lang.Object>> is not assignable to java.util.Collection<? extends com.google.inject.Binding<com.google.inject.Binding<com.google.inject.servlet.FilterDefinition>>>
[Progress:============>                 40%] [Cov:==========================>        77%][Progress:============>                 40%] [Cov:==========================>        77%][Progress:============>                 40%] [Cov:==========================>        77%][MASTER] 07:17:25.220 [logback-1] WARN  TestChromosome - Functional mock problem: org.evosuite.ga.ConstructionFailedException: Failed to add constructor for java.util.LinkedList due to org.evosuite.ga.ConstructionFailedException: Error: VariableReference: Statement 6, type java.util.LinkedHashSet<com.google.inject.Binding<java.lang.annotation.Annotation>> is not assignable to java.util.Collection<? extends com.google.inject.Binding<java.lang.Object>>
[MASTER] 07:17:25.269 [logback-1] WARN  TestChromosome - Functional mock problem: org.evosuite.ga.ConstructionFailedException: Failed to add constructor for java.util.ArrayList due to org.evosuite.ga.ConstructionFailedException: Error: VariableReference: Statement 1, type java.util.Vector<com.google.inject.Binding<java.lang.annotation.Annotation>> is not assignable to java.util.Collection<? extends com.google.inject.Binding<java.lang.Object>>
[Progress:============>                 40%] [Cov:==========================>        77%][Progress:============>                 40%] [Cov:==========================>        77%][Progress:============>                 41%] [Cov:==========================>        77%][MASTER] 07:17:25.473 [logback-1] WARN  TestChromosome - Functional mock problem: org.evosuite.ga.ConstructionFailedException: Failed to add constructor for java.util.ArrayList due to org.evosuite.ga.ConstructionFailedException: Error: VariableReference: Statement 0, type java.util.ArrayDeque<com.google.inject.Binding<java.lang.Object>> is not assignable to java.util.Collection<? extends com.google.inject.Binding<com.google.inject.servlet.FilterDefinition>>
[Progress:============>                 41%] [Cov:==========================>        77%][MASTER] 07:17:25.515 [logback-1] WARN  TestChromosome - Functional mock problem: org.evosuite.ga.ConstructionFailedException: Failed to add constructor for java.util.LinkedList due to org.evosuite.ga.ConstructionFailedException: Error: VariableReference: Statement 5, type java.util.HashSet<com.google.inject.Binding<com.google.inject.servlet.FilterDefinition>> is not assignable to java.util.Collection<? extends com.google.inject.Binding<java.lang.Object>>
[Progress:============>                 41%] [Cov:==========================>        77%][Progress:============>                 41%] [Cov:==========================>        77%][MASTER] 07:17:25.704 [logback-1] WARN  TestChromosome - Functional mock problem: org.evosuite.ga.ConstructionFailedException: Failed to add constructor for java.util.LinkedList due to org.evosuite.ga.ConstructionFailedException: Error: VariableReference: Statement 1, type java.util.LinkedList<com.google.inject.Binding<com.google.inject.servlet.GuiceFilter>> is not assignable to java.util.Collection<? extends com.google.inject.Binding<com.google.inject.servlet.FilterDefinition>>
[Progress:============>                 41%] [Cov:==========================>        77%][MASTER] 07:17:25.757 [logback-1] WARN  TestChromosome - Functional mock problem: org.evosuite.ga.ConstructionFailedException: Failed to add constructor for java.util.LinkedList due to org.evosuite.ga.ConstructionFailedException: Error: VariableReference: Statement 3, type java.util.Vector<com.google.inject.Binding<java.lang.Object>> is not assignable to java.util.Collection<? extends com.google.inject.Binding<java.lang.annotation.Annotation>>
[Progress:============>                 41%] [Cov:==========================>        77%][Progress:============>                 41%] [Cov:==========================>        77%][Progress:============>                 41%] [Cov:==========================>        77%][MASTER] 07:17:25.973 [logback-1] WARN  TestChromosome - Functional mock problem: org.evosuite.ga.ConstructionFailedException: Failed to add constructor for java.util.ArrayList due to org.evosuite.ga.ConstructionFailedException: Error: VariableReference: Statement 1, type java.util.ArrayList<com.google.inject.Binding<java.lang.Object>> is not assignable to java.util.Collection<? extends com.google.inject.Binding<jakarta.servlet.Filter>>
[Progress:============>                 41%] [Cov:==========================>        77%][Progress:============>                 41%] [Cov:==========================>        77%][Progress:============>                 41%] [Cov:==========================>        77%][Progress:============>                 41%] [Cov:==========================>        77%][MASTER] 07:17:26.290 [logback-1] WARN  TestChromosome - Functional mock problem: org.evosuite.ga.ConstructionFailedException: Failed to add constructor for java.util.LinkedList due to org.evosuite.ga.ConstructionFailedException: Error: VariableReference: Statement 0, type java.util.Stack<com.google.inject.Binding<java.lang.Object>> is not assignable to java.util.Collection<? extends com.google.inject.Binding<com.google.inject.Binding<java.lang.Object>>>
[Progress:============>                 41%] [Cov:==========================>        77%][MASTER] 07:17:26.344 [logback-1] WARN  TestChromosome - Functional mock problem: org.evosuite.ga.ConstructionFailedException: Failed to add constructor for java.util.LinkedList due to org.evosuite.ga.ConstructionFailedException: Error: VariableReference: Statement 5, type java.util.ArrayDeque<com.google.inject.Binding<java.lang.Object>> is not assignable to java.util.Collection<? extends com.google.inject.Binding<java.lang.annotation.Annotation>>
[Progress:============>                 43%] [Cov:==========================>        77%][Progress:============>                 43%] [Cov:==========================>        77%][MASTER] 07:17:26.476 [logback-1] WARN  TestChromosome - Functional mock problem: org.evosuite.ga.ConstructionFailedException: Failed to add constructor for java.util.ArrayList due to org.evosuite.ga.ConstructionFailedException: Error: VariableReference: Statement 1, type java.util.ArrayDeque<com.google.inject.Binding<java.lang.Object>> is not assignable to java.util.Collection<? extends com.google.inject.Binding<com.google.inject.servlet.FilterDefinition>>
[Progress:============>                 43%] [Cov:==========================>        77%][Progress:============>                 43%] [Cov:==========================>        77%][Progress:============>                 43%] [Cov:==========================>        77%][Progress:============>                 43%] [Cov:==========================>        77%][Progress:============>                 43%] [Cov:==========================>        77%][Progress:============>                 43%] [Cov:==========================>        77%][Progress:============>                 43%] [Cov:==========================>        77%][Progress:============>                 43%] [Cov:==========================>        77%][MASTER] 07:17:27.007 [logback-1] WARN  TestChromosome - Functional mock problem: org.evosuite.ga.ConstructionFailedException: Failed to add constructor for java.util.ArrayList due to org.evosuite.ga.ConstructionFailedException: Error: VariableReference: Statement 1, type java.util.Collection<com.google.inject.Binding<java.lang.Object>> is not assignable to java.util.Collection<? extends com.google.inject.Binding<com.google.inject.servlet.FilterDefinition>>
[MASTER] 07:17:27.018 [logback-1] WARN  TestChromosome - Functional mock problem: org.evosuite.ga.ConstructionFailedException: Failed to add constructor for java.util.ArrayList due to org.evosuite.ga.ConstructionFailedException: Error: VariableReference: Statement 1, type java.util.Vector<com.google.inject.Binding<com.google.inject.servlet.FilterDefinition>> is not assignable to java.util.Collection<? extends com.google.inject.Binding<java.lang.Object>>
[Progress:============>                 43%] [Cov:==========================>        77%][Progress:============>                 43%] [Cov:==========================>        77%][MASTER] 07:17:27.181 [logback-1] WARN  TestChromosome - Functional mock problem: org.evosuite.ga.ConstructionFailedException: Failed to add constructor for java.util.LinkedList due to org.evosuite.ga.ConstructionFailedException: Error: VariableReference: Statement 1, type java.util.Vector<com.google.inject.Binding<java.lang.Object>> is not assignable to java.util.Collection<? extends com.google.inject.Binding<java.lang.annotation.Annotation>>
[Progress:============>                 43%] [Cov:==========================>        77%][MASTER] 07:17:27.297 [logback-1] WARN  TestChromosome - Functional mock problem: org.evosuite.ga.ConstructionFailedException: Failed to add constructor for java.util.ArrayList due to org.evosuite.ga.ConstructionFailedException: Error: VariableReference: Statement 1, type java.util.HashSet<com.google.inject.Binding<java.lang.Object>> is not assignable to java.util.Collection<? extends com.google.inject.Binding<com.google.inject.Binding<com.google.inject.servlet.FilterDefinition>>>
[Progress:============>                 43%] [Cov:==========================>        77%][Progress:=============>                45%] [Cov:==========================>        77%][Progress:=============>                45%] [Cov:==========================>        77%][Progress:=============>                45%] [Cov:==========================>        77%][MASTER] 07:17:27.579 [logback-1] WARN  TestChromosome - Functional mock problem: org.evosuite.ga.ConstructionFailedException: Failed to add constructor for java.util.ArrayList due to org.evosuite.ga.ConstructionFailedException: Error: VariableReference: Statement 0, type java.util.LinkedList<com.google.inject.Binding<com.google.inject.servlet.FilterDefinition>> is not assignable to java.util.Collection<? extends com.google.inject.Binding<java.lang.Object>>
[Progress:=============>                45%] [Cov:==========================>        77%][Progress:=============>                45%] [Cov:==========================>        77%][MASTER] 07:17:27.703 [logback-1] WARN  TestChromosome - Functional mock problem: org.evosuite.ga.ConstructionFailedException: Failed to add constructor for java.util.LinkedList due to org.evosuite.ga.ConstructionFailedException: Error: VariableReference: Statement 1, type java.util.Collection<com.google.inject.Binding<com.google.inject.servlet.FilterDefinition>> is not assignable to java.util.Collection<? extends com.google.inject.Binding<java.lang.annotation.Annotation>>
[Progress:=============>                46%] [Cov:==========================>        77%][MASTER] 07:17:28.688 [logback-1] WARN  TestChromosome - Functional mock problem: org.evosuite.ga.ConstructionFailedException: Failed to add constructor for java.util.LinkedList due to org.evosuite.ga.ConstructionFailedException: Error: VariableReference: Statement 1, type java.util.TreeSet<com.google.inject.Binding<com.google.inject.servlet.FilterDefinition>> is not assignable to java.util.Collection<? extends com.google.inject.Binding<java.lang.Object>>
[MASTER] 07:17:28.723 [logback-1] WARN  TestChromosome - Functional mock problem: org.evosuite.ga.ConstructionFailedException: Failed to add constructor for java.util.Vector due to org.evosuite.ga.ConstructionFailedException: Error: VariableReference: Statement 0, type java.util.TreeSet<com.google.inject.Binding<java.lang.Object>> is not assignable to java.util.Collection<? extends com.google.inject.Binding<com.google.inject.servlet.FilterDefinition>>
[Progress:=============>                46%] [Cov:==========================>        77%][Progress:=============>                46%] [Cov:==========================>        77%][Progress:=============>                46%] [Cov:==========================>        77%][Progress:=============>                46%] [Cov:==========================>        77%][Progress:=============>                46%] [Cov:==========================>        77%][Progress:=============>                46%] [Cov:==========================>        77%][MASTER] 07:17:29.177 [logback-1] WARN  TestChromosome - Functional mock problem: org.evosuite.ga.ConstructionFailedException: Failed to add constructor for java.util.ArrayList due to org.evosuite.ga.ConstructionFailedException: Error: VariableReference: Statement 2, type java.util.Stack<com.google.inject.Binding<com.google.inject.servlet.FilterDefinition>> is not assignable to java.util.Collection<? extends com.google.inject.Binding<com.google.inject.Binding<com.google.inject.servlet.FilterDefinition>>>
[Progress:=============>                46%] [Cov:==========================>        77%][Progress:=============>                46%] [Cov:==========================>        77%][Progress:=============>                46%] [Cov:==========================>        77%][Progress:=============>                46%] [Cov:==========================>        77%][Progress:==============>               48%] [Cov:==========================>        77%][Progress:==============>               48%] [Cov:==========================>        77%][MASTER] 07:17:29.554 [logback-1] WARN  TestChromosome - Functional mock problem: org.evosuite.ga.ConstructionFailedException: Failed to add constructor for java.util.LinkedList due to org.evosuite.ga.ConstructionFailedException: Error: VariableReference: Statement 0, type java.util.TreeSet<com.google.inject.Binding<com.google.inject.servlet.FilterDefinition>> is not assignable to java.util.Collection<? extends com.google.inject.Binding<java.lang.Object>>
[Progress:==============>               48%] [Cov:==========================>        77%][MASTER] 07:17:29.629 [logback-1] WARN  TestChromosome - Functional mock problem: org.evosuite.ga.ConstructionFailedException: Failed to add constructor for java.util.Vector due to org.evosuite.ga.ConstructionFailedException: Error: VariableReference: Statement 1, type java.util.Vector<com.google.inject.Binding<java.lang.annotation.Annotation>> is not assignable to java.util.Collection<? extends com.google.inject.Binding<com.google.inject.servlet.FilterDefinition>>
[Progress:==============>               48%] [Cov:==========================>        77%][MASTER] 07:17:29.657 [logback-1] WARN  TestChromosome - Functional mock problem: org.evosuite.ga.ConstructionFailedException: Failed to add constructor for java.util.LinkedList due to org.evosuite.ga.ConstructionFailedException: Failed to add constructor for java.util.PriorityQueue due to org.evosuite.ga.ConstructionFailedException: Error: VariableReference: Statement 0, type java.util.ArrayDeque<com.google.inject.Binding<com.google.inject.servlet.FilterDefinition>> is not assignable to java.util.Collection<? extends com.google.inject.Binding<java.lang.Object>>
[MASTER] 07:17:29.660 [logback-1] WARN  TestChromosome - Functional mock problem: org.evosuite.ga.ConstructionFailedException: Failed to add constructor for java.util.LinkedList due to org.evosuite.ga.ConstructionFailedException: Error: VariableReference: Statement 1, type java.util.Vector<com.google.inject.Binding<java.lang.Object>> is not assignable to java.util.Collection<? extends com.google.inject.Binding<jakarta.servlet.Filter>>
[MASTER] 07:17:29.686 [logback-1] WARN  TestChromosome - Functional mock problem: org.evosuite.ga.ConstructionFailedException: Failed to add constructor for java.util.LinkedList due to org.evosuite.ga.ConstructionFailedException: Error: VariableReference: Statement 1, type java.util.ArrayDeque<com.google.inject.Binding<java.lang.Object>> is not assignable to java.util.Collection<? extends com.google.inject.Binding<com.google.inject.servlet.FilterDefinition>>
[Progress:==============>               48%] [Cov:==========================>        77%][Progress:==============>               48%] [Cov:==========================>        77%][Progress:==============>               48%] [Cov:==========================>        77%][Progress:==============>               48%] [Cov:==========================>        77%][MASTER] 07:17:29.915 [logback-1] WARN  TestChromosome - Functional mock problem: org.evosuite.ga.ConstructionFailedException: Failed to add constructor for java.util.LinkedList due to org.evosuite.ga.ConstructionFailedException: Error: VariableReference: Statement 1, type java.util.LinkedHashSet<com.google.inject.Binding<java.lang.Object>> is not assignable to java.util.Collection<? extends com.google.inject.Binding<com.google.inject.servlet.FilterDefinition>>
[Progress:==============>               48%] [Cov:==========================>        77%][Progress:==============>               48%] [Cov:==========================>        77%][Progress:==============>               48%] [Cov:==========================>        77%][Progress:==============>               48%] [Cov:==========================>        77%][Progress:==============>               48%] [Cov:==========================>        77%][Progress:==============>               48%] [Cov:==========================>        77%][Progress:==============>               48%] [Cov:==========================>        77%][Progress:===============>              50%] [Cov:==========================>        77%][MASTER] 07:17:30.507 [logback-1] WARN  TestChromosome - Functional mock problem: org.evosuite.ga.ConstructionFailedException: Failed to add constructor for java.util.Vector due to org.evosuite.ga.ConstructionFailedException: Error: VariableReference: Statement 1, type java.util.HashSet<com.google.inject.Binding<java.lang.Object>> is not assignable to java.util.Collection<? extends com.google.inject.Binding<com.google.inject.servlet.FilterDefinition>>
[Progress:===============>              50%] [Cov:==========================>        77%][Progress:===============>              50%] [Cov:==========================>        77%][Progress:===============>              50%] [Cov:==========================>        77%][Progress:===============>              50%] [Cov:==========================>        77%][Progress:===============>              50%] [Cov:==========================>        77%][Progress:===============>              51%] [Cov:==========================>        77%][Progress:===============>              51%] [Cov:==========================>        77%][Progress:===============>              51%] [Cov:==========================>        77%][Progress:===============>              51%] [Cov:==========================>        77%][Progress:===============>              51%] [Cov:==========================>        77%][Progress:===============>              51%] [Cov:==========================>        77%][MASTER] 07:17:31.725 [logback-1] WARN  TestChromosome - Functional mock problem: org.evosuite.ga.ConstructionFailedException: Failed to add constructor for java.util.LinkedList due to org.evosuite.ga.ConstructionFailedException: Error: VariableReference: Statement 1, type java.util.ArrayDeque<com.google.inject.Binding<java.lang.Object>> is not assignable to java.util.Collection<? extends com.google.inject.Binding<com.google.inject.Binding<java.lang.Object>>>
[Progress:===============>              51%] [Cov:==========================>        77%][Progress:===============>              51%] [Cov:==========================>        77%][Progress:===============>              51%] [Cov:==========================>        77%][Progress:===============>              51%] [Cov:==========================>        77%][Progress:===============>              51%] [Cov:==========================>        77%][Progress:===============>              51%] [Cov:==========================>        77%][Progress:===============>              51%] [Cov:==========================>        77%][Progress:===============>              51%] [Cov:==========================>        77%][Progress:===============>              51%] [Cov:==========================>        77%][Progress:===============>              51%] [Cov:==========================>        77%][MASTER] 07:17:32.332 [logback-1] WARN  TestChromosome - Functional mock problem: org.evosuite.ga.ConstructionFailedException: Failed to add constructor for java.util.ArrayList due to org.evosuite.ga.ConstructionFailedException: Error: VariableReference: Statement 1, type java.util.Vector<com.google.inject.Binding<java.lang.annotation.Annotation>> is not assignable to java.util.Collection<? extends com.google.inject.Binding<com.google.inject.Binding<com.google.inject.servlet.FilterDefinition>>>
[Progress:===============>              51%] [Cov:==========================>        77%][MASTER] 07:17:32.373 [logback-1] WARN  TestChromosome - Functional mock problem: org.evosuite.ga.ConstructionFailedException: Failed to add constructor for java.util.ArrayList due to org.evosuite.ga.ConstructionFailedException: Error: VariableReference: Statement 2, type java.util.LinkedList<com.google.inject.Binding<com.google.inject.servlet.FilterDefinition>> is not assignable to java.util.Collection<? extends com.google.inject.Binding<java.lang.Object>>
[MASTER] 07:17:32.388 [logback-1] WARN  TestChromosome - Functional mock problem: org.evosuite.ga.ConstructionFailedException: Failed to add constructor for java.util.Vector due to org.evosuite.ga.ConstructionFailedException: Error: VariableReference: Statement 4, type java.util.TreeSet<com.google.inject.Binding<com.google.inject.servlet.FilterDefinition>> is not assignable to java.util.Collection<? extends com.google.inject.Binding<java.lang.Object>>
[Progress:===============>              53%] [Cov:==========================>        77%][MASTER] 07:17:32.462 [logback-1] WARN  TestChromosome - Functional mock problem: org.evosuite.ga.ConstructionFailedException: Failed to add constructor for java.util.ArrayList due to org.evosuite.ga.ConstructionFailedException: Error: VariableReference: Statement 2, type java.util.HashSet<com.google.inject.Binding<java.lang.Object>> is not assignable to java.util.Collection<? extends com.google.inject.Binding<java.lang.annotation.Annotation>>
[Progress:===============>              53%] [Cov:==========================>        77%][Progress:===============>              53%] [Cov:==========================>        77%][Progress:===============>              53%] [Cov:==========================>        77%][Progress:===============>              53%] [Cov:==========================>        77%][Progress:===============>              53%] [Cov:==========================>        77%][MASTER] 07:17:32.892 [logback-1] WARN  TestChromosome - Functional mock problem: org.evosuite.ga.ConstructionFailedException: Failed to add constructor for java.util.Vector due to org.evosuite.ga.ConstructionFailedException: Error: VariableReference: Statement 2, type java.util.TreeSet<com.google.inject.Binding<java.lang.annotation.Annotation>> is not assignable to java.util.Collection<? extends com.google.inject.Binding<java.lang.Object>>
[Progress:===============>              53%] [Cov:==========================>        77%][Progress:===============>              53%] [Cov:==========================>        77%][Progress:===============>              53%] [Cov:==========================>        77%][Progress:===============>              53%] [Cov:==========================>        77%][Progress:===============>              53%] [Cov:==========================>        77%][MASTER] 07:17:33.148 [logback-1] WARN  TestChromosome - Functional mock problem: org.evosuite.ga.ConstructionFailedException: Failed to add constructor for java.util.LinkedList due to org.evosuite.ga.ConstructionFailedException: Error: VariableReference: Statement 2, type java.util.Vector<com.google.inject.Binding<java.lang.annotation.Annotation>> is not assignable to java.util.Collection<? extends com.google.inject.Binding<java.lang.Object>>
[MASTER] 07:17:33.159 [logback-1] WARN  TestChromosome - Functional mock problem: org.evosuite.ga.ConstructionFailedException: Failed to add constructor for java.util.LinkedList due to org.evosuite.ga.ConstructionFailedException: Error: VariableReference: Statement 1, type java.util.ArrayList<com.google.inject.Binding<com.google.inject.servlet.FilterDefinition>> is not assignable to java.util.Collection<? extends com.google.inject.Binding<com.google.inject.Binding<com.google.inject.servlet.FilterDefinition>>>
[MASTER] 07:17:33.180 [logback-1] WARN  TestChromosome - Functional mock problem: org.evosuite.ga.ConstructionFailedException: Failed to add constructor for java.util.ArrayList due to org.evosuite.ga.ConstructionFailedException: Error: VariableReference: Statement 0, type java.util.HashSet<com.google.inject.Binding<java.lang.Object>> is not assignable to java.util.Collection<? extends com.google.inject.Binding<java.lang.annotation.Annotation>>
[Progress:===============>              53%] [Cov:==========================>        77%][Progress:===============>              53%] [Cov:==========================>        77%][Progress:===============>              53%] [Cov:==========================>        77%][Progress:================>             55%] [Cov:==========================>        77%][Progress:================>             55%] [Cov:==========================>        77%][Progress:================>             55%] [Cov:==========================>        77%][Progress:================>             55%] [Cov:==========================>        77%][MASTER] 07:17:33.608 [logback-1] WARN  TestChromosome - Functional mock problem: org.evosuite.ga.ConstructionFailedException: Failed to add constructor for java.util.ArrayList due to org.evosuite.ga.ConstructionFailedException: Error: VariableReference: Statement 0, type java.util.TreeSet<com.google.inject.Binding<java.lang.Object>> is not assignable to java.util.Collection<? extends com.google.inject.Binding<com.google.inject.servlet.FilterDefinition>>
[Progress:================>             55%] [Cov:==========================>        77%][Progress:================>             55%] [Cov:==========================>        77%][Progress:================>             55%] [Cov:==========================>        77%][MASTER] 07:17:33.811 [logback-1] WARN  TestChromosome - Functional mock problem: org.evosuite.ga.ConstructionFailedException: Failed to add constructor for java.util.LinkedList due to org.evosuite.ga.ConstructionFailedException: Error: VariableReference: Statement 1, type java.util.HashSet<com.google.inject.Binding<java.lang.Object>> is not assignable to java.util.Collection<? extends com.google.inject.Binding<java.lang.annotation.Annotation>>
[Progress:================>             56%] [Cov:==========================>        77%][MASTER] 07:17:34.451 [logback-1] WARN  TestChromosome - Functional mock problem: org.evosuite.ga.ConstructionFailedException: Failed to add constructor for java.util.Vector due to org.evosuite.ga.ConstructionFailedException: Error: VariableReference: Statement 1, type java.util.TreeSet<com.google.inject.Binding<com.google.inject.servlet.FilterDefinition>> is not assignable to java.util.Collection<? extends com.google.inject.Binding<java.lang.annotation.Annotation>>
[Progress:================>             56%] [Cov:==========================>        77%][MASTER] 07:17:34.481 [logback-1] WARN  TestChromosome - Functional mock problem: org.evosuite.ga.ConstructionFailedException: Failed to add constructor for java.util.Vector due to org.evosuite.ga.ConstructionFailedException: Error: VariableReference: Statement 1, type java.util.ArrayList<com.google.inject.Binding<com.google.inject.servlet.FilterDefinition>> is not assignable to java.util.Collection<? extends com.google.inject.Binding<java.lang.Object>>
[MASTER] 07:17:34.504 [logback-1] WARN  TestChromosome - Functional mock problem: org.evosuite.ga.ConstructionFailedException: Failed to add constructor for java.util.LinkedList due to org.evosuite.ga.ConstructionFailedException: Error: VariableReference: Statement 1, type java.util.TreeSet<com.google.inject.Binding<java.lang.Object>> is not assignable to java.util.Collection<? extends com.google.inject.Binding<com.google.inject.Binding<com.google.inject.servlet.FilterDefinition>>>
[Progress:================>             56%] [Cov:==========================>        77%][MASTER] 07:17:34.558 [logback-1] WARN  TestChromosome - Functional mock problem: org.evosuite.ga.ConstructionFailedException: Failed to add constructor for java.util.Vector due to org.evosuite.ga.ConstructionFailedException: Error: VariableReference: Statement 2, type java.util.Collection<com.google.inject.Binding<java.lang.Object>> is not assignable to java.util.Collection<? extends com.google.inject.Binding<com.google.inject.Binding<java.lang.Object>>>
[Progress:================>             56%] [Cov:==========================>        77%][MASTER] 07:17:34.598 [logback-1] WARN  TestChromosome - Functional mock problem: org.evosuite.ga.ConstructionFailedException: Failed to add constructor for java.util.Vector due to org.evosuite.ga.ConstructionFailedException: Error: VariableReference: Statement 2, type java.util.ArrayDeque<com.google.inject.Binding<java.lang.Object>> is not assignable to java.util.Collection<? extends com.google.inject.Binding<com.google.inject.servlet.FilterDefinition>>
[Progress:================>             56%] [Cov:==========================>        77%][Progress:================>             56%] [Cov:==========================>        77%][Progress:================>             56%] [Cov:==========================>        77%][Progress:================>             56%] [Cov:==========================>        77%][Progress:================>             56%] [Cov:==========================>        77%][Progress:================>             56%] [Cov:==========================>        77%][Progress:================>             56%] [Cov:==========================>        77%][MASTER] 07:17:35.057 [logback-1] WARN  TestChromosome - Functional mock problem: org.evosuite.ga.ConstructionFailedException: Failed to add constructor for java.util.Vector due to org.evosuite.ga.ConstructionFailedException: Error: VariableReference: Statement 2, type java.util.LinkedList<com.google.inject.Binding<java.lang.annotation.Annotation>> is not assignable to java.util.Collection<? extends com.google.inject.Binding<com.google.inject.servlet.FilterDefinition>>
[MASTER] 07:17:35.111 [logback-1] WARN  TestChromosome - Functional mock problem: org.evosuite.ga.ConstructionFailedException: Failed to add constructor for java.util.LinkedList due to org.evosuite.ga.ConstructionFailedException: Error: VariableReference: Statement 1, type java.util.LinkedHashSet<com.google.inject.Binding<com.google.inject.servlet.FilterDefinition>> is not assignable to java.util.Collection<? extends com.google.inject.Binding<com.google.inject.Binding<java.lang.Object>>>
[Progress:================>             56%] [Cov:==========================>        77%][Progress:================>             56%] [Cov:==========================>        77%][Progress:================>             56%] [Cov:==========================>        77%][MASTER] 07:17:35.301 [logback-1] WARN  TestChromosome - Functional mock problem: org.evosuite.ga.ConstructionFailedException: Failed to add constructor for java.util.Vector due to org.evosuite.ga.ConstructionFailedException: Error: VariableReference: Statement 1, type java.util.ArrayList<com.google.inject.Binding<java.lang.annotation.Annotation>> is not assignable to java.util.Collection<? extends com.google.inject.Binding<java.lang.Object>>
[Progress:================>             56%] [Cov:==========================>        77%][Progress:=================>            58%] [Cov:==========================>        77%][MASTER] 07:17:35.457 [logback-1] WARN  TestChromosome - Functional mock problem: org.evosuite.ga.ConstructionFailedException: Failed to add constructor for java.util.LinkedList due to org.evosuite.ga.ConstructionFailedException: Error: VariableReference: Statement 0, type java.util.TreeSet<com.google.inject.Binding<java.lang.annotation.Annotation>> is not assignable to java.util.Collection<? extends com.google.inject.Binding<java.lang.Object>>
[MASTER] 07:17:35.477 [logback-1] WARN  TestChromosome - Functional mock problem: org.evosuite.ga.ConstructionFailedException: Failed to add constructor for java.util.LinkedList due to org.evosuite.ga.ConstructionFailedException: Error: VariableReference: Statement 1, type java.util.HashSet<com.google.inject.Binding<java.lang.annotation.Annotation>> is not assignable to java.util.Collection<? extends com.google.inject.Binding<com.google.inject.Binding<java.lang.Object>>>
[Progress:=================>            58%] [Cov:==========================>        77%][MASTER] 07:17:35.504 [logback-1] WARN  TestChromosome - Functional mock problem: org.evosuite.ga.ConstructionFailedException: Failed to add constructor for java.util.ArrayList due to org.evosuite.ga.ConstructionFailedException: Error: VariableReference: Statement 2, type java.util.ArrayDeque<com.google.inject.Binding<com.google.inject.servlet.FilterDefinition>> is not assignable to java.util.Collection<? extends com.google.inject.Binding<java.lang.annotation.Annotation>>
[MASTER] 07:17:35.531 [logback-1] WARN  TestChromosome - Functional mock problem: org.evosuite.ga.ConstructionFailedException: Failed to add constructor for java.util.Vector due to org.evosuite.ga.ConstructionFailedException: Error: VariableReference: Statement 1, type java.util.HashSet<com.google.inject.Binding<com.google.inject.servlet.FilterDefinition>> is not assignable to java.util.Collection<? extends com.google.inject.Binding<java.lang.Object>>
[Progress:=================>            58%] [Cov:==========================>        77%][MASTER] 07:17:35.560 [logback-1] WARN  TestChromosome - Functional mock problem: org.evosuite.ga.ConstructionFailedException: Failed to add constructor for java.util.Vector due to org.evosuite.ga.ConstructionFailedException: Error: VariableReference: Statement 1, type java.util.LinkedList<com.google.inject.Binding<java.lang.Object>> is not assignable to java.util.Collection<? extends com.google.inject.Binding<com.google.inject.servlet.GuiceFilter>>
[Progress:=================>            58%] [Cov:==========================>        77%][Progress:=================>            58%] [Cov:==========================>        77%][MASTER] 07:17:35.736 [logback-1] WARN  TestChromosome - Functional mock problem: org.evosuite.ga.ConstructionFailedException: Failed to add constructor for java.util.LinkedList due to org.evosuite.ga.ConstructionFailedException: Error: VariableReference: Statement 1, type java.util.Collection<com.google.inject.Binding<java.lang.Object>> is not assignable to java.util.Collection<? extends com.google.inject.Binding<jakarta.servlet.Filter>>
[Progress:=================>            58%] [Cov:==========================>        77%][Progress:=================>            58%] [Cov:==========================>        77%][Progress:=================>            58%] [Cov:==========================>        77%][MASTER] 07:17:35.904 [logback-1] WARN  TestChromosome - Functional mock problem: org.evosuite.ga.ConstructionFailedException: Failed to add constructor for java.util.Vector due to org.evosuite.ga.ConstructionFailedException: Error: VariableReference: Statement 1, type java.util.Collection<com.google.inject.Binding<com.google.inject.servlet.FilterDefinition>> is not assignable to java.util.Collection<? extends com.google.inject.Binding<java.lang.Object>>
[Progress:=================>            58%] [Cov:==========================>        77%][Progress:=================>            58%] [Cov:==========================>        77%][Progress:=================>            58%] [Cov:==========================>        77%][Progress:=================>            58%] [Cov:==========================>        77%][MASTER] 07:17:36.140 [logback-1] WARN  TestChromosome - Functional mock problem: org.evosuite.ga.ConstructionFailedException: Failed to add constructor for java.util.ArrayList due to org.evosuite.ga.ConstructionFailedException: Error: VariableReference: Statement 2, type java.util.HashSet<com.google.inject.Binding<com.google.inject.servlet.FilterDefinition>> is not assignable to java.util.Collection<? extends com.google.inject.Binding<java.lang.Object>>
[MASTER] 07:17:36.165 [logback-1] WARN  TestChromosome - Functional mock problem: org.evosuite.ga.ConstructionFailedException: Failed to add constructor for java.util.Vector due to org.evosuite.ga.ConstructionFailedException: Error: VariableReference: Statement 1, type java.util.Stack<com.google.inject.Binding<java.lang.Object>> is not assignable to java.util.Collection<? extends com.google.inject.Binding<com.google.inject.servlet.GuiceFilter>>
[Progress:=================>            58%] [Cov:==========================>        77%][Progress:=================>            58%] [Cov:==========================>        77%][Progress:=================>            58%] [Cov:==========================>        77%][Progress:==================>           60%] [Cov:==========================>        77%][MASTER] 07:17:36.395 [logback-1] WARN  TestChromosome - Functional mock problem: org.evosuite.ga.ConstructionFailedException: Failed to add constructor for java.util.ArrayList due to org.evosuite.ga.ConstructionFailedException: Error: VariableReference: Statement 0, type java.util.HashSet<com.google.inject.Binding<java.lang.Object>> is not assignable to java.util.Collection<? extends com.google.inject.Binding<com.google.inject.servlet.GuiceFilter>>
[Progress:==================>           60%] [Cov:==========================>        77%][Progress:==================>           60%] [Cov:==========================>        77%][MASTER] 07:17:36.537 [logback-1] WARN  TestChromosome - Functional mock problem: org.evosuite.ga.ConstructionFailedException: Failed to add constructor for java.util.Vector due to org.evosuite.ga.ConstructionFailedException: Error: VariableReference: Statement 4, type java.util.Stack<com.google.inject.Binding<java.lang.Object>> is not assignable to java.util.Collection<? extends com.google.inject.Binding<com.google.inject.Binding<java.lang.Object>>>
[Progress:==================>           60%] [Cov:==========================>        77%][Progress:==================>           60%] [Cov:==========================>        77%][Progress:==================>           60%] [Cov:==========================>        77%][MASTER] 07:17:36.756 [logback-1] WARN  TestChromosome - Functional mock problem: org.evosuite.ga.ConstructionFailedException: Failed to add constructor for java.util.Vector due to org.evosuite.ga.ConstructionFailedException: Error: VariableReference: Statement 2, type java.util.Collection<com.google.inject.Binding<com.google.inject.servlet.FilterDefinition>> is not assignable to java.util.Collection<? extends com.google.inject.Binding<java.lang.Object>>
[Progress:==================>           60%] [Cov:==========================>        77%][Progress:==================>           60%] [Cov:==========================>        77%][Progress:==================>           60%] [Cov:==========================>        77%][Progress:==================>           60%] [Cov:==========================>        77%][Progress:==================>           60%] [Cov:==========================>        77%][MASTER] 07:17:37.083 [logback-1] WARN  TestChromosome - Functional mock problem: org.evosuite.ga.ConstructionFailedException: Failed to add constructor for java.util.LinkedList due to org.evosuite.ga.ConstructionFailedException: Error: VariableReference: Statement 3, type java.util.Vector<com.google.inject.Binding<com.google.inject.servlet.FilterDefinition>> is not assignable to java.util.Collection<? extends com.google.inject.Binding<java.lang.annotation.Annotation>>
[MASTER] 07:17:37.093 [logback-1] WARN  TestChromosome - Functional mock problem: org.evosuite.ga.ConstructionFailedException: Failed to add constructor for java.util.ArrayList due to org.evosuite.ga.ConstructionFailedException: Error: VariableReference: Statement 0, type java.util.Stack<com.google.inject.Binding<java.lang.annotation.Annotation>> is not assignable to java.util.Collection<? extends com.google.inject.Binding<com.google.inject.Binding<com.google.inject.servlet.FilterDefinition>>>
[Progress:==================>           60%] [Cov:==========================>        77%][Progress:==================>           60%] [Cov:==========================>        77%][Progress:==================>           60%] [Cov:==========================>        77%][Progress:==================>           60%] [Cov:==========================>        77%][MASTER] 07:17:37.392 [logback-1] WARN  TestChromosome - Functional mock problem: org.evosuite.ga.ConstructionFailedException: Failed to add constructor for java.util.Vector due to org.evosuite.ga.ConstructionFailedException: Error: VariableReference: Statement 0, type java.util.Collection<com.google.inject.Binding<com.google.inject.servlet.FilterDefinition>> is not assignable to java.util.Collection<? extends com.google.inject.Binding<java.lang.Object>>
[Progress:==================>           61%] [Cov:==========================>        77%][MASTER] 07:17:37.486 [logback-1] WARN  TestChromosome - Functional mock problem: org.evosuite.ga.ConstructionFailedException: Failed to add constructor for java.util.LinkedList due to org.evosuite.ga.ConstructionFailedException: Error: VariableReference: Statement 3, type java.util.Stack<com.google.inject.Binding<jakarta.servlet.Filter>> is not assignable to java.util.Collection<? extends com.google.inject.Binding<com.google.inject.servlet.FilterDefinition>>
[Progress:==================>           61%] [Cov:==========================>        77%][Progress:==================>           61%] [Cov:==========================>        77%][Progress:==================>           61%] [Cov:==========================>        77%][Progress:==================>           61%] [Cov:==========================>        77%][Progress:==================>           61%] [Cov:==========================>        77%][MASTER] 07:17:37.917 [logback-1] WARN  TestChromosome - Functional mock problem: org.evosuite.ga.ConstructionFailedException: Failed to add constructor for java.util.Vector due to org.evosuite.ga.ConstructionFailedException: Error: VariableReference: Statement 0, type java.util.ArrayDeque<com.google.inject.Binding<com.google.inject.servlet.FilterDefinition>> is not assignable to java.util.Collection<? extends com.google.inject.Binding<com.google.inject.servlet.GuiceFilter>>
[Progress:==================>           61%] [Cov:==========================>        77%][Progress:==================>           61%] [Cov:==========================>        77%][MASTER] 07:17:38.050 [logback-1] WARN  TestChromosome - Functional mock problem: org.evosuite.ga.ConstructionFailedException: Failed to add constructor for java.util.LinkedList due to org.evosuite.ga.ConstructionFailedException: Error: VariableReference: Statement 2, type java.util.PriorityQueue<com.google.inject.Binding<com.google.inject.servlet.GuiceFilter>> is not assignable to java.util.Collection<? extends com.google.inject.Binding<com.google.inject.Binding<java.lang.Object>>>
[MASTER] 07:17:38.076 [logback-1] WARN  TestChromosome - Functional mock problem: org.evosuite.ga.ConstructionFailedException: Failed to add constructor for java.util.LinkedList due to org.evosuite.ga.ConstructionFailedException: Error: VariableReference: Statement 2, type java.util.HashSet<com.google.inject.Binding<com.google.inject.servlet.FilterDefinition>> is not assignable to java.util.Collection<? extends com.google.inject.Binding<com.google.inject.servlet.GuiceFilter>>
[Progress:==================>           61%] [Cov:==========================>        77%][MASTER] 07:17:38.150 [logback-1] WARN  TestChromosome - Functional mock problem: org.evosuite.ga.ConstructionFailedException: Failed to add constructor for java.util.ArrayList due to org.evosuite.ga.ConstructionFailedException: Error: VariableReference: Statement 2, type java.util.PriorityQueue<com.google.inject.Binding<com.google.inject.servlet.FilterDefinition>> is not assignable to java.util.Collection<? extends com.google.inject.Binding<java.lang.Object>>
[Progress:==================>           61%] [Cov:==========================>        77%][Progress:==================>           61%] [Cov:==========================>        77%][Progress:==================>           61%] [Cov:==========================>        77%][Progress:==================>           63%] [Cov:==========================>        77%][MASTER] 07:17:38.484 [logback-1] WARN  TestChromosome - Functional mock problem: org.evosuite.ga.ConstructionFailedException: Failed to add constructor for java.util.ArrayList due to org.evosuite.ga.ConstructionFailedException: Error: VariableReference: Statement 1, type java.util.TreeSet<com.google.inject.Binding<java.lang.Object>> is not assignable to java.util.Collection<? extends com.google.inject.Binding<com.google.inject.Binding<java.lang.annotation.Annotation>>>
[Progress:==================>           63%] [Cov:==========================>        77%][Progress:==================>           63%] [Cov:==========================>        77%][MASTER] 07:17:38.644 [logback-1] WARN  TestChromosome - Functional mock problem: org.evosuite.ga.ConstructionFailedException: Failed to add constructor for java.util.ArrayList due to org.evosuite.ga.ConstructionFailedException: Error: VariableReference: Statement 0, type java.util.Vector<com.google.inject.Binding<java.lang.annotation.Annotation>> is not assignable to java.util.Collection<? extends com.google.inject.Binding<com.google.inject.servlet.FilterDefinition>>
[Progress:==================>           63%] [Cov:==========================>        77%][MASTER] 07:17:38.729 [logback-1] WARN  TestChromosome - Functional mock problem: org.evosuite.ga.ConstructionFailedException: Failed to add constructor for java.util.Vector due to org.evosuite.ga.ConstructionFailedException: Failed to add constructor for java.util.LinkedList due to org.evosuite.ga.ConstructionFailedException: Error: VariableReference: Statement 1, type java.util.LinkedList<com.google.inject.Binding<java.lang.Object>> is not assignable to java.util.Collection<? extends com.google.inject.Binding<com.google.inject.servlet.FilterDefinition>>
[Progress:==================>           63%] [Cov:==========================>        77%][Progress:==================>           63%] [Cov:==========================>        77%][Progress:==================>           63%] [Cov:==========================>        77%][MASTER] 07:17:38.900 [logback-1] WARN  TestChromosome - Functional mock problem: org.evosuite.ga.ConstructionFailedException: Failed to add constructor for java.util.LinkedList due to org.evosuite.ga.ConstructionFailedException: Error: VariableReference: Statement 0, type java.util.Collection<com.google.inject.Binding<java.lang.Object>> is not assignable to java.util.Collection<? extends com.google.inject.Binding<com.google.inject.servlet.FilterDefinition>>
[Progress:==================>           63%] [Cov:==========================>        77%][Progress:==================>           63%] [Cov:==========================>        77%][Progress:==================>           63%] [Cov:==========================>        77%][Progress:==================>           63%] [Cov:==========================>        77%][MASTER] 07:17:39.192 [logback-1] WARN  TestChromosome - Functional mock problem: org.evosuite.ga.ConstructionFailedException: Failed to add constructor for java.util.Vector due to org.evosuite.ga.ConstructionFailedException: Error: VariableReference: Statement 3, type java.util.TreeSet<com.google.inject.Binding<java.lang.Object>> is not assignable to java.util.Collection<? extends com.google.inject.Binding<com.google.inject.servlet.FilterDefinition>>
[MASTER] 07:17:39.202 [logback-1] WARN  TestChromosome - Functional mock problem: org.evosuite.ga.ConstructionFailedException: Failed to add constructor for java.util.ArrayList due to org.evosuite.ga.ConstructionFailedException: Error: VariableReference: Statement 0, type java.util.ArrayList<com.google.inject.Binding<java.lang.Object>> is not assignable to java.util.Collection<? extends com.google.inject.Binding<com.google.inject.Binding<com.google.inject.servlet.FilterDefinition>>>
[MASTER] 07:17:39.241 [logback-1] WARN  TestChromosome - Functional mock problem: org.evosuite.ga.ConstructionFailedException: Failed to add constructor for java.util.ArrayList due to org.evosuite.ga.ConstructionFailedException: Error: VariableReference: Statement 0, type java.util.Stack<com.google.inject.Binding<com.google.inject.servlet.GuiceFilter>> is not assignable to java.util.Collection<? extends com.google.inject.Binding<java.lang.Object>>
[Progress:==================>           63%] [Cov:==========================>        77%][Progress:==================>           63%] [Cov:==========================>        77%][MASTER] 07:17:39.363 [logback-1] WARN  TestChromosome - Functional mock problem: org.evosuite.ga.ConstructionFailedException: Failed to add constructor for java.util.ArrayList due to org.evosuite.ga.ConstructionFailedException: Error: VariableReference: Statement 0, type java.util.LinkedHashSet<com.google.inject.Binding<java.lang.Object>> is not assignable to java.util.Collection<? extends com.google.inject.Binding<java.lang.annotation.Annotation>>
[Progress:==================>           63%] [Cov:==========================>        77%][MASTER] 07:17:39.424 [logback-1] WARN  TestChromosome - Functional mock problem: org.evosuite.ga.ConstructionFailedException: Failed to add constructor for java.util.Vector due to org.evosuite.ga.ConstructionFailedException: Error: VariableReference: Statement 2, type java.util.PriorityQueue<com.google.inject.Binding<com.google.inject.servlet.FilterDefinition>> is not assignable to java.util.Collection<? extends com.google.inject.Binding<java.lang.Object>>
[Progress:===================>          65%] [Cov:==========================>        77%][MASTER] 07:17:39.511 [logback-1] WARN  TestChromosome - Functional mock problem: org.evosuite.ga.ConstructionFailedException: Failed to add constructor for java.util.Vector due to org.evosuite.ga.ConstructionFailedException: Error: VariableReference: Statement 3, type java.util.TreeSet<com.google.inject.Binding<java.lang.annotation.Annotation>> is not assignable to java.util.Collection<? extends com.google.inject.Binding<java.lang.Object>>
[Progress:===================>          65%] [Cov:==========================>        77%][MASTER] 07:17:39.569 [logback-1] WARN  TestChromosome - Functional mock problem: org.evosuite.ga.ConstructionFailedException: Failed to add constructor for java.util.LinkedList due to org.evosuite.ga.ConstructionFailedException: Error: VariableReference: Statement 1, type java.util.HashSet<com.google.inject.Binding<java.lang.annotation.Annotation>> is not assignable to java.util.Collection<? extends com.google.inject.Binding<com.google.inject.servlet.FilterDefinition>>
[Progress:===================>          65%] [Cov:==========================>        77%][Progress:===================>          65%] [Cov:==========================>        77%][Progress:===================>          65%] [Cov:==========================>        77%][MASTER] 07:17:39.788 [logback-1] WARN  TestChromosome - Functional mock problem: org.evosuite.ga.ConstructionFailedException: Failed to add constructor for java.util.LinkedList due to org.evosuite.ga.ConstructionFailedException: Error: VariableReference: Statement 0, type java.util.PriorityQueue<com.google.inject.Binding<com.google.inject.servlet.FilterDefinition>> is not assignable to java.util.Collection<? extends com.google.inject.Binding<java.lang.Object>>
[Progress:===================>          65%] [Cov:==========================>        77%][Progress:===================>          65%] [Cov:==========================>        77%][Progress:===================>          65%] [Cov:==========================>        77%][Progress:===================>          65%] [Cov:==========================>        77%][Progress:===================>          66%] [Cov:==========================>        77%][Progress:===================>          66%] [Cov:==========================>        77%][Progress:===================>          66%] [Cov:==========================>        77%][MASTER] 07:17:40.681 [logback-1] WARN  TestChromosome - Functional mock problem: org.evosuite.ga.ConstructionFailedException: Failed to add constructor for java.util.LinkedList due to org.evosuite.ga.ConstructionFailedException: Error: VariableReference: Statement 0, type java.util.HashSet<com.google.inject.Binding<java.lang.annotation.Annotation>> is not assignable to java.util.Collection<? extends com.google.inject.Binding<java.lang.Object>>
[Progress:===================>          66%] [Cov:==========================>        77%][MASTER] 07:17:40.768 [logback-1] WARN  TestChromosome - Functional mock problem: org.evosuite.ga.ConstructionFailedException: Failed to add constructor for java.util.LinkedList due to org.evosuite.ga.ConstructionFailedException: Error: VariableReference: Statement 0, type java.util.HashSet<com.google.inject.Binding<com.google.inject.servlet.FilterDefinition>> is not assignable to java.util.Collection<? extends com.google.inject.Binding<java.lang.Object>>
[Progress:===================>          66%] [Cov:==========================>        77%][MASTER] 07:17:40.850 [logback-1] WARN  TestChromosome - Functional mock problem: org.evosuite.ga.ConstructionFailedException: Failed to add constructor for java.util.LinkedList due to org.evosuite.ga.ConstructionFailedException: Error: VariableReference: Statement 0, type java.util.PriorityQueue<com.google.inject.Binding<jakarta.servlet.Filter>> is not assignable to java.util.Collection<? extends com.google.inject.Binding<com.google.inject.Binding<com.google.inject.servlet.FilterDefinition>>>
[Progress:===================>          66%] [Cov:==========================>        77%][Progress:===================>          66%] [Cov:==========================>        77%][MASTER] 07:17:40.975 [logback-1] WARN  TestChromosome - Functional mock problem: org.evosuite.ga.ConstructionFailedException: Failed to add constructor for java.util.ArrayList due to org.evosuite.ga.ConstructionFailedException: Error: VariableReference: Statement 1, type java.util.Stack<com.google.inject.Binding<com.google.inject.servlet.FilterDefinition>> is not assignable to java.util.Collection<? extends com.google.inject.Binding<java.lang.annotation.Annotation>>
[Progress:===================>          66%] [Cov:==========================>        77%][Progress:===================>          66%] [Cov:==========================>        77%][MASTER] 07:17:41.119 [logback-1] WARN  TestChromosome - Functional mock problem: org.evosuite.ga.ConstructionFailedException: Failed to add constructor for jakarta.servlet.http.HttpServletRequestWrapper due to org.evosuite.ga.ConstructionFailedException: Have no generator for com.google.inject.Key<java.lang.Object> canUseFunctionalMocks=false, canBeMocked: true
[Progress:===================>          66%] [Cov:==========================>        77%][MASTER] 07:17:41.179 [logback-1] WARN  TestChromosome - Functional mock problem: org.evosuite.ga.ConstructionFailedException: Failed to add constructor for java.util.Vector due to org.evosuite.ga.ConstructionFailedException: Error: VariableReference: Statement 0, type java.util.ArrayList<com.google.inject.Binding<com.google.inject.servlet.FilterDefinition>> is not assignable to java.util.Collection<? extends com.google.inject.Binding<java.lang.annotation.Annotation>>
[Progress:===================>          66%] [Cov:==========================>        77%][Progress:===================>          66%] [Cov:==========================>        77%][MASTER] 07:17:41.333 [logback-1] WARN  TestChromosome - Functional mock problem: org.evosuite.ga.ConstructionFailedException: Failed to add constructor for java.util.ArrayList due to org.evosuite.ga.ConstructionFailedException: Error: VariableReference: Statement 1, type java.util.LinkedHashSet<com.google.inject.Binding<com.google.inject.servlet.GuiceFilter>> is not assignable to java.util.Collection<? extends com.google.inject.Binding<com.google.inject.servlet.FilterDefinition>>
[Progress:===================>          66%] [Cov:==========================>        77%][MASTER] 07:17:41.435 [logback-1] WARN  TestChromosome - Functional mock problem: org.evosuite.ga.ConstructionFailedException: Failed to add constructor for java.util.Vector due to org.evosuite.ga.ConstructionFailedException: Error: VariableReference: Statement 1, type java.util.Stack<com.google.inject.Binding<com.google.inject.servlet.FilterDefinition>> is not assignable to java.util.Collection<? extends com.google.inject.Binding<java.lang.Object>>
[Progress:====================>         68%] [Cov:==========================>        77%][MASTER] 07:17:41.501 [logback-1] WARN  TestChromosome - Functional mock problem: org.evosuite.ga.ConstructionFailedException: Failed to add constructor for java.util.ArrayList due to org.evosuite.ga.ConstructionFailedException: Error: VariableReference: Statement 1, type java.util.Collection<com.google.inject.Binding<com.google.inject.servlet.FilterDefinition>> is not assignable to java.util.Collection<? extends com.google.inject.Binding<java.lang.Object>>
[MASTER] 07:17:41.555 [logback-1] WARN  TestChromosome - Functional mock problem: org.evosuite.ga.ConstructionFailedException: Failed to add constructor for java.util.LinkedList due to org.evosuite.ga.ConstructionFailedException: Error: VariableReference: Statement 1, type java.util.TreeSet<com.google.inject.Binding<java.lang.Object>> is not assignable to java.util.Collection<? extends com.google.inject.Binding<java.lang.annotation.Annotation>>
[Progress:====================>         68%] [Cov:==========================>        77%][MASTER] 07:17:41.642 [logback-1] WARN  TestChromosome - Functional mock problem: org.evosuite.ga.ConstructionFailedException: Failed to add constructor for java.util.LinkedList due to org.evosuite.ga.ConstructionFailedException: Error: VariableReference: Statement 2, type java.util.LinkedList<com.google.inject.Binding<java.lang.annotation.Annotation>> is not assignable to java.util.Collection<? extends com.google.inject.Binding<java.lang.Object>>
[Progress:====================>         68%] [Cov:==========================>        77%][Progress:====================>         68%] [Cov:==========================>        77%][MASTER] 07:17:41.743 [logback-1] WARN  TestChromosome - Functional mock problem: org.evosuite.ga.ConstructionFailedException: Failed to add constructor for java.util.LinkedList due to org.evosuite.ga.ConstructionFailedException: Failed to add constructor for java.util.LinkedList due to org.evosuite.ga.ConstructionFailedException: Error: VariableReference: Statement 0, type java.util.Stack<com.google.inject.Binding<com.google.inject.servlet.FilterDefinition>> is not assignable to java.util.Collection<? extends com.google.inject.Binding<java.lang.Object>>
[Progress:====================>         68%] [Cov:==========================>        77%][MASTER] 07:17:41.823 [logback-1] WARN  TestChromosome - Functional mock problem: org.evosuite.ga.ConstructionFailedException: Failed to add constructor for java.util.Vector due to org.evosuite.ga.ConstructionFailedException: Error: VariableReference: Statement 0, type java.util.PriorityQueue<com.google.inject.Binding<java.lang.Object>> is not assignable to java.util.Collection<? extends com.google.inject.Binding<com.google.inject.Binding<java.lang.Object>>>
[Progress:====================>         68%] [Cov:==========================>        77%][MASTER] 07:17:41.845 [logback-1] WARN  TestChromosome - Functional mock problem: org.evosuite.ga.ConstructionFailedException: Failed to add constructor for java.util.LinkedList due to org.evosuite.ga.ConstructionFailedException: Error: VariableReference: Statement 1, type java.util.PriorityQueue<com.google.inject.Binding<java.lang.annotation.Annotation>> is not assignable to java.util.Collection<? extends com.google.inject.Binding<com.google.inject.servlet.FilterDefinition>>
[MASTER] 07:17:41.886 [logback-1] WARN  TestChromosome - Functional mock problem: org.evosuite.ga.ConstructionFailedException: Failed to add constructor for java.util.LinkedList due to org.evosuite.ga.ConstructionFailedException: Error: VariableReference: Statement 1, type java.util.HashSet<com.google.inject.Binding<com.google.inject.servlet.FilterDefinition>> is not assignable to java.util.Collection<? extends com.google.inject.Binding<com.google.inject.servlet.GuiceFilter>>
[Progress:====================>         68%] [Cov:==========================>        77%][MASTER] 07:17:41.926 [logback-1] WARN  TestChromosome - Functional mock problem: org.evosuite.ga.ConstructionFailedException: Failed to add constructor for java.util.ArrayList due to org.evosuite.ga.ConstructionFailedException: Error: VariableReference: Statement 0, type java.util.LinkedList<com.google.inject.Binding<java.lang.annotation.Annotation>> is not assignable to java.util.Collection<? extends com.google.inject.Binding<com.google.inject.Binding<java.lang.Object>>>
[Progress:====================>         68%] [Cov:==========================>        77%][Progress:====================>         68%] [Cov:==========================>        77%][Progress:====================>         68%] [Cov:==========================>        77%][Progress:====================>         68%] [Cov:==========================>        77%][Progress:====================>         68%] [Cov:==========================>        77%][Progress:====================>         68%] [Cov:==========================>        77%][Progress:====================>         68%] [Cov:==========================>        77%][MASTER] 07:17:42.354 [logback-1] WARN  TestChromosome - Functional mock problem: org.evosuite.ga.ConstructionFailedException: Failed to add constructor for java.util.Vector due to org.evosuite.ga.ConstructionFailedException: Error: VariableReference: Statement 1, type java.util.Stack<com.google.inject.Binding<java.lang.Object>> is not assignable to java.util.Collection<? extends com.google.inject.Binding<com.google.inject.Binding<java.lang.annotation.Annotation>>>
[MASTER] 07:17:42.375 [logback-1] WARN  TestChromosome - Functional mock problem: org.evosuite.ga.ConstructionFailedException: Failed to add constructor for java.util.LinkedList due to org.evosuite.ga.ConstructionFailedException: Error: VariableReference: Statement 0, type java.util.TreeSet<com.google.inject.Binding<java.lang.Object>> is not assignable to java.util.Collection<? extends com.google.inject.Binding<com.google.inject.servlet.FilterDefinition>>
[Progress:=====================>        70%] [Cov:==========================>        77%][Progress:=====================>        70%] [Cov:==========================>        77%][MASTER] 07:17:42.477 [logback-1] WARN  TestChromosome - Functional mock problem: org.evosuite.ga.ConstructionFailedException: Failed to add constructor for java.util.ArrayList due to org.evosuite.ga.ConstructionFailedException: Error: VariableReference: Statement 1, type java.util.LinkedHashSet<com.google.inject.Binding<com.google.inject.servlet.FilterDefinition>> is not assignable to java.util.Collection<? extends com.google.inject.Binding<java.lang.Object>>
[MASTER] 07:17:42.484 [logback-1] WARN  TestChromosome - Functional mock problem: org.evosuite.ga.ConstructionFailedException: Failed to add constructor for java.util.ArrayList due to org.evosuite.ga.ConstructionFailedException: Error: VariableReference: Statement 0, type java.util.Collection<com.google.inject.Binding<java.lang.annotation.Annotation>> is not assignable to java.util.Collection<? extends com.google.inject.Binding<java.lang.Object>>
[MASTER] 07:17:42.494 [logback-1] WARN  TestChromosome - Functional mock problem: org.evosuite.ga.ConstructionFailedException: Failed to add constructor for java.util.ArrayList due to org.evosuite.ga.ConstructionFailedException: Error: VariableReference: Statement 0, type java.util.PriorityQueue<com.google.inject.Binding<java.lang.Object>> is not assignable to java.util.Collection<? extends com.google.inject.Binding<com.google.inject.servlet.FilterDefinition>>
[MASTER] 07:17:42.512 [logback-1] WARN  TestChromosome - Functional mock problem: org.evosuite.ga.ConstructionFailedException: Failed to add constructor for java.util.ArrayList due to org.evosuite.ga.ConstructionFailedException: Error: VariableReference: Statement 1, type java.util.HashSet<com.google.inject.Binding<java.lang.annotation.Annotation>> is not assignable to java.util.Collection<? extends com.google.inject.Binding<java.lang.Object>>
[MASTER] 07:17:42.520 [logback-1] WARN  TestChromosome - Functional mock problem: org.evosuite.ga.ConstructionFailedException: Failed to add constructor for java.util.LinkedList due to org.evosuite.ga.ConstructionFailedException: Error: VariableReference: Statement 1, type java.util.Stack<com.google.inject.Binding<java.lang.Object>> is not assignable to java.util.Collection<? extends com.google.inject.Binding<com.google.inject.servlet.FilterDefinition>>
[Progress:=====================>        70%] [Cov:==========================>        77%][Progress:=====================>        70%] [Cov:==========================>        77%][Progress:=====================>        70%] [Cov:==========================>        77%][Progress:=====================>        70%] [Cov:==========================>        77%][Progress:=====================>        70%] [Cov:==========================>        77%][Progress:=====================>        70%] [Cov:==========================>        77%][MASTER] 07:17:42.888 [logback-1] WARN  TestChromosome - Functional mock problem: org.evosuite.ga.ConstructionFailedException: Failed to add constructor for java.util.Vector due to org.evosuite.ga.ConstructionFailedException: Error: VariableReference: Statement 3, type java.util.ArrayDeque<com.google.inject.Binding<com.google.inject.servlet.FilterDefinition>> is not assignable to java.util.Collection<? extends com.google.inject.Binding<jakarta.servlet.Filter>>
[Progress:=====================>        70%] [Cov:==========================>        77%][MASTER] 07:17:42.974 [logback-1] WARN  TestChromosome - Functional mock problem: org.evosuite.ga.ConstructionFailedException: Failed to add constructor for java.util.LinkedList due to org.evosuite.ga.ConstructionFailedException: Error: VariableReference: Statement 3, type java.util.HashSet<com.google.inject.Binding<jakarta.servlet.Filter>> is not assignable to java.util.Collection<? extends com.google.inject.Binding<java.lang.Object>>
[Progress:=====================>        70%] [Cov:==========================>        77%][Progress:=====================>        70%] [Cov:==========================>        77%][MASTER] 07:17:43.052 [logback-1] WARN  TestChromosome - Functional mock problem: org.evosuite.ga.ConstructionFailedException: Failed to add constructor for java.util.LinkedList due to org.evosuite.ga.ConstructionFailedException: Error: VariableReference: Statement 1, type java.util.PriorityQueue<com.google.inject.Binding<java.lang.Object>> is not assignable to java.util.Collection<? extends com.google.inject.Binding<jakarta.servlet.Filter>>
[Progress:=====================>        70%] [Cov:==========================>        77%][Progress:=====================>        70%] [Cov:==========================>        77%][MASTER] 07:17:43.230 [logback-1] WARN  TestChromosome - Functional mock problem: org.evosuite.ga.ConstructionFailedException: Failed to add constructor for java.util.LinkedList due to org.evosuite.ga.ConstructionFailedException: Error: VariableReference: Statement 2, type java.util.Collection<com.google.inject.Binding<java.lang.annotation.Annotation>> is not assignable to java.util.Collection<? extends com.google.inject.Binding<java.lang.Object>>
[Progress:=====================>        70%] [Cov:==========================>        77%][Progress:=====================>        70%] [Cov:==========================>        77%][Progress:=====================>        71%] [Cov:==========================>        77%][MASTER] 07:17:43.488 [logback-1] WARN  TestChromosome - Functional mock problem: org.evosuite.ga.ConstructionFailedException: Failed to add constructor for java.util.ArrayList due to org.evosuite.ga.ConstructionFailedException: Error: VariableReference: Statement 0, type java.util.ArrayList<com.google.inject.Binding<com.google.inject.servlet.FilterDefinition>> is not assignable to java.util.Collection<? extends com.google.inject.Binding<java.lang.Object>>
[Progress:=====================>        71%] [Cov:===========================>       78%][Progress:=====================>        71%] [Cov:===========================>       78%][MASTER] 07:17:43.601 [logback-1] WARN  TestChromosome - Functional mock problem: org.evosuite.ga.ConstructionFailedException: Failed to add constructor for java.util.ArrayList due to org.evosuite.ga.ConstructionFailedException: Error: VariableReference: Statement 0, type java.util.TreeSet<com.google.inject.Binding<com.google.inject.servlet.FilterDefinition>> is not assignable to java.util.Collection<? extends com.google.inject.Binding<java.lang.Object>>
[Progress:=====================>        71%] [Cov:==========================>        77%][MASTER] 07:17:43.715 [logback-1] WARN  TestChromosome - Functional mock problem: org.evosuite.ga.ConstructionFailedException: Failed to add constructor for java.util.LinkedList due to org.evosuite.ga.ConstructionFailedException: Error: VariableReference: Statement 0, type java.util.LinkedHashSet<com.google.inject.Binding<com.google.inject.servlet.FilterDefinition>> is not assignable to java.util.Collection<? extends com.google.inject.Binding<java.lang.Object>>
[Progress:=====================>        71%] [Cov:==========================>        77%][Progress:=====================>        71%] [Cov:==========================>        77%][MASTER] 07:17:43.870 [logback-1] WARN  TestChromosome - Functional mock problem: org.evosuite.ga.ConstructionFailedException: Failed to add constructor for java.util.LinkedList due to org.evosuite.ga.ConstructionFailedException: Error: VariableReference: Statement 0, type java.util.LinkedList<com.google.inject.Binding<com.google.inject.servlet.FilterDefinition>> is not assignable to java.util.Collection<? extends com.google.inject.Binding<com.google.inject.Binding<java.lang.Object>>>
[Progress:=====================>        71%] [Cov:==========================>        77%][Progress:=====================>        71%] [Cov:==========================>        77%][MASTER] 07:17:44.028 [logback-1] WARN  TestChromosome - Functional mock problem: org.evosuite.ga.ConstructionFailedException: Failed to add constructor for java.util.LinkedList due to org.evosuite.ga.ConstructionFailedException: Error: VariableReference: Statement 10, type java.util.ArrayDeque<com.google.inject.Binding<java.lang.Object>> is not assignable to java.util.Collection<? extends com.google.inject.Binding<java.lang.annotation.Annotation>>
[Progress:=====================>        71%] [Cov:==========================>        77%][Progress:=====================>        71%] [Cov:==========================>        77%][MASTER] 07:17:44.145 [logback-1] WARN  TestChromosome - Functional mock problem: org.evosuite.ga.ConstructionFailedException: Failed to add constructor for java.util.ArrayList due to org.evosuite.ga.ConstructionFailedException: Error: VariableReference: Statement 0, type java.util.Vector<com.google.inject.Binding<java.lang.Object>> is not assignable to java.util.Collection<? extends com.google.inject.Binding<com.google.inject.servlet.GuiceFilter>>
[MASTER] 07:17:44.148 [logback-1] WARN  TestChromosome - Functional mock problem: org.evosuite.ga.ConstructionFailedException: Failed to add constructor for java.util.ArrayList due to org.evosuite.ga.ConstructionFailedException: Error: VariableReference: Statement 0, type java.util.ArrayDeque<com.google.inject.Binding<com.google.inject.servlet.FilterDefinition>> is not assignable to java.util.Collection<? extends com.google.inject.Binding<com.google.inject.servlet.GuiceFilter>>
[Progress:=====================>        71%] [Cov:==========================>        77%][Progress:=====================>        71%] [Cov:==========================>        77%][MASTER] 07:17:44.254 [logback-1] WARN  TestChromosome - Functional mock problem: org.evosuite.ga.ConstructionFailedException: Failed to add constructor for java.util.Vector due to org.evosuite.ga.ConstructionFailedException: Error: VariableReference: Statement 1, type java.util.ArrayDeque<com.google.inject.Binding<com.google.inject.servlet.FilterDefinition>> is not assignable to java.util.Collection<? extends com.google.inject.Binding<java.lang.Object>>
[Progress:=====================>        71%] [Cov:==========================>        77%][Progress:=====================>        71%] [Cov:==========================>        77%][MASTER] 07:17:44.405 [logback-1] WARN  TestChromosome - Functional mock problem: org.evosuite.ga.ConstructionFailedException: Failed to add constructor for java.util.Vector due to org.evosuite.ga.ConstructionFailedException: Error: VariableReference: Statement 0, type java.util.ArrayDeque<com.google.inject.Binding<java.lang.Object>> is not assignable to java.util.Collection<? extends com.google.inject.Binding<java.lang.annotation.Annotation>>
[MASTER] 07:17:44.436 [logback-1] WARN  TestChromosome - Functional mock problem: org.evosuite.ga.ConstructionFailedException: Failed to add constructor for java.util.LinkedList due to org.evosuite.ga.ConstructionFailedException: Error: VariableReference: Statement 0, type java.util.ArrayDeque<com.google.inject.Binding<java.lang.Object>> is not assignable to java.util.Collection<? extends com.google.inject.Binding<com.google.inject.servlet.FilterDefinition>>
[Progress:=====================>        73%] [Cov:==========================>        77%][Progress:=====================>        73%] [Cov:==========================>        77%][MASTER] 07:17:44.559 [logback-1] WARN  TestChromosome - Functional mock problem: org.evosuite.ga.ConstructionFailedException: Failed to add constructor for java.util.LinkedList due to org.evosuite.ga.ConstructionFailedException: Error: VariableReference: Statement 0, type java.util.LinkedList<com.google.inject.Binding<java.lang.Object>> is not assignable to java.util.Collection<? extends com.google.inject.Binding<com.google.inject.servlet.FilterDefinition>>
[Progress:=====================>        73%] [Cov:==========================>        77%][MASTER] 07:17:44.587 [logback-1] WARN  TestChromosome - Functional mock problem: org.evosuite.ga.ConstructionFailedException: Failed to add constructor for java.util.Vector due to org.evosuite.ga.ConstructionFailedException: Error: VariableReference: Statement 0, type java.util.ArrayDeque<com.google.inject.Binding<java.lang.Object>> is not assignable to java.util.Collection<? extends com.google.inject.Binding<com.google.inject.servlet.FilterDefinition>>
[MASTER] 07:17:44.618 [logback-1] WARN  TestChromosome - Functional mock problem: org.evosuite.ga.ConstructionFailedException: Failed to add constructor for java.util.Vector due to org.evosuite.ga.ConstructionFailedException: Error: VariableReference: Statement 2, type java.util.HashSet<com.google.inject.Binding<java.lang.Object>> is not assignable to java.util.Collection<? extends com.google.inject.Binding<com.google.inject.servlet.FilterDefinition>>
[MASTER] 07:17:44.623 [logback-1] WARN  TestChromosome - Functional mock problem: org.evosuite.ga.ConstructionFailedException: Failed to add constructor for java.util.ArrayList due to org.evosuite.ga.ConstructionFailedException: Error: VariableReference: Statement 0, type java.util.ArrayDeque<com.google.inject.Binding<java.lang.annotation.Annotation>> is not assignable to java.util.Collection<? extends com.google.inject.Binding<java.lang.Object>>
[Progress:=====================>        73%] [Cov:==========================>        77%][Progress:=====================>        73%] [Cov:==========================>        77%][MASTER] 07:17:44.760 [logback-1] WARN  TestChromosome - Functional mock problem: org.evosuite.ga.ConstructionFailedException: Failed to add constructor for java.util.ArrayList due to org.evosuite.ga.ConstructionFailedException: Error: VariableReference: Statement 1, type java.util.TreeSet<com.google.inject.Binding<java.lang.Object>> is not assignable to java.util.Collection<? extends com.google.inject.Binding<com.google.inject.servlet.FilterDefinition>>
[Progress:=====================>        73%] [Cov:==========================>        77%][Progress:=====================>        73%] [Cov:==========================>        77%][MASTER] 07:17:44.920 [logback-1] WARN  TestChromosome - Functional mock problem: org.evosuite.ga.ConstructionFailedException: Failed to add constructor for java.util.Vector due to org.evosuite.ga.ConstructionFailedException: Error: VariableReference: Statement 0, type java.util.ArrayList<com.google.inject.Binding<java.lang.Object>> is not assignable to java.util.Collection<? extends com.google.inject.Binding<com.google.inject.servlet.GuiceFilter>>
[Progress:=====================>        73%] [Cov:==========================>        77%][Progress:=====================>        73%] [Cov:==========================>        77%][Progress:=====================>        73%] [Cov:==========================>        77%][MASTER] 07:17:45.146 [logback-1] WARN  TestChromosome - Functional mock problem: org.evosuite.ga.ConstructionFailedException: Failed to add constructor for java.util.LinkedList due to org.evosuite.ga.ConstructionFailedException: Error: VariableReference: Statement 0, type java.util.LinkedList<com.google.inject.Binding<com.google.inject.servlet.FilterDefinition>> is not assignable to java.util.Collection<? extends com.google.inject.Binding<jakarta.servlet.Filter>>
[Progress:=====================>        73%] [Cov:==========================>        77%][Progress:=====================>        73%] [Cov:==========================>        77%][Progress:=====================>        73%] [Cov:==========================>        77%][Progress:=====================>        73%] [Cov:==========================>        77%][Progress:======================>       75%] [Cov:==========================>        77%][MASTER] 07:17:45.500 [logback-1] WARN  TestChromosome - Functional mock problem: org.evosuite.ga.ConstructionFailedException: Failed to add constructor for java.util.LinkedList due to org.evosuite.ga.ConstructionFailedException: Error: VariableReference: Statement 0, type java.util.Vector<com.google.inject.Binding<com.google.inject.servlet.FilterDefinition>> is not assignable to java.util.Collection<? extends com.google.inject.Binding<com.google.inject.Binding<com.google.inject.servlet.FilterDefinition>>>
[Progress:======================>       75%] [Cov:==========================>        77%][Progress:======================>       75%] [Cov:==========================>        77%][Progress:======================>       75%] [Cov:==========================>        77%][Progress:======================>       75%] [Cov:==========================>        77%][MASTER] 07:17:45.760 [logback-1] WARN  TestChromosome - Functional mock problem: org.evosuite.ga.ConstructionFailedException: Failed to add constructor for java.util.LinkedList due to org.evosuite.ga.ConstructionFailedException: Error: VariableReference: Statement 0, type java.util.ArrayDeque<com.google.inject.Binding<com.google.inject.servlet.FilterDefinition>> is not assignable to java.util.Collection<? extends com.google.inject.Binding<java.lang.Object>>
[MASTER] 07:17:45.773 [logback-1] WARN  TestChromosome - Functional mock problem: org.evosuite.ga.ConstructionFailedException: Failed to add constructor for java.util.Vector due to org.evosuite.ga.ConstructionFailedException: Error: VariableReference: Statement 2, type java.util.PriorityQueue<com.google.inject.Binding<java.lang.Object>> is not assignable to java.util.Collection<? extends com.google.inject.Binding<com.google.inject.servlet.GuiceFilter>>
[Progress:======================>       75%] [Cov:==========================>        77%][Progress:======================>       75%] [Cov:==========================>        77%][MASTER] 07:17:45.887 [logback-1] WARN  TestChromosome - Functional mock problem: org.evosuite.ga.ConstructionFailedException: Failed to add constructor for java.util.ArrayList due to org.evosuite.ga.ConstructionFailedException: Error: VariableReference: Statement 0, type java.util.ArrayDeque<com.google.inject.Binding<java.lang.annotation.Annotation>> is not assignable to java.util.Collection<? extends com.google.inject.Binding<com.google.inject.servlet.FilterDefinition>>
[Progress:======================>       75%] [Cov:==========================>        77%][Progress:======================>       75%] [Cov:==========================>        77%][MASTER] 07:17:46.054 [logback-1] WARN  TestChromosome - Functional mock problem: org.evosuite.ga.ConstructionFailedException: Failed to add constructor for java.util.LinkedList due to org.evosuite.ga.ConstructionFailedException: Error: VariableReference: Statement 0, type java.util.PriorityQueue<com.google.inject.Binding<java.lang.Object>> is not assignable to java.util.Collection<? extends com.google.inject.Binding<com.google.inject.Binding<com.google.inject.servlet.FilterDefinition>>>
[Progress:======================>       75%] [Cov:==========================>        77%][MASTER] 07:17:46.128 [logback-1] WARN  TestChromosome - Functional mock problem: org.evosuite.ga.ConstructionFailedException: Failed to add constructor for java.util.LinkedList due to org.evosuite.ga.ConstructionFailedException: Error: VariableReference: Statement 12, type java.util.LinkedHashSet<com.google.inject.Binding<java.lang.Object>> is not assignable to java.util.Collection<? extends com.google.inject.Binding<java.lang.annotation.Annotation>>
[Progress:======================>       75%] [Cov:==========================>        77%][Progress:======================>       75%] [Cov:==========================>        77%][Progress:======================>       75%] [Cov:==========================>        77%][Progress:======================>       75%] [Cov:==========================>        77%][MASTER] 07:17:46.372 [logback-1] WARN  TestChromosome - Functional mock problem: org.evosuite.ga.ConstructionFailedException: Failed to add constructor for java.util.ArrayList due to org.evosuite.ga.ConstructionFailedException: Error: VariableReference: Statement 1, type java.util.PriorityQueue<com.google.inject.Binding<com.google.inject.servlet.FilterDefinition>> is not assignable to java.util.Collection<? extends com.google.inject.Binding<com.google.inject.Binding<java.lang.annotation.Annotation>>>
[Progress:======================>       76%] [Cov:==========================>        77%][MASTER] 07:17:46.494 [logback-1] WARN  TestChromosome - Functional mock problem: org.evosuite.ga.ConstructionFailedException: Failed to add constructor for java.util.ArrayList due to org.evosuite.ga.ConstructionFailedException: Error: VariableReference: Statement 1, type java.util.PriorityQueue<com.google.inject.Binding<java.lang.Object>> is not assignable to java.util.Collection<? extends com.google.inject.Binding<com.google.inject.servlet.FilterDefinition>>
[Progress:======================>       76%] [Cov:==========================>        77%][MASTER] 07:17:46.530 [logback-1] WARN  TestChromosome - Functional mock problem: org.evosuite.ga.ConstructionFailedException: Failed to add constructor for java.util.LinkedList due to org.evosuite.ga.ConstructionFailedException: Error: VariableReference: Statement 0, type java.util.Vector<com.google.inject.Binding<java.lang.Object>> is not assignable to java.util.Collection<? extends com.google.inject.Binding<java.lang.annotation.Annotation>>
[MASTER] 07:17:46.534 [logback-1] WARN  TestChromosome - Functional mock problem: org.evosuite.ga.ConstructionFailedException: Failed to add constructor for java.util.LinkedList due to org.evosuite.ga.ConstructionFailedException: Error: VariableReference: Statement 1, type java.util.Stack<com.google.inject.Binding<com.google.inject.servlet.FilterDefinition>> is not assignable to java.util.Collection<? extends com.google.inject.Binding<java.lang.annotation.Annotation>>
[MASTER] 07:17:46.536 [logback-1] WARN  TestChromosome - Functional mock problem: org.evosuite.ga.ConstructionFailedException: Failed to add constructor for java.util.ArrayList due to org.evosuite.ga.ConstructionFailedException: Error: VariableReference: Statement 0, type java.util.ArrayDeque<com.google.inject.Binding<com.google.inject.servlet.GuiceFilter>> is not assignable to java.util.Collection<? extends com.google.inject.Binding<com.google.inject.servlet.FilterDefinition>>
[MASTER] 07:17:46.553 [logback-1] WARN  TestChromosome - Functional mock problem: org.evosuite.ga.ConstructionFailedException: Failed to add constructor for java.util.ArrayList due to org.evosuite.ga.ConstructionFailedException: Error: VariableReference: Statement 0, type java.util.ArrayDeque<com.google.inject.Binding<com.google.inject.servlet.FilterDefinition>> is not assignable to java.util.Collection<? extends com.google.inject.Binding<com.google.inject.Binding<com.google.inject.servlet.FilterDefinition>>>
[Progress:======================>       76%] [Cov:==========================>        77%][MASTER] 07:17:46.558 [logback-1] WARN  TestChromosome - Functional mock problem: org.evosuite.ga.ConstructionFailedException: Failed to add constructor for java.util.ArrayList due to org.evosuite.ga.ConstructionFailedException: Error: VariableReference: Statement 2, type java.util.Collection<com.google.inject.Binding<java.lang.annotation.Annotation>> is not assignable to java.util.Collection<? extends com.google.inject.Binding<java.lang.Object>>
[Progress:======================>       76%] [Cov:==========================>        77%][MASTER] 07:17:46.638 [logback-1] WARN  TestChromosome - Functional mock problem: org.evosuite.ga.ConstructionFailedException: Failed to add constructor for java.util.Vector due to org.evosuite.ga.ConstructionFailedException: Error: VariableReference: Statement 2, type java.util.TreeSet<com.google.inject.Binding<java.lang.Object>> is not assignable to java.util.Collection<? extends com.google.inject.Binding<com.google.inject.servlet.FilterDefinition>>
[Progress:======================>       76%] [Cov:==========================>        77%][MASTER] 07:17:46.699 [logback-1] WARN  TestChromosome - Functional mock problem: org.evosuite.ga.ConstructionFailedException: Failed to add constructor for java.util.LinkedList due to org.evosuite.ga.ConstructionFailedException: Error: VariableReference: Statement 0, type java.util.Stack<com.google.inject.Binding<java.lang.Object>> is not assignable to java.util.Collection<? extends com.google.inject.Binding<com.google.inject.servlet.FilterDefinition>>
[MASTER] 07:17:46.791 [logback-1] WARN  TestChromosome - Functional mock problem: org.evosuite.ga.ConstructionFailedException: Failed to add constructor for java.util.Vector due to org.evosuite.ga.ConstructionFailedException: Error: VariableReference: Statement 1, type java.util.ArrayDeque<com.google.inject.Binding<java.lang.Object>> is not assignable to java.util.Collection<? extends com.google.inject.Binding<com.google.inject.servlet.FilterDefinition>>
[Progress:======================>       76%] [Cov:==========================>        77%][Progress:======================>       76%] [Cov:==========================>        77%][MASTER] 07:17:46.916 [logback-1] WARN  TestChromosome - Functional mock problem: org.evosuite.ga.ConstructionFailedException: Failed to add constructor for java.util.ArrayList due to org.evosuite.ga.ConstructionFailedException: Error: VariableReference: Statement 0, type java.util.LinkedHashSet<com.google.inject.Binding<com.google.inject.servlet.FilterDefinition>> is not assignable to java.util.Collection<? extends com.google.inject.Binding<java.lang.annotation.Annotation>>
[Progress:======================>       76%] [Cov:==========================>        77%][Progress:======================>       76%] [Cov:==========================>        77%][MASTER] 07:17:47.050 [logback-1] WARN  TestChromosome - Functional mock problem: org.evosuite.ga.ConstructionFailedException: Failed to add constructor for java.util.LinkedList due to org.evosuite.ga.ConstructionFailedException: Error: VariableReference: Statement 0, type java.util.TreeSet<com.google.inject.Binding<com.google.inject.servlet.GuiceFilter>> is not assignable to java.util.Collection<? extends com.google.inject.Binding<com.google.inject.servlet.FilterDefinition>>
[Progress:======================>       76%] [Cov:==========================>        77%][Progress:======================>       76%] [Cov:==========================>        77%][MASTER] 07:17:47.216 [logback-1] WARN  TestChromosome - Functional mock problem: org.evosuite.ga.ConstructionFailedException: Failed to add constructor for java.util.Vector due to org.evosuite.ga.ConstructionFailedException: Error: VariableReference: Statement 0, type java.util.ArrayList<com.google.inject.Binding<java.lang.Object>> is not assignable to java.util.Collection<? extends com.google.inject.Binding<jakarta.servlet.Filter>>
[Progress:======================>       76%] [Cov:==========================>        77%][MASTER] 07:17:47.309 [logback-1] WARN  TestChromosome - Functional mock problem: org.evosuite.ga.ConstructionFailedException: Failed to add constructor for java.util.ArrayList due to org.evosuite.ga.ConstructionFailedException: Error: VariableReference: Statement 0, type java.util.ArrayList<com.google.inject.Binding<java.lang.Object>> is not assignable to java.util.Collection<? extends com.google.inject.Binding<com.google.inject.servlet.FilterDefinition>>
[Progress:======================>       76%] [Cov:==========================>        77%][Progress:=======================>      78%] [Cov:==========================>        77%][Progress:=======================>      78%] [Cov:==========================>        77%][MASTER] 07:17:47.447 [logback-1] WARN  TestChromosome - Functional mock problem: org.evosuite.ga.ConstructionFailedException: Failed to add constructor for java.util.LinkedList due to org.evosuite.ga.ConstructionFailedException: Error: VariableReference: Statement 1, type java.util.ArrayList<com.google.inject.Binding<java.lang.Object>> is not assignable to java.util.Collection<? extends com.google.inject.Binding<com.google.inject.servlet.FilterDefinition>>
[MASTER] 07:17:47.479 [logback-1] WARN  TestChromosome - Functional mock problem: org.evosuite.ga.ConstructionFailedException: Failed to add constructor for java.util.Vector due to org.evosuite.ga.ConstructionFailedException: Error: VariableReference: Statement 0, type java.util.Stack<com.google.inject.Binding<java.lang.Object>> is not assignable to java.util.Collection<? extends com.google.inject.Binding<com.google.inject.Binding<com.google.inject.servlet.FilterDefinition>>>
[Progress:=======================>      78%] [Cov:==========================>        77%][Progress:=======================>      78%] [Cov:==========================>        77%][Progress:=======================>      78%] [Cov:==========================>        77%][Progress:=======================>      78%] [Cov:==========================>        77%][MASTER] 07:17:47.738 [logback-1] WARN  TestChromosome - Functional mock problem: org.evosuite.ga.ConstructionFailedException: Failed to add constructor for java.util.ArrayList due to org.evosuite.ga.ConstructionFailedException: Error: VariableReference: Statement 0, type java.util.PriorityQueue<com.google.inject.Binding<java.lang.annotation.Annotation>> is not assignable to java.util.Collection<? extends com.google.inject.Binding<com.google.inject.servlet.FilterDefinition>>
[Progress:=======================>      78%] [Cov:==========================>        77%][MASTER] 07:17:47.773 [logback-1] WARN  TestChromosome - Functional mock problem: org.evosuite.ga.ConstructionFailedException: Failed to add constructor for java.util.Vector due to org.evosuite.ga.ConstructionFailedException: Error: VariableReference: Statement 3, type java.util.Collection<com.google.inject.Binding<java.lang.Object>> is not assignable to java.util.Collection<? extends com.google.inject.Binding<jakarta.servlet.Filter>>
[Progress:=======================>      78%] [Cov:==========================>        77%][Progress:=======================>      78%] [Cov:==========================>        77%][Progress:=======================>      78%] [Cov:==========================>        77%][Progress:=======================>      78%] [Cov:==========================>        77%][Progress:=======================>      78%] [Cov:==========================>        77%][MASTER] 07:17:48.074 [logback-1] WARN  TestChromosome - Functional mock problem: org.evosuite.ga.ConstructionFailedException: Failed to add constructor for java.util.LinkedList due to org.evosuite.ga.ConstructionFailedException: Error: VariableReference: Statement 1, type java.util.Collection<com.google.inject.Binding<java.lang.Object>> is not assignable to java.util.Collection<? extends com.google.inject.Binding<com.google.inject.servlet.FilterDefinition>>
[MASTER] 07:17:48.121 [logback-1] WARN  TestChromosome - Functional mock problem: org.evosuite.ga.ConstructionFailedException: Failed to add constructor for java.util.ArrayList due to org.evosuite.ga.ConstructionFailedException: Error: VariableReference: Statement 1, type java.util.LinkedHashSet<com.google.inject.Binding<com.google.inject.servlet.FilterDefinition>> is not assignable to java.util.Collection<? extends com.google.inject.Binding<com.google.inject.Binding<java.lang.annotation.Annotation>>>
[Progress:=======================>      78%] [Cov:==========================>        77%][MASTER] 07:17:48.139 [logback-1] WARN  TestChromosome - Functional mock problem: org.evosuite.ga.ConstructionFailedException: Failed to add constructor for java.util.LinkedList due to org.evosuite.ga.ConstructionFailedException: Error: VariableReference: Statement 0, type java.util.LinkedList<com.google.inject.Binding<com.google.inject.servlet.GuiceFilter>> is not assignable to java.util.Collection<? extends com.google.inject.Binding<com.google.inject.servlet.FilterDefinition>>
[MASTER] 07:17:48.201 [logback-1] WARN  TestChromosome - Functional mock problem: org.evosuite.ga.ConstructionFailedException: Failed to add constructor for java.util.LinkedList due to org.evosuite.ga.ConstructionFailedException: Error: VariableReference: Statement 1, type java.util.ArrayList<com.google.inject.Binding<jakarta.servlet.Filter>> is not assignable to java.util.Collection<? extends com.google.inject.Binding<java.lang.Object>>
[Progress:=======================>      78%] [Cov:==========================>        77%][MASTER] 07:17:48.222 [logback-1] WARN  TestChromosome - Functional mock problem: org.evosuite.ga.ConstructionFailedException: Failed to add constructor for java.util.ArrayList due to org.evosuite.ga.ConstructionFailedException: Error: VariableReference: Statement 1, type java.util.Collection<com.google.inject.Binding<com.google.inject.servlet.GuiceFilter>> is not assignable to java.util.Collection<? extends com.google.inject.Binding<com.google.inject.servlet.FilterDefinition>>
[Progress:=======================>      78%] [Cov:==========================>        77%][Progress:=======================>      78%] [Cov:==========================>        77%][Progress:========================>     80%] [Cov:==========================>        77%][Progress:========================>     80%] [Cov:==========================>        77%][Progress:========================>     80%] [Cov:==========================>        77%][MASTER] 07:17:48.543 [logback-1] WARN  TestChromosome - Functional mock problem: org.evosuite.ga.ConstructionFailedException: Failed to add constructor for java.util.ArrayList due to org.evosuite.ga.ConstructionFailedException: Error: VariableReference: Statement 0, type java.util.TreeSet<com.google.inject.Binding<java.lang.annotation.Annotation>> is not assignable to java.util.Collection<? extends com.google.inject.Binding<java.lang.Object>>
[Progress:========================>     80%] [Cov:==========================>        77%][Progress:========================>     80%] [Cov:==========================>        77%][Progress:========================>     80%] [Cov:==========================>        77%][MASTER] 07:17:48.709 [logback-1] WARN  TestChromosome - Functional mock problem: org.evosuite.ga.ConstructionFailedException: Failed to add constructor for java.util.LinkedList due to org.evosuite.ga.ConstructionFailedException: Error: VariableReference: Statement 2, type java.util.LinkedHashSet<com.google.inject.Binding<com.google.inject.servlet.FilterDefinition>> is not assignable to java.util.Collection<? extends com.google.inject.Binding<java.lang.Object>>
[MASTER] 07:17:48.727 [logback-1] WARN  TestChromosome - Functional mock problem: org.evosuite.ga.ConstructionFailedException: Failed to add constructor for java.util.Vector due to org.evosuite.ga.ConstructionFailedException: Error: VariableReference: Statement 1, type java.util.Stack<com.google.inject.Binding<java.lang.Object>> is not assignable to java.util.Collection<? extends com.google.inject.Binding<com.google.inject.Binding<com.google.inject.servlet.FilterDefinition>>>
[Progress:========================>     80%] [Cov:==========================>        77%][MASTER] 07:17:48.855 [logback-1] WARN  TestChromosome - Functional mock problem: org.evosuite.ga.ConstructionFailedException: Failed to add constructor for java.util.ArrayList due to org.evosuite.ga.ConstructionFailedException: Error: VariableReference: Statement 0, type java.util.Vector<com.google.inject.Binding<java.lang.annotation.Annotation>> is not assignable to java.util.Collection<? extends com.google.inject.Binding<com.google.inject.Binding<com.google.inject.servlet.FilterDefinition>>>
[Progress:========================>     80%] [Cov:==========================>        77%][Progress:========================>     80%] [Cov:==========================>        77%][Progress:========================>     80%] [Cov:==========================>        77%][MASTER] 07:17:49.001 [logback-1] WARN  TestChromosome - Functional mock problem: org.evosuite.ga.ConstructionFailedException: Failed to add constructor for java.util.ArrayList due to org.evosuite.ga.ConstructionFailedException: Error: VariableReference: Statement 1, type java.util.Stack<com.google.inject.Binding<java.lang.Object>> is not assignable to java.util.Collection<? extends com.google.inject.Binding<jakarta.servlet.Filter>>
[Progress:========================>     80%] [Cov:==========================>        77%][MASTER] 07:17:49.067 [logback-1] WARN  TestChromosome - Functional mock problem: org.evosuite.ga.ConstructionFailedException: Failed to add constructor for java.util.Vector due to org.evosuite.ga.ConstructionFailedException: Error: VariableReference: Statement 1, type java.util.ArrayList<com.google.inject.Binding<java.lang.Object>> is not assignable to java.util.Collection<? extends com.google.inject.Binding<com.google.inject.servlet.FilterDefinition>>
[Progress:========================>     80%] [Cov:==========================>        77%][Progress:========================>     80%] [Cov:==========================>        77%][Progress:========================>     80%] [Cov:==========================>        77%][MASTER] 07:17:49.312 [logback-1] WARN  TestChromosome - Functional mock problem: org.evosuite.ga.ConstructionFailedException: Failed to add constructor for java.util.LinkedList due to org.evosuite.ga.ConstructionFailedException: Error: VariableReference: Statement 0, type java.util.Vector<com.google.inject.Binding<java.lang.Object>> is not assignable to java.util.Collection<? extends com.google.inject.Binding<com.google.inject.servlet.FilterDefinition>>
[Progress:========================>     80%] [Cov:==========================>        77%][MASTER] 07:17:49.382 [logback-1] WARN  TestChromosome - Functional mock problem: org.evosuite.ga.ConstructionFailedException: Failed to add constructor for java.util.ArrayList due to org.evosuite.ga.ConstructionFailedException: Error: VariableReference: Statement 2, type java.util.LinkedHashSet<com.google.inject.Binding<java.lang.annotation.Annotation>> is not assignable to java.util.Collection<? extends com.google.inject.Binding<java.lang.Object>>
[Progress:========================>     81%] [Cov:==========================>        77%][Progress:========================>     81%] [Cov:==========================>        77%][MASTER] 07:17:49.531 [logback-1] WARN  TestChromosome - Functional mock problem: org.evosuite.ga.ConstructionFailedException: Failed to add constructor for java.util.LinkedList due to org.evosuite.ga.ConstructionFailedException: Error: VariableReference: Statement 2, type java.util.Vector<com.google.inject.Binding<java.lang.Object>> is not assignable to java.util.Collection<? extends com.google.inject.Binding<com.google.inject.servlet.FilterDefinition>>
[Progress:========================>     81%] [Cov:==========================>        77%][MASTER] 07:17:49.608 [logback-1] WARN  TestChromosome - Functional mock problem: org.evosuite.ga.ConstructionFailedException: Failed to add constructor for java.util.Vector due to org.evosuite.ga.ConstructionFailedException: Error: VariableReference: Statement 0, type java.util.Stack<com.google.inject.Binding<java.lang.annotation.Annotation>> is not assignable to java.util.Collection<? extends com.google.inject.Binding<com.google.inject.servlet.FilterDefinition>>
[Progress:========================>     81%] [Cov:==========================>        77%][Progress:========================>     81%] [Cov:==========================>        77%][MASTER] 07:17:49.885 [logback-1] WARN  TestChromosome - Functional mock problem: org.evosuite.ga.ConstructionFailedException: Failed to add constructor for java.util.LinkedList due to org.evosuite.ga.ConstructionFailedException: Error: VariableReference: Statement 0, type java.util.ArrayDeque<com.google.inject.Binding<java.lang.Object>> is not assignable to java.util.Collection<? extends com.google.inject.Binding<com.google.inject.Binding<java.lang.Object>>>
[Progress:========================>     81%] [Cov:==========================>        77%][Progress:========================>     81%] [Cov:==========================>        77%][Progress:========================>     81%] [Cov:==========================>        77%][Progress:========================>     81%] [Cov:==========================>        77%][MASTER] 07:17:50.199 [logback-1] WARN  TestChromosome - Functional mock problem: org.evosuite.ga.ConstructionFailedException: Failed to add constructor for java.util.ArrayList due to org.evosuite.ga.ConstructionFailedException: Error: VariableReference: Statement 0, type java.util.Vector<com.google.inject.Binding<java.lang.Object>> is not assignable to java.util.Collection<? extends com.google.inject.Binding<java.lang.annotation.Annotation>>
[Progress:========================>     81%] [Cov:==========================>        77%][Progress:========================>     81%] [Cov:==========================>        77%][Progress:========================>     83%] [Cov:==========================>        77%][Progress:========================>     83%] [Cov:==========================>        77%][MASTER] 07:17:50.517 [logback-1] WARN  TestChromosome - Functional mock problem: org.evosuite.ga.ConstructionFailedException: Failed to add constructor for java.util.LinkedList due to org.evosuite.ga.ConstructionFailedException: Error: VariableReference: Statement 0, type java.util.Collection<com.google.inject.Binding<com.google.inject.servlet.FilterDefinition>> is not assignable to java.util.Collection<? extends com.google.inject.Binding<java.lang.Object>>
[Progress:========================>     83%] [Cov:==========================>        77%][Progress:========================>     83%] [Cov:==========================>        77%][Progress:========================>     83%] [Cov:==========================>        77%][Progress:========================>     83%] [Cov:==========================>        77%][MASTER] 07:17:50.816 [logback-1] WARN  TestChromosome - Functional mock problem: org.evosuite.ga.ConstructionFailedException: Failed to add constructor for java.util.Vector due to org.evosuite.ga.ConstructionFailedException: Error: VariableReference: Statement 0, type java.util.LinkedHashSet<com.google.inject.Binding<java.lang.Object>> is not assignable to java.util.Collection<? extends com.google.inject.Binding<com.google.inject.servlet.FilterDefinition>>
[Progress:========================>     83%] [Cov:==========================>        77%][Progress:========================>     83%] [Cov:==========================>        77%][Progress:========================>     83%] [Cov:==========================>        77%][MASTER] 07:17:51.102 [logback-1] WARN  TestChromosome - Functional mock problem: org.evosuite.ga.ConstructionFailedException: Failed to add constructor for java.util.ArrayList due to org.evosuite.ga.ConstructionFailedException: Error: VariableReference: Statement 1, type java.util.Stack<com.google.inject.Binding<java.lang.Object>> is not assignable to java.util.Collection<? extends com.google.inject.Binding<com.google.inject.servlet.FilterDefinition>>
[Progress:========================>     83%] [Cov:==========================>        77%][Progress:========================>     83%] [Cov:==========================>        77%][Progress:========================>     83%] [Cov:==========================>        77%][Progress:========================>     83%] [Cov:==========================>        77%][Progress:=========================>    85%] [Cov:==========================>        77%][MASTER] 07:17:51.421 [logback-1] WARN  TestChromosome - Functional mock problem: org.evosuite.ga.ConstructionFailedException: Failed to add constructor for java.util.Vector due to org.evosuite.ga.ConstructionFailedException: Error: VariableReference: Statement 1, type java.util.ArrayList<com.google.inject.Binding<java.lang.annotation.Annotation>> is not assignable to java.util.Collection<? extends com.google.inject.Binding<com.google.inject.servlet.FilterDefinition>>
[Progress:=========================>    85%] [Cov:==========================>        77%][MASTER] 07:17:51.536 [logback-1] WARN  TestChromosome - Functional mock problem: org.evosuite.ga.ConstructionFailedException: Failed to add constructor for java.util.LinkedList due to org.evosuite.ga.ConstructionFailedException: Error: VariableReference: Statement 1, type java.util.LinkedHashSet<com.google.inject.Binding<com.google.inject.servlet.FilterDefinition>> is not assignable to java.util.Collection<? extends com.google.inject.Binding<java.lang.Object>>
[Progress:=========================>    85%] [Cov:==========================>        77%][Progress:=========================>    85%] [Cov:==========================>        77%][Progress:=========================>    85%] [Cov:==========================>        77%][Progress:=========================>    85%] [Cov:==========================>        77%][Progress:=========================>    85%] [Cov:==========================>        77%][Progress:=========================>    85%] [Cov:==========================>        77%][Progress:=========================>    85%] [Cov:==========================>        77%][Progress:=========================>    85%] [Cov:==========================>        77%][MASTER] 07:17:51.977 [logback-1] WARN  TestChromosome - Functional mock problem: org.evosuite.ga.ConstructionFailedException: Failed to add constructor for java.util.Vector due to org.evosuite.ga.ConstructionFailedException: Error: VariableReference: Statement 0, type java.util.LinkedHashSet<com.google.inject.Binding<java.lang.annotation.Annotation>> is not assignable to java.util.Collection<? extends com.google.inject.Binding<java.lang.Object>>
[Progress:=========================>    85%] [Cov:==========================>        77%][Progress:=========================>    85%] [Cov:==========================>        77%][Progress:=========================>    85%] [Cov:==========================>        77%][MASTER] 07:17:52.179 [logback-1] WARN  TestChromosome - Functional mock problem: org.evosuite.ga.ConstructionFailedException: Failed to add constructor for java.util.Vector due to org.evosuite.ga.ConstructionFailedException: Error: VariableReference: Statement 0, type java.util.ArrayList<com.google.inject.Binding<com.google.inject.servlet.FilterDefinition>> is not assignable to java.util.Collection<? extends com.google.inject.Binding<com.google.inject.Binding<com.google.inject.servlet.FilterDefinition>>>
[MASTER] 07:17:52.228 [logback-1] WARN  TestChromosome - Functional mock problem: org.evosuite.ga.ConstructionFailedException: Failed to add constructor for java.util.Vector due to org.evosuite.ga.ConstructionFailedException: Error: VariableReference: Statement 1, type java.util.Stack<com.google.inject.Binding<java.lang.Object>> is not assignable to java.util.Collection<? extends com.google.inject.Binding<com.google.inject.servlet.FilterDefinition>>
[Progress:=========================>    85%] [Cov:==========================>        77%][Progress:=========================>    85%] [Cov:==========================>        77%][MASTER] 07:17:52.309 [logback-1] WARN  TestChromosome - Functional mock problem: org.evosuite.ga.ConstructionFailedException: Failed to add constructor for java.util.LinkedList due to org.evosuite.ga.ConstructionFailedException: Error: VariableReference: Statement 2, type java.util.Stack<com.google.inject.Binding<java.lang.Object>> is not assignable to java.util.Collection<? extends com.google.inject.Binding<com.google.inject.servlet.FilterDefinition>>
[Progress:=========================>    85%] [Cov:==========================>        77%][Progress:=========================>    86%] [Cov:==========================>        77%][Progress:=========================>    86%] [Cov:==========================>        77%][MASTER] 07:17:52.489 [logback-1] WARN  TestChromosome - Functional mock problem: org.evosuite.ga.ConstructionFailedException: Failed to add constructor for java.util.Vector due to org.evosuite.ga.ConstructionFailedException: Error: VariableReference: Statement 1, type java.util.HashSet<com.google.inject.Binding<java.lang.annotation.Annotation>> is not assignable to java.util.Collection<? extends com.google.inject.Binding<com.google.inject.Binding<com.google.inject.servlet.FilterDefinition>>>
[Progress:=========================>    86%] [Cov:==========================>        77%][MASTER] 07:17:52.633 [logback-1] WARN  TestChromosome - Functional mock problem: org.evosuite.ga.ConstructionFailedException: Failed to add constructor for java.util.LinkedList due to org.evosuite.ga.ConstructionFailedException: Error: VariableReference: Statement 9, type java.util.LinkedList<com.google.inject.Binding<java.lang.annotation.Annotation>> is not assignable to java.util.Collection<? extends com.google.inject.Binding<java.lang.Object>>
[Progress:=========================>    86%] [Cov:==========================>        77%][MASTER] 07:17:52.678 [logback-1] WARN  TestChromosome - Functional mock problem: org.evosuite.ga.ConstructionFailedException: Failed to add constructor for java.util.ArrayList due to org.evosuite.ga.ConstructionFailedException: Failed to add constructor for java.util.HashSet due to org.evosuite.ga.ConstructionFailedException: Error: VariableReference: Statement 0, type java.util.PriorityQueue<com.google.inject.Binding<java.lang.annotation.Annotation>> is not assignable to java.util.Collection<? extends com.google.inject.Binding<java.lang.Object>>
[Progress:=========================>    86%] [Cov:==========================>        77%][Progress:=========================>    86%] [Cov:==========================>        77%][Progress:=========================>    86%] [Cov:==========================>        77%][Progress:=========================>    86%] [Cov:==========================>        77%][Progress:=========================>    86%] [Cov:==========================>        77%][Progress:=========================>    86%] [Cov:==========================>        77%][Progress:=========================>    86%] [Cov:==========================>        77%][Progress:=========================>    86%] [Cov:==========================>        77%][MASTER] 07:17:53.251 [logback-1] WARN  TestChromosome - Functional mock problem: org.evosuite.ga.ConstructionFailedException: Failed to add constructor for java.util.Vector due to org.evosuite.ga.ConstructionFailedException: Failed to add constructor for java.util.ArrayList due to org.evosuite.ga.ConstructionFailedException: Error: VariableReference: Statement 1, type java.util.LinkedHashSet<com.google.inject.Binding<java.lang.Object>> is not assignable to java.util.Collection<? extends com.google.inject.Binding<java.lang.annotation.Annotation>>
[MASTER] 07:17:53.274 [logback-1] WARN  TestChromosome - Functional mock problem: org.evosuite.ga.ConstructionFailedException: Failed to add constructor for java.util.LinkedList due to org.evosuite.ga.ConstructionFailedException: Error: VariableReference: Statement 0, type java.util.Vector<com.google.inject.Binding<com.google.inject.servlet.FilterDefinition>> is not assignable to java.util.Collection<? extends com.google.inject.Binding<com.google.inject.Binding<java.lang.Object>>>
[Progress:=========================>    86%] [Cov:==========================>        77%][MASTER] 07:17:53.340 [logback-1] WARN  TestChromosome - Functional mock problem: org.evosuite.ga.ConstructionFailedException: Failed to add constructor for java.util.Vector due to org.evosuite.ga.ConstructionFailedException: Error: VariableReference: Statement 0, type java.util.Collection<com.google.inject.Binding<java.lang.Object>> is not assignable to java.util.Collection<? extends com.google.inject.Binding<java.lang.annotation.Annotation>>
[Progress:==========================>   88%] [Cov:==========================>        77%][Progress:==========================>   88%] [Cov:==========================>        77%][Progress:==========================>   88%] [Cov:==========================>        77%][Progress:==========================>   88%] [Cov:==========================>        77%][MASTER] 07:17:53.847 [logback-1] WARN  TestChromosome - Functional mock problem: org.evosuite.ga.ConstructionFailedException: Failed to add constructor for java.util.Vector due to org.evosuite.ga.ConstructionFailedException: Error: VariableReference: Statement 0, type java.util.ArrayDeque<com.google.inject.Binding<com.google.inject.servlet.GuiceFilter>> is not assignable to java.util.Collection<? extends com.google.inject.Binding<java.lang.Object>>
[MASTER] 07:17:53.874 [logback-1] WARN  TestChromosome - Functional mock problem: org.evosuite.ga.ConstructionFailedException: Failed to add constructor for java.util.ArrayList due to org.evosuite.ga.ConstructionFailedException: Error: VariableReference: Statement 2, type java.util.LinkedHashSet<com.google.inject.Binding<java.lang.Object>> is not assignable to java.util.Collection<? extends com.google.inject.Binding<com.google.inject.Binding<java.lang.Object>>>
[Progress:==========================>   88%] [Cov:==========================>        77%][Progress:==========================>   88%] [Cov:==========================>        77%][MASTER] 07:17:54.068 [logback-1] WARN  TestChromosome - Functional mock problem: org.evosuite.ga.ConstructionFailedException: Failed to add constructor for java.util.Vector due to org.evosuite.ga.ConstructionFailedException: Failed to add constructor for java.util.ArrayList due to org.evosuite.ga.ConstructionFailedException: Error: VariableReference: Statement 0, type java.util.LinkedList<com.google.inject.Binding<java.lang.Object>> is not assignable to java.util.Collection<? extends com.google.inject.Binding<com.google.inject.servlet.FilterDefinition>>
[MASTER] 07:17:54.082 [logback-1] WARN  TestChromosome - Functional mock problem: org.evosuite.ga.ConstructionFailedException: Failed to add constructor for java.util.ArrayList due to org.evosuite.ga.ConstructionFailedException: Error: VariableReference: Statement 0, type java.util.ArrayDeque<com.google.inject.Binding<com.google.inject.servlet.FilterDefinition>> is not assignable to java.util.Collection<? extends com.google.inject.Binding<java.lang.annotation.Annotation>>
[Progress:==========================>   88%] [Cov:==========================>        77%][Progress:==========================>   88%] [Cov:==========================>        77%][MASTER] 07:17:54.221 [logback-1] WARN  TestChromosome - Functional mock problem: org.evosuite.ga.ConstructionFailedException: Failed to add constructor for java.util.ArrayList due to org.evosuite.ga.ConstructionFailedException: Error: VariableReference: Statement 0, type java.util.LinkedList<com.google.inject.Binding<java.lang.Object>> is not assignable to java.util.Collection<? extends com.google.inject.Binding<com.google.inject.Binding<java.lang.Object>>>
[Progress:==========================>   88%] [Cov:==========================>        77%][Progress:==========================>   88%] [Cov:==========================>        77%][MASTER] 07:17:54.399 [logback-1] WARN  TestChromosome - Functional mock problem: org.evosuite.ga.ConstructionFailedException: Failed to add constructor for java.util.Vector due to org.evosuite.ga.ConstructionFailedException: Error: VariableReference: Statement 1, type java.util.ArrayList<com.google.inject.Binding<java.lang.Object>> is not assignable to java.util.Collection<? extends com.google.inject.Binding<com.google.inject.Binding<java.lang.Object>>>
[Progress:===========================>  90%] [Cov:==========================>        77%][Progress:===========================>  91%] [Cov:==========================>        77%][Progress:===========================>  91%] [Cov:==========================>        77%][Progress:===========================>  91%] [Cov:==========================>        77%][Progress:===========================>  91%] [Cov:==========================>        77%][MASTER] 07:17:55.946 [logback-1] WARN  TestChromosome - Functional mock problem: org.evosuite.ga.ConstructionFailedException: Failed to add constructor for java.util.LinkedList due to org.evosuite.ga.ConstructionFailedException: Error: VariableReference: Statement 0, type java.util.Vector<com.google.inject.Binding<java.lang.Object>> is not assignable to java.util.Collection<? extends com.google.inject.Binding<com.google.inject.Binding<java.lang.Object>>>
[Progress:===========================>  91%] [Cov:==========================>        77%][Progress:===========================>  91%] [Cov:==========================>        77%][Progress:===========================>  91%] [Cov:==========================>        77%][Progress:===========================>  91%] [Cov:==========================>        77%][Progress:===========================>  91%] [Cov:==========================>        77%][Progress:===========================>  91%] [Cov:==========================>        77%][Progress:===========================>  91%] [Cov:==========================>        77%][Progress:===========================>  93%] [Cov:==========================>        77%][Progress:===========================>  93%] [Cov:==========================>        77%][MASTER] 07:17:56.588 [logback-1] WARN  TestChromosome - Functional mock problem: org.evosuite.ga.ConstructionFailedException: Failed to add constructor for java.util.LinkedList due to org.evosuite.ga.ConstructionFailedException: Error: VariableReference: Statement 12, type java.util.HashSet<com.google.inject.Binding<java.lang.Object>> is not assignable to java.util.Collection<? extends com.google.inject.Binding<com.google.inject.Binding<com.google.inject.servlet.GuiceFilter>>>
[Progress:===========================>  93%] [Cov:==========================>        77%][MASTER] 07:17:56.637 [logback-1] WARN  TestChromosome - Functional mock problem: org.evosuite.ga.ConstructionFailedException: Failed to add constructor for java.util.Vector due to org.evosuite.ga.ConstructionFailedException: Error: VariableReference: Statement 2, type java.util.LinkedHashSet<com.google.inject.Binding<java.lang.Object>> is not assignable to java.util.Collection<? extends com.google.inject.Binding<com.google.inject.Binding<java.lang.annotation.Annotation>>>
[MASTER] 07:17:56.652 [logback-1] WARN  TestChromosome - Functional mock problem: org.evosuite.ga.ConstructionFailedException: Failed to add constructor for java.util.ArrayList due to org.evosuite.ga.ConstructionFailedException: Error: VariableReference: Statement 2, type java.util.Stack<com.google.inject.Binding<java.lang.Object>> is not assignable to java.util.Collection<? extends com.google.inject.Binding<com.google.inject.Binding<com.google.inject.servlet.FilterDefinition>>>
[Progress:===========================>  93%] [Cov:==========================>        77%][MASTER] 07:17:56.683 [logback-1] WARN  TestChromosome - Functional mock problem: org.evosuite.ga.ConstructionFailedException: Failed to add constructor for java.util.ArrayList due to org.evosuite.ga.ConstructionFailedException: Error: VariableReference: Statement 0, type java.util.Stack<com.google.inject.Binding<com.google.inject.servlet.FilterDefinition>> is not assignable to java.util.Collection<? extends com.google.inject.Binding<com.google.inject.Binding<java.lang.Object>>>
[Progress:===========================>  93%] [Cov:==========================>        77%][Progress:===========================>  93%] [Cov:==========================>        77%][MASTER] 07:17:56.909 [logback-1] WARN  TestChromosome - Functional mock problem: org.evosuite.ga.ConstructionFailedException: Failed to add constructor for java.util.Vector due to org.evosuite.ga.ConstructionFailedException: Error: VariableReference: Statement 1, type java.util.LinkedHashSet<com.google.inject.Binding<java.lang.Object>> is not assignable to java.util.Collection<? extends com.google.inject.Binding<com.google.inject.servlet.FilterDefinition>>
[Progress:===========================>  93%] [Cov:==========================>        77%][MASTER] 07:17:56.950 [logback-1] WARN  TestChromosome - Functional mock problem: org.evosuite.ga.ConstructionFailedException: Failed to add constructor for java.util.Vector due to org.evosuite.ga.ConstructionFailedException: Error: VariableReference: Statement 0, type java.util.HashSet<com.google.inject.Binding<com.google.inject.servlet.FilterDefinition>> is not assignable to java.util.Collection<? extends com.google.inject.Binding<java.lang.Object>>
[Progress:===========================>  93%] [Cov:==========================>        77%][MASTER] 07:17:57.050 [logback-1] WARN  TestChromosome - Functional mock problem: org.evosuite.ga.ConstructionFailedException: Failed to add constructor for java.util.Vector due to org.evosuite.ga.ConstructionFailedException: Error: VariableReference: Statement 0, type java.util.Collection<com.google.inject.Binding<com.google.inject.servlet.FilterDefinition>> is not assignable to java.util.Collection<? extends com.google.inject.Binding<java.lang.annotation.Annotation>>
[Progress:===========================>  93%] [Cov:==========================>        77%][Progress:===========================>  93%] [Cov:==========================>        77%][Progress:===========================>  93%] [Cov:==========================>        77%][Progress:===========================>  93%] [Cov:==========================>        77%][MASTER] 07:17:57.331 [logback-1] WARN  TestChromosome - Functional mock problem: org.evosuite.ga.ConstructionFailedException: Failed to add constructor for java.util.LinkedList due to org.evosuite.ga.ConstructionFailedException: Failed to add constructor for java.util.TreeSet due to org.evosuite.ga.ConstructionFailedException: Error: VariableReference: Statement 1, type java.util.HashSet<com.google.inject.Binding<java.lang.Object>> is not assignable to java.util.Collection<? extends com.google.inject.Binding<java.lang.annotation.Annotation>>
[MASTER] 07:17:57.361 [logback-1] WARN  TestChromosome - Functional mock problem: org.evosuite.ga.ConstructionFailedException: Failed to add constructor for java.util.Vector due to org.evosuite.ga.ConstructionFailedException: Error: VariableReference: Statement 1, type java.util.ArrayDeque<com.google.inject.Binding<java.lang.Object>> is not assignable to java.util.Collection<? extends com.google.inject.Binding<java.lang.annotation.Annotation>>
[Progress:============================> 95%] [Cov:==========================>        77%][MASTER] 07:17:57.405 [logback-1] WARN  TestChromosome - Functional mock problem: org.evosuite.ga.ConstructionFailedException: Failed to add constructor for java.util.LinkedList due to org.evosuite.ga.ConstructionFailedException: Error: VariableReference: Statement 0, type java.util.HashSet<com.google.inject.Binding<java.lang.Object>> is not assignable to java.util.Collection<? extends com.google.inject.Binding<java.lang.annotation.Annotation>>
[Progress:============================> 95%] [Cov:==========================>        77%][Progress:============================> 95%] [Cov:==========================>        77%][Progress:============================> 95%] [Cov:==========================>        77%][Progress:============================> 95%] [Cov:==========================>        77%][MASTER] 07:17:57.703 [logback-1] WARN  TestChromosome - Functional mock problem: org.evosuite.ga.ConstructionFailedException: Failed to add constructor for java.util.ArrayList due to org.evosuite.ga.ConstructionFailedException: Error: VariableReference: Statement 1, type java.util.Stack<com.google.inject.Binding<java.lang.Object>> is not assignable to java.util.Collection<? extends com.google.inject.Binding<java.lang.annotation.Annotation>>
[Progress:============================> 95%] [Cov:==========================>        77%][MASTER] 07:17:57.782 [logback-1] WARN  TestChromosome - Functional mock problem: org.evosuite.ga.ConstructionFailedException: Failed to add constructor for java.util.ArrayList due to org.evosuite.ga.ConstructionFailedException: Error: VariableReference: Statement 0, type java.util.PriorityQueue<com.google.inject.Binding<java.lang.Object>> is not assignable to java.util.Collection<? extends com.google.inject.Binding<com.google.inject.Binding<com.google.inject.servlet.FilterDefinition>>>
[Progress:============================> 95%] [Cov:==========================>        77%][Progress:============================> 95%] [Cov:==========================>        77%][Progress:============================> 95%] [Cov:==========================>        77%][Progress:============================> 95%] [Cov:==========================>        77%][Progress:============================> 95%] [Cov:==========================>        77%][Progress:============================> 95%] [Cov:==========================>        77%][Progress:============================> 95%] [Cov:==========================>        77%][Progress:============================> 95%] [Cov:==========================>        77%][MASTER] 07:17:58.385 [logback-1] WARN  TestChromosome - Functional mock problem: org.evosuite.ga.ConstructionFailedException: Failed to add constructor for java.util.ArrayList due to org.evosuite.ga.ConstructionFailedException: Error: VariableReference: Statement 1, type java.util.Vector<com.google.inject.Binding<java.lang.Object>> is not assignable to java.util.Collection<? extends com.google.inject.Binding<com.google.inject.servlet.FilterDefinition>>
[Progress:============================> 96%] [Cov:==========================>        77%][MASTER] 07:17:58.453 [logback-1] WARN  TestChromosome - Functional mock problem: org.evosuite.ga.ConstructionFailedException: Failed to add constructor for java.util.ArrayList due to org.evosuite.ga.ConstructionFailedException: Error: VariableReference: Statement 0, type java.util.Vector<com.google.inject.Binding<java.lang.Object>> is not assignable to java.util.Collection<? extends com.google.inject.Binding<com.google.inject.servlet.FilterDefinition>>
[MASTER] 07:17:58.475 [logback-1] WARN  TestChromosome - Functional mock problem: org.evosuite.ga.ConstructionFailedException: Failed to add constructor for java.util.ArrayList due to org.evosuite.ga.ConstructionFailedException: Error: VariableReference: Statement 2, type java.util.LinkedHashSet<com.google.inject.Binding<java.lang.Object>> is not assignable to java.util.Collection<? extends com.google.inject.Binding<com.google.inject.servlet.GuiceFilter>>
[Progress:============================> 96%] [Cov:==========================>        77%][MASTER] 07:17:58.559 [logback-1] WARN  TestChromosome - Functional mock problem: org.evosuite.ga.ConstructionFailedException: Failed to add constructor for java.util.ArrayList due to org.evosuite.ga.ConstructionFailedException: Error: VariableReference: Statement 12, type java.util.TreeSet<com.google.inject.Binding<java.lang.annotation.Annotation>> is not assignable to java.util.Collection<? extends com.google.inject.Binding<com.google.inject.Binding<java.lang.annotation.Annotation>>>
[Progress:============================> 96%] [Cov:==========================>        77%][Progress:=============================>98%] [Cov:==========================>        77%][MASTER] 07:17:59.441 [logback-1] WARN  TestChromosome - Functional mock problem: org.evosuite.ga.ConstructionFailedException: Failed to add constructor for java.util.ArrayList due to org.evosuite.ga.ConstructionFailedException: Error: VariableReference: Statement 1, type java.util.HashSet<com.google.inject.Binding<java.lang.Object>> is not assignable to java.util.Collection<? extends com.google.inject.Binding<com.google.inject.Binding<jakarta.servlet.Filter>>>
[Progress:=============================>98%] [Cov:==========================>        77%][MASTER] 07:17:59.514 [logback-1] WARN  TestChromosome - Functional mock problem: org.evosuite.ga.ConstructionFailedException: Failed to add constructor for java.util.LinkedList due to org.evosuite.ga.ConstructionFailedException: Error: VariableReference: Statement 3, type java.util.LinkedList<com.google.inject.Binding<java.lang.Object>> is not assignable to java.util.Collection<? extends com.google.inject.Binding<com.google.inject.Binding<java.lang.Object>>>
[MASTER] 07:17:59.571 [logback-1] WARN  TestChromosome - Functional mock problem: org.evosuite.ga.ConstructionFailedException: Failed to add constructor for java.util.Vector due to org.evosuite.ga.ConstructionFailedException: Error: VariableReference: Statement 1, type java.util.Collection<com.google.inject.Binding<java.lang.annotation.Annotation>> is not assignable to java.util.Collection<? extends com.google.inject.Binding<com.google.inject.servlet.FilterDefinition>>
[Progress:=============================>98%] [Cov:==========================>        77%][Progress:=============================>98%] [Cov:==========================>        77%][MASTER] 07:17:59.692 [logback-1] WARN  TestChromosome - Functional mock problem: org.evosuite.ga.ConstructionFailedException: Failed to add constructor for java.util.LinkedList due to org.evosuite.ga.ConstructionFailedException: Error: VariableReference: Statement 2, type java.util.ArrayDeque<com.google.inject.Binding<com.google.inject.servlet.FilterDefinition>> is not assignable to java.util.Collection<? extends com.google.inject.Binding<java.lang.Object>>
[Progress:=============================>98%] [Cov:==========================>        77%][MASTER] 07:17:59.740 [logback-1] WARN  TestChromosome - Functional mock problem: org.evosuite.ga.ConstructionFailedException: Failed to add constructor for java.util.ArrayList due to org.evosuite.ga.ConstructionFailedException: Error: VariableReference: Statement 1, type java.util.LinkedHashSet<com.google.inject.Binding<java.lang.Object>> is not assignable to java.util.Collection<? extends com.google.inject.Binding<com.google.inject.servlet.FilterDefinition>>
[MASTER] 07:17:59.806 [logback-1] WARN  TestChromosome - Functional mock problem: org.evosuite.ga.ConstructionFailedException: Failed to add constructor for java.util.Vector due to org.evosuite.ga.ConstructionFailedException: Error: VariableReference: Statement 0, type java.util.LinkedList<com.google.inject.Binding<com.google.inject.servlet.FilterDefinition>> is not assignable to java.util.Collection<? extends com.google.inject.Binding<java.lang.annotation.Annotation>>
[Progress:=============================>98%] [Cov:==========================>        77%][Progress:=============================>98%] [Cov:==========================>        77%][MASTER] 07:17:59.914 [logback-1] WARN  TestChromosome - Functional mock problem: org.evosuite.ga.ConstructionFailedException: Failed to add constructor for java.util.ArrayList due to org.evosuite.ga.ConstructionFailedException: Error: VariableReference: Statement 0, type java.util.LinkedHashSet<com.google.inject.Binding<com.google.inject.servlet.FilterDefinition>> is not assignable to java.util.Collection<? extends com.google.inject.Binding<java.lang.Object>>
[Progress:=============================>98%] [Cov:==========================>        77%][Progress:=============================>98%] [Cov:==========================>        77%][Progress:=============================>98%] [Cov:==========================>        77%][MASTER] 07:18:00.116 [logback-1] WARN  TestChromosome - Functional mock problem: org.evosuite.ga.ConstructionFailedException: Failed to add constructor for java.util.ArrayList due to org.evosuite.ga.ConstructionFailedException: Error: VariableReference: Statement 1, type java.util.Stack<com.google.inject.Binding<java.lang.annotation.Annotation>> is not assignable to java.util.Collection<? extends com.google.inject.Binding<java.lang.Object>>
[MASTER] 07:18:00.150 [logback-1] WARN  TestChromosome - Functional mock problem: org.evosuite.ga.ConstructionFailedException: Failed to add constructor for java.util.LinkedList due to org.evosuite.ga.ConstructionFailedException: Error: VariableReference: Statement 0, type java.util.HashSet<com.google.inject.Binding<com.google.inject.servlet.FilterDefinition>> is not assignable to java.util.Collection<? extends com.google.inject.Binding<java.lang.annotation.Annotation>>
[Progress:=============================>98%] [Cov:==========================>        77%][Progress:=============================>98%] [Cov:==========================>        77%][MASTER] 07:18:00.291 [logback-1] WARN  TestChromosome - Functional mock problem: org.evosuite.ga.ConstructionFailedException: Failed to add constructor for java.util.ArrayList due to org.evosuite.ga.ConstructionFailedException: Error: VariableReference: Statement 1, type java.util.LinkedList<com.google.inject.Binding<java.lang.Object>> is not assignable to java.util.Collection<? extends com.google.inject.Binding<com.google.inject.servlet.FilterDefinition>>
[Progress:=============================>98%] [Cov:==========================>        77%][MASTER] 07:18:00.379 [logback-1] WARN  TestChromosome - Functional mock problem: org.evosuite.ga.ConstructionFailedException: Failed to add constructor for java.util.Vector due to org.evosuite.ga.ConstructionFailedException: Error: VariableReference: Statement 1, type java.util.Vector<com.google.inject.Binding<java.lang.Object>> is not assignable to java.util.Collection<? extends com.google.inject.Binding<jakarta.servlet.Filter>>
[Progress:==============================100%] [Cov:==========================>        77%][Progress:==============================100%] [Cov:==========================>        77%][Progress:==============================100%] [Cov:==========================>        77%][Progress:==============================100%] [Cov:==========================>        77%][Progress:==============================100%] [Cov:==========================>        77%][Progress:==============================100%] [Cov:==========================>        77%][Progress:==============================100%] [Cov:==========================>        77%][Progress:==============================100%] [Cov:==========================>        77%][Progress:==============================100%] [Cov:==========================>        77%][Progress:==============================100%] [Cov:==========================>        77%][MASTER] 07:18:01.108 [logback-1] WARN  TestChromosome - Functional mock problem: org.evosuite.ga.ConstructionFailedException: Failed to add constructor for java.util.Vector due to org.evosuite.ga.ConstructionFailedException: Error: VariableReference: Statement 1, type java.util.TreeSet<com.google.inject.Binding<jakarta.servlet.Filter>> is not assignable to java.util.Collection<? extends com.google.inject.Binding<java.lang.Object>>
[Progress:==============================100%] [Cov:==========================>        77%][Progress:==============================100%] [Cov:==========================>        77%][MASTER] 07:18:01.241 [logback-1] WARN  TestChromosome - Functional mock problem: org.evosuite.ga.ConstructionFailedException: Failed to add constructor for java.util.LinkedList due to org.evosuite.ga.ConstructionFailedException: Error: VariableReference: Statement 0, type java.util.LinkedHashSet<com.google.inject.Binding<java.lang.Object>> is not assignable to java.util.Collection<? extends com.google.inject.Binding<java.lang.annotation.Annotation>>
[Progress:==============================100%] [Cov:==========================>        77%][Progress:==============================100%] [Cov:==========================>        77%][Progress:==============================100%] [Cov:==========================>        77%]
* Search finished after 62s and 599 generations, 223377 statements, best individual has fitness: 34.0
* Minimizing test suite
* Going to analyze the coverage criteria
* Coverage analysis for criterion LINE
* Coverage of criterion LINE: 86%
* Total number of goals: 35
* Number of covered goals: 30
* Coverage analysis for criterion BRANCH
* Coverage of criterion BRANCH: 69%
* Total number of goals: 16
* Number of covered goals: 11
* Coverage analysis for criterion EXCEPTION
* Coverage of criterion EXCEPTION: 100%
* Total number of goals: 6
* Number of covered goals: 6
* Coverage analysis for criterion WEAKMUTATION
* Coverage of criterion WEAKMUTATION: 52%
* Total number of goals: 25
* Number of covered goals: 13
* Coverage analysis for criterion OUTPUT
* Coverage of criterion OUTPUT: 100% (no goals)
* Coverage analysis for criterion METHOD
* Coverage of criterion METHOD: 100%
* Total number of goals: 4
* Number of covered goals: 4
* Coverage analysis for criterion METHODNOEXCEPTION
* Coverage of criterion METHODNOEXCEPTION: 100%
* Total number of goals: 4
* Number of covered goals: 4
* Coverage analysis for criterion CBRANCH
* Coverage of criterion CBRANCH: 69%
* Total number of goals: 16
* Number of covered goals: 11
* Generated 9 tests with total length 62
* Resulting test suite's coverage: 78% (average coverage for all fitness functions)
* Generating assertions
* Resulting test suite's mutation score: 8%
* Compiling and checking tests
* Writing tests to file
* Writing JUnit test case 'ManagedFilterPipeline_ESTest' to evosuite-tests
* Done!

* Computation finished
