* EvoSuite 1.2.0
* Going to generate test cases for class: com.google.common.io.CharSource
* Starting Client-0
* Connecting to master process on port 19476
* Analyzing classpath: 
  - /home/wtwhite/code/craw-redhat-oss/wget/crawl/repo1.maven.org/maven2/com/google/guava/guava/31.0.1-jre/guava-31.0.1-jre.jar
  - t/dependency/checker-qual-3.12.0.jar
  - t/dependency/error_prone_annotations-2.7.1.jar
  - t/dependency/failureaccess-1.0.1.jar
  - t/dependency/j2objc-annotations-1.3.jar
  - t/dependency/jsr305-3.0.2.jar
  - t/dependency/listenablefuture-9999.0-empty-to-avoid-conflict-with-guava.jar
* Finished analyzing classpath
* Generating tests for class com.google.common.io.CharSource
* Test criteria:
  - Line Coverage
  - Branch Coverage
  - Exception
  - Mutation testing (weak)
  - Method-Output Coverage
  - Top-Level Method Coverage
  - No-Exception Top-Level Method Coverage
  - Context Branch Coverage
* Total number of test goals for DYNAMOSA: 588
* Using seed 1729700809045
* Starting evolution
[Progress:>                             0%] [Cov:>                                  0%]* Initial Number of Goals in DynaMOSA = 299 / 588
[MASTER] 05:26:51.551 [logback-1] WARN  TestCluster - Failed to check cache for java.util.stream.Stream<T> : Type points to itself
[Progress:=>                            6%] [Cov:==========>                        31%][MASTER] 05:26:55.411 [logback-1] WARN  CoverageArchive - A solution with a timeout/exception result has been added to the archive. The covered goal was Branch com.google.common.io.CharSource.openBufferedStream()Ljava/io/BufferedReader;: I9 Branch 1 IFEQ L127 - true in context: com.google.common.io.CharSource:openBufferedStream()Ljava/io/BufferedReader;
[MASTER] 05:26:55.412 [logback-1] WARN  CoverageArchive - A solution with a timeout/exception result has been added to the archive. The covered goal was [METHOD] com.google.common.io.CharSource.openBufferedStream()Ljava/io/BufferedReader;
[MASTER] 05:26:55.413 [logback-1] WARN  CoverageArchive - A solution with a timeout/exception result has been added to the archive. The covered goal was [METHODNOEX] com.google.common.io.CharSource.openBufferedStream()Ljava/io/BufferedReader;
[Progress:=>                            6%] [Cov:==============>                    41%][Progress:===>                          13%] [Cov:================>                  46%][MASTER] 05:26:59.595 [logback-1] WARN  TestCluster - Failed to check cache for java.util.Comparator<T> : Type points to itself
[MASTER] 05:26:59.739 [logback-1] WARN  TestChromosome - Functional mock problem: org.evosuite.ga.ConstructionFailedException: Failed to add constructor for java.io.OutputStreamWriter due to org.evosuite.ga.ConstructionFailedException: Failed to add constructor for java.io.BufferedOutputStream due to org.evosuite.ga.ConstructionFailedException: Failed to add constructor for org.evosuite.runtime.mock.java.io.MockPrintStream due to org.evosuite.ga.ConstructionFailedException: Failed to add constructor for java.io.ObjectOutputStream due to org.evosuite.ga.ConstructionFailedException: Failed to add constructor for org.evosuite.runtime.mock.java.io.MockPrintStream due to org.evosuite.ga.ConstructionFailedException: Max recursion depth reached
[Progress:===>                          13%] [Cov:=================>                 49%][Progress:===>                          13%] [Cov:=================>                 50%][Progress:====>                         15%] [Cov:=================>                 49%][Progress:====>                         15%] [Cov:===================>               57%][Progress:====>                         15%] [Cov:====================>              58%][Progress:=========>                    31%] [Cov:=====================>             60%][Progress:==========>                   36%] [Cov:====================>              59%][Progress:===========>                  38%] [Cov:=====================>             60%][Progress:============>                 40%] [Cov:=====================>             60%][Progress:============>                 40%] [Cov:=====================>             60%][Progress:============>                 40%] [Cov:=====================>             60%][Progress:============>                 41%] [Cov:=====================>             61%][Progress:============>                 43%] [Cov:=====================>             60%][Progress:==============>               48%] [Cov:=====================>             60%][Progress:==============>               48%] [Cov:=====================>             60%][Progress:================>             56%] [Cov:=====================>             60%][Progress:==================>           61%] [Cov:=====================>             60%][Progress:==================>           63%] [Cov:=====================>             61%][Progress:=====================>        71%] [Cov:=====================>             61%][Progress:=====================>        71%] [Cov:=====================>             61%][Progress:=====================>        71%] [Cov:======================>            63%][Progress:=====================>        71%] [Cov:=====================>             62%][Progress:=====================>        73%] [Cov:======================>            63%][Progress:========================>     81%] [Cov:======================>            63%][Progress:===========================>  91%] [Cov:======================>            63%][Progress:===========================>  91%] [Cov:======================>            63%][Progress:==============================100%] [Cov:=====================>             62%][Progress:==============================100%] [Cov:=====================>             62%]
* Search finished after 65s and 30 generations, 15820 statements, best individual has fitness: 203.0
* Minimizing test suite
* Going to analyze the coverage criteria
* Coverage analysis for criterion LINE
* Coverage of criterion LINE: 80%
* Total number of goals: 169
* Number of covered goals: 136
* Coverage analysis for criterion BRANCH
* Coverage of criterion BRANCH: 79%
* Total number of goals: 80
* Number of covered goals: 63
* Coverage analysis for criterion EXCEPTION
* Coverage of criterion EXCEPTION: 100%
* Total number of goals: 14
* Number of covered goals: 14
* Coverage analysis for criterion WEAKMUTATION
* Coverage of criterion WEAKMUTATION: 52%
* Total number of goals: 134
* Number of covered goals: 70
* Coverage analysis for criterion OUTPUT
* Coverage of criterion OUTPUT: 56%
* Total number of goals: 43
* Number of covered goals: 24
* Coverage analysis for criterion METHOD
* Coverage of criterion METHOD: 46%
* Total number of goals: 41
* Number of covered goals: 19
* Coverage analysis for criterion METHODNOEXCEPTION
* Coverage of criterion METHODNOEXCEPTION: 46%
* Total number of goals: 41
* Number of covered goals: 19
* Coverage analysis for criterion CBRANCH
* Coverage of criterion CBRANCH: 80%
* Total number of goals: 80
* Number of covered goals: 64
* Generated 53 tests with total length 209
* Resulting test suite's coverage: 62% (average coverage for all fitness functions)
* Generating assertions
* Resulting test suite's mutation score: 43%
* Compiling and checking tests
[MASTER] 05:28:25.938 [logback-1] WARN  JUnitAnalyzer - Found unstable test named test0 -> class java.lang.StackOverflowError: null
[MASTER] 05:28:25.940 [logback-1] WARN  JUnitAnalyzer - Failing test:
 PriorityQueue<CharSource> priorityQueue0 = new PriorityQueue<CharSource>();
CharSource charSource0 = CharSource.concat((Iterable<? extends CharSource>) priorityQueue0);
charSource0.read();
priorityQueue0.add(charSource0);
CharSource charSource1 = CharSource.concat((Iterable<? extends CharSource>) priorityQueue0);
Charset.defaultCharset();
Integer integer0 = new Integer(8192);
charSource1.lengthIfKnown();

* Permissions denied during test execution: 
  - java.lang.RuntimePermission: 
         writeFileDescriptor: 1
* Writing tests to file
* Writing JUnit test case 'CharSource_ESTest' to evosuite-tests
* Done!

* Computation finished
