* EvoSuite 1.2.0
* Going to generate test cases for class: com.google.common.util.concurrent.MoreExecutors
* Starting Client-0
* Connecting to master process on port 21809
* Analyzing classpath: 
  - /home/wtwhite/code/craw-redhat-oss/wget/crawl/repo1.maven.org/maven2/com/google/guava/guava/31.0.1-jre/guava-31.0.1-jre.jar
  - t/dependency/checker-qual-3.12.0.jar
  - t/dependency/error_prone_annotations-2.7.1.jar
  - t/dependency/failureaccess-1.0.1.jar
  - t/dependency/j2objc-annotations-1.3.jar
  - t/dependency/jsr305-3.0.2.jar
  - t/dependency/listenablefuture-9999.0-empty-to-avoid-conflict-with-guava.jar
* Finished analyzing classpath
* Generating tests for class com.google.common.util.concurrent.MoreExecutors
* Test criteria:
  - Line Coverage
  - Branch Coverage
  - Exception
  - Mutation testing (weak)
  - Method-Output Coverage
  - Top-Level Method Coverage
  - No-Exception Top-Level Method Coverage
  - Context Branch Coverage
* Total number of test goals for DYNAMOSA: 884
* Using seed 1729705886151
* Starting evolution
[Progress:>                             0%] [Cov:>                                  0%]* Initial Number of Goals in DynaMOSA = 449 / 884
[MASTER] 06:51:28.978 [logback-1] WARN  TestCluster - Failed to check cache for com.google.common.collect.ImmutableCollection<com.google.common.util.concurrent.ListenableFutureTask<java.lang.Object>> : Type points to itself
[MASTER] 06:51:31.575 [logback-1] WARN  TestCluster - Failed to check cache for java.util.Comparator<T> : Type points to itself
[Progress:=====>                        18%] [Cov:==============>                    41%][Progress:========>                     28%] [Cov:===============>                   44%][Progress:==========>                   35%] [Cov:=================>                 50%][Progress:============>                 41%] [Cov:====================>              59%][MASTER] 06:51:54.214 [logback-1] WARN  TestCluster - Failed to check cache for java.util.concurrent.CompletableFuture<T> : Type points to itself
[MASTER] 06:52:00.835 [logback-1] WARN  TestCluster - Failed to check cache for java.util.Iterator<E> : Type points to itself
[MASTER] 06:52:04.149 [logback-1] WARN  TestCluster - Failed to check cache for java.util.Collection<java.util.concurrent.Callable<java.time.chrono.IsoEra>> : Type points to itself
[MASTER] 06:52:09.492 [logback-1] WARN  TestCluster - Failed to check cache for java.util.Collection<java.util.concurrent.Callable<java.time.format.ResolverStyle>> : Type points to itself
[Progress:====================>         68%] [Cov:====================>              58%][MASTER] 06:52:14.884 [logback-1] WARN  TestCluster - Failed to check cache for java.util.Collection<java.util.concurrent.Callable<java.time.temporal.ChronoUnit>> : Type points to itself
[MASTER] 06:52:14.920 [logback-1] WARN  TestChromosome - Functional mock problem: org.evosuite.ga.ConstructionFailedException: Type points to itself
[MASTER] 06:52:14.979 [logback-1] WARN  TestCluster - Failed to check cache for java.lang.Iterable<java.util.concurrent.Callable<java.util.concurrent.Delayed>> : Type points to itself
[MASTER] 06:52:15.124 [logback-1] WARN  TestCluster - Failed to check cache for java.lang.Comparable<T> : Type points to itself
[MASTER] 06:52:15.214 [logback-1] WARN  TestCluster - Failed to check cache for com.google.common.collect.ImmutableCollection<com.google.common.util.concurrent.ImmediateFuture<java.util.concurrent.ScheduledThreadPoolExecutor>.ImmediateFailedFuture<java.util.concurrent.ScheduledThreadPoolExecutor>> : Type points to itself
[Progress:=======================>      78%] [Cov:====================>              58%][MASTER] 06:52:16.203 [logback-1] WARN  TestCluster - Failed to check cache for java.lang.Iterable<java.util.concurrent.Callable<java.time.chrono.IsoEra>> : Type points to itself
[MASTER] 06:52:16.488 [logback-1] WARN  TestCluster - Failed to check cache for java.util.Collection<java.util.concurrent.Callable<java.util.Locale$FilteringMode>> : Type points to itself
[MASTER] 06:52:16.538 [logback-1] WARN  TestChromosome - Functional mock problem: org.evosuite.ga.ConstructionFailedException: Error: VariableReference: Statement 6, type com.google.common.collect.ImmutableSet<java.util.concurrent.Callable<java.lang.Object>> is not assignable to java.util.Collection<? extends java.util.concurrent.Callable<java.util.concurrent.ScheduledThreadPoolExecutor>>
[MASTER] 06:52:16.649 [logback-1] WARN  TestCluster - Failed to check cache for java.util.concurrent.ForkJoinTask<V> : Type points to itself
[Progress:=========================>    85%] [Cov:====================>              58%][MASTER] 06:52:24.961 [logback-1] WARN  TestChromosome - Functional mock problem: org.evosuite.ga.ConstructionFailedException: Error: VariableReference: Statement 5, type java.util.Collection<java.util.concurrent.Callable<java.lang.Object>> is not assignable to java.util.Collection<? extends java.util.concurrent.Callable<java.util.concurrent.ScheduledThreadPoolExecutor>>
[MASTER] 06:52:25.033 [logback-1] WARN  TestChromosome - Functional mock problem: org.evosuite.ga.ConstructionFailedException: Error: VariableReference: Statement 6, type java.util.concurrent.LinkedTransferQueue<java.util.concurrent.Callable<java.lang.Object>> is not assignable to java.util.Collection<? extends java.util.concurrent.Callable<java.util.concurrent.ScheduledThreadPoolExecutor>>
[MASTER] 06:52:28.199 [logback-1] WARN  TestChromosome - Functional mock problem: org.evosuite.ga.ConstructionFailedException: Error: VariableReference: Statement 12, type com.google.common.collect.ImmutableList<java.util.concurrent.Callable<java.util.concurrent.ScheduledThreadPoolExecutor>> is not assignable to java.util.Collection<? extends java.util.concurrent.Callable<java.util.concurrent.Delayed>>
[Progress:=============================>98%] [Cov:===================>               57%][Progress:==============================100%] [Cov:===================>               57%]
* Search finished after 63s and 8 generations, 4335 statements, best individual has fitness: 361.0
* Minimizing test suite
* Going to analyze the coverage criteria
* Coverage analysis for criterion LINE
* Coverage of criterion LINE: 62%
* Total number of goals: 275
* Number of covered goals: 171
* Coverage analysis for criterion BRANCH
* Coverage of criterion BRANCH: 67%
* Total number of goals: 118
* Number of covered goals: 79
* Coverage analysis for criterion EXCEPTION
* Coverage of criterion EXCEPTION: 100%
* Total number of goals: 15
* Number of covered goals: 15
* Coverage analysis for criterion WEAKMUTATION
* Coverage of criterion WEAKMUTATION: 59%
* Total number of goals: 231
* Number of covered goals: 137
* Coverage analysis for criterion OUTPUT
* Coverage of criterion OUTPUT: 48%
* Total number of goals: 48
* Number of covered goals: 23
* Coverage analysis for criterion METHOD
* Coverage of criterion METHOD: 60%
* Total number of goals: 47
* Number of covered goals: 28
* Coverage analysis for criterion METHODNOEXCEPTION
* Coverage of criterion METHODNOEXCEPTION: 60%
* Total number of goals: 47
* Number of covered goals: 28
* Coverage analysis for criterion CBRANCH
* Coverage of criterion CBRANCH: 67%
* Total number of goals: 118
* Number of covered goals: 79
* Generated 43 tests with total length 154
* Resulting test suite's coverage: 58% (average coverage for all fitness functions)
* Generating assertions
* Resulting test suite's mutation score: 16%
[MASTER] 06:53:50.472 [logback-1] WARN  SimpleMutationAssertionGenerator - Reached maximum time to generate assertions, aborting assertion generation
* Compiling and checking tests
* Writing tests to file
* Writing JUnit test case 'MoreExecutors_ESTest' to evosuite-tests
* Done!

* Computation finished
