-------------------------------------------------------------------------------
Test set: io.netty.handler.codec.http.multipart.AbstractDiskHttpData_ESTest
-------------------------------------------------------------------------------
Tests run: 68, Failures: 3, Errors: 0, Skipped: 0, Time elapsed: 9.956 s <<< FAILURE! -- in io.netty.handler.codec.http.multipart.AbstractDiskHttpData_ESTest
io.netty.handler.codec.http.multipart.AbstractDiskHttpData_ESTest.test40 -- Time elapsed: 0.023 s <<< FAILURE!
java.lang.AssertionError: Expecting exception: NoSuchMethodError
	at org.junit.Assert.fail(Assert.java:89)
	at io.netty.handler.codec.http.multipart.AbstractDiskHttpData_ESTest.test40(AbstractDiskHttpData_ESTest.java:715)
	at sun.reflect.NativeMethodAccessorImpl.invoke0(Native Method)
	at sun.reflect.NativeMethodAccessorImpl.invoke(NativeMethodAccessorImpl.java:62)
	at sun.reflect.DelegatingMethodAccessorImpl.invoke(DelegatingMethodAccessorImpl.java:43)
	at java.lang.reflect.Method.invoke(Method.java:498)
	at org.junit.runners.model.FrameworkMethod$1.runReflectiveCall(FrameworkMethod.java:59)
	at org.junit.internal.runners.model.ReflectiveCallable.run(ReflectiveCallable.java:12)
	at org.junit.runners.model.FrameworkMethod.invokeExplosively(FrameworkMethod.java:56)
	at org.junit.internal.runners.statements.InvokeMethod.evaluate(InvokeMethod.java:17)
	at org.junit.internal.runners.statements.FailOnTimeout$CallableStatement.call(FailOnTimeout.java:299)
	at org.junit.internal.runners.statements.FailOnTimeout$CallableStatement.call(FailOnTimeout.java:293)
	at java.util.concurrent.FutureTask.run(FutureTask.java:266)
	at java.lang.Thread.run(Thread.java:750)

io.netty.handler.codec.http.multipart.AbstractDiskHttpData_ESTest.test50 -- Time elapsed: 0.020 s <<< FAILURE!
java.lang.AssertionError: Expecting exception: NoSuchMethodError
	at org.junit.Assert.fail(Assert.java:89)
	at io.netty.handler.codec.http.multipart.AbstractDiskHttpData_ESTest.test50(AbstractDiskHttpData_ESTest.java:865)
	at sun.reflect.NativeMethodAccessorImpl.invoke0(Native Method)
	at sun.reflect.NativeMethodAccessorImpl.invoke(NativeMethodAccessorImpl.java:62)
	at sun.reflect.DelegatingMethodAccessorImpl.invoke(DelegatingMethodAccessorImpl.java:43)
	at java.lang.reflect.Method.invoke(Method.java:498)
	at org.junit.runners.model.FrameworkMethod$1.runReflectiveCall(FrameworkMethod.java:59)
	at org.junit.internal.runners.model.ReflectiveCallable.run(ReflectiveCallable.java:12)
	at org.junit.runners.model.FrameworkMethod.invokeExplosively(FrameworkMethod.java:56)
	at org.junit.internal.runners.statements.InvokeMethod.evaluate(InvokeMethod.java:17)
	at org.junit.internal.runners.statements.FailOnTimeout$CallableStatement.call(FailOnTimeout.java:299)
	at org.junit.internal.runners.statements.FailOnTimeout$CallableStatement.call(FailOnTimeout.java:293)
	at java.util.concurrent.FutureTask.run(FutureTask.java:266)
	at java.lang.Thread.run(Thread.java:750)

io.netty.handler.codec.http.multipart.AbstractDiskHttpData_ESTest.test51 -- Time elapsed: 0.034 s <<< FAILURE!
java.lang.AssertionError: Expecting exception: NoSuchMethodError
	at org.junit.Assert.fail(Assert.java:89)
	at io.netty.handler.codec.http.multipart.AbstractDiskHttpData_ESTest.test51(AbstractDiskHttpData_ESTest.java:885)
	at sun.reflect.NativeMethodAccessorImpl.invoke0(Native Method)
	at sun.reflect.NativeMethodAccessorImpl.invoke(NativeMethodAccessorImpl.java:62)
	at sun.reflect.DelegatingMethodAccessorImpl.invoke(DelegatingMethodAccessorImpl.java:43)
	at java.lang.reflect.Method.invoke(Method.java:498)
	at org.junit.runners.model.FrameworkMethod$1.runReflectiveCall(FrameworkMethod.java:59)
	at org.junit.internal.runners.model.ReflectiveCallable.run(ReflectiveCallable.java:12)
	at org.junit.runners.model.FrameworkMethod.invokeExplosively(FrameworkMethod.java:56)
	at org.junit.internal.runners.statements.InvokeMethod.evaluate(InvokeMethod.java:17)
	at org.junit.internal.runners.statements.FailOnTimeout$CallableStatement.call(FailOnTimeout.java:299)
	at org.junit.internal.runners.statements.FailOnTimeout$CallableStatement.call(FailOnTimeout.java:293)
	at java.util.concurrent.FutureTask.run(FutureTask.java:266)
	at java.lang.Thread.run(Thread.java:750)

