JUnit version 4.13.1
.E.E................................
Time: 0.647
There were 2 failures:
1) test08(com.google.common.jimfs.WindowsPathType_ESTest)
java.lang.ExceptionInInitializerError
	at sun.reflect.NativeMethodAccessorImpl.invoke0(Native Method)
	at sun.reflect.NativeMethodAccessorImpl.invoke(NativeMethodAccessorImpl.java:62)
	at sun.reflect.DelegatingMethodAccessorImpl.invoke(DelegatingMethodAccessorImpl.java:43)
	at java.lang.reflect.Method.invoke(Method.java:498)
	at org.evosuite.runtime.classhandling.ClassResetter.reset(ClassResetter.java:159)
	at org.evosuite.runtime.classhandling.ClassStateSupport.resetClasses(ClassStateSupport.java:137)
	at com.google.common.jimfs.WindowsPathType_ESTest_scaffolding.resetClasses(WindowsPathType_ESTest_scaffolding.java:138)
	at com.google.common.jimfs.WindowsPathType_ESTest_scaffolding.doneWithTestCase(WindowsPathType_ESTest_scaffolding.java:66)
	... 36 trimmed
Caused by: java.lang.NullPointerException
	at com.google.common.collect.ImmutableList$Itr.<init>(ImmutableList.java:379)
	at com.google.common.collect.ImmutableList.<clinit>(ImmutableList.java)
	... 45 more
2) test09(com.google.common.jimfs.WindowsPathType_ESTest)
java.lang.IllegalStateException: Trying to set up the sandbox while executing a test case
	at org.evosuite.runtime.sandbox.MSecurityManager.goingToExecuteTestCase(MSecurityManager.java:339)
	at org.evosuite.runtime.sandbox.Sandbox.goingToExecuteSUTCode(Sandbox.java:127)
	at com.google.common.jimfs.WindowsPathType_ESTest_scaffolding.initTestCase(WindowsPathType_ESTest_scaffolding.java:54)

FAILURES!!!
Tests run: 34,  Failures: 2

