<?xml version="1.0" encoding="UTF-8"?>
<testsuite xmlns:xsi="http://www.w3.org/2001/XMLSchema-instance" xsi:noNamespaceSchemaLocation="https://maven.apache.org/surefire/maven-surefire-plugin/xsd/surefire-test-report-3.0.xsd" version="3.0" name="com.google.common.base.Preconditions_ESTest" time="0.354" tests="176" errors="0" skipped="0" failures="0">
  <properties>
[...]
</properties>
  <testcase name="test008" classname="com.google.common.base.Preconditions_ESTest" time="0.002"/>
  <testcase name="test129" classname="com.google.common.base.Preconditions_ESTest" time="0.002"/>
  <testcase name="test009" classname="com.google.common.base.Preconditions_ESTest" time="0.001"/>
  <testcase name="test006" classname="com.google.common.base.Preconditions_ESTest" time="0.002"/>
  <testcase name="test127" classname="com.google.common.base.Preconditions_ESTest" time="0.002"/>
  <testcase name="test007" classname="com.google.common.base.Preconditions_ESTest" time="0.001"/>
  <testcase name="test128" classname="com.google.common.base.Preconditions_ESTest" time="0.001"/>
  <testcase name="test004" classname="com.google.common.base.Preconditions_ESTest" time="0.001"/>
  <testcase name="test125" classname="com.google.common.base.Preconditions_ESTest" time="0.002"/>
  <testcase name="test005" classname="com.google.common.base.Preconditions_ESTest" time="0.001"/>
  <testcase name="test126" classname="com.google.common.base.Preconditions_ESTest" time="0.001"/>
  <testcase name="test002" classname="com.google.common.base.Preconditions_ESTest" time="0.002"/>
  <testcase name="test123" classname="com.google.common.base.Preconditions_ESTest" time="0.002"/>
  <testcase name="test003" classname="com.google.common.base.Preconditions_ESTest" time="0.002"/>
  <testcase name="test124" classname="com.google.common.base.Preconditions_ESTest" time="0.001"/>
  <testcase name="test011" classname="com.google.common.base.Preconditions_ESTest" time="0.004"/>
  <testcase name="test099" classname="com.google.common.base.Preconditions_ESTest" time="0.003"/>
  <testcase name="test132" classname="com.google.common.base.Preconditions_ESTest" time="0.002"/>
  <testcase name="test012" classname="com.google.common.base.Preconditions_ESTest" time="0.001"/>
  <testcase name="test133" classname="com.google.common.base.Preconditions_ESTest" time="0.003"/>
  <testcase name="test097" classname="com.google.common.base.Preconditions_ESTest" time="0.002"/>
  <testcase name="test130" classname="com.google.common.base.Preconditions_ESTest" time="0.019"/>
  <testcase name="test010" classname="com.google.common.base.Preconditions_ESTest" time="0.002"/>
  <testcase name="test098" classname="com.google.common.base.Preconditions_ESTest" time="0.002"/>
  <testcase name="test131" classname="com.google.common.base.Preconditions_ESTest" time="0.002"/>
  <testcase name="test095" classname="com.google.common.base.Preconditions_ESTest" time="0.002"/>
  <testcase name="test096" classname="com.google.common.base.Preconditions_ESTest" time="0.002"/>
  <testcase name="test093" classname="com.google.common.base.Preconditions_ESTest" time="0.002"/>
  <testcase name="test094" classname="com.google.common.base.Preconditions_ESTest" time="0.002"/>
  <testcase name="test091" classname="com.google.common.base.Preconditions_ESTest" time="0.003"/>
  <testcase name="test092" classname="com.google.common.base.Preconditions_ESTest" time="0.001"/>
  <testcase name="test090" classname="com.google.common.base.Preconditions_ESTest" time="0.002"/>
  <testcase name="test118" classname="com.google.common.base.Preconditions_ESTest" time="0.002"/>
  <testcase name="test119" classname="com.google.common.base.Preconditions_ESTest" time="0.001"/>
  <testcase name="test116" classname="com.google.common.base.Preconditions_ESTest" time="0.002"/>
  <testcase name="test117" classname="com.google.common.base.Preconditions_ESTest" time="0.002"/>
  <testcase name="test114" classname="com.google.common.base.Preconditions_ESTest" time="0.002"/>
  <testcase name="test115" classname="com.google.common.base.Preconditions_ESTest" time="0.002"/>
  <testcase name="test079" classname="com.google.common.base.Preconditions_ESTest" time="0.002"/>
  <testcase name="test112" classname="com.google.common.base.Preconditions_ESTest" time="0.002"/>
  <testcase name="test113" classname="com.google.common.base.Preconditions_ESTest" time="0.001"/>
  <testcase name="test000" classname="com.google.common.base.Preconditions_ESTest" time="0.001"/>
  <testcase name="test088" classname="com.google.common.base.Preconditions_ESTest" time="0.002"/>
  <testcase name="test121" classname="com.google.common.base.Preconditions_ESTest" time="0.002"/>
  <testcase name="test001" classname="com.google.common.base.Preconditions_ESTest" time="0.002"/>
  <testcase name="test089" classname="com.google.common.base.Preconditions_ESTest" time="0.002"/>
  <testcase name="test122" classname="com.google.common.base.Preconditions_ESTest" time="0.001"/>
  <testcase name="test086" classname="com.google.common.base.Preconditions_ESTest" time="0.002"/>
  <testcase name="test087" classname="com.google.common.base.Preconditions_ESTest" time="0.002"/>
  <testcase name="test120" classname="com.google.common.base.Preconditions_ESTest" time="0.002"/>
  <testcase name="test084" classname="com.google.common.base.Preconditions_ESTest" time="0.001"/>
  <testcase name="test085" classname="com.google.common.base.Preconditions_ESTest" time="0.002"/>
  <testcase name="test082" classname="com.google.common.base.Preconditions_ESTest" time="0.002"/>
  <testcase name="test083" classname="com.google.common.base.Preconditions_ESTest" time="0.002"/>
  <testcase name="test080" classname="com.google.common.base.Preconditions_ESTest" time="0.001"/>
  <testcase name="test081" classname="com.google.common.base.Preconditions_ESTest" time="0.002"/>
  <testcase name="test109" classname="com.google.common.base.Preconditions_ESTest" time="0.005"/>
  <testcase name="test107" classname="com.google.common.base.Preconditions_ESTest" time="0.003"/>
  <testcase name="test108" classname="com.google.common.base.Preconditions_ESTest" time="0.002"/>
  <testcase name="test105" classname="com.google.common.base.Preconditions_ESTest" time="0.001"/>
  <testcase name="test106" classname="com.google.common.base.Preconditions_ESTest" time="0.002"/>
  <testcase name="test103" classname="com.google.common.base.Preconditions_ESTest" time="0.002"/>
  <testcase name="test104" classname="com.google.common.base.Preconditions_ESTest" time="0.002"/>
  <testcase name="test068" classname="com.google.common.base.Preconditions_ESTest" time="0.003"/>
  <testcase name="test101" classname="com.google.common.base.Preconditions_ESTest" time="0.001"/>
  <testcase name="test069" classname="com.google.common.base.Preconditions_ESTest" time="0.003"/>
  <testcase name="test102" classname="com.google.common.base.Preconditions_ESTest" time="0.003"/>
  <testcase name="test077" classname="com.google.common.base.Preconditions_ESTest" time="0.001"/>
  <testcase name="test110" classname="com.google.common.base.Preconditions_ESTest" time="0.002"/>
  <testcase name="test078" classname="com.google.common.base.Preconditions_ESTest" time="0.002"/>
  <testcase name="test111" classname="com.google.common.base.Preconditions_ESTest" time="0.002"/>
  <testcase name="test075" classname="com.google.common.base.Preconditions_ESTest" time="0.002"/>
  <testcase name="test076" classname="com.google.common.base.Preconditions_ESTest" time="0.002"/>
  <testcase name="test073" classname="com.google.common.base.Preconditions_ESTest" time="0.003"/>
  <testcase name="test074" classname="com.google.common.base.Preconditions_ESTest" time="0.003"/>
  <testcase name="test071" classname="com.google.common.base.Preconditions_ESTest" time="0.002"/>
  <testcase name="test072" classname="com.google.common.base.Preconditions_ESTest" time="0.002"/>
  <testcase name="test070" classname="com.google.common.base.Preconditions_ESTest" time="0.002"/>
  <testcase name="test059" classname="com.google.common.base.Preconditions_ESTest" time="0.002"/>
  <testcase name="test057" classname="com.google.common.base.Preconditions_ESTest" time="0.002"/>
  <testcase name="test058" classname="com.google.common.base.Preconditions_ESTest" time="0.003"/>
  <testcase name="test066" classname="com.google.common.base.Preconditions_ESTest" time="0.002"/>
  <testcase name="test067" classname="com.google.common.base.Preconditions_ESTest" time="0.002"/>
  <testcase name="test100" classname="com.google.common.base.Preconditions_ESTest" time="0.002"/>
  <testcase name="test064" classname="com.google.common.base.Preconditions_ESTest" time="0.003"/>
  <testcase name="test065" classname="com.google.common.base.Preconditions_ESTest" time="0.001"/>
  <testcase name="test062" classname="com.google.common.base.Preconditions_ESTest" time="0.002"/>
  <testcase name="test063" classname="com.google.common.base.Preconditions_ESTest" time="0.002"/>
  <testcase name="test060" classname="com.google.common.base.Preconditions_ESTest" time="0.002"/>
  <testcase name="test061" classname="com.google.common.base.Preconditions_ESTest" time="0.002"/>
  <testcase name="test048" classname="com.google.common.base.Preconditions_ESTest" time="0.001"/>
  <testcase name="test169" classname="com.google.common.base.Preconditions_ESTest" time="0.003"/>
  <testcase name="test049" classname="com.google.common.base.Preconditions_ESTest" time="0.002"/>
  <testcase name="test046" classname="com.google.common.base.Preconditions_ESTest" time="0.001"/>
  <testcase name="test167" classname="com.google.common.base.Preconditions_ESTest" time="0.002"/>
  <testcase name="test047" classname="com.google.common.base.Preconditions_ESTest" time="0.002"/>
  <testcase name="test168" classname="com.google.common.base.Preconditions_ESTest" time="0.001"/>
  <testcase name="test055" classname="com.google.common.base.Preconditions_ESTest" time="0.002"/>
  <testcase name="test056" classname="com.google.common.base.Preconditions_ESTest" time="0.002"/>
  <testcase name="test053" classname="com.google.common.base.Preconditions_ESTest" time="0.002"/>
  <testcase name="test174" classname="com.google.common.base.Preconditions_ESTest" time="0.001"/>
  <testcase name="test054" classname="com.google.common.base.Preconditions_ESTest" time="0.002"/>
  <testcase name="test175" classname="com.google.common.base.Preconditions_ESTest" time="0.001"/>
  <testcase name="test051" classname="com.google.common.base.Preconditions_ESTest" time="0.001"/>
  <testcase name="test172" classname="com.google.common.base.Preconditions_ESTest" time="0.002"/>
  <testcase name="test052" classname="com.google.common.base.Preconditions_ESTest" time="0.004"/>
  <testcase name="test173" classname="com.google.common.base.Preconditions_ESTest" time="0.002"/>
  <testcase name="test170" classname="com.google.common.base.Preconditions_ESTest" time="0.001"/>
  <testcase name="test050" classname="com.google.common.base.Preconditions_ESTest" time="0.002"/>
  <testcase name="test171" classname="com.google.common.base.Preconditions_ESTest" time="0.002"/>
  <testcase name="test039" classname="com.google.common.base.Preconditions_ESTest" time="0.002"/>
  <testcase name="test037" classname="com.google.common.base.Preconditions_ESTest" time="0.002"/>
  <testcase name="test158" classname="com.google.common.base.Preconditions_ESTest" time="0.001"/>
  <testcase name="test038" classname="com.google.common.base.Preconditions_ESTest" time="0.002"/>
  <testcase name="test159" classname="com.google.common.base.Preconditions_ESTest" time="0.002"/>
  <testcase name="test035" classname="com.google.common.base.Preconditions_ESTest" time="0.002"/>
  <testcase name="test156" classname="com.google.common.base.Preconditions_ESTest" time="0.001"/>
  <testcase name="test036" classname="com.google.common.base.Preconditions_ESTest" time="0.001"/>
  <testcase name="test157" classname="com.google.common.base.Preconditions_ESTest" time="0.002"/>
  <testcase name="test044" classname="com.google.common.base.Preconditions_ESTest" time="0.002"/>
  <testcase name="test165" classname="com.google.common.base.Preconditions_ESTest" time="0.002"/>
  <testcase name="test045" classname="com.google.common.base.Preconditions_ESTest" time="0.002"/>
  <testcase name="test166" classname="com.google.common.base.Preconditions_ESTest" time="0.001"/>
  <testcase name="test042" classname="com.google.common.base.Preconditions_ESTest" time="0.001"/>
  <testcase name="test163" classname="com.google.common.base.Preconditions_ESTest" time="0.001"/>
  <testcase name="test043" classname="com.google.common.base.Preconditions_ESTest" time="0.001"/>
  <testcase name="test164" classname="com.google.common.base.Preconditions_ESTest" time="0.002"/>
  <testcase name="test040" classname="com.google.common.base.Preconditions_ESTest" time="0.002"/>
  <testcase name="test161" classname="com.google.common.base.Preconditions_ESTest" time="0.002"/>
  <testcase name="test041" classname="com.google.common.base.Preconditions_ESTest" time="0.001"/>
  <testcase name="test162" classname="com.google.common.base.Preconditions_ESTest" time="0.002"/>
  <testcase name="test160" classname="com.google.common.base.Preconditions_ESTest" time="0.001"/>
  <testcase name="test028" classname="com.google.common.base.Preconditions_ESTest" time="0.002"/>
  <testcase name="test149" classname="com.google.common.base.Preconditions_ESTest" time="0.001"/>
  <testcase name="test029" classname="com.google.common.base.Preconditions_ESTest" time="0.002"/>
  <testcase name="test026" classname="com.google.common.base.Preconditions_ESTest" time="0.001"/>
  <testcase name="test147" classname="com.google.common.base.Preconditions_ESTest" time="0.002"/>
  <testcase name="test027" classname="com.google.common.base.Preconditions_ESTest" time="0.002"/>
  <testcase name="test148" classname="com.google.common.base.Preconditions_ESTest" time="0.002"/>
  <testcase name="test024" classname="com.google.common.base.Preconditions_ESTest" time="0.002"/>
  <testcase name="test145" classname="com.google.common.base.Preconditions_ESTest" time="0.002"/>
  <testcase name="test025" classname="com.google.common.base.Preconditions_ESTest" time="0.003"/>
  <testcase name="test146" classname="com.google.common.base.Preconditions_ESTest" time="0.001"/>
  <testcase name="test033" classname="com.google.common.base.Preconditions_ESTest" time="0.001"/>
  <testcase name="test154" classname="com.google.common.base.Preconditions_ESTest" time="0.002"/>
  <testcase name="test034" classname="com.google.common.base.Preconditions_ESTest" time="0.002"/>
  <testcase name="test155" classname="com.google.common.base.Preconditions_ESTest" time="0.002"/>
  <testcase name="test031" classname="com.google.common.base.Preconditions_ESTest" time="0.002"/>
  <testcase name="test152" classname="com.google.common.base.Preconditions_ESTest" time="0.001"/>
  <testcase name="test032" classname="com.google.common.base.Preconditions_ESTest" time="0.002"/>
  <testcase name="test153" classname="com.google.common.base.Preconditions_ESTest" time="0.002"/>
  <testcase name="test150" classname="com.google.common.base.Preconditions_ESTest" time="0.001"/>
  <testcase name="test030" classname="com.google.common.base.Preconditions_ESTest" time="0.002"/>
  <testcase name="test151" classname="com.google.common.base.Preconditions_ESTest" time="0.001"/>
  <testcase name="test019" classname="com.google.common.base.Preconditions_ESTest" time="0.001"/>
  <testcase name="test017" classname="com.google.common.base.Preconditions_ESTest" time="0.002"/>
  <testcase name="test138" classname="com.google.common.base.Preconditions_ESTest" time="0.001"/>
  <testcase name="test018" classname="com.google.common.base.Preconditions_ESTest" time="0.001"/>
  <testcase name="test139" classname="com.google.common.base.Preconditions_ESTest" time="0.001"/>
  <testcase name="test015" classname="com.google.common.base.Preconditions_ESTest" time="0.001"/>
  <testcase name="test136" classname="com.google.common.base.Preconditions_ESTest" time="0.002"/>
  <testcase name="test016" classname="com.google.common.base.Preconditions_ESTest" time="0.002"/>
  <testcase name="test137" classname="com.google.common.base.Preconditions_ESTest" time="0.001"/>
  <testcase name="test013" classname="com.google.common.base.Preconditions_ESTest" time="0.002"/>
  <testcase name="test134" classname="com.google.common.base.Preconditions_ESTest" time="0.001"/>
  <testcase name="test014" classname="com.google.common.base.Preconditions_ESTest" time="0.001"/>
  <testcase name="test135" classname="com.google.common.base.Preconditions_ESTest" time="0.002"/>
  <testcase name="test022" classname="com.google.common.base.Preconditions_ESTest" time="0.001"/>
  <testcase name="test143" classname="com.google.common.base.Preconditions_ESTest" time="0.002"/>
  <testcase name="test023" classname="com.google.common.base.Preconditions_ESTest" time="0.002"/>
  <testcase name="test144" classname="com.google.common.base.Preconditions_ESTest" time="0.002"/>
  <testcase name="test020" classname="com.google.common.base.Preconditions_ESTest" time="0.002"/>
  <testcase name="test141" classname="com.google.common.base.Preconditions_ESTest" time="0.003"/>
  <testcase name="test021" classname="com.google.common.base.Preconditions_ESTest" time="0.001"/>
  <testcase name="test142" classname="com.google.common.base.Preconditions_ESTest" time="0.002"/>
  <testcase name="test140" classname="com.google.common.base.Preconditions_ESTest" time="0.006"/>
</testsuite>