<?xml version="1.0" encoding="UTF-8"?>
<testsuite xmlns:xsi="http://www.w3.org/2001/XMLSchema-instance" xsi:noNamespaceSchemaLocation="https://maven.apache.org/surefire/maven-surefire-plugin/xsd/surefire-test-report-3.0.xsd" version="3.0" name="org.apache.commons.logging.impl.Slf4jLogFactory_ESTest" time="3.26" tests="12" errors="2" skipped="0" failures="0">
  <properties>
[...]
</properties>
  <testcase name="test10" classname="org.apache.commons.logging.impl.Slf4jLogFactory_ESTest" time="2.238">
    <error message="org.evosuite.runtime.mock.java.util.MockUUID.UUID(JJ)Ljava/util/UUID;" type="java.lang.NoSuchMethodError"><![CDATA[java.lang.NoSuchMethodError: org.evosuite.runtime.mock.java.util.MockUUID.UUID(JJ)Ljava/util/UUID;
	at org.apache.logging.log4j.core.util.WatchManager$LocalUUID.get(WatchManager.java:99)
	at org.apache.logging.log4j.core.util.WatchManager.<init>(WatchManager.java:137)
	at org.apache.logging.log4j.core.config.AbstractConfiguration.<init>(AbstractConfiguration.java:142)
	at org.apache.logging.log4j.core.config.NullConfiguration.<init>(NullConfiguration.java:32)
	at org.apache.logging.log4j.core.LoggerContext.<clinit>(LoggerContext.java)
	at sun.reflect.NativeMethodAccessorImpl.invoke0(Native Method)
	at sun.reflect.NativeMethodAccessorImpl.invoke(NativeMethodAccessorImpl.java:62)
	at sun.reflect.DelegatingMethodAccessorImpl.invoke(DelegatingMethodAccessorImpl.java:43)
	at java.lang.reflect.Method.invoke(Method.java:498)
	at org.evosuite.runtime.classhandling.ClassResetter.reset(ClassResetter.java:159)
	at org.evosuite.runtime.classhandling.ClassStateSupport.resetClasses(ClassStateSupport.java:137)
	at org.apache.commons.logging.impl.Slf4jLogFactory_ESTest_scaffolding.resetClasses(Slf4jLogFactory_ESTest_scaffolding.java:125)
	at org.apache.commons.logging.impl.Slf4jLogFactory_ESTest_scaffolding.doneWithTestCase(Slf4jLogFactory_ESTest_scaffolding.java:66)
	at sun.reflect.NativeMethodAccessorImpl.invoke0(Native Method)
	at sun.reflect.NativeMethodAccessorImpl.invoke(NativeMethodAccessorImpl.java:62)
	at sun.reflect.DelegatingMethodAccessorImpl.invoke(DelegatingMethodAccessorImpl.java:43)
	at java.lang.reflect.Method.invoke(Method.java:498)
	at org.junit.runners.model.FrameworkMethod$1.runReflectiveCall(FrameworkMethod.java:59)
	at org.junit.internal.runners.model.ReflectiveCallable.run(ReflectiveCallable.java:12)
	at org.junit.runners.model.FrameworkMethod.invokeExplosively(FrameworkMethod.java:56)
	at org.junit.internal.runners.statements.RunAfters.invokeMethod(RunAfters.java:46)
	at org.junit.internal.runners.statements.RunAfters.evaluate(RunAfters.java:33)
	at org.evosuite.runtime.vnet.NonFunctionalRequirementRule$1.evaluate(NonFunctionalRequirementRule.java:41)
	at org.junit.runners.ParentRunner$3.evaluate(ParentRunner.java:306)
	at org.junit.runners.BlockJUnit4ClassRunner$1.evaluate(BlockJUnit4ClassRunner.java:100)
	at org.junit.runners.ParentRunner.runLeaf(ParentRunner.java:366)
	at org.junit.runners.BlockJUnit4ClassRunner.runChild(BlockJUnit4ClassRunner.java:103)
	at org.junit.runners.BlockJUnit4ClassRunner.runChild(BlockJUnit4ClassRunner.java:63)
	at org.junit.runners.ParentRunner$4.run(ParentRunner.java:331)
	at org.junit.runners.ParentRunner$1.schedule(ParentRunner.java:79)
	at org.junit.runners.ParentRunner.runChildren(ParentRunner.java:329)
	at org.junit.runners.ParentRunner.access$100(ParentRunner.java:66)
	at org.junit.runners.ParentRunner$2.evaluate(ParentRunner.java:293)
	at org.junit.internal.runners.statements.RunBefores.evaluate(RunBefores.java:26)
	at org.junit.internal.runners.statements.RunAfters.evaluate(RunAfters.java:27)
	at org.junit.runners.ParentRunner$3.evaluate(ParentRunner.java:306)
	at org.junit.runners.ParentRunner.run(ParentRunner.java:413)
	at org.apache.maven.surefire.junit4.JUnit4Provider.execute(JUnit4Provider.java:316)
	at org.apache.maven.surefire.junit4.JUnit4Provider.executeWithRerun(JUnit4Provider.java:240)
	at org.apache.maven.surefire.junit4.JUnit4Provider.executeTestSet(JUnit4Provider.java:214)
	at org.apache.maven.surefire.junit4.JUnit4Provider.invoke(JUnit4Provider.java:155)
	at org.apache.maven.surefire.booter.ForkedBooter.runSuitesInProcess(ForkedBooter.java:385)
	at org.apache.maven.surefire.booter.ForkedBooter.execute(ForkedBooter.java:162)
	at org.apache.maven.surefire.booter.ForkedBooter.run(ForkedBooter.java:507)
	at org.apache.maven.surefire.booter.ForkedBooter.main(ForkedBooter.java:495)
]]></error>
    <system-out><![CDATA[13:23:45.527 [main] INFO org.evosuite.runtime.instrumentation.EvoClassLoader -- Seeing class for first time: org.apache.commons.logging.impl.Slf4jLogFactory_ESTest
13:23:45.534 [main] INFO org.evosuite.runtime.instrumentation.EvoClassLoader -- Instrumenting class 'org.apache.commons.logging.impl.Slf4jLogFactory_ESTest'.
13:23:45.571 [main] INFO org.evosuite.runtime.instrumentation.EvoClassLoader -- Seeing class for first time: org.apache.commons.logging.impl.Slf4jLogFactory_ESTest_scaffolding
13:23:45.571 [main] INFO org.evosuite.runtime.instrumentation.EvoClassLoader -- Instrumenting class 'org.apache.commons.logging.impl.Slf4jLogFactory_ESTest_scaffolding'.
13:23:45.575 [main] INFO org.evosuite.runtime.instrumentation.EvoClassLoader -- Keeping class: org.apache.commons.logging.impl.Slf4jLogFactory_ESTest_scaffolding
13:23:45.575 [main] INFO org.evosuite.runtime.instrumentation.EvoClassLoader -- Keeping class: org.apache.commons.logging.impl.Slf4jLogFactory_ESTest
13:23:45.793 [main] DEBUG org.evosuite.runtime.sandbox.MSecurityManager -- Adding privileged thread: "Reference Handler"
13:23:45.794 [main] DEBUG org.evosuite.runtime.sandbox.MSecurityManager -- Adding privileged thread: "Finalizer"
13:23:45.794 [main] DEBUG org.evosuite.runtime.sandbox.MSecurityManager -- Adding privileged thread: "Signal Dispatcher"
13:23:45.794 [main] DEBUG org.evosuite.runtime.sandbox.MSecurityManager -- Adding privileged thread: "Java2D Disposer"
13:23:45.794 [main] DEBUG org.evosuite.runtime.sandbox.MSecurityManager -- Adding privileged thread: "AWT-XAWT"
13:23:45.794 [main] DEBUG org.evosuite.runtime.sandbox.MSecurityManager -- Adding privileged thread: "process reaper"
13:23:45.794 [main] DEBUG org.evosuite.runtime.sandbox.MSecurityManager -- Adding privileged thread: "main"
13:23:45.794 [main] DEBUG org.evosuite.runtime.sandbox.MSecurityManager -- Adding privileged thread: "surefire-forkedjvm-stream-flusher"
13:23:45.794 [main] DEBUG org.evosuite.runtime.sandbox.MSecurityManager -- Adding privileged thread: "surefire-forkedjvm-command-thread"
13:23:45.823 [main] INFO org.evosuite.runtime.instrumentation.EvoClassLoader -- Seeing class for first time: org.apache.commons.logging.impl.Slf4jLogFactory$Slf4jLocationAwareLog
13:23:45.823 [main] INFO org.evosuite.runtime.instrumentation.EvoClassLoader -- Instrumenting class 'org.apache.commons.logging.impl.Slf4jLogFactory$Slf4jLocationAwareLog'.
13:23:45.833 [main] INFO org.evosuite.runtime.instrumentation.MethodCallReplacementClassAdapter -- Adding mock interface to class org/apache/commons/logging/impl/Slf4jLogFactory$Slf4jLocationAwareLog
13:23:46.025 [main] INFO org.evosuite.runtime.instrumentation.CreateClassResetClassAdapter -- Found static initializer in class org/apache/commons/logging/impl/Slf4jLogFactory$Slf4jLocationAwareLog
13:23:46.027 [main] INFO org.evosuite.runtime.instrumentation.EvoClassLoader -- Keeping class: org.apache.commons.logging.impl.Slf4jLogFactory$Slf4jLocationAwareLog
13:23:46.027 [main] INFO org.evosuite.runtime.instrumentation.EvoClassLoader -- Seeing class for first time: org.apache.commons.logging.impl.Slf4jLogFactory$Slf4jLog
13:23:46.028 [main] INFO org.evosuite.runtime.instrumentation.EvoClassLoader -- Instrumenting class 'org.apache.commons.logging.impl.Slf4jLogFactory$Slf4jLog'.
13:23:46.028 [main] INFO org.evosuite.runtime.instrumentation.MethodCallReplacementClassAdapter -- Adding mock interface to class org/apache/commons/logging/impl/Slf4jLogFactory$Slf4jLog
13:23:46.030 [main] INFO org.evosuite.runtime.instrumentation.CreateClassResetClassAdapter -- Creating brand-new static initializer in class org/apache/commons/logging/impl/Slf4jLogFactory$Slf4jLog
13:23:46.030 [main] INFO org.evosuite.runtime.instrumentation.EvoClassLoader -- Keeping class: org.apache.commons.logging.impl.Slf4jLogFactory$Slf4jLog
13:23:46.031 [main] INFO org.evosuite.runtime.instrumentation.EvoClassLoader -- Seeing class for first time: org.apache.commons.logging.impl.Slf4jLogFactory
13:23:46.031 [main] INFO org.evosuite.runtime.instrumentation.EvoClassLoader -- Instrumenting class 'org.apache.commons.logging.impl.Slf4jLogFactory'.
13:23:46.032 [main] INFO org.evosuite.runtime.instrumentation.MethodCallReplacementClassAdapter -- Adding mock interface to class org/apache/commons/logging/impl/Slf4jLogFactory
13:23:46.036 [main] INFO org.evosuite.runtime.instrumentation.CreateClassResetClassAdapter -- Found static initializer in class org/apache/commons/logging/impl/Slf4jLogFactory
13:23:46.038 [main] INFO org.evosuite.runtime.instrumentation.EvoClassLoader -- Keeping class: org.apache.commons.logging.impl.Slf4jLogFactory
13:23:46.077 [main] INFO org.evosuite.runtime.instrumentation.EvoClassLoader -- Seeing class for first time: org.apache.commons.logging.impl.Jdk14Logger
13:23:46.077 [main] INFO org.evosuite.runtime.instrumentation.EvoClassLoader -- Instrumenting class 'org.apache.commons.logging.impl.Jdk14Logger'.
13:23:46.078 [main] INFO org.evosuite.runtime.instrumentation.MethodCallReplacementClassAdapter -- Adding mock interface to class org/apache/commons/logging/impl/Jdk14Logger
13:23:46.080 [main] INFO org.evosuite.runtime.instrumentation.CreateClassResetClassAdapter -- Found static initializer in class org/apache/commons/logging/impl/Jdk14Logger
13:23:46.081 [main] INFO org.evosuite.runtime.instrumentation.EvoClassLoader -- Keeping class: org.apache.commons.logging.impl.Jdk14Logger
13:23:46.084 [main] INFO org.evosuite.runtime.instrumentation.EvoClassLoader -- Seeing class for first time: org.apache.logging.log4j.MarkerManager
13:23:46.085 [main] INFO org.evosuite.runtime.instrumentation.EvoClassLoader -- Instrumenting class 'org.apache.logging.log4j.MarkerManager'.
13:23:46.088 [main] INFO org.evosuite.runtime.instrumentation.MethodCallReplacementClassAdapter -- Adding mock interface to class org/apache/logging/log4j/MarkerManager
13:23:46.093 [main] INFO org.evosuite.runtime.instrumentation.CreateClassResetClassAdapter -- Found static initializer in class org/apache/logging/log4j/MarkerManager
13:23:46.093 [main] INFO org.evosuite.runtime.instrumentation.EvoClassLoader -- Defined package (3): package org.apache.logging.log4j, 25596373
13:23:46.094 [main] INFO org.evosuite.runtime.instrumentation.EvoClassLoader -- Keeping class: org.apache.logging.log4j.MarkerManager
13:23:46.094 [main] INFO org.evosuite.runtime.instrumentation.EvoClassLoader -- Seeing class for first time: org.apache.logging.log4j.Marker
13:23:46.094 [main] INFO org.evosuite.runtime.instrumentation.EvoClassLoader -- Instrumenting class 'org.apache.logging.log4j.Marker'.
13:23:46.095 [main] INFO org.evosuite.runtime.instrumentation.EvoClassLoader -- Keeping class: org.apache.logging.log4j.Marker
13:23:46.096 [main] INFO org.evosuite.runtime.instrumentation.EvoClassLoader -- Seeing class for first time: org.apache.logging.log4j.MarkerManager$Log4jMarker
13:23:46.097 [main] INFO org.evosuite.runtime.instrumentation.EvoClassLoader -- Instrumenting class 'org.apache.logging.log4j.MarkerManager$Log4jMarker'.
13:23:46.099 [main] INFO org.evosuite.runtime.instrumentation.MethodCallReplacementClassAdapter -- Adding mock interface to class org/apache/logging/log4j/MarkerManager$Log4jMarker
13:23:46.110 [main] INFO org.evosuite.runtime.instrumentation.CreateClassResetClassAdapter -- Creating brand-new static initializer in class org/apache/logging/log4j/MarkerManager$Log4jMarker
13:23:46.111 [main] INFO org.evosuite.runtime.instrumentation.EvoClassLoader -- Seeing class for first time: org.apache.logging.log4j.util.StringBuilderFormattable
13:23:46.111 [main] INFO org.evosuite.runtime.instrumentation.EvoClassLoader -- Instrumenting class 'org.apache.logging.log4j.util.StringBuilderFormattable'.
13:23:46.114 [main] INFO org.evosuite.runtime.instrumentation.EvoClassLoader -- Defined package (3): package org.apache.logging.log4j.util, -551324549
13:23:46.114 [main] INFO org.evosuite.runtime.instrumentation.EvoClassLoader -- Keeping class: org.apache.logging.log4j.util.StringBuilderFormattable
13:23:46.115 [main] INFO org.evosuite.runtime.instrumentation.EvoClassLoader -- Keeping class: org.apache.logging.log4j.MarkerManager$Log4jMarker
13:23:46.117 [main] INFO org.evosuite.runtime.instrumentation.EvoClassLoader -- Seeing class for first time: org.apache.commons.logging.impl.Log4jApiLogFactory
13:23:46.117 [main] INFO org.evosuite.runtime.instrumentation.EvoClassLoader -- Instrumenting class 'org.apache.commons.logging.impl.Log4jApiLogFactory'.
13:23:46.119 [main] INFO org.evosuite.runtime.instrumentation.MethodCallReplacementClassAdapter -- Adding mock interface to class org/apache/commons/logging/impl/Log4jApiLogFactory
13:23:46.121 [main] INFO org.evosuite.runtime.instrumentation.CreateClassResetClassAdapter -- Found static initializer in class org/apache/commons/logging/impl/Log4jApiLogFactory
13:23:46.122 [main] INFO org.evosuite.runtime.instrumentation.EvoClassLoader -- Keeping class: org.apache.commons.logging.impl.Log4jApiLogFactory
13:23:46.123 [main] INFO org.evosuite.runtime.instrumentation.EvoClassLoader -- Seeing class for first time: org.apache.logging.log4j.spi.LoggerAdapter
13:23:46.123 [main] INFO org.evosuite.runtime.instrumentation.EvoClassLoader -- Instrumenting class 'org.apache.logging.log4j.spi.LoggerAdapter'.
13:23:46.125 [main] INFO org.evosuite.runtime.instrumentation.EvoClassLoader -- Defined package (3): package org.apache.logging.log4j.spi, -710523373
13:23:46.126 [main] INFO org.evosuite.runtime.instrumentation.EvoClassLoader -- Keeping class: org.apache.logging.log4j.spi.LoggerAdapter
13:23:46.127 [main] INFO org.evosuite.runtime.instrumentation.EvoClassLoader -- Seeing class for first time: org.apache.logging.log4j.spi.AbstractLoggerAdapter
13:23:46.127 [main] INFO org.evosuite.runtime.instrumentation.EvoClassLoader -- Instrumenting class 'org.apache.logging.log4j.spi.AbstractLoggerAdapter'.
13:23:46.129 [main] INFO org.evosuite.runtime.instrumentation.MethodCallReplacementClassAdapter -- Adding mock interface to class org/apache/logging/log4j/spi/AbstractLoggerAdapter
13:23:46.130 [main] INFO org.evosuite.runtime.instrumentation.CreateClassResetClassAdapter -- Creating brand-new static initializer in class org/apache/logging/log4j/spi/AbstractLoggerAdapter
13:23:46.131 [main] INFO org.evosuite.runtime.instrumentation.EvoClassLoader -- Seeing class for first time: org.apache.logging.log4j.spi.LoggerContextShutdownAware
13:23:46.131 [main] INFO org.evosuite.runtime.instrumentation.EvoClassLoader -- Instrumenting class 'org.apache.logging.log4j.spi.LoggerContextShutdownAware'.
13:23:46.133 [main] INFO org.evosuite.runtime.instrumentation.EvoClassLoader -- Keeping class: org.apache.logging.log4j.spi.LoggerContextShutdownAware
13:23:46.133 [main] INFO org.evosuite.runtime.instrumentation.EvoClassLoader -- Keeping class: org.apache.logging.log4j.spi.AbstractLoggerAdapter
13:23:46.134 [main] INFO org.evosuite.runtime.instrumentation.EvoClassLoader -- Seeing class for first time: org.apache.logging.log4j.spi.LoggerContext
13:23:46.135 [main] INFO org.evosuite.runtime.instrumentation.EvoClassLoader -- Instrumenting class 'org.apache.logging.log4j.spi.LoggerContext'.
13:23:46.138 [main] INFO org.evosuite.runtime.instrumentation.EvoClassLoader -- Keeping class: org.apache.logging.log4j.spi.LoggerContext
13:23:46.139 [main] INFO org.evosuite.runtime.instrumentation.EvoClassLoader -- Seeing class for first time: org.apache.commons.logging.impl.Log4jApiLogFactory$LogAdapter
13:23:46.139 [main] INFO org.evosuite.runtime.instrumentation.EvoClassLoader -- Instrumenting class 'org.apache.commons.logging.impl.Log4jApiLogFactory$LogAdapter'.
13:23:46.140 [main] INFO org.evosuite.runtime.instrumentation.MethodCallReplacementClassAdapter -- Adding mock interface to class org/apache/commons/logging/impl/Log4jApiLogFactory$LogAdapter
13:23:46.141 [main] INFO org.evosuite.runtime.instrumentation.CreateClassResetClassAdapter -- Creating brand-new static initializer in class org/apache/commons/logging/impl/Log4jApiLogFactory$LogAdapter
13:23:46.141 [main] INFO org.evosuite.runtime.instrumentation.EvoClassLoader -- Keeping class: org.apache.commons.logging.impl.Log4jApiLogFactory$LogAdapter
13:23:46.142 [main] INFO org.evosuite.runtime.instrumentation.EvoClassLoader -- Seeing class for first time: org.apache.logging.log4j.util.PropertiesPropertySource
13:23:46.143 [main] INFO org.evosuite.runtime.instrumentation.EvoClassLoader -- Instrumenting class 'org.apache.logging.log4j.util.PropertiesPropertySource'.
13:23:46.145 [main] INFO org.evosuite.runtime.instrumentation.MethodCallReplacementClassAdapter -- Adding mock interface to class org/apache/logging/log4j/util/PropertiesPropertySource
13:23:46.160 [main] INFO org.evosuite.runtime.instrumentation.CreateClassResetClassAdapter -- Creating brand-new static initializer in class org/apache/logging/log4j/util/PropertiesPropertySource
13:23:46.161 [main] INFO org.evosuite.runtime.instrumentation.CreateClassResetClassAdapter -- Adding bytecode for initializing field DEFAULT_PRIORITY
13:23:46.161 [main] INFO org.evosuite.runtime.instrumentation.CreateClassResetClassAdapter -- Adding bytecode for initializing field PREFIX
13:23:46.162 [main] INFO org.evosuite.runtime.instrumentation.EvoClassLoader -- Seeing class for first time: org.apache.logging.log4j.util.PropertySource
13:23:46.162 [main] INFO org.evosuite.runtime.instrumentation.EvoClassLoader -- Instrumenting class 'org.apache.logging.log4j.util.PropertySource'.
13:23:46.165 [main] INFO org.evosuite.runtime.instrumentation.EvoClassLoader -- Keeping class: org.apache.logging.log4j.util.PropertySource
13:23:46.166 [main] INFO org.evosuite.runtime.instrumentation.EvoClassLoader -- Keeping class: org.apache.logging.log4j.util.PropertiesPropertySource
13:23:46.167 [main] INFO org.evosuite.runtime.instrumentation.EvoClassLoader -- Seeing class for first time: org.apache.logging.log4j.util.BiConsumer
13:23:46.168 [main] INFO org.evosuite.runtime.instrumentation.EvoClassLoader -- Instrumenting class 'org.apache.logging.log4j.util.BiConsumer'.
13:23:46.170 [main] INFO org.evosuite.runtime.instrumentation.EvoClassLoader -- Keeping class: org.apache.logging.log4j.util.BiConsumer
13:23:46.171 [main] INFO org.evosuite.runtime.instrumentation.EvoClassLoader -- Seeing class for first time: org.apache.logging.log4j.util.PropertyFilePropertySource
13:23:46.171 [main] INFO org.evosuite.runtime.instrumentation.EvoClassLoader -- Instrumenting class 'org.apache.logging.log4j.util.PropertyFilePropertySource'.
13:23:46.173 [main] INFO org.evosuite.runtime.instrumentation.MethodCallReplacementClassAdapter -- Adding mock interface to class org/apache/logging/log4j/util/PropertyFilePropertySource
13:23:46.177 [main] INFO org.evosuite.runtime.instrumentation.CreateClassResetClassAdapter -- Creating brand-new static initializer in class org/apache/logging/log4j/util/PropertyFilePropertySource
13:23:46.178 [main] INFO org.evosuite.runtime.instrumentation.EvoClassLoader -- Keeping class: org.apache.logging.log4j.util.PropertyFilePropertySource
13:23:46.179 [main] INFO org.evosuite.runtime.instrumentation.EvoClassLoader -- Seeing class for first time: org.apache.logging.log4j.util.LoaderUtil$ThreadContextClassLoaderGetter
13:23:46.179 [main] INFO org.evosuite.runtime.instrumentation.EvoClassLoader -- Instrumenting class 'org.apache.logging.log4j.util.LoaderUtil$ThreadContextClassLoaderGetter'.
13:23:46.181 [main] INFO org.evosuite.runtime.instrumentation.MethodCallReplacementClassAdapter -- Adding mock interface to class org/apache/logging/log4j/util/LoaderUtil$ThreadContextClassLoaderGetter
13:23:46.184 [main] INFO org.evosuite.runtime.instrumentation.CreateClassResetClassAdapter -- Creating brand-new static initializer in class org/apache/logging/log4j/util/LoaderUtil$ThreadContextClassLoaderGetter
13:23:46.185 [main] INFO org.evosuite.runtime.instrumentation.EvoClassLoader -- Keeping class: org.apache.logging.log4j.util.LoaderUtil$ThreadContextClassLoaderGetter
13:23:46.186 [main] INFO org.evosuite.runtime.instrumentation.EvoClassLoader -- Seeing class for first time: org.apache.logging.log4j.util.LoaderUtil
13:23:46.186 [main] INFO org.evosuite.runtime.instrumentation.EvoClassLoader -- Instrumenting class 'org.apache.logging.log4j.util.LoaderUtil'.
13:23:46.189 [main] INFO org.evosuite.runtime.instrumentation.MethodCallReplacementClassAdapter -- Adding mock interface to class org/apache/logging/log4j/util/LoaderUtil
13:23:46.201 [main] INFO org.evosuite.runtime.instrumentation.CreateClassResetClassAdapter -- Found static initializer in class org/apache/logging/log4j/util/LoaderUtil
13:23:46.203 [main] INFO org.evosuite.runtime.instrumentation.EvoClassLoader -- Keeping class: org.apache.logging.log4j.util.LoaderUtil
13:23:46.204 [main] INFO org.evosuite.runtime.instrumentation.EvoClassLoader -- Seeing class for first time: org.apache.logging.log4j.util.LoaderUtil$UrlResource
13:23:46.204 [main] INFO org.evosuite.runtime.instrumentation.EvoClassLoader -- Instrumenting class 'org.apache.logging.log4j.util.LoaderUtil$UrlResource'.
13:23:46.205 [main] INFO org.evosuite.runtime.instrumentation.MethodCallReplacementClassAdapter -- Adding mock interface to class org/apache/logging/log4j/util/LoaderUtil$UrlResource
13:23:46.207 [main] INFO org.evosuite.runtime.instrumentation.CreateClassResetClassAdapter -- Creating brand-new static initializer in class org/apache/logging/log4j/util/LoaderUtil$UrlResource
13:23:46.208 [main] INFO org.evosuite.runtime.instrumentation.EvoClassLoader -- Keeping class: org.apache.logging.log4j.util.LoaderUtil$UrlResource
13:23:46.209 [main] INFO org.evosuite.runtime.instrumentation.EvoClassLoader -- Seeing class for first time: org.apache.logging.log4j.util.PropertiesUtil$Environment
13:23:46.210 [main] INFO org.evosuite.runtime.instrumentation.EvoClassLoader -- Instrumenting class 'org.apache.logging.log4j.util.PropertiesUtil$Environment'.
13:23:46.210 [main] INFO org.evosuite.runtime.instrumentation.MethodCallReplacementClassAdapter -- Adding mock interface to class org/apache/logging/log4j/util/PropertiesUtil$Environment
13:23:46.213 [main] INFO org.evosuite.runtime.instrumentation.CreateClassResetClassAdapter -- Creating brand-new static initializer in class org/apache/logging/log4j/util/PropertiesUtil$Environment
13:23:46.213 [main] INFO org.evosuite.runtime.instrumentation.EvoClassLoader -- Keeping class: org.apache.logging.log4j.util.PropertiesUtil$Environment
13:23:46.213 [main] INFO org.evosuite.runtime.instrumentation.EvoClassLoader -- Seeing class for first time: org.apache.logging.log4j.util.PropertiesUtil
13:23:46.213 [main] INFO org.evosuite.runtime.instrumentation.EvoClassLoader -- Instrumenting class 'org.apache.logging.log4j.util.PropertiesUtil'.
13:23:46.215 [main] INFO org.evosuite.runtime.instrumentation.MethodCallReplacementClassAdapter -- Adding mock interface to class org/apache/logging/log4j/util/PropertiesUtil
13:23:46.219 [main] INFO org.evosuite.runtime.instrumentation.CreateClassResetClassAdapter -- Found static initializer in class org/apache/logging/log4j/util/PropertiesUtil
13:23:46.220 [main] INFO org.evosuite.runtime.instrumentation.EvoClassLoader -- Keeping class: org.apache.logging.log4j.util.PropertiesUtil
13:23:46.220 [main] INFO org.evosuite.runtime.instrumentation.EvoClassLoader -- Seeing class for first time: org.apache.logging.log4j.util.PropertiesUtil$TimeUnit
13:23:46.220 [main] INFO org.evosuite.runtime.instrumentation.EvoClassLoader -- Instrumenting class 'org.apache.logging.log4j.util.PropertiesUtil$TimeUnit'.
13:23:46.221 [main] INFO org.evosuite.runtime.instrumentation.MethodCallReplacementClassAdapter -- Adding mock interface to class org/apache/logging/log4j/util/PropertiesUtil$TimeUnit
13:23:46.222 [main] INFO org.evosuite.runtime.instrumentation.CreateClassResetClassAdapter -- Found static initializer in class org/apache/logging/log4j/util/PropertiesUtil$TimeUnit
13:23:46.223 [main] INFO org.evosuite.runtime.instrumentation.EvoClassLoader -- Keeping class: org.apache.logging.log4j.util.PropertiesUtil$TimeUnit
13:23:46.224 [main] INFO org.evosuite.runtime.instrumentation.EvoClassLoader -- Seeing class for first time: org.apache.logging.log4j.util.PropertySource$Comparator
13:23:46.224 [main] INFO org.evosuite.runtime.instrumentation.EvoClassLoader -- Instrumenting class 'org.apache.logging.log4j.util.PropertySource$Comparator'.
13:23:46.226 [main] INFO org.evosuite.runtime.instrumentation.MethodCallReplacementClassAdapter -- Adding mock interface to class org/apache/logging/log4j/util/PropertySource$Comparator
13:23:46.227 [main] INFO org.evosuite.runtime.instrumentation.CreateClassResetClassAdapter -- Creating brand-new static initializer in class org/apache/logging/log4j/util/PropertySource$Comparator
13:23:46.227 [main] INFO org.evosuite.runtime.instrumentation.EvoClassLoader -- Keeping class: org.apache.logging.log4j.util.PropertySource$Comparator
13:23:46.227 [main] INFO org.evosuite.runtime.instrumentation.EvoClassLoader -- Seeing class for first time: org.apache.logging.log4j.util.PropertySource$Util
13:23:46.228 [main] INFO org.evosuite.runtime.instrumentation.EvoClassLoader -- Instrumenting class 'org.apache.logging.log4j.util.PropertySource$Util'.
13:23:46.229 [main] INFO org.evosuite.runtime.instrumentation.MethodCallReplacementClassAdapter -- Adding mock interface to class org/apache/logging/log4j/util/PropertySource$Util
13:23:46.231 [main] INFO org.evosuite.runtime.instrumentation.CreateClassResetClassAdapter -- Found static initializer in class org/apache/logging/log4j/util/PropertySource$Util
13:23:46.232 [main] INFO org.evosuite.runtime.instrumentation.EvoClassLoader -- Keeping class: org.apache.logging.log4j.util.PropertySource$Util
13:23:46.233 [main] INFO org.evosuite.runtime.instrumentation.EvoClassLoader -- Seeing class for first time: org.apache.logging.log4j.util.ServiceLoaderUtil
13:23:46.234 [main] INFO org.evosuite.runtime.instrumentation.EvoClassLoader -- Instrumenting class 'org.apache.logging.log4j.util.ServiceLoaderUtil'.
13:23:46.235 [main] INFO org.evosuite.runtime.instrumentation.MethodCallReplacementClassAdapter -- Adding mock interface to class org/apache/logging/log4j/util/ServiceLoaderUtil
13:23:46.237 [main] INFO org.evosuite.runtime.instrumentation.CreateClassResetClassAdapter -- Creating brand-new static initializer in class org/apache/logging/log4j/util/ServiceLoaderUtil
13:23:46.238 [main] INFO org.evosuite.runtime.instrumentation.CreateClassResetClassAdapter -- Adding bytecode for initializing field MAX_BROKEN_SERVICES
13:23:46.239 [main] INFO org.evosuite.runtime.instrumentation.EvoClassLoader -- Keeping class: org.apache.logging.log4j.util.ServiceLoaderUtil
13:23:46.240 [main] INFO org.evosuite.runtime.instrumentation.EvoClassLoader -- Seeing class for first time: org.apache.logging.log4j.util.ServiceLoaderUtil$ServiceLoaderSpliterator
13:23:46.241 [main] INFO org.evosuite.runtime.instrumentation.EvoClassLoader -- Instrumenting class 'org.apache.logging.log4j.util.ServiceLoaderUtil$ServiceLoaderSpliterator'.
13:23:46.243 [main] INFO org.evosuite.runtime.instrumentation.MethodCallReplacementClassAdapter -- Adding mock interface to class org/apache/logging/log4j/util/ServiceLoaderUtil$ServiceLoaderSpliterator
13:23:46.249 [main] INFO org.evosuite.runtime.instrumentation.CreateClassResetClassAdapter -- Creating brand-new static initializer in class org/apache/logging/log4j/util/ServiceLoaderUtil$ServiceLoaderSpliterator
13:23:46.250 [main] INFO org.evosuite.runtime.instrumentation.EvoClassLoader -- Keeping class: org.apache.logging.log4j.util.ServiceLoaderUtil$ServiceLoaderSpliterator
13:23:46.251 [main] INFO org.evosuite.runtime.instrumentation.EvoClassLoader -- Seeing class for first time: org.apache.logging.log4j.Logger
13:23:46.251 [main] INFO org.evosuite.runtime.instrumentation.EvoClassLoader -- Instrumenting class 'org.apache.logging.log4j.Logger'.
13:23:46.265 [main] INFO org.evosuite.runtime.instrumentation.EvoClassLoader -- Keeping class: org.apache.logging.log4j.Logger
13:23:46.267 [main] INFO org.evosuite.runtime.instrumentation.EvoClassLoader -- Seeing class for first time: org.apache.logging.log4j.util.OsgiServiceLocator
13:23:46.267 [main] INFO org.evosuite.runtime.instrumentation.EvoClassLoader -- Instrumenting class 'org.apache.logging.log4j.util.OsgiServiceLocator'.
13:23:46.269 [main] INFO org.evosuite.runtime.instrumentation.MethodCallReplacementClassAdapter -- Adding mock interface to class org/apache/logging/log4j/util/OsgiServiceLocator
13:23:46.277 [main] INFO org.evosuite.runtime.instrumentation.CreateClassResetClassAdapter -- Found static initializer in class org/apache/logging/log4j/util/OsgiServiceLocator
13:23:46.278 [main] INFO org.evosuite.runtime.instrumentation.EvoClassLoader -- Keeping class: org.apache.logging.log4j.util.OsgiServiceLocator
13:23:46.280 [main] INFO org.evosuite.runtime.instrumentation.EvoClassLoader -- Seeing class for first time: org.osgi.framework.FrameworkUtil
13:23:46.280 [main] INFO org.evosuite.runtime.instrumentation.EvoClassLoader -- Instrumenting class 'org.osgi.framework.FrameworkUtil'.
13:23:46.281 [main] INFO org.evosuite.runtime.instrumentation.EvoClassLoader -- Error while loading class: java.lang.ClassNotFoundException: Class 'org/osgi/framework/FrameworkUtil.class' should be in target project, but could not be found!
13:23:46.281 [main] INFO org.evosuite.runtime.instrumentation.EvoClassLoader -- Seeing class for first time: org.osgi.framework.FrameworkUtil
13:23:46.281 [main] INFO org.evosuite.runtime.instrumentation.EvoClassLoader -- Instrumenting class 'org.osgi.framework.FrameworkUtil'.
13:23:46.281 [main] INFO org.evosuite.runtime.instrumentation.EvoClassLoader -- Error while loading class: java.lang.ClassNotFoundException: Class 'org/osgi/framework/FrameworkUtil.class' should be in target project, but could not be found!
13:23:46.281 [main] INFO org.evosuite.runtime.instrumentation.EvoClassLoader -- Seeing class for first time: org.apache.logging.log4j.util.EnvironmentPropertySource
13:23:46.281 [main] INFO org.evosuite.runtime.instrumentation.EvoClassLoader -- Instrumenting class 'org.apache.logging.log4j.util.EnvironmentPropertySource'.
13:23:46.283 [main] INFO org.evosuite.runtime.instrumentation.MethodCallReplacementClassAdapter -- Adding mock interface to class org/apache/logging/log4j/util/EnvironmentPropertySource
13:23:46.285 [main] INFO org.evosuite.runtime.instrumentation.CreateClassResetClassAdapter -- Creating brand-new static initializer in class org/apache/logging/log4j/util/EnvironmentPropertySource
13:23:46.286 [main] INFO org.evosuite.runtime.instrumentation.CreateClassResetClassAdapter -- Adding bytecode for initializing field PREFIX
13:23:46.286 [main] INFO org.evosuite.runtime.instrumentation.CreateClassResetClassAdapter -- Adding bytecode for initializing field DEFAULT_PRIORITY
13:23:46.286 [main] INFO org.evosuite.runtime.instrumentation.EvoClassLoader -- Keeping class: org.apache.logging.log4j.util.EnvironmentPropertySource
13:23:46.287 [main] INFO org.evosuite.runtime.instrumentation.EvoClassLoader -- Seeing class for first time: org.apache.logging.log4j.util.SystemPropertiesPropertySource
13:23:46.287 [main] INFO org.evosuite.runtime.instrumentation.EvoClassLoader -- Instrumenting class 'org.apache.logging.log4j.util.SystemPropertiesPropertySource'.
13:23:46.288 [main] INFO org.evosuite.runtime.instrumentation.MethodCallReplacementClassAdapter -- Adding mock interface to class org/apache/logging/log4j/util/SystemPropertiesPropertySource
13:23:46.290 [main] INFO org.evosuite.runtime.instrumentation.CreateClassResetClassAdapter -- Creating brand-new static initializer in class org/apache/logging/log4j/util/SystemPropertiesPropertySource
13:23:46.290 [main] INFO org.evosuite.runtime.instrumentation.CreateClassResetClassAdapter -- Adding bytecode for initializing field DEFAULT_PRIORITY
13:23:46.290 [main] INFO org.evosuite.runtime.instrumentation.CreateClassResetClassAdapter -- Adding bytecode for initializing field PREFIX
13:23:46.290 [main] INFO org.evosuite.runtime.instrumentation.EvoClassLoader -- Keeping class: org.apache.logging.log4j.util.SystemPropertiesPropertySource
13:23:46.291 [main] INFO org.evosuite.runtime.instrumentation.EvoClassLoader -- Seeing class for first time: org.apache.logging.log4j.test.junit.ExtensionContextAnchor
13:23:46.291 [main] INFO org.evosuite.runtime.instrumentation.EvoClassLoader -- Instrumenting class 'org.apache.logging.log4j.test.junit.ExtensionContextAnchor'.
13:23:46.292 [main] INFO org.evosuite.runtime.instrumentation.MethodCallReplacementClassAdapter -- Adding mock interface to class org/apache/logging/log4j/test/junit/ExtensionContextAnchor
13:23:46.293 [main] INFO org.evosuite.runtime.instrumentation.CreateClassResetClassAdapter -- Found static initializer in class org/apache/logging/log4j/test/junit/ExtensionContextAnchor
13:23:46.293 [main] INFO org.evosuite.runtime.instrumentation.EvoClassLoader -- Defined package (3): package org.apache.logging.log4j.test.junit, -594012597
13:23:46.294 [main] INFO org.evosuite.runtime.instrumentation.EvoClassLoader -- Keeping class: org.apache.logging.log4j.test.junit.ExtensionContextAnchor
13:23:46.301 [main] INFO org.evosuite.runtime.instrumentation.EvoClassLoader -- Seeing class for first time: org.apache.logging.log4j.test.junit.TestPropertySource$EmptyTestProperties
13:23:46.301 [main] INFO org.evosuite.runtime.instrumentation.EvoClassLoader -- Instrumenting class 'org.apache.logging.log4j.test.junit.TestPropertySource$EmptyTestProperties'.
13:23:46.302 [main] INFO org.evosuite.runtime.instrumentation.MethodCallReplacementClassAdapter -- Adding mock interface to class org/apache/logging/log4j/test/junit/TestPropertySource$EmptyTestProperties
13:23:46.302 [main] INFO org.evosuite.runtime.instrumentation.CreateClassResetClassAdapter -- Creating brand-new static initializer in class org/apache/logging/log4j/test/junit/TestPropertySource$EmptyTestProperties
13:23:46.302 [main] INFO org.evosuite.runtime.instrumentation.EvoClassLoader -- Seeing class for first time: org.apache.logging.log4j.test.TestProperties
13:23:46.302 [main] INFO org.evosuite.runtime.instrumentation.EvoClassLoader -- Instrumenting class 'org.apache.logging.log4j.test.TestProperties'.
13:23:46.304 [main] INFO org.evosuite.runtime.instrumentation.EvoClassLoader -- Defined package (3): package org.apache.logging.log4j.test, -551368437
13:23:46.304 [main] INFO org.evosuite.runtime.instrumentation.EvoClassLoader -- Keeping class: org.apache.logging.log4j.test.TestProperties
13:23:46.304 [main] INFO org.evosuite.runtime.instrumentation.EvoClassLoader -- Keeping class: org.apache.logging.log4j.test.junit.TestPropertySource$EmptyTestProperties
13:23:46.304 [main] INFO org.evosuite.runtime.instrumentation.EvoClassLoader -- Seeing class for first time: org.apache.logging.log4j.test.junit.TestPropertySource
13:23:46.304 [main] INFO org.evosuite.runtime.instrumentation.EvoClassLoader -- Instrumenting class 'org.apache.logging.log4j.test.junit.TestPropertySource'.
13:23:46.305 [main] INFO org.evosuite.runtime.instrumentation.MethodCallReplacementClassAdapter -- Adding mock interface to class org/apache/logging/log4j/test/junit/TestPropertySource
13:23:46.307 [main] INFO org.evosuite.runtime.instrumentation.CreateClassResetClassAdapter -- Found static initializer in class org/apache/logging/log4j/test/junit/TestPropertySource
13:23:46.308 [main] INFO org.evosuite.runtime.instrumentation.EvoClassLoader -- Keeping class: org.apache.logging.log4j.test.junit.TestPropertySource
13:23:46.311 [main] INFO org.evosuite.runtime.instrumentation.EvoClassLoader -- Seeing class for first time: org.apache.logging.log4j.util.Strings
13:23:46.312 [main] INFO org.evosuite.runtime.instrumentation.EvoClassLoader -- Instrumenting class 'org.apache.logging.log4j.util.Strings'.
13:23:46.313 [main] INFO org.evosuite.runtime.instrumentation.MethodCallReplacementClassAdapter -- Adding mock interface to class org/apache/logging/log4j/util/Strings
13:23:46.318 [main] INFO org.evosuite.runtime.instrumentation.CreateClassResetClassAdapter -- Found static initializer in class org/apache/logging/log4j/util/Strings
13:23:46.319 [main] INFO org.evosuite.runtime.instrumentation.EvoClassLoader -- Keeping class: org.apache.logging.log4j.util.Strings
13:23:46.324 [main] INFO org.evosuite.runtime.instrumentation.EvoClassLoader -- Seeing class for first time: org.apache.logging.log4j.util.Supplier
13:23:46.324 [main] INFO org.evosuite.runtime.instrumentation.EvoClassLoader -- Instrumenting class 'org.apache.logging.log4j.util.Supplier'.
13:23:46.326 [main] INFO org.evosuite.runtime.instrumentation.EvoClassLoader -- Keeping class: org.apache.logging.log4j.util.Supplier
13:23:46.410 [main] INFO org.evosuite.runtime.instrumentation.EvoClassLoader -- Seeing class for first time: org.apache.logging.log4j.util.Constants
13:23:46.410 [main] INFO org.evosuite.runtime.instrumentation.EvoClassLoader -- Instrumenting class 'org.apache.logging.log4j.util.Constants'.
13:23:46.412 [main] INFO org.evosuite.runtime.instrumentation.MethodCallReplacementClassAdapter -- Adding mock interface to class org/apache/logging/log4j/util/Constants
13:23:46.414 [main] INFO org.evosuite.runtime.instrumentation.CreateClassResetClassAdapter -- Found static initializer in class org/apache/logging/log4j/util/Constants
13:23:46.415 [main] INFO org.evosuite.runtime.instrumentation.EvoClassLoader -- Keeping class: org.apache.logging.log4j.util.Constants
13:23:46.423 [main] INFO org.evosuite.runtime.instrumentation.EvoClassLoader -- Seeing class for first time: org.apache.logging.log4j.spi.AbstractLogger
13:23:46.424 [main] INFO org.evosuite.runtime.instrumentation.EvoClassLoader -- Instrumenting class 'org.apache.logging.log4j.spi.AbstractLogger'.
13:23:46.431 [main] INFO org.evosuite.runtime.instrumentation.MethodCallReplacementClassAdapter -- Adding mock interface to class org/apache/logging/log4j/spi/AbstractLogger
13:23:46.475 [main] INFO org.evosuite.runtime.instrumentation.CreateClassResetClassAdapter -- Found static initializer in class org/apache/logging/log4j/spi/AbstractLogger
13:23:46.478 [main] INFO org.evosuite.runtime.instrumentation.EvoClassLoader -- Seeing class for first time: org.apache.logging.log4j.spi.ExtendedLogger
13:23:46.478 [main] INFO org.evosuite.runtime.instrumentation.EvoClassLoader -- Instrumenting class 'org.apache.logging.log4j.spi.ExtendedLogger'.
13:23:46.482 [main] INFO org.evosuite.runtime.instrumentation.EvoClassLoader -- Keeping class: org.apache.logging.log4j.spi.ExtendedLogger
13:23:46.483 [main] INFO org.evosuite.runtime.instrumentation.EvoClassLoader -- Seeing class for first time: org.apache.logging.log4j.spi.LocationAwareLogger
13:23:46.483 [main] INFO org.evosuite.runtime.instrumentation.EvoClassLoader -- Instrumenting class 'org.apache.logging.log4j.spi.LocationAwareLogger'.
13:23:46.485 [main] INFO org.evosuite.runtime.instrumentation.EvoClassLoader -- Keeping class: org.apache.logging.log4j.spi.LocationAwareLogger
13:23:46.487 [main] INFO org.evosuite.runtime.instrumentation.EvoClassLoader -- Keeping class: org.apache.logging.log4j.spi.AbstractLogger
13:23:46.489 [main] INFO org.evosuite.runtime.instrumentation.EvoClassLoader -- Seeing class for first time: org.apache.logging.log4j.message.MessageFactory
13:23:46.489 [main] INFO org.evosuite.runtime.instrumentation.EvoClassLoader -- Instrumenting class 'org.apache.logging.log4j.message.MessageFactory'.
13:23:46.490 [main] INFO org.evosuite.runtime.instrumentation.EvoClassLoader -- Defined package (3): package org.apache.logging.log4j.message, 515308782
13:23:46.490 [main] INFO org.evosuite.runtime.instrumentation.EvoClassLoader -- Keeping class: org.apache.logging.log4j.message.MessageFactory
13:23:46.490 [main] INFO org.evosuite.runtime.instrumentation.EvoClassLoader -- Seeing class for first time: org.apache.logging.log4j.message.Message
13:23:46.490 [main] INFO org.evosuite.runtime.instrumentation.EvoClassLoader -- Instrumenting class 'org.apache.logging.log4j.message.Message'.
13:23:46.492 [main] INFO org.evosuite.runtime.instrumentation.EvoClassLoader -- Keeping class: org.apache.logging.log4j.message.Message
13:23:46.492 [main] INFO org.evosuite.runtime.instrumentation.EvoClassLoader -- Seeing class for first time: org.apache.logging.log4j.message.MessageFactory2
13:23:46.492 [main] INFO org.evosuite.runtime.instrumentation.EvoClassLoader -- Instrumenting class 'org.apache.logging.log4j.message.MessageFactory2'.
13:23:46.493 [main] INFO org.evosuite.runtime.instrumentation.EvoClassLoader -- Keeping class: org.apache.logging.log4j.message.MessageFactory2
13:23:46.494 [main] INFO org.evosuite.runtime.instrumentation.EvoClassLoader -- Seeing class for first time: org.apache.logging.log4j.LoggingException
13:23:46.494 [main] INFO org.evosuite.runtime.instrumentation.EvoClassLoader -- Instrumenting class 'org.apache.logging.log4j.LoggingException'.
13:23:46.496 [main] INFO org.evosuite.runtime.instrumentation.MethodCallReplacementClassAdapter -- Adding mock interface to class org/apache/logging/log4j/LoggingException
13:23:46.497 [main] INFO org.evosuite.runtime.instrumentation.CreateClassResetClassAdapter -- Creating brand-new static initializer in class org/apache/logging/log4j/LoggingException
13:23:46.497 [main] INFO org.evosuite.runtime.instrumentation.EvoClassLoader -- Keeping class: org.apache.logging.log4j.LoggingException
13:23:46.498 [main] INFO org.evosuite.runtime.instrumentation.EvoClassLoader -- Seeing class for first time: org.apache.logging.log4j.LogBuilder
13:23:46.498 [main] INFO org.evosuite.runtime.instrumentation.EvoClassLoader -- Instrumenting class 'org.apache.logging.log4j.LogBuilder'.
13:23:46.501 [main] INFO org.evosuite.runtime.instrumentation.EvoClassLoader -- Keeping class: org.apache.logging.log4j.LogBuilder
13:23:46.503 [main] INFO org.evosuite.runtime.instrumentation.EvoClassLoader -- Seeing class for first time: org.apache.logging.log4j.Level
13:23:46.503 [main] INFO org.evosuite.runtime.instrumentation.EvoClassLoader -- Instrumenting class 'org.apache.logging.log4j.Level'.
13:23:46.505 [main] INFO org.evosuite.runtime.instrumentation.MethodCallReplacementClassAdapter -- Adding mock interface to class org/apache/logging/log4j/Level
13:23:46.511 [main] INFO org.evosuite.runtime.instrumentation.CreateClassResetClassAdapter -- Found static initializer in class org/apache/logging/log4j/Level
13:23:46.513 [main] INFO org.evosuite.runtime.instrumentation.EvoClassLoader -- Keeping class: org.apache.logging.log4j.Level
13:23:46.513 [main] INFO org.evosuite.runtime.instrumentation.EvoClassLoader -- Seeing class for first time: org.apache.logging.log4j.util.MessageSupplier
13:23:46.513 [main] INFO org.evosuite.runtime.instrumentation.EvoClassLoader -- Instrumenting class 'org.apache.logging.log4j.util.MessageSupplier'.
13:23:46.515 [main] INFO org.evosuite.runtime.instrumentation.EvoClassLoader -- Keeping class: org.apache.logging.log4j.util.MessageSupplier
13:23:46.516 [main] INFO org.evosuite.runtime.instrumentation.EvoClassLoader -- Seeing class for first time: org.apache.logging.log4j.message.FlowMessageFactory
13:23:46.516 [main] INFO org.evosuite.runtime.instrumentation.EvoClassLoader -- Instrumenting class 'org.apache.logging.log4j.message.FlowMessageFactory'.
13:23:46.517 [main] INFO org.evosuite.runtime.instrumentation.EvoClassLoader -- Keeping class: org.apache.logging.log4j.message.FlowMessageFactory
13:23:46.518 [main] INFO org.evosuite.runtime.instrumentation.EvoClassLoader -- Seeing class for first time: org.apache.logging.log4j.message.EntryMessage
13:23:46.518 [main] INFO org.evosuite.runtime.instrumentation.EvoClassLoader -- Instrumenting class 'org.apache.logging.log4j.message.EntryMessage'.
13:23:46.519 [main] INFO org.evosuite.runtime.instrumentation.EvoClassLoader -- Seeing class for first time: org.apache.logging.log4j.message.FlowMessage
13:23:46.519 [main] INFO org.evosuite.runtime.instrumentation.EvoClassLoader -- Instrumenting class 'org.apache.logging.log4j.message.FlowMessage'.
13:23:46.521 [main] INFO org.evosuite.runtime.instrumentation.EvoClassLoader -- Keeping class: org.apache.logging.log4j.message.FlowMessage
13:23:46.521 [main] INFO org.evosuite.runtime.instrumentation.EvoClassLoader -- Keeping class: org.apache.logging.log4j.message.EntryMessage
13:23:46.523 [main] INFO org.evosuite.runtime.instrumentation.EvoClassLoader -- Seeing class for first time: org.apache.logging.log4j.message.ReusableMessageFactory
13:23:46.523 [main] INFO org.evosuite.runtime.instrumentation.EvoClassLoader -- Instrumenting class 'org.apache.logging.log4j.message.ReusableMessageFactory'.
13:23:46.524 [main] INFO org.evosuite.runtime.instrumentation.MethodCallReplacementClassAdapter -- Adding mock interface to class org/apache/logging/log4j/message/ReusableMessageFactory
13:23:46.529 [main] INFO org.evosuite.runtime.instrumentation.CreateClassResetClassAdapter -- Found static initializer in class org/apache/logging/log4j/message/ReusableMessageFactory
13:23:46.529 [main] INFO org.evosuite.runtime.instrumentation.EvoClassLoader -- Keeping class: org.apache.logging.log4j.message.ReusableMessageFactory
13:23:46.530 [main] INFO org.evosuite.runtime.instrumentation.EvoClassLoader -- Seeing class for first time: org.apache.logging.log4j.message.ParameterizedMessageFactory
13:23:46.530 [main] INFO org.evosuite.runtime.instrumentation.EvoClassLoader -- Instrumenting class 'org.apache.logging.log4j.message.ParameterizedMessageFactory'.
13:23:46.530 [main] INFO org.evosuite.runtime.instrumentation.MethodCallReplacementClassAdapter -- Adding mock interface to class org/apache/logging/log4j/message/ParameterizedMessageFactory
13:23:46.531 [main] INFO org.evosuite.runtime.instrumentation.CreateClassResetClassAdapter -- Found static initializer in class org/apache/logging/log4j/message/ParameterizedMessageFactory
13:23:46.531 [main] INFO org.evosuite.runtime.instrumentation.EvoClassLoader -- Seeing class for first time: org.apache.logging.log4j.message.AbstractMessageFactory
13:23:46.531 [main] INFO org.evosuite.runtime.instrumentation.EvoClassLoader -- Instrumenting class 'org.apache.logging.log4j.message.AbstractMessageFactory'.
13:23:46.532 [main] INFO org.evosuite.runtime.instrumentation.MethodCallReplacementClassAdapter -- Adding mock interface to class org/apache/logging/log4j/message/AbstractMessageFactory
13:23:46.532 [main] INFO org.evosuite.runtime.instrumentation.CreateClassResetClassAdapter -- Creating brand-new static initializer in class org/apache/logging/log4j/message/AbstractMessageFactory
13:23:46.533 [main] INFO org.evosuite.runtime.instrumentation.EvoClassLoader -- Keeping class: org.apache.logging.log4j.message.AbstractMessageFactory
13:23:46.533 [main] INFO org.evosuite.runtime.instrumentation.EvoClassLoader -- Keeping class: org.apache.logging.log4j.message.ParameterizedMessageFactory
13:23:46.534 [main] INFO org.evosuite.runtime.instrumentation.EvoClassLoader -- Seeing class for first time: org.apache.logging.log4j.message.DefaultFlowMessageFactory
13:23:46.534 [main] INFO org.evosuite.runtime.instrumentation.EvoClassLoader -- Instrumenting class 'org.apache.logging.log4j.message.DefaultFlowMessageFactory'.
13:23:46.535 [main] INFO org.evosuite.runtime.instrumentation.MethodCallReplacementClassAdapter -- Adding mock interface to class org/apache/logging/log4j/message/DefaultFlowMessageFactory
13:23:46.537 [main] INFO org.evosuite.runtime.instrumentation.CreateClassResetClassAdapter -- Creating brand-new static initializer in class org/apache/logging/log4j/message/DefaultFlowMessageFactory
13:23:46.538 [main] INFO org.evosuite.runtime.instrumentation.CreateClassResetClassAdapter -- Adding bytecode for initializing field EXIT_DEFAULT_PREFIX
13:23:46.538 [main] INFO org.evosuite.runtime.instrumentation.CreateClassResetClassAdapter -- Adding bytecode for initializing field ENTRY_DEFAULT_PREFIX
13:23:46.538 [main] INFO org.evosuite.runtime.instrumentation.EvoClassLoader -- Keeping class: org.apache.logging.log4j.message.DefaultFlowMessageFactory
13:23:46.538 [main] INFO org.evosuite.runtime.instrumentation.EvoClassLoader -- Seeing class for first time: org.apache.logging.log4j.internal.DefaultLogBuilder
13:23:46.538 [main] INFO org.evosuite.runtime.instrumentation.EvoClassLoader -- Instrumenting class 'org.apache.logging.log4j.internal.DefaultLogBuilder'.
13:23:46.539 [main] INFO org.evosuite.runtime.instrumentation.MethodCallReplacementClassAdapter -- Adding mock interface to class org/apache/logging/log4j/internal/DefaultLogBuilder
13:23:46.541 [main] INFO org.evosuite.runtime.instrumentation.CreateClassResetClassAdapter -- Found static initializer in class org/apache/logging/log4j/internal/DefaultLogBuilder
13:23:46.541 [main] INFO org.evosuite.runtime.instrumentation.EvoClassLoader -- Defined package (3): package org.apache.logging.log4j.internal, -172792138
13:23:46.542 [main] INFO org.evosuite.runtime.instrumentation.EvoClassLoader -- Seeing class for first time: org.apache.logging.log4j.BridgeAware
13:23:46.542 [main] INFO org.evosuite.runtime.instrumentation.EvoClassLoader -- Instrumenting class 'org.apache.logging.log4j.BridgeAware'.
13:23:46.543 [main] INFO org.evosuite.runtime.instrumentation.EvoClassLoader -- Keeping class: org.apache.logging.log4j.BridgeAware
13:23:46.543 [main] INFO org.evosuite.runtime.instrumentation.EvoClassLoader -- Keeping class: org.apache.logging.log4j.internal.DefaultLogBuilder
13:23:46.545 [main] INFO org.evosuite.runtime.instrumentation.EvoClassLoader -- Seeing class for first time: org.apache.logging.log4j.message.ParameterizedNoReferenceMessageFactory
13:23:46.545 [main] INFO org.evosuite.runtime.instrumentation.EvoClassLoader -- Instrumenting class 'org.apache.logging.log4j.message.ParameterizedNoReferenceMessageFactory'.
13:23:46.545 [main] INFO org.evosuite.runtime.instrumentation.MethodCallReplacementClassAdapter -- Adding mock interface to class org/apache/logging/log4j/message/ParameterizedNoReferenceMessageFactory
13:23:46.546 [main] INFO org.evosuite.runtime.instrumentation.CreateClassResetClassAdapter -- Found static initializer in class org/apache/logging/log4j/message/ParameterizedNoReferenceMessageFactory
13:23:46.546 [main] INFO org.evosuite.runtime.instrumentation.EvoClassLoader -- Keeping class: org.apache.logging.log4j.message.ParameterizedNoReferenceMessageFactory
13:23:46.546 [main] INFO org.evosuite.runtime.instrumentation.EvoClassLoader -- Seeing class for first time: org.apache.logging.log4j.status.SimpleLoggerFactory
13:23:46.546 [main] INFO org.evosuite.runtime.instrumentation.EvoClassLoader -- Instrumenting class 'org.apache.logging.log4j.status.SimpleLoggerFactory'.
13:23:46.547 [main] INFO org.evosuite.runtime.instrumentation.MethodCallReplacementClassAdapter -- Adding mock interface to class org/apache/logging/log4j/status/SimpleLoggerFactory
13:23:46.547 [main] INFO org.evosuite.runtime.instrumentation.CreateClassResetClassAdapter -- Found static initializer in class org/apache/logging/log4j/status/SimpleLoggerFactory
13:23:46.548 [main] INFO org.evosuite.runtime.instrumentation.EvoClassLoader -- Defined package (3): package org.apache.logging.log4j.status, -1599399381
13:23:46.548 [main] INFO org.evosuite.runtime.instrumentation.EvoClassLoader -- Keeping class: org.apache.logging.log4j.status.SimpleLoggerFactory
13:23:46.548 [main] INFO org.evosuite.runtime.instrumentation.EvoClassLoader -- Seeing class for first time: org.apache.logging.log4j.simple.SimpleLogger
13:23:46.549 [main] INFO org.evosuite.runtime.instrumentation.EvoClassLoader -- Instrumenting class 'org.apache.logging.log4j.simple.SimpleLogger'.
13:23:46.550 [main] INFO org.evosuite.runtime.instrumentation.MethodCallReplacementClassAdapter -- Adding mock interface to class org/apache/logging/log4j/simple/SimpleLogger
13:23:46.557 [main] INFO org.evosuite.runtime.instrumentation.CreateClassResetClassAdapter -- Creating brand-new static initializer in class org/apache/logging/log4j/simple/SimpleLogger
13:23:46.557 [main] INFO org.evosuite.runtime.instrumentation.CreateClassResetClassAdapter -- Adding bytecode for initializing field SPACE
13:23:46.558 [main] INFO org.evosuite.runtime.instrumentation.EvoClassLoader -- Defined package (3): package org.apache.logging.log4j.simple, -1609204757
13:23:46.559 [main] INFO org.evosuite.runtime.instrumentation.EvoClassLoader -- Keeping class: org.apache.logging.log4j.simple.SimpleLogger
13:23:46.560 [main] INFO org.evosuite.runtime.instrumentation.EvoClassLoader -- Seeing class for first time: org.apache.logging.log4j.message.ExitMessage
13:23:46.560 [main] INFO org.evosuite.runtime.instrumentation.EvoClassLoader -- Instrumenting class 'org.apache.logging.log4j.message.ExitMessage'.
13:23:46.561 [main] INFO org.evosuite.runtime.instrumentation.EvoClassLoader -- Keeping class: org.apache.logging.log4j.message.ExitMessage
13:23:46.563 [main] INFO org.evosuite.runtime.instrumentation.EvoClassLoader -- Seeing class for first time: org.apache.logging.log4j.status.StatusLogger$BoundedQueue
13:23:46.564 [main] INFO org.evosuite.runtime.instrumentation.EvoClassLoader -- Instrumenting class 'org.apache.logging.log4j.status.StatusLogger$BoundedQueue'.
13:23:46.565 [main] INFO org.evosuite.runtime.instrumentation.MethodCallReplacementClassAdapter -- Adding mock interface to class org/apache/logging/log4j/status/StatusLogger$BoundedQueue
13:23:46.566 [main] INFO org.evosuite.runtime.instrumentation.CreateClassResetClassAdapter -- Creating brand-new static initializer in class org/apache/logging/log4j/status/StatusLogger$BoundedQueue
13:23:46.567 [main] INFO org.evosuite.runtime.instrumentation.EvoClassLoader -- Keeping class: org.apache.logging.log4j.status.StatusLogger$BoundedQueue
13:23:46.567 [main] INFO org.evosuite.runtime.instrumentation.EvoClassLoader -- Seeing class for first time: org.apache.logging.log4j.status.StatusLogger
13:23:46.567 [main] INFO org.evosuite.runtime.instrumentation.EvoClassLoader -- Instrumenting class 'org.apache.logging.log4j.status.StatusLogger'.
13:23:46.569 [main] INFO org.evosuite.runtime.instrumentation.MethodCallReplacementClassAdapter -- Adding mock interface to class org/apache/logging/log4j/status/StatusLogger
13:23:46.573 [main] INFO org.evosuite.runtime.instrumentation.CreateClassResetClassAdapter -- Found static initializer in class org/apache/logging/log4j/status/StatusLogger
13:23:46.574 [main] INFO org.evosuite.runtime.instrumentation.EvoClassLoader -- Keeping class: org.apache.logging.log4j.status.StatusLogger
13:23:46.576 [main] INFO org.evosuite.runtime.instrumentation.EvoClassLoader -- Seeing class for first time: org.apache.logging.log4j.spi.StandardLevel
13:23:46.576 [main] INFO org.evosuite.runtime.instrumentation.EvoClassLoader -- Instrumenting class 'org.apache.logging.log4j.spi.StandardLevel'.
13:23:46.577 [main] INFO org.evosuite.runtime.instrumentation.MethodCallReplacementClassAdapter -- Adding mock interface to class org/apache/logging/log4j/spi/StandardLevel
13:23:46.578 [main] INFO org.evosuite.runtime.instrumentation.CreateClassResetClassAdapter -- Found static initializer in class org/apache/logging/log4j/spi/StandardLevel
13:23:46.579 [main] INFO org.evosuite.runtime.instrumentation.EvoClassLoader -- Keeping class: org.apache.logging.log4j.spi.StandardLevel
13:23:46.586 [main] INFO org.evosuite.runtime.instrumentation.EvoClassLoader -- Seeing class for first time: org.apache.logging.log4j.status.StatusListener
13:23:46.586 [main] INFO org.evosuite.runtime.instrumentation.EvoClassLoader -- Instrumenting class 'org.apache.logging.log4j.status.StatusListener'.
13:23:46.588 [main] INFO org.evosuite.runtime.instrumentation.EvoClassLoader -- Keeping class: org.apache.logging.log4j.status.StatusListener
13:23:46.635 [main] INFO org.evosuite.runtime.instrumentation.EvoClassLoader -- Seeing class for first time: org.apache.logging.log4j.util.ProviderUtil
13:23:46.635 [main] INFO org.evosuite.runtime.instrumentation.EvoClassLoader -- Instrumenting class 'org.apache.logging.log4j.util.ProviderUtil'.
13:23:46.637 [main] INFO org.evosuite.runtime.instrumentation.MethodCallReplacementClassAdapter -- Adding mock interface to class org/apache/logging/log4j/util/ProviderUtil
13:23:46.641 [main] INFO org.evosuite.runtime.instrumentation.CreateClassResetClassAdapter -- Found static initializer in class org/apache/logging/log4j/util/ProviderUtil
13:23:46.643 [main] INFO org.evosuite.runtime.instrumentation.EvoClassLoader -- Keeping class: org.apache.logging.log4j.util.ProviderUtil
13:23:46.644 [main] INFO org.evosuite.runtime.instrumentation.EvoClassLoader -- Seeing class for first time: org.apache.logging.log4j.spi.Provider
13:23:46.644 [main] INFO org.evosuite.runtime.instrumentation.EvoClassLoader -- Instrumenting class 'org.apache.logging.log4j.spi.Provider'.
13:23:46.645 [main] INFO org.evosuite.runtime.instrumentation.MethodCallReplacementClassAdapter -- Adding mock interface to class org/apache/logging/log4j/spi/Provider
13:23:46.649 [main] INFO org.evosuite.runtime.instrumentation.CreateClassResetClassAdapter -- Found static initializer in class org/apache/logging/log4j/spi/Provider
13:23:46.650 [main] INFO org.evosuite.runtime.instrumentation.EvoClassLoader -- Keeping class: org.apache.logging.log4j.spi.Provider
13:23:46.653 [main] INFO org.evosuite.runtime.instrumentation.EvoClassLoader -- Seeing class for first time: org.apache.logging.log4j.core.impl.Log4jProvider
13:23:46.653 [main] INFO org.evosuite.runtime.instrumentation.EvoClassLoader -- Instrumenting class 'org.apache.logging.log4j.core.impl.Log4jProvider'.
13:23:46.655 [main] INFO org.evosuite.runtime.instrumentation.MethodCallReplacementClassAdapter -- Adding mock interface to class org/apache/logging/log4j/core/impl/Log4jProvider
13:23:46.656 [main] INFO org.evosuite.runtime.instrumentation.CreateClassResetClassAdapter -- Creating brand-new static initializer in class org/apache/logging/log4j/core/impl/Log4jProvider
13:23:46.656 [main] INFO org.evosuite.runtime.instrumentation.EvoClassLoader -- Defined package (3): package org.apache.logging.log4j.core.impl, 1098069558
13:23:46.656 [main] INFO org.evosuite.runtime.instrumentation.EvoClassLoader -- Keeping class: org.apache.logging.log4j.core.impl.Log4jProvider
13:23:46.657 [main] INFO org.evosuite.runtime.instrumentation.EvoClassLoader -- Seeing class for first time: org.apache.logging.log4j.core.util.Constants
13:23:46.657 [main] INFO org.evosuite.runtime.instrumentation.EvoClassLoader -- Instrumenting class 'org.apache.logging.log4j.core.util.Constants'.
13:23:46.659 [main] INFO org.evosuite.runtime.instrumentation.MethodCallReplacementClassAdapter -- Adding mock interface to class org/apache/logging/log4j/core/util/Constants
13:23:46.660 [main] INFO org.evosuite.runtime.instrumentation.CreateClassResetClassAdapter -- Found static initializer in class org/apache/logging/log4j/core/util/Constants
13:23:46.661 [main] INFO org.evosuite.runtime.instrumentation.EvoClassLoader -- Defined package (3): package org.apache.logging.log4j.core.util, 1098433560
13:23:46.662 [main] INFO org.evosuite.runtime.instrumentation.EvoClassLoader -- Keeping class: org.apache.logging.log4j.core.util.Constants
13:23:46.667 [main] INFO org.evosuite.runtime.instrumentation.EvoClassLoader -- Seeing class for first time: org.apache.logging.log4j.core.impl.Log4jContextFactory
13:23:46.667 [main] INFO org.evosuite.runtime.instrumentation.EvoClassLoader -- Instrumenting class 'org.apache.logging.log4j.core.impl.Log4jContextFactory'.
13:23:46.669 [main] INFO org.evosuite.runtime.instrumentation.MethodCallReplacementClassAdapter -- Adding mock interface to class org/apache/logging/log4j/core/impl/Log4jContextFactory
13:23:46.689 [main] INFO org.evosuite.runtime.instrumentation.CreateClassResetClassAdapter -- Found static initializer in class org/apache/logging/log4j/core/impl/Log4jContextFactory
13:23:46.691 [main] INFO org.evosuite.runtime.instrumentation.EvoClassLoader -- Seeing class for first time: org.apache.logging.log4j.spi.LoggerContextFactory
13:23:46.691 [main] INFO org.evosuite.runtime.instrumentation.EvoClassLoader -- Instrumenting class 'org.apache.logging.log4j.spi.LoggerContextFactory'.
13:23:46.693 [main] INFO org.evosuite.runtime.instrumentation.EvoClassLoader -- Keeping class: org.apache.logging.log4j.spi.LoggerContextFactory
13:23:46.694 [main] INFO org.evosuite.runtime.instrumentation.EvoClassLoader -- Seeing class for first time: org.apache.logging.log4j.core.util.ShutdownCallbackRegistry
13:23:46.694 [main] INFO org.evosuite.runtime.instrumentation.EvoClassLoader -- Instrumenting class 'org.apache.logging.log4j.core.util.ShutdownCallbackRegistry'.
13:23:46.694 [main] INFO org.evosuite.runtime.instrumentation.EvoClassLoader -- Keeping class: org.apache.logging.log4j.core.util.ShutdownCallbackRegistry
13:23:46.695 [main] INFO org.evosuite.runtime.instrumentation.EvoClassLoader -- Keeping class: org.apache.logging.log4j.core.impl.Log4jContextFactory
13:23:46.695 [main] INFO org.evosuite.runtime.instrumentation.EvoClassLoader -- Seeing class for first time: org.apache.logging.log4j.core.selector.ContextSelector
13:23:46.695 [main] INFO org.evosuite.runtime.instrumentation.EvoClassLoader -- Instrumenting class 'org.apache.logging.log4j.core.selector.ContextSelector'.
13:23:46.696 [main] INFO org.evosuite.runtime.instrumentation.EvoClassLoader -- Defined package (3): package org.apache.logging.log4j.core.selector, -1401697035
13:23:46.696 [main] INFO org.evosuite.runtime.instrumentation.EvoClassLoader -- Keeping class: org.apache.logging.log4j.core.selector.ContextSelector
13:23:46.697 [main] INFO org.evosuite.runtime.instrumentation.EvoClassLoader -- Seeing class for first time: org.apache.logging.log4j.core.config.Configuration
13:23:46.697 [main] INFO org.evosuite.runtime.instrumentation.EvoClassLoader -- Instrumenting class 'org.apache.logging.log4j.core.config.Configuration'.
13:23:46.698 [main] INFO org.evosuite.runtime.instrumentation.EvoClassLoader -- Defined package (3): package org.apache.logging.log4j.core.config, -1487099432
13:23:46.699 [main] INFO org.evosuite.runtime.instrumentation.EvoClassLoader -- Seeing class for first time: org.apache.logging.log4j.core.filter.Filterable
13:23:46.699 [main] INFO org.evosuite.runtime.instrumentation.EvoClassLoader -- Instrumenting class 'org.apache.logging.log4j.core.filter.Filterable'.
13:23:46.700 [main] INFO org.evosuite.runtime.instrumentation.EvoClassLoader -- Defined package (3): package org.apache.logging.log4j.core.filter, -1406799346
13:23:46.701 [main] INFO org.evosuite.runtime.instrumentation.EvoClassLoader -- Seeing class for first time: org.apache.logging.log4j.core.LifeCycle
13:23:46.701 [main] INFO org.evosuite.runtime.instrumentation.EvoClassLoader -- Instrumenting class 'org.apache.logging.log4j.core.LifeCycle'.
13:23:46.702 [main] INFO org.evosuite.runtime.instrumentation.EvoClassLoader -- Defined package (3): package org.apache.logging.log4j.core, -551865320
13:23:46.703 [main] INFO org.evosuite.runtime.instrumentation.EvoClassLoader -- Keeping class: org.apache.logging.log4j.core.LifeCycle
13:23:46.703 [main] INFO org.evosuite.runtime.instrumentation.EvoClassLoader -- Keeping class: org.apache.logging.log4j.core.filter.Filterable
13:23:46.703 [main] INFO org.evosuite.runtime.instrumentation.EvoClassLoader -- Keeping class: org.apache.logging.log4j.core.config.Configuration
13:23:46.704 [main] INFO org.evosuite.runtime.instrumentation.EvoClassLoader -- Seeing class for first time: org.apache.logging.log4j.core.util.Cancellable
13:23:46.704 [main] INFO org.evosuite.runtime.instrumentation.EvoClassLoader -- Instrumenting class 'org.apache.logging.log4j.core.util.Cancellable'.
13:23:46.705 [main] INFO org.evosuite.runtime.instrumentation.EvoClassLoader -- Keeping class: org.apache.logging.log4j.core.util.Cancellable
13:23:46.706 [main] INFO org.evosuite.runtime.instrumentation.EvoClassLoader -- Seeing class for first time: org.apache.logging.log4j.core.config.ConfigurationSource
13:23:46.706 [main] INFO org.evosuite.runtime.instrumentation.EvoClassLoader -- Instrumenting class 'org.apache.logging.log4j.core.config.ConfigurationSource'.
13:23:46.707 [main] INFO org.evosuite.runtime.instrumentation.MethodCallReplacementClassAdapter -- Adding mock interface to class org/apache/logging/log4j/core/config/ConfigurationSource
13:23:46.717 [main] INFO org.evosuite.runtime.instrumentation.CreateClassResetClassAdapter -- Found static initializer in class org/apache/logging/log4j/core/config/ConfigurationSource
13:23:46.718 [main] INFO org.evosuite.runtime.instrumentation.EvoClassLoader -- Keeping class: org.apache.logging.log4j.core.config.ConfigurationSource
13:23:46.718 [main] INFO org.evosuite.runtime.instrumentation.EvoClassLoader -- Seeing class for first time: org.apache.logging.log4j.core.LoggerContext
13:23:46.718 [main] INFO org.evosuite.runtime.instrumentation.EvoClassLoader -- Instrumenting class 'org.apache.logging.log4j.core.LoggerContext'.
13:23:46.719 [main] INFO org.evosuite.runtime.instrumentation.MethodCallReplacementClassAdapter -- Adding mock interface to class org/apache/logging/log4j/core/LoggerContext
13:23:46.730 [main] INFO org.evosuite.runtime.instrumentation.CreateClassResetClassAdapter -- Found static initializer in class org/apache/logging/log4j/core/LoggerContext
13:23:46.731 [main] INFO org.evosuite.runtime.instrumentation.EvoClassLoader -- Seeing class for first time: org.apache.logging.log4j.spi.Terminable
13:23:46.731 [main] INFO org.evosuite.runtime.instrumentation.EvoClassLoader -- Instrumenting class 'org.apache.logging.log4j.spi.Terminable'.
13:23:46.733 [main] INFO org.evosuite.runtime.instrumentation.EvoClassLoader -- Keeping class: org.apache.logging.log4j.spi.Terminable
13:23:46.733 [main] INFO org.evosuite.runtime.instrumentation.EvoClassLoader -- Seeing class for first time: org.apache.logging.log4j.core.config.ConfigurationListener
13:23:46.733 [main] INFO org.evosuite.runtime.instrumentation.EvoClassLoader -- Instrumenting class 'org.apache.logging.log4j.core.config.ConfigurationListener'.
13:23:46.735 [main] INFO org.evosuite.runtime.instrumentation.EvoClassLoader -- Keeping class: org.apache.logging.log4j.core.config.ConfigurationListener
13:23:46.735 [main] INFO org.evosuite.runtime.instrumentation.EvoClassLoader -- Seeing class for first time: org.apache.logging.log4j.spi.LoggerContextShutdownEnabled
13:23:46.735 [main] INFO org.evosuite.runtime.instrumentation.EvoClassLoader -- Instrumenting class 'org.apache.logging.log4j.spi.LoggerContextShutdownEnabled'.
13:23:46.737 [main] INFO org.evosuite.runtime.instrumentation.EvoClassLoader -- Keeping class: org.apache.logging.log4j.spi.LoggerContextShutdownEnabled
13:23:46.738 [main] INFO org.evosuite.runtime.instrumentation.EvoClassLoader -- Seeing class for first time: org.apache.logging.log4j.core.AbstractLifeCycle
13:23:46.738 [main] INFO org.evosuite.runtime.instrumentation.EvoClassLoader -- Instrumenting class 'org.apache.logging.log4j.core.AbstractLifeCycle'.
13:23:46.739 [main] INFO org.evosuite.runtime.instrumentation.MethodCallReplacementClassAdapter -- Adding mock interface to class org/apache/logging/log4j/core/AbstractLifeCycle
13:23:46.741 [main] INFO org.evosuite.runtime.instrumentation.CreateClassResetClassAdapter -- Found static initializer in class org/apache/logging/log4j/core/AbstractLifeCycle
13:23:46.742 [main] INFO org.evosuite.runtime.instrumentation.EvoClassLoader -- Seeing class for first time: org.apache.logging.log4j.core.LifeCycle2
13:23:46.743 [main] INFO org.evosuite.runtime.instrumentation.EvoClassLoader -- Instrumenting class 'org.apache.logging.log4j.core.LifeCycle2'.
13:23:46.745 [main] INFO org.evosuite.runtime.instrumentation.EvoClassLoader -- Keeping class: org.apache.logging.log4j.core.LifeCycle2
13:23:46.745 [main] INFO org.evosuite.runtime.instrumentation.EvoClassLoader -- Keeping class: org.apache.logging.log4j.core.AbstractLifeCycle
13:23:46.746 [main] INFO org.evosuite.runtime.instrumentation.EvoClassLoader -- Keeping class: org.apache.logging.log4j.core.LoggerContext
13:23:46.748 [main] INFO org.evosuite.runtime.instrumentation.EvoClassLoader -- Seeing class for first time: org.apache.logging.log4j.core.util.Loader
13:23:46.749 [main] INFO org.evosuite.runtime.instrumentation.EvoClassLoader -- Instrumenting class 'org.apache.logging.log4j.core.util.Loader'.
13:23:46.751 [main] INFO org.evosuite.runtime.instrumentation.MethodCallReplacementClassAdapter -- Adding mock interface to class org/apache/logging/log4j/core/util/Loader
13:23:46.755 [main] INFO org.evosuite.runtime.instrumentation.CreateClassResetClassAdapter -- Found static initializer in class org/apache/logging/log4j/core/util/Loader
13:23:46.756 [main] INFO org.evosuite.runtime.instrumentation.EvoClassLoader -- Keeping class: org.apache.logging.log4j.core.util.Loader
13:23:46.758 [main] INFO org.evosuite.runtime.instrumentation.EvoClassLoader -- Seeing class for first time: org.apache.logging.log4j.core.selector.ClassLoaderContextSelector
13:23:46.758 [main] INFO org.evosuite.runtime.instrumentation.EvoClassLoader -- Instrumenting class 'org.apache.logging.log4j.core.selector.ClassLoaderContextSelector'.
13:23:46.760 [main] INFO org.evosuite.runtime.instrumentation.MethodCallReplacementClassAdapter -- Adding mock interface to class org/apache/logging/log4j/core/selector/ClassLoaderContextSelector
13:23:46.763 [main] INFO org.evosuite.runtime.instrumentation.CreateClassResetClassAdapter -- Found static initializer in class org/apache/logging/log4j/core/selector/ClassLoaderContextSelector
13:23:46.765 [main] INFO org.evosuite.runtime.instrumentation.EvoClassLoader -- Keeping class: org.apache.logging.log4j.core.selector.ClassLoaderContextSelector
13:23:46.768 [main] INFO org.evosuite.runtime.instrumentation.EvoClassLoader -- Seeing class for first time: org.apache.logging.log4j.core.util.DefaultShutdownCallbackRegistry
13:23:46.769 [main] INFO org.evosuite.runtime.instrumentation.EvoClassLoader -- Instrumenting class 'org.apache.logging.log4j.core.util.DefaultShutdownCallbackRegistry'.
13:23:46.770 [main] INFO org.evosuite.runtime.instrumentation.MethodCallReplacementClassAdapter -- Adding mock interface to class org/apache/logging/log4j/core/util/DefaultShutdownCallbackRegistry
13:23:46.777 [main] INFO org.evosuite.runtime.instrumentation.CreateClassResetClassAdapter -- Found static initializer in class org/apache/logging/log4j/core/util/DefaultShutdownCallbackRegistry
13:23:46.778 [main] INFO org.evosuite.runtime.instrumentation.EvoClassLoader -- Keeping class: org.apache.logging.log4j.core.util.DefaultShutdownCallbackRegistry
13:23:46.779 [main] INFO org.evosuite.runtime.instrumentation.EvoClassLoader -- Seeing class for first time: org.apache.logging.log4j.core.LifeCycle$State
13:23:46.779 [main] INFO org.evosuite.runtime.instrumentation.EvoClassLoader -- Instrumenting class 'org.apache.logging.log4j.core.LifeCycle$State'.
13:23:46.781 [main] INFO org.evosuite.runtime.instrumentation.MethodCallReplacementClassAdapter -- Adding mock interface to class org/apache/logging/log4j/core/LifeCycle$State
13:23:46.782 [main] INFO org.evosuite.runtime.instrumentation.CreateClassResetClassAdapter -- Found static initializer in class org/apache/logging/log4j/core/LifeCycle$State
13:23:46.783 [main] INFO org.evosuite.runtime.instrumentation.EvoClassLoader -- Keeping class: org.apache.logging.log4j.core.LifeCycle$State
13:23:46.785 [main] INFO org.evosuite.runtime.instrumentation.EvoClassLoader -- Seeing class for first time: org.apache.logging.log4j.internal.LogManagerStatus
13:23:46.785 [main] INFO org.evosuite.runtime.instrumentation.EvoClassLoader -- Instrumenting class 'org.apache.logging.log4j.internal.LogManagerStatus'.
13:23:46.786 [main] INFO org.evosuite.runtime.instrumentation.MethodCallReplacementClassAdapter -- Adding mock interface to class org/apache/logging/log4j/internal/LogManagerStatus
13:23:46.787 [main] INFO org.evosuite.runtime.instrumentation.CreateClassResetClassAdapter -- Found static initializer in class org/apache/logging/log4j/internal/LogManagerStatus
13:23:46.788 [main] INFO org.evosuite.runtime.instrumentation.EvoClassLoader -- Keeping class: org.apache.logging.log4j.internal.LogManagerStatus
13:23:46.789 [main] INFO org.evosuite.runtime.instrumentation.EvoClassLoader -- Seeing class for first time: org.apache.logging.log4j.LogManager
13:23:46.789 [main] INFO org.evosuite.runtime.instrumentation.EvoClassLoader -- Instrumenting class 'org.apache.logging.log4j.LogManager'.
13:23:46.791 [main] INFO org.evosuite.runtime.instrumentation.MethodCallReplacementClassAdapter -- Adding mock interface to class org/apache/logging/log4j/LogManager
13:23:46.795 [main] INFO org.evosuite.runtime.instrumentation.CreateClassResetClassAdapter -- Found static initializer in class org/apache/logging/log4j/LogManager
13:23:46.798 [main] INFO org.evosuite.runtime.instrumentation.EvoClassLoader -- Keeping class: org.apache.logging.log4j.LogManager
13:23:46.813 [main] INFO org.evosuite.runtime.instrumentation.EvoClassLoader -- Seeing class for first time: org.apache.logging.log4j.util.StackLocator
13:23:46.813 [main] INFO org.evosuite.runtime.instrumentation.EvoClassLoader -- Instrumenting class 'org.apache.logging.log4j.util.StackLocator'.
13:23:46.815 [main] INFO org.evosuite.runtime.instrumentation.MethodCallReplacementClassAdapter -- Adding mock interface to class org/apache/logging/log4j/util/StackLocator
13:23:46.823 [main] INFO org.evosuite.runtime.instrumentation.CreateClassResetClassAdapter -- Found static initializer in class org/apache/logging/log4j/util/StackLocator
13:23:46.829 [main] INFO org.evosuite.runtime.instrumentation.EvoClassLoader -- Keeping class: org.apache.logging.log4j.util.StackLocator
13:23:46.832 [main] INFO org.evosuite.runtime.instrumentation.EvoClassLoader -- Seeing class for first time: org.apache.logging.log4j.util.StackLocatorUtil
13:23:46.832 [main] INFO org.evosuite.runtime.instrumentation.EvoClassLoader -- Instrumenting class 'org.apache.logging.log4j.util.StackLocatorUtil'.
13:23:46.834 [main] INFO org.evosuite.runtime.instrumentation.MethodCallReplacementClassAdapter -- Adding mock interface to class org/apache/logging/log4j/util/StackLocatorUtil
13:23:46.836 [main] INFO org.evosuite.runtime.instrumentation.CreateClassResetClassAdapter -- Found static initializer in class org/apache/logging/log4j/util/StackLocatorUtil
13:23:46.837 [main] INFO org.evosuite.runtime.instrumentation.EvoClassLoader -- Keeping class: org.apache.logging.log4j.util.StackLocatorUtil
13:23:46.841 [main] INFO org.evosuite.runtime.instrumentation.EvoClassLoader -- Seeing class for first time: org.apache.logging.log4j.core.filter.AbstractFilterable
13:23:46.841 [main] INFO org.evosuite.runtime.instrumentation.EvoClassLoader -- Instrumenting class 'org.apache.logging.log4j.core.filter.AbstractFilterable'.
13:23:46.843 [main] INFO org.evosuite.runtime.instrumentation.MethodCallReplacementClassAdapter -- Adding mock interface to class org/apache/logging/log4j/core/filter/AbstractFilterable
13:23:46.846 [main] INFO org.evosuite.runtime.instrumentation.CreateClassResetClassAdapter -- Creating brand-new static initializer in class org/apache/logging/log4j/core/filter/AbstractFilterable
13:23:46.847 [main] INFO org.evosuite.runtime.instrumentation.EvoClassLoader -- Keeping class: org.apache.logging.log4j.core.filter.AbstractFilterable
13:23:46.848 [main] INFO org.evosuite.runtime.instrumentation.EvoClassLoader -- Seeing class for first time: org.apache.logging.log4j.core.Filter
13:23:46.848 [main] INFO org.evosuite.runtime.instrumentation.EvoClassLoader -- Instrumenting class 'org.apache.logging.log4j.core.Filter'.
13:23:46.851 [main] INFO org.evosuite.runtime.instrumentation.EvoClassLoader -- Keeping class: org.apache.logging.log4j.core.Filter
13:23:46.852 [main] INFO org.evosuite.runtime.instrumentation.EvoClassLoader -- Seeing class for first time: org.apache.logging.log4j.core.LogEvent
13:23:46.852 [main] INFO org.evosuite.runtime.instrumentation.EvoClassLoader -- Instrumenting class 'org.apache.logging.log4j.core.LogEvent'.
13:23:46.854 [main] INFO org.evosuite.runtime.instrumentation.EvoClassLoader -- Keeping class: org.apache.logging.log4j.core.LogEvent
13:23:46.854 [main] INFO org.evosuite.runtime.instrumentation.EvoClassLoader -- Seeing class for first time: org.apache.logging.log4j.core.config.Property
13:23:46.855 [main] INFO org.evosuite.runtime.instrumentation.EvoClassLoader -- Instrumenting class 'org.apache.logging.log4j.core.config.Property'.
13:23:46.856 [main] INFO org.evosuite.runtime.instrumentation.MethodCallReplacementClassAdapter -- Adding mock interface to class org/apache/logging/log4j/core/config/Property
13:23:46.861 [main] INFO org.evosuite.runtime.instrumentation.CreateClassResetClassAdapter -- Found static initializer in class org/apache/logging/log4j/core/config/Property
13:23:46.862 [main] INFO org.evosuite.runtime.instrumentation.EvoClassLoader -- Keeping class: org.apache.logging.log4j.core.config.Property
13:23:46.862 [main] INFO org.evosuite.runtime.instrumentation.EvoClassLoader -- Seeing class for first time: org.apache.logging.log4j.core.config.AbstractConfiguration
13:23:46.863 [main] INFO org.evosuite.runtime.instrumentation.EvoClassLoader -- Instrumenting class 'org.apache.logging.log4j.core.config.AbstractConfiguration'.
13:23:46.866 [main] INFO org.evosuite.runtime.instrumentation.MethodCallReplacementClassAdapter -- Adding mock interface to class org/apache/logging/log4j/core/config/AbstractConfiguration
13:23:46.888 [main] INFO org.evosuite.runtime.instrumentation.CreateClassResetClassAdapter -- Creating brand-new static initializer in class org/apache/logging/log4j/core/config/AbstractConfiguration
13:23:46.888 [main] INFO org.evosuite.runtime.instrumentation.CreateClassResetClassAdapter -- Adding bytecode for initializing field BUF_SIZE
13:23:46.890 [main] INFO org.evosuite.runtime.instrumentation.EvoClassLoader -- Keeping class: org.apache.logging.log4j.core.config.AbstractConfiguration
13:23:46.891 [main] INFO org.evosuite.runtime.instrumentation.EvoClassLoader -- Seeing class for first time: org.apache.logging.log4j.core.lookup.StrSubstitutor
13:23:46.891 [main] INFO org.evosuite.runtime.instrumentation.EvoClassLoader -- Instrumenting class 'org.apache.logging.log4j.core.lookup.StrSubstitutor'.
13:23:46.893 [main] INFO org.evosuite.runtime.instrumentation.MethodCallReplacementClassAdapter -- Adding mock interface to class org/apache/logging/log4j/core/lookup/StrSubstitutor
13:23:46.905 [main] INFO org.evosuite.runtime.instrumentation.CreateClassResetClassAdapter -- Found static initializer in class org/apache/logging/log4j/core/lookup/StrSubstitutor
13:23:46.907 [main] INFO org.evosuite.runtime.instrumentation.EvoClassLoader -- Defined package (3): package org.apache.logging.log4j.core.lookup, -1229402096
13:23:46.908 [main] INFO org.evosuite.runtime.instrumentation.EvoClassLoader -- Seeing class for first time: org.apache.logging.log4j.core.config.ConfigurationAware
[...]
13:23:48.170 [main] INFO org.evosuite.runtime.instrumentation.EvoClassLoader -- Seeing class for first time: org.apache.logging.log4j.core.config.plugins.convert.TypeConverters$ShortConverter
13:23:48.170 [main] INFO org.evosuite.runtime.instrumentation.EvoClassLoader -- Instrumenting class 'org.apache.logging.log4j.core.config.plugins.convert.TypeConverters$ShortConverter'.
13:23:48.171 [main] INFO org.evosuite.runtime.instrumentation.MethodCallReplacementClassAdapter -- Adding mock interface to class org/apache/logging/log4j/core/config/plugins/convert/TypeConverters$ShortConverter
13:23:48.171 [main] INFO org.evosuite.runtime.instrumentation.CreateClassResetClassAdapter -- Creating brand-new static initializer in class org/apache/logging/log4j/core/config/plugins/convert/TypeConverters$ShortConverter
13:23:48.172 [main] INFO org.evosuite.runtime.instrumentation.EvoClassLoader -- Keeping class: org.apache.logging.log4j.core.config.plugins.convert.TypeConverters$ShortConverter
13:23:48.172 [main] INFO org.evosuite.runtime.instrumentation.EvoClassLoader -- Seeing class for first time: org.apache.logging.log4j.core.config.plugins.convert.TypeConverters$StringConverter
13:23:48.172 [main] INFO org.evosuite.runtime.instrumentation.EvoClassLoader -- Instrumenting class 'org.apache.logging.log4j.core.config.plugins.convert.TypeConverters$StringConverter'.
13:23:48.173 [main] INFO org.evosuite.runtime.instrumentation.MethodCallReplacementClassAdapter -- Adding mock interface to class org/apache/logging/log4j/core/config/plugins/convert/TypeConverters$StringConverter
13:23:48.173 [main] INFO org.evosuite.runtime.instrumentation.CreateClassResetClassAdapter -- Creating brand-new static initializer in class org/apache/logging/log4j/core/config/plugins/convert/TypeConverters$StringConverter
13:23:48.174 [main] INFO org.evosuite.runtime.instrumentation.EvoClassLoader -- Keeping class: org.apache.logging.log4j.core.config.plugins.convert.TypeConverters$StringConverter
13:23:48.174 [main] INFO org.evosuite.runtime.instrumentation.EvoClassLoader -- Seeing class for first time: org.apache.logging.log4j.core.config.plugins.convert.TypeConverters$UriConverter
13:23:48.174 [main] INFO org.evosuite.runtime.instrumentation.EvoClassLoader -- Instrumenting class 'org.apache.logging.log4j.core.config.plugins.convert.TypeConverters$UriConverter'.
13:23:48.174 [main] INFO org.evosuite.runtime.instrumentation.MethodCallReplacementClassAdapter -- Adding mock interface to class org/apache/logging/log4j/core/config/plugins/convert/TypeConverters$UriConverter
13:23:48.175 [main] INFO org.evosuite.runtime.instrumentation.CreateClassResetClassAdapter -- Creating brand-new static initializer in class org/apache/logging/log4j/core/config/plugins/convert/TypeConverters$UriConverter
13:23:48.176 [main] INFO org.evosuite.runtime.instrumentation.EvoClassLoader -- Keeping class: org.apache.logging.log4j.core.config.plugins.convert.TypeConverters$UriConverter
13:23:48.176 [main] INFO org.evosuite.runtime.instrumentation.EvoClassLoader -- Seeing class for first time: org.apache.logging.log4j.core.config.plugins.convert.TypeConverters$UrlConverter
13:23:48.176 [main] INFO org.evosuite.runtime.instrumentation.EvoClassLoader -- Instrumenting class 'org.apache.logging.log4j.core.config.plugins.convert.TypeConverters$UrlConverter'.
13:23:48.176 [main] INFO org.evosuite.runtime.instrumentation.MethodCallReplacementClassAdapter -- Adding mock interface to class org/apache/logging/log4j/core/config/plugins/convert/TypeConverters$UrlConverter
13:23:48.177 [main] INFO org.evosuite.runtime.instrumentation.CreateClassResetClassAdapter -- Creating brand-new static initializer in class org/apache/logging/log4j/core/config/plugins/convert/TypeConverters$UrlConverter
13:23:48.177 [main] INFO org.evosuite.runtime.instrumentation.EvoClassLoader -- Keeping class: org.apache.logging.log4j.core.config.plugins.convert.TypeConverters$UrlConverter
13:23:48.177 [main] INFO org.evosuite.runtime.instrumentation.EvoClassLoader -- Seeing class for first time: org.apache.logging.log4j.core.config.plugins.convert.TypeConverters$UuidConverter
13:23:48.177 [main] INFO org.evosuite.runtime.instrumentation.EvoClassLoader -- Instrumenting class 'org.apache.logging.log4j.core.config.plugins.convert.TypeConverters$UuidConverter'.
13:23:48.178 [main] INFO org.evosuite.runtime.instrumentation.MethodCallReplacementClassAdapter -- Adding mock interface to class org/apache/logging/log4j/core/config/plugins/convert/TypeConverters$UuidConverter
13:23:48.178 [main] INFO org.evosuite.runtime.instrumentation.CreateClassResetClassAdapter -- Creating brand-new static initializer in class org/apache/logging/log4j/core/config/plugins/convert/TypeConverters$UuidConverter
13:23:48.178 [main] INFO org.evosuite.runtime.instrumentation.EvoClassLoader -- Keeping class: org.apache.logging.log4j.core.config.plugins.convert.TypeConverters$UuidConverter
13:23:48.178 [main] INFO org.evosuite.runtime.instrumentation.EvoClassLoader -- Seeing class for first time: org.apache.logging.log4j.core.config.HttpWatcher
13:23:48.178 [main] INFO org.evosuite.runtime.instrumentation.EvoClassLoader -- Instrumenting class 'org.apache.logging.log4j.core.config.HttpWatcher'.
13:23:48.179 [main] INFO org.evosuite.runtime.instrumentation.MethodCallReplacementClassAdapter -- Adding mock interface to class org/apache/logging/log4j/core/config/HttpWatcher
13:23:48.181 [main] INFO org.evosuite.runtime.instrumentation.CreateClassResetClassAdapter -- Creating brand-new static initializer in class org/apache/logging/log4j/core/config/HttpWatcher
13:23:48.181 [main] INFO org.evosuite.runtime.instrumentation.CreateClassResetClassAdapter -- Adding bytecode for initializing field HTTP
13:23:48.181 [main] INFO org.evosuite.runtime.instrumentation.CreateClassResetClassAdapter -- Adding bytecode for initializing field HTTPS
13:23:48.182 [main] INFO org.evosuite.runtime.instrumentation.EvoClassLoader -- Seeing class for first time: org.apache.logging.log4j.core.util.AbstractWatcher
13:23:48.182 [main] INFO org.evosuite.runtime.instrumentation.EvoClassLoader -- Instrumenting class 'org.apache.logging.log4j.core.util.AbstractWatcher'.
13:23:48.182 [main] INFO org.evosuite.runtime.instrumentation.MethodCallReplacementClassAdapter -- Adding mock interface to class org/apache/logging/log4j/core/util/AbstractWatcher
13:23:48.183 [main] INFO org.evosuite.runtime.instrumentation.CreateClassResetClassAdapter -- Creating brand-new static initializer in class org/apache/logging/log4j/core/util/AbstractWatcher
13:23:48.183 [main] INFO org.evosuite.runtime.instrumentation.EvoClassLoader -- Keeping class: org.apache.logging.log4j.core.util.AbstractWatcher
13:23:48.183 [main] INFO org.evosuite.runtime.instrumentation.EvoClassLoader -- Keeping class: org.apache.logging.log4j.core.config.HttpWatcher
]]></system-out>
  </testcase>
  <testcase name="test01" classname="org.apache.commons.logging.impl.Slf4jLogFactory_ESTest" time="0.008">
    <error message="Trying to set up the sandbox while executing a test case" type="java.lang.IllegalStateException"><![CDATA[java.lang.IllegalStateException: Trying to set up the sandbox while executing a test case
	at org.evosuite.runtime.sandbox.MSecurityManager.goingToExecuteTestCase(MSecurityManager.java:339)
	at org.evosuite.runtime.sandbox.Sandbox.goingToExecuteSUTCode(Sandbox.java:127)
	at org.apache.commons.logging.impl.Slf4jLogFactory_ESTest_scaffolding.initTestCase(Slf4jLogFactory_ESTest_scaffolding.java:54)
	at sun.reflect.NativeMethodAccessorImpl.invoke0(Native Method)
	at sun.reflect.NativeMethodAccessorImpl.invoke(NativeMethodAccessorImpl.java:62)
	at sun.reflect.DelegatingMethodAccessorImpl.invoke(DelegatingMethodAccessorImpl.java:43)
	at java.lang.reflect.Method.invoke(Method.java:498)
	at org.junit.runners.model.FrameworkMethod$1.runReflectiveCall(FrameworkMethod.java:59)
	at org.junit.internal.runners.model.ReflectiveCallable.run(ReflectiveCallable.java:12)
	at org.junit.runners.model.FrameworkMethod.invokeExplosively(FrameworkMethod.java:56)
	at org.junit.internal.runners.statements.RunBefores.invokeMethod(RunBefores.java:33)
	at org.junit.internal.runners.statements.RunBefores.evaluate(RunBefores.java:24)
	at org.junit.internal.runners.statements.RunAfters.evaluate(RunAfters.java:27)
	at org.evosuite.runtime.vnet.NonFunctionalRequirementRule$1.evaluate(NonFunctionalRequirementRule.java:41)
	at org.junit.runners.ParentRunner$3.evaluate(ParentRunner.java:306)
	at org.junit.runners.BlockJUnit4ClassRunner$1.evaluate(BlockJUnit4ClassRunner.java:100)
	at org.junit.runners.ParentRunner.runLeaf(ParentRunner.java:366)
	at org.junit.runners.BlockJUnit4ClassRunner.runChild(BlockJUnit4ClassRunner.java:103)
	at org.junit.runners.BlockJUnit4ClassRunner.runChild(BlockJUnit4ClassRunner.java:63)
	at org.junit.runners.ParentRunner$4.run(ParentRunner.java:331)
	at org.junit.runners.ParentRunner$1.schedule(ParentRunner.java:79)
	at org.junit.runners.ParentRunner.runChildren(ParentRunner.java:329)
	at org.junit.runners.ParentRunner.access$100(ParentRunner.java:66)
	at org.junit.runners.ParentRunner$2.evaluate(ParentRunner.java:293)
	at org.junit.internal.runners.statements.RunBefores.evaluate(RunBefores.java:26)
	at org.junit.internal.runners.statements.RunAfters.evaluate(RunAfters.java:27)
	at org.junit.runners.ParentRunner$3.evaluate(ParentRunner.java:306)
	at org.junit.runners.ParentRunner.run(ParentRunner.java:413)
	at org.apache.maven.surefire.junit4.JUnit4Provider.execute(JUnit4Provider.java:316)
	at org.apache.maven.surefire.junit4.JUnit4Provider.executeWithRerun(JUnit4Provider.java:240)
	at org.apache.maven.surefire.junit4.JUnit4Provider.executeTestSet(JUnit4Provider.java:214)
	at org.apache.maven.surefire.junit4.JUnit4Provider.invoke(JUnit4Provider.java:155)
	at org.apache.maven.surefire.booter.ForkedBooter.runSuitesInProcess(ForkedBooter.java:385)
	at org.apache.maven.surefire.booter.ForkedBooter.execute(ForkedBooter.java:162)
	at org.apache.maven.surefire.booter.ForkedBooter.run(ForkedBooter.java:507)
	at org.apache.maven.surefire.booter.ForkedBooter.main(ForkedBooter.java:495)
]]></error>
    <system-out><![CDATA[13:23:48.203 [main] INFO org.evosuite.runtime.instrumentation.EvoClassLoader -- Seeing class for first time: org.osgi.framework.FrameworkUtil
13:23:48.203 [main] INFO org.evosuite.runtime.instrumentation.EvoClassLoader -- Instrumenting class 'org.osgi.framework.FrameworkUtil'.
13:23:48.204 [main] INFO org.evosuite.runtime.instrumentation.EvoClassLoader -- Error while loading class: java.lang.ClassNotFoundException: Class 'org/osgi/framework/FrameworkUtil.class' should be in target project, but could not be found!
13:23:48.237 [main] ERROR org.evosuite.runtime.classhandling.ClassResetter -- java.lang.NoClassDefFoundError: Could not initialize class org.apache.logging.log4j.core.LoggerContext
13:23:48.237 [main] INFO org.evosuite.runtime.instrumentation.EvoClassLoader -- Seeing class for first time: org.apache.commons.logging.impl.SimpleLog
13:23:48.237 [main] INFO org.evosuite.runtime.instrumentation.EvoClassLoader -- Instrumenting class 'org.apache.commons.logging.impl.SimpleLog'.
13:23:48.238 [main] INFO org.evosuite.runtime.instrumentation.MethodCallReplacementClassAdapter -- Adding mock interface to class org/apache/commons/logging/impl/SimpleLog
13:23:48.241 [main] INFO org.evosuite.runtime.instrumentation.CreateClassResetClassAdapter -- Found static initializer in class org/apache/commons/logging/impl/SimpleLog
13:23:48.243 [main] INFO org.evosuite.runtime.instrumentation.EvoClassLoader -- Keeping class: org.apache.commons.logging.impl.SimpleLog
13:23:48.246 [main] INFO org.evosuite.runtime.instrumentation.EvoClassLoader -- Seeing class for first time: org.apache.commons.logging.impl.NoOpLog
13:23:48.246 [main] INFO org.evosuite.runtime.instrumentation.EvoClassLoader -- Instrumenting class 'org.apache.commons.logging.impl.NoOpLog'.
13:23:48.246 [main] INFO org.evosuite.runtime.instrumentation.MethodCallReplacementClassAdapter -- Adding mock interface to class org/apache/commons/logging/impl/NoOpLog
13:23:48.247 [main] INFO org.evosuite.runtime.instrumentation.CreateClassResetClassAdapter -- Creating brand-new static initializer in class org/apache/commons/logging/impl/NoOpLog
13:23:48.247 [main] INFO org.evosuite.runtime.instrumentation.EvoClassLoader -- Keeping class: org.apache.commons.logging.impl.NoOpLog
13:23:48.248 [main] INFO org.evosuite.runtime.instrumentation.EvoClassLoader -- Seeing class for first time: org.apache.commons.io.filefilter.IOFileFilter
13:23:48.248 [main] INFO org.evosuite.runtime.instrumentation.EvoClassLoader -- Instrumenting class 'org.apache.commons.io.filefilter.IOFileFilter'.
13:23:48.249 [main] INFO org.evosuite.runtime.instrumentation.EvoClassLoader -- Defined package (3): package org.apache.commons.io.filefilter, -417401760
13:23:48.250 [main] INFO org.evosuite.runtime.instrumentation.EvoClassLoader -- Seeing class for first time: org.apache.commons.io.file.PathFilter
13:23:48.250 [main] INFO org.evosuite.runtime.instrumentation.EvoClassLoader -- Instrumenting class 'org.apache.commons.io.file.PathFilter'.
13:23:48.251 [main] INFO org.evosuite.runtime.instrumentation.EvoClassLoader -- Defined package (3): package org.apache.commons.io.file, 629208808
13:23:48.251 [main] INFO org.evosuite.runtime.instrumentation.EvoClassLoader -- Keeping class: org.apache.commons.io.file.PathFilter
13:23:48.251 [main] INFO org.evosuite.runtime.instrumentation.EvoClassLoader -- Keeping class: org.apache.commons.io.filefilter.IOFileFilter
]]></system-out>
  </testcase>
  <testcase name="test00" classname="org.apache.commons.logging.impl.Slf4jLogFactory_ESTest" time="0.08">
    <system-out><![CDATA[13:23:48.348 [main] INFO org.evosuite.runtime.instrumentation.EvoClassLoader -- Seeing class for first time: org.osgi.framework.FrameworkUtil
13:23:48.348 [main] INFO org.evosuite.runtime.instrumentation.EvoClassLoader -- Instrumenting class 'org.osgi.framework.FrameworkUtil'.
13:23:48.348 [main] INFO org.evosuite.runtime.instrumentation.EvoClassLoader -- Error while loading class: java.lang.ClassNotFoundException: Class 'org/osgi/framework/FrameworkUtil.class' should be in target project, but could not be found!
]]></system-out>
  </testcase>
  <testcase name="test11" classname="org.apache.commons.logging.impl.Slf4jLogFactory_ESTest" time="0.026">
    <system-out><![CDATA[13:23:48.383 [main] INFO org.evosuite.runtime.instrumentation.EvoClassLoader -- Seeing class for first time: org.osgi.framework.FrameworkUtil
13:23:48.383 [main] INFO org.evosuite.runtime.instrumentation.EvoClassLoader -- Instrumenting class 'org.osgi.framework.FrameworkUtil'.
13:23:48.383 [main] INFO org.evosuite.runtime.instrumentation.EvoClassLoader -- Error while loading class: java.lang.ClassNotFoundException: Class 'org/osgi/framework/FrameworkUtil.class' should be in target project, but could not be found!
]]></system-out>
  </testcase>
  <testcase name="test03" classname="org.apache.commons.logging.impl.Slf4jLogFactory_ESTest" time="0.032">
    <system-out><![CDATA[13:23:48.411 [main] INFO org.evosuite.runtime.instrumentation.EvoClassLoader -- Seeing class for first time: org.osgi.framework.FrameworkUtil
13:23:48.411 [main] INFO org.evosuite.runtime.instrumentation.EvoClassLoader -- Instrumenting class 'org.osgi.framework.FrameworkUtil'.
13:23:48.412 [main] INFO org.evosuite.runtime.instrumentation.EvoClassLoader -- Error while loading class: java.lang.ClassNotFoundException: Class 'org/osgi/framework/FrameworkUtil.class' should be in target project, but could not be found!
]]></system-out>
  </testcase>
  <testcase name="test02" classname="org.apache.commons.logging.impl.Slf4jLogFactory_ESTest" time="0.021">
    <system-out><![CDATA[13:23:48.441 [main] INFO org.evosuite.runtime.instrumentation.EvoClassLoader -- Seeing class for first time: org.osgi.framework.FrameworkUtil
13:23:48.441 [main] INFO org.evosuite.runtime.instrumentation.EvoClassLoader -- Instrumenting class 'org.osgi.framework.FrameworkUtil'.
13:23:48.441 [main] INFO org.evosuite.runtime.instrumentation.EvoClassLoader -- Error while loading class: java.lang.ClassNotFoundException: Class 'org/osgi/framework/FrameworkUtil.class' should be in target project, but could not be found!
]]></system-out>
  </testcase>
  <testcase name="test05" classname="org.apache.commons.logging.impl.Slf4jLogFactory_ESTest" time="0.023">
    <system-out><![CDATA[13:23:48.458 [main] INFO org.evosuite.runtime.instrumentation.EvoClassLoader -- Seeing class for first time: org.osgi.framework.FrameworkUtil
13:23:48.458 [main] INFO org.evosuite.runtime.instrumentation.EvoClassLoader -- Instrumenting class 'org.osgi.framework.FrameworkUtil'.
13:23:48.459 [main] INFO org.evosuite.runtime.instrumentation.EvoClassLoader -- Error while loading class: java.lang.ClassNotFoundException: Class 'org/osgi/framework/FrameworkUtil.class' should be in target project, but could not be found!
]]></system-out>
  </testcase>
  <testcase name="test04" classname="org.apache.commons.logging.impl.Slf4jLogFactory_ESTest" time="0.02">
    <system-out><![CDATA[13:23:48.485 [main] INFO org.evosuite.runtime.instrumentation.EvoClassLoader -- Seeing class for first time: org.osgi.framework.FrameworkUtil
13:23:48.485 [main] INFO org.evosuite.runtime.instrumentation.EvoClassLoader -- Instrumenting class 'org.osgi.framework.FrameworkUtil'.
13:23:48.485 [main] INFO org.evosuite.runtime.instrumentation.EvoClassLoader -- Error while loading class: java.lang.ClassNotFoundException: Class 'org/osgi/framework/FrameworkUtil.class' should be in target project, but could not be found!
]]></system-out>
  </testcase>
  <testcase name="test07" classname="org.apache.commons.logging.impl.Slf4jLogFactory_ESTest" time="0.034">
    <system-out><![CDATA[13:23:48.505 [main] INFO org.evosuite.runtime.instrumentation.EvoClassLoader -- Seeing class for first time: org.osgi.framework.FrameworkUtil
13:23:48.505 [main] INFO org.evosuite.runtime.instrumentation.EvoClassLoader -- Instrumenting class 'org.osgi.framework.FrameworkUtil'.
13:23:48.505 [main] INFO org.evosuite.runtime.instrumentation.EvoClassLoader -- Error while loading class: java.lang.ClassNotFoundException: Class 'org/osgi/framework/FrameworkUtil.class' should be in target project, but could not be found!
]]></system-out>
  </testcase>
  <testcase name="test06" classname="org.apache.commons.logging.impl.Slf4jLogFactory_ESTest" time="0.006">
    <system-out><![CDATA[13:23:48.521 [main] INFO org.evosuite.runtime.instrumentation.EvoClassLoader -- Seeing class for first time: org.osgi.framework.FrameworkUtil
13:23:48.522 [main] INFO org.evosuite.runtime.instrumentation.EvoClassLoader -- Instrumenting class 'org.osgi.framework.FrameworkUtil'.
13:23:48.522 [main] INFO org.evosuite.runtime.instrumentation.EvoClassLoader -- Error while loading class: java.lang.ClassNotFoundException: Class 'org/osgi/framework/FrameworkUtil.class' should be in target project, but could not be found!
]]></system-out>
  </testcase>
  <testcase name="test09" classname="org.apache.commons.logging.impl.Slf4jLogFactory_ESTest" time="0.03">
    <system-out><![CDATA[13:23:48.548 [main] INFO org.evosuite.runtime.instrumentation.EvoClassLoader -- Seeing class for first time: org.osgi.framework.FrameworkUtil
13:23:48.548 [main] INFO org.evosuite.runtime.instrumentation.EvoClassLoader -- Instrumenting class 'org.osgi.framework.FrameworkUtil'.
13:23:48.548 [main] INFO org.evosuite.runtime.instrumentation.EvoClassLoader -- Error while loading class: java.lang.ClassNotFoundException: Class 'org/osgi/framework/FrameworkUtil.class' should be in target project, but could not be found!
]]></system-out>
  </testcase>
  <testcase name="test08" classname="org.apache.commons.logging.impl.Slf4jLogFactory_ESTest" time="0.042"/>
</testsuite>