-------------------------------------------------------------------------------
Test set: com.google.common.io.Resources_ESTest
-------------------------------------------------------------------------------
Tests run: 28, Failures: 4, Errors: 0, Skipped: 2, Time elapsed: 0.206 s <<< FAILURE! -- in com.google.common.io.Resources_ESTest
com.google.common.io.Resources_ESTest.test25 -- Time elapsed: 0.010 s <<< FAILURE!
java.lang.AssertionError: expected:<0> but was:<4580>
	at org.junit.Assert.fail(Assert.java:89)
	at org.junit.Assert.failNotEquals(Assert.java:835)
	at org.junit.Assert.assertEquals(Assert.java:647)
	at org.junit.Assert.assertEquals(Assert.java:633)
	at com.google.common.io.Resources_ESTest.test25(Resources_ESTest.java:379)
	at sun.reflect.NativeMethodAccessorImpl.invoke0(Native Method)
	at sun.reflect.NativeMethodAccessorImpl.invoke(NativeMethodAccessorImpl.java:62)
	at sun.reflect.DelegatingMethodAccessorImpl.invoke(DelegatingMethodAccessorImpl.java:43)
	at java.lang.reflect.Method.invoke(Method.java:498)
	at org.junit.runners.model.FrameworkMethod$1.runReflectiveCall(FrameworkMethod.java:59)
	at org.junit.internal.runners.model.ReflectiveCallable.run(ReflectiveCallable.java:12)
	at org.junit.runners.model.FrameworkMethod.invokeExplosively(FrameworkMethod.java:56)
	at org.junit.internal.runners.statements.InvokeMethod.evaluate(InvokeMethod.java:17)
	at org.junit.internal.runners.statements.FailOnTimeout$CallableStatement.call(FailOnTimeout.java:299)
	at org.junit.internal.runners.statements.FailOnTimeout$CallableStatement.call(FailOnTimeout.java:293)
	at java.util.concurrent.FutureTask.run(FutureTask.java:266)
	at java.lang.Thread.run(Thread.java:750)

com.google.common.io.Resources_ESTest.test02 -- Time elapsed: 0.006 s <<< FAILURE!
org.junit.ComparisonFailure: 
expected:<[]> but was:<[AbstractBiMap_ESTest_scaffolding.class
AbstractBiMap_ESTest.class
AbstractMapBasedMultimap_ESTest_scaffolding.class
AbstractMapBasedMultimap_ESTest.class
AbstractMapBasedMultiset_ESTest_scaffolding.class
AbstractMapBasedMultiset_ESTest.class
AbstractMapEntry_ESTest_scaffolding.class
AbstractMapEntry_ESTest.class
AbstractMultimap_ESTest_scaffolding.class
AbstractMultimap_ESTest.class
AbstractTable_ESTest_scaffolding.class
AbstractTable_ESTest.class
ArrayTable_ESTest_scaffolding.class
ArrayTable_ESTest.class
ByFunctionOrdering_ESTest_scaffolding.class
ByFunctionOrdering_ESTest.class
Collections2_ESTest_scaffolding.class
Collections2_ESTest.class
CollectPreconditions_ESTest_scaffolding.class
CollectPreconditions_ESTest.class
CompactHashing_ESTest_scaffolding.class
CompactHashing_ESTest.class
CompactHashMap_ESTest_scaffolding.class
CompactHashMap_ESTest.class
CompactHashSet_ESTest_scaffolding.class
CompactHashSet_ESTest.class
CompactLinkedHashMap_ESTest_scaffolding.class
CompactLinkedHashMap_ESTest.class
CompoundOrdering_ESTest_scaffolding.class
CompoundOrdering_ESTest.class
ConcurrentHashMultiset_ESTest_scaffolding.class
ConcurrentHashMultiset_ESTest.class
Cut_ESTest_scaffolding.class
Cut_ESTest.class
DiscreteDomain_ESTest_scaffolding.class
DiscreteDomain_ESTest.class
EnumMultiset_ESTest_scaffolding.class
EnumMultiset_ESTest.class
ExplicitOrdering_ESTest_scaffolding.class
ExplicitOrdering_ESTest.class
FilteredEntryMultimap_ESTest_scaffolding.class
FilteredEntryMultimap_ESTest.class
FilteredKeyMultimap_ESTest_scaffolding.class
FilteredKeyMultimap_ESTest.class
FilteredKeySetMultimap_ESTest_scaffolding.class
FilteredKeySetMultimap_ESTest.class
ForwardingMap_ESTest_scaffolding.class
ForwardingMap_ESTest.class
ForwardingMapEntry_ESTest_scaffolding.class
ForwardingMapEntry_ESTest.class
ForwardingNavigableMap_ESTest_scaffolding.class
ForwardingNavigableMap_ESTest.class
ForwardingNavigableSet_ESTest_scaffolding.class
ForwardingNavigableSet_ESTest.class
ForwardingSortedMap_ESTest_scaffolding.class
ForwardingSortedMap_ESTest.class
ForwardingSortedMultiset_ESTest_scaffolding.class
ForwardingSortedMultiset_ESTest.class
GeneralRange_ESTest_scaffolding.class
GeneralRange_ESTest.class
HashBiMap_ESTest_scaffolding.class
HashBiMap_ESTest.class
ImmutableListMultimap_ESTest_scaffolding.class
ImmutableListMultimap_ESTest.class
ImmutableMap_ESTest_scaffolding.class
ImmutableMap_ESTest.class
ImmutableMultimap_ESTest_scaffolding.class
ImmutableMultimap_ESTest.class
ImmutableMultiset_ESTest_scaffolding.class
ImmutableMultiset_ESTest.class
ImmutableRangeMap_ESTest_scaffolding.class
ImmutableRangeMap_ESTest.class
ImmutableSetMultimap_ESTest_scaffolding.class
ImmutableSetMultimap_ESTest.class
ImmutableSortedSet_ESTest_scaffolding.class
ImmutableSortedSet_ESTest.class
Iterables_ESTest_scaffolding.class
Iterables_ESTest.class
Iterators_ESTest_scaffolding.class
Iterators_ESTest.class
JdkBackedImmutableBiMap_ESTest_scaffolding.class
JdkBackedImmutableBiMap_ESTest.class
JdkBackedImmutableMap_ESTest_scaffolding.class
JdkBackedImmutableMap_ESTest.class
LexicographicalOrdering_ESTest_scaffolding.class
LexicographicalOrdering_ESTest.class
LinkedListMultimap_ESTest_scaffolding.class
LinkedListMultimap_ESTest.class
MapMakerInternalMap_ESTest_scaffolding.class
MapMakerInternalMap_ESTest.class
Maps_ESTest_scaffolding.class
Maps_ESTest.class
Multimaps_ESTest_scaffolding.class
Multimaps_ESTest.class
Multisets_ESTest_scaffolding.class
Multisets_ESTest.class
MutableClassToInstanceMap_ESTest_scaffolding.class
MutableClassToInstanceMap_ESTest.class
NullsFirstOrdering_ESTest_scaffolding.class
NullsFirstOrdering_ESTest.class
NullsLastOrdering_ESTest_scaffolding.class
NullsLastOrdering_ESTest.class
Ordering_ESTest_scaffolding.class
Ordering_ESTest.class
Range_ESTest_scaffolding.class
Range_ESTest.class
RegularImmutableBiMap_ESTest_scaffolding.class
RegularImmutableBiMap_ESTest.class
RegularImmutableMap_ESTest_scaffolding.class
RegularImmutableMap_ESTest.class
ReverseOrdering_ESTest_scaffolding.class
ReverseOrdering_ESTest.class
Sets_ESTest_scaffolding.class
Sets_ESTest.class
SingletonImmutableList_ESTest_scaffolding.class
SingletonImmutableList_ESTest.class
SingletonImmutableSet_ESTest_scaffolding.class
SingletonImmutableSet_ESTest.class
StandardTable_ESTest_scaffolding.class
StandardTable_ESTest.class
Tables_ESTest_scaffolding.class
Tables_ESTest.class
TreeBasedTable_ESTest_scaffolding.class
TreeBasedTable_ESTest.class
TreeRangeMap_ESTest_scaffolding.class
TreeRangeMap_ESTest.class
TreeRangeSet_ESTest_scaffolding.class
TreeRangeSet_ESTest.class
]>
	at org.junit.Assert.assertEquals(Assert.java:117)
	at org.junit.Assert.assertEquals(Assert.java:146)
	at com.google.common.io.Resources_ESTest.test02(Resources_ESTest.java:63)
	at sun.reflect.NativeMethodAccessorImpl.invoke0(Native Method)
	at sun.reflect.NativeMethodAccessorImpl.invoke(NativeMethodAccessorImpl.java:62)
	at sun.reflect.DelegatingMethodAccessorImpl.invoke(DelegatingMethodAccessorImpl.java:43)
	at java.lang.reflect.Method.invoke(Method.java:498)
	at org.junit.runners.model.FrameworkMethod$1.runReflectiveCall(FrameworkMethod.java:59)
	at org.junit.internal.runners.model.ReflectiveCallable.run(ReflectiveCallable.java:12)
	at org.junit.runners.model.FrameworkMethod.invokeExplosively(FrameworkMethod.java:56)
	at org.junit.internal.runners.statements.InvokeMethod.evaluate(InvokeMethod.java:17)
	at org.junit.internal.runners.statements.FailOnTimeout$CallableStatement.call(FailOnTimeout.java:299)
	at org.junit.internal.runners.statements.FailOnTimeout$CallableStatement.call(FailOnTimeout.java:293)
	at java.util.concurrent.FutureTask.run(FutureTask.java:266)
	at java.lang.Thread.run(Thread.java:750)

com.google.common.io.Resources_ESTest.test05 -- Time elapsed: 0.006 s <<< FAILURE!
java.lang.AssertionError
	at org.junit.Assert.fail(Assert.java:87)
	at org.junit.Assert.assertTrue(Assert.java:42)
	at org.junit.Assert.assertTrue(Assert.java:53)
	at com.google.common.io.Resources_ESTest.test05(Resources_ESTest.java:95)
	at sun.reflect.NativeMethodAccessorImpl.invoke0(Native Method)
	at sun.reflect.NativeMethodAccessorImpl.invoke(NativeMethodAccessorImpl.java:62)
	at sun.reflect.DelegatingMethodAccessorImpl.invoke(DelegatingMethodAccessorImpl.java:43)
	at java.lang.reflect.Method.invoke(Method.java:498)
	at org.junit.runners.model.FrameworkMethod$1.runReflectiveCall(FrameworkMethod.java:59)
	at org.junit.internal.runners.model.ReflectiveCallable.run(ReflectiveCallable.java:12)
	at org.junit.runners.model.FrameworkMethod.invokeExplosively(FrameworkMethod.java:56)
	at org.junit.internal.runners.statements.InvokeMethod.evaluate(InvokeMethod.java:17)
	at org.junit.internal.runners.statements.FailOnTimeout$CallableStatement.call(FailOnTimeout.java:299)
	at org.junit.internal.runners.statements.FailOnTimeout$CallableStatement.call(FailOnTimeout.java:293)
	at java.util.concurrent.FutureTask.run(FutureTask.java:266)
	at java.lang.Thread.run(Thread.java:750)

com.google.common.io.Resources_ESTest.test22 -- Time elapsed: 0.003 s <<< FAILURE!
java.lang.AssertionError: Expecting exception: IllegalArgumentException
	at org.junit.Assert.fail(Assert.java:89)
	at com.google.common.io.Resources_ESTest.test22(Resources_ESTest.java:338)
	at sun.reflect.NativeMethodAccessorImpl.invoke0(Native Method)
	at sun.reflect.NativeMethodAccessorImpl.invoke(NativeMethodAccessorImpl.java:62)
	at sun.reflect.DelegatingMethodAccessorImpl.invoke(DelegatingMethodAccessorImpl.java:43)
	at java.lang.reflect.Method.invoke(Method.java:498)
	at org.junit.runners.model.FrameworkMethod$1.runReflectiveCall(FrameworkMethod.java:59)
	at org.junit.internal.runners.model.ReflectiveCallable.run(ReflectiveCallable.java:12)
	at org.junit.runners.model.FrameworkMethod.invokeExplosively(FrameworkMethod.java:56)
	at org.junit.internal.runners.statements.InvokeMethod.evaluate(InvokeMethod.java:17)
	at org.junit.internal.runners.statements.FailOnTimeout$CallableStatement.call(FailOnTimeout.java:299)
	at org.junit.internal.runners.statements.FailOnTimeout$CallableStatement.call(FailOnTimeout.java:293)
	at java.util.concurrent.FutureTask.run(FutureTask.java:266)
	at java.lang.Thread.run(Thread.java:750)

