<?xml version="1.0" encoding="UTF-8"?>
<testsuite xmlns:xsi="http://www.w3.org/2001/XMLSchema-instance" xsi:noNamespaceSchemaLocation="https://maven.apache.org/surefire/maven-surefire-plugin/xsd/surefire-test-report-3.0.xsd" version="3.0" name="com.google.common.io.Resources_ESTest" time="0.206" tests="28" errors="0" skipped="2" failures="4">
  <properties>
    <property name="awt.toolkit" value="sun.awt.X11.XToolkit"/>
    <property name="file.encoding.pkg" value="sun.io"/>
    <property name="java.specification.version" value="1.8"/>
    <property name="sun.cpu.isalist" value=""/>
    <property name="sun.jnu.encoding" value="UTF-8"/>
    <property name="java.class.path" value="/home/wtwhite/code/regression-test-generation/find-diff-classes/compile/gaoss/com/google/guava/guava/31.0.1-jre/target/test-classes:/home/wtwhite/code/regression-test-generation/find-diff-classes/compile/gaoss/com/google/guava/guava/31.0.1-jre/target/classes:/home/wtwhite/code/craw-redhat-oss/wget/crawl/google-aoss/com/google/guava/guava/31.0.1-jre/guava-31.0.1-jre.jar:/home/wtwhite/code/regression-test-generation/find-diff-classes/compile/gaoss/com/google/guava/guava/31.0.1-jre/t/dependency/checker-qual-3.12.0.jar:/home/wtwhite/code/regression-test-generation/find-diff-classes/compile/gaoss/com/google/guava/guava/31.0.1-jre/t/dependency/error_prone_annotations-2.7.1.jar:/home/wtwhite/code/regression-test-generation/find-diff-classes/compile/gaoss/com/google/guava/guava/31.0.1-jre/t/dependency/failureaccess-1.0.1.jar:/home/wtwhite/code/regression-test-generation/find-diff-classes/compile/gaoss/com/google/guava/guava/31.0.1-jre/t/dependency/j2objc-annotations-1.3.jar:/home/wtwhite/code/regression-test-generation/find-diff-classes/compile/gaoss/com/google/guava/guava/31.0.1-jre/t/dependency/jsr305-3.0.2.jar:/home/wtwhite/code/regression-test-generation/find-diff-classes/compile/gaoss/com/google/guava/guava/31.0.1-jre/t/dependency/listenablefuture-9999.0-empty-to-avoid-conflict-with-guava.jar:/home/wtwhite/code/regression-test-generation/evosuite/evosuite-standalone-runtime-1.2.0.jar:/home/wtwhite/.m2/repository/junit/junit/4.13.2/junit-4.13.2.jar:/home/wtwhite/.m2/repository/org/hamcrest/hamcrest-core/1.3/hamcrest-core-1.3.jar:"/>
    <property name="java.vm.vendor" value="Private Build"/>
    <property name="sun.arch.data.model" value="64"/>
    <property name="java.vendor.url" value="http://java.oracle.com/"/>
    <property name="user.timezone" value=""/>
    <property name="java.vm.specification.version" value="1.8"/>
    <property name="os.name" value="Linux"/>
    <property name="RUNDIR" value="/home/wtwhite/code/regression-test-generation/find-diff-classes/run-mvn"/>
    <property name="user.country" value="NZ"/>
    <property name="sun.java.launcher" value="SUN_STANDARD"/>
    <property name="sun.boot.library.path" value="/usr/lib/jvm/java-8-openjdk-amd64/jre/lib/amd64"/>
    <property name="sun.java.command" value="/home/wtwhite/code/regression-test-generation/find-diff-classes/compile/gaoss/com/google/guava/guava/31.0.1-jre/target/surefire/surefirebooter-20241106180412200_3.jar /home/wtwhite/code/regression-test-generation/find-diff-classes/compile/gaoss/com/google/guava/guava/31.0.1-jre/target/surefire 2024-11-06T18-04-12_041-jvmRun1 surefire-20241106180412200_1tmp surefire_0-20241106180412200_2tmp"/>
    <property name="surefire.test.class.path" value="/home/wtwhite/code/regression-test-generation/find-diff-classes/compile/gaoss/com/google/guava/guava/31.0.1-jre/target/test-classes:/home/wtwhite/code/regression-test-generation/find-diff-classes/compile/gaoss/com/google/guava/guava/31.0.1-jre/target/classes:/home/wtwhite/code/craw-redhat-oss/wget/crawl/google-aoss/com/google/guava/guava/31.0.1-jre/guava-31.0.1-jre.jar:/home/wtwhite/code/regression-test-generation/find-diff-classes/compile/gaoss/com/google/guava/guava/31.0.1-jre/t/dependency/checker-qual-3.12.0.jar:/home/wtwhite/code/regression-test-generation/find-diff-classes/compile/gaoss/com/google/guava/guava/31.0.1-jre/t/dependency/error_prone_annotations-2.7.1.jar:/home/wtwhite/code/regression-test-generation/find-diff-classes/compile/gaoss/com/google/guava/guava/31.0.1-jre/t/dependency/failureaccess-1.0.1.jar:/home/wtwhite/code/regression-test-generation/find-diff-classes/compile/gaoss/com/google/guava/guava/31.0.1-jre/t/dependency/j2objc-annotations-1.3.jar:/home/wtwhite/code/regression-test-generation/find-diff-classes/compile/gaoss/com/google/guava/guava/31.0.1-jre/t/dependency/jsr305-3.0.2.jar:/home/wtwhite/code/regression-test-generation/find-diff-classes/compile/gaoss/com/google/guava/guava/31.0.1-jre/t/dependency/listenablefuture-9999.0-empty-to-avoid-conflict-with-guava.jar:/home/wtwhite/code/regression-test-generation/evosuite/evosuite-standalone-runtime-1.2.0.jar:/home/wtwhite/.m2/repository/junit/junit/4.13.2/junit-4.13.2.jar:/home/wtwhite/.m2/repository/org/hamcrest/hamcrest-core/1.3/hamcrest-core-1.3.jar:"/>
    <property name="sun.cpu.endian" value="little"/>
    <property name="user.home" value="/home/wtwhite"/>
    <property name="user.language" value="en"/>
    <property name="java.specification.vendor" value="Oracle Corporation"/>
    <property name="java.home" value="/usr/lib/jvm/java-8-openjdk-amd64/jre"/>
    <property name="basedir" value="/home/wtwhite/code/regression-test-generation/find-diff-classes/compile/gaoss/com/google/guava/guava/31.0.1-jre"/>
    <property name="file.separator" value="/"/>
    <property name="line.separator" value="&#10;"/>
    <property name="java.vm.specification.vendor" value="Oracle Corporation"/>
    <property name="java.specification.name" value="Java Platform API Specification"/>
    <property name="java.awt.graphicsenv" value="sun.awt.X11GraphicsEnvironment"/>
    <property name="surefire.real.class.path" value="/home/wtwhite/code/regression-test-generation/find-diff-classes/compile/gaoss/com/google/guava/guava/31.0.1-jre/target/surefire/surefirebooter-20241106180412200_3.jar"/>
    <property name="sun.boot.class.path" value="/usr/lib/jvm/java-8-openjdk-amd64/jre/lib/resources.jar:/usr/lib/jvm/java-8-openjdk-amd64/jre/lib/rt.jar:/usr/lib/jvm/java-8-openjdk-amd64/jre/lib/sunrsasign.jar:/usr/lib/jvm/java-8-openjdk-amd64/jre/lib/jsse.jar:/usr/lib/jvm/java-8-openjdk-amd64/jre/lib/jce.jar:/usr/lib/jvm/java-8-openjdk-amd64/jre/lib/charsets.jar:/usr/lib/jvm/java-8-openjdk-amd64/jre/lib/jfr.jar:/usr/lib/jvm/java-8-openjdk-amd64/jre/classes"/>
    <property name="sun.management.compiler" value="HotSpot 64-Bit Tiered Compilers"/>
    <property name="java.runtime.version" value="1.8.0_382-8u382-ga-1~22.04.1-b05"/>
    <property name="user.name" value="wtwhite"/>
    <property name="path.separator" value=":"/>
    <property name="os.version" value="5.15.0-87-generic"/>
    <property name="java.endorsed.dirs" value="/usr/lib/jvm/java-8-openjdk-amd64/jre/lib/endorsed"/>
    <property name="java.runtime.name" value="OpenJDK Runtime Environment"/>
    <property name="file.encoding" value="UTF-8"/>
    <property name="java.vm.name" value="OpenJDK 64-Bit Server VM"/>
    <property name="localRepository" value="/home/wtwhite/.m2/repository"/>
    <property name="java.vendor.url.bug" value="http://bugreport.sun.com/bugreport/"/>
    <property name="java.io.tmpdir" value="/tmp"/>
    <property name="java.version" value="1.8.0_382"/>
    <property name="user.dir" value="/home/wtwhite/code/regression-test-generation/find-diff-classes/compile/gaoss/com/google/guava/guava/31.0.1-jre"/>
    <property name="os.arch" value="amd64"/>
    <property name="java.vm.specification.name" value="Java Virtual Machine Specification"/>
    <property name="java.awt.printerjob" value="sun.print.PSPrinterJob"/>
    <property name="sun.os.patch.level" value="unknown"/>
    <property name="java.library.path" value="/usr/java/packages/lib/amd64:/usr/lib/x86_64-linux-gnu/jni:/lib/x86_64-linux-gnu:/usr/lib/x86_64-linux-gnu:/usr/lib/jni:/lib:/usr/lib"/>
    <property name="java.vm.info" value="mixed mode"/>
    <property name="java.vendor" value="Private Build"/>
    <property name="java.vm.version" value="25.382-b05"/>
    <property name="java.specification.maintenance.version" value="5"/>
    <property name="java.ext.dirs" value="/usr/lib/jvm/java-8-openjdk-amd64/jre/lib/ext:/usr/java/packages/lib/ext"/>
    <property name="sun.io.unicode.encoding" value="UnicodeLittle"/>
    <property name="java.class.version" value="52.0"/>
  </properties>
  <testcase name="test18" classname="com.google.common.io.Resources_ESTest" time="0.015"/>
  <testcase name="test17" classname="com.google.common.io.Resources_ESTest" time="0.006"/>
  <testcase name="test19" classname="com.google.common.io.Resources_ESTest" time="0.002"/>
  <testcase name="test14" classname="com.google.common.io.Resources_ESTest" time="0.003"/>
  <testcase name="test13" classname="com.google.common.io.Resources_ESTest" time="0.002"/>
  <testcase name="test16" classname="com.google.common.io.Resources_ESTest" time="0.002"/>
  <testcase name="test15" classname="com.google.common.io.Resources_ESTest" time="0.003"/>
  <testcase name="test10" classname="com.google.common.io.Resources_ESTest" time="0.002"/>
  <testcase name="test12" classname="com.google.common.io.Resources_ESTest" time="0.003"/>
  <testcase name="test11" classname="com.google.common.io.Resources_ESTest" time="0.004"/>
  <testcase name="test07" classname="com.google.common.io.Resources_ESTest" time="0.002"/>
  <testcase name="test06" classname="com.google.common.io.Resources_ESTest" time="0.002"/>
  <testcase name="test09" classname="com.google.common.io.Resources_ESTest" time="0.002"/>
  <testcase name="test08" classname="com.google.common.io.Resources_ESTest" time="0.003"/>
  <testcase name="test03" classname="com.google.common.io.Resources_ESTest" time="0.0">
    <skipped message="Mock call to processLine which was not presented when the test was generated"/>
  </testcase>
  <testcase name="test25" classname="com.google.common.io.Resources_ESTest" time="0.01">
    <failure message="expected:&lt;0&gt; but was:&lt;4580&gt;" type="java.lang.AssertionError"><![CDATA[java.lang.AssertionError: expected:<0> but was:<4580>
	at org.junit.Assert.fail(Assert.java:89)
	at org.junit.Assert.failNotEquals(Assert.java:835)
	at org.junit.Assert.assertEquals(Assert.java:647)
	at org.junit.Assert.assertEquals(Assert.java:633)
	at com.google.common.io.Resources_ESTest.test25(Resources_ESTest.java:379)
	at sun.reflect.NativeMethodAccessorImpl.invoke0(Native Method)
	at sun.reflect.NativeMethodAccessorImpl.invoke(NativeMethodAccessorImpl.java:62)
	at sun.reflect.DelegatingMethodAccessorImpl.invoke(DelegatingMethodAccessorImpl.java:43)
	at java.lang.reflect.Method.invoke(Method.java:498)
	at org.junit.runners.model.FrameworkMethod$1.runReflectiveCall(FrameworkMethod.java:59)
	at org.junit.internal.runners.model.ReflectiveCallable.run(ReflectiveCallable.java:12)
	at org.junit.runners.model.FrameworkMethod.invokeExplosively(FrameworkMethod.java:56)
	at org.junit.internal.runners.statements.InvokeMethod.evaluate(InvokeMethod.java:17)
	at org.junit.internal.runners.statements.FailOnTimeout$CallableStatement.call(FailOnTimeout.java:299)
	at org.junit.internal.runners.statements.FailOnTimeout$CallableStatement.call(FailOnTimeout.java:293)
	at java.util.concurrent.FutureTask.run(FutureTask.java:266)
	at java.lang.Thread.run(Thread.java:750)
]]></failure>
  </testcase>
  <testcase name="test02" classname="com.google.common.io.Resources_ESTest" time="0.006">
    <failure message="expected:&lt;[]&gt; but was:&lt;[AbstractBiMap_ESTest_scaffolding.class&#10;AbstractBiMap_ESTest.class&#10;AbstractMapBasedMultimap_ESTest_scaffolding.class&#10;AbstractMapBasedMultimap_ESTest.class&#10;AbstractMapBasedMultiset_ESTest_scaffolding.class&#10;AbstractMapBasedMultiset_ESTest.class&#10;AbstractMapEntry_ESTest_scaffolding.class&#10;AbstractMapEntry_ESTest.class&#10;AbstractMultimap_ESTest_scaffolding.class&#10;AbstractMultimap_ESTest.class&#10;AbstractTable_ESTest_scaffolding.class&#10;AbstractTable_ESTest.class&#10;ArrayTable_ESTest_scaffolding.class&#10;ArrayTable_ESTest.class&#10;ByFunctionOrdering_ESTest_scaffolding.class&#10;ByFunctionOrdering_ESTest.class&#10;Collections2_ESTest_scaffolding.class&#10;Collections2_ESTest.class&#10;CollectPreconditions_ESTest_scaffolding.class&#10;CollectPreconditions_ESTest.class&#10;CompactHashing_ESTest_scaffolding.class&#10;CompactHashing_ESTest.class&#10;CompactHashMap_ESTest_scaffolding.class&#10;CompactHashMap_ESTest.class&#10;CompactHashSet_ESTest_scaffolding.class&#10;CompactHashSet_ESTest.class&#10;CompactLinkedHashMap_ESTest_scaffolding.class&#10;CompactLinkedHashMap_ESTest.class&#10;CompoundOrdering_ESTest_scaffolding.class&#10;CompoundOrdering_ESTest.class&#10;ConcurrentHashMultiset_ESTest_scaffolding.class&#10;ConcurrentHashMultiset_ESTest.class&#10;Cut_ESTest_scaffolding.class&#10;Cut_ESTest.class&#10;DiscreteDomain_ESTest_scaffolding.class&#10;DiscreteDomain_ESTest.class&#10;EnumMultiset_ESTest_scaffolding.class&#10;EnumMultiset_ESTest.class&#10;ExplicitOrdering_ESTest_scaffolding.class&#10;ExplicitOrdering_ESTest.class&#10;FilteredEntryMultimap_ESTest_scaffolding.class&#10;FilteredEntryMultimap_ESTest.class&#10;FilteredKeyMultimap_ESTest_scaffolding.class&#10;FilteredKeyMultimap_ESTest.class&#10;FilteredKeySetMultimap_ESTest_scaffolding.class&#10;FilteredKeySetMultimap_ESTest.class&#10;ForwardingMap_ESTest_scaffolding.class&#10;ForwardingMap_ESTest.class&#10;ForwardingMapEntry_ESTest_scaffolding.class&#10;ForwardingMapEntry_ESTest.class&#10;ForwardingNavigableMap_ESTest_scaffolding.class&#10;ForwardingNavigableMap_ESTest.class&#10;ForwardingNavigableSet_ESTest_scaffolding.class&#10;ForwardingNavigableSet_ESTest.class&#10;ForwardingSortedMap_ESTest_scaffolding.class&#10;ForwardingSortedMap_ESTest.class&#10;ForwardingSortedMultiset_ESTest_scaffolding.class&#10;ForwardingSortedMultiset_ESTest.class&#10;GeneralRange_ESTest_scaffolding.class&#10;GeneralRange_ESTest.class&#10;HashBiMap_ESTest_scaffolding.class&#10;HashBiMap_ESTest.class&#10;ImmutableListMultimap_ESTest_scaffolding.class&#10;ImmutableListMultimap_ESTest.class&#10;ImmutableMap_ESTest_scaffolding.class&#10;ImmutableMap_ESTest.class&#10;ImmutableMultimap_ESTest_scaffolding.class&#10;ImmutableMultimap_ESTest.class&#10;ImmutableMultiset_ESTest_scaffolding.class&#10;ImmutableMultiset_ESTest.class&#10;ImmutableRangeMap_ESTest_scaffolding.class&#10;ImmutableRangeMap_ESTest.class&#10;ImmutableSetMultimap_ESTest_scaffolding.class&#10;ImmutableSetMultimap_ESTest.class&#10;ImmutableSortedSet_ESTest_scaffolding.class&#10;ImmutableSortedSet_ESTest.class&#10;Iterables_ESTest_scaffolding.class&#10;Iterables_ESTest.class&#10;Iterators_ESTest_scaffolding.class&#10;Iterators_ESTest.class&#10;JdkBackedImmutableBiMap_ESTest_scaffolding.class&#10;JdkBackedImmutableBiMap_ESTest.class&#10;JdkBackedImmutableMap_ESTest_scaffolding.class&#10;JdkBackedImmutableMap_ESTest.class&#10;LexicographicalOrdering_ESTest_scaffolding.class&#10;LexicographicalOrdering_ESTest.class&#10;LinkedListMultimap_ESTest_scaffolding.class&#10;LinkedListMultimap_ESTest.class&#10;MapMakerInternalMap_ESTest_scaffolding.class&#10;MapMakerInternalMap_ESTest.class&#10;Maps_ESTest_scaffolding.class&#10;Maps_ESTest.class&#10;Multimaps_ESTest_scaffolding.class&#10;Multimaps_ESTest.class&#10;Multisets_ESTest_scaffolding.class&#10;Multisets_ESTest.class&#10;MutableClassToInstanceMap_ESTest_scaffolding.class&#10;MutableClassToInstanceMap_ESTest.class&#10;NullsFirstOrdering_ESTest_scaffolding.class&#10;NullsFirstOrdering_ESTest.class&#10;NullsLastOrdering_ESTest_scaffolding.class&#10;NullsLastOrdering_ESTest.class&#10;Ordering_ESTest_scaffolding.class&#10;Ordering_ESTest.class&#10;Range_ESTest_scaffolding.class&#10;Range_ESTest.class&#10;RegularImmutableBiMap_ESTest_scaffolding.class&#10;RegularImmutableBiMap_ESTest.class&#10;RegularImmutableMap_ESTest_scaffolding.class&#10;RegularImmutableMap_ESTest.class&#10;ReverseOrdering_ESTest_scaffolding.class&#10;ReverseOrdering_ESTest.class&#10;Sets_ESTest_scaffolding.class&#10;Sets_ESTest.class&#10;SingletonImmutableList_ESTest_scaffolding.class&#10;SingletonImmutableList_ESTest.class&#10;SingletonImmutableSet_ESTest_scaffolding.class&#10;SingletonImmutableSet_ESTest.class&#10;StandardTable_ESTest_scaffolding.class&#10;StandardTable_ESTest.class&#10;Tables_ESTest_scaffolding.class&#10;Tables_ESTest.class&#10;TreeBasedTable_ESTest_scaffolding.class&#10;TreeBasedTable_ESTest.class&#10;TreeRangeMap_ESTest_scaffolding.class&#10;TreeRangeMap_ESTest.class&#10;TreeRangeSet_ESTest_scaffolding.class&#10;TreeRangeSet_ESTest.class&#10;]&gt;" type="org.junit.ComparisonFailure"><![CDATA[org.junit.ComparisonFailure: 
expected:<[]> but was:<[AbstractBiMap_ESTest_scaffolding.class
AbstractBiMap_ESTest.class
AbstractMapBasedMultimap_ESTest_scaffolding.class
AbstractMapBasedMultimap_ESTest.class
AbstractMapBasedMultiset_ESTest_scaffolding.class
AbstractMapBasedMultiset_ESTest.class
AbstractMapEntry_ESTest_scaffolding.class
AbstractMapEntry_ESTest.class
AbstractMultimap_ESTest_scaffolding.class
AbstractMultimap_ESTest.class
AbstractTable_ESTest_scaffolding.class
AbstractTable_ESTest.class
ArrayTable_ESTest_scaffolding.class
ArrayTable_ESTest.class
ByFunctionOrdering_ESTest_scaffolding.class
ByFunctionOrdering_ESTest.class
Collections2_ESTest_scaffolding.class
Collections2_ESTest.class
CollectPreconditions_ESTest_scaffolding.class
CollectPreconditions_ESTest.class
CompactHashing_ESTest_scaffolding.class
CompactHashing_ESTest.class
CompactHashMap_ESTest_scaffolding.class
CompactHashMap_ESTest.class
CompactHashSet_ESTest_scaffolding.class
CompactHashSet_ESTest.class
CompactLinkedHashMap_ESTest_scaffolding.class
CompactLinkedHashMap_ESTest.class
CompoundOrdering_ESTest_scaffolding.class
CompoundOrdering_ESTest.class
ConcurrentHashMultiset_ESTest_scaffolding.class
ConcurrentHashMultiset_ESTest.class
Cut_ESTest_scaffolding.class
Cut_ESTest.class
DiscreteDomain_ESTest_scaffolding.class
DiscreteDomain_ESTest.class
EnumMultiset_ESTest_scaffolding.class
EnumMultiset_ESTest.class
ExplicitOrdering_ESTest_scaffolding.class
ExplicitOrdering_ESTest.class
FilteredEntryMultimap_ESTest_scaffolding.class
FilteredEntryMultimap_ESTest.class
FilteredKeyMultimap_ESTest_scaffolding.class
FilteredKeyMultimap_ESTest.class
FilteredKeySetMultimap_ESTest_scaffolding.class
FilteredKeySetMultimap_ESTest.class
ForwardingMap_ESTest_scaffolding.class
ForwardingMap_ESTest.class
ForwardingMapEntry_ESTest_scaffolding.class
ForwardingMapEntry_ESTest.class
ForwardingNavigableMap_ESTest_scaffolding.class
ForwardingNavigableMap_ESTest.class
ForwardingNavigableSet_ESTest_scaffolding.class
ForwardingNavigableSet_ESTest.class
ForwardingSortedMap_ESTest_scaffolding.class
ForwardingSortedMap_ESTest.class
ForwardingSortedMultiset_ESTest_scaffolding.class
ForwardingSortedMultiset_ESTest.class
GeneralRange_ESTest_scaffolding.class
GeneralRange_ESTest.class
HashBiMap_ESTest_scaffolding.class
HashBiMap_ESTest.class
ImmutableListMultimap_ESTest_scaffolding.class
ImmutableListMultimap_ESTest.class
ImmutableMap_ESTest_scaffolding.class
ImmutableMap_ESTest.class
ImmutableMultimap_ESTest_scaffolding.class
ImmutableMultimap_ESTest.class
ImmutableMultiset_ESTest_scaffolding.class
ImmutableMultiset_ESTest.class
ImmutableRangeMap_ESTest_scaffolding.class
ImmutableRangeMap_ESTest.class
ImmutableSetMultimap_ESTest_scaffolding.class
ImmutableSetMultimap_ESTest.class
ImmutableSortedSet_ESTest_scaffolding.class
ImmutableSortedSet_ESTest.class
Iterables_ESTest_scaffolding.class
Iterables_ESTest.class
Iterators_ESTest_scaffolding.class
Iterators_ESTest.class
JdkBackedImmutableBiMap_ESTest_scaffolding.class
JdkBackedImmutableBiMap_ESTest.class
JdkBackedImmutableMap_ESTest_scaffolding.class
JdkBackedImmutableMap_ESTest.class
LexicographicalOrdering_ESTest_scaffolding.class
LexicographicalOrdering_ESTest.class
LinkedListMultimap_ESTest_scaffolding.class
LinkedListMultimap_ESTest.class
MapMakerInternalMap_ESTest_scaffolding.class
MapMakerInternalMap_ESTest.class
Maps_ESTest_scaffolding.class
Maps_ESTest.class
Multimaps_ESTest_scaffolding.class
Multimaps_ESTest.class
Multisets_ESTest_scaffolding.class
Multisets_ESTest.class
MutableClassToInstanceMap_ESTest_scaffolding.class
MutableClassToInstanceMap_ESTest.class
NullsFirstOrdering_ESTest_scaffolding.class
NullsFirstOrdering_ESTest.class
NullsLastOrdering_ESTest_scaffolding.class
NullsLastOrdering_ESTest.class
Ordering_ESTest_scaffolding.class
Ordering_ESTest.class
Range_ESTest_scaffolding.class
Range_ESTest.class
RegularImmutableBiMap_ESTest_scaffolding.class
RegularImmutableBiMap_ESTest.class
RegularImmutableMap_ESTest_scaffolding.class
RegularImmutableMap_ESTest.class
ReverseOrdering_ESTest_scaffolding.class
ReverseOrdering_ESTest.class
Sets_ESTest_scaffolding.class
Sets_ESTest.class
SingletonImmutableList_ESTest_scaffolding.class
SingletonImmutableList_ESTest.class
SingletonImmutableSet_ESTest_scaffolding.class
SingletonImmutableSet_ESTest.class
StandardTable_ESTest_scaffolding.class
StandardTable_ESTest.class
Tables_ESTest_scaffolding.class
Tables_ESTest.class
TreeBasedTable_ESTest_scaffolding.class
TreeBasedTable_ESTest.class
TreeRangeMap_ESTest_scaffolding.class
TreeRangeMap_ESTest.class
TreeRangeSet_ESTest_scaffolding.class
TreeRangeSet_ESTest.class
]>
	at org.junit.Assert.assertEquals(Assert.java:117)
	at org.junit.Assert.assertEquals(Assert.java:146)
	at com.google.common.io.Resources_ESTest.test02(Resources_ESTest.java:63)
	at sun.reflect.NativeMethodAccessorImpl.invoke0(Native Method)
	at sun.reflect.NativeMethodAccessorImpl.invoke(NativeMethodAccessorImpl.java:62)
	at sun.reflect.DelegatingMethodAccessorImpl.invoke(DelegatingMethodAccessorImpl.java:43)
	at java.lang.reflect.Method.invoke(Method.java:498)
	at org.junit.runners.model.FrameworkMethod$1.runReflectiveCall(FrameworkMethod.java:59)
	at org.junit.internal.runners.model.ReflectiveCallable.run(ReflectiveCallable.java:12)
	at org.junit.runners.model.FrameworkMethod.invokeExplosively(FrameworkMethod.java:56)
	at org.junit.internal.runners.statements.InvokeMethod.evaluate(InvokeMethod.java:17)
	at org.junit.internal.runners.statements.FailOnTimeout$CallableStatement.call(FailOnTimeout.java:299)
	at org.junit.internal.runners.statements.FailOnTimeout$CallableStatement.call(FailOnTimeout.java:293)
	at java.util.concurrent.FutureTask.run(FutureTask.java:266)
	at java.lang.Thread.run(Thread.java:750)
]]></failure>
  </testcase>
  <testcase name="test24" classname="com.google.common.io.Resources_ESTest" time="0.002"/>
  <testcase name="test05" classname="com.google.common.io.Resources_ESTest" time="0.006">
    <failure type="java.lang.AssertionError"><![CDATA[java.lang.AssertionError
	at org.junit.Assert.fail(Assert.java:87)
	at org.junit.Assert.assertTrue(Assert.java:42)
	at org.junit.Assert.assertTrue(Assert.java:53)
	at com.google.common.io.Resources_ESTest.test05(Resources_ESTest.java:95)
	at sun.reflect.NativeMethodAccessorImpl.invoke0(Native Method)
	at sun.reflect.NativeMethodAccessorImpl.invoke(NativeMethodAccessorImpl.java:62)
	at sun.reflect.DelegatingMethodAccessorImpl.invoke(DelegatingMethodAccessorImpl.java:43)
	at java.lang.reflect.Method.invoke(Method.java:498)
	at org.junit.runners.model.FrameworkMethod$1.runReflectiveCall(FrameworkMethod.java:59)
	at org.junit.internal.runners.model.ReflectiveCallable.run(ReflectiveCallable.java:12)
	at org.junit.runners.model.FrameworkMethod.invokeExplosively(FrameworkMethod.java:56)
	at org.junit.internal.runners.statements.InvokeMethod.evaluate(InvokeMethod.java:17)
	at org.junit.internal.runners.statements.FailOnTimeout$CallableStatement.call(FailOnTimeout.java:299)
	at org.junit.internal.runners.statements.FailOnTimeout$CallableStatement.call(FailOnTimeout.java:293)
	at java.util.concurrent.FutureTask.run(FutureTask.java:266)
	at java.lang.Thread.run(Thread.java:750)
]]></failure>
  </testcase>
  <testcase name="test27" classname="com.google.common.io.Resources_ESTest" time="0.002"/>
  <testcase name="test04" classname="com.google.common.io.Resources_ESTest" time="0.0">
    <skipped message="Mock call to processLine which was not presented when the test was generated"/>
  </testcase>
  <testcase name="test26" classname="com.google.common.io.Resources_ESTest" time="0.002"/>
  <testcase name="test21" classname="com.google.common.io.Resources_ESTest" time="0.003"/>
  <testcase name="test20" classname="com.google.common.io.Resources_ESTest" time="0.002"/>
  <testcase name="test01" classname="com.google.common.io.Resources_ESTest" time="0.005"/>
  <testcase name="test23" classname="com.google.common.io.Resources_ESTest" time="0.003"/>
  <testcase name="test00" classname="com.google.common.io.Resources_ESTest" time="0.009"/>
  <testcase name="test22" classname="com.google.common.io.Resources_ESTest" time="0.003">
    <failure message="Expecting exception: IllegalArgumentException" type="java.lang.AssertionError"><![CDATA[java.lang.AssertionError: Expecting exception: IllegalArgumentException
	at org.junit.Assert.fail(Assert.java:89)
	at com.google.common.io.Resources_ESTest.test22(Resources_ESTest.java:338)
	at sun.reflect.NativeMethodAccessorImpl.invoke0(Native Method)
	at sun.reflect.NativeMethodAccessorImpl.invoke(NativeMethodAccessorImpl.java:62)
	at sun.reflect.DelegatingMethodAccessorImpl.invoke(DelegatingMethodAccessorImpl.java:43)
	at java.lang.reflect.Method.invoke(Method.java:498)
	at org.junit.runners.model.FrameworkMethod$1.runReflectiveCall(FrameworkMethod.java:59)
	at org.junit.internal.runners.model.ReflectiveCallable.run(ReflectiveCallable.java:12)
	at org.junit.runners.model.FrameworkMethod.invokeExplosively(FrameworkMethod.java:56)
	at org.junit.internal.runners.statements.InvokeMethod.evaluate(InvokeMethod.java:17)
	at org.junit.internal.runners.statements.FailOnTimeout$CallableStatement.call(FailOnTimeout.java:299)
	at org.junit.internal.runners.statements.FailOnTimeout$CallableStatement.call(FailOnTimeout.java:293)
	at java.util.concurrent.FutureTask.run(FutureTask.java:266)
	at java.lang.Thread.run(Thread.java:750)
]]></failure>
  </testcase>
</testsuite>