<?xml version="1.0" encoding="UTF-8"?>
<testsuite xmlns:xsi="http://www.w3.org/2001/XMLSchema-instance" xsi:noNamespaceSchemaLocation="https://maven.apache.org/surefire/maven-surefire-plugin/xsd/surefire-test-report-3.0.xsd" version="3.0" name="com.google.common.io.Resources_ESTest" time="0.206" tests="28" errors="0" skipped="2" failures="4">
  <properties>
[...]
</properties>
  <testcase name="test18" classname="com.google.common.io.Resources_ESTest" time="0.015"/>
  <testcase name="test17" classname="com.google.common.io.Resources_ESTest" time="0.006"/>
  <testcase name="test19" classname="com.google.common.io.Resources_ESTest" time="0.002"/>
  <testcase name="test14" classname="com.google.common.io.Resources_ESTest" time="0.003"/>
  <testcase name="test13" classname="com.google.common.io.Resources_ESTest" time="0.002"/>
  <testcase name="test16" classname="com.google.common.io.Resources_ESTest" time="0.002"/>
  <testcase name="test15" classname="com.google.common.io.Resources_ESTest" time="0.003"/>
  <testcase name="test10" classname="com.google.common.io.Resources_ESTest" time="0.002"/>
  <testcase name="test12" classname="com.google.common.io.Resources_ESTest" time="0.003"/>
  <testcase name="test11" classname="com.google.common.io.Resources_ESTest" time="0.004"/>
  <testcase name="test07" classname="com.google.common.io.Resources_ESTest" time="0.002"/>
  <testcase name="test06" classname="com.google.common.io.Resources_ESTest" time="0.002"/>
  <testcase name="test09" classname="com.google.common.io.Resources_ESTest" time="0.002"/>
  <testcase name="test08" classname="com.google.common.io.Resources_ESTest" time="0.003"/>
  <testcase name="test03" classname="com.google.common.io.Resources_ESTest" time="0.0">
    <skipped message="Mock call to processLine which was not presented when the test was generated"/>
  </testcase>
  <testcase name="test25" classname="com.google.common.io.Resources_ESTest" time="0.01">
    <failure message="expected:&lt;0&gt; but was:&lt;4580&gt;" type="java.lang.AssertionError"><![CDATA[java.lang.AssertionError: expected:<0> but was:<4580>
	at org.junit.Assert.fail(Assert.java:89)
	at org.junit.Assert.failNotEquals(Assert.java:835)
	at org.junit.Assert.assertEquals(Assert.java:647)
	at org.junit.Assert.assertEquals(Assert.java:633)
	at com.google.common.io.Resources_ESTest.test25(Resources_ESTest.java:379)
	at sun.reflect.NativeMethodAccessorImpl.invoke0(Native Method)
	at sun.reflect.NativeMethodAccessorImpl.invoke(NativeMethodAccessorImpl.java:62)
	at sun.reflect.DelegatingMethodAccessorImpl.invoke(DelegatingMethodAccessorImpl.java:43)
	at java.lang.reflect.Method.invoke(Method.java:498)
	at org.junit.runners.model.FrameworkMethod$1.runReflectiveCall(FrameworkMethod.java:59)
	at org.junit.internal.runners.model.ReflectiveCallable.run(ReflectiveCallable.java:12)
	at org.junit.runners.model.FrameworkMethod.invokeExplosively(FrameworkMethod.java:56)
	at org.junit.internal.runners.statements.InvokeMethod.evaluate(InvokeMethod.java:17)
	at org.junit.internal.runners.statements.FailOnTimeout$CallableStatement.call(FailOnTimeout.java:299)
	at org.junit.internal.runners.statements.FailOnTimeout$CallableStatement.call(FailOnTimeout.java:293)
	at java.util.concurrent.FutureTask.run(FutureTask.java:266)
	at java.lang.Thread.run(Thread.java:750)
]]></failure>
  </testcase>
  <testcase name="test02" classname="com.google.common.io.Resources_ESTest" time="0.006">
    <failure message="expected:&lt;[]&gt; but was:&lt;[AbstractBiMap_ESTest_scaffolding.class&#10;AbstractBiMap_ESTest.class&#10;AbstractMapBasedMultimap_ESTest_scaffolding.class&#10;AbstractMapBasedMultimap_ESTest.class&#10;AbstractMapBasedMultiset_ESTest_scaffolding.class&#10;AbstractMapBasedMultiset_ESTest.class&#10;AbstractMapEntry_ESTest_scaffolding.class&#10;AbstractMapEntry_ESTest.class&#10;AbstractMultimap_ESTest_scaffolding.class&#10;AbstractMultimap_ESTest.class&#10;AbstractTable_ESTest_scaffolding.class&#10;AbstractTable_ESTest.class&#10;ArrayTable_ESTest_scaffolding.class&#10;ArrayTable_ESTest.class&#10;ByFunctionOrdering_ESTest_scaffolding.class&#10;ByFunctionOrdering_ESTest.class&#10;Collections2_ESTest_scaffolding.class&#10;Collections2_ESTest.class&#10;CollectPreconditions_ESTest_scaffolding.class&#10;CollectPreconditions_ESTest.class&#10;CompactHashing_ESTest_scaffolding.class&#10;CompactHashing_ESTest.class&#10;CompactHashMap_ESTest_scaffolding.class&#10;CompactHashMap_ESTest.class&#10;CompactHashSet_ESTest_scaffolding.class&#10;CompactHashSet_ESTest.class&#10;CompactLinkedHashMap_ESTest_scaffolding.class&#10;CompactLinkedHashMap_ESTest.class&#10;CompoundOrdering_ESTest_scaffolding.class&#10;CompoundOrdering_ESTest.class&#10;ConcurrentHashMultiset_ESTest_scaffolding.class&#10;ConcurrentHashMultiset_ESTest.class&#10;Cut_ESTest_scaffolding.class&#10;Cut_ESTest.class&#10;DiscreteDomain_ESTest_scaffolding.class&#10;DiscreteDomain_ESTest.class&#10;EnumMultiset_ESTest_scaffolding.class&#10;EnumMultiset_ESTest.class&#10;ExplicitOrdering_ESTest_scaffolding.class&#10;ExplicitOrdering_ESTest.class&#10;FilteredEntryMultimap_ESTest_scaffolding.class&#10;FilteredEntryMultimap_ESTest.class&#10;FilteredKeyMultimap_ESTest_scaffolding.class&#10;FilteredKeyMultimap_ESTest.class&#10;FilteredKeySetMultimap_ESTest_scaffolding.class&#10;FilteredKeySetMultimap_ESTest.class&#10;ForwardingMap_ESTest_scaffolding.class&#10;ForwardingMap_ESTest.class&#10;ForwardingMapEntry_ESTest_scaffolding.class&#10;ForwardingMapEntry_ESTest.class&#10;ForwardingNavigableMap_ESTest_scaffolding.class&#10;ForwardingNavigableMap_ESTest.class&#10;ForwardingNavigableSet_ESTest_scaffolding.class&#10;ForwardingNavigableSet_ESTest.class&#10;ForwardingSortedMap_ESTest_scaffolding.class&#10;ForwardingSortedMap_ESTest.class&#10;ForwardingSortedMultiset_ESTest_scaffolding.class&#10;ForwardingSortedMultiset_ESTest.class&#10;GeneralRange_ESTest_scaffolding.class&#10;GeneralRange_ESTest.class&#10;HashBiMap_ESTest_scaffolding.class&#10;HashBiMap_ESTest.class&#10;ImmutableListMultimap_ESTest_scaffolding.class&#10;ImmutableListMultimap_ESTest.class&#10;ImmutableMap_ESTest_scaffolding.class&#10;ImmutableMap_ESTest.class&#10;ImmutableMultimap_ESTest_scaffolding.class&#10;ImmutableMultimap_ESTest.class&#10;ImmutableMultiset_ESTest_scaffolding.class&#10;ImmutableMultiset_ESTest.class&#10;ImmutableRangeMap_ESTest_scaffolding.class&#10;ImmutableRangeMap_ESTest.class&#10;ImmutableSetMultimap_ESTest_scaffolding.class&#10;ImmutableSetMultimap_ESTest.class&#10;ImmutableSortedSet_ESTest_scaffolding.class&#10;ImmutableSortedSet_ESTest.class&#10;Iterables_ESTest_scaffolding.class&#10;Iterables_ESTest.class&#10;Iterators_ESTest_scaffolding.class&#10;Iterators_ESTest.class&#10;JdkBackedImmutableBiMap_ESTest_scaffolding.class&#10;JdkBackedImmutableBiMap_ESTest.class&#10;JdkBackedImmutableMap_ESTest_scaffolding.class&#10;JdkBackedImmutableMap_ESTest.class&#10;LexicographicalOrdering_ESTest_scaffolding.class&#10;LexicographicalOrdering_ESTest.class&#10;LinkedListMultimap_ESTest_scaffolding.class&#10;LinkedListMultimap_ESTest.class&#10;MapMakerInternalMap_ESTest_scaffolding.class&#10;MapMakerInternalMap_ESTest.class&#10;Maps_ESTest_scaffolding.class&#10;Maps_ESTest.class&#10;Multimaps_ESTest_scaffolding.class&#10;Multimaps_ESTest.class&#10;Multisets_ESTest_scaffolding.class&#10;Multisets_ESTest.class&#10;MutableClassToInstanceMap_ESTest_scaffolding.class&#10;MutableClassToInstanceMap_ESTest.class&#10;NullsFirstOrdering_ESTest_scaffolding.class&#10;NullsFirstOrdering_ESTest.class&#10;NullsLastOrdering_ESTest_scaffolding.class&#10;NullsLastOrdering_ESTest.class&#10;Ordering_ESTest_scaffolding.class&#10;Ordering_ESTest.class&#10;Range_ESTest_scaffolding.class&#10;Range_ESTest.class&#10;RegularImmutableBiMap_ESTest_scaffolding.class&#10;RegularImmutableBiMap_ESTest.class&#10;RegularImmutableMap_ESTest_scaffolding.class&#10;RegularImmutableMap_ESTest.class&#10;ReverseOrdering_ESTest_scaffolding.class&#10;ReverseOrdering_ESTest.class&#10;Sets_ESTest_scaffolding.class&#10;Sets_ESTest.class&#10;SingletonImmutableList_ESTest_scaffolding.class&#10;SingletonImmutableList_ESTest.class&#10;SingletonImmutableSet_ESTest_scaffolding.class&#10;SingletonImmutableSet_ESTest.class&#10;StandardTable_ESTest_scaffolding.class&#10;StandardTable_ESTest.class&#10;Tables_ESTest_scaffolding.class&#10;Tables_ESTest.class&#10;TreeBasedTable_ESTest_scaffolding.class&#10;TreeBasedTable_ESTest.class&#10;TreeRangeMap_ESTest_scaffolding.class&#10;TreeRangeMap_ESTest.class&#10;TreeRangeSet_ESTest_scaffolding.class&#10;TreeRangeSet_ESTest.class&#10;]&gt;" type="org.junit.ComparisonFailure"><![CDATA[org.junit.ComparisonFailure: 
expected:<[]> but was:<[AbstractBiMap_ESTest_scaffolding.class
AbstractBiMap_ESTest.class
AbstractMapBasedMultimap_ESTest_scaffolding.class
AbstractMapBasedMultimap_ESTest.class
AbstractMapBasedMultiset_ESTest_scaffolding.class
AbstractMapBasedMultiset_ESTest.class
AbstractMapEntry_ESTest_scaffolding.class
AbstractMapEntry_ESTest.class
AbstractMultimap_ESTest_scaffolding.class
AbstractMultimap_ESTest.class
AbstractTable_ESTest_scaffolding.class
AbstractTable_ESTest.class
ArrayTable_ESTest_scaffolding.class
ArrayTable_ESTest.class
ByFunctionOrdering_ESTest_scaffolding.class
ByFunctionOrdering_ESTest.class
Collections2_ESTest_scaffolding.class
Collections2_ESTest.class
CollectPreconditions_ESTest_scaffolding.class
CollectPreconditions_ESTest.class
CompactHashing_ESTest_scaffolding.class
CompactHashing_ESTest.class
CompactHashMap_ESTest_scaffolding.class
CompactHashMap_ESTest.class
CompactHashSet_ESTest_scaffolding.class
CompactHashSet_ESTest.class
CompactLinkedHashMap_ESTest_scaffolding.class
CompactLinkedHashMap_ESTest.class
CompoundOrdering_ESTest_scaffolding.class
CompoundOrdering_ESTest.class
ConcurrentHashMultiset_ESTest_scaffolding.class
ConcurrentHashMultiset_ESTest.class
Cut_ESTest_scaffolding.class
Cut_ESTest.class
DiscreteDomain_ESTest_scaffolding.class
DiscreteDomain_ESTest.class
EnumMultiset_ESTest_scaffolding.class
EnumMultiset_ESTest.class
ExplicitOrdering_ESTest_scaffolding.class
ExplicitOrdering_ESTest.class
FilteredEntryMultimap_ESTest_scaffolding.class
FilteredEntryMultimap_ESTest.class
FilteredKeyMultimap_ESTest_scaffolding.class
FilteredKeyMultimap_ESTest.class
FilteredKeySetMultimap_ESTest_scaffolding.class
FilteredKeySetMultimap_ESTest.class
ForwardingMap_ESTest_scaffolding.class
ForwardingMap_ESTest.class
ForwardingMapEntry_ESTest_scaffolding.class
ForwardingMapEntry_ESTest.class
ForwardingNavigableMap_ESTest_scaffolding.class
ForwardingNavigableMap_ESTest.class
ForwardingNavigableSet_ESTest_scaffolding.class
ForwardingNavigableSet_ESTest.class
ForwardingSortedMap_ESTest_scaffolding.class
ForwardingSortedMap_ESTest.class
ForwardingSortedMultiset_ESTest_scaffolding.class
ForwardingSortedMultiset_ESTest.class
GeneralRange_ESTest_scaffolding.class
GeneralRange_ESTest.class
HashBiMap_ESTest_scaffolding.class
HashBiMap_ESTest.class
ImmutableListMultimap_ESTest_scaffolding.class
ImmutableListMultimap_ESTest.class
ImmutableMap_ESTest_scaffolding.class
ImmutableMap_ESTest.class
ImmutableMultimap_ESTest_scaffolding.class
ImmutableMultimap_ESTest.class
ImmutableMultiset_ESTest_scaffolding.class
ImmutableMultiset_ESTest.class
ImmutableRangeMap_ESTest_scaffolding.class
ImmutableRangeMap_ESTest.class
ImmutableSetMultimap_ESTest_scaffolding.class
ImmutableSetMultimap_ESTest.class
ImmutableSortedSet_ESTest_scaffolding.class
ImmutableSortedSet_ESTest.class
Iterables_ESTest_scaffolding.class
Iterables_ESTest.class
Iterators_ESTest_scaffolding.class
Iterators_ESTest.class
JdkBackedImmutableBiMap_ESTest_scaffolding.class
JdkBackedImmutableBiMap_ESTest.class
JdkBackedImmutableMap_ESTest_scaffolding.class
JdkBackedImmutableMap_ESTest.class
LexicographicalOrdering_ESTest_scaffolding.class
LexicographicalOrdering_ESTest.class
LinkedListMultimap_ESTest_scaffolding.class
LinkedListMultimap_ESTest.class
MapMakerInternalMap_ESTest_scaffolding.class
MapMakerInternalMap_ESTest.class
Maps_ESTest_scaffolding.class
Maps_ESTest.class
Multimaps_ESTest_scaffolding.class
Multimaps_ESTest.class
Multisets_ESTest_scaffolding.class
Multisets_ESTest.class
MutableClassToInstanceMap_ESTest_scaffolding.class
MutableClassToInstanceMap_ESTest.class
NullsFirstOrdering_ESTest_scaffolding.class
NullsFirstOrdering_ESTest.class
NullsLastOrdering_ESTest_scaffolding.class
NullsLastOrdering_ESTest.class
Ordering_ESTest_scaffolding.class
Ordering_ESTest.class
Range_ESTest_scaffolding.class
Range_ESTest.class
RegularImmutableBiMap_ESTest_scaffolding.class
RegularImmutableBiMap_ESTest.class
RegularImmutableMap_ESTest_scaffolding.class
RegularImmutableMap_ESTest.class
ReverseOrdering_ESTest_scaffolding.class
ReverseOrdering_ESTest.class
Sets_ESTest_scaffolding.class
Sets_ESTest.class
SingletonImmutableList_ESTest_scaffolding.class
SingletonImmutableList_ESTest.class
SingletonImmutableSet_ESTest_scaffolding.class
SingletonImmutableSet_ESTest.class
StandardTable_ESTest_scaffolding.class
StandardTable_ESTest.class
Tables_ESTest_scaffolding.class
Tables_ESTest.class
TreeBasedTable_ESTest_scaffolding.class
TreeBasedTable_ESTest.class
TreeRangeMap_ESTest_scaffolding.class
TreeRangeMap_ESTest.class
TreeRangeSet_ESTest_scaffolding.class
TreeRangeSet_ESTest.class
]>
	at org.junit.Assert.assertEquals(Assert.java:117)
	at org.junit.Assert.assertEquals(Assert.java:146)
	at com.google.common.io.Resources_ESTest.test02(Resources_ESTest.java:63)
	at sun.reflect.NativeMethodAccessorImpl.invoke0(Native Method)
	at sun.reflect.NativeMethodAccessorImpl.invoke(NativeMethodAccessorImpl.java:62)
	at sun.reflect.DelegatingMethodAccessorImpl.invoke(DelegatingMethodAccessorImpl.java:43)
	at java.lang.reflect.Method.invoke(Method.java:498)
	at org.junit.runners.model.FrameworkMethod$1.runReflectiveCall(FrameworkMethod.java:59)
	at org.junit.internal.runners.model.ReflectiveCallable.run(ReflectiveCallable.java:12)
	at org.junit.runners.model.FrameworkMethod.invokeExplosively(FrameworkMethod.java:56)
	at org.junit.internal.runners.statements.InvokeMethod.evaluate(InvokeMethod.java:17)
	at org.junit.internal.runners.statements.FailOnTimeout$CallableStatement.call(FailOnTimeout.java:299)
	at org.junit.internal.runners.statements.FailOnTimeout$CallableStatement.call(FailOnTimeout.java:293)
	at java.util.concurrent.FutureTask.run(FutureTask.java:266)
	at java.lang.Thread.run(Thread.java:750)
]]></failure>
  </testcase>
  <testcase name="test24" classname="com.google.common.io.Resources_ESTest" time="0.002"/>
  <testcase name="test05" classname="com.google.common.io.Resources_ESTest" time="0.006">
    <failure type="java.lang.AssertionError"><![CDATA[java.lang.AssertionError
	at org.junit.Assert.fail(Assert.java:87)
	at org.junit.Assert.assertTrue(Assert.java:42)
	at org.junit.Assert.assertTrue(Assert.java:53)
	at com.google.common.io.Resources_ESTest.test05(Resources_ESTest.java:95)
	at sun.reflect.NativeMethodAccessorImpl.invoke0(Native Method)
	at sun.reflect.NativeMethodAccessorImpl.invoke(NativeMethodAccessorImpl.java:62)
	at sun.reflect.DelegatingMethodAccessorImpl.invoke(DelegatingMethodAccessorImpl.java:43)
	at java.lang.reflect.Method.invoke(Method.java:498)
	at org.junit.runners.model.FrameworkMethod$1.runReflectiveCall(FrameworkMethod.java:59)
	at org.junit.internal.runners.model.ReflectiveCallable.run(ReflectiveCallable.java:12)
	at org.junit.runners.model.FrameworkMethod.invokeExplosively(FrameworkMethod.java:56)
	at org.junit.internal.runners.statements.InvokeMethod.evaluate(InvokeMethod.java:17)
	at org.junit.internal.runners.statements.FailOnTimeout$CallableStatement.call(FailOnTimeout.java:299)
	at org.junit.internal.runners.statements.FailOnTimeout$CallableStatement.call(FailOnTimeout.java:293)
	at java.util.concurrent.FutureTask.run(FutureTask.java:266)
	at java.lang.Thread.run(Thread.java:750)
]]></failure>
  </testcase>
  <testcase name="test27" classname="com.google.common.io.Resources_ESTest" time="0.002"/>
  <testcase name="test04" classname="com.google.common.io.Resources_ESTest" time="0.0">
    <skipped message="Mock call to processLine which was not presented when the test was generated"/>
  </testcase>
  <testcase name="test26" classname="com.google.common.io.Resources_ESTest" time="0.002"/>
  <testcase name="test21" classname="com.google.common.io.Resources_ESTest" time="0.003"/>
  <testcase name="test20" classname="com.google.common.io.Resources_ESTest" time="0.002"/>
  <testcase name="test01" classname="com.google.common.io.Resources_ESTest" time="0.005"/>
  <testcase name="test23" classname="com.google.common.io.Resources_ESTest" time="0.003"/>
  <testcase name="test00" classname="com.google.common.io.Resources_ESTest" time="0.009"/>
  <testcase name="test22" classname="com.google.common.io.Resources_ESTest" time="0.003">
    <failure message="Expecting exception: IllegalArgumentException" type="java.lang.AssertionError"><![CDATA[java.lang.AssertionError: Expecting exception: IllegalArgumentException
	at org.junit.Assert.fail(Assert.java:89)
	at com.google.common.io.Resources_ESTest.test22(Resources_ESTest.java:338)
	at sun.reflect.NativeMethodAccessorImpl.invoke0(Native Method)
	at sun.reflect.NativeMethodAccessorImpl.invoke(NativeMethodAccessorImpl.java:62)
	at sun.reflect.DelegatingMethodAccessorImpl.invoke(DelegatingMethodAccessorImpl.java:43)
	at java.lang.reflect.Method.invoke(Method.java:498)
	at org.junit.runners.model.FrameworkMethod$1.runReflectiveCall(FrameworkMethod.java:59)
	at org.junit.internal.runners.model.ReflectiveCallable.run(ReflectiveCallable.java:12)
	at org.junit.runners.model.FrameworkMethod.invokeExplosively(FrameworkMethod.java:56)
	at org.junit.internal.runners.statements.InvokeMethod.evaluate(InvokeMethod.java:17)
	at org.junit.internal.runners.statements.FailOnTimeout$CallableStatement.call(FailOnTimeout.java:299)
	at org.junit.internal.runners.statements.FailOnTimeout$CallableStatement.call(FailOnTimeout.java:293)
	at java.util.concurrent.FutureTask.run(FutureTask.java:266)
	at java.lang.Thread.run(Thread.java:750)
]]></failure>
  </testcase>
</testsuite>