JUnit version 4.13.2
............................................E......
Time: 0.617
There was 1 failure:
1) test20(org.apache.logging.log4j.spi.DefaultThreadContextStack_ESTest)
java.lang.AssertionError: Exception was not thrown in org.apache.logging.log4j.spi.MutableThreadContextStack but in org.apache.logging.log4j.spi.DefaultThreadContextStack.formatTo(DefaultThreadContextStack.java:289): java.lang.NullPointerException
	at org.evosuite.runtime.EvoAssertions.assertThrownBy(EvoAssertions.java:111)
	at org.evosuite.runtime.EvoAssertions.verifyException(EvoAssertions.java:48)
	at org.apache.logging.log4j.spi.DefaultThreadContextStack_ESTest.test20(DefaultThreadContextStack_ESTest.java:253)

FAILURES!!!
Tests run: 50,  Failures: 1

