<?xml version="1.0" encoding="UTF-8"?>
<testsuite xmlns:xsi="http://www.w3.org/2001/XMLSchema-instance" xsi:noNamespaceSchemaLocation="https://maven.apache.org/surefire/maven-surefire-plugin/xsd/surefire-test-report-3.0.xsd" version="3.0" name="com.google.common.jimfs.PathURLConnection_ESTest" time="0.659" tests="23" errors="1" skipped="4" failures="0">
  <properties>
[...]
</properties>
  <testcase name="test03" classname="com.google.common.jimfs.PathURLConnection_ESTest" time="0.259"/>
  <testcase name="test14" classname="com.google.common.jimfs.PathURLConnection_ESTest" time="0.0">
    <skipped message="Mock call to toExternalForm which was not presented when the test was generated"/>
  </testcase>
  <testcase name="test02" classname="com.google.common.jimfs.PathURLConnection_ESTest" time="0.011"/>
  <testcase name="test13" classname="com.google.common.jimfs.PathURLConnection_ESTest" time="0.006"/>
  <testcase name="test05" classname="com.google.common.jimfs.PathURLConnection_ESTest" time="0.005"/>
  <testcase name="test16" classname="com.google.common.jimfs.PathURLConnection_ESTest" time="0.005"/>
  <testcase name="test04" classname="com.google.common.jimfs.PathURLConnection_ESTest" time="0.0">
    <skipped message="Mock call to toExternalForm which was not presented when the test was generated"/>
  </testcase>
  <testcase name="test15" classname="com.google.common.jimfs.PathURLConnection_ESTest" time="0.005"/>
  <testcase name="test10" classname="com.google.common.jimfs.PathURLConnection_ESTest" time="0.004"/>
  <testcase name="test21" classname="com.google.common.jimfs.PathURLConnection_ESTest" time="0.01">
    <error type="java.lang.ExceptionInInitializerError"><![CDATA[java.lang.ExceptionInInitializerError
	at java.nio.file.Files.probeContentType(Files.java:1617)
	at com.google.common.jimfs.PathURLConnection.connect(PathURLConnection.java:97)
	at com.google.common.jimfs.PathURLConnection.getInputStream(PathURLConnection.java:121)
	at com.google.common.jimfs.PathURLConnection_ESTest.test21(PathURLConnection_ESTest.java:365)
	at sun.reflect.NativeMethodAccessorImpl.invoke0(Native Method)
	at sun.reflect.NativeMethodAccessorImpl.invoke(NativeMethodAccessorImpl.java:62)
	at sun.reflect.DelegatingMethodAccessorImpl.invoke(DelegatingMethodAccessorImpl.java:43)
	at java.lang.reflect.Method.invoke(Method.java:498)
	at org.junit.runners.model.FrameworkMethod$1.runReflectiveCall(FrameworkMethod.java:59)
	at org.junit.internal.runners.model.ReflectiveCallable.run(ReflectiveCallable.java:12)
	at org.junit.runners.model.FrameworkMethod.invokeExplosively(FrameworkMethod.java:56)
	at org.junit.internal.runners.statements.InvokeMethod.evaluate(InvokeMethod.java:17)
	at org.junit.internal.runners.statements.FailOnTimeout$CallableStatement.call(FailOnTimeout.java:288)
	at org.junit.internal.runners.statements.FailOnTimeout$CallableStatement.call(FailOnTimeout.java:282)
	at java.util.concurrent.FutureTask.run(FutureTask.java:266)
	at java.lang.Thread.run(Thread.java:750)
Caused by: java.lang.SecurityException: Security manager blocks ("java.lang.RuntimePermission" "fileTypeDetector")
java.lang.Thread.getStackTrace(Thread.java:1564)
org.evosuite.runtime.sandbox.MSecurityManager.checkPermission(MSecurityManager.java:424)
java.nio.file.spi.FileTypeDetector.checkPermission(FileTypeDetector.java:55)
java.nio.file.spi.FileTypeDetector.<init>(FileTypeDetector.java:68)
sun.nio.fs.AbstractFileTypeDetector.<init>(AbstractFileTypeDetector.java:41)
sun.nio.fs.GnomeFileTypeDetector.<init>(GnomeFileTypeDetector.java:50)
sun.nio.fs.LinuxFileSystemProvider.getFileTypeDetector(LinuxFileSystemProvider.java:109)
sun.nio.fs.DefaultFileTypeDetector.create(DefaultFileTypeDetector.java:37)
java.nio.file.Files$FileTypeDetectors$1.run(Files.java:1546)
java.nio.file.Files$FileTypeDetectors$1.run(Files.java:1544)
java.security.AccessController.doPrivileged(Native Method)
java.nio.file.Files$FileTypeDetectors.createDefaultFileTypeDetector(Files.java:1544)
java.nio.file.Files$FileTypeDetectors.<clinit>(Files.java:1537)
java.nio.file.Files.probeContentType(Files.java:1617)
com.google.common.jimfs.PathURLConnection.connect(PathURLConnection.java:97)
com.google.common.jimfs.PathURLConnection.getInputStream(PathURLConnection.java:121)
com.google.common.jimfs.PathURLConnection_ESTest.test21(PathURLConnection_ESTest.java:365)
sun.reflect.NativeMethodAccessorImpl.invoke0(Native Method)
sun.reflect.NativeMethodAccessorImpl.invoke(NativeMethodAccessorImpl.java:62)
sun.reflect.DelegatingMethodAccessorImpl.invoke(DelegatingMethodAccessorImpl.java:43)
java.lang.reflect.Method.invoke(Method.java:498)
org.junit.runners.model.FrameworkMethod$1.runReflectiveCall(FrameworkMethod.java:59)
org.junit.internal.runners.model.ReflectiveCallable.run(ReflectiveCallable.java:12)
org.junit.runners.model.FrameworkMethod.invokeExplosively(FrameworkMethod.java:56)
org.junit.internal.runners.statements.InvokeMethod.evaluate(InvokeMethod.java:17)
org.junit.internal.runners.statements.FailOnTimeout$CallableStatement.call(FailOnTimeout.java:288)
org.junit.internal.runners.statements.FailOnTimeout$CallableStatement.call(FailOnTimeout.java:282)
java.util.concurrent.FutureTask.run(FutureTask.java:266)
java.lang.Thread.run(Thread.java:750)

	at org.evosuite.runtime.sandbox.MSecurityManager.checkPermission(MSecurityManager.java:436)
	at java.nio.file.spi.FileTypeDetector.checkPermission(FileTypeDetector.java:55)
	at java.nio.file.spi.FileTypeDetector.<init>(FileTypeDetector.java:68)
	at sun.nio.fs.AbstractFileTypeDetector.<init>(AbstractFileTypeDetector.java:41)
	at sun.nio.fs.GnomeFileTypeDetector.<init>(GnomeFileTypeDetector.java:50)
	at sun.nio.fs.LinuxFileSystemProvider.getFileTypeDetector(LinuxFileSystemProvider.java:109)
	at sun.nio.fs.DefaultFileTypeDetector.create(DefaultFileTypeDetector.java:37)
	at java.nio.file.Files$FileTypeDetectors$1.run(Files.java:1546)
	at java.nio.file.Files$FileTypeDetectors$1.run(Files.java:1544)
	at java.security.AccessController.doPrivileged(Native Method)
	at java.nio.file.Files$FileTypeDetectors.createDefaultFileTypeDetector(Files.java:1544)
	at java.nio.file.Files$FileTypeDetectors.<clinit>(Files.java:1537)
	... 16 more
]]></error>
  </testcase>
  <testcase name="test20" classname="com.google.common.jimfs.PathURLConnection_ESTest" time="0.006"/>
  <testcase name="test01" classname="com.google.common.jimfs.PathURLConnection_ESTest" time="0.007"/>
  <testcase name="test12" classname="com.google.common.jimfs.PathURLConnection_ESTest" time="0.006"/>
  <testcase name="test00" classname="com.google.common.jimfs.PathURLConnection_ESTest" time="0.007"/>
  <testcase name="test11" classname="com.google.common.jimfs.PathURLConnection_ESTest" time="0.0">
    <skipped message="Mock call to toExternalForm which was not presented when the test was generated"/>
  </testcase>
  <testcase name="test22" classname="com.google.common.jimfs.PathURLConnection_ESTest" time="0.024"/>
  <testcase name="test07" classname="com.google.common.jimfs.PathURLConnection_ESTest" time="0.006"/>
  <testcase name="test18" classname="com.google.common.jimfs.PathURLConnection_ESTest" time="0.01"/>
  <testcase name="test06" classname="com.google.common.jimfs.PathURLConnection_ESTest" time="0.006"/>
  <testcase name="test17" classname="com.google.common.jimfs.PathURLConnection_ESTest" time="0.006"/>
  <testcase name="test09" classname="com.google.common.jimfs.PathURLConnection_ESTest" time="0.005"/>
  <testcase name="test08" classname="com.google.common.jimfs.PathURLConnection_ESTest" time="0.0">
    <skipped message="Mock call to toExternalForm which was not presented when the test was generated"/>
  </testcase>
  <testcase name="test19" classname="com.google.common.jimfs.PathURLConnection_ESTest" time="0.006"/>
</testsuite>