<?xml version="1.0" encoding="UTF-8"?>
<testsuite xmlns:xsi="http://www.w3.org/2001/XMLSchema-instance" xsi:noNamespaceSchemaLocation="https://maven.apache.org/surefire/maven-surefire-plugin/xsd/surefire-test-report-3.0.xsd" version="3.0" name="com.google.common.jimfs.PathURLConnection_ESTest" time="0.659" tests="23" errors="1" skipped="4" failures="0">
  <properties>
    <property name="awt.toolkit" value="sun.awt.X11.XToolkit"/>
    <property name="file.encoding.pkg" value="sun.io"/>
    <property name="java.specification.version" value="1.8"/>
    <property name="sun.cpu.isalist" value=""/>
    <property name="sun.jnu.encoding" value="UTF-8"/>
    <property name="java.class.path" value="/home/wtwhite/code/regression-test-generation/find-diff-classes/compile/mvnc/com/google/jimfs/jimfs/1.2/target/test-classes:/home/wtwhite/code/regression-test-generation/find-diff-classes/compile/mvnc/com/google/jimfs/jimfs/1.2/target/classes:/home/wtwhite/code/craw-redhat-oss/wget/crawl/repo1.maven.org/maven2/com/google/jimfs/jimfs/1.2/jimfs-1.2.jar:/home/wtwhite/code/regression-test-generation/find-diff-classes/compile/mvnc/com/google/jimfs/jimfs/1.2/t/dependency/asm-9.0.jar:/home/wtwhite/code/regression-test-generation/find-diff-classes/compile/mvnc/com/google/jimfs/jimfs/1.2/t/dependency/auto-service-annotations-1.0-rc7.jar:/home/wtwhite/code/regression-test-generation/find-diff-classes/compile/mvnc/com/google/jimfs/jimfs/1.2/t/dependency/auto-value-annotations-1.7.4.jar:/home/wtwhite/code/regression-test-generation/find-diff-classes/compile/mvnc/com/google/jimfs/jimfs/1.2/t/dependency/checker-compat-qual-2.5.5.jar:/home/wtwhite/code/regression-test-generation/find-diff-classes/compile/mvnc/com/google/jimfs/jimfs/1.2/t/dependency/checker-qual-3.7.0.jar:/home/wtwhite/code/regression-test-generation/find-diff-classes/compile/mvnc/com/google/jimfs/jimfs/1.2/t/dependency/error_prone_annotations-2.3.4.jar:/home/wtwhite/code/regression-test-generation/find-diff-classes/compile/mvnc/com/google/jimfs/jimfs/1.2/t/dependency/failureaccess-1.0.1.jar:/home/wtwhite/code/regression-test-generation/find-diff-classes/compile/mvnc/com/google/jimfs/jimfs/1.2/t/dependency/guava-30.1-android.jar:/home/wtwhite/code/regression-test-generation/find-diff-classes/compile/mvnc/com/google/jimfs/jimfs/1.2/t/dependency/guava-testlib-30.1-android.jar:/home/wtwhite/code/regression-test-generation/find-diff-classes/compile/mvnc/com/google/jimfs/jimfs/1.2/t/dependency/hamcrest-core-1.3.jar:/home/wtwhite/code/regression-test-generation/find-diff-classes/compile/mvnc/com/google/jimfs/jimfs/1.2/t/dependency/icu4j-68.2.jar:/home/wtwhite/code/regression-test-generation/find-diff-classes/compile/mvnc/com/google/jimfs/jimfs/1.2/t/dependency/j2objc-annotations-1.3.jar:/home/wtwhite/code/regression-test-generation/find-diff-classes/compile/mvnc/com/google/jimfs/jimfs/1.2/t/dependency/jsr305-3.0.2.jar:/home/wtwhite/code/regression-test-generation/find-diff-classes/compile/mvnc/com/google/jimfs/jimfs/1.2/t/dependency/junit-4.13.1.jar:/home/wtwhite/code/regression-test-generation/find-diff-classes/compile/mvnc/com/google/jimfs/jimfs/1.2/t/dependency/listenablefuture-9999.0-empty-to-avoid-conflict-with-guava.jar:/home/wtwhite/code/regression-test-generation/find-diff-classes/compile/mvnc/com/google/jimfs/jimfs/1.2/t/dependency/truth-1.1.jar:/home/wtwhite/code/regression-test-generation/evosuite/evosuite-standalone-runtime-1.2.0.jar:/home/wtwhite/.m2/repository/junit/junit/4.13.2/junit-4.13.2.jar:/home/wtwhite/.m2/repository/org/hamcrest/hamcrest-core/1.3/hamcrest-core-1.3.jar:"/>
    <property name="java.vm.vendor" value="Private Build"/>
    <property name="sun.arch.data.model" value="64"/>
    <property name="java.vendor.url" value="http://java.oracle.com/"/>
    <property name="user.timezone" value=""/>
    <property name="java.vm.specification.version" value="1.8"/>
    <property name="os.name" value="Linux"/>
    <property name="RUNDIR" value="/home/wtwhite/code/regression-test-generation/find-diff-classes/run-mvn"/>
    <property name="user.country" value="NZ"/>
    <property name="sun.java.launcher" value="SUN_STANDARD"/>
    <property name="sun.boot.library.path" value="/usr/lib/jvm/java-8-openjdk-amd64/jre/lib/amd64"/>
    <property name="sun.java.command" value="/home/wtwhite/code/regression-test-generation/find-diff-classes/compile/mvnc/com/google/jimfs/jimfs/1.2/target/surefire/surefirebooter-20241106133233785_3.jar /home/wtwhite/code/regression-test-generation/find-diff-classes/compile/mvnc/com/google/jimfs/jimfs/1.2/target/surefire 2024-11-06T13-32-33_526-jvmRun1 surefire-20241106133233785_1tmp surefire_0-20241106133233785_2tmp"/>
    <property name="surefire.test.class.path" value="/home/wtwhite/code/regression-test-generation/find-diff-classes/compile/mvnc/com/google/jimfs/jimfs/1.2/target/test-classes:/home/wtwhite/code/regression-test-generation/find-diff-classes/compile/mvnc/com/google/jimfs/jimfs/1.2/target/classes:/home/wtwhite/code/craw-redhat-oss/wget/crawl/repo1.maven.org/maven2/com/google/jimfs/jimfs/1.2/jimfs-1.2.jar:/home/wtwhite/code/regression-test-generation/find-diff-classes/compile/mvnc/com/google/jimfs/jimfs/1.2/t/dependency/asm-9.0.jar:/home/wtwhite/code/regression-test-generation/find-diff-classes/compile/mvnc/com/google/jimfs/jimfs/1.2/t/dependency/auto-service-annotations-1.0-rc7.jar:/home/wtwhite/code/regression-test-generation/find-diff-classes/compile/mvnc/com/google/jimfs/jimfs/1.2/t/dependency/auto-value-annotations-1.7.4.jar:/home/wtwhite/code/regression-test-generation/find-diff-classes/compile/mvnc/com/google/jimfs/jimfs/1.2/t/dependency/checker-compat-qual-2.5.5.jar:/home/wtwhite/code/regression-test-generation/find-diff-classes/compile/mvnc/com/google/jimfs/jimfs/1.2/t/dependency/checker-qual-3.7.0.jar:/home/wtwhite/code/regression-test-generation/find-diff-classes/compile/mvnc/com/google/jimfs/jimfs/1.2/t/dependency/error_prone_annotations-2.3.4.jar:/home/wtwhite/code/regression-test-generation/find-diff-classes/compile/mvnc/com/google/jimfs/jimfs/1.2/t/dependency/failureaccess-1.0.1.jar:/home/wtwhite/code/regression-test-generation/find-diff-classes/compile/mvnc/com/google/jimfs/jimfs/1.2/t/dependency/guava-30.1-android.jar:/home/wtwhite/code/regression-test-generation/find-diff-classes/compile/mvnc/com/google/jimfs/jimfs/1.2/t/dependency/guava-testlib-30.1-android.jar:/home/wtwhite/code/regression-test-generation/find-diff-classes/compile/mvnc/com/google/jimfs/jimfs/1.2/t/dependency/hamcrest-core-1.3.jar:/home/wtwhite/code/regression-test-generation/find-diff-classes/compile/mvnc/com/google/jimfs/jimfs/1.2/t/dependency/icu4j-68.2.jar:/home/wtwhite/code/regression-test-generation/find-diff-classes/compile/mvnc/com/google/jimfs/jimfs/1.2/t/dependency/j2objc-annotations-1.3.jar:/home/wtwhite/code/regression-test-generation/find-diff-classes/compile/mvnc/com/google/jimfs/jimfs/1.2/t/dependency/jsr305-3.0.2.jar:/home/wtwhite/code/regression-test-generation/find-diff-classes/compile/mvnc/com/google/jimfs/jimfs/1.2/t/dependency/junit-4.13.1.jar:/home/wtwhite/code/regression-test-generation/find-diff-classes/compile/mvnc/com/google/jimfs/jimfs/1.2/t/dependency/listenablefuture-9999.0-empty-to-avoid-conflict-with-guava.jar:/home/wtwhite/code/regression-test-generation/find-diff-classes/compile/mvnc/com/google/jimfs/jimfs/1.2/t/dependency/truth-1.1.jar:/home/wtwhite/code/regression-test-generation/evosuite/evosuite-standalone-runtime-1.2.0.jar:/home/wtwhite/.m2/repository/junit/junit/4.13.2/junit-4.13.2.jar:/home/wtwhite/.m2/repository/org/hamcrest/hamcrest-core/1.3/hamcrest-core-1.3.jar:"/>
    <property name="sun.cpu.endian" value="little"/>
    <property name="user.home" value="/home/wtwhite"/>
    <property name="user.language" value="en"/>
    <property name="java.specification.vendor" value="Oracle Corporation"/>
    <property name="java.home" value="/usr/lib/jvm/java-8-openjdk-amd64/jre"/>
    <property name="basedir" value="/home/wtwhite/code/regression-test-generation/find-diff-classes/compile/mvnc/com/google/jimfs/jimfs/1.2"/>
    <property name="file.separator" value="/"/>
    <property name="line.separator" value="&#10;"/>
    <property name="java.vm.specification.vendor" value="Oracle Corporation"/>
    <property name="java.specification.name" value="Java Platform API Specification"/>
    <property name="java.awt.graphicsenv" value="sun.awt.X11GraphicsEnvironment"/>
    <property name="surefire.real.class.path" value="/home/wtwhite/code/regression-test-generation/find-diff-classes/compile/mvnc/com/google/jimfs/jimfs/1.2/target/surefire/surefirebooter-20241106133233785_3.jar"/>
    <property name="sun.boot.class.path" value="/usr/lib/jvm/java-8-openjdk-amd64/jre/lib/resources.jar:/usr/lib/jvm/java-8-openjdk-amd64/jre/lib/rt.jar:/usr/lib/jvm/java-8-openjdk-amd64/jre/lib/sunrsasign.jar:/usr/lib/jvm/java-8-openjdk-amd64/jre/lib/jsse.jar:/usr/lib/jvm/java-8-openjdk-amd64/jre/lib/jce.jar:/usr/lib/jvm/java-8-openjdk-amd64/jre/lib/charsets.jar:/usr/lib/jvm/java-8-openjdk-amd64/jre/lib/jfr.jar:/usr/lib/jvm/java-8-openjdk-amd64/jre/classes"/>
    <property name="sun.management.compiler" value="HotSpot 64-Bit Tiered Compilers"/>
    <property name="java.runtime.version" value="1.8.0_382-8u382-ga-1~22.04.1-b05"/>
    <property name="user.name" value="wtwhite"/>
    <property name="path.separator" value=":"/>
    <property name="os.version" value="5.15.0-87-generic"/>
    <property name="java.endorsed.dirs" value="/usr/lib/jvm/java-8-openjdk-amd64/jre/lib/endorsed"/>
    <property name="java.runtime.name" value="OpenJDK Runtime Environment"/>
    <property name="file.encoding" value="UTF-8"/>
    <property name="java.vm.name" value="OpenJDK 64-Bit Server VM"/>
    <property name="localRepository" value="/home/wtwhite/.m2/repository"/>
    <property name="java.vendor.url.bug" value="http://bugreport.sun.com/bugreport/"/>
    <property name="java.io.tmpdir" value="/tmp"/>
    <property name="java.version" value="1.8.0_382"/>
    <property name="user.dir" value="/home/wtwhite/code/regression-test-generation/find-diff-classes/compile/mvnc/com/google/jimfs/jimfs/1.2"/>
    <property name="os.arch" value="amd64"/>
    <property name="java.vm.specification.name" value="Java Virtual Machine Specification"/>
    <property name="java.awt.printerjob" value="sun.print.PSPrinterJob"/>
    <property name="sun.os.patch.level" value="unknown"/>
    <property name="java.library.path" value="/usr/java/packages/lib/amd64:/usr/lib/x86_64-linux-gnu/jni:/lib/x86_64-linux-gnu:/usr/lib/x86_64-linux-gnu:/usr/lib/jni:/lib:/usr/lib"/>
    <property name="java.vm.info" value="mixed mode"/>
    <property name="java.vendor" value="Private Build"/>
    <property name="java.vm.version" value="25.382-b05"/>
    <property name="java.specification.maintenance.version" value="5"/>
    <property name="java.ext.dirs" value="/usr/lib/jvm/java-8-openjdk-amd64/jre/lib/ext:/usr/java/packages/lib/ext"/>
    <property name="sun.io.unicode.encoding" value="UnicodeLittle"/>
    <property name="java.class.version" value="52.0"/>
  </properties>
  <testcase name="test03" classname="com.google.common.jimfs.PathURLConnection_ESTest" time="0.259"/>
  <testcase name="test14" classname="com.google.common.jimfs.PathURLConnection_ESTest" time="0.0">
    <skipped message="Mock call to toExternalForm which was not presented when the test was generated"/>
  </testcase>
  <testcase name="test02" classname="com.google.common.jimfs.PathURLConnection_ESTest" time="0.011"/>
  <testcase name="test13" classname="com.google.common.jimfs.PathURLConnection_ESTest" time="0.006"/>
  <testcase name="test05" classname="com.google.common.jimfs.PathURLConnection_ESTest" time="0.005"/>
  <testcase name="test16" classname="com.google.common.jimfs.PathURLConnection_ESTest" time="0.005"/>
  <testcase name="test04" classname="com.google.common.jimfs.PathURLConnection_ESTest" time="0.0">
    <skipped message="Mock call to toExternalForm which was not presented when the test was generated"/>
  </testcase>
  <testcase name="test15" classname="com.google.common.jimfs.PathURLConnection_ESTest" time="0.005"/>
  <testcase name="test10" classname="com.google.common.jimfs.PathURLConnection_ESTest" time="0.004"/>
  <testcase name="test21" classname="com.google.common.jimfs.PathURLConnection_ESTest" time="0.01">
    <error type="java.lang.ExceptionInInitializerError"><![CDATA[java.lang.ExceptionInInitializerError
	at java.nio.file.Files.probeContentType(Files.java:1617)
	at com.google.common.jimfs.PathURLConnection.connect(PathURLConnection.java:97)
	at com.google.common.jimfs.PathURLConnection.getInputStream(PathURLConnection.java:121)
	at com.google.common.jimfs.PathURLConnection_ESTest.test21(PathURLConnection_ESTest.java:365)
	at sun.reflect.NativeMethodAccessorImpl.invoke0(Native Method)
	at sun.reflect.NativeMethodAccessorImpl.invoke(NativeMethodAccessorImpl.java:62)
	at sun.reflect.DelegatingMethodAccessorImpl.invoke(DelegatingMethodAccessorImpl.java:43)
	at java.lang.reflect.Method.invoke(Method.java:498)
	at org.junit.runners.model.FrameworkMethod$1.runReflectiveCall(FrameworkMethod.java:59)
	at org.junit.internal.runners.model.ReflectiveCallable.run(ReflectiveCallable.java:12)
	at org.junit.runners.model.FrameworkMethod.invokeExplosively(FrameworkMethod.java:56)
	at org.junit.internal.runners.statements.InvokeMethod.evaluate(InvokeMethod.java:17)
	at org.junit.internal.runners.statements.FailOnTimeout$CallableStatement.call(FailOnTimeout.java:288)
	at org.junit.internal.runners.statements.FailOnTimeout$CallableStatement.call(FailOnTimeout.java:282)
	at java.util.concurrent.FutureTask.run(FutureTask.java:266)
	at java.lang.Thread.run(Thread.java:750)
Caused by: java.lang.SecurityException: Security manager blocks ("java.lang.RuntimePermission" "fileTypeDetector")
java.lang.Thread.getStackTrace(Thread.java:1564)
org.evosuite.runtime.sandbox.MSecurityManager.checkPermission(MSecurityManager.java:424)
java.nio.file.spi.FileTypeDetector.checkPermission(FileTypeDetector.java:55)
java.nio.file.spi.FileTypeDetector.<init>(FileTypeDetector.java:68)
sun.nio.fs.AbstractFileTypeDetector.<init>(AbstractFileTypeDetector.java:41)
sun.nio.fs.GnomeFileTypeDetector.<init>(GnomeFileTypeDetector.java:50)
sun.nio.fs.LinuxFileSystemProvider.getFileTypeDetector(LinuxFileSystemProvider.java:109)
sun.nio.fs.DefaultFileTypeDetector.create(DefaultFileTypeDetector.java:37)
java.nio.file.Files$FileTypeDetectors$1.run(Files.java:1546)
java.nio.file.Files$FileTypeDetectors$1.run(Files.java:1544)
java.security.AccessController.doPrivileged(Native Method)
java.nio.file.Files$FileTypeDetectors.createDefaultFileTypeDetector(Files.java:1544)
java.nio.file.Files$FileTypeDetectors.<clinit>(Files.java:1537)
java.nio.file.Files.probeContentType(Files.java:1617)
com.google.common.jimfs.PathURLConnection.connect(PathURLConnection.java:97)
com.google.common.jimfs.PathURLConnection.getInputStream(PathURLConnection.java:121)
com.google.common.jimfs.PathURLConnection_ESTest.test21(PathURLConnection_ESTest.java:365)
sun.reflect.NativeMethodAccessorImpl.invoke0(Native Method)
sun.reflect.NativeMethodAccessorImpl.invoke(NativeMethodAccessorImpl.java:62)
sun.reflect.DelegatingMethodAccessorImpl.invoke(DelegatingMethodAccessorImpl.java:43)
java.lang.reflect.Method.invoke(Method.java:498)
org.junit.runners.model.FrameworkMethod$1.runReflectiveCall(FrameworkMethod.java:59)
org.junit.internal.runners.model.ReflectiveCallable.run(ReflectiveCallable.java:12)
org.junit.runners.model.FrameworkMethod.invokeExplosively(FrameworkMethod.java:56)
org.junit.internal.runners.statements.InvokeMethod.evaluate(InvokeMethod.java:17)
org.junit.internal.runners.statements.FailOnTimeout$CallableStatement.call(FailOnTimeout.java:288)
org.junit.internal.runners.statements.FailOnTimeout$CallableStatement.call(FailOnTimeout.java:282)
java.util.concurrent.FutureTask.run(FutureTask.java:266)
java.lang.Thread.run(Thread.java:750)

	at org.evosuite.runtime.sandbox.MSecurityManager.checkPermission(MSecurityManager.java:436)
	at java.nio.file.spi.FileTypeDetector.checkPermission(FileTypeDetector.java:55)
	at java.nio.file.spi.FileTypeDetector.<init>(FileTypeDetector.java:68)
	at sun.nio.fs.AbstractFileTypeDetector.<init>(AbstractFileTypeDetector.java:41)
	at sun.nio.fs.GnomeFileTypeDetector.<init>(GnomeFileTypeDetector.java:50)
	at sun.nio.fs.LinuxFileSystemProvider.getFileTypeDetector(LinuxFileSystemProvider.java:109)
	at sun.nio.fs.DefaultFileTypeDetector.create(DefaultFileTypeDetector.java:37)
	at java.nio.file.Files$FileTypeDetectors$1.run(Files.java:1546)
	at java.nio.file.Files$FileTypeDetectors$1.run(Files.java:1544)
	at java.security.AccessController.doPrivileged(Native Method)
	at java.nio.file.Files$FileTypeDetectors.createDefaultFileTypeDetector(Files.java:1544)
	at java.nio.file.Files$FileTypeDetectors.<clinit>(Files.java:1537)
	... 16 more
]]></error>
  </testcase>
  <testcase name="test20" classname="com.google.common.jimfs.PathURLConnection_ESTest" time="0.006"/>
  <testcase name="test01" classname="com.google.common.jimfs.PathURLConnection_ESTest" time="0.007"/>
  <testcase name="test12" classname="com.google.common.jimfs.PathURLConnection_ESTest" time="0.006"/>
  <testcase name="test00" classname="com.google.common.jimfs.PathURLConnection_ESTest" time="0.007"/>
  <testcase name="test11" classname="com.google.common.jimfs.PathURLConnection_ESTest" time="0.0">
    <skipped message="Mock call to toExternalForm which was not presented when the test was generated"/>
  </testcase>
  <testcase name="test22" classname="com.google.common.jimfs.PathURLConnection_ESTest" time="0.024"/>
  <testcase name="test07" classname="com.google.common.jimfs.PathURLConnection_ESTest" time="0.006"/>
  <testcase name="test18" classname="com.google.common.jimfs.PathURLConnection_ESTest" time="0.01"/>
  <testcase name="test06" classname="com.google.common.jimfs.PathURLConnection_ESTest" time="0.006"/>
  <testcase name="test17" classname="com.google.common.jimfs.PathURLConnection_ESTest" time="0.006"/>
  <testcase name="test09" classname="com.google.common.jimfs.PathURLConnection_ESTest" time="0.005"/>
  <testcase name="test08" classname="com.google.common.jimfs.PathURLConnection_ESTest" time="0.0">
    <skipped message="Mock call to toExternalForm which was not presented when the test was generated"/>
  </testcase>
  <testcase name="test19" classname="com.google.common.jimfs.PathURLConnection_ESTest" time="0.006"/>
</testsuite>